2021-08-21 22:48:13.742203: I tensorflow/stream_executor/platform/default/dso_loader.cc:49] Successfully opened dynamic library libcudart.so.11.0
2021-08-21 22:49:33.865027: I tensorflow/compiler/jit/xla_cpu_device.cc:41] Not creating XLA devices, tf_xla_enable_xla_devices not set
2021-08-21 22:49:34.355933: I tensorflow/stream_executor/platform/default/dso_loader.cc:49] Successfully opened dynamic library libcuda.so.1
2021-08-21 22:49:34.407010: I tensorflow/core/common_runtime/gpu/gpu_device.cc:1720] Found device 0 with properties: 
pciBusID: 0000:04:00.0 name: Tesla P100-PCIE-12GB computeCapability: 6.0
coreClock: 1.3285GHz coreCount: 56 deviceMemorySize: 11.91GiB deviceMemoryBandwidth: 511.41GiB/s
2021-08-21 22:49:34.409294: I tensorflow/stream_executor/platform/default/dso_loader.cc:49] Successfully opened dynamic library libcudart.so.11.0
2021-08-21 22:49:34.423408: I tensorflow/stream_executor/platform/default/dso_loader.cc:49] Successfully opened dynamic library libcublas.so.11
2021-08-21 22:49:34.423573: I tensorflow/stream_executor/platform/default/dso_loader.cc:49] Successfully opened dynamic library libcublasLt.so.11
2021-08-21 22:49:34.432023: I tensorflow/stream_executor/platform/default/dso_loader.cc:49] Successfully opened dynamic library libcufft.so.10
2021-08-21 22:49:34.434798: I tensorflow/stream_executor/platform/default/dso_loader.cc:49] Successfully opened dynamic library libcurand.so.10
2021-08-21 22:49:34.442701: I tensorflow/stream_executor/platform/default/dso_loader.cc:49] Successfully opened dynamic library libcusolver.so.10
2021-08-21 22:49:34.445347: I tensorflow/stream_executor/platform/default/dso_loader.cc:49] Successfully opened dynamic library libcusparse.so.11
2021-08-21 22:49:34.448087: I tensorflow/stream_executor/platform/default/dso_loader.cc:49] Successfully opened dynamic library libcudnn.so.8
2021-08-21 22:49:34.454008: I tensorflow/core/common_runtime/gpu/gpu_device.cc:1862] Adding visible gpu devices: 0
2021-08-21 22:49:34.487110: I tensorflow/core/platform/cpu_feature_guard.cc:142] This TensorFlow binary is optimized with oneAPI Deep Neural Network Library (oneDNN) to use the following CPU instructions in performance-critical operations:  AVX2 FMA
To enable them in other operations, rebuild TensorFlow with the appropriate compiler flags.
2021-08-21 22:49:34.494448: I tensorflow/compiler/jit/xla_gpu_device.cc:99] Not creating XLA devices, tf_xla_enable_xla_devices not set
2021-08-21 22:49:34.496083: I tensorflow/core/common_runtime/gpu/gpu_device.cc:1720] Found device 0 with properties: 
pciBusID: 0000:04:00.0 name: Tesla P100-PCIE-12GB computeCapability: 6.0
coreClock: 1.3285GHz coreCount: 56 deviceMemorySize: 11.91GiB deviceMemoryBandwidth: 511.41GiB/s
2021-08-21 22:49:34.496216: I tensorflow/stream_executor/platform/default/dso_loader.cc:49] Successfully opened dynamic library libcudart.so.11.0
2021-08-21 22:49:34.496336: I tensorflow/stream_executor/platform/default/dso_loader.cc:49] Successfully opened dynamic library libcublas.so.11
2021-08-21 22:49:34.496447: I tensorflow/stream_executor/platform/default/dso_loader.cc:49] Successfully opened dynamic library libcublasLt.so.11
2021-08-21 22:49:34.496512: I tensorflow/stream_executor/platform/default/dso_loader.cc:49] Successfully opened dynamic library libcufft.so.10
2021-08-21 22:49:34.496615: I tensorflow/stream_executor/platform/default/dso_loader.cc:49] Successfully opened dynamic library libcurand.so.10
2021-08-21 22:49:34.496702: I tensorflow/stream_executor/platform/default/dso_loader.cc:49] Successfully opened dynamic library libcusolver.so.10
2021-08-21 22:49:34.496763: I tensorflow/stream_executor/platform/default/dso_loader.cc:49] Successfully opened dynamic library libcusparse.so.11
2021-08-21 22:49:34.496872: I tensorflow/stream_executor/platform/default/dso_loader.cc:49] Successfully opened dynamic library libcudnn.so.8
2021-08-21 22:49:34.498836: I tensorflow/core/common_runtime/gpu/gpu_device.cc:1862] Adding visible gpu devices: 0
2021-08-21 22:49:34.499907: I tensorflow/stream_executor/platform/default/dso_loader.cc:49] Successfully opened dynamic library libcudart.so.11.0
2021-08-21 22:49:36.228385: I tensorflow/core/common_runtime/gpu/gpu_device.cc:1261] Device interconnect StreamExecutor with strength 1 edge matrix:
2021-08-21 22:49:36.228600: I tensorflow/core/common_runtime/gpu/gpu_device.cc:1267]      0 
2021-08-21 22:49:36.230943: I tensorflow/core/common_runtime/gpu/gpu_device.cc:1280] 0:   N 
2021-08-21 22:49:36.251315: I tensorflow/core/common_runtime/gpu/gpu_device.cc:1406] Created TensorFlow device (/job:localhost/replica:0/task:0/device:GPU:0 with 11119 MB memory) -> physical GPU (device: 0, name: Tesla P100-PCIE-12GB, pci bus id: 0000:04:00.0, compute capability: 6.0)
2021-08-21 22:49:50.642380: I tensorflow/compiler/mlir/mlir_graph_optimization_pass.cc:116] None of the MLIR optimization passes are enabled (registered 2)
2021-08-21 22:49:50.657252: I tensorflow/core/platform/profile_utils/cpu_utils.cc:112] CPU Frequency: 2200150000 Hz
2021-08-21 22:49:50.921990: I tensorflow/stream_executor/platform/default/dso_loader.cc:49] Successfully opened dynamic library libcublas.so.11
2021-08-21 22:49:51.318808: I tensorflow/stream_executor/platform/default/dso_loader.cc:49] Successfully opened dynamic library libcublasLt.so.11
2021-08-21 22:49:51.376953: I tensorflow/stream_executor/platform/default/dso_loader.cc:49] Successfully opened dynamic library libcudnn.so.8
2021-08-21 22:49:54.161015: W tensorflow/stream_executor/gpu/asm_compiler.cc:63] Running ptxas --version returned 256
2021-08-21 22:49:54.619288: W tensorflow/stream_executor/gpu/redzone_allocator.cc:314] Internal: ptxas exited with non-zero error code 256, output: 
Relying on driver to perform ptx compilation. 
Modify $PATH to customize ptxas location.
This message will be only logged once.
NoiseMutator started.
NoiseMutator finished.
Training round: 1		accuracy = 0.6307246088981628
Training round: 2		accuracy = 0.5617391467094421
Training round: 3		accuracy = 0.6602898836135864
Training round: 4		accuracy = 0.6156522035598755
Training round: 5		accuracy = 0.6353623270988464
Training round: 6		accuracy = 0.6060869693756104
Training round: 7		accuracy = 0.6466666460037231
Training round: 8		accuracy = 0.6710144877433777
Training round: 9		accuracy = 0.6356521844863892
Training round: 10		accuracy = 0.6886956691741943
Training round: 11		accuracy = 0.6866666674613953
Training round: 12		accuracy = 0.6791304349899292
Training round: 13		accuracy = 0.6828985214233398
Training round: 14		accuracy = 0.6794202923774719
Training round: 15		accuracy = 0.670724630355835
Training round: 16		accuracy = 0.6921738982200623
Training round: 17		accuracy = 0.6898550987243652
Training round: 18		accuracy = 0.6840579509735107
Training round: 19		accuracy = 0.6878260970115662
Training round: 20		accuracy = 0.645507276058197
Training round: 21		accuracy = 0.6886956691741943
Training round: 22		accuracy = 0.6594203114509583
Training round: 23		accuracy = 0.6744927763938904
Training round: 24		accuracy = 0.6898550987243652
Training round: 25		accuracy = 0.6681159138679504
Training round: 26		accuracy = 0.6759420037269592
Training round: 27		accuracy = 0.6904347538948059
Training round: 28		accuracy = 0.690144956111908
Training round: 29		accuracy = 0.6704347729682922
Training round: 30		accuracy = 0.6826087236404419
Training round: 31		accuracy = 0.6820290088653564
Training round: 32		accuracy = 0.6791304349899292
Training round: 33		accuracy = 0.6892753839492798
Training round: 34		accuracy = 0.6753623485565186
Training round: 35		accuracy = 0.6828985214233398
Training round: 36		accuracy = 0.6846376657485962
Training round: 37		accuracy = 0.6959420442581177
Training round: 38		accuracy = 0.6846376657485962
Training round: 39		accuracy = 0.694492757320404
Training round: 40		accuracy = 0.6933333277702332
Training round: 41		accuracy = 0.6852173805236816
Training round: 42		accuracy = 0.6843478083610535
Training round: 43		accuracy = 0.694492757320404
Training round: 44		accuracy = 0.6927536129951477
Training round: 45		accuracy = 0.6884058117866516
Training round: 46		accuracy = 0.6942028999328613
Training round: 47		accuracy = 0.6933333277702332
Training round: 48		accuracy = 0.6921738982200623
Training round: 49		accuracy = 0.6939130425453186
Training round: 50		accuracy = 0.6921738982200623
Training round: 51		accuracy = 0.6884058117866516
Training round: 52		accuracy = 0.6939130425453186
Training round: 53		accuracy = 0.6921738982200623
Training round: 54		accuracy = 0.694492757320404
Training round: 55		accuracy = 0.6930434703826904
Training round: 56		accuracy = 0.6939130425453186
Training round: 57		accuracy = 0.6913043260574341
Training round: 58		accuracy = 0.6927536129951477
Training round: 59		accuracy = 0.6898550987243652
Training round: 60		accuracy = 0.6939130425453186
Training round: 61		accuracy = 0.6950724720954895
Training round: 62		accuracy = 0.692463755607605
Training round: 63		accuracy = 0.692463755607605
Training round: 64		accuracy = 0.6913043260574341
Training round: 65		accuracy = 0.6942028999328613
Training round: 66		accuracy = 0.694492757320404
Training round: 67		accuracy = 0.6959420442581177
Training round: 68		accuracy = 0.6947826147079468
Training round: 69		accuracy = 0.6959420442581177
Training round: 70		accuracy = 0.6965217590332031
Training round: 71		accuracy = 0.6936231851577759
Training round: 72		accuracy = 0.6953623294830322
Training round: 73		accuracy = 0.6933333277702332
Training round: 74		accuracy = 0.6921738982200623
Training round: 75		accuracy = 0.6921738982200623
Training round: 76		accuracy = 0.694492757320404
Training round: 77		accuracy = 0.6962319016456604
Training round: 78		accuracy = 0.6939130425453186
Training round: 79		accuracy = 0.6936231851577759
Training round: 80		accuracy = 0.6927536129951477
Training round: 81		accuracy = 0.6942028999328613
Training round: 82		accuracy = 0.6933333277702332
Training round: 83		accuracy = 0.6927536129951477
Training round: 84		accuracy = 0.6915941834449768
Training round: 85		accuracy = 0.6947826147079468
Training round: 86		accuracy = 0.6950724720954895
Training round: 87		accuracy = 0.6936231851577759
Training round: 88		accuracy = 0.6921738982200623
Training round: 89		accuracy = 0.694492757320404
Training round: 90		accuracy = 0.6927536129951477
Training round: 91		accuracy = 0.692463755607605
Training round: 92		accuracy = 0.6913043260574341
Training round: 93		accuracy = 0.6913043260574341
Training round: 94		accuracy = 0.6936231851577759
Training round: 95		accuracy = 0.6942028999328613
Training round: 96		accuracy = 0.6947826147079468
Training round: 97		accuracy = 0.6936231851577759
Training round: 98		accuracy = 0.6927536129951477
Training round: 99		accuracy = 0.6942028999328613
Training round: 100		accuracy = 0.6936231851577759
Training duration 9156.990434408188
