2021-08-11 19:49:01.396780: I tensorflow/stream_executor/platform/default/dso_loader.cc:49] Successfully opened dynamic library libcudart.so.11.0
2021-08-11 19:49:08.957639: I tensorflow/compiler/jit/xla_cpu_device.cc:41] Not creating XLA devices, tf_xla_enable_xla_devices not set
2021-08-11 19:49:08.963865: I tensorflow/stream_executor/platform/default/dso_loader.cc:49] Successfully opened dynamic library libcuda.so.1
2021-08-11 19:49:09.022762: I tensorflow/core/common_runtime/gpu/gpu_device.cc:1720] Found device 0 with properties: 
pciBusID: 0000:1d:00.0 name: Tesla V100-SXM2-16GB computeCapability: 7.0
coreClock: 1.53GHz coreCount: 80 deviceMemorySize: 15.78GiB deviceMemoryBandwidth: 836.37GiB/s
2021-08-11 19:49:09.023032: I tensorflow/stream_executor/platform/default/dso_loader.cc:49] Successfully opened dynamic library libcudart.so.11.0
2021-08-11 19:49:09.042404: I tensorflow/stream_executor/platform/default/dso_loader.cc:49] Successfully opened dynamic library libcublas.so.11
2021-08-11 19:49:09.042476: I tensorflow/stream_executor/platform/default/dso_loader.cc:49] Successfully opened dynamic library libcublasLt.so.11
2021-08-11 19:49:09.048193: I tensorflow/stream_executor/platform/default/dso_loader.cc:49] Successfully opened dynamic library libcufft.so.10
2021-08-11 19:49:09.050900: I tensorflow/stream_executor/platform/default/dso_loader.cc:49] Successfully opened dynamic library libcurand.so.10
2021-08-11 19:49:09.061343: I tensorflow/stream_executor/platform/default/dso_loader.cc:49] Successfully opened dynamic library libcusolver.so.10
2021-08-11 19:49:09.063931: I tensorflow/stream_executor/platform/default/dso_loader.cc:49] Successfully opened dynamic library libcusparse.so.11
2021-08-11 19:49:09.064549: I tensorflow/stream_executor/platform/default/dso_loader.cc:49] Successfully opened dynamic library libcudnn.so.8
2021-08-11 19:49:09.070653: I tensorflow/core/common_runtime/gpu/gpu_device.cc:1862] Adding visible gpu devices: 0
2021-08-11 19:49:09.080626: I tensorflow/core/platform/cpu_feature_guard.cc:142] This TensorFlow binary is optimized with oneAPI Deep Neural Network Library (oneDNN) to use the following CPU instructions in performance-critical operations:  AVX2 AVX512F FMA
To enable them in other operations, rebuild TensorFlow with the appropriate compiler flags.
2021-08-11 19:49:09.080889: I tensorflow/compiler/jit/xla_gpu_device.cc:99] Not creating XLA devices, tf_xla_enable_xla_devices not set
2021-08-11 19:49:09.081835: I tensorflow/core/common_runtime/gpu/gpu_device.cc:1720] Found device 0 with properties: 
pciBusID: 0000:1d:00.0 name: Tesla V100-SXM2-16GB computeCapability: 7.0
coreClock: 1.53GHz coreCount: 80 deviceMemorySize: 15.78GiB deviceMemoryBandwidth: 836.37GiB/s
2021-08-11 19:49:09.081864: I tensorflow/stream_executor/platform/default/dso_loader.cc:49] Successfully opened dynamic library libcudart.so.11.0
2021-08-11 19:49:09.081881: I tensorflow/stream_executor/platform/default/dso_loader.cc:49] Successfully opened dynamic library libcublas.so.11
2021-08-11 19:49:09.081894: I tensorflow/stream_executor/platform/default/dso_loader.cc:49] Successfully opened dynamic library libcublasLt.so.11
2021-08-11 19:49:09.081907: I tensorflow/stream_executor/platform/default/dso_loader.cc:49] Successfully opened dynamic library libcufft.so.10
2021-08-11 19:49:09.081920: I tensorflow/stream_executor/platform/default/dso_loader.cc:49] Successfully opened dynamic library libcurand.so.10
2021-08-11 19:49:09.081932: I tensorflow/stream_executor/platform/default/dso_loader.cc:49] Successfully opened dynamic library libcusolver.so.10
2021-08-11 19:49:09.081945: I tensorflow/stream_executor/platform/default/dso_loader.cc:49] Successfully opened dynamic library libcusparse.so.11
2021-08-11 19:49:09.081958: I tensorflow/stream_executor/platform/default/dso_loader.cc:49] Successfully opened dynamic library libcudnn.so.8
2021-08-11 19:49:09.083538: I tensorflow/core/common_runtime/gpu/gpu_device.cc:1862] Adding visible gpu devices: 0
2021-08-11 19:49:09.084151: I tensorflow/stream_executor/platform/default/dso_loader.cc:49] Successfully opened dynamic library libcudart.so.11.0
2021-08-11 19:49:10.012833: I tensorflow/core/common_runtime/gpu/gpu_device.cc:1261] Device interconnect StreamExecutor with strength 1 edge matrix:
2021-08-11 19:49:10.012882: I tensorflow/core/common_runtime/gpu/gpu_device.cc:1267]      0 
2021-08-11 19:49:10.012895: I tensorflow/core/common_runtime/gpu/gpu_device.cc:1280] 0:   N 
2021-08-11 19:49:10.022234: I tensorflow/core/common_runtime/gpu/gpu_device.cc:1406] Created TensorFlow device (/job:localhost/replica:0/task:0/device:GPU:0 with 14761 MB memory) -> physical GPU (device: 0, name: Tesla V100-SXM2-16GB, pci bus id: 0000:1d:00.0, compute capability: 7.0)
2021-08-11 19:49:10.686538: I tensorflow/compiler/mlir/mlir_graph_optimization_pass.cc:116] None of the MLIR optimization passes are enabled (registered 2)
2021-08-11 19:49:10.687884: I tensorflow/core/platform/profile_utils/cpu_utils.cc:112] CPU Frequency: 2400000000 Hz
2021-08-11 19:49:11.157981: I tensorflow/stream_executor/platform/default/dso_loader.cc:49] Successfully opened dynamic library libcublas.so.11
2021-08-11 19:49:11.612610: I tensorflow/stream_executor/platform/default/dso_loader.cc:49] Successfully opened dynamic library libcublasLt.so.11
2021-08-11 19:49:11.641751: I tensorflow/stream_executor/platform/default/dso_loader.cc:49] Successfully opened dynamic library libcudnn.so.8
2021-08-11 19:49:13.892506: W tensorflow/stream_executor/gpu/asm_compiler.cc:63] Running ptxas --version returned 256
2021-08-11 19:49:13.932578: W tensorflow/stream_executor/gpu/redzone_allocator.cc:314] Internal: ptxas exited with non-zero error code 256, output: 
Relying on driver to perform ptx compilation. 
Modify $PATH to customize ptxas location.
This message will be only logged once.
DeleteMutator started.
DeleteMutator finished.
Training round: 1		accuracy = 0.11379999667406082
Training round: 2		accuracy = 0.11050000041723251
Training round: 3		accuracy = 0.11379999667406082
Training round: 4		accuracy = 0.11739999800920486
Training round: 5		accuracy = 0.12489999830722809
Training round: 6		accuracy = 0.1395999938249588
Training round: 7		accuracy = 0.1151999980211258
Training round: 8		accuracy = 0.11630000174045563
Training round: 9		accuracy = 0.1665000021457672
Training round: 10		accuracy = 0.12470000237226486
Training round: 11		accuracy = 0.1688999980688095
Training round: 12		accuracy = 0.2092999964952469
Training round: 13		accuracy = 0.1737000048160553
Training round: 14		accuracy = 0.21439999341964722
Training round: 15		accuracy = 0.13359999656677246
Training round: 16		accuracy = 0.20880000293254852
Training round: 17		accuracy = 0.20990000665187836
Training round: 18		accuracy = 0.19660000503063202
Training round: 19		accuracy = 0.11010000109672546
Training round: 20		accuracy = 0.15379999577999115
Training round: 21		accuracy = 0.2257000058889389
Training round: 22		accuracy = 0.24500000476837158
Training round: 23		accuracy = 0.18170000612735748
Training round: 24		accuracy = 0.16349999606609344
Training round: 25		accuracy = 0.2425999939441681
Training round: 26		accuracy = 0.12849999964237213
Training round: 27		accuracy = 0.2678000032901764
Training round: 28		accuracy = 0.1550000011920929
Training round: 29		accuracy = 0.22579999268054962
Training round: 30		accuracy = 0.2362000048160553
Training round: 31		accuracy = 0.2287999987602234
Training round: 32		accuracy = 0.23160000145435333
Training round: 33		accuracy = 0.25519999861717224
Training round: 34		accuracy = 0.274399995803833
Training round: 35		accuracy = 0.17020000517368317
Training round: 36		accuracy = 0.19030000269412994
Training round: 37		accuracy = 0.23729999363422394
Training round: 38		accuracy = 0.13910000026226044
Training round: 39		accuracy = 0.15070000290870667
Training round: 40		accuracy = 0.20720000565052032
Training round: 41		accuracy = 0.26579999923706055
Training round: 42		accuracy = 0.24449999630451202
Training round: 43		accuracy = 0.16769999265670776
Training round: 44		accuracy = 0.17649999260902405
Training round: 45		accuracy = 0.2989000082015991
Training round: 46		accuracy = 0.16300000250339508
Training round: 47		accuracy = 0.21930000185966492
Training round: 48		accuracy = 0.19339999556541443
Training round: 49		accuracy = 0.22179999947547913
Training round: 50		accuracy = 0.2870999872684479
Training round: 51		accuracy = 0.18469999730587006
Training round: 52		accuracy = 0.30000001192092896
Training round: 53		accuracy = 0.28839999437332153
Training round: 54		accuracy = 0.17589999735355377
Training round: 55		accuracy = 0.3158000111579895
Training round: 56		accuracy = 0.22689999639987946
Training round: 57		accuracy = 0.2912999987602234
Training round: 58		accuracy = 0.31349998712539673
Training round: 59		accuracy = 0.3151000142097473
Training round: 60		accuracy = 0.22439999878406525
Training round: 61		accuracy = 0.21799999475479126
Training round: 62		accuracy = 0.2547000050544739
Training round: 63		accuracy = 0.2653000056743622
Training round: 64		accuracy = 0.3149999976158142
Training round: 65		accuracy = 0.18930000066757202
Training round: 66		accuracy = 0.328900009393692
Training round: 67		accuracy = 0.31679999828338623
Training round: 68		accuracy = 0.23989999294281006
Training round: 69		accuracy = 0.21879999339580536
Training round: 70		accuracy = 0.3027999997138977
Training round: 71		accuracy = 0.31049999594688416
Training round: 72		accuracy = 0.24050000309944153
Training round: 73		accuracy = 0.17720000445842743
Training round: 74		accuracy = 0.3287000060081482
Training round: 75		accuracy = 0.18119999766349792
Training round: 76		accuracy = 0.34619998931884766
Training round: 77		accuracy = 0.3402000069618225
Training round: 78		accuracy = 0.32899999618530273
Training round: 79		accuracy = 0.2939000129699707
Training round: 80		accuracy = 0.30320000648498535
Training round: 81		accuracy = 0.1809999942779541
Training round: 82		accuracy = 0.23899999260902405
Training round: 83		accuracy = 0.23639999330043793
Training round: 84		accuracy = 0.3472999930381775
Training round: 85		accuracy = 0.3181000053882599
Training round: 86		accuracy = 0.3467999994754791
Training round: 87		accuracy = 0.2531000077724457
Training round: 88		accuracy = 0.20270000398159027
Training round: 89		accuracy = 0.3310000002384186
Training round: 90		accuracy = 0.3569999933242798
Training round: 91		accuracy = 0.3199999928474426
Training round: 92		accuracy = 0.37959998846054077
Training round: 93		accuracy = 0.1914999932050705
Training round: 94		accuracy = 0.3395000100135803
Training round: 95		accuracy = 0.3497999906539917
Training round: 96		accuracy = 0.3400000035762787
Training round: 97		accuracy = 0.21389999985694885
Training round: 98		accuracy = 0.35899999737739563
Training round: 99		accuracy = 0.35429999232292175
Training round: 100		accuracy = 0.18539999425411224
Training round: 101		accuracy = 0.3628000020980835
Training round: 102		accuracy = 0.18770000338554382
Training round: 103		accuracy = 0.3499999940395355
Training round: 104		accuracy = 0.38179999589920044
Training round: 105		accuracy = 0.23520000278949738
Training round: 106		accuracy = 0.3538999855518341
Training round: 107		accuracy = 0.3021000027656555
Training round: 108		accuracy = 0.37540000677108765
Training round: 109		accuracy = 0.3756999969482422
Training round: 110		accuracy = 0.3889999985694885
Training round: 111		accuracy = 0.19820000231266022
Training round: 112		accuracy = 0.2815999984741211
Training round: 113		accuracy = 0.3734999895095825
Training round: 114		accuracy = 0.2401999980211258
Training round: 115		accuracy = 0.3917999863624573
Training round: 116		accuracy = 0.29919999837875366
Training round: 117		accuracy = 0.3750999867916107
Training round: 118		accuracy = 0.1875
Training round: 119		accuracy = 0.27090001106262207
Training round: 120		accuracy = 0.37290000915527344
Training round: 121		accuracy = 0.37059998512268066
Training round: 122		accuracy = 0.36899998784065247
Training round: 123		accuracy = 0.39500001072883606
Training round: 124		accuracy = 0.3871999979019165
Training round: 125		accuracy = 0.40220001339912415
Training round: 126		accuracy = 0.19110000133514404
Training round: 127		accuracy = 0.38839998841285706
Training round: 128		accuracy = 0.19439999759197235
Training round: 129		accuracy = 0.1882999986410141
Training round: 130		accuracy = 0.3668999969959259
Training round: 131		accuracy = 0.36880001425743103
Training round: 132		accuracy = 0.37700000405311584
Training round: 133		accuracy = 0.19259999692440033
Training round: 134		accuracy = 0.2628999948501587
Training round: 135		accuracy = 0.3781999945640564
Training round: 136		accuracy = 0.38609999418258667
Training round: 137		accuracy = 0.27079999446868896
Training round: 138		accuracy = 0.2734000086784363
Training round: 139		accuracy = 0.32829999923706055
Training round: 140		accuracy = 0.2863999903202057
Training round: 141		accuracy = 0.3986999988555908
Training round: 142		accuracy = 0.2475000023841858
Training round: 143		accuracy = 0.18479999899864197
Training round: 144		accuracy = 0.3869999945163727
Training round: 145		accuracy = 0.29330000281333923
Training round: 146		accuracy = 0.4163999855518341
Training round: 147		accuracy = 0.4083000123500824
Training round: 148		accuracy = 0.2727999985218048
Training round: 149		accuracy = 0.24549999833106995
Training round: 150		accuracy = 0.38960000872612
Training round: 151		accuracy = 0.2021999955177307
Training round: 152		accuracy = 0.20819999277591705
Training round: 153		accuracy = 0.41200000047683716
Training round: 154		accuracy = 0.21539999544620514
Training round: 155		accuracy = 0.2870999872684479
Training round: 156		accuracy = 0.4083000123500824
Training round: 157		accuracy = 0.4341000020503998
Training round: 158		accuracy = 0.34709998965263367
Training round: 159		accuracy = 0.4108000099658966
Training round: 160		accuracy = 0.3314000070095062
Training round: 161		accuracy = 0.2702000141143799
Training round: 162		accuracy = 0.2370000034570694
Training round: 163		accuracy = 0.4205999970436096
Training round: 164		accuracy = 0.39899998903274536
Training round: 165		accuracy = 0.4185999929904938
Training round: 166		accuracy = 0.41359999775886536
Training round: 167		accuracy = 0.4381999969482422
Training round: 168		accuracy = 0.2808000147342682
Training round: 169		accuracy = 0.20270000398159027
Training round: 170		accuracy = 0.4146000146865845
Training round: 171		accuracy = 0.4309000074863434
Training round: 172		accuracy = 0.4106000065803528
Training round: 173		accuracy = 0.42969998717308044
Training round: 174		accuracy = 0.3725999891757965
Training round: 175		accuracy = 0.33309999108314514
Training round: 176		accuracy = 0.24310000240802765
Training round: 177		accuracy = 0.42730000615119934
Training round: 178		accuracy = 0.4138999879360199
Training round: 179		accuracy = 0.40549999475479126
Training round: 180		accuracy = 0.4296000003814697
Training round: 181		accuracy = 0.415800005197525
Training round: 182		accuracy = 0.45170000195503235
Training round: 183		accuracy = 0.21469999849796295
Training round: 184		accuracy = 0.3441999852657318
Training round: 185		accuracy = 0.4041999876499176
Training round: 186		accuracy = 0.4163999855518341
Training round: 187		accuracy = 0.4383000135421753
Training round: 188		accuracy = 0.3506999909877777
Training round: 189		accuracy = 0.42660000920295715
Training round: 190		accuracy = 0.43529999256134033
Training round: 191		accuracy = 0.43950000405311584
Training round: 192		accuracy = 0.4081999957561493
Training round: 193		accuracy = 0.4253000020980835
Training round: 194		accuracy = 0.45410001277923584
Training round: 195		accuracy = 0.37209999561309814
Training round: 196		accuracy = 0.4255000054836273
Training round: 197		accuracy = 0.241799995303154
Training round: 198		accuracy = 0.24320000410079956
Training round: 199		accuracy = 0.3637000024318695
Training round: 200		accuracy = 0.22089999914169312
Training round: 201		accuracy = 0.44429999589920044
Training round: 202		accuracy = 0.3325999975204468
Training round: 203		accuracy = 0.21070000529289246
Training round: 204		accuracy = 0.28380000591278076
Training round: 205		accuracy = 0.31049999594688416
Training round: 206		accuracy = 0.428600013256073
Training round: 207		accuracy = 0.43309998512268066
Training round: 208		accuracy = 0.4219000041484833
Training round: 209		accuracy = 0.46790000796318054
Training round: 210		accuracy = 0.4185999929904938
Training round: 211		accuracy = 0.45829999446868896
Training round: 212		accuracy = 0.2492000013589859
Training round: 213		accuracy = 0.3634999990463257
Training round: 214		accuracy = 0.24050000309944153
Training round: 215		accuracy = 0.4544000029563904
Training round: 216		accuracy = 0.45159998536109924
Training round: 217		accuracy = 0.46779999136924744
Training round: 218		accuracy = 0.43849998712539673
Training round: 219		accuracy = 0.46790000796318054
Training round: 220		accuracy = 0.3734000027179718
Training round: 221		accuracy = 0.3840999901294708
Training round: 222		accuracy = 0.47620001435279846
Training round: 223		accuracy = 0.2797999978065491
Training round: 224		accuracy = 0.4489000141620636
Training round: 225		accuracy = 0.46230000257492065
Training round: 226		accuracy = 0.48969998955726624
Training round: 227		accuracy = 0.46779999136924744
Training round: 228		accuracy = 0.4544000029563904
Training round: 229		accuracy = 0.4521999955177307
Training round: 230		accuracy = 0.46299999952316284
Training round: 231		accuracy = 0.4498000144958496
Training round: 232		accuracy = 0.4478999972343445
Training round: 233		accuracy = 0.4359999895095825
Training round: 234		accuracy = 0.26170000433921814
Training round: 235		accuracy = 0.4586000144481659
Training round: 236		accuracy = 0.30970001220703125
Training round: 237		accuracy = 0.4489000141620636
Training round: 238		accuracy = 0.4878999888896942
Training round: 239		accuracy = 0.4618000090122223
Training round: 240		accuracy = 0.46560001373291016
Training round: 241		accuracy = 0.4643999934196472
Training round: 242		accuracy = 0.48539999127388
Training round: 243		accuracy = 0.3806999921798706
Training round: 244		accuracy = 0.45010000467300415
Training round: 245		accuracy = 0.25189998745918274
Training round: 246		accuracy = 0.4449000060558319
Training round: 247		accuracy = 0.4440000057220459
Training round: 248		accuracy = 0.41519999504089355
Training round: 249		accuracy = 0.3028999865055084
Training round: 250		accuracy = 0.2687000036239624
Training round: 251		accuracy = 0.23589999973773956
Training round: 252		accuracy = 0.46219998598098755
Training round: 253		accuracy = 0.45339998602867126
Training round: 254		accuracy = 0.4587000012397766
Training round: 255		accuracy = 0.4377000033855438
Training round: 256		accuracy = 0.47909998893737793
Training round: 257		accuracy = 0.39329999685287476
Training round: 258		accuracy = 0.4374000132083893
Training round: 259		accuracy = 0.36890000104904175
Training round: 260		accuracy = 0.45570001006126404
Training round: 261		accuracy = 0.5020999908447266
Training round: 262		accuracy = 0.4729999899864197
Training round: 263		accuracy = 0.48080000281333923
Training round: 264		accuracy = 0.33379998803138733
Training round: 265		accuracy = 0.4706999957561493
Training round: 266		accuracy = 0.30090001225471497
Training round: 267		accuracy = 0.47920000553131104
Training round: 268		accuracy = 0.48500001430511475
Training round: 269		accuracy = 0.3050999939441681
Training round: 270		accuracy = 0.5066999793052673
Training round: 271		accuracy = 0.430400013923645
Training round: 272		accuracy = 0.4675000011920929
Training round: 273		accuracy = 0.4616999924182892
Training round: 274		accuracy = 0.4496999979019165
Training round: 275		accuracy = 0.45730000734329224
Training round: 276		accuracy = 0.4876999855041504
Training round: 277		accuracy = 0.4869999885559082
Training round: 278		accuracy = 0.320499986410141
Training round: 279		accuracy = 0.46149998903274536
Training round: 280		accuracy = 0.47760000824928284
Training round: 281		accuracy = 0.45570001006126404
Training round: 282		accuracy = 0.4880000054836273
Training round: 283		accuracy = 0.47620001435279846
Training round: 284		accuracy = 0.501800000667572
Training round: 285		accuracy = 0.48829999566078186
Training round: 286		accuracy = 0.5019000172615051
Training round: 287		accuracy = 0.4059999883174896
Training round: 288		accuracy = 0.5034999847412109
Training round: 289		accuracy = 0.3538999855518341
Training round: 290		accuracy = 0.49160000681877136
Training round: 291		accuracy = 0.47040000557899475
Training round: 292		accuracy = 0.45649999380111694
Training round: 293		accuracy = 0.48420000076293945
Training round: 294		accuracy = 0.3077000081539154
Training round: 295		accuracy = 0.3167000114917755
Training round: 296		accuracy = 0.48399999737739563
Training round: 297		accuracy = 0.48590001463890076
Training round: 298		accuracy = 0.28299999237060547
Training round: 299		accuracy = 0.4684000015258789
Training round: 300		accuracy = 0.4867999851703644
Training round: 301		accuracy = 0.49729999899864197
Training round: 302		accuracy = 0.40869998931884766
Training round: 303		accuracy = 0.2766000032424927
Training round: 304		accuracy = 0.23680000007152557
Training round: 305		accuracy = 0.492900013923645
Training round: 306		accuracy = 0.38449999690055847
Training round: 307		accuracy = 0.2888000011444092
Training round: 308		accuracy = 0.46459999680519104
Training round: 309		accuracy = 0.5019000172615051
Training round: 310		accuracy = 0.28679999709129333
Training round: 311		accuracy = 0.28929999470710754
Training round: 312		accuracy = 0.37130001187324524
Training round: 313		accuracy = 0.5174999833106995
Training round: 314		accuracy = 0.48080000281333923
Training round: 315		accuracy = 0.43059998750686646
Training round: 316		accuracy = 0.5019999742507935
Training round: 317		accuracy = 0.4009999930858612
Training round: 318		accuracy = 0.5164999961853027
Training round: 319		accuracy = 0.5199000239372253
Training round: 320		accuracy = 0.5120000243186951
Training round: 321		accuracy = 0.4239000082015991
Training round: 322		accuracy = 0.4867999851703644
Training round: 323		accuracy = 0.3264999985694885
Training round: 324		accuracy = 0.4812000095844269
Training round: 325		accuracy = 0.508899986743927
Training round: 326		accuracy = 0.5220999717712402
Training round: 327		accuracy = 0.321399986743927
Training round: 328		accuracy = 0.5281000137329102
Training round: 329		accuracy = 0.5016000270843506
Training round: 330		accuracy = 0.3095000088214874
Training round: 331		accuracy = 0.5212000012397766
Training round: 332		accuracy = 0.48489999771118164
Training round: 333		accuracy = 0.43639999628067017
Training round: 334		accuracy = 0.44369998574256897
Training round: 335		accuracy = 0.5048999786376953
Training round: 336		accuracy = 0.5116999745368958
Training round: 337		accuracy = 0.5013999938964844
Training round: 338		accuracy = 0.3400999903678894
Training round: 339		accuracy = 0.521399974822998
Training round: 340		accuracy = 0.3221000134944916
Training round: 341		accuracy = 0.5282999873161316
Training round: 342		accuracy = 0.5436999797821045
Training round: 343		accuracy = 0.5547999739646912
Training round: 344		accuracy = 0.3675000071525574
Training round: 345		accuracy = 0.41609999537467957
Training round: 346		accuracy = 0.47850000858306885
Training round: 347		accuracy = 0.5117999911308289
Training round: 348		accuracy = 0.5317999720573425
Training round: 349		accuracy = 0.5037999749183655
Training round: 350		accuracy = 0.5041000247001648
Training round: 351		accuracy = 0.36419999599456787
Training round: 352		accuracy = 0.5253000259399414
Training round: 353		accuracy = 0.3587999939918518
Training round: 354		accuracy = 0.5134000182151794
Training round: 355		accuracy = 0.49880000948905945
Training round: 356		accuracy = 0.544700026512146
Training round: 357		accuracy = 0.5486000180244446
Training round: 358		accuracy = 0.29179999232292175
Training round: 359		accuracy = 0.3458999991416931
Training round: 360		accuracy = 0.536899983882904
Training round: 361		accuracy = 0.5322999954223633
Training round: 362		accuracy = 0.48730000853538513
Training round: 363		accuracy = 0.5473999977111816
Training round: 364		accuracy = 0.39500001072883606
Training round: 365		accuracy = 0.2994000017642975
Training round: 366		accuracy = 0.5077999830245972
Training round: 367		accuracy = 0.4918000102043152
Training round: 368		accuracy = 0.37220001220703125
Training round: 369		accuracy = 0.45669999718666077
Training round: 370		accuracy = 0.5241000056266785
Training round: 371		accuracy = 0.49939998984336853
Training round: 372		accuracy = 0.4810999929904938
Training round: 373		accuracy = 0.4004000127315521
Training round: 374		accuracy = 0.5231999754905701
Training round: 375		accuracy = 0.35760000348091125
Training round: 376		accuracy = 0.46389999985694885
Training round: 377		accuracy = 0.5203999876976013
Training round: 378		accuracy = 0.5149000287055969
Training round: 379		accuracy = 0.5383999943733215
Training round: 380		accuracy = 0.5336999893188477
Training round: 381		accuracy = 0.5216000080108643
Training round: 382		accuracy = 0.5027999877929688
Training round: 383		accuracy = 0.33000001311302185
Training round: 384		accuracy = 0.2833000123500824
Training round: 385		accuracy = 0.5271999835968018
Training round: 386		accuracy = 0.49559998512268066
Training round: 387		accuracy = 0.512499988079071
Training round: 388		accuracy = 0.3961000144481659
Training round: 389		accuracy = 0.4318999946117401
Training round: 390		accuracy = 0.4887000024318695
Training round: 391		accuracy = 0.5149999856948853
Training round: 392		accuracy = 0.5285000205039978
Training round: 393		accuracy = 0.3926999866962433
Training round: 394		accuracy = 0.42669999599456787
Training round: 395		accuracy = 0.5138000249862671
Training round: 396		accuracy = 0.4066999852657318
Training round: 397		accuracy = 0.3172999918460846
Training round: 398		accuracy = 0.5189999938011169
Training round: 399		accuracy = 0.4447000026702881
Training round: 400		accuracy = 0.5281000137329102
Training round: 401		accuracy = 0.51910001039505
Training round: 402		accuracy = 0.5360999703407288
Training round: 403		accuracy = 0.5443999767303467
Training round: 404		accuracy = 0.5333999991416931
Training round: 405		accuracy = 0.44530001282691956
Training round: 406		accuracy = 0.5396000146865845
Training round: 407		accuracy = 0.5388000011444092
Training round: 408		accuracy = 0.5339999794960022
Training round: 409		accuracy = 0.5550000071525574
Training round: 410		accuracy = 0.541700005531311
Training round: 411		accuracy = 0.46939998865127563
Training round: 412		accuracy = 0.4844000041484833
Training round: 413		accuracy = 0.336899995803833
Training round: 414		accuracy = 0.4481000006198883
Training round: 415		accuracy = 0.5263000130653381
Training round: 416		accuracy = 0.5091000199317932
Training round: 417		accuracy = 0.4580000042915344
Training round: 418		accuracy = 0.3846000134944916
Training round: 419		accuracy = 0.5134999752044678
Training round: 420		accuracy = 0.5374000072479248
Training round: 421		accuracy = 0.30250000953674316
Training round: 422		accuracy = 0.5503000020980835
Training round: 423		accuracy = 0.5242000222206116
Training round: 424		accuracy = 0.4797999858856201
Training round: 425		accuracy = 0.5214999914169312
Training round: 426		accuracy = 0.5343000292778015
Training round: 427		accuracy = 0.4077000021934509
Training round: 428		accuracy = 0.5508000254631042
Training round: 429		accuracy = 0.521399974822998
Training round: 430		accuracy = 0.44909998774528503
Training round: 431		accuracy = 0.552299976348877
Training round: 432		accuracy = 0.367900013923645
Training round: 433		accuracy = 0.5131000280380249
Training round: 434		accuracy = 0.5496000051498413
Training round: 435		accuracy = 0.4505000114440918
Training round: 436		accuracy = 0.5471000075340271
Training round: 437		accuracy = 0.4952000081539154
Training round: 438		accuracy = 0.4526999890804291
Training round: 439		accuracy = 0.482699990272522
Training round: 440		accuracy = 0.5300999879837036
Training round: 441		accuracy = 0.5364000201225281
Training round: 442		accuracy = 0.548799991607666
Training round: 443		accuracy = 0.5569000244140625
Training round: 444		accuracy = 0.5462999939918518
Training round: 445		accuracy = 0.367000013589859
Training round: 446		accuracy = 0.5406000018119812
Training round: 447		accuracy = 0.557200014591217
Training round: 448		accuracy = 0.42739999294281006
Training round: 449		accuracy = 0.5335000157356262
Training round: 450		accuracy = 0.5238999724388123
Training round: 451		accuracy = 0.5636000037193298
Training round: 452		accuracy = 0.4462999999523163
Training round: 453		accuracy = 0.3529999852180481
Training round: 454		accuracy = 0.5317999720573425
Training round: 455		accuracy = 0.541100025177002
Training round: 456		accuracy = 0.5004000067710876
Training round: 457		accuracy = 0.517300009727478
Training round: 458		accuracy = 0.5498999953269958
Training round: 459		accuracy = 0.3601999878883362
Training round: 460		accuracy = 0.4336000084877014
Training round: 461		accuracy = 0.46050000190734863
Training round: 462		accuracy = 0.5022000074386597
Training round: 463		accuracy = 0.36480000615119934
Training round: 464		accuracy = 0.3409999907016754
Training round: 465		accuracy = 0.5109000205993652
Training round: 466		accuracy = 0.31060001254081726
Training round: 467		accuracy = 0.5372999906539917
Training round: 468		accuracy = 0.5392000079154968
Training round: 469		accuracy = 0.5180000066757202
Training round: 470		accuracy = 0.31690001487731934
Training round: 471		accuracy = 0.3111000061035156
Training round: 472		accuracy = 0.46299999952316284
Training round: 473		accuracy = 0.5321999788284302
Training round: 474		accuracy = 0.48019999265670776
Training round: 475		accuracy = 0.3127000033855438
Training round: 476		accuracy = 0.5303000211715698
Training round: 477		accuracy = 0.4499000012874603
Training round: 478		accuracy = 0.41760000586509705
Training round: 479		accuracy = 0.499099999666214
Training round: 480		accuracy = 0.44290000200271606
Training round: 481		accuracy = 0.46050000190734863
Training round: 482		accuracy = 0.5162000060081482
Training round: 483		accuracy = 0.5005999803543091
Training round: 484		accuracy = 0.4975999891757965
Training round: 485		accuracy = 0.5485000014305115
Training round: 486		accuracy = 0.4855000078678131
Training round: 487		accuracy = 0.553600013256073
Training round: 488		accuracy = 0.5403000116348267
Training round: 489		accuracy = 0.4959999918937683
Training round: 490		accuracy = 0.5090000033378601
Training round: 491		accuracy = 0.5151000022888184
Training round: 492		accuracy = 0.4797999858856201
Training round: 493		accuracy = 0.5353000164031982
Training round: 494		accuracy = 0.35569998621940613
Training round: 495		accuracy = 0.47540000081062317
Training round: 496		accuracy = 0.526199996471405
Training round: 497		accuracy = 0.5551000237464905
Training round: 498		accuracy = 0.43860000371932983
Training round: 499		accuracy = 0.5396000146865845
Training round: 500		accuracy = 0.5212000012397766
Training round: 501		accuracy = 0.3199999928474426
Training round: 502		accuracy = 0.5073000192642212
Training round: 503		accuracy = 0.5623000264167786
Training round: 504		accuracy = 0.4781000018119812
Training round: 505		accuracy = 0.5584999918937683
Training round: 506		accuracy = 0.5350000262260437
Training round: 507		accuracy = 0.5224999785423279
Training round: 508		accuracy = 0.5127000212669373
Training round: 509		accuracy = 0.5295000076293945
Training round: 510		accuracy = 0.4641000032424927
Training round: 511		accuracy = 0.5733000040054321
Training round: 512		accuracy = 0.5489000082015991
Training round: 513		accuracy = 0.5648999810218811
Training round: 514		accuracy = 0.5568000078201294
Training round: 515		accuracy = 0.501800000667572
Training round: 516		accuracy = 0.4763000011444092
Training round: 517		accuracy = 0.5324000120162964
Training round: 518		accuracy = 0.5285999774932861
Training round: 519		accuracy = 0.32850000262260437
Training round: 520		accuracy = 0.3450999855995178
Training round: 521		accuracy = 0.5286999940872192
Training round: 522		accuracy = 0.5467000007629395
Training round: 523		accuracy = 0.5446000099182129
Training round: 524		accuracy = 0.5375000238418579
Training round: 525		accuracy = 0.5246000289916992
Training round: 526		accuracy = 0.3912000060081482
Training round: 527		accuracy = 0.5009999871253967
Training round: 528		accuracy = 0.5577999949455261
Training round: 529		accuracy = 0.3343000113964081
Training round: 530		accuracy = 0.43130001425743103
Training round: 531		accuracy = 0.5397999882698059
Training round: 532		accuracy = 0.5613999962806702
Training round: 533		accuracy = 0.5529000163078308
Training round: 534		accuracy = 0.5164999961853027
Training round: 535		accuracy = 0.4318999946117401
Training round: 536		accuracy = 0.31200000643730164
Training round: 537		accuracy = 0.30140000581741333
Training round: 538		accuracy = 0.5297999978065491
Training round: 539		accuracy = 0.5194000005722046
Training round: 540		accuracy = 0.4722999930381775
Training round: 541		accuracy = 0.3691999912261963
Training round: 542		accuracy = 0.5242999792098999
Training round: 543		accuracy = 0.42910000681877136
Training round: 544		accuracy = 0.5317999720573425
Training round: 545		accuracy = 0.545799970626831
Training round: 546		accuracy = 0.5566999912261963
Training round: 547		accuracy = 0.5644000172615051
Training round: 548		accuracy = 0.5719000101089478
Training round: 549		accuracy = 0.5601999759674072
Training round: 550		accuracy = 0.4661000072956085
Training round: 551		accuracy = 0.31470000743865967
Training round: 552		accuracy = 0.5638999938964844
Training round: 553		accuracy = 0.5767999887466431
Training round: 554		accuracy = 0.47870001196861267
Training round: 555		accuracy = 0.476500004529953
Training round: 556		accuracy = 0.5396999716758728
Training round: 557		accuracy = 0.5281999707221985
Training round: 558		accuracy = 0.4749999940395355
Training round: 559		accuracy = 0.335999995470047
Training round: 560		accuracy = 0.5590000152587891
Training round: 561		accuracy = 0.45809999108314514
Training round: 562		accuracy = 0.4661000072956085
Training round: 563		accuracy = 0.3937000036239624
Training round: 564		accuracy = 0.5496000051498413
Training round: 565		accuracy = 0.49810001254081726
Training round: 566		accuracy = 0.5461000204086304
Training round: 567		accuracy = 0.553600013256073
Training round: 568		accuracy = 0.4925999939441681
Training round: 569		accuracy = 0.4056999981403351
Training round: 570		accuracy = 0.5706999897956848
Training round: 571		accuracy = 0.5394999980926514
Training round: 572		accuracy = 0.5806000232696533
Training round: 573		accuracy = 0.5683000087738037
Training round: 574		accuracy = 0.35109999775886536
Training round: 575		accuracy = 0.5745999813079834
Training round: 576		accuracy = 0.47200000286102295
Training round: 577		accuracy = 0.5601999759674072
Training round: 578		accuracy = 0.49059998989105225
Training round: 579		accuracy = 0.43320000171661377
Training round: 580		accuracy = 0.5503000020980835
Training round: 581		accuracy = 0.503600001335144
Training round: 582		accuracy = 0.5575000047683716
Training round: 583		accuracy = 0.5688999891281128
Training round: 584		accuracy = 0.58160001039505
Training round: 585		accuracy = 0.48489999771118164
Training round: 586		accuracy = 0.5519999861717224
Training round: 587		accuracy = 0.5735999941825867
Training round: 588		accuracy = 0.5407000184059143
Training round: 589		accuracy = 0.4611999988555908
Training round: 590		accuracy = 0.5612000226974487
Training round: 591		accuracy = 0.580299973487854
Training round: 592		accuracy = 0.5759999752044678
Training round: 593		accuracy = 0.48969998955726624
Training round: 594		accuracy = 0.5669000148773193
Training round: 595		accuracy = 0.5687000155448914
Training round: 596		accuracy = 0.5777000188827515
Training round: 597		accuracy = 0.5242000222206116
Training round: 598		accuracy = 0.38960000872612
Training round: 599		accuracy = 0.5619999766349792
Training round: 600		accuracy = 0.5691999793052673
Training round: 601		accuracy = 0.47999998927116394
Training round: 602		accuracy = 0.36010000109672546
Training round: 603		accuracy = 0.5697000026702881
Training round: 604		accuracy = 0.572700023651123
Training round: 605		accuracy = 0.5925999879837036
Training round: 606		accuracy = 0.4794999957084656
Training round: 607		accuracy = 0.5694000124931335
Training round: 608		accuracy = 0.49799999594688416
Training round: 609		accuracy = 0.3822000026702881
Training round: 610		accuracy = 0.361299991607666
Training round: 611		accuracy = 0.559499979019165
Training round: 612		accuracy = 0.5795000195503235
Training round: 613		accuracy = 0.5536999702453613
Training round: 614		accuracy = 0.5803999900817871
Training round: 615		accuracy = 0.5866000056266785
Training round: 616		accuracy = 0.5942000150680542
Training round: 617		accuracy = 0.5859000086784363
Training round: 618		accuracy = 0.5795000195503235
Training round: 619		accuracy = 0.5856999754905701
Training round: 620		accuracy = 0.5486000180244446
Training round: 621		accuracy = 0.5764999985694885
Training round: 622		accuracy = 0.5009999871253967
Training round: 623		accuracy = 0.5073999762535095
Training round: 624		accuracy = 0.3463999927043915
Training round: 625		accuracy = 0.5418999791145325
Training round: 626		accuracy = 0.4713999927043915
Training round: 627		accuracy = 0.3790000081062317
Training round: 628		accuracy = 0.4970000088214874
Training round: 629		accuracy = 0.5540000200271606
Training round: 630		accuracy = 0.580299973487854
Training round: 631		accuracy = 0.5845999717712402
Training round: 632		accuracy = 0.5911999940872192
Training round: 633		accuracy = 0.5644000172615051
Training round: 634		accuracy = 0.4016999900341034
Training round: 635		accuracy = 0.5458999872207642
Training round: 636		accuracy = 0.5709999799728394
Training round: 637		accuracy = 0.5631999969482422
Training round: 638		accuracy = 0.42419999837875366
Training round: 639		accuracy = 0.38269999623298645
Training round: 640		accuracy = 0.5192999839782715
Training round: 641		accuracy = 0.5879999995231628
Training round: 642		accuracy = 0.5889000296592712
Training round: 643		accuracy = 0.5978999733924866
Training round: 644		accuracy = 0.5784000158309937
Training round: 645		accuracy = 0.4966000020503998
Training round: 646		accuracy = 0.5361999869346619
Training round: 647		accuracy = 0.35030001401901245
Training round: 648		accuracy = 0.5817000269889832
Training round: 649		accuracy = 0.5910000205039978
Training round: 650		accuracy = 0.6003000140190125
Training round: 651		accuracy = 0.58160001039505
Training round: 652		accuracy = 0.5649999976158142
Training round: 653		accuracy = 0.5716000199317932
Training round: 654		accuracy = 0.46939998865127563
Training round: 655		accuracy = 0.5906000137329102
Training round: 656		accuracy = 0.567300021648407
Training round: 657		accuracy = 0.5090000033378601
Training round: 658		accuracy = 0.5716000199317932
Training round: 659		accuracy = 0.5748000144958496
Training round: 660		accuracy = 0.35839998722076416
Training round: 661		accuracy = 0.4984000027179718
Training round: 662		accuracy = 0.5799000263214111
Training round: 663		accuracy = 0.574999988079071
Training round: 664		accuracy = 0.5911999940872192
Training round: 665		accuracy = 0.5123000144958496
Training round: 666		accuracy = 0.44429999589920044
Training round: 667		accuracy = 0.5812000036239624
Training round: 668		accuracy = 0.5102999806404114
Training round: 669		accuracy = 0.5920000076293945
Training round: 670		accuracy = 0.5949000120162964
Training round: 671		accuracy = 0.5918999910354614
Training round: 672		accuracy = 0.5281000137329102
Training round: 673		accuracy = 0.5888000130653381
Training round: 674		accuracy = 0.5685999989509583
Training round: 675		accuracy = 0.5956000089645386
Training round: 676		accuracy = 0.5845000147819519
Training round: 677		accuracy = 0.5133000016212463
Training round: 678		accuracy = 0.5558000206947327
Training round: 679		accuracy = 0.5982999801635742
Training round: 680		accuracy = 0.5849000215530396
Training round: 681		accuracy = 0.5903000235557556
Training round: 682		accuracy = 0.5598999857902527
Training round: 683		accuracy = 0.5914000272750854
Training round: 684		accuracy = 0.4235000014305115
Training round: 685		accuracy = 0.5838000178337097
Training round: 686		accuracy = 0.5827000141143799
Training round: 687		accuracy = 0.5878999829292297
Training round: 688		accuracy = 0.590499997138977
Training round: 689		accuracy = 0.5788000226020813
Training round: 690		accuracy = 0.5056999921798706
Training round: 691		accuracy = 0.498199999332428
Training round: 692		accuracy = 0.5771999955177307
Training round: 693		accuracy = 0.5766000151634216
Training round: 694		accuracy = 0.5713000297546387
Training round: 695		accuracy = 0.5809999704360962
Training round: 696		accuracy = 0.5835000276565552
Training round: 697		accuracy = 0.527899980545044
Training round: 698		accuracy = 0.5716999769210815
Training round: 699		accuracy = 0.4957999885082245
Training round: 700		accuracy = 0.5691999793052673
Training round: 701		accuracy = 0.484499990940094
Training round: 702		accuracy = 0.590499997138977
Training round: 703		accuracy = 0.5090000033378601
Training round: 704		accuracy = 0.5683000087738037
Training round: 705		accuracy = 0.5669999718666077
Training round: 706		accuracy = 0.3824999928474426
Training round: 707		accuracy = 0.539900004863739
Training round: 708		accuracy = 0.46070000529289246
Training round: 709		accuracy = 0.5529999732971191
Training round: 710		accuracy = 0.5738000273704529
Training round: 711		accuracy = 0.49070000648498535
Training round: 712		accuracy = 0.5008000135421753
Training round: 713		accuracy = 0.5476999878883362
Training round: 714		accuracy = 0.48750001192092896
Training round: 715		accuracy = 0.490200012922287
Training round: 716		accuracy = 0.5727999806404114
Training round: 717		accuracy = 0.49900001287460327
Training round: 718		accuracy = 0.5512999892234802
Training round: 719		accuracy = 0.567799985408783
Training round: 720		accuracy = 0.5582000017166138
Training round: 721		accuracy = 0.5170999765396118
Training round: 722		accuracy = 0.40549999475479126
Training round: 723		accuracy = 0.5455999970436096
Training round: 724		accuracy = 0.5242000222206116
Training round: 725		accuracy = 0.559499979019165
Training round: 726		accuracy = 0.5156999826431274
Training round: 727		accuracy = 0.5163000226020813
Training round: 728		accuracy = 0.6057999730110168
Training round: 729		accuracy = 0.5958999991416931
Training round: 730		accuracy = 0.57669997215271
Training round: 731		accuracy = 0.5016999840736389
Training round: 732		accuracy = 0.3869999945163727
Training round: 733		accuracy = 0.5206999778747559
Training round: 734		accuracy = 0.5394999980926514
Training round: 735		accuracy = 0.5640000104904175
Training round: 736		accuracy = 0.5254999995231628
Training round: 737		accuracy = 0.578000009059906
Training round: 738		accuracy = 0.5274999737739563
Training round: 739		accuracy = 0.5878000259399414
Training round: 740		accuracy = 0.5896999835968018
Training round: 741		accuracy = 0.5202000141143799
Training round: 742		accuracy = 0.5113000273704529
Training round: 743		accuracy = 0.5608000159263611
Training round: 744		accuracy = 0.5317000150680542
Training round: 745		accuracy = 0.5888000130653381
Training round: 746		accuracy = 0.5357000231742859
Training round: 747		accuracy = 0.5888000130653381
Training round: 748		accuracy = 0.4068000018596649
Training round: 749		accuracy = 0.41659998893737793
Training round: 750		accuracy = 0.5529999732971191
Training round: 751		accuracy = 0.5167999863624573
Training round: 752		accuracy = 0.5849000215530396
Training round: 753		accuracy = 0.5794000029563904
Training round: 754		accuracy = 0.516700029373169
Training round: 755		accuracy = 0.5461999773979187
Training round: 756		accuracy = 0.385699987411499
Training round: 757		accuracy = 0.5773000121116638
Training round: 758		accuracy = 0.5252000093460083
Training round: 759		accuracy = 0.5760999917984009
Training round: 760		accuracy = 0.569100022315979
Training round: 761		accuracy = 0.5044999718666077
Training round: 762		accuracy = 0.49459999799728394
Training round: 763		accuracy = 0.5952000021934509
Training round: 764		accuracy = 0.5989000201225281
Training round: 765		accuracy = 0.5974000096321106
Training round: 766		accuracy = 0.5954999923706055
Training round: 767		accuracy = 0.5949000120162964
Training round: 768		accuracy = 0.5911999940872192
Training round: 769		accuracy = 0.5924999713897705
Training round: 770		accuracy = 0.6050000190734863
Training round: 771		accuracy = 0.6013000011444092
Training round: 772		accuracy = 0.585099995136261
Training round: 773		accuracy = 0.5957000255584717
Training round: 774		accuracy = 0.6000000238418579
Training round: 775		accuracy = 0.5867999792098999
Training round: 776		accuracy = 0.5033000111579895
Training round: 777		accuracy = 0.5853999853134155
Training round: 778		accuracy = 0.5335000157356262
Training round: 779		accuracy = 0.5062999725341797
Training round: 780		accuracy = 0.5835000276565552
Training round: 781		accuracy = 0.5825999975204468
Training round: 782		accuracy = 0.5698999762535095
Training round: 783		accuracy = 0.5953999757766724
Training round: 784		accuracy = 0.5552999973297119
Training round: 785		accuracy = 0.5002999901771545
Training round: 786		accuracy = 0.5845999717712402
Training round: 787		accuracy = 0.5799999833106995
Training round: 788		accuracy = 0.6032000184059143
Training round: 789		accuracy = 0.4066999852657318
Training round: 790		accuracy = 0.5210000276565552
Training round: 791		accuracy = 0.40070000290870667
Training round: 792		accuracy = 0.5604000091552734
Training round: 793		accuracy = 0.5217999815940857
Training round: 794		accuracy = 0.5217999815940857
Training round: 795		accuracy = 0.5189999938011169
Training round: 796		accuracy = 0.34470000863075256
Training round: 797		accuracy = 0.5879999995231628
Training round: 798		accuracy = 0.5800999999046326
Training round: 799		accuracy = 0.435699999332428
Training round: 800		accuracy = 0.4440000057220459
Training round: 801		accuracy = 0.3781000077724457
Training round: 802		accuracy = 0.5620999932289124
Training round: 803		accuracy = 0.5655999779701233
Training round: 804		accuracy = 0.42980000376701355
Training round: 805		accuracy = 0.5393000245094299
Training round: 806		accuracy = 0.4569000005722046
Training round: 807		accuracy = 0.5580999851226807
Training round: 808		accuracy = 0.5250999927520752
Training round: 809		accuracy = 0.6047999858856201
Training round: 810		accuracy = 0.40619999170303345
Training round: 811		accuracy = 0.5823000073432922
Training round: 812		accuracy = 0.5073999762535095
Training round: 813		accuracy = 0.5174000263214111
Training round: 814		accuracy = 0.5947999954223633
Training round: 815		accuracy = 0.5550000071525574
Training round: 816		accuracy = 0.4401000142097473
Training round: 817		accuracy = 0.5875999927520752
Training round: 818		accuracy = 0.49230000376701355
Training round: 819		accuracy = 0.5888000130653381
Training round: 820		accuracy = 0.5763999819755554
Training round: 821		accuracy = 0.5866000056266785
Training round: 822		accuracy = 0.4788999855518341
Training round: 823		accuracy = 0.5878999829292297
Training round: 824		accuracy = 0.4255000054836273
Training round: 825		accuracy = 0.5848000049591064
Training round: 826		accuracy = 0.6018000245094299
Training round: 827		accuracy = 0.5407999753952026
Training round: 828		accuracy = 0.5805000066757202
Training round: 829		accuracy = 0.5975000262260437
Training round: 830		accuracy = 0.6011999845504761
Training round: 831		accuracy = 0.6191999912261963
Training round: 832		accuracy = 0.6169000267982483
Training round: 833		accuracy = 0.6096000075340271
Training round: 834		accuracy = 0.5945000052452087
Training round: 835		accuracy = 0.5924000144004822
Training round: 836		accuracy = 0.5916000008583069
Training round: 837		accuracy = 0.6072999835014343
Training round: 838		accuracy = 0.41749998927116394
Training round: 839		accuracy = 0.5715000033378601
Training round: 840		accuracy = 0.5138000249862671
Training round: 841		accuracy = 0.5623000264167786
Training round: 842		accuracy = 0.592199981212616
Training round: 843		accuracy = 0.5924999713897705
Training round: 844		accuracy = 0.5753999948501587
Training round: 845		accuracy = 0.5677000284194946
Training round: 846		accuracy = 0.566100001335144
Training round: 847		accuracy = 0.6083999872207642
Training round: 848		accuracy = 0.5884000062942505
Training round: 849		accuracy = 0.5849000215530396
Training round: 850		accuracy = 0.531000018119812
Training round: 851		accuracy = 0.6049000024795532
Training round: 852		accuracy = 0.6026999950408936
Training round: 853		accuracy = 0.593500018119812
Training round: 854		accuracy = 0.616100013256073
Training round: 855		accuracy = 0.6144999861717224
Training round: 856		accuracy = 0.548799991607666
Training round: 857		accuracy = 0.5710999965667725
Training round: 858		accuracy = 0.5902000069618225
Training round: 859		accuracy = 0.6068999767303467
Training round: 860		accuracy = 0.6039999723434448
Training round: 861		accuracy = 0.5724999904632568
Training round: 862		accuracy = 0.5152999758720398
Training round: 863		accuracy = 0.5699999928474426
Training round: 864		accuracy = 0.5806999802589417
Training round: 865		accuracy = 0.5342000126838684
Training round: 866		accuracy = 0.5070000290870667
Training round: 867		accuracy = 0.5217000246047974
Training round: 868		accuracy = 0.5656999945640564
Training round: 869		accuracy = 0.567300021648407
Training round: 870		accuracy = 0.5012000203132629
Training round: 871		accuracy = 0.589900016784668
Training round: 872		accuracy = 0.5860000252723694
Training round: 873		accuracy = 0.5694000124931335
Training round: 874		accuracy = 0.555400013923645
Training round: 875		accuracy = 0.4765999913215637
Training round: 876		accuracy = 0.47760000824928284
Training round: 877		accuracy = 0.5192999839782715
Training round: 878		accuracy = 0.557699978351593
Training round: 879		accuracy = 0.5788999795913696
Training round: 880		accuracy = 0.3562000095844269
Training round: 881		accuracy = 0.6055999994277954
Training round: 882		accuracy = 0.6061999797821045
Training round: 883		accuracy = 0.607200026512146
Training round: 884		accuracy = 0.6154000163078308
Training round: 885		accuracy = 0.6136999726295471
Training round: 886		accuracy = 0.6168000102043152
Training round: 887		accuracy = 0.5455999970436096
Training round: 888		accuracy = 0.5916000008583069
Training round: 889		accuracy = 0.5163999795913696
Training round: 890		accuracy = 0.5594000220298767
Training round: 891		accuracy = 0.45899999141693115
Training round: 892		accuracy = 0.5684000253677368
Training round: 893		accuracy = 0.6057000160217285
Training round: 894		accuracy = 0.5985999703407288
Training round: 895		accuracy = 0.4162999987602234
Training round: 896		accuracy = 0.6092000007629395
Training round: 897		accuracy = 0.608299970626831
Training round: 898		accuracy = 0.565500020980835
Training round: 899		accuracy = 0.44369998574256897
Training round: 900		accuracy = 0.5533999800682068
Training round: 901		accuracy = 0.507099986076355
Training round: 902		accuracy = 0.6061000227928162
Training round: 903		accuracy = 0.5958999991416931
Training round: 904		accuracy = 0.6151999831199646
Training round: 905		accuracy = 0.608299970626831
Training round: 906		accuracy = 0.5435000061988831
Training round: 907		accuracy = 0.5180000066757202
Training round: 908		accuracy = 0.5855000019073486
Training round: 909		accuracy = 0.59579998254776
Training round: 910		accuracy = 0.5972999930381775
Training round: 911		accuracy = 0.5482000112533569
Training round: 912		accuracy = 0.4975000023841858
Training round: 913		accuracy = 0.48750001192092896
Training round: 914		accuracy = 0.5849999785423279
Training round: 915		accuracy = 0.5328999757766724
Training round: 916		accuracy = 0.5695000290870667
Training round: 917		accuracy = 0.5967000126838684
Training round: 918		accuracy = 0.5313000082969666
Training round: 919		accuracy = 0.6179999709129333
Training round: 920		accuracy = 0.5393999814987183
Training round: 921		accuracy = 0.5975000262260437
Training round: 922		accuracy = 0.6022999882698059
Training round: 923		accuracy = 0.6161999702453613
Training round: 924		accuracy = 0.6097000241279602
Training round: 925		accuracy = 0.5218999981880188
Training round: 926		accuracy = 0.6060000061988831
Training round: 927		accuracy = 0.607200026512146
Training round: 928		accuracy = 0.6119999885559082
Training round: 929		accuracy = 0.5577999949455261
Training round: 930		accuracy = 0.6158000230789185
Training round: 931		accuracy = 0.5325000286102295
Training round: 932		accuracy = 0.555899977684021
Training round: 933		accuracy = 0.5967000126838684
Training round: 934		accuracy = 0.414900004863739
Training round: 935		accuracy = 0.4754999876022339
Training round: 936		accuracy = 0.5889000296592712
Training round: 937		accuracy = 0.592199981212616
Training round: 938		accuracy = 0.4025999903678894
Training round: 939		accuracy = 0.515999972820282
Training round: 940		accuracy = 0.5134999752044678
Training round: 941		accuracy = 0.5875999927520752
Training round: 942		accuracy = 0.5899999737739563
Training round: 943		accuracy = 0.5342000126838684
Training round: 944		accuracy = 0.5375999808311462
Training round: 945		accuracy = 0.5950000286102295
Training round: 946		accuracy = 0.5960000157356262
Training round: 947		accuracy = 0.5317999720573425
Training round: 948		accuracy = 0.5835000276565552
Training round: 949		accuracy = 0.6025000214576721
Training round: 950		accuracy = 0.6017000079154968
Training round: 951		accuracy = 0.6017000079154968
Training round: 952		accuracy = 0.6064000129699707
Training round: 953		accuracy = 0.3709999918937683
Training round: 954		accuracy = 0.41040000319480896
Training round: 955		accuracy = 0.5390999913215637
Training round: 956		accuracy = 0.5945000052452087
Training round: 957		accuracy = 0.6010000109672546
Training round: 958		accuracy = 0.5444999933242798
Training round: 959		accuracy = 0.5654000043869019
Training round: 960		accuracy = 0.5924000144004822
Training round: 961		accuracy = 0.43860000371932983
Training round: 962		accuracy = 0.6114000082015991
Training round: 963		accuracy = 0.6089000105857849
Training round: 964		accuracy = 0.5741999745368958
Training round: 965		accuracy = 0.5001000165939331
Training round: 966		accuracy = 0.5005000233650208
Training round: 967		accuracy = 0.5598000288009644
Training round: 968		accuracy = 0.3549000024795532
Training round: 969		accuracy = 0.6093000173568726
Training round: 970		accuracy = 0.542900025844574
Training round: 971		accuracy = 0.614300012588501
Training round: 972		accuracy = 0.614799976348877
Training round: 973		accuracy = 0.6313999891281128
Training round: 974		accuracy = 0.6225000023841858
Training round: 975		accuracy = 0.625
Training round: 976		accuracy = 0.59579998254776
Training round: 977		accuracy = 0.6255000233650208
Training round: 978		accuracy = 0.6274999976158142
Training round: 979		accuracy = 0.5536999702453613
Training round: 980		accuracy = 0.54339998960495
Training round: 981		accuracy = 0.5855000019073486
Training round: 982		accuracy = 0.607200026512146
Training round: 983		accuracy = 0.6141999959945679
Training round: 984		accuracy = 0.6194000244140625
Training round: 985		accuracy = 0.5091999769210815
Training round: 986		accuracy = 0.614799976348877
Training round: 987		accuracy = 0.5526999831199646
Training round: 988		accuracy = 0.5198000073432922
Training round: 989		accuracy = 0.6047999858856201
Training round: 990		accuracy = 0.6011999845504761
Training round: 991		accuracy = 0.597000002861023
Training round: 992		accuracy = 0.40939998626708984
Training round: 993		accuracy = 0.5396999716758728
Training round: 994		accuracy = 0.585099995136261
Training round: 995		accuracy = 0.6180999875068665
Training round: 996		accuracy = 0.5412999987602234
Training round: 997		accuracy = 0.6180999875068665
Training round: 998		accuracy = 0.541100025177002
Training round: 999		accuracy = 0.5716999769210815
Training round: 1000		accuracy = 0.5662999749183655
Training duration 9553.179262161255
