2021-08-22 20:06:12.080254: I tensorflow/stream_executor/platform/default/dso_loader.cc:49] Successfully opened dynamic library libcudart.so.11.0
2021-08-22 20:06:37.019212: I tensorflow/compiler/jit/xla_cpu_device.cc:41] Not creating XLA devices, tf_xla_enable_xla_devices not set
2021-08-22 20:06:37.024293: I tensorflow/stream_executor/platform/default/dso_loader.cc:49] Successfully opened dynamic library libcuda.so.1
2021-08-22 20:06:37.080526: I tensorflow/core/common_runtime/gpu/gpu_device.cc:1720] Found device 0 with properties: 
pciBusID: 0000:18:00.0 name: Tesla V100-SXM2-32GB computeCapability: 7.0
coreClock: 1.53GHz coreCount: 80 deviceMemorySize: 31.75GiB deviceMemoryBandwidth: 836.37GiB/s
2021-08-22 20:06:37.081086: I tensorflow/stream_executor/platform/default/dso_loader.cc:49] Successfully opened dynamic library libcudart.so.11.0
2021-08-22 20:06:37.101222: I tensorflow/stream_executor/platform/default/dso_loader.cc:49] Successfully opened dynamic library libcublas.so.11
2021-08-22 20:06:37.101365: I tensorflow/stream_executor/platform/default/dso_loader.cc:49] Successfully opened dynamic library libcublasLt.so.11
2021-08-22 20:06:37.106209: I tensorflow/stream_executor/platform/default/dso_loader.cc:49] Successfully opened dynamic library libcufft.so.10
2021-08-22 20:06:37.108626: I tensorflow/stream_executor/platform/default/dso_loader.cc:49] Successfully opened dynamic library libcurand.so.10
2021-08-22 20:06:37.116513: I tensorflow/stream_executor/platform/default/dso_loader.cc:49] Successfully opened dynamic library libcusolver.so.10
2021-08-22 20:06:37.118250: I tensorflow/stream_executor/platform/default/dso_loader.cc:49] Successfully opened dynamic library libcusparse.so.11
2021-08-22 20:06:37.118849: I tensorflow/stream_executor/platform/default/dso_loader.cc:49] Successfully opened dynamic library libcudnn.so.8
2021-08-22 20:06:37.123886: I tensorflow/core/common_runtime/gpu/gpu_device.cc:1862] Adding visible gpu devices: 0
2021-08-22 20:06:37.124732: I tensorflow/core/platform/cpu_feature_guard.cc:142] This TensorFlow binary is optimized with oneAPI Deep Neural Network Library (oneDNN) to use the following CPU instructions in performance-critical operations:  AVX2 AVX512F FMA
To enable them in other operations, rebuild TensorFlow with the appropriate compiler flags.
2021-08-22 20:06:37.125126: I tensorflow/compiler/jit/xla_gpu_device.cc:99] Not creating XLA devices, tf_xla_enable_xla_devices not set
2021-08-22 20:06:37.131996: I tensorflow/core/common_runtime/gpu/gpu_device.cc:1720] Found device 0 with properties: 
pciBusID: 0000:18:00.0 name: Tesla V100-SXM2-32GB computeCapability: 7.0
coreClock: 1.53GHz coreCount: 80 deviceMemorySize: 31.75GiB deviceMemoryBandwidth: 836.37GiB/s
2021-08-22 20:06:37.132148: I tensorflow/stream_executor/platform/default/dso_loader.cc:49] Successfully opened dynamic library libcudart.so.11.0
2021-08-22 20:06:37.132237: I tensorflow/stream_executor/platform/default/dso_loader.cc:49] Successfully opened dynamic library libcublas.so.11
2021-08-22 20:06:37.132316: I tensorflow/stream_executor/platform/default/dso_loader.cc:49] Successfully opened dynamic library libcublasLt.so.11
2021-08-22 20:06:37.132390: I tensorflow/stream_executor/platform/default/dso_loader.cc:49] Successfully opened dynamic library libcufft.so.10
2021-08-22 20:06:37.132455: I tensorflow/stream_executor/platform/default/dso_loader.cc:49] Successfully opened dynamic library libcurand.so.10
2021-08-22 20:06:37.132519: I tensorflow/stream_executor/platform/default/dso_loader.cc:49] Successfully opened dynamic library libcusolver.so.10
2021-08-22 20:06:37.132587: I tensorflow/stream_executor/platform/default/dso_loader.cc:49] Successfully opened dynamic library libcusparse.so.11
2021-08-22 20:06:37.132736: I tensorflow/stream_executor/platform/default/dso_loader.cc:49] Successfully opened dynamic library libcudnn.so.8
2021-08-22 20:06:37.141387: I tensorflow/core/common_runtime/gpu/gpu_device.cc:1862] Adding visible gpu devices: 0
2021-08-22 20:06:37.141596: I tensorflow/stream_executor/platform/default/dso_loader.cc:49] Successfully opened dynamic library libcudart.so.11.0
2021-08-22 20:06:38.591942: I tensorflow/core/common_runtime/gpu/gpu_device.cc:1261] Device interconnect StreamExecutor with strength 1 edge matrix:
2021-08-22 20:06:38.592144: I tensorflow/core/common_runtime/gpu/gpu_device.cc:1267]      0 
2021-08-22 20:06:38.592275: I tensorflow/core/common_runtime/gpu/gpu_device.cc:1280] 0:   N 
2021-08-22 20:06:38.601112: I tensorflow/core/common_runtime/gpu/gpu_device.cc:1406] Created TensorFlow device (/job:localhost/replica:0/task:0/device:GPU:0 with 30130 MB memory) -> physical GPU (device: 0, name: Tesla V100-SXM2-32GB, pci bus id: 0000:18:00.0, compute capability: 7.0)
2021-08-22 20:06:50.529445: I tensorflow/compiler/mlir/mlir_graph_optimization_pass.cc:116] None of the MLIR optimization passes are enabled (registered 2)
2021-08-22 20:06:50.533907: I tensorflow/core/platform/profile_utils/cpu_utils.cc:112] CPU Frequency: 2100000000 Hz
2021-08-22 20:06:50.609370: I tensorflow/stream_executor/platform/default/dso_loader.cc:49] Successfully opened dynamic library libcublas.so.11
2021-08-22 20:06:51.188824: I tensorflow/stream_executor/platform/default/dso_loader.cc:49] Successfully opened dynamic library libcublasLt.so.11
2021-08-22 20:06:51.199642: I tensorflow/stream_executor/platform/default/dso_loader.cc:49] Successfully opened dynamic library libcudnn.so.8
2021-08-22 20:06:54.239616: W tensorflow/stream_executor/gpu/asm_compiler.cc:63] Running ptxas --version returned 256
2021-08-22 20:06:54.670268: W tensorflow/stream_executor/gpu/redzone_allocator.cc:314] Internal: ptxas exited with non-zero error code 256, output: 
Relying on driver to perform ptx compilation. 
Modify $PATH to customize ptxas location.
This message will be only logged once.
UnbalanceMutator started.
UnbalanceMutator finished.
Training round: 1		accuracy = 0.645797073841095
Training round: 2		accuracy = 0.6657971143722534
Training round: 3		accuracy = 0.6628985404968262
Training round: 4		accuracy = 0.6817391514778137
Training round: 5		accuracy = 0.6686956286430359
Training round: 6		accuracy = 0.6852173805236816
Training round: 7		accuracy = 0.694492757320404
Training round: 8		accuracy = 0.6881159543991089
Training round: 9		accuracy = 0.697970986366272
Training round: 10		accuracy = 0.690144956111908
Training round: 11		accuracy = 0.7092753648757935
Training round: 12		accuracy = 0.6913043260574341
Training round: 13		accuracy = 0.7113043665885925
Training round: 14		accuracy = 0.7171014547348022
Training round: 15		accuracy = 0.714202880859375
Training round: 16		accuracy = 0.7084057927131653
Training round: 17		accuracy = 0.7191304564476013
Training round: 18		accuracy = 0.7101449370384216
Training round: 19		accuracy = 0.7182608842849731
Training round: 20		accuracy = 0.7191304564476013
Training round: 21		accuracy = 0.7127535939216614
Training round: 22		accuracy = 0.7200000286102295
Training round: 23		accuracy = 0.7307246327400208
Training round: 24		accuracy = 0.7197101712226868
Training round: 25		accuracy = 0.724927544593811
Training round: 26		accuracy = 0.705507218837738
Training round: 27		accuracy = 0.7318840622901917
Training round: 28		accuracy = 0.7278260588645935
Training round: 29		accuracy = 0.7313043475151062
Training round: 30		accuracy = 0.7281159162521362
Training round: 31		accuracy = 0.728405773639679
Training round: 32		accuracy = 0.7327536344528198
Training round: 33		accuracy = 0.7307246327400208
Training round: 34		accuracy = 0.7275362610816956
Training round: 35		accuracy = 0.7197101712226868
Training round: 36		accuracy = 0.7272464036941528
Training round: 37		accuracy = 0.7307246327400208
Training round: 38		accuracy = 0.735942006111145
Training round: 39		accuracy = 0.7278260588645935
Training round: 40		accuracy = 0.7315942049026489
Training round: 41		accuracy = 0.7307246327400208
Training round: 42		accuracy = 0.7318840622901917
Training round: 43		accuracy = 0.7295652031898499
Training round: 44		accuracy = 0.7330434918403625
Training round: 45		accuracy = 0.7342029213905334
Training round: 46		accuracy = 0.7333333492279053
Training round: 47		accuracy = 0.7060869336128235
Training round: 48		accuracy = 0.7342029213905334
Training round: 49		accuracy = 0.7356521487236023
Training round: 50		accuracy = 0.7379710078239441
Training round: 51		accuracy = 0.7269565463066101
Training round: 52		accuracy = 0.7298550605773926
Training round: 53		accuracy = 0.733623206615448
Training round: 54		accuracy = 0.7362318634986877
Training round: 55		accuracy = 0.7286956310272217
Training round: 56		accuracy = 0.733623206615448
Training round: 57		accuracy = 0.7318840622901917
Training round: 58		accuracy = 0.7301449179649353
Training round: 59		accuracy = 0.735942006111145
Training round: 60		accuracy = 0.739130437374115
Training round: 61		accuracy = 0.735942006111145
Training round: 62		accuracy = 0.735942006111145
Training round: 63		accuracy = 0.7368115782737732
Training round: 64		accuracy = 0.730434775352478
Training round: 65		accuracy = 0.7353622913360596
Training round: 66		accuracy = 0.7368115782737732
Training round: 67		accuracy = 0.7353622913360596
Training round: 68		accuracy = 0.7342029213905334
Training round: 69		accuracy = 0.7301449179649353
Training round: 70		accuracy = 0.7350724935531616
Training round: 71		accuracy = 0.733623206615448
Training round: 72		accuracy = 0.7339130640029907
Training round: 73		accuracy = 0.7385507225990295
Training round: 74		accuracy = 0.7315942049026489
Training round: 75		accuracy = 0.7339130640029907
Training round: 76		accuracy = 0.7368115782737732
Training round: 77		accuracy = 0.7353622913360596
Training round: 78		accuracy = 0.7368115782737732
Training round: 79		accuracy = 0.7402898669242859
Training round: 80		accuracy = 0.7402898669242859
Training round: 81		accuracy = 0.7431883811950684
Training round: 82		accuracy = 0.7420290112495422
Training round: 83		accuracy = 0.7397101521492004
Training round: 84		accuracy = 0.739130437374115
Training round: 85		accuracy = 0.7350724935531616
Training round: 86		accuracy = 0.7368115782737732
Training round: 87		accuracy = 0.7368115782737732
Training round: 88		accuracy = 0.7344927787780762
Training round: 89		accuracy = 0.7373912930488586
Training round: 90		accuracy = 0.7382608652114868
Training round: 91		accuracy = 0.7373912930488586
Training round: 92		accuracy = 0.7382608652114868
Training round: 93		accuracy = 0.7342029213905334
Training round: 94		accuracy = 0.7373912930488586
Training round: 95		accuracy = 0.7388405799865723
Training round: 96		accuracy = 0.7371014356613159
Training round: 97		accuracy = 0.7371014356613159
Training round: 98		accuracy = 0.7368115782737732
Training round: 99		accuracy = 0.7371014356613159
Training round: 100		accuracy = 0.7382608652114868
Training duration 6823.781147956848
