2021-08-22 19:23:32.649630: I tensorflow/stream_executor/platform/default/dso_loader.cc:49] Successfully opened dynamic library libcudart.so.11.0
2021-08-22 19:24:08.184415: I tensorflow/compiler/jit/xla_cpu_device.cc:41] Not creating XLA devices, tf_xla_enable_xla_devices not set
2021-08-22 19:24:08.216610: I tensorflow/stream_executor/platform/default/dso_loader.cc:49] Successfully opened dynamic library libcuda.so.1
2021-08-22 19:24:08.280819: I tensorflow/core/common_runtime/gpu/gpu_device.cc:1720] Found device 0 with properties: 
pciBusID: 0000:86:00.0 name: Tesla V100-SXM2-32GB computeCapability: 7.0
coreClock: 1.53GHz coreCount: 80 deviceMemorySize: 31.75GiB deviceMemoryBandwidth: 836.37GiB/s
2021-08-22 19:24:08.281225: I tensorflow/stream_executor/platform/default/dso_loader.cc:49] Successfully opened dynamic library libcudart.so.11.0
2021-08-22 19:24:08.290649: I tensorflow/stream_executor/platform/default/dso_loader.cc:49] Successfully opened dynamic library libcublas.so.11
2021-08-22 19:24:08.290761: I tensorflow/stream_executor/platform/default/dso_loader.cc:49] Successfully opened dynamic library libcublasLt.so.11
2021-08-22 19:24:08.295608: I tensorflow/stream_executor/platform/default/dso_loader.cc:49] Successfully opened dynamic library libcufft.so.10
2021-08-22 19:24:08.298066: I tensorflow/stream_executor/platform/default/dso_loader.cc:49] Successfully opened dynamic library libcurand.so.10
2021-08-22 19:24:08.305459: I tensorflow/stream_executor/platform/default/dso_loader.cc:49] Successfully opened dynamic library libcusolver.so.10
2021-08-22 19:24:08.307300: I tensorflow/stream_executor/platform/default/dso_loader.cc:49] Successfully opened dynamic library libcusparse.so.11
2021-08-22 19:24:08.307965: I tensorflow/stream_executor/platform/default/dso_loader.cc:49] Successfully opened dynamic library libcudnn.so.8
2021-08-22 19:24:08.312928: I tensorflow/core/common_runtime/gpu/gpu_device.cc:1862] Adding visible gpu devices: 0
2021-08-22 19:24:08.329564: I tensorflow/core/platform/cpu_feature_guard.cc:142] This TensorFlow binary is optimized with oneAPI Deep Neural Network Library (oneDNN) to use the following CPU instructions in performance-critical operations:  AVX2 AVX512F FMA
To enable them in other operations, rebuild TensorFlow with the appropriate compiler flags.
2021-08-22 19:24:08.329931: I tensorflow/compiler/jit/xla_gpu_device.cc:99] Not creating XLA devices, tf_xla_enable_xla_devices not set
2021-08-22 19:24:08.333533: I tensorflow/core/common_runtime/gpu/gpu_device.cc:1720] Found device 0 with properties: 
pciBusID: 0000:86:00.0 name: Tesla V100-SXM2-32GB computeCapability: 7.0
coreClock: 1.53GHz coreCount: 80 deviceMemorySize: 31.75GiB deviceMemoryBandwidth: 836.37GiB/s
2021-08-22 19:24:08.333708: I tensorflow/stream_executor/platform/default/dso_loader.cc:49] Successfully opened dynamic library libcudart.so.11.0
2021-08-22 19:24:08.333810: I tensorflow/stream_executor/platform/default/dso_loader.cc:49] Successfully opened dynamic library libcublas.so.11
2021-08-22 19:24:08.333955: I tensorflow/stream_executor/platform/default/dso_loader.cc:49] Successfully opened dynamic library libcublasLt.so.11
2021-08-22 19:24:08.334012: I tensorflow/stream_executor/platform/default/dso_loader.cc:49] Successfully opened dynamic library libcufft.so.10
2021-08-22 19:24:08.334140: I tensorflow/stream_executor/platform/default/dso_loader.cc:49] Successfully opened dynamic library libcurand.so.10
2021-08-22 19:24:08.334192: I tensorflow/stream_executor/platform/default/dso_loader.cc:49] Successfully opened dynamic library libcusolver.so.10
2021-08-22 19:24:08.334330: I tensorflow/stream_executor/platform/default/dso_loader.cc:49] Successfully opened dynamic library libcusparse.so.11
2021-08-22 19:24:08.334414: I tensorflow/stream_executor/platform/default/dso_loader.cc:49] Successfully opened dynamic library libcudnn.so.8
2021-08-22 19:24:08.340780: I tensorflow/core/common_runtime/gpu/gpu_device.cc:1862] Adding visible gpu devices: 0
2021-08-22 19:24:08.340915: I tensorflow/stream_executor/platform/default/dso_loader.cc:49] Successfully opened dynamic library libcudart.so.11.0
2021-08-22 19:24:09.699855: I tensorflow/core/common_runtime/gpu/gpu_device.cc:1261] Device interconnect StreamExecutor with strength 1 edge matrix:
2021-08-22 19:24:09.700041: I tensorflow/core/common_runtime/gpu/gpu_device.cc:1267]      0 
2021-08-22 19:24:09.700185: I tensorflow/core/common_runtime/gpu/gpu_device.cc:1280] 0:   N 
2021-08-22 19:24:09.710219: I tensorflow/core/common_runtime/gpu/gpu_device.cc:1406] Created TensorFlow device (/job:localhost/replica:0/task:0/device:GPU:0 with 30130 MB memory) -> physical GPU (device: 0, name: Tesla V100-SXM2-32GB, pci bus id: 0000:86:00.0, compute capability: 7.0)
2021-08-22 19:24:26.339472: I tensorflow/compiler/mlir/mlir_graph_optimization_pass.cc:116] None of the MLIR optimization passes are enabled (registered 2)
2021-08-22 19:24:26.348616: I tensorflow/core/platform/profile_utils/cpu_utils.cc:112] CPU Frequency: 2100000000 Hz
2021-08-22 19:24:26.466214: I tensorflow/stream_executor/platform/default/dso_loader.cc:49] Successfully opened dynamic library libcublas.so.11
2021-08-22 19:24:27.065085: I tensorflow/stream_executor/platform/default/dso_loader.cc:49] Successfully opened dynamic library libcublasLt.so.11
2021-08-22 19:24:27.075987: I tensorflow/stream_executor/platform/default/dso_loader.cc:49] Successfully opened dynamic library libcudnn.so.8
2021-08-22 19:24:29.762745: W tensorflow/stream_executor/gpu/asm_compiler.cc:63] Running ptxas --version returned 256
2021-08-22 19:24:29.945178: W tensorflow/stream_executor/gpu/redzone_allocator.cc:314] Internal: ptxas exited with non-zero error code 256, output: 
Relying on driver to perform ptx compilation. 
Modify $PATH to customize ptxas location.
This message will be only logged once.
LabelAttacker started.
LabelAttacker finished.
Training round: 1		accuracy = 0.48753622174263
Training round: 2		accuracy = 0.4365217387676239
Training round: 3		accuracy = 0.48782607913017273
Training round: 4		accuracy = 0.47681158781051636
Training round: 5		accuracy = 0.4817391335964203
Training round: 6		accuracy = 0.4547826051712036
Training round: 7		accuracy = 0.47130435705184937
Training round: 8		accuracy = 0.4669565260410309
Training round: 9		accuracy = 0.4872463643550873
Training round: 10		accuracy = 0.5040579438209534
Training round: 11		accuracy = 0.44724637269973755
Training round: 12		accuracy = 0.49391305446624756
Training round: 13		accuracy = 0.4669565260410309
Training round: 14		accuracy = 0.4660869538784027
Training round: 15		accuracy = 0.47652173042297363
Training round: 16		accuracy = 0.47652173042297363
Training round: 17		accuracy = 0.4979710280895233
Training round: 18		accuracy = 0.4718840718269348
Training round: 19		accuracy = 0.4979710280895233
Training round: 20		accuracy = 0.4968115985393524
Training round: 21		accuracy = 0.48782607913017273
Training round: 22		accuracy = 0.46086955070495605
Training round: 23		accuracy = 0.4918840527534485
Training round: 24		accuracy = 0.46637681126594543
Training round: 25		accuracy = 0.47333332896232605
Training round: 26		accuracy = 0.48028984665870667
Training round: 27		accuracy = 0.45739129185676575
Training round: 28		accuracy = 0.464057981967926
Training round: 29		accuracy = 0.4730434715747833
Training round: 30		accuracy = 0.4953623116016388
Training round: 31		accuracy = 0.46753624081611633
Training round: 32		accuracy = 0.469565212726593
Training round: 33		accuracy = 0.4637681245803833
Training round: 34		accuracy = 0.4715942144393921
Training round: 35		accuracy = 0.48898550868034363
Training round: 36		accuracy = 0.5002898573875427
Training round: 37		accuracy = 0.4910144805908203
Training round: 38		accuracy = 0.48782607913017273
Training round: 39		accuracy = 0.4742029011249542
Training round: 40		accuracy = 0.4724637567996979
Training round: 41		accuracy = 0.49507245421409607
Training round: 42		accuracy = 0.5011594295501709
Training round: 43		accuracy = 0.5011594295501709
Training round: 44		accuracy = 0.4910144805908203
Training round: 45		accuracy = 0.48898550868034363
Training round: 46		accuracy = 0.48579710721969604
Training round: 47		accuracy = 0.4855072498321533
Training round: 48		accuracy = 0.4614492654800415
Training round: 49		accuracy = 0.48579710721969604
Training round: 50		accuracy = 0.4965217411518097
Training round: 51		accuracy = 0.4794203042984009
Training round: 52		accuracy = 0.47652173042297363
Training round: 53		accuracy = 0.4831884205341339
Training round: 54		accuracy = 0.48579710721969604
Training round: 55		accuracy = 0.4988405704498291
Training round: 56		accuracy = 0.48260870575904846
Training round: 57		accuracy = 0.4991304278373718
Training round: 58		accuracy = 0.49594202637672424
Training round: 59		accuracy = 0.4933333396911621
Training round: 60		accuracy = 0.49507245421409607
Training round: 61		accuracy = 0.4968115985393524
Training round: 62		accuracy = 0.48782607913017273
Training round: 63		accuracy = 0.49594202637672424
Training round: 64		accuracy = 0.49594202637672424
Training round: 65		accuracy = 0.4898550808429718
Training round: 66		accuracy = 0.4843478202819824
Training round: 67		accuracy = 0.48782607913017273
Training round: 68		accuracy = 0.47884058952331543
Training round: 69		accuracy = 0.47768115997314453
Training round: 70		accuracy = 0.4968115985393524
Training round: 71		accuracy = 0.48927536606788635
Training round: 72		accuracy = 0.4828985631465912
Training round: 73		accuracy = 0.4704347848892212
Training round: 74		accuracy = 0.49159419536590576
Training round: 75		accuracy = 0.48782607913017273
Training round: 76		accuracy = 0.4866666793823242
Training round: 77		accuracy = 0.4907246232032776
Training round: 78		accuracy = 0.49246376752853394
Training round: 79		accuracy = 0.4953623116016388
Training round: 80		accuracy = 0.4991304278373718
Training round: 81		accuracy = 0.5
Training round: 82		accuracy = 0.48463767766952515
Training round: 83		accuracy = 0.49942028522491455
Training round: 84		accuracy = 0.49478259682655334
Training round: 85		accuracy = 0.5078260898590088
Training round: 86		accuracy = 0.5026087164878845
Training round: 87		accuracy = 0.48898550868034363
Training round: 88		accuracy = 0.48811593651771545
Training round: 89		accuracy = 0.4930434823036194
Training round: 90		accuracy = 0.4968115985393524
Training round: 91		accuracy = 0.4930434823036194
Training round: 92		accuracy = 0.4898550808429718
Training round: 93		accuracy = 0.4895652234554291
Training round: 94		accuracy = 0.49159419536590576
Training round: 95		accuracy = 0.4863768219947815
Training round: 96		accuracy = 0.48753622174263
Training round: 97		accuracy = 0.49275362491607666
Training round: 98		accuracy = 0.4930434823036194
Training round: 99		accuracy = 0.5002898573875427
Training round: 100		accuracy = 0.4918840527534485
Training duration 6743.7460997104645
