2021-08-23 15:18:05.038872: I tensorflow/stream_executor/platform/default/dso_loader.cc:49] Successfully opened dynamic library libcudart.so.11.0
2021-08-23 15:18:22.025962: I tensorflow/compiler/jit/xla_cpu_device.cc:41] Not creating XLA devices, tf_xla_enable_xla_devices not set
2021-08-23 15:18:22.031491: I tensorflow/stream_executor/platform/default/dso_loader.cc:49] Successfully opened dynamic library libcuda.so.1
2021-08-23 15:18:22.082910: I tensorflow/core/common_runtime/gpu/gpu_device.cc:1720] Found device 0 with properties: 
pciBusID: 0000:18:00.0 name: Tesla V100-SXM2-32GB computeCapability: 7.0
coreClock: 1.53GHz coreCount: 80 deviceMemorySize: 31.75GiB deviceMemoryBandwidth: 836.37GiB/s
2021-08-23 15:18:22.083368: I tensorflow/stream_executor/platform/default/dso_loader.cc:49] Successfully opened dynamic library libcudart.so.11.0
2021-08-23 15:18:22.092823: I tensorflow/stream_executor/platform/default/dso_loader.cc:49] Successfully opened dynamic library libcublas.so.11
2021-08-23 15:18:22.092958: I tensorflow/stream_executor/platform/default/dso_loader.cc:49] Successfully opened dynamic library libcublasLt.so.11
2021-08-23 15:18:22.098057: I tensorflow/stream_executor/platform/default/dso_loader.cc:49] Successfully opened dynamic library libcufft.so.10
2021-08-23 15:18:22.100430: I tensorflow/stream_executor/platform/default/dso_loader.cc:49] Successfully opened dynamic library libcurand.so.10
2021-08-23 15:18:22.107804: I tensorflow/stream_executor/platform/default/dso_loader.cc:49] Successfully opened dynamic library libcusolver.so.10
2021-08-23 15:18:22.109881: I tensorflow/stream_executor/platform/default/dso_loader.cc:49] Successfully opened dynamic library libcusparse.so.11
2021-08-23 15:18:22.110819: I tensorflow/stream_executor/platform/default/dso_loader.cc:49] Successfully opened dynamic library libcudnn.so.8
2021-08-23 15:18:22.117637: I tensorflow/core/common_runtime/gpu/gpu_device.cc:1862] Adding visible gpu devices: 0
2021-08-23 15:18:22.124692: I tensorflow/core/platform/cpu_feature_guard.cc:142] This TensorFlow binary is optimized with oneAPI Deep Neural Network Library (oneDNN) to use the following CPU instructions in performance-critical operations:  AVX2 AVX512F FMA
To enable them in other operations, rebuild TensorFlow with the appropriate compiler flags.
2021-08-23 15:18:22.125143: I tensorflow/compiler/jit/xla_gpu_device.cc:99] Not creating XLA devices, tf_xla_enable_xla_devices not set
2021-08-23 15:18:22.129334: I tensorflow/core/common_runtime/gpu/gpu_device.cc:1720] Found device 0 with properties: 
pciBusID: 0000:18:00.0 name: Tesla V100-SXM2-32GB computeCapability: 7.0
coreClock: 1.53GHz coreCount: 80 deviceMemorySize: 31.75GiB deviceMemoryBandwidth: 836.37GiB/s
2021-08-23 15:18:22.129414: I tensorflow/stream_executor/platform/default/dso_loader.cc:49] Successfully opened dynamic library libcudart.so.11.0
2021-08-23 15:18:22.129475: I tensorflow/stream_executor/platform/default/dso_loader.cc:49] Successfully opened dynamic library libcublas.so.11
2021-08-23 15:18:22.129521: I tensorflow/stream_executor/platform/default/dso_loader.cc:49] Successfully opened dynamic library libcublasLt.so.11
2021-08-23 15:18:22.129579: I tensorflow/stream_executor/platform/default/dso_loader.cc:49] Successfully opened dynamic library libcufft.so.10
2021-08-23 15:18:22.129625: I tensorflow/stream_executor/platform/default/dso_loader.cc:49] Successfully opened dynamic library libcurand.so.10
2021-08-23 15:18:22.129763: I tensorflow/stream_executor/platform/default/dso_loader.cc:49] Successfully opened dynamic library libcusolver.so.10
2021-08-23 15:18:22.129888: I tensorflow/stream_executor/platform/default/dso_loader.cc:49] Successfully opened dynamic library libcusparse.so.11
2021-08-23 15:18:22.130015: I tensorflow/stream_executor/platform/default/dso_loader.cc:49] Successfully opened dynamic library libcudnn.so.8
2021-08-23 15:18:22.138333: I tensorflow/core/common_runtime/gpu/gpu_device.cc:1862] Adding visible gpu devices: 0
2021-08-23 15:18:22.138502: I tensorflow/stream_executor/platform/default/dso_loader.cc:49] Successfully opened dynamic library libcudart.so.11.0
2021-08-23 15:18:23.265671: I tensorflow/core/common_runtime/gpu/gpu_device.cc:1261] Device interconnect StreamExecutor with strength 1 edge matrix:
2021-08-23 15:18:23.265818: I tensorflow/core/common_runtime/gpu/gpu_device.cc:1267]      0 
2021-08-23 15:18:23.265956: I tensorflow/core/common_runtime/gpu/gpu_device.cc:1280] 0:   N 
2021-08-23 15:18:23.284905: I tensorflow/core/common_runtime/gpu/gpu_device.cc:1406] Created TensorFlow device (/job:localhost/replica:0/task:0/device:GPU:0 with 30130 MB memory) -> physical GPU (device: 0, name: Tesla V100-SXM2-32GB, pci bus id: 0000:18:00.0, compute capability: 7.0)
2021-08-23 15:18:35.307366: I tensorflow/compiler/mlir/mlir_graph_optimization_pass.cc:116] None of the MLIR optimization passes are enabled (registered 2)
2021-08-23 15:18:35.311784: I tensorflow/core/platform/profile_utils/cpu_utils.cc:112] CPU Frequency: 2100000000 Hz
2021-08-23 15:18:35.388980: I tensorflow/stream_executor/platform/default/dso_loader.cc:49] Successfully opened dynamic library libcublas.so.11
2021-08-23 15:18:35.848570: I tensorflow/stream_executor/platform/default/dso_loader.cc:49] Successfully opened dynamic library libcublasLt.so.11
2021-08-23 15:18:35.859353: I tensorflow/stream_executor/platform/default/dso_loader.cc:49] Successfully opened dynamic library libcudnn.so.8
2021-08-23 15:18:38.400477: W tensorflow/stream_executor/gpu/asm_compiler.cc:63] Running ptxas --version returned 256
2021-08-23 15:18:38.508824: W tensorflow/stream_executor/gpu/redzone_allocator.cc:314] Internal: ptxas exited with non-zero error code 256, output: 
Relying on driver to perform ptx compilation. 
Modify $PATH to customize ptxas location.
This message will be only logged once.
LabelAttacker started.
LabelAttacker finished.
Training round: 1		accuracy = 0.4524637758731842
Training round: 2		accuracy = 0.46666666865348816
Training round: 3		accuracy = 0.49391305446624756
Training round: 4		accuracy = 0.4944927394390106
Training round: 5		accuracy = 0.5046376585960388
Training round: 6		accuracy = 0.4611594080924988
Training round: 7		accuracy = 0.4991304278373718
Training round: 8		accuracy = 0.5133333206176758
Training round: 9		accuracy = 0.483768105506897
Training round: 10		accuracy = 0.5026087164878845
Training round: 11		accuracy = 0.49507245421409607
Training round: 12		accuracy = 0.5115941762924194
Training round: 13		accuracy = 0.5179710388183594
Training round: 14		accuracy = 0.5237681269645691
Training round: 15		accuracy = 0.5011594295501709
Training round: 16		accuracy = 0.4944927394390106
Training round: 17		accuracy = 0.4886956512928009
Training round: 18		accuracy = 0.49159419536590576
Training round: 19		accuracy = 0.5223188400268555
Training round: 20		accuracy = 0.4884057939052582
Training round: 21		accuracy = 0.5014492869377136
Training round: 22		accuracy = 0.48927536606788635
Training round: 23		accuracy = 0.49043479561805725
Training round: 24		accuracy = 0.4968115985393524
Training round: 25		accuracy = 0.5023188591003418
Training round: 26		accuracy = 0.5133333206176758
Training round: 27		accuracy = 0.4895652234554291
Training round: 28		accuracy = 0.49246376752853394
Training round: 29		accuracy = 0.5043478012084961
Training round: 30		accuracy = 0.5089855194091797
Training round: 31		accuracy = 0.5150724649429321
Training round: 32		accuracy = 0.5092753767967224
Training round: 33		accuracy = 0.4965217411518097
Training round: 34		accuracy = 0.5040579438209534
Training round: 35		accuracy = 0.5179710388183594
Training round: 36		accuracy = 0.5115941762924194
Training round: 37		accuracy = 0.5188405513763428
Training round: 38		accuracy = 0.5147826075553894
Training round: 39		accuracy = 0.5147826075553894
Training round: 40		accuracy = 0.5066666603088379
Training round: 41		accuracy = 0.5211594104766846
Training round: 42		accuracy = 0.5110145211219788
Training round: 43		accuracy = 0.5098550915718079
Training round: 44		accuracy = 0.5028985738754272
Training round: 45		accuracy = 0.5104348063468933
Training round: 46		accuracy = 0.5188405513763428
Training round: 47		accuracy = 0.5095652341842651
Training round: 48		accuracy = 0.519710123538971
Training round: 49		accuracy = 0.5173913240432739
Training round: 50		accuracy = 0.5118840336799622
Training round: 51		accuracy = 0.5130434632301331
Training round: 52		accuracy = 0.5121738910675049
Training round: 53		accuracy = 0.5228985548019409
Training round: 54		accuracy = 0.5130434632301331
Training round: 55		accuracy = 0.5220289826393127
Training round: 56		accuracy = 0.5263767838478088
Training round: 57		accuracy = 0.52173912525177
Training round: 58		accuracy = 0.5240579843521118
Training round: 59		accuracy = 0.5214492678642273
Training round: 60		accuracy = 0.5289855003356934
Training round: 61		accuracy = 0.5240579843521118
Training round: 62		accuracy = 0.5223188400268555
Training round: 63		accuracy = 0.5202898383140564
Training round: 64		accuracy = 0.5205796957015991
Training round: 65		accuracy = 0.5240579843521118
Training round: 66		accuracy = 0.5310145020484924
Training round: 67		accuracy = 0.5284057855606079
Training round: 68		accuracy = 0.52492755651474
Training round: 69		accuracy = 0.5199999809265137
Training round: 70		accuracy = 0.5202898383140564
Training round: 71		accuracy = 0.5234782695770264
Training round: 72		accuracy = 0.5388405919075012
Training round: 73		accuracy = 0.5252174139022827
Training round: 74		accuracy = 0.5255072712898254
Training round: 75		accuracy = 0.527246356010437
Training round: 76		accuracy = 0.5289855003356934
Training round: 77		accuracy = 0.5289855003356934
Training round: 78		accuracy = 0.5527536273002625
Training round: 79		accuracy = 0.5301449298858643
Training round: 80		accuracy = 0.5275362133979797
Training round: 81		accuracy = 0.5286956429481506
Training round: 82		accuracy = 0.5295652151107788
Training round: 83		accuracy = 0.5373913049697876
Training round: 84		accuracy = 0.5330435037612915
Training round: 85		accuracy = 0.5275362133979797
Training round: 86		accuracy = 0.5347825884819031
Training round: 87		accuracy = 0.5394203066825867
Training round: 88		accuracy = 0.5373913049697876
Training round: 89		accuracy = 0.5301449298858643
Training round: 90		accuracy = 0.5402898788452148
Training round: 91		accuracy = 0.5339130163192749
Training round: 92		accuracy = 0.5371014475822449
Training round: 93		accuracy = 0.5342028737068176
Training round: 94		accuracy = 0.5344927310943604
Training round: 95		accuracy = 0.5388405919075012
Training round: 96		accuracy = 0.537971019744873
Training round: 97		accuracy = 0.5411593914031982
Training round: 98		accuracy = 0.5362318754196167
Training round: 99		accuracy = 0.5397101640701294
Training round: 100		accuracy = 0.5431883931159973
Training duration 5949.853824853897
