2021-08-23 17:58:41.718350: I tensorflow/stream_executor/platform/default/dso_loader.cc:49] Successfully opened dynamic library libcudart.so.11.0
2021-08-23 17:59:09.498985: I tensorflow/compiler/jit/xla_cpu_device.cc:41] Not creating XLA devices, tf_xla_enable_xla_devices not set
2021-08-23 17:59:09.506232: I tensorflow/stream_executor/platform/default/dso_loader.cc:49] Successfully opened dynamic library libcuda.so.1
2021-08-23 17:59:09.545279: I tensorflow/core/common_runtime/gpu/gpu_device.cc:1720] Found device 0 with properties: 
pciBusID: 0000:03:00.0 name: Tesla P100-PCIE-12GB computeCapability: 6.0
coreClock: 1.3285GHz coreCount: 56 deviceMemorySize: 11.91GiB deviceMemoryBandwidth: 511.41GiB/s
2021-08-23 17:59:09.545827: I tensorflow/stream_executor/platform/default/dso_loader.cc:49] Successfully opened dynamic library libcudart.so.11.0
2021-08-23 17:59:09.554584: I tensorflow/stream_executor/platform/default/dso_loader.cc:49] Successfully opened dynamic library libcublas.so.11
2021-08-23 17:59:09.554763: I tensorflow/stream_executor/platform/default/dso_loader.cc:49] Successfully opened dynamic library libcublasLt.so.11
2021-08-23 17:59:09.559459: I tensorflow/stream_executor/platform/default/dso_loader.cc:49] Successfully opened dynamic library libcufft.so.10
2021-08-23 17:59:09.561931: I tensorflow/stream_executor/platform/default/dso_loader.cc:49] Successfully opened dynamic library libcurand.so.10
2021-08-23 17:59:09.568885: I tensorflow/stream_executor/platform/default/dso_loader.cc:49] Successfully opened dynamic library libcusolver.so.10
2021-08-23 17:59:09.570970: I tensorflow/stream_executor/platform/default/dso_loader.cc:49] Successfully opened dynamic library libcusparse.so.11
2021-08-23 17:59:09.571925: I tensorflow/stream_executor/platform/default/dso_loader.cc:49] Successfully opened dynamic library libcudnn.so.8
2021-08-23 17:59:09.574433: I tensorflow/core/common_runtime/gpu/gpu_device.cc:1862] Adding visible gpu devices: 0
2021-08-23 17:59:09.579153: I tensorflow/core/platform/cpu_feature_guard.cc:142] This TensorFlow binary is optimized with oneAPI Deep Neural Network Library (oneDNN) to use the following CPU instructions in performance-critical operations:  AVX2 FMA
To enable them in other operations, rebuild TensorFlow with the appropriate compiler flags.
2021-08-23 17:59:09.579596: I tensorflow/compiler/jit/xla_gpu_device.cc:99] Not creating XLA devices, tf_xla_enable_xla_devices not set
2021-08-23 17:59:09.580821: I tensorflow/core/common_runtime/gpu/gpu_device.cc:1720] Found device 0 with properties: 
pciBusID: 0000:03:00.0 name: Tesla P100-PCIE-12GB computeCapability: 6.0
coreClock: 1.3285GHz coreCount: 56 deviceMemorySize: 11.91GiB deviceMemoryBandwidth: 511.41GiB/s
2021-08-23 17:59:09.580946: I tensorflow/stream_executor/platform/default/dso_loader.cc:49] Successfully opened dynamic library libcudart.so.11.0
2021-08-23 17:59:09.581043: I tensorflow/stream_executor/platform/default/dso_loader.cc:49] Successfully opened dynamic library libcublas.so.11
2021-08-23 17:59:09.581140: I tensorflow/stream_executor/platform/default/dso_loader.cc:49] Successfully opened dynamic library libcublasLt.so.11
2021-08-23 17:59:09.581199: I tensorflow/stream_executor/platform/default/dso_loader.cc:49] Successfully opened dynamic library libcufft.so.10
2021-08-23 17:59:09.581258: I tensorflow/stream_executor/platform/default/dso_loader.cc:49] Successfully opened dynamic library libcurand.so.10
2021-08-23 17:59:09.581347: I tensorflow/stream_executor/platform/default/dso_loader.cc:49] Successfully opened dynamic library libcusolver.so.10
2021-08-23 17:59:09.581447: I tensorflow/stream_executor/platform/default/dso_loader.cc:49] Successfully opened dynamic library libcusparse.so.11
2021-08-23 17:59:09.581506: I tensorflow/stream_executor/platform/default/dso_loader.cc:49] Successfully opened dynamic library libcudnn.so.8
2021-08-23 17:59:09.583492: I tensorflow/core/common_runtime/gpu/gpu_device.cc:1862] Adding visible gpu devices: 0
2021-08-23 17:59:09.583627: I tensorflow/stream_executor/platform/default/dso_loader.cc:49] Successfully opened dynamic library libcudart.so.11.0
2021-08-23 17:59:10.914478: I tensorflow/core/common_runtime/gpu/gpu_device.cc:1261] Device interconnect StreamExecutor with strength 1 edge matrix:
2021-08-23 17:59:10.914674: I tensorflow/core/common_runtime/gpu/gpu_device.cc:1267]      0 
2021-08-23 17:59:10.914792: I tensorflow/core/common_runtime/gpu/gpu_device.cc:1280] 0:   N 
2021-08-23 17:59:10.920589: I tensorflow/core/common_runtime/gpu/gpu_device.cc:1406] Created TensorFlow device (/job:localhost/replica:0/task:0/device:GPU:0 with 11119 MB memory) -> physical GPU (device: 0, name: Tesla P100-PCIE-12GB, pci bus id: 0000:03:00.0, compute capability: 6.0)
2021-08-23 17:59:24.549962: I tensorflow/compiler/mlir/mlir_graph_optimization_pass.cc:116] None of the MLIR optimization passes are enabled (registered 2)
2021-08-23 17:59:24.554145: I tensorflow/core/platform/profile_utils/cpu_utils.cc:112] CPU Frequency: 2200040000 Hz
2021-08-23 17:59:24.644838: I tensorflow/stream_executor/platform/default/dso_loader.cc:49] Successfully opened dynamic library libcublas.so.11
2021-08-23 17:59:25.026364: I tensorflow/stream_executor/platform/default/dso_loader.cc:49] Successfully opened dynamic library libcublasLt.so.11
2021-08-23 17:59:25.034467: I tensorflow/stream_executor/platform/default/dso_loader.cc:49] Successfully opened dynamic library libcudnn.so.8
2021-08-23 17:59:27.179366: W tensorflow/stream_executor/gpu/asm_compiler.cc:63] Running ptxas --version returned 256
2021-08-23 17:59:27.687133: W tensorflow/stream_executor/gpu/redzone_allocator.cc:314] Internal: ptxas exited with non-zero error code 256, output: 
Relying on driver to perform ptx compilation. 
Modify $PATH to customize ptxas location.
This message will be only logged once.
Training round: 1		accuracy = 0.6269565224647522
Training round: 2		accuracy = 0.6179710030555725
Training round: 3		accuracy = 0.3750724494457245
Training round: 4		accuracy = 0.6675362586975098
Training round: 5		accuracy = 0.6072463989257812
Training round: 6		accuracy = 0.6759420037269592
Training round: 7		accuracy = 0.665217399597168
Training round: 8		accuracy = 0.6637681126594543
Training round: 9		accuracy = 0.6860869526863098
Training round: 10		accuracy = 0.6857970952987671
Training round: 11		accuracy = 0.6452174186706543
Training round: 12		accuracy = 0.6884058117866516
Training round: 13		accuracy = 0.6805797219276428
Training round: 14		accuracy = 0.647826075553894
Training round: 15		accuracy = 0.6962319016456604
Training round: 16		accuracy = 0.6828985214233398
Training round: 17		accuracy = 0.6918840408325195
Training round: 18		accuracy = 0.6959420442581177
Training round: 19		accuracy = 0.6724637746810913
Training round: 20		accuracy = 0.6933333277702332
Training round: 21		accuracy = 0.6930434703826904
Training round: 22		accuracy = 0.6623188257217407
Training round: 23		accuracy = 0.6684057712554932
Training round: 24		accuracy = 0.6663768291473389
Training round: 25		accuracy = 0.6600000262260437
Training round: 26		accuracy = 0.6907246112823486
Training round: 27		accuracy = 0.6579710245132446
Training round: 28		accuracy = 0.6936231851577759
Training round: 29		accuracy = 0.6585507392883301
Training round: 30		accuracy = 0.6573913097381592
Training round: 31		accuracy = 0.692463755607605
Training round: 32		accuracy = 0.6547825932502747
Training round: 33		accuracy = 0.6582608819007874
Training round: 34		accuracy = 0.6611593961715698
Training round: 35		accuracy = 0.6947826147079468
Training round: 36		accuracy = 0.6918840408325195
Training round: 37		accuracy = 0.6550724506378174
Training round: 38		accuracy = 0.6939130425453186
Training round: 39		accuracy = 0.6568115949630737
Training round: 40		accuracy = 0.665217399597168
Training round: 41		accuracy = 0.6626086831092834
Training round: 42		accuracy = 0.6965217590332031
Training round: 43		accuracy = 0.6910144686698914
Training round: 44		accuracy = 0.656521737575531
Training round: 45		accuracy = 0.6927536129951477
Training round: 46		accuracy = 0.6573913097381592
Training round: 47		accuracy = 0.6646376848220825
Training round: 48		accuracy = 0.6950724720954895
Training round: 49		accuracy = 0.6626086831092834
Training round: 50		accuracy = 0.6626086831092834
Training round: 51		accuracy = 0.6637681126594543
Training round: 52		accuracy = 0.665217399597168
Training round: 53		accuracy = 0.6959420442581177
Training round: 54		accuracy = 0.6657971143722534
Training round: 55		accuracy = 0.665217399597168
Training round: 56		accuracy = 0.6637681126594543
Training round: 57		accuracy = 0.6950724720954895
Training round: 58		accuracy = 0.6939130425453186
Training round: 59		accuracy = 0.6634782552719116
Training round: 60		accuracy = 0.6657971143722534
Training round: 61		accuracy = 0.695652186870575
Training round: 62		accuracy = 0.6681159138679504
Training round: 63		accuracy = 0.6698550581932068
Training round: 64		accuracy = 0.6953623294830322
Training round: 65		accuracy = 0.6675362586975098
Training round: 66		accuracy = 0.6684057712554932
Training round: 67		accuracy = 0.6950724720954895
Training round: 68		accuracy = 0.6953623294830322
Training round: 69		accuracy = 0.6710144877433777
Training round: 70		accuracy = 0.6939130425453186
Training round: 71		accuracy = 0.6718840599060059
Training round: 72		accuracy = 0.6718840599060059
Training round: 73		accuracy = 0.6947826147079468
Training round: 74		accuracy = 0.6950724720954895
Training round: 75		accuracy = 0.6947826147079468
Training round: 76		accuracy = 0.6933333277702332
Training round: 77		accuracy = 0.6933333277702332
Training round: 78		accuracy = 0.6939130425453186
Training round: 79		accuracy = 0.6724637746810913
Training round: 80		accuracy = 0.6718840599060059
Training round: 81		accuracy = 0.6950724720954895
Training round: 82		accuracy = 0.6939130425453186
Training round: 83		accuracy = 0.6936231851577759
Training round: 84		accuracy = 0.6933333277702332
Training round: 85		accuracy = 0.6927536129951477
Training round: 86		accuracy = 0.692463755607605
Training round: 87		accuracy = 0.6701449155807495
Training round: 88		accuracy = 0.6959420442581177
Training round: 89		accuracy = 0.6936231851577759
Training round: 90		accuracy = 0.6936231851577759
Training round: 91		accuracy = 0.6930434703826904
Training round: 92		accuracy = 0.6715942025184631
Training round: 93		accuracy = 0.6953623294830322
Training round: 94		accuracy = 0.6765217185020447
Training round: 95		accuracy = 0.6962319016456604
Training round: 96		accuracy = 0.6942028999328613
Training round: 97		accuracy = 0.676231861114502
Training round: 98		accuracy = 0.6959420442581177
Training round: 99		accuracy = 0.6953623294830322
Training round: 100		accuracy = 0.6771014332771301
Training duration 8700.751081943512
