2021-08-13 11:42:04.896577: I tensorflow/stream_executor/platform/default/dso_loader.cc:49] Successfully opened dynamic library libcudart.so.11.0
2021-08-13 11:42:24.126954: I tensorflow/compiler/jit/xla_cpu_device.cc:41] Not creating XLA devices, tf_xla_enable_xla_devices not set
2021-08-13 11:42:24.130980: I tensorflow/stream_executor/platform/default/dso_loader.cc:49] Successfully opened dynamic library libcuda.so.1
2021-08-13 11:42:24.171053: I tensorflow/core/common_runtime/gpu/gpu_device.cc:1720] Found device 0 with properties: 
pciBusID: 0000:03:00.0 name: Tesla P100-PCIE-12GB computeCapability: 6.0
coreClock: 1.3285GHz coreCount: 56 deviceMemorySize: 11.91GiB deviceMemoryBandwidth: 511.41GiB/s
2021-08-13 11:42:24.171717: I tensorflow/stream_executor/platform/default/dso_loader.cc:49] Successfully opened dynamic library libcudart.so.11.0
2021-08-13 11:42:24.188872: I tensorflow/stream_executor/platform/default/dso_loader.cc:49] Successfully opened dynamic library libcublas.so.11
2021-08-13 11:42:24.189041: I tensorflow/stream_executor/platform/default/dso_loader.cc:49] Successfully opened dynamic library libcublasLt.so.11
2021-08-13 11:42:24.194926: I tensorflow/stream_executor/platform/default/dso_loader.cc:49] Successfully opened dynamic library libcufft.so.10
2021-08-13 11:42:24.196631: I tensorflow/stream_executor/platform/default/dso_loader.cc:49] Successfully opened dynamic library libcurand.so.10
2021-08-13 11:42:24.205177: I tensorflow/stream_executor/platform/default/dso_loader.cc:49] Successfully opened dynamic library libcusolver.so.10
2021-08-13 11:42:24.207503: I tensorflow/stream_executor/platform/default/dso_loader.cc:49] Successfully opened dynamic library libcusparse.so.11
2021-08-13 11:42:24.208166: I tensorflow/stream_executor/platform/default/dso_loader.cc:49] Successfully opened dynamic library libcudnn.so.8
2021-08-13 11:42:24.213171: I tensorflow/core/common_runtime/gpu/gpu_device.cc:1862] Adding visible gpu devices: 0
2021-08-13 11:42:24.214399: I tensorflow/core/platform/cpu_feature_guard.cc:142] This TensorFlow binary is optimized with oneAPI Deep Neural Network Library (oneDNN) to use the following CPU instructions in performance-critical operations:  AVX2 FMA
To enable them in other operations, rebuild TensorFlow with the appropriate compiler flags.
2021-08-13 11:42:24.214854: I tensorflow/compiler/jit/xla_gpu_device.cc:99] Not creating XLA devices, tf_xla_enable_xla_devices not set
2021-08-13 11:42:24.217299: I tensorflow/core/common_runtime/gpu/gpu_device.cc:1720] Found device 0 with properties: 
pciBusID: 0000:03:00.0 name: Tesla P100-PCIE-12GB computeCapability: 6.0
coreClock: 1.3285GHz coreCount: 56 deviceMemorySize: 11.91GiB deviceMemoryBandwidth: 511.41GiB/s
2021-08-13 11:42:24.217426: I tensorflow/stream_executor/platform/default/dso_loader.cc:49] Successfully opened dynamic library libcudart.so.11.0
2021-08-13 11:42:24.217490: I tensorflow/stream_executor/platform/default/dso_loader.cc:49] Successfully opened dynamic library libcublas.so.11
2021-08-13 11:42:24.217546: I tensorflow/stream_executor/platform/default/dso_loader.cc:49] Successfully opened dynamic library libcublasLt.so.11
2021-08-13 11:42:24.217649: I tensorflow/stream_executor/platform/default/dso_loader.cc:49] Successfully opened dynamic library libcufft.so.10
2021-08-13 11:42:24.217745: I tensorflow/stream_executor/platform/default/dso_loader.cc:49] Successfully opened dynamic library libcurand.so.10
2021-08-13 11:42:24.217852: I tensorflow/stream_executor/platform/default/dso_loader.cc:49] Successfully opened dynamic library libcusolver.so.10
2021-08-13 11:42:24.217951: I tensorflow/stream_executor/platform/default/dso_loader.cc:49] Successfully opened dynamic library libcusparse.so.11
2021-08-13 11:42:24.218018: I tensorflow/stream_executor/platform/default/dso_loader.cc:49] Successfully opened dynamic library libcudnn.so.8
2021-08-13 11:42:24.222493: I tensorflow/core/common_runtime/gpu/gpu_device.cc:1862] Adding visible gpu devices: 0
2021-08-13 11:42:24.222642: I tensorflow/stream_executor/platform/default/dso_loader.cc:49] Successfully opened dynamic library libcudart.so.11.0
2021-08-13 11:42:25.506301: I tensorflow/core/common_runtime/gpu/gpu_device.cc:1261] Device interconnect StreamExecutor with strength 1 edge matrix:
2021-08-13 11:42:25.506477: I tensorflow/core/common_runtime/gpu/gpu_device.cc:1267]      0 
2021-08-13 11:42:25.506570: I tensorflow/core/common_runtime/gpu/gpu_device.cc:1280] 0:   N 
2021-08-13 11:42:25.509969: I tensorflow/core/common_runtime/gpu/gpu_device.cc:1406] Created TensorFlow device (/job:localhost/replica:0/task:0/device:GPU:0 with 11119 MB memory) -> physical GPU (device: 0, name: Tesla P100-PCIE-12GB, pci bus id: 0000:03:00.0, compute capability: 6.0)
2021-08-13 11:42:26.264125: I tensorflow/compiler/mlir/mlir_graph_optimization_pass.cc:116] None of the MLIR optimization passes are enabled (registered 2)
2021-08-13 11:42:26.265125: I tensorflow/core/platform/profile_utils/cpu_utils.cc:112] CPU Frequency: 2199915000 Hz
2021-08-13 11:42:26.912812: I tensorflow/stream_executor/platform/default/dso_loader.cc:49] Successfully opened dynamic library libcublas.so.11
2021-08-13 11:42:27.238546: I tensorflow/stream_executor/platform/default/dso_loader.cc:49] Successfully opened dynamic library libcublasLt.so.11
2021-08-13 11:42:27.254017: I tensorflow/stream_executor/platform/default/dso_loader.cc:49] Successfully opened dynamic library libcudnn.so.8
2021-08-13 11:42:28.806430: W tensorflow/stream_executor/gpu/asm_compiler.cc:63] Running ptxas --version returned 256
2021-08-13 11:42:28.848229: W tensorflow/stream_executor/gpu/redzone_allocator.cc:314] Internal: ptxas exited with non-zero error code 256, output: 
Relying on driver to perform ptx compilation. 
Modify $PATH to customize ptxas location.
This message will be only logged once.
Training round: 1		accuracy = 0.10000000149011612
Training round: 2		accuracy = 0.13940000534057617
Training round: 3		accuracy = 0.10019999742507935
Training round: 4		accuracy = 0.10000000149011612
Training round: 5		accuracy = 0.10000000149011612
Training round: 6		accuracy = 0.10000000149011612
Training round: 7		accuracy = 0.10000000149011612
Training round: 8		accuracy = 0.10000000149011612
Training round: 9		accuracy = 0.10000000149011612
Training round: 10		accuracy = 0.11379999667406082
Training round: 11		accuracy = 0.11159999668598175
Training round: 12		accuracy = 0.1088000014424324
Training round: 13		accuracy = 0.1477999985218048
Training round: 14		accuracy = 0.10729999840259552
Training round: 15		accuracy = 0.14820000529289246
Training round: 16		accuracy = 0.1298999935388565
Training round: 17		accuracy = 0.1655000001192093
Training round: 18		accuracy = 0.16859999299049377
Training round: 19		accuracy = 0.14350000023841858
Training round: 20		accuracy = 0.1264999955892563
Training round: 21		accuracy = 0.14800000190734863
Training round: 22		accuracy = 0.16369999945163727
Training round: 23		accuracy = 0.16680000722408295
Training round: 24		accuracy = 0.12139999866485596
Training round: 25		accuracy = 0.13199999928474426
Training round: 26		accuracy = 0.10840000212192535
Training round: 27		accuracy = 0.12269999831914902
Training round: 28		accuracy = 0.1656000018119812
Training round: 29		accuracy = 0.15479999780654907
Training round: 30		accuracy = 0.17569999396800995
Training round: 31		accuracy = 0.1648000031709671
Training round: 32		accuracy = 0.21549999713897705
Training round: 33		accuracy = 0.1835000067949295
Training round: 34		accuracy = 0.12919999659061432
Training round: 35		accuracy = 0.1445000022649765
Training round: 36		accuracy = 0.16040000319480896
Training round: 37		accuracy = 0.17470000684261322
Training round: 38		accuracy = 0.17309999465942383
Training round: 39		accuracy = 0.17910000681877136
Training round: 40		accuracy = 0.21580000221729279
Training round: 41		accuracy = 0.2257000058889389
Training round: 42		accuracy = 0.23810000717639923
Training round: 43		accuracy = 0.19030000269412994
Training round: 44		accuracy = 0.2551000118255615
Training round: 45		accuracy = 0.22259999811649323
Training round: 46		accuracy = 0.24040000140666962
Training round: 47		accuracy = 0.10859999805688858
Training round: 48		accuracy = 0.1753000020980835
Training round: 49		accuracy = 0.16779999434947968
Training round: 50		accuracy = 0.2888000011444092
Training round: 51		accuracy = 0.243599995970726
Training round: 52		accuracy = 0.1860000044107437
Training round: 53		accuracy = 0.1941000074148178
Training round: 54		accuracy = 0.2434999942779541
Training round: 55		accuracy = 0.2295999974012375
Training round: 56		accuracy = 0.24070000648498535
Training round: 57		accuracy = 0.2567000091075897
Training round: 58		accuracy = 0.23980000615119934
Training round: 59		accuracy = 0.24130000174045563
Training round: 60		accuracy = 0.2004999965429306
Training round: 61		accuracy = 0.2874999940395355
Training round: 62		accuracy = 0.2159000039100647
Training round: 63		accuracy = 0.2976999878883362
Training round: 64		accuracy = 0.305400013923645
Training round: 65		accuracy = 0.27790001034736633
Training round: 66		accuracy = 0.12729999423027039
Training round: 67		accuracy = 0.259799987077713
Training round: 68		accuracy = 0.2863999903202057
Training round: 69		accuracy = 0.21979999542236328
Training round: 70		accuracy = 0.15360000729560852
Training round: 71		accuracy = 0.23319999873638153
Training round: 72		accuracy = 0.28060001134872437
Training round: 73		accuracy = 0.23119999468326569
Training round: 74		accuracy = 0.2581000030040741
Training round: 75		accuracy = 0.26179999113082886
Training round: 76		accuracy = 0.320499986410141
Training round: 77		accuracy = 0.15330000221729279
Training round: 78		accuracy = 0.3458000123500824
Training round: 79		accuracy = 0.26750001311302185
Training round: 80		accuracy = 0.2653000056743622
Training round: 81		accuracy = 0.3018999993801117
Training round: 82		accuracy = 0.28929999470710754
Training round: 83		accuracy = 0.12890000641345978
Training round: 84		accuracy = 0.24009999632835388
Training round: 85		accuracy = 0.16429999470710754
Training round: 86		accuracy = 0.28929999470710754
Training round: 87		accuracy = 0.20029999315738678
Training round: 88		accuracy = 0.14669999480247498
Training round: 89		accuracy = 0.32420000433921814
Training round: 90		accuracy = 0.31299999356269836
Training round: 91		accuracy = 0.3125
Training round: 92		accuracy = 0.28369998931884766
Training round: 93		accuracy = 0.3239000141620636
Training round: 94		accuracy = 0.3165000081062317
Training round: 95		accuracy = 0.30059999227523804
Training round: 96		accuracy = 0.33869999647140503
Training round: 97		accuracy = 0.28220000863075256
Training round: 98		accuracy = 0.3046000003814697
Training round: 99		accuracy = 0.3808000087738037
Training round: 100		accuracy = 0.366100013256073
Training round: 101		accuracy = 0.3718000054359436
Training round: 102		accuracy = 0.34389999508857727
Training round: 103		accuracy = 0.3100000023841858
Training round: 104		accuracy = 0.15800000727176666
Training round: 105		accuracy = 0.3666999936103821
Training round: 106		accuracy = 0.28630000352859497
Training round: 107		accuracy = 0.20479999482631683
Training round: 108		accuracy = 0.3564000129699707
Training round: 109		accuracy = 0.30489999055862427
Training round: 110		accuracy = 0.3937999904155731
Training round: 111		accuracy = 0.3806999921798706
Training round: 112		accuracy = 0.39719998836517334
Training round: 113		accuracy = 0.3698999881744385
Training round: 114		accuracy = 0.29789999127388
Training round: 115		accuracy = 0.34139999747276306
Training round: 116		accuracy = 0.28349998593330383
Training round: 117		accuracy = 0.35030001401901245
Training round: 118		accuracy = 0.37560001015663147
Training round: 119		accuracy = 0.22339999675750732
Training round: 120		accuracy = 0.3402000069618225
Training round: 121		accuracy = 0.19280000030994415
Training round: 122		accuracy = 0.1809999942779541
Training round: 123		accuracy = 0.37450000643730164
Training round: 124		accuracy = 0.4020000100135803
Training round: 125		accuracy = 0.21610000729560852
Training round: 126		accuracy = 0.3569999933242798
Training round: 127		accuracy = 0.42080000042915344
Training round: 128		accuracy = 0.42340001463890076
Training round: 129		accuracy = 0.2280000001192093
Training round: 130		accuracy = 0.274399995803833
Training round: 131		accuracy = 0.2295999974012375
Training round: 132		accuracy = 0.1809999942779541
Training round: 133		accuracy = 0.4205999970436096
Training round: 134		accuracy = 0.33399999141693115
Training round: 135		accuracy = 0.301800012588501
Training round: 136		accuracy = 0.35690000653266907
Training round: 137		accuracy = 0.38119998574256897
Training round: 138		accuracy = 0.24860000610351562
Training round: 139		accuracy = 0.31450000405311584
Training round: 140		accuracy = 0.4352000057697296
Training round: 141		accuracy = 0.37070000171661377
Training round: 142		accuracy = 0.36959999799728394
Training round: 143		accuracy = 0.3763999938964844
Training round: 144		accuracy = 0.2484000027179718
Training round: 145		accuracy = 0.3594000041484833
Training round: 146		accuracy = 0.34290000796318054
Training round: 147		accuracy = 0.3702000081539154
Training round: 148		accuracy = 0.36070001125335693
Training round: 149		accuracy = 0.21819999814033508
Training round: 150		accuracy = 0.19439999759197235
Training round: 151		accuracy = 0.35030001401901245
Training round: 152		accuracy = 0.36730000376701355
Training round: 153		accuracy = 0.23149999976158142
Training round: 154		accuracy = 0.22830000519752502
Training round: 155		accuracy = 0.3440000116825104
Training round: 156		accuracy = 0.3684000074863434
Training round: 157		accuracy = 0.40540000796318054
Training round: 158		accuracy = 0.3880999982357025
Training round: 159		accuracy = 0.2702000141143799
Training round: 160		accuracy = 0.2653999924659729
Training round: 161		accuracy = 0.352400004863739
Training round: 162		accuracy = 0.36800000071525574
Training round: 163		accuracy = 0.38830000162124634
Training round: 164		accuracy = 0.3952000141143799
Training round: 165		accuracy = 0.3801000118255615
Training round: 166		accuracy = 0.3871999979019165
Training round: 167		accuracy = 0.38260000944137573
Training round: 168		accuracy = 0.2628999948501587
Training round: 169		accuracy = 0.2678000032901764
Training round: 170		accuracy = 0.20819999277591705
Training round: 171		accuracy = 0.4207000136375427
Training round: 172		accuracy = 0.42329999804496765
Training round: 173		accuracy = 0.3659999966621399
Training round: 174		accuracy = 0.4269999861717224
Training round: 175		accuracy = 0.22990000247955322
Training round: 176		accuracy = 0.271699994802475
Training round: 177		accuracy = 0.38089999556541443
Training round: 178		accuracy = 0.39739999175071716
Training round: 179		accuracy = 0.18639999628067017
Training round: 180		accuracy = 0.26269999146461487
Training round: 181		accuracy = 0.44530001282691956
Training round: 182		accuracy = 0.373199999332428
Training round: 183		accuracy = 0.4221999943256378
Training round: 184		accuracy = 0.2858000099658966
Training round: 185		accuracy = 0.2678999900817871
Training round: 186		accuracy = 0.4465000033378601
Training round: 187		accuracy = 0.4153999984264374
Training round: 188		accuracy = 0.4180000126361847
Training round: 189		accuracy = 0.4115000069141388
Training round: 190		accuracy = 0.42890000343322754
Training round: 191		accuracy = 0.3986999988555908
Training round: 192		accuracy = 0.38040000200271606
Training round: 193		accuracy = 0.41530001163482666
Training round: 194		accuracy = 0.4187000095844269
Training round: 195		accuracy = 0.40720000863075256
Training round: 196		accuracy = 0.427700012922287
Training round: 197		accuracy = 0.4575999975204468
Training round: 198		accuracy = 0.42590001225471497
Training round: 199		accuracy = 0.4302000105381012
Training round: 200		accuracy = 0.420199990272522
Training round: 201		accuracy = 0.39259999990463257
Training round: 202		accuracy = 0.4381999969482422
Training round: 203		accuracy = 0.43479999899864197
Training round: 204		accuracy = 0.4122999906539917
Training round: 205		accuracy = 0.24320000410079956
Training round: 206		accuracy = 0.4424000084400177
Training round: 207		accuracy = 0.4480000138282776
Training round: 208		accuracy = 0.4564000070095062
Training round: 209		accuracy = 0.2962999939918518
Training round: 210		accuracy = 0.2842999994754791
Training round: 211		accuracy = 0.4408000111579895
Training round: 212		accuracy = 0.4544999897480011
Training round: 213		accuracy = 0.4077000021934509
Training round: 214		accuracy = 0.2703000009059906
Training round: 215		accuracy = 0.4106999933719635
Training round: 216		accuracy = 0.430400013923645
Training round: 217		accuracy = 0.41589999198913574
Training round: 218		accuracy = 0.4587000012397766
Training round: 219		accuracy = 0.45089998841285706
Training round: 220		accuracy = 0.4562999904155731
Training round: 221		accuracy = 0.4449999928474426
Training round: 222		accuracy = 0.2085999995470047
Training round: 223		accuracy = 0.46939998865127563
Training round: 224		accuracy = 0.44190001487731934
Training round: 225		accuracy = 0.44519999623298645
Training round: 226		accuracy = 0.4424999952316284
Training round: 227		accuracy = 0.42829999327659607
Training round: 228		accuracy = 0.22550000250339508
Training round: 229		accuracy = 0.26409998536109924
Training round: 230		accuracy = 0.3433000147342682
Training round: 231		accuracy = 0.20419999957084656
Training round: 232		accuracy = 0.4318000078201294
Training round: 233		accuracy = 0.43810001015663147
Training round: 234		accuracy = 0.4690999984741211
Training round: 235		accuracy = 0.43689998984336853
Training round: 236		accuracy = 0.47540000081062317
Training round: 237		accuracy = 0.4593000113964081
Training round: 238		accuracy = 0.4700999855995178
Training round: 239		accuracy = 0.4643999934196472
Training round: 240		accuracy = 0.44830000400543213
Training round: 241		accuracy = 0.4666000008583069
Training round: 242		accuracy = 0.46619999408721924
Training round: 243		accuracy = 0.4560000002384186
Training round: 244		accuracy = 0.47040000557899475
Training round: 245		accuracy = 0.46070000529289246
Training round: 246		accuracy = 0.29649999737739563
Training round: 247		accuracy = 0.4244999885559082
Training round: 248		accuracy = 0.44339999556541443
Training round: 249		accuracy = 0.4823000133037567
Training round: 250		accuracy = 0.48649999499320984
Training round: 251		accuracy = 0.44760000705718994
Training round: 252		accuracy = 0.4715000092983246
Training round: 253		accuracy = 0.48570001125335693
Training round: 254		accuracy = 0.46459999680519104
Training round: 255		accuracy = 0.4456000030040741
Training round: 256		accuracy = 0.47620001435279846
Training round: 257		accuracy = 0.4772999882698059
Training round: 258		accuracy = 0.4803999960422516
Training round: 259		accuracy = 0.4794999957084656
Training round: 260		accuracy = 0.46299999952316284
Training round: 261		accuracy = 0.4871000051498413
Training round: 262		accuracy = 0.289900004863739
Training round: 263		accuracy = 0.4659999907016754
Training round: 264		accuracy = 0.48980000615119934
Training round: 265		accuracy = 0.2896000146865845
Training round: 266		accuracy = 0.46369999647140503
Training round: 267		accuracy = 0.26809999346733093
Training round: 268		accuracy = 0.32679998874664307
Training round: 269		accuracy = 0.450300008058548
Training round: 270		accuracy = 0.47519999742507935
Training round: 271		accuracy = 0.490200012922287
Training round: 272		accuracy = 0.4641000032424927
Training round: 273		accuracy = 0.4758000075817108
Training round: 274		accuracy = 0.4603999853134155
Training round: 275		accuracy = 0.46070000529289246
Training round: 276		accuracy = 0.5044999718666077
Training round: 277		accuracy = 0.49470001459121704
Training round: 278		accuracy = 0.4973999857902527
Training round: 279		accuracy = 0.49160000681877136
Training round: 280		accuracy = 0.4894999861717224
Training round: 281		accuracy = 0.46299999952316284
Training round: 282		accuracy = 0.5026000142097473
Training round: 283		accuracy = 0.4830999970436096
Training round: 284		accuracy = 0.46939998865127563
Training round: 285		accuracy = 0.48420000076293945
Training round: 286		accuracy = 0.49869999289512634
Training round: 287		accuracy = 0.491100013256073
Training round: 288		accuracy = 0.48919999599456787
Training round: 289		accuracy = 0.492900013923645
Training round: 290		accuracy = 0.43299999833106995
Training round: 291		accuracy = 0.2020999938249588
Training round: 292		accuracy = 0.4781999886035919
Training round: 293		accuracy = 0.48350000381469727
Training round: 294		accuracy = 0.2736000120639801
Training round: 295		accuracy = 0.5022000074386597
Training round: 296		accuracy = 0.4580000042915344
Training round: 297		accuracy = 0.4830999970436096
Training round: 298		accuracy = 0.4968999922275543
Training round: 299		accuracy = 0.49880000948905945
Training round: 300		accuracy = 0.48339998722076416
Training round: 301		accuracy = 0.4945000112056732
Training round: 302		accuracy = 0.492000013589859
Training round: 303		accuracy = 0.48330000042915344
Training round: 304		accuracy = 0.435699999332428
Training round: 305		accuracy = 0.489300012588501
Training round: 306		accuracy = 0.49939998984336853
Training round: 307		accuracy = 0.508899986743927
Training round: 308		accuracy = 0.4431999921798706
Training round: 309		accuracy = 0.4722999930381775
Training round: 310		accuracy = 0.49950000643730164
Training round: 311		accuracy = 0.49799999594688416
Training round: 312		accuracy = 0.4957999885082245
Training round: 313		accuracy = 0.5076000094413757
Training round: 314		accuracy = 0.4896000027656555
Training round: 315		accuracy = 0.4480000138282776
Training round: 316		accuracy = 0.2922999858856201
Training round: 317		accuracy = 0.5062999725341797
Training round: 318		accuracy = 0.46720001101493835
Training round: 319		accuracy = 0.5031999945640564
Training round: 320		accuracy = 0.5206000208854675
Training round: 321		accuracy = 0.3569999933242798
Training round: 322		accuracy = 0.46959999203681946
Training round: 323		accuracy = 0.5109000205993652
Training round: 324		accuracy = 0.45660001039505005
Training round: 325		accuracy = 0.4677000045776367
Training round: 326		accuracy = 0.46389999985694885
Training round: 327		accuracy = 0.46939998865127563
Training round: 328		accuracy = 0.5030999779701233
Training round: 329		accuracy = 0.5139999985694885
Training round: 330		accuracy = 0.49399998784065247
Training round: 331		accuracy = 0.46880000829696655
Training round: 332		accuracy = 0.44940000772476196
Training round: 333		accuracy = 0.295199990272522
Training round: 334		accuracy = 0.31049999594688416
Training round: 335		accuracy = 0.47530001401901245
Training round: 336		accuracy = 0.46619999408721924
Training round: 337		accuracy = 0.5056999921798706
Training round: 338		accuracy = 0.5210000276565552
Training round: 339		accuracy = 0.5152999758720398
Training round: 340		accuracy = 0.4903999865055084
Training round: 341		accuracy = 0.5152000188827515
Training round: 342		accuracy = 0.478300005197525
Training round: 343		accuracy = 0.5041999816894531
Training round: 344		accuracy = 0.484499990940094
Training round: 345		accuracy = 0.5005999803543091
Training round: 346		accuracy = 0.4458000063896179
Training round: 347		accuracy = 0.4803999960422516
Training round: 348		accuracy = 0.4848000109195709
Training round: 349		accuracy = 0.46950000524520874
Training round: 350		accuracy = 0.4666999876499176
Training round: 351		accuracy = 0.5052000284194946
Training round: 352		accuracy = 0.5152000188827515
Training round: 353		accuracy = 0.48969998955726624
Training round: 354		accuracy = 0.4781999886035919
Training round: 355		accuracy = 0.5116000175476074
Training round: 356		accuracy = 0.5094000101089478
Training round: 357		accuracy = 0.503000020980835
Training round: 358		accuracy = 0.478300005197525
Training round: 359		accuracy = 0.5285000205039978
Training round: 360		accuracy = 0.5285999774932861
Training round: 361		accuracy = 0.4745999872684479
Training round: 362		accuracy = 0.49470001459121704
Training round: 363		accuracy = 0.47209998965263367
Training round: 364		accuracy = 0.48069998621940613
Training round: 365		accuracy = 0.5041999816894531
Training round: 366		accuracy = 0.4961000084877014
Training round: 367		accuracy = 0.25619998574256897
Training round: 368		accuracy = 0.5019000172615051
Training round: 369		accuracy = 0.4546999931335449
Training round: 370		accuracy = 0.48989999294281006
Training round: 371		accuracy = 0.5130000114440918
Training round: 372		accuracy = 0.5167999863624573
Training round: 373		accuracy = 0.5162000060081482
Training round: 374		accuracy = 0.4796999990940094
Training round: 375		accuracy = 0.2711000144481659
Training round: 376		accuracy = 0.4747999906539917
Training round: 377		accuracy = 0.37049999833106995
Training round: 378		accuracy = 0.3587999939918518
Training round: 379		accuracy = 0.32100000977516174
Training round: 380		accuracy = 0.47999998927116394
Training round: 381		accuracy = 0.5293999910354614
Training round: 382		accuracy = 0.5267999768257141
Training round: 383		accuracy = 0.5142999887466431
Training round: 384		accuracy = 0.4941999912261963
Training round: 385		accuracy = 0.37279999256134033
Training round: 386		accuracy = 0.48429998755455017
Training round: 387		accuracy = 0.4925000071525574
Training round: 388		accuracy = 0.3517000079154968
Training round: 389		accuracy = 0.35269999504089355
Training round: 390		accuracy = 0.5091999769210815
Training round: 391		accuracy = 0.34529998898506165
Training round: 392		accuracy = 0.5146999955177307
Training round: 393		accuracy = 0.5210000276565552
Training round: 394		accuracy = 0.5067999958992004
Training round: 395		accuracy = 0.3467999994754791
Training round: 396		accuracy = 0.5048999786376953
Training round: 397		accuracy = 0.4909999966621399
Training round: 398		accuracy = 0.5058000087738037
Training round: 399		accuracy = 0.35370001196861267
Training round: 400		accuracy = 0.5128999948501587
Training round: 401		accuracy = 0.5275999903678894
Training round: 402		accuracy = 0.5315999984741211
Training round: 403		accuracy = 0.5388000011444092
Training round: 404		accuracy = 0.5156000256538391
Training round: 405		accuracy = 0.5149999856948853
Training round: 406		accuracy = 0.3203999996185303
Training round: 407		accuracy = 0.5356000065803528
Training round: 408		accuracy = 0.5264999866485596
Training round: 409		accuracy = 0.5134000182151794
Training round: 410		accuracy = 0.5266000032424927
Training round: 411		accuracy = 0.4113999903202057
Training round: 412		accuracy = 0.4984999895095825
Training round: 413		accuracy = 0.4896000027656555
Training round: 414		accuracy = 0.48019999265670776
Training round: 415		accuracy = 0.3637999892234802
Training round: 416		accuracy = 0.5153999924659729
Training round: 417		accuracy = 0.5195000171661377
Training round: 418		accuracy = 0.5180000066757202
Training round: 419		accuracy = 0.5048999786376953
Training round: 420		accuracy = 0.5123999714851379
Training round: 421		accuracy = 0.5248000025749207
Training round: 422		accuracy = 0.5066999793052673
Training round: 423		accuracy = 0.5220000147819519
Training round: 424		accuracy = 0.5257999897003174
Training round: 425		accuracy = 0.4510999917984009
Training round: 426		accuracy = 0.5015000104904175
Training round: 427		accuracy = 0.5037999749183655
Training round: 428		accuracy = 0.489300012588501
Training round: 429		accuracy = 0.5302000045776367
Training round: 430		accuracy = 0.5327000021934509
Training round: 431		accuracy = 0.48829999566078186
Training round: 432		accuracy = 0.5289999842643738
Training round: 433		accuracy = 0.5174999833106995
Training round: 434		accuracy = 0.49779999256134033
Training round: 435		accuracy = 0.24490000307559967
Training round: 436		accuracy = 0.524399995803833
Training round: 437		accuracy = 0.5099999904632568
Training round: 438		accuracy = 0.5151000022888184
Training round: 439		accuracy = 0.5248000025749207
Training round: 440		accuracy = 0.5422999858856201
Training round: 441		accuracy = 0.5407000184059143
Training round: 442		accuracy = 0.5480999946594238
Training round: 443		accuracy = 0.5533999800682068
Training round: 444		accuracy = 0.40639999508857727
Training round: 445		accuracy = 0.5436999797821045
Training round: 446		accuracy = 0.5400000214576721
Training round: 447		accuracy = 0.5329999923706055
Training round: 448		accuracy = 0.3765000104904175
Training round: 449		accuracy = 0.5220000147819519
Training round: 450		accuracy = 0.5285000205039978
Training round: 451		accuracy = 0.5649999976158142
Training round: 452		accuracy = 0.5386999845504761
Training round: 453		accuracy = 0.4756999909877777
Training round: 454		accuracy = 0.5184999704360962
Training round: 455		accuracy = 0.3815999925136566
Training round: 456		accuracy = 0.38499999046325684
Training round: 457		accuracy = 0.5228999853134155
Training round: 458		accuracy = 0.5575000047683716
Training round: 459		accuracy = 0.5029000043869019
Training round: 460		accuracy = 0.37279999256134033
Training round: 461		accuracy = 0.5554999709129333
Training round: 462		accuracy = 0.5630999803543091
Training round: 463		accuracy = 0.5393000245094299
Training round: 464		accuracy = 0.5200999975204468
Training round: 465		accuracy = 0.39329999685287476
Training round: 466		accuracy = 0.5604000091552734
Training round: 467		accuracy = 0.527999997138977
Training round: 468		accuracy = 0.39640000462532043
Training round: 469		accuracy = 0.5590999722480774
Training round: 470		accuracy = 0.534500002861023
Training round: 471		accuracy = 0.4117000102996826
Training round: 472		accuracy = 0.5062000155448914
Training round: 473		accuracy = 0.5112000107765198
Training round: 474		accuracy = 0.5444999933242798
Training round: 475		accuracy = 0.5210000276565552
Training round: 476		accuracy = 0.5350000262260437
Training round: 477		accuracy = 0.5346999764442444
Training round: 478		accuracy = 0.5389000177383423
Training round: 479		accuracy = 0.5268999934196472
Training round: 480		accuracy = 0.5056999921798706
Training round: 481		accuracy = 0.5295000076293945
Training round: 482		accuracy = 0.52920001745224
Training round: 483		accuracy = 0.5396999716758728
Training round: 484		accuracy = 0.5317000150680542
Training round: 485		accuracy = 0.5332000255584717
Training round: 486		accuracy = 0.5483999848365784
Training round: 487		accuracy = 0.39469999074935913
Training round: 488		accuracy = 0.5559999942779541
Training round: 489		accuracy = 0.5174999833106995
Training round: 490		accuracy = 0.5041999816894531
Training round: 491		accuracy = 0.5412999987602234
Training round: 492		accuracy = 0.5440000295639038
Training round: 493		accuracy = 0.5023999810218811
Training round: 494		accuracy = 0.5232999920845032
Training round: 495		accuracy = 0.5412999987602234
Training round: 496		accuracy = 0.5335999727249146
Training round: 497		accuracy = 0.2736999988555908
Training round: 498		accuracy = 0.5382999777793884
Training round: 499		accuracy = 0.5582000017166138
Training round: 500		accuracy = 0.5192999839782715
Training round: 501		accuracy = 0.5336999893188477
Training round: 502		accuracy = 0.5220999717712402
Training round: 503		accuracy = 0.5073000192642212
Training round: 504		accuracy = 0.5486999750137329
Training round: 505		accuracy = 0.5437999963760376
Training round: 506		accuracy = 0.41029998660087585
Training round: 507		accuracy = 0.5644999742507935
Training round: 508		accuracy = 0.49779999256134033
Training round: 509		accuracy = 0.5231999754905701
Training round: 510		accuracy = 0.38449999690055847
Training round: 511		accuracy = 0.39480000734329224
Training round: 512		accuracy = 0.3878999948501587
Training round: 513		accuracy = 0.5371999740600586
Training round: 514		accuracy = 0.545799970626831
Training round: 515		accuracy = 0.5331000089645386
Training round: 516		accuracy = 0.5404999852180481
Training round: 517		accuracy = 0.5264000296592712
Training round: 518		accuracy = 0.37709999084472656
Training round: 519		accuracy = 0.5618000030517578
Training round: 520		accuracy = 0.257099986076355
Training round: 521		accuracy = 0.39089998602867126
Training round: 522		accuracy = 0.5443000197410583
Training round: 523		accuracy = 0.2847999930381775
Training round: 524		accuracy = 0.27720001339912415
Training round: 525		accuracy = 0.5230000019073486
Training round: 526		accuracy = 0.5407000184059143
Training round: 527		accuracy = 0.5404000282287598
Training round: 528		accuracy = 0.5752999782562256
Training round: 529		accuracy = 0.5601999759674072
Training round: 530		accuracy = 0.5511000156402588
Training round: 531		accuracy = 0.5540000200271606
Training round: 532		accuracy = 0.5724999904632568
Training round: 533		accuracy = 0.5741999745368958
Training round: 534		accuracy = 0.5753999948501587
Training round: 535		accuracy = 0.5566999912261963
Training round: 536		accuracy = 0.5446000099182129
Training round: 537		accuracy = 0.5623999834060669
Training round: 538		accuracy = 0.5694000124931335
Training round: 539		accuracy = 0.5746999979019165
Training round: 540		accuracy = 0.5544999837875366
Training round: 541		accuracy = 0.5809000134468079
Training round: 542		accuracy = 0.5715000033378601
Training round: 543		accuracy = 0.555899977684021
Training round: 544		accuracy = 0.541700005531311
Training round: 545		accuracy = 0.5421000123023987
Training round: 546		accuracy = 0.5299000144004822
Training round: 547		accuracy = 0.4374000132083893
Training round: 548		accuracy = 0.5568000078201294
Training round: 549		accuracy = 0.4171000123023987
Training round: 550		accuracy = 0.5536999702453613
Training round: 551		accuracy = 0.38370001316070557
Training round: 552		accuracy = 0.5364000201225281
Training round: 553		accuracy = 0.5379999876022339
Training round: 554		accuracy = 0.3095000088214874
Training round: 555		accuracy = 0.5268999934196472
Training round: 556		accuracy = 0.4779999852180481
Training round: 557		accuracy = 0.4092000126838684
Training round: 558		accuracy = 0.48829999566078186
Training round: 559		accuracy = 0.42170000076293945
Training round: 560		accuracy = 0.5390999913215637
Training round: 561		accuracy = 0.4343999922275543
Training round: 562		accuracy = 0.4016999900341034
Training round: 563		accuracy = 0.3991999924182892
Training round: 564		accuracy = 0.5152000188827515
Training round: 565		accuracy = 0.5346999764442444
Training round: 566		accuracy = 0.5034000277519226
Training round: 567		accuracy = 0.5254999995231628
Training round: 568		accuracy = 0.5408999919891357
Training round: 569		accuracy = 0.435699999332428
Training round: 570		accuracy = 0.45100000500679016
Training round: 571		accuracy = 0.5561000108718872
Training round: 572		accuracy = 0.5472000241279602
Training round: 573		accuracy = 0.4456000030040741
Training round: 574		accuracy = 0.5023999810218811
Training round: 575		accuracy = 0.5357000231742859
Training round: 576		accuracy = 0.5467000007629395
Training round: 577		accuracy = 0.44350001215934753
Training round: 578		accuracy = 0.5752999782562256
Training round: 579		accuracy = 0.4675000011920929
Training round: 580		accuracy = 0.45089998841285706
Training round: 581		accuracy = 0.5853000283241272
Training round: 582		accuracy = 0.546500027179718
Training round: 583		accuracy = 0.5608000159263611
Training round: 584		accuracy = 0.5450999736785889
Training round: 585		accuracy = 0.5785999894142151
Training round: 586		accuracy = 0.47600001096725464
Training round: 587		accuracy = 0.43639999628067017
Training round: 588		accuracy = 0.5885000228881836
Training round: 589		accuracy = 0.43939998745918274
Training round: 590		accuracy = 0.5605999827384949
Training round: 591		accuracy = 0.5149000287055969
Training round: 592		accuracy = 0.5827000141143799
Training round: 593		accuracy = 0.5058000087738037
Training round: 594		accuracy = 0.5464000105857849
Training round: 595		accuracy = 0.5575000047683716
Training round: 596		accuracy = 0.5527999997138977
Training round: 597		accuracy = 0.5763999819755554
Training round: 598		accuracy = 0.5512999892234802
Training round: 599		accuracy = 0.5670999884605408
Training round: 600		accuracy = 0.5730999708175659
Training round: 601		accuracy = 0.5602999925613403
Training round: 602		accuracy = 0.5716000199317932
Training round: 603		accuracy = 0.5436999797821045
Training round: 604		accuracy = 0.5511000156402588
Training round: 605		accuracy = 0.5583000183105469
Training round: 606		accuracy = 0.5641000270843506
Training round: 607		accuracy = 0.5497000217437744
Training round: 608		accuracy = 0.5529000163078308
Training round: 609		accuracy = 0.5558000206947327
Training round: 610		accuracy = 0.5480999946594238
Training round: 611		accuracy = 0.5437999963760376
Training round: 612		accuracy = 0.5665000081062317
Training round: 613		accuracy = 0.5552999973297119
Training round: 614		accuracy = 0.5645999908447266
Training round: 615		accuracy = 0.5598999857902527
Training round: 616		accuracy = 0.527400016784668
Training round: 617		accuracy = 0.5110999941825867
Training round: 618		accuracy = 0.5519999861717224
Training round: 619		accuracy = 0.5529000163078308
Training round: 620		accuracy = 0.5608999729156494
Training round: 621		accuracy = 0.5282999873161316
Training round: 622		accuracy = 0.5530999898910522
Training round: 623		accuracy = 0.527400016784668
Training round: 624		accuracy = 0.5447999835014343
Training round: 625		accuracy = 0.420199990272522
Training round: 626		accuracy = 0.51419997215271
Training round: 627		accuracy = 0.43209999799728394
Training round: 628		accuracy = 0.4327000081539154
Training round: 629		accuracy = 0.44760000705718994
Training round: 630		accuracy = 0.5146999955177307
Training round: 631		accuracy = 0.5507000088691711
Training round: 632		accuracy = 0.5464000105857849
Training round: 633		accuracy = 0.5758000016212463
Training round: 634		accuracy = 0.5733000040054321
Training round: 635		accuracy = 0.5636000037193298
Training round: 636		accuracy = 0.4431999921798706
Training round: 637		accuracy = 0.5641999840736389
Training round: 638		accuracy = 0.4481000006198883
Training round: 639		accuracy = 0.5911999940872192
Training round: 640		accuracy = 0.5498999953269958
Training round: 641		accuracy = 0.5785999894142151
Training round: 642		accuracy = 0.585099995136261
Training round: 643		accuracy = 0.5853999853134155
Training round: 644		accuracy = 0.5805000066757202
Training round: 645		accuracy = 0.5534999966621399
Training round: 646		accuracy = 0.5299000144004822
Training round: 647		accuracy = 0.5680000185966492
Training round: 648		accuracy = 0.5432000160217285
Training round: 649		accuracy = 0.349700003862381
Training round: 650		accuracy = 0.5662999749183655
Training round: 651		accuracy = 0.5672000050544739
Training round: 652		accuracy = 0.5853000283241272
Training round: 653		accuracy = 0.3431999981403351
Training round: 654		accuracy = 0.4293000102043152
Training round: 655		accuracy = 0.5716999769210815
Training round: 656		accuracy = 0.5526000261306763
Training round: 657		accuracy = 0.5629000067710876
Training round: 658		accuracy = 0.5493000149726868
Training round: 659		accuracy = 0.33379998803138733
Training round: 660		accuracy = 0.5449000000953674
Training round: 661		accuracy = 0.5932999849319458
Training round: 662		accuracy = 0.5573999881744385
Training round: 663		accuracy = 0.5651000142097473
Training round: 664		accuracy = 0.5692999958992004
Training round: 665		accuracy = 0.5863000154495239
Training round: 666		accuracy = 0.573199987411499
Training round: 667		accuracy = 0.4440999925136566
Training round: 668		accuracy = 0.4593000113964081
Training round: 669		accuracy = 0.5430999994277954
Training round: 670		accuracy = 0.44920000433921814
Training round: 671		accuracy = 0.5702000260353088
Training round: 672		accuracy = 0.5565999746322632
Training round: 673		accuracy = 0.5809000134468079
Training round: 674		accuracy = 0.5838000178337097
Training round: 675		accuracy = 0.5771999955177307
Training round: 676		accuracy = 0.5583999752998352
Training round: 677		accuracy = 0.5493000149726868
Training round: 678		accuracy = 0.564300000667572
Training round: 679		accuracy = 0.5698999762535095
Training round: 680		accuracy = 0.5587999820709229
Training round: 681		accuracy = 0.551800012588501
Training round: 682		accuracy = 0.5453000068664551
Training round: 683		accuracy = 0.5403000116348267
Training round: 684		accuracy = 0.4512999951839447
Training round: 685		accuracy = 0.5735999941825867
Training round: 686		accuracy = 0.5788999795913696
Training round: 687		accuracy = 0.6029000282287598
Training round: 688		accuracy = 0.5659000277519226
Training round: 689		accuracy = 0.44209998846054077
Training round: 690		accuracy = 0.4893999993801117
Training round: 691		accuracy = 0.5758000016212463
Training round: 692		accuracy = 0.5590999722480774
Training round: 693		accuracy = 0.550599992275238
Training round: 694		accuracy = 0.5224999785423279
Training round: 695		accuracy = 0.5393000245094299
Training round: 696		accuracy = 0.5587000250816345
Training round: 697		accuracy = 0.5641999840736389
Training round: 698		accuracy = 0.5544000267982483
Training round: 699		accuracy = 0.4521999955177307
Training round: 700		accuracy = 0.5855000019073486
Training round: 701		accuracy = 0.37630000710487366
Training round: 702		accuracy = 0.4471000134944916
Training round: 703		accuracy = 0.5888000130653381
Training round: 704		accuracy = 0.570900022983551
Training round: 705		accuracy = 0.5943999886512756
Training round: 706		accuracy = 0.5422000288963318
Training round: 707		accuracy = 0.5759999752044678
Training round: 708		accuracy = 0.5648000240325928
Training round: 709		accuracy = 0.46070000529289246
Training round: 710		accuracy = 0.5759999752044678
Training round: 711		accuracy = 0.4607999920845032
Training round: 712		accuracy = 0.538100004196167
Training round: 713		accuracy = 0.4620000123977661
Training round: 714		accuracy = 0.5920000076293945
Training round: 715		accuracy = 0.6029000282287598
Training round: 716		accuracy = 0.57669997215271
Training round: 717		accuracy = 0.5942000150680542
Training round: 718		accuracy = 0.5570999979972839
Training round: 719		accuracy = 0.571399986743927
Training round: 720		accuracy = 0.4223000109195709
Training round: 721		accuracy = 0.5871999859809875
Training round: 722		accuracy = 0.5618000030517578
Training round: 723		accuracy = 0.4196999967098236
Training round: 724		accuracy = 0.5540000200271606
Training round: 725		accuracy = 0.5805000066757202
Training round: 726		accuracy = 0.5598000288009644
Training round: 727		accuracy = 0.5709999799728394
Training round: 728		accuracy = 0.4291999936103821
Training round: 729		accuracy = 0.49320000410079956
Training round: 730		accuracy = 0.5447999835014343
Training round: 731		accuracy = 0.5569000244140625
Training round: 732		accuracy = 0.5659999847412109
Training round: 733		accuracy = 0.5654000043869019
Training round: 734		accuracy = 0.5706999897956848
Training round: 735		accuracy = 0.5498999953269958
Training round: 736		accuracy = 0.5490999817848206
Training round: 737		accuracy = 0.5728999972343445
Training round: 738		accuracy = 0.3617999851703644
Training round: 739		accuracy = 0.5932999849319458
Training round: 740		accuracy = 0.46709999442100525
Training round: 741		accuracy = 0.5795999765396118
Training round: 742		accuracy = 0.46209999918937683
Training round: 743		accuracy = 0.5979999899864197
Training round: 744		accuracy = 0.4738999903202057
Training round: 745		accuracy = 0.5782999992370605
Training round: 746		accuracy = 0.5771999955177307
Training round: 747		accuracy = 0.5752000212669373
Training round: 748		accuracy = 0.5741999745368958
Training round: 749		accuracy = 0.5720999836921692
Training round: 750		accuracy = 0.574999988079071
Training round: 751		accuracy = 0.5927000045776367
Training round: 752		accuracy = 0.515999972820282
Training round: 753		accuracy = 0.5009999871253967
Training round: 754		accuracy = 0.5551999807357788
Training round: 755		accuracy = 0.5692999958992004
Training round: 756		accuracy = 0.5681999921798706
Training round: 757		accuracy = 0.4551999866962433
Training round: 758		accuracy = 0.5906000137329102
Training round: 759		accuracy = 0.5796999931335449
Training round: 760		accuracy = 0.49880000948905945
Training round: 761		accuracy = 0.482699990272522
Training round: 762		accuracy = 0.5712000131607056
Training round: 763		accuracy = 0.597000002861023
Training round: 764		accuracy = 0.46129998564720154
Training round: 765		accuracy = 0.5662999749183655
Training round: 766		accuracy = 0.5802000164985657
Training round: 767		accuracy = 0.44769999384880066
Training round: 768		accuracy = 0.6029999852180481
Training round: 769		accuracy = 0.5819000005722046
Training round: 770		accuracy = 0.6150000095367432
Training round: 771		accuracy = 0.5770999789237976
Training round: 772		accuracy = 0.5871000289916992
Training round: 773		accuracy = 0.4900999963283539
Training round: 774		accuracy = 0.586899995803833
Training round: 775		accuracy = 0.5989999771118164
Training round: 776		accuracy = 0.5835999846458435
Training round: 777		accuracy = 0.4797999858856201
Training round: 778		accuracy = 0.4611000120639801
Training round: 779		accuracy = 0.5837000012397766
Training round: 780		accuracy = 0.49059998989105225
Training round: 781		accuracy = 0.46970000863075256
Training round: 782		accuracy = 0.6039999723434448
Training round: 783		accuracy = 0.5701000094413757
Training round: 784		accuracy = 0.5558000206947327
Training round: 785		accuracy = 0.4812999963760376
Training round: 786		accuracy = 0.5382000207901001
Training round: 787		accuracy = 0.5546000003814697
Training round: 788		accuracy = 0.5382000207901001
Training round: 789		accuracy = 0.5996999740600586
Training round: 790		accuracy = 0.5889000296592712
Training round: 791		accuracy = 0.5734999775886536
Training round: 792		accuracy = 0.47749999165534973
Training round: 793		accuracy = 0.5698999762535095
Training round: 794		accuracy = 0.5735999941825867
Training round: 795		accuracy = 0.5928999781608582
Training round: 796		accuracy = 0.5403000116348267
Training round: 797		accuracy = 0.5867999792098999
Training round: 798		accuracy = 0.5733000040054321
Training round: 799		accuracy = 0.5871999859809875
Training round: 800		accuracy = 0.6029000282287598
Training round: 801		accuracy = 0.5917999744415283
Training round: 802		accuracy = 0.5799999833106995
Training round: 803		accuracy = 0.5026000142097473
Training round: 804		accuracy = 0.5968000292778015
Training round: 805		accuracy = 0.5914000272750854
Training round: 806		accuracy = 0.5113999843597412
Training round: 807		accuracy = 0.45329999923706055
Training round: 808		accuracy = 0.5085999965667725
Training round: 809		accuracy = 0.6110000014305115
Training round: 810		accuracy = 0.6057000160217285
Training round: 811		accuracy = 0.5878999829292297
Training round: 812		accuracy = 0.5472999811172485
Training round: 813		accuracy = 0.5698999762535095
Training round: 814		accuracy = 0.5703999996185303
Training round: 815		accuracy = 0.5830000042915344
Training round: 816		accuracy = 0.5878000259399414
Training round: 817		accuracy = 0.46779999136924744
Training round: 818		accuracy = 0.4359999895095825
Training round: 819		accuracy = 0.6001999974250793
Training round: 820		accuracy = 0.45649999380111694
Training round: 821		accuracy = 0.4666000008583069
Training round: 822		accuracy = 0.582099974155426
Training round: 823		accuracy = 0.5745999813079834
Training round: 824		accuracy = 0.5873000025749207
Training round: 825		accuracy = 0.5647000074386597
Training round: 826		accuracy = 0.555899977684021
Training round: 827		accuracy = 0.5842999815940857
Training round: 828		accuracy = 0.4912000000476837
Training round: 829		accuracy = 0.4115999937057495
Training round: 830		accuracy = 0.4627000093460083
Training round: 831		accuracy = 0.44130000472068787
Training round: 832		accuracy = 0.6029000282287598
Training round: 833		accuracy = 0.5995000004768372
Training round: 834		accuracy = 0.590399980545044
Training round: 835		accuracy = 0.5817000269889832
Training round: 836		accuracy = 0.5691999793052673
Training round: 837		accuracy = 0.43720000982284546
Training round: 838		accuracy = 0.36649999022483826
Training round: 839		accuracy = 0.5230000019073486
Training round: 840		accuracy = 0.5806000232696533
Training round: 841		accuracy = 0.578000009059906
Training round: 842		accuracy = 0.58160001039505
Training round: 843		accuracy = 0.5896999835968018
Training round: 844		accuracy = 0.5658000111579895
Training round: 845		accuracy = 0.5846999883651733
Training round: 846		accuracy = 0.5702000260353088
Training round: 847		accuracy = 0.6080999970436096
Training round: 848		accuracy = 0.4970000088214874
Training round: 849		accuracy = 0.6134999990463257
Training round: 850		accuracy = 0.5745999813079834
Training round: 851		accuracy = 0.6046000123023987
Training round: 852		accuracy = 0.6054999828338623
Training round: 853		accuracy = 0.6079000234603882
Training round: 854		accuracy = 0.6251999735832214
Training round: 855		accuracy = 0.5936999917030334
Training round: 856		accuracy = 0.49889999628067017
Training round: 857		accuracy = 0.6309999823570251
Training round: 858		accuracy = 0.5968000292778015
Training round: 859		accuracy = 0.5874000191688538
Training round: 860		accuracy = 0.4875999987125397
Training round: 861		accuracy = 0.5900999903678894
Training round: 862		accuracy = 0.6031000018119812
Training round: 863		accuracy = 0.6064000129699707
Training round: 864		accuracy = 0.633899986743927
Training round: 865		accuracy = 0.576200008392334
Training round: 866		accuracy = 0.6276000142097473
Training round: 867		accuracy = 0.41040000319480896
Training round: 868		accuracy = 0.44830000400543213
Training round: 869		accuracy = 0.4124000072479248
Training round: 870		accuracy = 0.6001999974250793
Training round: 871		accuracy = 0.6179999709129333
Training round: 872		accuracy = 0.5830000042915344
Training round: 873		accuracy = 0.3564000129699707
Training round: 874		accuracy = 0.5903000235557556
Training round: 875		accuracy = 0.5745999813079834
Training round: 876		accuracy = 0.5867999792098999
Training round: 877		accuracy = 0.5658000111579895
Training round: 878		accuracy = 0.5435000061988831
Training round: 879		accuracy = 0.5896999835968018
Training round: 880		accuracy = 0.5967000126838684
Training round: 881		accuracy = 0.5741000175476074
Training round: 882		accuracy = 0.5830000042915344
Training round: 883		accuracy = 0.6046000123023987
Training round: 884		accuracy = 0.6107000112533569
Training round: 885		accuracy = 0.47130000591278076
Training round: 886		accuracy = 0.5065000057220459
Training round: 887		accuracy = 0.5622000098228455
Training round: 888		accuracy = 0.5993000268936157
Training round: 889		accuracy = 0.5866000056266785
Training round: 890		accuracy = 0.491100013256073
Training round: 891		accuracy = 0.6134999990463257
Training round: 892		accuracy = 0.5845000147819519
Training round: 893		accuracy = 0.5813000202178955
Training round: 894		accuracy = 0.59579998254776
Training round: 895		accuracy = 0.5735999941825867
Training round: 896		accuracy = 0.5600000023841858
Training round: 897		accuracy = 0.5942000150680542
Training round: 898		accuracy = 0.5856000185012817
Training round: 899		accuracy = 0.6172000169754028
Training round: 900		accuracy = 0.5849999785423279
Training round: 901		accuracy = 0.5947999954223633
Training round: 902		accuracy = 0.5870000123977661
Training round: 903		accuracy = 0.5752999782562256
Training round: 904		accuracy = 0.5579000115394592
Training round: 905		accuracy = 0.4650000035762787
Training round: 906		accuracy = 0.6060000061988831
Training round: 907		accuracy = 0.361299991607666
Training round: 908		accuracy = 0.6122999787330627
Training round: 909		accuracy = 0.5997999906539917
Training round: 910		accuracy = 0.4936999976634979
Training round: 911		accuracy = 0.6104000210762024
Training round: 912		accuracy = 0.5859000086784363
Training round: 913		accuracy = 0.6014999747276306
Training round: 914		accuracy = 0.623199999332428
Training round: 915		accuracy = 0.6119999885559082
Training round: 916		accuracy = 0.6327000260353088
Training round: 917		accuracy = 0.6200000047683716
Training round: 918		accuracy = 0.5824000239372253
Training round: 919		accuracy = 0.6011999845504761
Training round: 920		accuracy = 0.4742000102996826
Training round: 921		accuracy = 0.574999988079071
Training round: 922		accuracy = 0.527899980545044
Training round: 923		accuracy = 0.550000011920929
Training round: 924		accuracy = 0.5504999756813049
Training round: 925		accuracy = 0.566100001335144
Training round: 926		accuracy = 0.5719000101089478
Training round: 927		accuracy = 0.5242000222206116
Training round: 928		accuracy = 0.5608999729156494
Training round: 929		accuracy = 0.5070000290870667
Training round: 930		accuracy = 0.5486999750137329
Training round: 931		accuracy = 0.5821999907493591
Training round: 932		accuracy = 0.5752000212669373
Training round: 933		accuracy = 0.5975000262260437
Training round: 934		accuracy = 0.5925999879837036
Training round: 935		accuracy = 0.5734000205993652
Training round: 936		accuracy = 0.598800003528595
Training round: 937		accuracy = 0.6069999933242798
Training round: 938		accuracy = 0.516700029373169
Training round: 939		accuracy = 0.5863000154495239
Training round: 940		accuracy = 0.5982999801635742
Training round: 941		accuracy = 0.619700014591217
Training round: 942		accuracy = 0.6057000160217285
Training round: 943		accuracy = 0.5800999999046326
Training round: 944		accuracy = 0.6031000018119812
Training round: 945		accuracy = 0.6000999808311462
Training round: 946		accuracy = 0.6069999933242798
Training round: 947		accuracy = 0.5985000133514404
Training round: 948		accuracy = 0.5805000066757202
Training round: 949		accuracy = 0.5823000073432922
Training round: 950		accuracy = 0.580299973487854
Training round: 951		accuracy = 0.5906999707221985
Training round: 952		accuracy = 0.6187000274658203
Training round: 953		accuracy = 0.602400004863739
Training round: 954		accuracy = 0.6001999974250793
Training round: 955		accuracy = 0.586899995803833
Training round: 956		accuracy = 0.46810001134872437
Training round: 957		accuracy = 0.6146000027656555
Training round: 958		accuracy = 0.5849999785423279
Training round: 959		accuracy = 0.5544000267982483
Training round: 960		accuracy = 0.6280999779701233
Training round: 961		accuracy = 0.6110000014305115
Training round: 962		accuracy = 0.5058000087738037
Training round: 963		accuracy = 0.47749999165534973
Training round: 964		accuracy = 0.5321999788284302
Training round: 965		accuracy = 0.5898000001907349
Training round: 966		accuracy = 0.579200029373169
Training round: 967		accuracy = 0.6194999814033508
Training round: 968		accuracy = 0.5153999924659729
Training round: 969		accuracy = 0.6122000217437744
Training round: 970		accuracy = 0.6098999977111816
Training round: 971		accuracy = 0.608299970626831
Training round: 972		accuracy = 0.4726000130176544
Training round: 973		accuracy = 0.5562000274658203
Training round: 974		accuracy = 0.597100019454956
Training round: 975		accuracy = 0.5853999853134155
Training round: 976		accuracy = 0.5486000180244446
Training round: 977		accuracy = 0.598800003528595
Training round: 978		accuracy = 0.582099974155426
Training round: 979		accuracy = 0.6128000020980835
Training round: 980		accuracy = 0.6133000254631042
Training round: 981		accuracy = 0.5098000168800354
Training round: 982		accuracy = 0.6342999935150146
Training round: 983		accuracy = 0.6234999895095825
Training round: 984		accuracy = 0.5698999762535095
Training round: 985		accuracy = 0.5234000086784363
Training round: 986		accuracy = 0.6050999760627747
Training round: 987		accuracy = 0.4884999990463257
Training round: 988		accuracy = 0.5830000042915344
Training round: 989		accuracy = 0.598800003528595
Training round: 990		accuracy = 0.5680999755859375
Training round: 991		accuracy = 0.578499972820282
Training round: 992		accuracy = 0.6116999983787537
Training round: 993		accuracy = 0.6201000213623047
Training round: 994		accuracy = 0.510699987411499
Training round: 995		accuracy = 0.6057000160217285
Training round: 996		accuracy = 0.6061999797821045
Training round: 997		accuracy = 0.5927000045776367
Training round: 998		accuracy = 0.6031000018119812
Training round: 999		accuracy = 0.6057000160217285
Training round: 1000		accuracy = 0.6021000146865845
Training duration 14740.885584115982
