2021-08-11 16:08:47.741931: I tensorflow/stream_executor/platform/default/dso_loader.cc:49] Successfully opened dynamic library libcudart.so.11.0
2021-08-11 16:08:53.090665: I tensorflow/compiler/jit/xla_cpu_device.cc:41] Not creating XLA devices, tf_xla_enable_xla_devices not set
2021-08-11 16:08:53.093414: I tensorflow/stream_executor/platform/default/dso_loader.cc:49] Successfully opened dynamic library libcuda.so.1
2021-08-11 16:08:53.148239: I tensorflow/core/common_runtime/gpu/gpu_device.cc:1720] Found device 0 with properties: 
pciBusID: 0000:1a:00.0 name: Tesla V100-SXM2-16GB computeCapability: 7.0
coreClock: 1.53GHz coreCount: 80 deviceMemorySize: 15.78GiB deviceMemoryBandwidth: 836.37GiB/s
2021-08-11 16:08:53.148321: I tensorflow/stream_executor/platform/default/dso_loader.cc:49] Successfully opened dynamic library libcudart.so.11.0
2021-08-11 16:08:53.166072: I tensorflow/stream_executor/platform/default/dso_loader.cc:49] Successfully opened dynamic library libcublas.so.11
2021-08-11 16:08:53.166190: I tensorflow/stream_executor/platform/default/dso_loader.cc:49] Successfully opened dynamic library libcublasLt.so.11
2021-08-11 16:08:53.172311: I tensorflow/stream_executor/platform/default/dso_loader.cc:49] Successfully opened dynamic library libcufft.so.10
2021-08-11 16:08:53.175256: I tensorflow/stream_executor/platform/default/dso_loader.cc:49] Successfully opened dynamic library libcurand.so.10
2021-08-11 16:08:53.184876: I tensorflow/stream_executor/platform/default/dso_loader.cc:49] Successfully opened dynamic library libcusolver.so.10
2021-08-11 16:08:53.187358: I tensorflow/stream_executor/platform/default/dso_loader.cc:49] Successfully opened dynamic library libcusparse.so.11
2021-08-11 16:08:53.188086: I tensorflow/stream_executor/platform/default/dso_loader.cc:49] Successfully opened dynamic library libcudnn.so.8
2021-08-11 16:08:53.189811: I tensorflow/core/common_runtime/gpu/gpu_device.cc:1862] Adding visible gpu devices: 0
2021-08-11 16:08:53.190565: I tensorflow/core/platform/cpu_feature_guard.cc:142] This TensorFlow binary is optimized with oneAPI Deep Neural Network Library (oneDNN) to use the following CPU instructions in performance-critical operations:  AVX2 AVX512F FMA
To enable them in other operations, rebuild TensorFlow with the appropriate compiler flags.
2021-08-11 16:08:53.190838: I tensorflow/compiler/jit/xla_gpu_device.cc:99] Not creating XLA devices, tf_xla_enable_xla_devices not set
2021-08-11 16:08:53.191704: I tensorflow/core/common_runtime/gpu/gpu_device.cc:1720] Found device 0 with properties: 
pciBusID: 0000:1a:00.0 name: Tesla V100-SXM2-16GB computeCapability: 7.0
coreClock: 1.53GHz coreCount: 80 deviceMemorySize: 15.78GiB deviceMemoryBandwidth: 836.37GiB/s
2021-08-11 16:08:53.191737: I tensorflow/stream_executor/platform/default/dso_loader.cc:49] Successfully opened dynamic library libcudart.so.11.0
2021-08-11 16:08:53.191762: I tensorflow/stream_executor/platform/default/dso_loader.cc:49] Successfully opened dynamic library libcublas.so.11
2021-08-11 16:08:53.191776: I tensorflow/stream_executor/platform/default/dso_loader.cc:49] Successfully opened dynamic library libcublasLt.so.11
2021-08-11 16:08:53.191789: I tensorflow/stream_executor/platform/default/dso_loader.cc:49] Successfully opened dynamic library libcufft.so.10
2021-08-11 16:08:53.191802: I tensorflow/stream_executor/platform/default/dso_loader.cc:49] Successfully opened dynamic library libcurand.so.10
2021-08-11 16:08:53.191815: I tensorflow/stream_executor/platform/default/dso_loader.cc:49] Successfully opened dynamic library libcusolver.so.10
2021-08-11 16:08:53.191827: I tensorflow/stream_executor/platform/default/dso_loader.cc:49] Successfully opened dynamic library libcusparse.so.11
2021-08-11 16:08:53.191840: I tensorflow/stream_executor/platform/default/dso_loader.cc:49] Successfully opened dynamic library libcudnn.so.8
2021-08-11 16:08:53.193338: I tensorflow/core/common_runtime/gpu/gpu_device.cc:1862] Adding visible gpu devices: 0
2021-08-11 16:08:53.193380: I tensorflow/stream_executor/platform/default/dso_loader.cc:49] Successfully opened dynamic library libcudart.so.11.0
2021-08-11 16:08:53.864877: I tensorflow/core/common_runtime/gpu/gpu_device.cc:1261] Device interconnect StreamExecutor with strength 1 edge matrix:
2021-08-11 16:08:53.864947: I tensorflow/core/common_runtime/gpu/gpu_device.cc:1267]      0 
2021-08-11 16:08:53.864961: I tensorflow/core/common_runtime/gpu/gpu_device.cc:1280] 0:   N 
2021-08-11 16:08:53.867589: I tensorflow/core/common_runtime/gpu/gpu_device.cc:1406] Created TensorFlow device (/job:localhost/replica:0/task:0/device:GPU:0 with 14761 MB memory) -> physical GPU (device: 0, name: Tesla V100-SXM2-16GB, pci bus id: 0000:1a:00.0, compute capability: 7.0)
2021-08-11 16:08:54.592544: I tensorflow/compiler/mlir/mlir_graph_optimization_pass.cc:116] None of the MLIR optimization passes are enabled (registered 2)
2021-08-11 16:08:54.593254: I tensorflow/core/platform/profile_utils/cpu_utils.cc:112] CPU Frequency: 2400000000 Hz
2021-08-11 16:08:55.021992: I tensorflow/stream_executor/platform/default/dso_loader.cc:49] Successfully opened dynamic library libcublas.so.11
2021-08-11 16:08:55.523328: I tensorflow/stream_executor/platform/default/dso_loader.cc:49] Successfully opened dynamic library libcublasLt.so.11
2021-08-11 16:08:55.525274: I tensorflow/stream_executor/platform/default/dso_loader.cc:49] Successfully opened dynamic library libcudnn.so.8
2021-08-11 16:08:58.061951: W tensorflow/stream_executor/gpu/asm_compiler.cc:63] Running ptxas --version returned 256
2021-08-11 16:08:58.159298: W tensorflow/stream_executor/gpu/redzone_allocator.cc:314] Internal: ptxas exited with non-zero error code 256, output: 
Relying on driver to perform ptx compilation. 
Modify $PATH to customize ptxas location.
This message will be only logged once.
NoiseMutator started.
NoiseMutator finished.
Training round: 1		accuracy = 0.09989999979734421
Training round: 2		accuracy = 0.10010000318288803
Training round: 3		accuracy = 0.10000000149011612
Training round: 4		accuracy = 0.10000000149011612
Training round: 5		accuracy = 0.10000000149011612
Training round: 6		accuracy = 0.10209999978542328
Training round: 7		accuracy = 0.1200999990105629
Training round: 8		accuracy = 0.16339999437332153
Training round: 9		accuracy = 0.13019999861717224
Training round: 10		accuracy = 0.10400000214576721
Training round: 11		accuracy = 0.10000000149011612
Training round: 12		accuracy = 0.10000000149011612
Training round: 13		accuracy = 0.10970000177621841
Training round: 14		accuracy = 0.10000000149011612
Training round: 15		accuracy = 0.11460000276565552
Training round: 16		accuracy = 0.12349999696016312
Training round: 17		accuracy = 0.16580000519752502
Training round: 18		accuracy = 0.10050000250339508
Training round: 19		accuracy = 0.11800000071525574
Training round: 20		accuracy = 0.10670000314712524
Training round: 21		accuracy = 0.09960000216960907
Training round: 22		accuracy = 0.14390000700950623
Training round: 23		accuracy = 0.16110000014305115
Training round: 24		accuracy = 0.1665000021457672
Training round: 25		accuracy = 0.09960000216960907
Training round: 26		accuracy = 0.15700000524520874
Training round: 27		accuracy = 0.12080000340938568
Training round: 28		accuracy = 0.10400000214576721
Training round: 29		accuracy = 0.10329999774694443
Training round: 30		accuracy = 0.10140000283718109
Training round: 31		accuracy = 0.11089999973773956
Training round: 32		accuracy = 0.14350000023841858
Training round: 33		accuracy = 0.11029999703168869
Training round: 34		accuracy = 0.10459999740123749
Training round: 35		accuracy = 0.1632000058889389
Training round: 36		accuracy = 0.18780000507831573
Training round: 37		accuracy = 0.19580000638961792
Training round: 38		accuracy = 0.11230000108480453
Training round: 39		accuracy = 0.10450000315904617
Training round: 40		accuracy = 0.10840000212192535
Training round: 41		accuracy = 0.11299999803304672
Training round: 42		accuracy = 0.1720000058412552
Training round: 43		accuracy = 0.121799997985363
Training round: 44		accuracy = 0.2101999968290329
Training round: 45		accuracy = 0.13230000436306
Training round: 46		accuracy = 0.11900000274181366
Training round: 47		accuracy = 0.18520000576972961
Training round: 48		accuracy = 0.18790000677108765
Training round: 49		accuracy = 0.1843000054359436
Training round: 50		accuracy = 0.179299995303154
Training round: 51		accuracy = 0.147599995136261
Training round: 52		accuracy = 0.17749999463558197
Training round: 53		accuracy = 0.2312999963760376
Training round: 54		accuracy = 0.22349999845027924
Training round: 55		accuracy = 0.1875
Training round: 56		accuracy = 0.2126999944448471
Training round: 57		accuracy = 0.22540000081062317
Training round: 58		accuracy = 0.10970000177621841
Training round: 59		accuracy = 0.17970000207424164
Training round: 60		accuracy = 0.19290000200271606
Training round: 61		accuracy = 0.18529999256134033
Training round: 62		accuracy = 0.22450000047683716
Training round: 63		accuracy = 0.15119999647140503
Training round: 64		accuracy = 0.12330000102519989
Training round: 65		accuracy = 0.19419999420642853
Training round: 66		accuracy = 0.20960000157356262
Training round: 67		accuracy = 0.20419999957084656
Training round: 68		accuracy = 0.1354999989271164
Training round: 69		accuracy = 0.1437000036239624
Training round: 70		accuracy = 0.19480000436306
Training round: 71		accuracy = 0.22450000047683716
Training round: 72		accuracy = 0.19599999487400055
Training round: 73		accuracy = 0.20270000398159027
Training round: 74		accuracy = 0.1843000054359436
Training round: 75		accuracy = 0.17180000245571136
Training round: 76		accuracy = 0.23770000040531158
Training round: 77		accuracy = 0.1899999976158142
Training round: 78		accuracy = 0.22280000150203705
Training round: 79		accuracy = 0.2371000051498413
Training round: 80		accuracy = 0.19990000128746033
Training round: 81		accuracy = 0.23739999532699585
Training round: 82		accuracy = 0.19030000269412994
Training round: 83		accuracy = 0.21770000457763672
Training round: 84		accuracy = 0.24940000474452972
Training round: 85		accuracy = 0.21639999747276306
Training round: 86		accuracy = 0.2102999985218048
Training round: 87		accuracy = 0.186599999666214
Training round: 88		accuracy = 0.21080000698566437
Training round: 89		accuracy = 0.22849999368190765
Training round: 90		accuracy = 0.22579999268054962
Training round: 91		accuracy = 0.21160000562667847
Training round: 92		accuracy = 0.1973000019788742
Training round: 93		accuracy = 0.2222999930381775
Training round: 94		accuracy = 0.24560000002384186
Training round: 95		accuracy = 0.19840000569820404
Training round: 96		accuracy = 0.21289999783039093
Training round: 97		accuracy = 0.19589999318122864
Training round: 98		accuracy = 0.21780000627040863
Training round: 99		accuracy = 0.2328999936580658
Training round: 100		accuracy = 0.22259999811649323
Training round: 101		accuracy = 0.23409999907016754
Training round: 102		accuracy = 0.24050000309944153
Training round: 103		accuracy = 0.25270000100135803
Training round: 104		accuracy = 0.2775000035762787
Training round: 105		accuracy = 0.2791999876499176
Training round: 106		accuracy = 0.2459000051021576
Training round: 107		accuracy = 0.2214999943971634
Training round: 108		accuracy = 0.2305999994277954
Training round: 109		accuracy = 0.25839999318122864
Training round: 110		accuracy = 0.24060000479221344
Training round: 111		accuracy = 0.24390000104904175
Training round: 112		accuracy = 0.2522999942302704
Training round: 113		accuracy = 0.22709999978542328
Training round: 114		accuracy = 0.22849999368190765
Training round: 115		accuracy = 0.21639999747276306
Training round: 116		accuracy = 0.2176000028848648
Training round: 117		accuracy = 0.21860000491142273
Training round: 118		accuracy = 0.27959999442100525
Training round: 119		accuracy = 0.28130000829696655
Training round: 120		accuracy = 0.2858000099658966
Training round: 121		accuracy = 0.22040000557899475
Training round: 122		accuracy = 0.2806999981403351
Training round: 123		accuracy = 0.23600000143051147
Training round: 124		accuracy = 0.2004999965429306
Training round: 125		accuracy = 0.1517000049352646
Training round: 126		accuracy = 0.23880000412464142
Training round: 127		accuracy = 0.2295999974012375
Training round: 128		accuracy = 0.2287999987602234
Training round: 129		accuracy = 0.23680000007152557
Training round: 130		accuracy = 0.2736999988555908
Training round: 131		accuracy = 0.22619999945163727
Training round: 132		accuracy = 0.28130000829696655
Training round: 133		accuracy = 0.26510000228881836
Training round: 134		accuracy = 0.28139999508857727
Training round: 135		accuracy = 0.2498999983072281
Training round: 136		accuracy = 0.275299996137619
Training round: 137		accuracy = 0.24500000476837158
Training round: 138		accuracy = 0.2621999979019165
Training round: 139		accuracy = 0.2856000065803528
Training round: 140		accuracy = 0.27709999680519104
Training round: 141		accuracy = 0.2897000014781952
Training round: 142		accuracy = 0.2890999913215637
Training round: 143		accuracy = 0.3154999911785126
Training round: 144		accuracy = 0.24449999630451202
Training round: 145		accuracy = 0.2295999974012375
Training round: 146		accuracy = 0.28780001401901245
Training round: 147		accuracy = 0.3037000000476837
Training round: 148		accuracy = 0.24120000004768372
Training round: 149		accuracy = 0.23229999840259552
Training round: 150		accuracy = 0.30959999561309814
Training round: 151		accuracy = 0.21940000355243683
Training round: 152		accuracy = 0.2777000069618225
Training round: 153		accuracy = 0.2222999930381775
Training round: 154		accuracy = 0.24529999494552612
Training round: 155		accuracy = 0.23839999735355377
Training round: 156		accuracy = 0.23960000276565552
Training round: 157		accuracy = 0.2648000121116638
Training round: 158		accuracy = 0.24310000240802765
Training round: 159		accuracy = 0.30649998784065247
Training round: 160		accuracy = 0.2906999886035919
Training round: 161		accuracy = 0.32030001282691956
Training round: 162		accuracy = 0.23980000615119934
Training round: 163		accuracy = 0.23489999771118164
Training round: 164		accuracy = 0.28780001401901245
Training round: 165		accuracy = 0.24490000307559967
Training round: 166		accuracy = 0.23520000278949738
Training round: 167		accuracy = 0.2782000005245209
Training round: 168		accuracy = 0.2745000123977661
Training round: 169		accuracy = 0.3010999858379364
Training round: 170		accuracy = 0.31610000133514404
Training round: 171		accuracy = 0.25839999318122864
Training round: 172		accuracy = 0.259799987077713
Training round: 173		accuracy = 0.2630000114440918
Training round: 174		accuracy = 0.2791999876499176
Training round: 175		accuracy = 0.23919999599456787
Training round: 176		accuracy = 0.2524000108242035
Training round: 177		accuracy = 0.226500004529953
Training round: 178		accuracy = 0.2614000141620636
Training round: 179		accuracy = 0.23569999635219574
Training round: 180		accuracy = 0.263700008392334
Training round: 181		accuracy = 0.30149999260902405
Training round: 182		accuracy = 0.30709999799728394
Training round: 183		accuracy = 0.2515999972820282
Training round: 184		accuracy = 0.25519999861717224
Training round: 185		accuracy = 0.2793000042438507
Training round: 186		accuracy = 0.2590000033378601
Training round: 187		accuracy = 0.3303000032901764
Training round: 188		accuracy = 0.26030001044273376
Training round: 189		accuracy = 0.26570001244544983
Training round: 190		accuracy = 0.27480000257492065
Training round: 191		accuracy = 0.3084000051021576
Training round: 192		accuracy = 0.2915000021457672
Training round: 193		accuracy = 0.31769999861717224
Training round: 194		accuracy = 0.2517000138759613
Training round: 195		accuracy = 0.27379998564720154
Training round: 196		accuracy = 0.2556000053882599
Training round: 197		accuracy = 0.31029999256134033
Training round: 198		accuracy = 0.26030001044273376
Training round: 199		accuracy = 0.2206999957561493
Training round: 200		accuracy = 0.28769999742507935
Training round: 201		accuracy = 0.2500999867916107
Training round: 202		accuracy = 0.26759999990463257
Training round: 203		accuracy = 0.34610000252723694
Training round: 204		accuracy = 0.3393999934196472
Training round: 205		accuracy = 0.26499998569488525
Training round: 206		accuracy = 0.2551000118255615
Training round: 207		accuracy = 0.335099995136261
Training round: 208		accuracy = 0.3010999858379364
Training round: 209		accuracy = 0.2782999873161316
Training round: 210		accuracy = 0.21780000627040863
Training round: 211		accuracy = 0.22699999809265137
Training round: 212		accuracy = 0.3176000118255615
Training round: 213		accuracy = 0.29339998960494995
Training round: 214		accuracy = 0.33489999175071716
Training round: 215		accuracy = 0.28690001368522644
Training round: 216		accuracy = 0.3305000066757202
Training round: 217		accuracy = 0.2694000005722046
Training round: 218		accuracy = 0.2856000065803528
Training round: 219		accuracy = 0.326200008392334
Training round: 220		accuracy = 0.27730000019073486
Training round: 221		accuracy = 0.2630000114440918
Training round: 222		accuracy = 0.2847999930381775
Training round: 223		accuracy = 0.30469998717308044
Training round: 224		accuracy = 0.27630001306533813
Training round: 225		accuracy = 0.30160000920295715
Training round: 226		accuracy = 0.2992999851703644
Training round: 227		accuracy = 0.24289999902248383
Training round: 228		accuracy = 0.3336000144481659
Training round: 229		accuracy = 0.32440000772476196
Training round: 230		accuracy = 0.32919999957084656
Training round: 231		accuracy = 0.3368000090122223
Training round: 232		accuracy = 0.3154999911785126
Training round: 233		accuracy = 0.3212999999523163
Training round: 234		accuracy = 0.31139999628067017
Training round: 235		accuracy = 0.3206999897956848
Training round: 236		accuracy = 0.27390000224113464
Training round: 237		accuracy = 0.27090001106262207
Training round: 238		accuracy = 0.2705000042915344
Training round: 239		accuracy = 0.28130000829696655
Training round: 240		accuracy = 0.3003000020980835
Training round: 241		accuracy = 0.31839999556541443
Training round: 242		accuracy = 0.33570000529289246
Training round: 243		accuracy = 0.3066999912261963
Training round: 244		accuracy = 0.3601999878883362
Training round: 245		accuracy = 0.30230000615119934
Training round: 246		accuracy = 0.2614000141620636
Training round: 247		accuracy = 0.32120001316070557
Training round: 248		accuracy = 0.31529998779296875
Training round: 249		accuracy = 0.3255999982357025
Training round: 250		accuracy = 0.28349998593330383
Training round: 251		accuracy = 0.3287000060081482
Training round: 252		accuracy = 0.29190000891685486
Training round: 253		accuracy = 0.2939999997615814
Training round: 254		accuracy = 0.3249000012874603
Training round: 255		accuracy = 0.33899998664855957
Training round: 256		accuracy = 0.2890999913215637
Training round: 257		accuracy = 0.28110000491142273
Training round: 258		accuracy = 0.2847999930381775
Training round: 259		accuracy = 0.34850001335144043
Training round: 260		accuracy = 0.2791999876499176
Training round: 261		accuracy = 0.3508000075817108
Training round: 262		accuracy = 0.3407000005245209
Training round: 263		accuracy = 0.337799996137619
Training round: 264		accuracy = 0.29100000858306885
Training round: 265		accuracy = 0.3481000065803528
Training round: 266		accuracy = 0.33809998631477356
Training round: 267		accuracy = 0.2892000079154968
Training round: 268		accuracy = 0.3370000123977661
Training round: 269		accuracy = 0.3292999863624573
Training round: 270		accuracy = 0.33719998598098755
Training round: 271		accuracy = 0.3783000111579895
Training round: 272		accuracy = 0.3434000015258789
Training round: 273		accuracy = 0.35040000081062317
Training round: 274		accuracy = 0.3467000126838684
Training round: 275		accuracy = 0.36959999799728394
Training round: 276		accuracy = 0.2632000148296356
Training round: 277		accuracy = 0.3443000018596649
Training round: 278		accuracy = 0.3021000027656555
Training round: 279		accuracy = 0.3118000030517578
Training round: 280		accuracy = 0.30169999599456787
Training round: 281		accuracy = 0.36090001463890076
Training round: 282		accuracy = 0.36169999837875366
Training round: 283		accuracy = 0.2939000129699707
Training round: 284		accuracy = 0.3050000071525574
Training round: 285		accuracy = 0.3513000011444092
Training round: 286		accuracy = 0.2782999873161316
Training round: 287		accuracy = 0.3353999853134155
Training round: 288		accuracy = 0.32580000162124634
Training round: 289		accuracy = 0.32580000162124634
Training round: 290		accuracy = 0.3682999908924103
Training round: 291		accuracy = 0.32010000944137573
Training round: 292		accuracy = 0.36250001192092896
Training round: 293		accuracy = 0.33399999141693115
Training round: 294		accuracy = 0.3682999908924103
Training round: 295		accuracy = 0.30820000171661377
Training round: 296		accuracy = 0.34049999713897705
Training round: 297		accuracy = 0.34869998693466187
Training round: 298		accuracy = 0.33399999141693115
Training round: 299		accuracy = 0.3492000102996826
Training round: 300		accuracy = 0.33329999446868896
Training round: 301		accuracy = 0.29330000281333923
Training round: 302		accuracy = 0.290800005197525
Training round: 303		accuracy = 0.33799999952316284
Training round: 304		accuracy = 0.2948000133037567
Training round: 305		accuracy = 0.2721000015735626
Training round: 306		accuracy = 0.36800000071525574
Training round: 307		accuracy = 0.32429999113082886
Training round: 308		accuracy = 0.3628999888896942
Training round: 309		accuracy = 0.3278999924659729
Training round: 310		accuracy = 0.3312000036239624
Training round: 311		accuracy = 0.3328000009059906
Training round: 312		accuracy = 0.37720000743865967
Training round: 313		accuracy = 0.40459999442100525
Training round: 314		accuracy = 0.3763999938964844
Training round: 315		accuracy = 0.33160001039505005
Training round: 316		accuracy = 0.3151000142097473
Training round: 317		accuracy = 0.3508000075817108
Training round: 318		accuracy = 0.35589998960494995
Training round: 319		accuracy = 0.36910000443458557
Training round: 320		accuracy = 0.34049999713897705
Training round: 321		accuracy = 0.35089999437332153
Training round: 322		accuracy = 0.39410001039505005
Training round: 323		accuracy = 0.34369999170303345
Training round: 324		accuracy = 0.35040000081062317
Training round: 325		accuracy = 0.3343999981880188
Training round: 326		accuracy = 0.3314000070095062
Training round: 327		accuracy = 0.3837999999523163
Training round: 328		accuracy = 0.35339999198913574
Training round: 329		accuracy = 0.34850001335144043
Training round: 330		accuracy = 0.4009999930858612
Training round: 331		accuracy = 0.3684999942779541
Training round: 332		accuracy = 0.3718999922275543
Training round: 333		accuracy = 0.325300008058548
Training round: 334		accuracy = 0.349700003862381
Training round: 335		accuracy = 0.3564000129699707
Training round: 336		accuracy = 0.34209999442100525
Training round: 337		accuracy = 0.37689998745918274
Training round: 338		accuracy = 0.351500004529953
Training round: 339		accuracy = 0.289900004863739
Training round: 340		accuracy = 0.367000013589859
Training round: 341		accuracy = 0.35350000858306885
Training round: 342		accuracy = 0.35339999198913574
Training round: 343		accuracy = 0.3693000078201294
Training round: 344		accuracy = 0.3652999997138977
Training round: 345		accuracy = 0.36410000920295715
Training round: 346		accuracy = 0.3702999949455261
Training round: 347		accuracy = 0.40119999647140503
Training round: 348		accuracy = 0.36469998955726624
Training round: 349		accuracy = 0.3959999978542328
Training round: 350		accuracy = 0.30390000343322754
Training round: 351		accuracy = 0.3643999993801117
Training round: 352		accuracy = 0.33869999647140503
Training round: 353		accuracy = 0.365200012922287
Training round: 354		accuracy = 0.329800009727478
Training round: 355		accuracy = 0.3449999988079071
Training round: 356		accuracy = 0.30320000648498535
Training round: 357		accuracy = 0.3086000084877014
Training round: 358		accuracy = 0.33180001378059387
Training round: 359		accuracy = 0.3652999997138977
Training round: 360		accuracy = 0.30399999022483826
Training round: 361		accuracy = 0.34060001373291016
Training round: 362		accuracy = 0.3962000012397766
Training round: 363		accuracy = 0.36640000343322754
Training round: 364		accuracy = 0.4000999927520752
Training round: 365		accuracy = 0.3711000084877014
Training round: 366		accuracy = 0.366100013256073
Training round: 367		accuracy = 0.42179998755455017
Training round: 368		accuracy = 0.3711000084877014
Training round: 369		accuracy = 0.4302999973297119
Training round: 370		accuracy = 0.40149998664855957
Training round: 371		accuracy = 0.3813000023365021
Training round: 372		accuracy = 0.3882000148296356
Training round: 373		accuracy = 0.3601999878883362
Training round: 374		accuracy = 0.35589998960494995
Training round: 375		accuracy = 0.3334999978542328
Training round: 376		accuracy = 0.33070001006126404
Training round: 377		accuracy = 0.4163999855518341
Training round: 378		accuracy = 0.31369999051094055
Training round: 379		accuracy = 0.3059999942779541
Training round: 380		accuracy = 0.3774999976158142
Training round: 381		accuracy = 0.37450000643730164
Training round: 382		accuracy = 0.35989999771118164
Training round: 383		accuracy = 0.35040000081062317
Training round: 384		accuracy = 0.37619999051094055
Training round: 385		accuracy = 0.3472999930381775
Training round: 386		accuracy = 0.3441999852657318
Training round: 387		accuracy = 0.3903000056743622
Training round: 388		accuracy = 0.3443000018596649
Training round: 389		accuracy = 0.37720000743865967
Training round: 390		accuracy = 0.3652999997138977
Training round: 391		accuracy = 0.385699987411499
Training round: 392		accuracy = 0.3732999861240387
Training round: 393		accuracy = 0.2994000017642975
Training round: 394		accuracy = 0.3165999948978424
Training round: 395		accuracy = 0.3578999936580658
Training round: 396		accuracy = 0.3693000078201294
Training round: 397		accuracy = 0.4059000015258789
Training round: 398		accuracy = 0.39500001072883606
Training round: 399		accuracy = 0.36340001225471497
Training round: 400		accuracy = 0.33660000562667847
Training round: 401		accuracy = 0.32330000400543213
Training round: 402		accuracy = 0.40880000591278076
Training round: 403		accuracy = 0.4140999913215637
Training round: 404		accuracy = 0.3813000023365021
Training round: 405		accuracy = 0.41830000281333923
Training round: 406		accuracy = 0.3666999936103821
Training round: 407		accuracy = 0.4000000059604645
Training round: 408		accuracy = 0.3700999915599823
Training round: 409		accuracy = 0.4075999855995178
Training round: 410		accuracy = 0.4049000144004822
Training round: 411		accuracy = 0.3765999972820282
Training round: 412		accuracy = 0.41760000586509705
Training round: 413		accuracy = 0.3357999920845032
Training round: 414		accuracy = 0.33329999446868896
Training round: 415		accuracy = 0.3102000057697296
Training round: 416		accuracy = 0.4074000120162964
Training round: 417		accuracy = 0.39149999618530273
Training round: 418		accuracy = 0.34940001368522644
Training round: 419		accuracy = 0.3522000014781952
Training round: 420		accuracy = 0.38429999351501465
Training round: 421		accuracy = 0.3682999908924103
Training round: 422		accuracy = 0.3785000145435333
Training round: 423		accuracy = 0.38999998569488525
Training round: 424		accuracy = 0.38350000977516174
Training round: 425		accuracy = 0.3711000084877014
Training round: 426		accuracy = 0.38109999895095825
Training round: 427		accuracy = 0.3675999939441681
Training round: 428		accuracy = 0.4129999876022339
Training round: 429		accuracy = 0.3912999927997589
Training round: 430		accuracy = 0.4090999960899353
Training round: 431		accuracy = 0.3463999927043915
Training round: 432		accuracy = 0.3781999945640564
Training round: 433		accuracy = 0.38920000195503235
Training round: 434		accuracy = 0.32269999384880066
Training round: 435		accuracy = 0.36649999022483826
Training round: 436		accuracy = 0.36410000920295715
Training round: 437		accuracy = 0.3127000033855438
Training round: 438		accuracy = 0.3801000118255615
Training round: 439		accuracy = 0.42179998755455017
Training round: 440		accuracy = 0.40400001406669617
Training round: 441		accuracy = 0.3953000009059906
Training round: 442		accuracy = 0.2782999873161316
Training round: 443		accuracy = 0.4269999861717224
Training round: 444		accuracy = 0.38029998540878296
Training round: 445		accuracy = 0.3824000060558319
Training round: 446		accuracy = 0.3668999969959259
Training round: 447		accuracy = 0.34130001068115234
Training round: 448		accuracy = 0.37770000100135803
Training round: 449		accuracy = 0.33309999108314514
Training round: 450		accuracy = 0.33809998631477356
Training round: 451		accuracy = 0.38999998569488525
Training round: 452		accuracy = 0.3001999855041504
Training round: 453		accuracy = 0.4117000102996826
Training round: 454		accuracy = 0.39899998903274536
Training round: 455		accuracy = 0.39100000262260437
Training round: 456		accuracy = 0.4174000024795532
Training round: 457		accuracy = 0.3991999924182892
Training round: 458		accuracy = 0.33230000734329224
Training round: 459		accuracy = 0.33180001378059387
Training round: 460		accuracy = 0.35690000653266907
Training round: 461		accuracy = 0.4399999976158142
Training round: 462		accuracy = 0.374099999666214
Training round: 463		accuracy = 0.3783999979496002
Training round: 464		accuracy = 0.36489999294281006
Training round: 465		accuracy = 0.36090001463890076
Training round: 466		accuracy = 0.2797999978065491
Training round: 467		accuracy = 0.4228000044822693
Training round: 468		accuracy = 0.40880000591278076
Training round: 469		accuracy = 0.37470000982284546
Training round: 470		accuracy = 0.3601999878883362
Training round: 471		accuracy = 0.4162999987602234
Training round: 472		accuracy = 0.3889999985694885
Training round: 473		accuracy = 0.41929998993873596
Training round: 474		accuracy = 0.3240000009536743
Training round: 475		accuracy = 0.35010001063346863
Training round: 476		accuracy = 0.3887999951839447
Training round: 477		accuracy = 0.3352999985218048
Training round: 478		accuracy = 0.34769999980926514
Training round: 479		accuracy = 0.3215000033378601
Training round: 480		accuracy = 0.33719998598098755
Training round: 481		accuracy = 0.3734000027179718
Training round: 482		accuracy = 0.3959999978542328
Training round: 483		accuracy = 0.4113999903202057
Training round: 484		accuracy = 0.4108000099658966
Training round: 485		accuracy = 0.39570000767707825
Training round: 486		accuracy = 0.358599990606308
Training round: 487		accuracy = 0.42170000076293945
Training round: 488		accuracy = 0.38499999046325684
Training round: 489		accuracy = 0.4214000105857849
Training round: 490		accuracy = 0.3855000138282776
Training round: 491		accuracy = 0.4104999899864197
Training round: 492		accuracy = 0.396699994802475
Training round: 493		accuracy = 0.38440001010894775
Training round: 494		accuracy = 0.40400001406669617
Training round: 495		accuracy = 0.4196000099182129
Training round: 496		accuracy = 0.3278000056743622
Training round: 497		accuracy = 0.4366999864578247
Training round: 498		accuracy = 0.44200000166893005
Training round: 499		accuracy = 0.4300000071525574
Training round: 500		accuracy = 0.4034000039100647
Training round: 501		accuracy = 0.37119999527931213
Training round: 502		accuracy = 0.4169999957084656
Training round: 503		accuracy = 0.3407999873161316
Training round: 504		accuracy = 0.36010000109672546
Training round: 505		accuracy = 0.3328000009059906
Training round: 506		accuracy = 0.4068000018596649
Training round: 507		accuracy = 0.40939998626708984
Training round: 508		accuracy = 0.4083000123500824
Training round: 509		accuracy = 0.35910001397132874
Training round: 510		accuracy = 0.3228999972343445
Training round: 511		accuracy = 0.41290000081062317
Training round: 512		accuracy = 0.36899998784065247
Training round: 513		accuracy = 0.3625999987125397
Training round: 514		accuracy = 0.3903999924659729
Training round: 515		accuracy = 0.3815000057220459
Training round: 516		accuracy = 0.40950000286102295
Training round: 517		accuracy = 0.39879998564720154
Training round: 518		accuracy = 0.4374000132083893
Training round: 519		accuracy = 0.4311999976634979
Training round: 520		accuracy = 0.3849000036716461
Training round: 521		accuracy = 0.3982999920845032
Training round: 522		accuracy = 0.3720000088214874
Training round: 523		accuracy = 0.3637000024318695
Training round: 524		accuracy = 0.3986000120639801
Training round: 525		accuracy = 0.44279998540878296
Training round: 526		accuracy = 0.29249998927116394
Training round: 527		accuracy = 0.40380001068115234
Training round: 528		accuracy = 0.4235000014305115
Training round: 529		accuracy = 0.4099999964237213
Training round: 530		accuracy = 0.41909998655319214
Training round: 531		accuracy = 0.4016999900341034
Training round: 532		accuracy = 0.42820000648498535
Training round: 533		accuracy = 0.40049999952316284
Training round: 534		accuracy = 0.3982999920845032
Training round: 535		accuracy = 0.3815999925136566
Training round: 536		accuracy = 0.35409998893737793
Training round: 537		accuracy = 0.42410001158714294
Training round: 538		accuracy = 0.40549999475479126
Training round: 539		accuracy = 0.362199991941452
Training round: 540		accuracy = 0.42329999804496765
Training round: 541		accuracy = 0.4381999969482422
Training round: 542		accuracy = 0.37529999017715454
Training round: 543		accuracy = 0.35850000381469727
Training round: 544		accuracy = 0.38839998841285706
Training round: 545		accuracy = 0.4480000138282776
Training round: 546		accuracy = 0.44859999418258667
Training round: 547		accuracy = 0.4059999883174896
Training round: 548		accuracy = 0.43320000171661377
Training round: 549		accuracy = 0.43799999356269836
Training round: 550		accuracy = 0.3785000145435333
Training round: 551		accuracy = 0.37139999866485596
Training round: 552		accuracy = 0.4318000078201294
Training round: 553		accuracy = 0.4018000066280365
Training round: 554		accuracy = 0.38119998574256897
Training round: 555		accuracy = 0.3587000072002411
Training round: 556		accuracy = 0.398499995470047
Training round: 557		accuracy = 0.41449999809265137
Training round: 558		accuracy = 0.3249000012874603
Training round: 559		accuracy = 0.3986999988555908
Training round: 560		accuracy = 0.37779998779296875
Training round: 561		accuracy = 0.43849998712539673
Training round: 562		accuracy = 0.4002000093460083
Training round: 563		accuracy = 0.40130001306533813
Training round: 564		accuracy = 0.38989999890327454
Training round: 565		accuracy = 0.4431000053882599
Training round: 566		accuracy = 0.38989999890327454
Training round: 567		accuracy = 0.40049999952316284
Training round: 568		accuracy = 0.4528000056743622
Training round: 569		accuracy = 0.4259999990463257
Training round: 570		accuracy = 0.31369999051094055
Training round: 571		accuracy = 0.41600000858306885
Training round: 572		accuracy = 0.36660000681877136
Training round: 573		accuracy = 0.4366999864578247
Training round: 574		accuracy = 0.388700008392334
Training round: 575		accuracy = 0.37059998512268066
Training round: 576		accuracy = 0.4645000100135803
Training round: 577		accuracy = 0.4043000042438507
Training round: 578		accuracy = 0.3880000114440918
Training round: 579		accuracy = 0.39989998936653137
Training round: 580		accuracy = 0.4081999957561493
Training round: 581		accuracy = 0.4205000102519989
Training round: 582		accuracy = 0.4431000053882599
Training round: 583		accuracy = 0.4235999882221222
Training round: 584		accuracy = 0.4275999963283539
Training round: 585		accuracy = 0.4165000021457672
Training round: 586		accuracy = 0.44780001044273376
Training round: 587		accuracy = 0.3986999988555908
Training round: 588		accuracy = 0.4108000099658966
Training round: 589		accuracy = 0.45190000534057617
Training round: 590		accuracy = 0.38109999895095825
Training round: 591		accuracy = 0.40720000863075256
Training round: 592		accuracy = 0.41749998927116394
Training round: 593		accuracy = 0.45080000162124634
Training round: 594		accuracy = 0.4302999973297119
Training round: 595		accuracy = 0.4634000062942505
Training round: 596		accuracy = 0.4530999958515167
Training round: 597		accuracy = 0.3750999867916107
Training round: 598		accuracy = 0.38269999623298645
Training round: 599		accuracy = 0.42730000615119934
Training round: 600		accuracy = 0.3758000135421753
Training round: 601		accuracy = 0.38109999895095825
Training round: 602		accuracy = 0.40220001339912415
Training round: 603		accuracy = 0.3474000096321106
Training round: 604		accuracy = 0.3544999957084656
Training round: 605		accuracy = 0.38960000872612
Training round: 606		accuracy = 0.36579999327659607
Training round: 607		accuracy = 0.40459999442100525
Training round: 608		accuracy = 0.42739999294281006
Training round: 609		accuracy = 0.4088999927043915
Training round: 610		accuracy = 0.4564000070095062
Training round: 611		accuracy = 0.4611000120639801
Training round: 612		accuracy = 0.37049999833106995
Training round: 613		accuracy = 0.415800005197525
Training round: 614		accuracy = 0.36980000138282776
Training round: 615		accuracy = 0.4020000100135803
Training round: 616		accuracy = 0.4510999917984009
Training round: 617		accuracy = 0.41040000319480896
Training round: 618		accuracy = 0.4569000005722046
Training round: 619		accuracy = 0.44760000705718994
Training round: 620		accuracy = 0.44620001316070557
Training round: 621		accuracy = 0.429500013589859
Training round: 622		accuracy = 0.43050000071525574
Training round: 623		accuracy = 0.4643999934196472
Training round: 624		accuracy = 0.4251999855041504
Training round: 625		accuracy = 0.4129999876022339
Training round: 626		accuracy = 0.44119998812675476
Training round: 627		accuracy = 0.44130000472068787
Training round: 628		accuracy = 0.42579999566078186
Training round: 629		accuracy = 0.446399986743927
Training round: 630		accuracy = 0.45339998602867126
Training round: 631		accuracy = 0.3849000036716461
Training round: 632		accuracy = 0.4189000129699707
Training round: 633		accuracy = 0.4975999891757965
Training round: 634		accuracy = 0.4530999958515167
Training round: 635		accuracy = 0.3962000012397766
Training round: 636		accuracy = 0.44620001316070557
Training round: 637		accuracy = 0.4530999958515167
Training round: 638		accuracy = 0.3643999993801117
Training round: 639		accuracy = 0.3619000017642975
Training round: 640		accuracy = 0.359499990940094
Training round: 641		accuracy = 0.4090999960899353
Training round: 642		accuracy = 0.39160001277923584
Training round: 643		accuracy = 0.4154999852180481
Training round: 644		accuracy = 0.4593999981880188
Training round: 645		accuracy = 0.42730000615119934
Training round: 646		accuracy = 0.4066999852657318
Training round: 647		accuracy = 0.42179998755455017
Training round: 648		accuracy = 0.4153999984264374
Training round: 649		accuracy = 0.42739999294281006
Training round: 650		accuracy = 0.4226999878883362
Training round: 651		accuracy = 0.37049999833106995
Training round: 652		accuracy = 0.42179998755455017
Training round: 653		accuracy = 0.46309998631477356
Training round: 654		accuracy = 0.4251999855041504
Training round: 655		accuracy = 0.3869999945163727
Training round: 656		accuracy = 0.36739999055862427
Training round: 657		accuracy = 0.4253000020980835
Training round: 658		accuracy = 0.4553000032901764
Training round: 659		accuracy = 0.4083000123500824
Training round: 660		accuracy = 0.3935999870300293
Training round: 661		accuracy = 0.4291999936103821
Training round: 662		accuracy = 0.3853999972343445
Training round: 663		accuracy = 0.4169999957084656
Training round: 664		accuracy = 0.44369998574256897
Training round: 665		accuracy = 0.4374000132083893
Training round: 666		accuracy = 0.4390999972820282
Training round: 667		accuracy = 0.43050000071525574
Training round: 668		accuracy = 0.40209999680519104
Training round: 669		accuracy = 0.41370001435279846
Training round: 670		accuracy = 0.42590001225471497
Training round: 671		accuracy = 0.3801000118255615
Training round: 672		accuracy = 0.4699000120162964
Training round: 673		accuracy = 0.4715000092983246
Training round: 674		accuracy = 0.41679999232292175
Training round: 675		accuracy = 0.4196999967098236
Training round: 676		accuracy = 0.4652999937534332
Training round: 677		accuracy = 0.383899986743927
Training round: 678		accuracy = 0.4108999967575073
Training round: 679		accuracy = 0.4652000069618225
Training round: 680		accuracy = 0.44690001010894775
Training round: 681		accuracy = 0.45980000495910645
Training round: 682		accuracy = 0.450300008058548
Training round: 683		accuracy = 0.42340001463890076
Training round: 684		accuracy = 0.38760000467300415
Training round: 685		accuracy = 0.3790000081062317
Training round: 686		accuracy = 0.38449999690055847
Training round: 687		accuracy = 0.3747999966144562
Training round: 688		accuracy = 0.4447999894618988
Training round: 689		accuracy = 0.40630000829696655
Training round: 690		accuracy = 0.3995000123977661
Training round: 691		accuracy = 0.40700000524520874
Training round: 692		accuracy = 0.41830000281333923
Training round: 693		accuracy = 0.421099990606308
Training round: 694		accuracy = 0.40139999985694885
Training round: 695		accuracy = 0.4090000092983246
Training round: 696		accuracy = 0.41179999709129333
Training round: 697		accuracy = 0.4050999879837036
Training round: 698		accuracy = 0.451200008392334
Training round: 699		accuracy = 0.4345000088214874
Training round: 700		accuracy = 0.41679999232292175
Training round: 701		accuracy = 0.476500004529953
Training round: 702		accuracy = 0.4406999945640564
Training round: 703		accuracy = 0.3961000144481659
Training round: 704		accuracy = 0.43309998512268066
Training round: 705		accuracy = 0.47110000252723694
Training round: 706		accuracy = 0.4323999881744385
Training round: 707		accuracy = 0.3953999876976013
Training round: 708		accuracy = 0.4059999883174896
Training round: 709		accuracy = 0.421999990940094
Training round: 710		accuracy = 0.4043000042438507
Training round: 711		accuracy = 0.47540000081062317
Training round: 712		accuracy = 0.44620001316070557
Training round: 713		accuracy = 0.4074000120162964
Training round: 714		accuracy = 0.36820000410079956
Training round: 715		accuracy = 0.36500000953674316
Training round: 716		accuracy = 0.387800008058548
Training round: 717		accuracy = 0.3880999982357025
Training round: 718		accuracy = 0.40049999952316284
Training round: 719		accuracy = 0.3856000006198883
Training round: 720		accuracy = 0.3873000144958496
Training round: 721		accuracy = 0.4586000144481659
Training round: 722		accuracy = 0.4088999927043915
Training round: 723		accuracy = 0.45509999990463257
Training round: 724		accuracy = 0.39430001378059387
Training round: 725		accuracy = 0.44130000472068787
Training round: 726		accuracy = 0.4693000018596649
Training round: 727		accuracy = 0.3749000132083893
Training round: 728		accuracy = 0.44600000977516174
Training round: 729		accuracy = 0.46129998564720154
Training round: 730		accuracy = 0.37940001487731934
Training round: 731		accuracy = 0.4169999957084656
Training round: 732		accuracy = 0.3962000012397766
Training round: 733		accuracy = 0.396699994802475
Training round: 734		accuracy = 0.41609999537467957
Training round: 735		accuracy = 0.41370001435279846
Training round: 736		accuracy = 0.48919999599456787
Training round: 737		accuracy = 0.4498000144958496
Training round: 738		accuracy = 0.4088999927043915
Training round: 739		accuracy = 0.48890000581741333
Training round: 740		accuracy = 0.43549999594688416
Training round: 741		accuracy = 0.42969998717308044
Training round: 742		accuracy = 0.42329999804496765
Training round: 743		accuracy = 0.44369998574256897
Training round: 744		accuracy = 0.46799999475479126
Training round: 745		accuracy = 0.4101000130176544
Training round: 746		accuracy = 0.41440001130104065
Training round: 747		accuracy = 0.4487000107765198
Training round: 748		accuracy = 0.4697999954223633
Training round: 749		accuracy = 0.4805999994277954
Training round: 750		accuracy = 0.40790000557899475
Training round: 751		accuracy = 0.4569999873638153
Training round: 752		accuracy = 0.41839998960494995
Training round: 753		accuracy = 0.41029998660087585
Training round: 754		accuracy = 0.43950000405311584
Training round: 755		accuracy = 0.4278999865055084
Training round: 756		accuracy = 0.45559999346733093
Training round: 757		accuracy = 0.4494999945163727
Training round: 758		accuracy = 0.43619999289512634
Training round: 759		accuracy = 0.44679999351501465
Training round: 760		accuracy = 0.4426000118255615
Training round: 761		accuracy = 0.4406999945640564
Training round: 762		accuracy = 0.4018999934196472
Training round: 763		accuracy = 0.4528999924659729
Training round: 764		accuracy = 0.4323999881744385
Training round: 765		accuracy = 0.4740000069141388
Training round: 766		accuracy = 0.4779999852180481
Training round: 767		accuracy = 0.4440000057220459
Training round: 768		accuracy = 0.3702999949455261
Training round: 769		accuracy = 0.42170000076293945
Training round: 770		accuracy = 0.41769999265670776
Training round: 771		accuracy = 0.40380001068115234
Training round: 772		accuracy = 0.3882000148296356
Training round: 773		accuracy = 0.4528000056743622
Training round: 774		accuracy = 0.4226999878883362
Training round: 775		accuracy = 0.4814999997615814
Training round: 776		accuracy = 0.4146000146865845
Training round: 777		accuracy = 0.45579999685287476
Training round: 778		accuracy = 0.4099999964237213
Training round: 779		accuracy = 0.489300012588501
Training round: 780		accuracy = 0.414900004863739
Training round: 781		accuracy = 0.42100000381469727
Training round: 782		accuracy = 0.45320001244544983
Training round: 783		accuracy = 0.4205000102519989
Training round: 784		accuracy = 0.42989999055862427
Training round: 785		accuracy = 0.5120999813079834
Training round: 786		accuracy = 0.39309999346733093
Training round: 787		accuracy = 0.40849998593330383
Training round: 788		accuracy = 0.5180000066757202
Training round: 789		accuracy = 0.3889000117778778
Training round: 790		accuracy = 0.42250001430511475
Training round: 791		accuracy = 0.4388999938964844
Training round: 792		accuracy = 0.4796000123023987
Training round: 793		accuracy = 0.474700003862381
Training round: 794		accuracy = 0.398499995470047
Training round: 795		accuracy = 0.42989999055862427
Training round: 796		accuracy = 0.36469998955726624
Training round: 797		accuracy = 0.4083000123500824
Training round: 798		accuracy = 0.4350999891757965
Training round: 799		accuracy = 0.47029998898506165
Training round: 800		accuracy = 0.4352000057697296
Training round: 801		accuracy = 0.450300008058548
Training round: 802		accuracy = 0.42969998717308044
Training round: 803		accuracy = 0.391400009393692
Training round: 804		accuracy = 0.48829999566078186
Training round: 805		accuracy = 0.43799999356269836
Training round: 806		accuracy = 0.4375
Training round: 807		accuracy = 0.4339999854564667
Training round: 808		accuracy = 0.41589999198913574
Training round: 809		accuracy = 0.5005999803543091
Training round: 810		accuracy = 0.46050000190734863
Training round: 811		accuracy = 0.5065000057220459
Training round: 812		accuracy = 0.4124000072479248
Training round: 813		accuracy = 0.47110000252723694
Training round: 814		accuracy = 0.41690000891685486
Training round: 815		accuracy = 0.41589999198913574
Training round: 816		accuracy = 0.44209998846054077
Training round: 817		accuracy = 0.4099999964237213
Training round: 818		accuracy = 0.3991999924182892
Training round: 819		accuracy = 0.5098000168800354
Training round: 820		accuracy = 0.4047999978065491
Training round: 821		accuracy = 0.39879998564720154
Training round: 822		accuracy = 0.43220001459121704
Training round: 823		accuracy = 0.47589999437332153
Training round: 824		accuracy = 0.5073000192642212
Training round: 825		accuracy = 0.48500001430511475
Training round: 826		accuracy = 0.44440001249313354
Training round: 827		accuracy = 0.43810001015663147
Training round: 828		accuracy = 0.4580000042915344
Training round: 829		accuracy = 0.4440000057220459
Training round: 830		accuracy = 0.45509999990463257
Training round: 831		accuracy = 0.4659000039100647
Training round: 832		accuracy = 0.4684000015258789
Training round: 833		accuracy = 0.48240000009536743
Training round: 834		accuracy = 0.4262000024318695
Training round: 835		accuracy = 0.42899999022483826
Training round: 836		accuracy = 0.42399999499320984
Training round: 837		accuracy = 0.35589998960494995
Training round: 838		accuracy = 0.41620001196861267
Training round: 839		accuracy = 0.43939998745918274
Training round: 840		accuracy = 0.4293000102043152
Training round: 841		accuracy = 0.4239000082015991
Training round: 842		accuracy = 0.3569999933242798
Training round: 843		accuracy = 0.48809999227523804
Training round: 844		accuracy = 0.44600000977516174
Training round: 845		accuracy = 0.4456999897956848
Training round: 846		accuracy = 0.3393999934196472
Training round: 847		accuracy = 0.43230000138282776
Training round: 848		accuracy = 0.4392000138759613
Training round: 849		accuracy = 0.4618000090122223
Training round: 850		accuracy = 0.4487000107765198
Training round: 851		accuracy = 0.3921999931335449
Training round: 852		accuracy = 0.39259999990463257
Training round: 853		accuracy = 0.42239999771118164
Training round: 854		accuracy = 0.3982999920845032
Training round: 855		accuracy = 0.42590001225471497
Training round: 856		accuracy = 0.3804999887943268
Training round: 857		accuracy = 0.37940001487731934
Training round: 858		accuracy = 0.45210000872612
Training round: 859		accuracy = 0.42340001463890076
Training round: 860		accuracy = 0.4641000032424927
Training round: 861		accuracy = 0.39590001106262207
Training round: 862		accuracy = 0.48010000586509705
Training round: 863		accuracy = 0.48100000619888306
Training round: 864		accuracy = 0.4950999915599823
Training round: 865		accuracy = 0.4350000023841858
Training round: 866		accuracy = 0.421099990606308
Training round: 867		accuracy = 0.4544999897480011
Training round: 868		accuracy = 0.41510000824928284
Training round: 869		accuracy = 0.43939998745918274
Training round: 870		accuracy = 0.4334000051021576
Training round: 871		accuracy = 0.44850000739097595
Training round: 872		accuracy = 0.45680001378059387
Training round: 873		accuracy = 0.45719999074935913
Training round: 874		accuracy = 0.48919999599456787
Training round: 875		accuracy = 0.4408000111579895
Training round: 876		accuracy = 0.43700000643730164
Training round: 877		accuracy = 0.41350001096725464
Training round: 878		accuracy = 0.4230000078678131
Training round: 879		accuracy = 0.3921000063419342
Training round: 880		accuracy = 0.43050000071525574
Training round: 881		accuracy = 0.47279998660087585
Training round: 882		accuracy = 0.47769999504089355
Training round: 883		accuracy = 0.45350000262260437
Training round: 884		accuracy = 0.4302999973297119
Training round: 885		accuracy = 0.4724000096321106
Training round: 886		accuracy = 0.4726000130176544
Training round: 887		accuracy = 0.48489999771118164
Training round: 888		accuracy = 0.4794999957084656
Training round: 889		accuracy = 0.3508000075817108
Training round: 890		accuracy = 0.39649999141693115
Training round: 891		accuracy = 0.5097000002861023
Training round: 892		accuracy = 0.35600000619888306
Training round: 893		accuracy = 0.41190001368522644
Training round: 894		accuracy = 0.42980000376701355
Training round: 895		accuracy = 0.45730000734329224
Training round: 896		accuracy = 0.42309999465942383
Training round: 897		accuracy = 0.4074999988079071
Training round: 898		accuracy = 0.459199994802475
Training round: 899		accuracy = 0.40779998898506165
Training round: 900		accuracy = 0.46959999203681946
Training round: 901		accuracy = 0.43540000915527344
Training round: 902		accuracy = 0.4235000014305115
Training round: 903		accuracy = 0.412200003862381
Training round: 904		accuracy = 0.47600001096725464
Training round: 905		accuracy = 0.4706999957561493
Training round: 906		accuracy = 0.4745999872684479
Training round: 907		accuracy = 0.4918999969959259
Training round: 908		accuracy = 0.4106999933719635
Training round: 909		accuracy = 0.4657000005245209
Training round: 910		accuracy = 0.4560999870300293
Training round: 911		accuracy = 0.4853000044822693
Training round: 912		accuracy = 0.39340001344680786
Training round: 913		accuracy = 0.40400001406669617
Training round: 914		accuracy = 0.4115000069141388
Training round: 915		accuracy = 0.4417000114917755
Training round: 916		accuracy = 0.4575999975204468
Training round: 917		accuracy = 0.4235999882221222
Training round: 918		accuracy = 0.4106000065803528
Training round: 919		accuracy = 0.4471000134944916
Training round: 920		accuracy = 0.48809999227523804
Training round: 921		accuracy = 0.48240000009536743
Training round: 922		accuracy = 0.47450000047683716
Training round: 923		accuracy = 0.47909998893737793
Training round: 924		accuracy = 0.45500001311302185
Training round: 925		accuracy = 0.41290000081062317
Training round: 926		accuracy = 0.3880000114440918
Training round: 927		accuracy = 0.5016000270843506
Training round: 928		accuracy = 0.4805999994277954
Training round: 929		accuracy = 0.39890000224113464
Training round: 930		accuracy = 0.43799999356269836
Training round: 931		accuracy = 0.4505000114440918
Training round: 932		accuracy = 0.44679999351501465
Training round: 933		accuracy = 0.4740999937057495
Training round: 934		accuracy = 0.5085999965667725
Training round: 935		accuracy = 0.3865000009536743
Training round: 936		accuracy = 0.44130000472068787
Training round: 937		accuracy = 0.4618000090122223
Training round: 938		accuracy = 0.42149999737739563
Training round: 939		accuracy = 0.47350001335144043
Training round: 940		accuracy = 0.39660000801086426
Training round: 941		accuracy = 0.39239999651908875
Training round: 942		accuracy = 0.462799996137619
Training round: 943		accuracy = 0.4101000130176544
Training round: 944		accuracy = 0.5095999836921692
Training round: 945		accuracy = 0.3465000092983246
Training round: 946		accuracy = 0.43470001220703125
Training round: 947		accuracy = 0.48809999227523804
Training round: 948		accuracy = 0.48559999465942383
Training round: 949		accuracy = 0.4300999939441681
Training round: 950		accuracy = 0.4569000005722046
Training round: 951		accuracy = 0.3921000063419342
Training round: 952		accuracy = 0.41909998655319214
Training round: 953		accuracy = 0.4681999981403351
Training round: 954		accuracy = 0.4713999927043915
Training round: 955		accuracy = 0.44279998540878296
Training round: 956		accuracy = 0.43549999594688416
Training round: 957		accuracy = 0.5019999742507935
Training round: 958		accuracy = 0.4016999900341034
Training round: 959		accuracy = 0.4323999881744385
Training round: 960		accuracy = 0.4065000116825104
Training round: 961		accuracy = 0.4544999897480011
Training round: 962		accuracy = 0.43070000410079956
Training round: 963		accuracy = 0.4731999933719635
Training round: 964		accuracy = 0.47440001368522644
Training round: 965		accuracy = 0.42559999227523804
Training round: 966		accuracy = 0.4713999927043915
Training round: 967		accuracy = 0.37630000710487366
Training round: 968		accuracy = 0.43790000677108765
Training round: 969		accuracy = 0.45019999146461487
Training round: 970		accuracy = 0.4032999873161316
Training round: 971		accuracy = 0.4309000074863434
Training round: 972		accuracy = 0.4659999907016754
Training round: 973		accuracy = 0.4788999855518341
Training round: 974		accuracy = 0.47870001196861267
Training round: 975		accuracy = 0.4325999915599823
Training round: 976		accuracy = 0.46650001406669617
Training round: 977		accuracy = 0.45210000872612
Training round: 978		accuracy = 0.4643999934196472
Training round: 979		accuracy = 0.454800009727478
Training round: 980		accuracy = 0.46939998865127563
Training round: 981		accuracy = 0.4950999915599823
Training round: 982		accuracy = 0.47870001196861267
Training round: 983		accuracy = 0.477400004863739
Training round: 984		accuracy = 0.4156000018119812
Training round: 985		accuracy = 0.47609999775886536
Training round: 986		accuracy = 0.4657999873161316
Training round: 987		accuracy = 0.4072999954223633
Training round: 988		accuracy = 0.4745999872684479
Training round: 989		accuracy = 0.3546999990940094
Training round: 990		accuracy = 0.444599986076355
Training round: 991		accuracy = 0.46959999203681946
Training round: 992		accuracy = 0.4424999952316284
Training round: 993		accuracy = 0.44999998807907104
Training round: 994		accuracy = 0.49149999022483826
Training round: 995		accuracy = 0.47540000081062317
Training round: 996		accuracy = 0.43700000643730164
Training round: 997		accuracy = 0.49779999256134033
Training round: 998		accuracy = 0.48100000619888306
Training round: 999		accuracy = 0.43639999628067017
Training round: 1000		accuracy = 0.46560001373291016
Training duration 10044.881697416306
