2021-08-22 19:39:30.864784: I tensorflow/stream_executor/platform/default/dso_loader.cc:49] Successfully opened dynamic library libcudart.so.11.0
2021-08-22 19:40:33.228780: I tensorflow/compiler/jit/xla_cpu_device.cc:41] Not creating XLA devices, tf_xla_enable_xla_devices not set
2021-08-22 19:40:33.440326: I tensorflow/stream_executor/platform/default/dso_loader.cc:49] Successfully opened dynamic library libcuda.so.1
2021-08-22 19:40:33.529975: I tensorflow/core/common_runtime/gpu/gpu_device.cc:1720] Found device 0 with properties: 
pciBusID: 0000:3b:00.0 name: Tesla V100-SXM2-32GB computeCapability: 7.0
coreClock: 1.53GHz coreCount: 80 deviceMemorySize: 31.75GiB deviceMemoryBandwidth: 836.37GiB/s
2021-08-22 19:40:33.531264: I tensorflow/stream_executor/platform/default/dso_loader.cc:49] Successfully opened dynamic library libcudart.so.11.0
2021-08-22 19:40:33.545369: I tensorflow/stream_executor/platform/default/dso_loader.cc:49] Successfully opened dynamic library libcublas.so.11
2021-08-22 19:40:33.545493: I tensorflow/stream_executor/platform/default/dso_loader.cc:49] Successfully opened dynamic library libcublasLt.so.11
2021-08-22 19:40:33.552155: I tensorflow/stream_executor/platform/default/dso_loader.cc:49] Successfully opened dynamic library libcufft.so.10
2021-08-22 19:40:33.555506: I tensorflow/stream_executor/platform/default/dso_loader.cc:49] Successfully opened dynamic library libcurand.so.10
2021-08-22 19:40:33.563412: I tensorflow/stream_executor/platform/default/dso_loader.cc:49] Successfully opened dynamic library libcusolver.so.10
2021-08-22 19:40:33.565438: I tensorflow/stream_executor/platform/default/dso_loader.cc:49] Successfully opened dynamic library libcusparse.so.11
2021-08-22 19:40:33.566976: I tensorflow/stream_executor/platform/default/dso_loader.cc:49] Successfully opened dynamic library libcudnn.so.8
2021-08-22 19:40:33.590360: I tensorflow/core/common_runtime/gpu/gpu_device.cc:1862] Adding visible gpu devices: 0
2021-08-22 19:40:33.621942: I tensorflow/core/platform/cpu_feature_guard.cc:142] This TensorFlow binary is optimized with oneAPI Deep Neural Network Library (oneDNN) to use the following CPU instructions in performance-critical operations:  AVX2 AVX512F FMA
To enable them in other operations, rebuild TensorFlow with the appropriate compiler flags.
2021-08-22 19:40:33.630318: I tensorflow/compiler/jit/xla_gpu_device.cc:99] Not creating XLA devices, tf_xla_enable_xla_devices not set
2021-08-22 19:40:33.634067: I tensorflow/core/common_runtime/gpu/gpu_device.cc:1720] Found device 0 with properties: 
pciBusID: 0000:3b:00.0 name: Tesla V100-SXM2-32GB computeCapability: 7.0
coreClock: 1.53GHz coreCount: 80 deviceMemorySize: 31.75GiB deviceMemoryBandwidth: 836.37GiB/s
2021-08-22 19:40:33.634172: I tensorflow/stream_executor/platform/default/dso_loader.cc:49] Successfully opened dynamic library libcudart.so.11.0
2021-08-22 19:40:33.634317: I tensorflow/stream_executor/platform/default/dso_loader.cc:49] Successfully opened dynamic library libcublas.so.11
2021-08-22 19:40:33.634452: I tensorflow/stream_executor/platform/default/dso_loader.cc:49] Successfully opened dynamic library libcublasLt.so.11
2021-08-22 19:40:33.634603: I tensorflow/stream_executor/platform/default/dso_loader.cc:49] Successfully opened dynamic library libcufft.so.10
2021-08-22 19:40:33.634745: I tensorflow/stream_executor/platform/default/dso_loader.cc:49] Successfully opened dynamic library libcurand.so.10
2021-08-22 19:40:33.634812: I tensorflow/stream_executor/platform/default/dso_loader.cc:49] Successfully opened dynamic library libcusolver.so.10
2021-08-22 19:40:33.634879: I tensorflow/stream_executor/platform/default/dso_loader.cc:49] Successfully opened dynamic library libcusparse.so.11
2021-08-22 19:40:33.634951: I tensorflow/stream_executor/platform/default/dso_loader.cc:49] Successfully opened dynamic library libcudnn.so.8
2021-08-22 19:40:33.641139: I tensorflow/core/common_runtime/gpu/gpu_device.cc:1862] Adding visible gpu devices: 0
2021-08-22 19:40:33.641861: I tensorflow/stream_executor/platform/default/dso_loader.cc:49] Successfully opened dynamic library libcudart.so.11.0
2021-08-22 19:40:35.236083: I tensorflow/core/common_runtime/gpu/gpu_device.cc:1261] Device interconnect StreamExecutor with strength 1 edge matrix:
2021-08-22 19:40:35.236272: I tensorflow/core/common_runtime/gpu/gpu_device.cc:1267]      0 
2021-08-22 19:40:35.237789: I tensorflow/core/common_runtime/gpu/gpu_device.cc:1280] 0:   N 
2021-08-22 19:40:35.256291: I tensorflow/core/common_runtime/gpu/gpu_device.cc:1406] Created TensorFlow device (/job:localhost/replica:0/task:0/device:GPU:0 with 30130 MB memory) -> physical GPU (device: 0, name: Tesla V100-SXM2-32GB, pci bus id: 0000:3b:00.0, compute capability: 7.0)
2021-08-22 19:40:47.944871: I tensorflow/compiler/mlir/mlir_graph_optimization_pass.cc:116] None of the MLIR optimization passes are enabled (registered 2)
2021-08-22 19:40:47.961559: I tensorflow/core/platform/profile_utils/cpu_utils.cc:112] CPU Frequency: 2100000000 Hz
2021-08-22 19:40:48.155229: I tensorflow/stream_executor/platform/default/dso_loader.cc:49] Successfully opened dynamic library libcublas.so.11
2021-08-22 19:40:48.729522: I tensorflow/stream_executor/platform/default/dso_loader.cc:49] Successfully opened dynamic library libcublasLt.so.11
2021-08-22 19:40:48.776197: I tensorflow/stream_executor/platform/default/dso_loader.cc:49] Successfully opened dynamic library libcudnn.so.8
2021-08-22 19:40:51.396089: W tensorflow/stream_executor/gpu/asm_compiler.cc:63] Running ptxas --version returned 256
2021-08-22 19:40:51.479488: W tensorflow/stream_executor/gpu/redzone_allocator.cc:314] Internal: ptxas exited with non-zero error code 256, output: 
Relying on driver to perform ptx compilation. 
Modify $PATH to customize ptxas location.
This message will be only logged once.
NoiseMutator started.
NoiseMutator finished.
Training round: 1		accuracy = 0.5556522011756897
Training round: 2		accuracy = 0.5947825908660889
Training round: 3		accuracy = 0.6484057903289795
Training round: 4		accuracy = 0.5907246470451355
Training round: 5		accuracy = 0.6492753624916077
Training round: 6		accuracy = 0.6573913097381592
Training round: 7		accuracy = 0.6495652198791504
Training round: 8		accuracy = 0.629275381565094
Training round: 9		accuracy = 0.676231861114502
Training round: 10		accuracy = 0.6811594367027283
Training round: 11		accuracy = 0.6695652008056641
Training round: 12		accuracy = 0.6718840599060059
Training round: 13		accuracy = 0.6715942025184631
Training round: 14		accuracy = 0.6542028784751892
Training round: 15		accuracy = 0.6800000071525574
Training round: 16		accuracy = 0.6866666674613953
Training round: 17		accuracy = 0.6744927763938904
Training round: 18		accuracy = 0.6820290088653564
Training round: 19		accuracy = 0.676231861114502
Training round: 20		accuracy = 0.6950724720954895
Training round: 21		accuracy = 0.681449294090271
Training round: 22		accuracy = 0.6988405585289001
Training round: 23		accuracy = 0.6965217590332031
Training round: 24		accuracy = 0.6872463822364807
Training round: 25		accuracy = 0.7139130234718323
Training round: 26		accuracy = 0.7008695602416992
Training round: 27		accuracy = 0.6930434703826904
Training round: 28		accuracy = 0.6895652413368225
Training round: 29		accuracy = 0.7060869336128235
Training round: 30		accuracy = 0.7040579915046692
Training round: 31		accuracy = 0.6904347538948059
Training round: 32		accuracy = 0.7063767910003662
Training round: 33		accuracy = 0.6939130425453186
Training round: 34		accuracy = 0.7075362205505371
Training round: 35		accuracy = 0.6991304159164429
Training round: 36		accuracy = 0.6962319016456604
Training round: 37		accuracy = 0.705507218837738
Training round: 38		accuracy = 0.6997101306915283
Training round: 39		accuracy = 0.708695650100708
Training round: 40		accuracy = 0.7095652222633362
Training round: 41		accuracy = 0.7121739387512207
Training round: 42		accuracy = 0.7014492750167847
Training round: 43		accuracy = 0.7127535939216614
Training round: 44		accuracy = 0.703188419342041
Training round: 45		accuracy = 0.7040579915046692
Training round: 46		accuracy = 0.7139130234718323
Training round: 47		accuracy = 0.7147825956344604
Training round: 48		accuracy = 0.7136231660842896
Training round: 49		accuracy = 0.714202880859375
Training round: 50		accuracy = 0.7052174210548401
Training round: 51		accuracy = 0.7052174210548401
Training round: 52		accuracy = 0.7075362205505371
Training round: 53		accuracy = 0.7153623104095459
Training round: 54		accuracy = 0.7150724530220032
Training round: 55		accuracy = 0.7095652222633362
Training round: 56		accuracy = 0.7101449370384216
Training round: 57		accuracy = 0.714202880859375
Training round: 58		accuracy = 0.7098550796508789
Training round: 59		accuracy = 0.7133333086967468
Training round: 60		accuracy = 0.7115942239761353
Training round: 61		accuracy = 0.7139130234718323
Training round: 62		accuracy = 0.7139130234718323
Training round: 63		accuracy = 0.7136231660842896
Training round: 64		accuracy = 0.7150724530220032
Training round: 65		accuracy = 0.7159420251846313
Training round: 66		accuracy = 0.7150724530220032
Training round: 67		accuracy = 0.7147825956344604
Training round: 68		accuracy = 0.7147825956344604
Training round: 69		accuracy = 0.714202880859375
Training round: 70		accuracy = 0.7165217399597168
Training round: 71		accuracy = 0.7159420251846313
Training round: 72		accuracy = 0.7168115973472595
Training round: 73		accuracy = 0.717391312122345
Training round: 74		accuracy = 0.7171014547348022
Training round: 75		accuracy = 0.7153623104095459
Training round: 76		accuracy = 0.7171014547348022
Training round: 77		accuracy = 0.7127535939216614
Training round: 78		accuracy = 0.7197101712226868
Training round: 79		accuracy = 0.7124637961387634
Training round: 80		accuracy = 0.7200000286102295
Training round: 81		accuracy = 0.7185507416725159
Training round: 82		accuracy = 0.7185507416725159
Training round: 83		accuracy = 0.7130434513092041
Training round: 84		accuracy = 0.7205796837806702
Training round: 85		accuracy = 0.7133333086967468
Training round: 86		accuracy = 0.7205796837806702
Training round: 87		accuracy = 0.7176811695098877
Training round: 88		accuracy = 0.7211593985557556
Training round: 89		accuracy = 0.7176811695098877
Training round: 90		accuracy = 0.7211593985557556
Training round: 91		accuracy = 0.7182608842849731
Training round: 92		accuracy = 0.7171014547348022
Training round: 93		accuracy = 0.7214492559432983
Training round: 94		accuracy = 0.7185507416725159
Training round: 95		accuracy = 0.7211593985557556
Training round: 96		accuracy = 0.7205796837806702
Training round: 97		accuracy = 0.7191304564476013
Training round: 98		accuracy = 0.7223188281059265
Training round: 99		accuracy = 0.7211593985557556
Training round: 100		accuracy = 0.719420313835144
Training duration 6003.1666967868805
