2021-08-11 05:39:45.984239: I tensorflow/stream_executor/platform/default/dso_loader.cc:49] Successfully opened dynamic library libcudart.so.11.0
2021-08-11 05:39:49.621297: I tensorflow/compiler/jit/xla_cpu_device.cc:41] Not creating XLA devices, tf_xla_enable_xla_devices not set
2021-08-11 05:39:49.623546: I tensorflow/stream_executor/platform/default/dso_loader.cc:49] Successfully opened dynamic library libcuda.so.1
2021-08-11 05:39:49.674053: I tensorflow/core/common_runtime/gpu/gpu_device.cc:1720] Found device 0 with properties: 
pciBusID: 0000:1a:00.0 name: Tesla V100-SXM2-16GB computeCapability: 7.0
coreClock: 1.53GHz coreCount: 80 deviceMemorySize: 15.78GiB deviceMemoryBandwidth: 836.37GiB/s
2021-08-11 05:39:49.674112: I tensorflow/stream_executor/platform/default/dso_loader.cc:49] Successfully opened dynamic library libcudart.so.11.0
2021-08-11 05:39:49.686140: I tensorflow/stream_executor/platform/default/dso_loader.cc:49] Successfully opened dynamic library libcublas.so.11
2021-08-11 05:39:49.686219: I tensorflow/stream_executor/platform/default/dso_loader.cc:49] Successfully opened dynamic library libcublasLt.so.11
2021-08-11 05:39:49.691973: I tensorflow/stream_executor/platform/default/dso_loader.cc:49] Successfully opened dynamic library libcufft.so.10
2021-08-11 05:39:49.694623: I tensorflow/stream_executor/platform/default/dso_loader.cc:49] Successfully opened dynamic library libcurand.so.10
2021-08-11 05:39:49.703727: I tensorflow/stream_executor/platform/default/dso_loader.cc:49] Successfully opened dynamic library libcusolver.so.10
2021-08-11 05:39:49.706163: I tensorflow/stream_executor/platform/default/dso_loader.cc:49] Successfully opened dynamic library libcusparse.so.11
2021-08-11 05:39:49.706825: I tensorflow/stream_executor/platform/default/dso_loader.cc:49] Successfully opened dynamic library libcudnn.so.8
2021-08-11 05:39:49.708555: I tensorflow/core/common_runtime/gpu/gpu_device.cc:1862] Adding visible gpu devices: 0
2021-08-11 05:39:49.709303: I tensorflow/core/platform/cpu_feature_guard.cc:142] This TensorFlow binary is optimized with oneAPI Deep Neural Network Library (oneDNN) to use the following CPU instructions in performance-critical operations:  AVX2 AVX512F FMA
To enable them in other operations, rebuild TensorFlow with the appropriate compiler flags.
2021-08-11 05:39:49.709530: I tensorflow/compiler/jit/xla_gpu_device.cc:99] Not creating XLA devices, tf_xla_enable_xla_devices not set
2021-08-11 05:39:49.710436: I tensorflow/core/common_runtime/gpu/gpu_device.cc:1720] Found device 0 with properties: 
pciBusID: 0000:1a:00.0 name: Tesla V100-SXM2-16GB computeCapability: 7.0
coreClock: 1.53GHz coreCount: 80 deviceMemorySize: 15.78GiB deviceMemoryBandwidth: 836.37GiB/s
2021-08-11 05:39:49.710467: I tensorflow/stream_executor/platform/default/dso_loader.cc:49] Successfully opened dynamic library libcudart.so.11.0
2021-08-11 05:39:49.710485: I tensorflow/stream_executor/platform/default/dso_loader.cc:49] Successfully opened dynamic library libcublas.so.11
2021-08-11 05:39:49.710499: I tensorflow/stream_executor/platform/default/dso_loader.cc:49] Successfully opened dynamic library libcublasLt.so.11
2021-08-11 05:39:49.710513: I tensorflow/stream_executor/platform/default/dso_loader.cc:49] Successfully opened dynamic library libcufft.so.10
2021-08-11 05:39:49.710527: I tensorflow/stream_executor/platform/default/dso_loader.cc:49] Successfully opened dynamic library libcurand.so.10
2021-08-11 05:39:49.710541: I tensorflow/stream_executor/platform/default/dso_loader.cc:49] Successfully opened dynamic library libcusolver.so.10
2021-08-11 05:39:49.710554: I tensorflow/stream_executor/platform/default/dso_loader.cc:49] Successfully opened dynamic library libcusparse.so.11
2021-08-11 05:39:49.710568: I tensorflow/stream_executor/platform/default/dso_loader.cc:49] Successfully opened dynamic library libcudnn.so.8
2021-08-11 05:39:49.712170: I tensorflow/core/common_runtime/gpu/gpu_device.cc:1862] Adding visible gpu devices: 0
2021-08-11 05:39:49.712215: I tensorflow/stream_executor/platform/default/dso_loader.cc:49] Successfully opened dynamic library libcudart.so.11.0
2021-08-11 05:39:50.299383: I tensorflow/core/common_runtime/gpu/gpu_device.cc:1261] Device interconnect StreamExecutor with strength 1 edge matrix:
2021-08-11 05:39:50.299447: I tensorflow/core/common_runtime/gpu/gpu_device.cc:1267]      0 
2021-08-11 05:39:50.299460: I tensorflow/core/common_runtime/gpu/gpu_device.cc:1280] 0:   N 
2021-08-11 05:39:50.301912: I tensorflow/core/common_runtime/gpu/gpu_device.cc:1406] Created TensorFlow device (/job:localhost/replica:0/task:0/device:GPU:0 with 14761 MB memory) -> physical GPU (device: 0, name: Tesla V100-SXM2-16GB, pci bus id: 0000:1a:00.0, compute capability: 7.0)
2021-08-11 05:39:50.834952: I tensorflow/compiler/mlir/mlir_graph_optimization_pass.cc:116] None of the MLIR optimization passes are enabled (registered 2)
2021-08-11 05:39:50.835688: I tensorflow/core/platform/profile_utils/cpu_utils.cc:112] CPU Frequency: 2400000000 Hz
2021-08-11 05:39:51.258877: I tensorflow/stream_executor/platform/default/dso_loader.cc:49] Successfully opened dynamic library libcublas.so.11
2021-08-11 05:39:51.715839: I tensorflow/stream_executor/platform/default/dso_loader.cc:49] Successfully opened dynamic library libcublasLt.so.11
2021-08-11 05:39:51.717909: I tensorflow/stream_executor/platform/default/dso_loader.cc:49] Successfully opened dynamic library libcudnn.so.8
2021-08-11 05:39:53.978229: W tensorflow/stream_executor/gpu/asm_compiler.cc:63] Running ptxas --version returned 256
2021-08-11 05:39:54.016693: W tensorflow/stream_executor/gpu/redzone_allocator.cc:314] Internal: ptxas exited with non-zero error code 256, output: 
Relying on driver to perform ptx compilation. 
Modify $PATH to customize ptxas location.
This message will be only logged once.
DeleteMutator started.
DeleteMutator finished.
Training round: 1		accuracy = 0.10670000314712524
Training round: 2		accuracy = 0.13689999282360077
Training round: 3		accuracy = 0.15600000321865082
Training round: 4		accuracy = 0.12630000710487366
Training round: 5		accuracy = 0.10000000149011612
Training round: 6		accuracy = 0.15109999477863312
Training round: 7		accuracy = 0.10890000313520432
Training round: 8		accuracy = 0.1137000024318695
Training round: 9		accuracy = 0.11760000139474869
Training round: 10		accuracy = 0.13750000298023224
Training round: 11		accuracy = 0.11879999935626984
Training round: 12		accuracy = 0.11729999631643295
Training round: 13		accuracy = 0.11469999700784683
Training round: 14		accuracy = 0.10719999670982361
Training round: 15		accuracy = 0.18250000476837158
Training round: 16		accuracy = 0.12600000202655792
Training round: 17		accuracy = 0.13979999721050262
Training round: 18		accuracy = 0.10859999805688858
Training round: 19		accuracy = 0.16349999606609344
Training round: 20		accuracy = 0.10819999873638153
Training round: 21		accuracy = 0.11659999936819077
Training round: 22		accuracy = 0.13330000638961792
Training round: 23		accuracy = 0.10580000281333923
Training round: 24		accuracy = 0.1941000074148178
Training round: 25		accuracy = 0.18970000743865967
Training round: 26		accuracy = 0.22280000150203705
Training round: 27		accuracy = 0.10649999976158142
Training round: 28		accuracy = 0.09769999980926514
Training round: 29		accuracy = 0.20759999752044678
Training round: 30		accuracy = 0.12639999389648438
Training round: 31		accuracy = 0.10570000112056732
Training round: 32		accuracy = 0.21729999780654907
Training round: 33		accuracy = 0.19429999589920044
Training round: 34		accuracy = 0.10000000149011612
Training round: 35		accuracy = 0.19580000638961792
Training round: 36		accuracy = 0.19930000603199005
Training round: 37		accuracy = 0.10670000314712524
Training round: 38		accuracy = 0.1370999962091446
Training round: 39		accuracy = 0.1632000058889389
Training round: 40		accuracy = 0.1551000028848648
Training round: 41		accuracy = 0.13009999692440033
Training round: 42		accuracy = 0.17149999737739563
Training round: 43		accuracy = 0.10000000149011612
Training round: 44		accuracy = 0.2168000042438507
Training round: 45		accuracy = 0.15399999916553497
Training round: 46		accuracy = 0.15299999713897705
Training round: 47		accuracy = 0.1290999948978424
Training round: 48		accuracy = 0.16099999845027924
Training round: 49		accuracy = 0.1136000007390976
Training round: 50		accuracy = 0.23739999532699585
Training round: 51		accuracy = 0.14229999482631683
Training round: 52		accuracy = 0.11919999867677689
Training round: 53		accuracy = 0.2249000072479248
Training round: 54		accuracy = 0.16599999368190765
Training round: 55		accuracy = 0.1559000015258789
Training round: 56		accuracy = 0.10000000149011612
Training round: 57		accuracy = 0.19259999692440033
Training round: 58		accuracy = 0.21150000393390656
Training round: 59		accuracy = 0.22630000114440918
Training round: 60		accuracy = 0.25099998712539673
Training round: 61		accuracy = 0.2053000032901764
Training round: 62		accuracy = 0.2231999933719635
Training round: 63		accuracy = 0.1664000004529953
Training round: 64		accuracy = 0.20100000500679016
Training round: 65		accuracy = 0.23720000684261322
Training round: 66		accuracy = 0.20919999480247498
Training round: 67		accuracy = 0.21539999544620514
Training round: 68		accuracy = 0.1501999944448471
Training round: 69		accuracy = 0.21639999747276306
Training round: 70		accuracy = 0.17679999768733978
Training round: 71		accuracy = 0.16369999945163727
Training round: 72		accuracy = 0.20839999616146088
Training round: 73		accuracy = 0.18330000340938568
Training round: 74		accuracy = 0.20720000565052032
Training round: 75		accuracy = 0.17139999568462372
Training round: 76		accuracy = 0.20360000431537628
Training round: 77		accuracy = 0.24709999561309814
Training round: 78		accuracy = 0.24979999661445618
Training round: 79		accuracy = 0.17139999568462372
Training round: 80		accuracy = 0.18240000307559967
Training round: 81		accuracy = 0.1850000023841858
Training round: 82		accuracy = 0.1826000064611435
Training round: 83		accuracy = 0.22419999539852142
Training round: 84		accuracy = 0.21860000491142273
Training round: 85		accuracy = 0.20059999823570251
Training round: 86		accuracy = 0.20469999313354492
Training round: 87		accuracy = 0.14959999918937683
Training round: 88		accuracy = 0.16820000112056732
Training round: 89		accuracy = 0.22169999778270721
Training round: 90		accuracy = 0.26159998774528503
Training round: 91		accuracy = 0.1005999967455864
Training round: 92		accuracy = 0.16769999265670776
Training round: 93		accuracy = 0.24300000071525574
Training round: 94		accuracy = 0.11240000277757645
Training round: 95		accuracy = 0.22450000047683716
Training round: 96		accuracy = 0.24699999392032623
Training round: 97		accuracy = 0.19509999454021454
Training round: 98		accuracy = 0.12639999389648438
Training round: 99		accuracy = 0.24279999732971191
Training round: 100		accuracy = 0.20329999923706055
Training round: 101		accuracy = 0.22419999539852142
Training round: 102		accuracy = 0.15680000185966492
Training round: 103		accuracy = 0.225600004196167
Training round: 104		accuracy = 0.2628999948501587
Training round: 105		accuracy = 0.2583000063896179
Training round: 106		accuracy = 0.2721000015735626
Training round: 107		accuracy = 0.2825999855995178
Training round: 108		accuracy = 0.2644999921321869
Training round: 109		accuracy = 0.2727999985218048
Training round: 110		accuracy = 0.23090000450611115
Training round: 111		accuracy = 0.2037000060081482
Training round: 112		accuracy = 0.26899999380111694
Training round: 113		accuracy = 0.2865999937057495
Training round: 114		accuracy = 0.27869999408721924
Training round: 115		accuracy = 0.24639999866485596
Training round: 116		accuracy = 0.2630999982357025
Training round: 117		accuracy = 0.2833000123500824
Training round: 118		accuracy = 0.3188000023365021
Training round: 119		accuracy = 0.20630000531673431
Training round: 120		accuracy = 0.2671999931335449
Training round: 121		accuracy = 0.335099995136261
Training round: 122		accuracy = 0.2037000060081482
Training round: 123		accuracy = 0.20319999754428864
Training round: 124		accuracy = 0.3001999855041504
Training round: 125		accuracy = 0.1152999997138977
Training round: 126		accuracy = 0.27489998936653137
Training round: 127		accuracy = 0.36309999227523804
Training round: 128		accuracy = 0.25769999623298645
Training round: 129		accuracy = 0.2371000051498413
Training round: 130		accuracy = 0.2198999971151352
Training round: 131		accuracy = 0.28200000524520874
Training round: 132		accuracy = 0.24899999797344208
Training round: 133		accuracy = 0.2378000020980835
Training round: 134		accuracy = 0.2736000120639801
Training round: 135		accuracy = 0.29339998960494995
Training round: 136		accuracy = 0.10540000349283218
Training round: 137		accuracy = 0.24130000174045563
Training round: 138		accuracy = 0.23420000076293945
Training round: 139		accuracy = 0.1868000030517578
Training round: 140		accuracy = 0.28600001335144043
Training round: 141		accuracy = 0.2842000126838684
Training round: 142		accuracy = 0.2870999872684479
Training round: 143		accuracy = 0.13490000367164612
Training round: 144		accuracy = 0.13330000638961792
Training round: 145		accuracy = 0.25429999828338623
Training round: 146		accuracy = 0.2619999945163727
Training round: 147		accuracy = 0.2784999907016754
Training round: 148		accuracy = 0.24199999868869781
Training round: 149		accuracy = 0.29440000653266907
Training round: 150		accuracy = 0.3084000051021576
Training round: 151		accuracy = 0.3476000130176544
Training round: 152		accuracy = 0.3005000054836273
Training round: 153		accuracy = 0.13689999282360077
Training round: 154		accuracy = 0.30140000581741333
Training round: 155		accuracy = 0.2614000141620636
Training round: 156		accuracy = 0.18000000715255737
Training round: 157		accuracy = 0.2655999958515167
Training round: 158		accuracy = 0.11460000276565552
Training round: 159		accuracy = 0.3294999897480011
Training round: 160		accuracy = 0.16760000586509705
Training round: 161		accuracy = 0.28949999809265137
Training round: 162		accuracy = 0.32760000228881836
Training round: 163		accuracy = 0.31610000133514404
Training round: 164		accuracy = 0.2791999876499176
Training round: 165		accuracy = 0.2865000069141388
Training round: 166		accuracy = 0.24469999969005585
Training round: 167		accuracy = 0.2329999953508377
Training round: 168		accuracy = 0.1143999993801117
Training round: 169		accuracy = 0.3138999938964844
Training round: 170		accuracy = 0.3634999990463257
Training round: 171		accuracy = 0.19830000400543213
Training round: 172		accuracy = 0.35510000586509705
Training round: 173		accuracy = 0.20080000162124634
Training round: 174		accuracy = 0.20329999923706055
Training round: 175		accuracy = 0.20149999856948853
Training round: 176		accuracy = 0.27869999408721924
Training round: 177		accuracy = 0.26989999413490295
Training round: 178		accuracy = 0.21480000019073486
Training round: 179		accuracy = 0.26739999651908875
Training round: 180		accuracy = 0.10589999705553055
Training round: 181		accuracy = 0.2913999855518341
Training round: 182		accuracy = 0.15029999613761902
Training round: 183		accuracy = 0.22200000286102295
Training round: 184		accuracy = 0.22380000352859497
Training round: 185		accuracy = 0.3783000111579895
Training round: 186		accuracy = 0.12229999899864197
Training round: 187		accuracy = 0.1949000060558319
Training round: 188		accuracy = 0.2922999858856201
Training round: 189		accuracy = 0.2953999936580658
Training round: 190		accuracy = 0.2615000009536743
Training round: 191		accuracy = 0.13189999759197235
Training round: 192		accuracy = 0.20350000262260437
Training round: 193		accuracy = 0.31790000200271606
Training round: 194		accuracy = 0.34779998660087585
Training round: 195		accuracy = 0.3240000009536743
Training round: 196		accuracy = 0.23489999771118164
Training round: 197		accuracy = 0.22339999675750732
Training round: 198		accuracy = 0.21969999372959137
Training round: 199		accuracy = 0.28220000863075256
Training round: 200		accuracy = 0.3070000112056732
Training round: 201		accuracy = 0.2493000030517578
Training round: 202		accuracy = 0.29190000891685486
Training round: 203		accuracy = 0.2606000006198883
Training round: 204		accuracy = 0.21699999272823334
Training round: 205		accuracy = 0.3084000051021576
Training round: 206		accuracy = 0.33869999647140503
Training round: 207		accuracy = 0.1808999925851822
Training round: 208		accuracy = 0.2526000142097473
Training round: 209		accuracy = 0.12479999661445618
Training round: 210		accuracy = 0.37070000171661377
Training round: 211		accuracy = 0.299699991941452
Training round: 212		accuracy = 0.25589999556541443
Training round: 213		accuracy = 0.14419999718666077
Training round: 214		accuracy = 0.24899999797344208
Training round: 215		accuracy = 0.2273000031709671
Training round: 216		accuracy = 0.25040000677108765
Training round: 217		accuracy = 0.31439998745918274
Training round: 218		accuracy = 0.3061999976634979
Training round: 219		accuracy = 0.2953999936580658
Training round: 220		accuracy = 0.29019999504089355
Training round: 221		accuracy = 0.3206999897956848
Training round: 222		accuracy = 0.1657000035047531
Training round: 223		accuracy = 0.31520000100135803
Training round: 224		accuracy = 0.15330000221729279
Training round: 225		accuracy = 0.3133000135421753
Training round: 226		accuracy = 0.3125999867916107
Training round: 227		accuracy = 0.2904999852180481
Training round: 228		accuracy = 0.24789999425411224
Training round: 229		accuracy = 0.2542000114917755
Training round: 230		accuracy = 0.2207999974489212
Training round: 231		accuracy = 0.2529999911785126
Training round: 232		accuracy = 0.14139999449253082
Training round: 233		accuracy = 0.25459998846054077
Training round: 234		accuracy = 0.33469998836517334
Training round: 235		accuracy = 0.22419999539852142
Training round: 236		accuracy = 0.29989999532699585
Training round: 237		accuracy = 0.30239999294281006
Training round: 238		accuracy = 0.31200000643730164
Training round: 239		accuracy = 0.3407000005245209
Training round: 240		accuracy = 0.29679998755455017
Training round: 241		accuracy = 0.24400000274181366
Training round: 242		accuracy = 0.34360000491142273
Training round: 243		accuracy = 0.2741999924182892
Training round: 244		accuracy = 0.2971999943256378
Training round: 245		accuracy = 0.2930000126361847
Training round: 246		accuracy = 0.34130001068115234
Training round: 247		accuracy = 0.33399999141693115
Training round: 248		accuracy = 0.2944999933242798
Training round: 249		accuracy = 0.35850000381469727
Training round: 250		accuracy = 0.3528999984264374
Training round: 251		accuracy = 0.30640000104904175
Training round: 252		accuracy = 0.25519999861717224
Training round: 253		accuracy = 0.3474000096321106
Training round: 254		accuracy = 0.3248000144958496
Training round: 255		accuracy = 0.17589999735355377
Training round: 256		accuracy = 0.27320000529289246
Training round: 257		accuracy = 0.25940001010894775
Training round: 258		accuracy = 0.33410000801086426
Training round: 259		accuracy = 0.33169999718666077
Training round: 260		accuracy = 0.3212999999523163
Training round: 261		accuracy = 0.31520000100135803
Training round: 262		accuracy = 0.2513999938964844
Training round: 263		accuracy = 0.2800999879837036
Training round: 264		accuracy = 0.28760001063346863
Training round: 265		accuracy = 0.3889000117778778
Training round: 266		accuracy = 0.2842000126838684
Training round: 267		accuracy = 0.31310001015663147
Training round: 268		accuracy = 0.28769999742507935
Training round: 269		accuracy = 0.3700000047683716
Training round: 270		accuracy = 0.3882000148296356
Training round: 271		accuracy = 0.3772999942302704
Training round: 272		accuracy = 0.2980000078678131
Training round: 273		accuracy = 0.3197000026702881
Training round: 274		accuracy = 0.34209999442100525
Training round: 275		accuracy = 0.3862000107765198
Training round: 276		accuracy = 0.3896999955177307
Training round: 277		accuracy = 0.35830000042915344
Training round: 278		accuracy = 0.3813000023365021
Training round: 279		accuracy = 0.1761000007390976
Training round: 280		accuracy = 0.31769999861717224
Training round: 281		accuracy = 0.36730000376701355
Training round: 282		accuracy = 0.328900009393692
Training round: 283		accuracy = 0.3634999990463257
Training round: 284		accuracy = 0.34380000829696655
Training round: 285		accuracy = 0.3472999930381775
Training round: 286		accuracy = 0.36000001430511475
Training round: 287		accuracy = 0.2565999925136566
Training round: 288		accuracy = 0.30410000681877136
Training round: 289		accuracy = 0.35019999742507935
Training round: 290		accuracy = 0.3239000141620636
Training round: 291		accuracy = 0.38679999113082886
Training round: 292		accuracy = 0.3806000053882599
Training round: 293		accuracy = 0.41819998621940613
Training round: 294		accuracy = 0.26669999957084656
Training round: 295		accuracy = 0.24889999628067017
Training round: 296		accuracy = 0.3003999888896942
Training round: 297		accuracy = 0.3391000032424927
Training round: 298		accuracy = 0.24789999425411224
Training round: 299		accuracy = 0.29490000009536743
Training round: 300		accuracy = 0.31610000133514404
Training round: 301		accuracy = 0.2987000048160553
Training round: 302		accuracy = 0.34860000014305115
Training round: 303		accuracy = 0.34310001134872437
Training round: 304		accuracy = 0.4131999909877777
Training round: 305		accuracy = 0.40299999713897705
Training round: 306		accuracy = 0.3801000118255615
Training round: 307		accuracy = 0.28119999170303345
Training round: 308		accuracy = 0.2199999988079071
Training round: 309		accuracy = 0.3515999913215637
Training round: 310		accuracy = 0.3140999972820282
Training round: 311		accuracy = 0.272599995136261
Training round: 312		accuracy = 0.32089999318122864
Training round: 313		accuracy = 0.27630001306533813
Training round: 314		accuracy = 0.3822999894618988
Training round: 315		accuracy = 0.31459999084472656
Training round: 316		accuracy = 0.3610999882221222
Training round: 317		accuracy = 0.36230000853538513
Training round: 318		accuracy = 0.2635999917984009
Training round: 319		accuracy = 0.24570000171661377
Training round: 320		accuracy = 0.32519999146461487
Training round: 321		accuracy = 0.2948000133037567
Training round: 322		accuracy = 0.3082999885082245
Training round: 323		accuracy = 0.40849998593330383
Training round: 324		accuracy = 0.38359999656677246
Training round: 325		accuracy = 0.3718000054359436
Training round: 326		accuracy = 0.38600000739097595
Training round: 327		accuracy = 0.42340001463890076
Training round: 328		accuracy = 0.35499998927116394
Training round: 329		accuracy = 0.30649998784065247
Training round: 330		accuracy = 0.38909998536109924
Training round: 331		accuracy = 0.250900000333786
Training round: 332		accuracy = 0.39640000462532043
Training round: 333		accuracy = 0.3614000082015991
Training round: 334		accuracy = 0.3765999972820282
Training round: 335		accuracy = 0.33649998903274536
Training round: 336		accuracy = 0.4632999897003174
Training round: 337		accuracy = 0.2863999903202057
Training round: 338		accuracy = 0.37450000643730164
Training round: 339		accuracy = 0.2824999988079071
Training round: 340		accuracy = 0.37929999828338623
Training round: 341		accuracy = 0.3944999873638153
Training round: 342		accuracy = 0.2840999960899353
Training round: 343		accuracy = 0.373199999332428
Training round: 344		accuracy = 0.20229999721050262
Training round: 345		accuracy = 0.17790000140666962
Training round: 346		accuracy = 0.44449999928474426
Training round: 347		accuracy = 0.42170000076293945
Training round: 348		accuracy = 0.43689998984336853
Training round: 349		accuracy = 0.4090999960899353
Training round: 350		accuracy = 0.41839998960494995
Training round: 351		accuracy = 0.43619999289512634
Training round: 352		accuracy = 0.4431999921798706
Training round: 353		accuracy = 0.219200000166893
Training round: 354		accuracy = 0.44510000944137573
Training round: 355		accuracy = 0.4269999861717224
Training round: 356		accuracy = 0.45410001277923584
Training round: 357		accuracy = 0.43619999289512634
Training round: 358		accuracy = 0.3869999945163727
Training round: 359		accuracy = 0.4007999897003174
Training round: 360		accuracy = 0.383899986743927
Training round: 361		accuracy = 0.46720001101493835
Training round: 362		accuracy = 0.38850000500679016
Training round: 363		accuracy = 0.39570000767707825
Training round: 364		accuracy = 0.22840000689029694
Training round: 365		accuracy = 0.4377000033855438
Training round: 366		accuracy = 0.4205999970436096
Training round: 367		accuracy = 0.3264000117778778
Training round: 368		accuracy = 0.4300000071525574
Training round: 369		accuracy = 0.23800000548362732
Training round: 370		accuracy = 0.4156000018119812
Training round: 371		accuracy = 0.38040000200271606
Training round: 372		accuracy = 0.3961000144481659
Training round: 373		accuracy = 0.3612000048160553
Training round: 374		accuracy = 0.3319000005722046
Training round: 375		accuracy = 0.38179999589920044
Training round: 376		accuracy = 0.32659998536109924
Training round: 377		accuracy = 0.2538999915122986
Training round: 378		accuracy = 0.19779999554157257
Training round: 379		accuracy = 0.42800000309944153
Training round: 380		accuracy = 0.4431000053882599
Training round: 381		accuracy = 0.4036000072956085
Training round: 382		accuracy = 0.38929998874664307
Training round: 383		accuracy = 0.3456999957561493
Training round: 384		accuracy = 0.3050999939441681
Training round: 385		accuracy = 0.40529999136924744
Training round: 386		accuracy = 0.38519999384880066
Training round: 387		accuracy = 0.323199987411499
Training round: 388		accuracy = 0.2451999932527542
Training round: 389		accuracy = 0.22920000553131104
Training round: 390		accuracy = 0.39649999141693115
Training round: 391		accuracy = 0.37790000438690186
Training round: 392		accuracy = 0.4043000042438507
Training round: 393		accuracy = 0.41670000553131104
Training round: 394		accuracy = 0.3221000134944916
Training round: 395		accuracy = 0.3528999984264374
Training round: 396		accuracy = 0.4490000009536743
Training round: 397		accuracy = 0.313400000333786
Training round: 398		accuracy = 0.3359000086784363
Training round: 399		accuracy = 0.35850000381469727
Training round: 400		accuracy = 0.4401000142097473
Training round: 401		accuracy = 0.4616999924182892
Training round: 402		accuracy = 0.4212000072002411
Training round: 403		accuracy = 0.4212999939918518
Training round: 404		accuracy = 0.3377000093460083
Training round: 405		accuracy = 0.3285999894142151
Training round: 406		accuracy = 0.3953000009059906
Training round: 407		accuracy = 0.4083999991416931
Training round: 408		accuracy = 0.41760000586509705
Training round: 409		accuracy = 0.4043000042438507
Training round: 410		accuracy = 0.4625999927520752
Training round: 411		accuracy = 0.4302000105381012
Training round: 412		accuracy = 0.41110000014305115
Training round: 413		accuracy = 0.36629998683929443
Training round: 414		accuracy = 0.4537999927997589
Training round: 415		accuracy = 0.489300012588501
Training round: 416		accuracy = 0.4611999988555908
Training round: 417		accuracy = 0.44269999861717224
Training round: 418		accuracy = 0.44780001044273376
Training round: 419		accuracy = 0.46160000562667847
Training round: 420		accuracy = 0.4544999897480011
Training round: 421		accuracy = 0.424699991941452
Training round: 422		accuracy = 0.4878999888896942
Training round: 423		accuracy = 0.4381999969482422
Training round: 424		accuracy = 0.40720000863075256
Training round: 425		accuracy = 0.43689998984336853
Training round: 426		accuracy = 0.4478999972343445
Training round: 427		accuracy = 0.43959999084472656
Training round: 428		accuracy = 0.4357999861240387
Training round: 429		accuracy = 0.4291999936103821
Training round: 430		accuracy = 0.38679999113082886
Training round: 431		accuracy = 0.4733000099658966
Training round: 432		accuracy = 0.4575999975204468
Training round: 433		accuracy = 0.43779999017715454
Training round: 434		accuracy = 0.45590001344680786
Training round: 435		accuracy = 0.43650001287460327
Training round: 436		accuracy = 0.4749999940395355
Training round: 437		accuracy = 0.41940000653266907
Training round: 438		accuracy = 0.4699000120162964
Training round: 439		accuracy = 0.4350000023841858
Training round: 440		accuracy = 0.4555000066757202
Training round: 441		accuracy = 0.3578000068664551
Training round: 442		accuracy = 0.4634999930858612
Training round: 443		accuracy = 0.20649999380111694
Training round: 444		accuracy = 0.47350001335144043
Training round: 445		accuracy = 0.45100000500679016
Training round: 446		accuracy = 0.5095000267028809
Training round: 447		accuracy = 0.5148000121116638
Training round: 448		accuracy = 0.3142000138759613
Training round: 449		accuracy = 0.43720000982284546
Training round: 450		accuracy = 0.42829999327659607
Training round: 451		accuracy = 0.2702000141143799
Training round: 452		accuracy = 0.2513999938964844
Training round: 453		accuracy = 0.4697999954223633
Training round: 454		accuracy = 0.3578999936580658
Training round: 455		accuracy = 0.4406000077724457
Training round: 456		accuracy = 0.44209998846054077
Training round: 457		accuracy = 0.42179998755455017
Training round: 458		accuracy = 0.4237000048160553
Training round: 459		accuracy = 0.3578999936580658
Training round: 460		accuracy = 0.4260999858379364
Training round: 461		accuracy = 0.29679998755455017
Training round: 462		accuracy = 0.2506999969482422
Training round: 463		accuracy = 0.3319999873638153
Training round: 464		accuracy = 0.28690001368522644
Training round: 465		accuracy = 0.3269999921321869
Training round: 466		accuracy = 0.26159998774528503
Training round: 467		accuracy = 0.4007999897003174
Training round: 468		accuracy = 0.46540001034736633
Training round: 469		accuracy = 0.4194999933242798
Training round: 470		accuracy = 0.33480000495910645
Training round: 471		accuracy = 0.3806000053882599
Training round: 472		accuracy = 0.4684000015258789
Training round: 473		accuracy = 0.34619998931884766
Training round: 474		accuracy = 0.4359000027179718
Training round: 475		accuracy = 0.4560000002384186
Training round: 476		accuracy = 0.35659998655319214
Training round: 477		accuracy = 0.4244999885559082
Training round: 478		accuracy = 0.32899999618530273
Training round: 479		accuracy = 0.3305000066757202
Training round: 480		accuracy = 0.42489999532699585
Training round: 481		accuracy = 0.4729999899864197
Training round: 482		accuracy = 0.33809998631477356
Training round: 483		accuracy = 0.44179999828338623
Training round: 484		accuracy = 0.36489999294281006
Training round: 485		accuracy = 0.26919999718666077
Training round: 486		accuracy = 0.4456999897956848
Training round: 487		accuracy = 0.4756999909877777
Training round: 488		accuracy = 0.30809998512268066
Training round: 489		accuracy = 0.4487999975681305
Training round: 490		accuracy = 0.4740999937057495
Training round: 491		accuracy = 0.4871000051498413
Training round: 492		accuracy = 0.47450000047683716
Training round: 493		accuracy = 0.46470001339912415
Training round: 494		accuracy = 0.4440999925136566
Training round: 495		accuracy = 0.3785000145435333
Training round: 496		accuracy = 0.35510000586509705
Training round: 497		accuracy = 0.4377000033855438
Training round: 498		accuracy = 0.26030001044273376
Training round: 499		accuracy = 0.4641999900341034
Training round: 500		accuracy = 0.4634999930858612
Training round: 501		accuracy = 0.47870001196861267
Training round: 502		accuracy = 0.5221999883651733
Training round: 503		accuracy = 0.47690001130104065
Training round: 504		accuracy = 0.3644999861717224
Training round: 505		accuracy = 0.445499986410141
Training round: 506		accuracy = 0.44119998812675476
Training round: 507		accuracy = 0.4174000024795532
Training round: 508		accuracy = 0.47859999537467957
Training round: 509		accuracy = 0.5044999718666077
Training round: 510		accuracy = 0.4629000127315521
Training round: 511		accuracy = 0.5009999871253967
Training round: 512		accuracy = 0.36329999566078186
Training round: 513		accuracy = 0.35910001397132874
Training round: 514		accuracy = 0.31130000948905945
Training round: 515		accuracy = 0.35659998655319214
Training round: 516		accuracy = 0.46380001306533813
Training round: 517		accuracy = 0.47200000286102295
Training round: 518		accuracy = 0.2985000014305115
Training round: 519		accuracy = 0.3465000092983246
Training round: 520		accuracy = 0.3490000069141388
Training round: 521		accuracy = 0.35850000381469727
Training round: 522		accuracy = 0.34700000286102295
Training round: 523		accuracy = 0.4325999915599823
Training round: 524		accuracy = 0.4571000039577484
Training round: 525		accuracy = 0.3610999882221222
Training round: 526		accuracy = 0.4945000112056732
Training round: 527		accuracy = 0.3264999985694885
Training round: 528		accuracy = 0.4106999933719635
Training round: 529		accuracy = 0.3747999966144562
Training round: 530		accuracy = 0.5040000081062317
Training round: 531		accuracy = 0.36899998784065247
Training round: 532		accuracy = 0.36419999599456787
Training round: 533		accuracy = 0.4399000108242035
Training round: 534		accuracy = 0.4575999975204468
Training round: 535		accuracy = 0.367000013589859
Training round: 536		accuracy = 0.4855000078678131
Training round: 537		accuracy = 0.5192999839782715
Training round: 538		accuracy = 0.5144000053405762
Training round: 539		accuracy = 0.44369998574256897
Training round: 540		accuracy = 0.47540000081062317
Training round: 541		accuracy = 0.4876999855041504
Training round: 542		accuracy = 0.4171000123023987
Training round: 543		accuracy = 0.48429998755455017
Training round: 544		accuracy = 0.38600000739097595
Training round: 545		accuracy = 0.5088000297546387
Training round: 546		accuracy = 0.522599995136261
Training round: 547		accuracy = 0.4165000021457672
Training round: 548		accuracy = 0.42969998717308044
Training round: 549		accuracy = 0.4726000130176544
Training round: 550		accuracy = 0.49779999256134033
Training round: 551		accuracy = 0.5015000104904175
Training round: 552		accuracy = 0.5033000111579895
Training round: 553		accuracy = 0.3840000033378601
Training round: 554		accuracy = 0.3237999975681305
Training round: 555		accuracy = 0.4616999924182892
Training round: 556		accuracy = 0.47099998593330383
Training round: 557		accuracy = 0.4749000072479248
Training round: 558		accuracy = 0.48840001225471497
Training round: 559		accuracy = 0.5112000107765198
Training round: 560		accuracy = 0.483599990606308
Training round: 561		accuracy = 0.4936000108718872
Training round: 562		accuracy = 0.4309999942779541
Training round: 563		accuracy = 0.4025000035762787
Training round: 564		accuracy = 0.5034000277519226
Training round: 565		accuracy = 0.3855000138282776
Training round: 566		accuracy = 0.4388999938964844
Training round: 567		accuracy = 0.41190001368522644
Training round: 568		accuracy = 0.4821000099182129
Training round: 569		accuracy = 0.45089998841285706
Training round: 570		accuracy = 0.48809999227523804
Training round: 571		accuracy = 0.43810001015663147
Training round: 572		accuracy = 0.45660001039505005
Training round: 573		accuracy = 0.3382999897003174
Training round: 574		accuracy = 0.4959999918937683
Training round: 575		accuracy = 0.4271000027656555
Training round: 576		accuracy = 0.4645000100135803
Training round: 577		accuracy = 0.3824000060558319
Training round: 578		accuracy = 0.4805999994277954
Training round: 579		accuracy = 0.5278000235557556
Training round: 580		accuracy = 0.4424999952316284
Training round: 581		accuracy = 0.49219998717308044
Training round: 582		accuracy = 0.5217999815940857
Training round: 583		accuracy = 0.3127000033855438
Training round: 584		accuracy = 0.4821000099182129
Training round: 585		accuracy = 0.39809998869895935
Training round: 586		accuracy = 0.5044999718666077
Training round: 587		accuracy = 0.4869999885559082
Training round: 588		accuracy = 0.2822999954223633
Training round: 589		accuracy = 0.46129998564720154
Training round: 590		accuracy = 0.5501999855041504
Training round: 591		accuracy = 0.5102999806404114
Training round: 592		accuracy = 0.29989999532699585
Training round: 593		accuracy = 0.5023000240325928
Training round: 594		accuracy = 0.4893999993801117
Training round: 595		accuracy = 0.4961000084877014
Training round: 596		accuracy = 0.542900025844574
Training round: 597		accuracy = 0.5299000144004822
Training round: 598		accuracy = 0.4984999895095825
Training round: 599		accuracy = 0.33079999685287476
Training round: 600		accuracy = 0.3305000066757202
Training round: 601		accuracy = 0.3450999855995178
Training round: 602		accuracy = 0.45019999146461487
Training round: 603		accuracy = 0.49630001187324524
Training round: 604		accuracy = 0.3296000063419342
Training round: 605		accuracy = 0.5304999947547913
Training round: 606		accuracy = 0.4952999949455261
Training round: 607		accuracy = 0.5259000062942505
Training round: 608		accuracy = 0.3723999857902527
Training round: 609		accuracy = 0.2955999970436096
Training round: 610		accuracy = 0.5149999856948853
Training round: 611		accuracy = 0.4991999864578247
Training round: 612		accuracy = 0.5214999914169312
Training round: 613		accuracy = 0.4684000015258789
Training round: 614		accuracy = 0.4041000008583069
Training round: 615		accuracy = 0.5249999761581421
Training round: 616		accuracy = 0.41040000319480896
Training round: 617		accuracy = 0.4535999894142151
Training round: 618		accuracy = 0.5194000005722046
Training round: 619		accuracy = 0.37400001287460327
Training round: 620		accuracy = 0.33090001344680786
Training round: 621		accuracy = 0.47920000553131104
Training round: 622		accuracy = 0.48089998960494995
Training round: 623		accuracy = 0.4797999858856201
Training round: 624		accuracy = 0.38609999418258667
Training round: 625		accuracy = 0.5151000022888184
Training round: 626		accuracy = 0.5094000101089478
Training round: 627		accuracy = 0.4510999917984009
Training round: 628		accuracy = 0.49230000376701355
Training round: 629		accuracy = 0.5141000151634216
Training round: 630		accuracy = 0.4422999918460846
Training round: 631		accuracy = 0.4526999890804291
Training round: 632		accuracy = 0.5216000080108643
Training round: 633		accuracy = 0.5055999755859375
Training round: 634		accuracy = 0.45089998841285706
Training round: 635		accuracy = 0.3068999946117401
Training round: 636		accuracy = 0.251800000667572
Training round: 637		accuracy = 0.5005999803543091
Training round: 638		accuracy = 0.28380000591278076
Training round: 639		accuracy = 0.32359999418258667
Training round: 640		accuracy = 0.4133000075817108
Training round: 641		accuracy = 0.3377000093460083
Training round: 642		accuracy = 0.4966000020503998
Training round: 643		accuracy = 0.48730000853538513
Training round: 644		accuracy = 0.48249998688697815
Training round: 645		accuracy = 0.40049999952316284
Training round: 646		accuracy = 0.39430001378059387
Training round: 647		accuracy = 0.4009999930858612
Training round: 648		accuracy = 0.5198000073432922
Training round: 649		accuracy = 0.5210000276565552
Training round: 650		accuracy = 0.5091999769210815
Training round: 651		accuracy = 0.4936000108718872
Training round: 652		accuracy = 0.4659999907016754
Training round: 653		accuracy = 0.48809999227523804
Training round: 654		accuracy = 0.48829999566078186
Training round: 655		accuracy = 0.4246000051498413
Training round: 656		accuracy = 0.453000009059906
Training round: 657		accuracy = 0.3440999984741211
Training round: 658		accuracy = 0.5586000084877014
Training round: 659		accuracy = 0.4984999895095825
Training round: 660		accuracy = 0.5285999774932861
Training round: 661		accuracy = 0.5357999801635742
Training round: 662		accuracy = 0.5310999751091003
Training round: 663		accuracy = 0.5128999948501587
Training round: 664		accuracy = 0.3903000056743622
Training round: 665		accuracy = 0.4627000093460083
Training round: 666		accuracy = 0.5267000198364258
Training round: 667		accuracy = 0.507099986076355
Training round: 668		accuracy = 0.5254999995231628
Training round: 669		accuracy = 0.4009999930858612
Training round: 670		accuracy = 0.4918000102043152
Training round: 671		accuracy = 0.4643999934196472
Training round: 672		accuracy = 0.31150001287460327
Training round: 673		accuracy = 0.5551999807357788
Training round: 674		accuracy = 0.5361999869346619
Training round: 675		accuracy = 0.4894999861717224
Training round: 676		accuracy = 0.47350001335144043
Training round: 677		accuracy = 0.5153999924659729
Training round: 678		accuracy = 0.3952000141143799
Training round: 679		accuracy = 0.3833000063896179
Training round: 680		accuracy = 0.5101000070571899
Training round: 681		accuracy = 0.5062999725341797
Training round: 682		accuracy = 0.5072000026702881
Training round: 683		accuracy = 0.5189999938011169
Training round: 684		accuracy = 0.5005999803543091
Training round: 685		accuracy = 0.524399995803833
Training round: 686		accuracy = 0.38109999895095825
Training round: 687		accuracy = 0.4244000017642975
Training round: 688		accuracy = 0.5210000276565552
Training round: 689		accuracy = 0.43209999799728394
Training round: 690		accuracy = 0.43810001015663147
Training round: 691		accuracy = 0.5164999961853027
Training round: 692		accuracy = 0.5217999815940857
Training round: 693		accuracy = 0.5141000151634216
Training round: 694		accuracy = 0.4255000054836273
Training round: 695		accuracy = 0.4902999997138977
Training round: 696		accuracy = 0.5425000190734863
Training round: 697		accuracy = 0.527899980545044
Training round: 698		accuracy = 0.5063999891281128
Training round: 699		accuracy = 0.5056999921798706
Training round: 700		accuracy = 0.5098000168800354
Training round: 701		accuracy = 0.5078999996185303
Training round: 702		accuracy = 0.435699999332428
Training round: 703		accuracy = 0.41589999198913574
Training round: 704		accuracy = 0.4742000102996826
Training round: 705		accuracy = 0.461899995803833
Training round: 706		accuracy = 0.5196999907493591
Training round: 707		accuracy = 0.3440999984741211
Training round: 708		accuracy = 0.4253000020980835
Training round: 709		accuracy = 0.43369999527931213
Training round: 710		accuracy = 0.513700008392334
Training round: 711		accuracy = 0.3903000056743622
Training round: 712		accuracy = 0.4715000092983246
Training round: 713		accuracy = 0.5013999938964844
Training round: 714		accuracy = 0.37459999322891235
Training round: 715		accuracy = 0.4025999903678894
Training round: 716		accuracy = 0.4912000000476837
Training round: 717		accuracy = 0.37790000438690186
Training round: 718		accuracy = 0.513700008392334
Training round: 719		accuracy = 0.3790999948978424
Training round: 720		accuracy = 0.48910000920295715
Training round: 721		accuracy = 0.4104999899864197
Training round: 722		accuracy = 0.3513000011444092
Training round: 723		accuracy = 0.49720001220703125
Training round: 724		accuracy = 0.5351999998092651
Training round: 725		accuracy = 0.4887999892234802
Training round: 726		accuracy = 0.5189999938011169
Training round: 727		accuracy = 0.4275999963283539
Training round: 728		accuracy = 0.41679999232292175
Training round: 729		accuracy = 0.4749000072479248
Training round: 730		accuracy = 0.40779998898506165
Training round: 731		accuracy = 0.4991999864578247
Training round: 732		accuracy = 0.5012000203132629
Training round: 733		accuracy = 0.4999000132083893
Training round: 734		accuracy = 0.38359999656677246
Training round: 735		accuracy = 0.4099000096321106
Training round: 736		accuracy = 0.4194999933242798
Training round: 737		accuracy = 0.5224999785423279
Training round: 738		accuracy = 0.3386000096797943
Training round: 739		accuracy = 0.43470001220703125
Training round: 740		accuracy = 0.4311999976634979
Training round: 741		accuracy = 0.37720000743865967
Training round: 742		accuracy = 0.49129998683929443
Training round: 743		accuracy = 0.5054000020027161
Training round: 744		accuracy = 0.526199996471405
Training round: 745		accuracy = 0.5206999778747559
Training round: 746		accuracy = 0.5486000180244446
Training round: 747		accuracy = 0.4268999993801117
Training round: 748		accuracy = 0.3894999921321869
Training round: 749		accuracy = 0.49720001220703125
Training round: 750		accuracy = 0.48170000314712524
Training round: 751		accuracy = 0.3928000032901764
Training round: 752		accuracy = 0.4952000081539154
Training round: 753		accuracy = 0.5307999849319458
Training round: 754		accuracy = 0.43389999866485596
Training round: 755		accuracy = 0.42410001158714294
Training round: 756		accuracy = 0.4156000018119812
Training round: 757		accuracy = 0.5321999788284302
Training round: 758		accuracy = 0.5181999802589417
Training round: 759		accuracy = 0.3544999957084656
Training round: 760		accuracy = 0.3402999937534332
Training round: 761		accuracy = 0.43630000948905945
Training round: 762		accuracy = 0.4406999945640564
Training round: 763		accuracy = 0.40380001068115234
Training round: 764		accuracy = 0.42480000853538513
Training round: 765		accuracy = 0.5235999822616577
Training round: 766		accuracy = 0.4564000070095062
Training round: 767		accuracy = 0.5515000224113464
Training round: 768		accuracy = 0.364300012588501
Training round: 769		accuracy = 0.5504000186920166
Training round: 770		accuracy = 0.5662999749183655
Training round: 771		accuracy = 0.5551000237464905
Training round: 772		accuracy = 0.5569000244140625
Training round: 773		accuracy = 0.5742999911308289
Training round: 774		accuracy = 0.5716000199317932
Training round: 775		accuracy = 0.5752999782562256
Training round: 776		accuracy = 0.5651999711990356
Training round: 777		accuracy = 0.5782999992370605
Training round: 778		accuracy = 0.5753999948501587
Training round: 779		accuracy = 0.42170000076293945
Training round: 780		accuracy = 0.5429999828338623
Training round: 781		accuracy = 0.5315999984741211
Training round: 782		accuracy = 0.5412999987602234
Training round: 783		accuracy = 0.4138999879360199
Training round: 784		accuracy = 0.5209000110626221
Training round: 785		accuracy = 0.5184999704360962
Training round: 786		accuracy = 0.5353000164031982
Training round: 787		accuracy = 0.44920000433921814
Training round: 788		accuracy = 0.43160000443458557
Training round: 789		accuracy = 0.40529999136924744
Training round: 790		accuracy = 0.4077000021934509
Training round: 791		accuracy = 0.49470001459121704
Training round: 792		accuracy = 0.5468000173568726
Training round: 793		accuracy = 0.3750999867916107
Training round: 794		accuracy = 0.535099983215332
Training round: 795		accuracy = 0.5625
Training round: 796		accuracy = 0.5336999893188477
Training round: 797		accuracy = 0.49959999322891235
Training round: 798		accuracy = 0.5120000243186951
Training round: 799		accuracy = 0.5493000149726868
Training round: 800		accuracy = 0.34529998898506165
Training round: 801		accuracy = 0.512499988079071
Training round: 802		accuracy = 0.49810001254081726
Training round: 803		accuracy = 0.5156000256538391
Training round: 804		accuracy = 0.4104999899864197
Training round: 805		accuracy = 0.48739999532699585
Training round: 806		accuracy = 0.5212000012397766
Training round: 807		accuracy = 0.5386000275611877
Training round: 808		accuracy = 0.5307000279426575
Training round: 809		accuracy = 0.5515000224113464
Training round: 810		accuracy = 0.34209999442100525
Training round: 811		accuracy = 0.5673999786376953
Training round: 812		accuracy = 0.4138999879360199
Training round: 813		accuracy = 0.42399999499320984
Training round: 814		accuracy = 0.4388999938964844
Training round: 815		accuracy = 0.534600019454956
Training round: 816		accuracy = 0.4546000063419342
Training round: 817		accuracy = 0.35429999232292175
Training round: 818		accuracy = 0.49059998989105225
Training round: 819		accuracy = 0.5309000015258789
Training round: 820		accuracy = 0.566100001335144
Training round: 821		accuracy = 0.5236999988555908
Training round: 822		accuracy = 0.5156000256538391
Training round: 823		accuracy = 0.3790000081062317
Training round: 824		accuracy = 0.33640000224113464
Training round: 825		accuracy = 0.3456000089645386
Training round: 826		accuracy = 0.5113999843597412
Training round: 827		accuracy = 0.4187999963760376
Training round: 828		accuracy = 0.48579999804496765
Training round: 829		accuracy = 0.5049999952316284
Training round: 830		accuracy = 0.487199991941452
Training round: 831		accuracy = 0.5027999877929688
Training round: 832		accuracy = 0.5680999755859375
Training round: 833		accuracy = 0.4361000061035156
Training round: 834		accuracy = 0.5153999924659729
Training round: 835		accuracy = 0.41600000858306885
Training round: 836		accuracy = 0.5415999889373779
Training round: 837		accuracy = 0.5220000147819519
Training round: 838		accuracy = 0.5579000115394592
Training round: 839		accuracy = 0.4968000054359436
Training round: 840		accuracy = 0.5138999819755554
Training round: 841		accuracy = 0.39809998869895935
Training round: 842		accuracy = 0.43639999628067017
Training round: 843		accuracy = 0.3589000105857849
Training round: 844		accuracy = 0.5566999912261963
Training round: 845		accuracy = 0.43849998712539673
Training round: 846		accuracy = 0.43959999084472656
Training round: 847		accuracy = 0.42260000109672546
Training round: 848		accuracy = 0.42010000348091125
Training round: 849		accuracy = 0.526199996471405
Training round: 850		accuracy = 0.4390000104904175
Training round: 851		accuracy = 0.5322999954223633
Training round: 852		accuracy = 0.5378999710083008
Training round: 853		accuracy = 0.5625
Training round: 854		accuracy = 0.3723999857902527
Training round: 855		accuracy = 0.5254999995231628
Training round: 856		accuracy = 0.4058000147342682
Training round: 857		accuracy = 0.3603000044822693
Training round: 858		accuracy = 0.41929998993873596
Training round: 859		accuracy = 0.5303000211715698
Training round: 860		accuracy = 0.34040001034736633
Training round: 861		accuracy = 0.5475999712944031
Training round: 862		accuracy = 0.46239998936653137
Training round: 863		accuracy = 0.5612999796867371
Training round: 864		accuracy = 0.4343000054359436
Training round: 865		accuracy = 0.4377000033855438
Training round: 866		accuracy = 0.5482000112533569
Training round: 867		accuracy = 0.5361999869346619
Training round: 868		accuracy = 0.5723999738693237
Training round: 869		accuracy = 0.40299999713897705
Training round: 870		accuracy = 0.5388000011444092
Training round: 871		accuracy = 0.5587999820709229
Training round: 872		accuracy = 0.43560001254081726
Training round: 873		accuracy = 0.5274999737739563
Training round: 874		accuracy = 0.5372999906539917
Training round: 875		accuracy = 0.5619000196456909
Training round: 876		accuracy = 0.40799999237060547
Training round: 877		accuracy = 0.5245000123977661
Training round: 878		accuracy = 0.5644000172615051
Training round: 879		accuracy = 0.4498000144958496
Training round: 880		accuracy = 0.3905999958515167
Training round: 881		accuracy = 0.5235000252723694
Training round: 882		accuracy = 0.5390999913215637
Training round: 883		accuracy = 0.5526999831199646
Training round: 884		accuracy = 0.3882000148296356
Training round: 885		accuracy = 0.44920000433921814
Training round: 886		accuracy = 0.42089998722076416
Training round: 887		accuracy = 0.5356000065803528
Training round: 888		accuracy = 0.5447999835014343
Training round: 889		accuracy = 0.5340999960899353
Training round: 890		accuracy = 0.5713000297546387
Training round: 891		accuracy = 0.5672000050544739
Training round: 892		accuracy = 0.5805000066757202
Training round: 893		accuracy = 0.46399998664855957
Training round: 894		accuracy = 0.5597000122070312
Training round: 895		accuracy = 0.5498999953269958
Training round: 896		accuracy = 0.557699978351593
Training round: 897		accuracy = 0.5515999794006348
Training round: 898		accuracy = 0.5608999729156494
Training round: 899		accuracy = 0.5430999994277954
Training round: 900		accuracy = 0.5440999865531921
Training round: 901		accuracy = 0.5706999897956848
Training round: 902		accuracy = 0.46560001373291016
Training round: 903		accuracy = 0.4733999967575073
Training round: 904		accuracy = 0.46650001406669617
Training round: 905		accuracy = 0.3889999985694885
Training round: 906		accuracy = 0.5576000213623047
Training round: 907		accuracy = 0.5349000096321106
Training round: 908		accuracy = 0.5307999849319458
Training round: 909		accuracy = 0.4133000075817108
Training round: 910		accuracy = 0.4277999997138977
Training round: 911		accuracy = 0.5584999918937683
Training round: 912		accuracy = 0.5824000239372253
Training round: 913		accuracy = 0.5591999888420105
Training round: 914		accuracy = 0.5706999897956848
Training round: 915		accuracy = 0.5644000172615051
Training round: 916		accuracy = 0.5889000296592712
Training round: 917		accuracy = 0.42410001158714294
Training round: 918		accuracy = 0.5683000087738037
Training round: 919		accuracy = 0.5698000192642212
Training round: 920		accuracy = 0.5990999937057495
Training round: 921		accuracy = 0.4659000039100647
Training round: 922		accuracy = 0.3677999973297119
Training round: 923		accuracy = 0.4212999939918518
Training round: 924		accuracy = 0.3962000012397766
Training round: 925		accuracy = 0.37439998984336853
Training round: 926		accuracy = 0.5519000291824341
Training round: 927		accuracy = 0.5719000101089478
Training round: 928		accuracy = 0.57669997215271
Training round: 929		accuracy = 0.5641000270843506
Training round: 930		accuracy = 0.4388999938964844
Training round: 931		accuracy = 0.5530999898910522
Training round: 932		accuracy = 0.5719000101089478
Training round: 933		accuracy = 0.5972999930381775
Training round: 934		accuracy = 0.59579998254776
Training round: 935		accuracy = 0.438400000333786
Training round: 936		accuracy = 0.5329999923706055
Training round: 937		accuracy = 0.46470001339912415
Training round: 938		accuracy = 0.4318000078201294
Training round: 939		accuracy = 0.5339999794960022
Training round: 940		accuracy = 0.4496000111103058
Training round: 941		accuracy = 0.5356000065803528
Training round: 942		accuracy = 0.5199000239372253
Training round: 943		accuracy = 0.5601000189781189
Training round: 944		accuracy = 0.5654000043869019
Training round: 945		accuracy = 0.4090999960899353
Training round: 946		accuracy = 0.5909000039100647
Training round: 947		accuracy = 0.5827000141143799
Training round: 948		accuracy = 0.5771999955177307
Training round: 949		accuracy = 0.5874999761581421
Training round: 950		accuracy = 0.5860999822616577
Training round: 951		accuracy = 0.5842999815940857
Training round: 952		accuracy = 0.329800009727478
Training round: 953		accuracy = 0.5094000101089478
Training round: 954		accuracy = 0.5116999745368958
Training round: 955		accuracy = 0.33550000190734863
Training round: 956		accuracy = 0.40849998593330383
Training round: 957		accuracy = 0.47929999232292175
Training round: 958		accuracy = 0.5329999923706055
Training round: 959		accuracy = 0.5145999789237976
Training round: 960		accuracy = 0.5074999928474426
Training round: 961		accuracy = 0.5404999852180481
Training round: 962		accuracy = 0.4607999920845032
Training round: 963		accuracy = 0.5213000178337097
Training round: 964		accuracy = 0.4399000108242035
Training round: 965		accuracy = 0.5232999920845032
Training round: 966		accuracy = 0.5188000202178955
Training round: 967		accuracy = 0.3873000144958496
Training round: 968		accuracy = 0.43540000915527344
Training round: 969		accuracy = 0.5580999851226807
Training round: 970		accuracy = 0.5541999936103821
Training round: 971		accuracy = 0.42410001158714294
Training round: 972		accuracy = 0.5214999914169312
Training round: 973		accuracy = 0.3930000066757202
Training round: 974		accuracy = 0.5647000074386597
Training round: 975		accuracy = 0.4796000123023987
Training round: 976		accuracy = 0.5454999804496765
Training round: 977		accuracy = 0.5656999945640564
Training round: 978		accuracy = 0.580299973487854
Training round: 979		accuracy = 0.5824000239372253
Training round: 980		accuracy = 0.5745999813079834
Training round: 981		accuracy = 0.5637999773025513
Training round: 982		accuracy = 0.4250999987125397
Training round: 983		accuracy = 0.5647000074386597
Training round: 984		accuracy = 0.5848000049591064
Training round: 985		accuracy = 0.570900022983551
Training round: 986		accuracy = 0.4699999988079071
Training round: 987		accuracy = 0.5701000094413757
Training round: 988		accuracy = 0.4300000071525574
Training round: 989		accuracy = 0.5942000150680542
Training round: 990		accuracy = 0.5845000147819519
Training round: 991		accuracy = 0.43380001187324524
Training round: 992		accuracy = 0.34150001406669617
Training round: 993		accuracy = 0.5228999853134155
Training round: 994		accuracy = 0.5685999989509583
Training round: 995		accuracy = 0.58160001039505
Training round: 996		accuracy = 0.43709999322891235
Training round: 997		accuracy = 0.5245000123977661
Training round: 998		accuracy = 0.522599995136261
Training round: 999		accuracy = 0.5371999740600586
Training round: 1000		accuracy = 0.41499999165534973
Training duration 9932.201452493668
