2021-08-22 19:52:41.223948: I tensorflow/stream_executor/platform/default/dso_loader.cc:49] Successfully opened dynamic library libcudart.so.11.0
2021-08-22 19:53:05.448775: I tensorflow/compiler/jit/xla_cpu_device.cc:41] Not creating XLA devices, tf_xla_enable_xla_devices not set
2021-08-22 19:53:05.453771: I tensorflow/stream_executor/platform/default/dso_loader.cc:49] Successfully opened dynamic library libcuda.so.1
2021-08-22 19:53:05.490560: I tensorflow/core/common_runtime/gpu/gpu_device.cc:1720] Found device 0 with properties: 
pciBusID: 0000:03:00.0 name: Tesla P100-PCIE-12GB computeCapability: 6.0
coreClock: 1.3285GHz coreCount: 56 deviceMemorySize: 11.91GiB deviceMemoryBandwidth: 511.41GiB/s
2021-08-22 19:53:05.491077: I tensorflow/stream_executor/platform/default/dso_loader.cc:49] Successfully opened dynamic library libcudart.so.11.0
2021-08-22 19:53:05.503053: I tensorflow/stream_executor/platform/default/dso_loader.cc:49] Successfully opened dynamic library libcublas.so.11
2021-08-22 19:53:05.503259: I tensorflow/stream_executor/platform/default/dso_loader.cc:49] Successfully opened dynamic library libcublasLt.so.11
2021-08-22 19:53:05.509294: I tensorflow/stream_executor/platform/default/dso_loader.cc:49] Successfully opened dynamic library libcufft.so.10
2021-08-22 19:53:05.511479: I tensorflow/stream_executor/platform/default/dso_loader.cc:49] Successfully opened dynamic library libcurand.so.10
2021-08-22 19:53:05.519052: I tensorflow/stream_executor/platform/default/dso_loader.cc:49] Successfully opened dynamic library libcusolver.so.10
2021-08-22 19:53:05.521277: I tensorflow/stream_executor/platform/default/dso_loader.cc:49] Successfully opened dynamic library libcusparse.so.11
2021-08-22 19:53:05.521981: I tensorflow/stream_executor/platform/default/dso_loader.cc:49] Successfully opened dynamic library libcudnn.so.8
2021-08-22 19:53:05.524393: I tensorflow/core/common_runtime/gpu/gpu_device.cc:1862] Adding visible gpu devices: 0
2021-08-22 19:53:05.530484: I tensorflow/core/platform/cpu_feature_guard.cc:142] This TensorFlow binary is optimized with oneAPI Deep Neural Network Library (oneDNN) to use the following CPU instructions in performance-critical operations:  AVX2 FMA
To enable them in other operations, rebuild TensorFlow with the appropriate compiler flags.
2021-08-22 19:53:05.530843: I tensorflow/compiler/jit/xla_gpu_device.cc:99] Not creating XLA devices, tf_xla_enable_xla_devices not set
2021-08-22 19:53:05.531958: I tensorflow/core/common_runtime/gpu/gpu_device.cc:1720] Found device 0 with properties: 
pciBusID: 0000:03:00.0 name: Tesla P100-PCIE-12GB computeCapability: 6.0
coreClock: 1.3285GHz coreCount: 56 deviceMemorySize: 11.91GiB deviceMemoryBandwidth: 511.41GiB/s
2021-08-22 19:53:05.532079: I tensorflow/stream_executor/platform/default/dso_loader.cc:49] Successfully opened dynamic library libcudart.so.11.0
2021-08-22 19:53:05.532148: I tensorflow/stream_executor/platform/default/dso_loader.cc:49] Successfully opened dynamic library libcublas.so.11
2021-08-22 19:53:05.532245: I tensorflow/stream_executor/platform/default/dso_loader.cc:49] Successfully opened dynamic library libcublasLt.so.11
2021-08-22 19:53:05.532312: I tensorflow/stream_executor/platform/default/dso_loader.cc:49] Successfully opened dynamic library libcufft.so.10
2021-08-22 19:53:05.532403: I tensorflow/stream_executor/platform/default/dso_loader.cc:49] Successfully opened dynamic library libcurand.so.10
2021-08-22 19:53:05.532455: I tensorflow/stream_executor/platform/default/dso_loader.cc:49] Successfully opened dynamic library libcusolver.so.10
2021-08-22 19:53:05.532553: I tensorflow/stream_executor/platform/default/dso_loader.cc:49] Successfully opened dynamic library libcusparse.so.11
2021-08-22 19:53:05.532640: I tensorflow/stream_executor/platform/default/dso_loader.cc:49] Successfully opened dynamic library libcudnn.so.8
2021-08-22 19:53:05.534691: I tensorflow/core/common_runtime/gpu/gpu_device.cc:1862] Adding visible gpu devices: 0
2021-08-22 19:53:05.534814: I tensorflow/stream_executor/platform/default/dso_loader.cc:49] Successfully opened dynamic library libcudart.so.11.0
2021-08-22 19:53:06.883116: I tensorflow/core/common_runtime/gpu/gpu_device.cc:1261] Device interconnect StreamExecutor with strength 1 edge matrix:
2021-08-22 19:53:06.883283: I tensorflow/core/common_runtime/gpu/gpu_device.cc:1267]      0 
2021-08-22 19:53:06.883462: I tensorflow/core/common_runtime/gpu/gpu_device.cc:1280] 0:   N 
2021-08-22 19:53:06.887346: I tensorflow/core/common_runtime/gpu/gpu_device.cc:1406] Created TensorFlow device (/job:localhost/replica:0/task:0/device:GPU:0 with 11119 MB memory) -> physical GPU (device: 0, name: Tesla P100-PCIE-12GB, pci bus id: 0000:03:00.0, compute capability: 6.0)
2021-08-22 19:53:20.396740: I tensorflow/compiler/mlir/mlir_graph_optimization_pass.cc:116] None of the MLIR optimization passes are enabled (registered 2)
2021-08-22 19:53:20.400722: I tensorflow/core/platform/profile_utils/cpu_utils.cc:112] CPU Frequency: 2200150000 Hz
2021-08-22 19:53:20.488583: I tensorflow/stream_executor/platform/default/dso_loader.cc:49] Successfully opened dynamic library libcublas.so.11
2021-08-22 19:53:20.882104: I tensorflow/stream_executor/platform/default/dso_loader.cc:49] Successfully opened dynamic library libcublasLt.so.11
2021-08-22 19:53:20.889637: I tensorflow/stream_executor/platform/default/dso_loader.cc:49] Successfully opened dynamic library libcudnn.so.8
2021-08-22 19:53:22.824816: W tensorflow/stream_executor/gpu/asm_compiler.cc:63] Running ptxas --version returned 256
2021-08-22 19:53:23.181467: W tensorflow/stream_executor/gpu/redzone_allocator.cc:314] Internal: ptxas exited with non-zero error code 256, output: 
Relying on driver to perform ptx compilation. 
Modify $PATH to customize ptxas location.
This message will be only logged once.
OverlapMutator started.
OverlapMutator finished.
Training round: 1		accuracy = 0.4730434715747833
Training round: 2		accuracy = 0.4901449382305145
Training round: 3		accuracy = 0.49275362491607666
Training round: 4		accuracy = 0.5069565176963806
Training round: 5		accuracy = 0.4991304278373718
Training round: 6		accuracy = 0.48144927620887756
Training round: 7		accuracy = 0.5214492678642273
Training round: 8		accuracy = 0.5014492869377136
Training round: 9		accuracy = 0.562898576259613
Training round: 10		accuracy = 0.5428985357284546
Training round: 11		accuracy = 0.5281159281730652
Training round: 12		accuracy = 0.5333333611488342
Training round: 13		accuracy = 0.5605797171592712
Training round: 14		accuracy = 0.5057970881462097
Training round: 15		accuracy = 0.5495651960372925
Training round: 16		accuracy = 0.5223188400268555
Training round: 17		accuracy = 0.557681143283844
Training round: 18		accuracy = 0.557681143283844
Training round: 19		accuracy = 0.5713043212890625
Training round: 20		accuracy = 0.5724637508392334
Training round: 21		accuracy = 0.5666666626930237
Training round: 22		accuracy = 0.5373913049697876
Training round: 23		accuracy = 0.548985481262207
Training round: 24		accuracy = 0.5765217542648315
Training round: 25		accuracy = 0.535942018032074
Training round: 26		accuracy = 0.5626087188720703
Training round: 27		accuracy = 0.5744927525520325
Training round: 28		accuracy = 0.5637680888175964
Training round: 29		accuracy = 0.585797131061554
Training round: 30		accuracy = 0.5701449513435364
Training round: 31		accuracy = 0.5666666626930237
Training round: 32		accuracy = 0.5776811838150024
Training round: 33		accuracy = 0.5597101449966431
Training round: 34		accuracy = 0.6052173972129822
Training round: 35		accuracy = 0.5756521821022034
Training round: 36		accuracy = 0.5701449513435364
Training round: 37		accuracy = 0.5866666436195374
Training round: 38		accuracy = 0.5756521821022034
Training round: 39		accuracy = 0.5820289850234985
Training round: 40		accuracy = 0.5886956453323364
Training round: 41		accuracy = 0.6194202899932861
Training round: 42		accuracy = 0.5849275588989258
Training round: 43		accuracy = 0.59014493227005
Training round: 44		accuracy = 0.5744927525520325
Training round: 45		accuracy = 0.5915942192077637
Training round: 46		accuracy = 0.6078261137008667
Training round: 47		accuracy = 0.6002898812294006
Training round: 48		accuracy = 0.6237680912017822
Training round: 49		accuracy = 0.6026086807250977
Training round: 50		accuracy = 0.6272463798522949
Training round: 51		accuracy = 0.6399999856948853
Training round: 52		accuracy = 0.6298550963401794
Training round: 53		accuracy = 0.6139130592346191
Training round: 54		accuracy = 0.6440579891204834
Training round: 55		accuracy = 0.6504347920417786
Training round: 56		accuracy = 0.6428985595703125
Training round: 57		accuracy = 0.6463767886161804
Training round: 58		accuracy = 0.6362318992614746
Training round: 59		accuracy = 0.6399999856948853
Training round: 60		accuracy = 0.6313043236732483
Training round: 61		accuracy = 0.637971043586731
Training round: 62		accuracy = 0.6742029190063477
Training round: 63		accuracy = 0.6391304135322571
Training round: 64		accuracy = 0.6492753624916077
Training round: 65		accuracy = 0.6498550772666931
Training round: 66		accuracy = 0.6568115949630737
Training round: 67		accuracy = 0.6600000262260437
Training round: 68		accuracy = 0.6571014523506165
Training round: 69		accuracy = 0.6600000262260437
Training round: 70		accuracy = 0.647826075553894
Training round: 71		accuracy = 0.6689854860305786
Training round: 72		accuracy = 0.6715942025184631
Training round: 73		accuracy = 0.6684057712554932
Training round: 74		accuracy = 0.6675362586975098
Training round: 75		accuracy = 0.6536231637001038
Training round: 76		accuracy = 0.6544927358627319
Training round: 77		accuracy = 0.6797101497650146
Training round: 78		accuracy = 0.6713043451309204
Training round: 79		accuracy = 0.6892753839492798
Training round: 80		accuracy = 0.6904347538948059
Training round: 81		accuracy = 0.697970986366272
Training round: 82		accuracy = 0.6649275422096252
Training round: 83		accuracy = 0.6765217185020447
Training round: 84		accuracy = 0.6724637746810913
Training round: 85		accuracy = 0.6689854860305786
Training round: 86		accuracy = 0.6904347538948059
Training round: 87		accuracy = 0.6678261160850525
Training round: 88		accuracy = 0.6823188662528992
Training round: 89		accuracy = 0.6684057712554932
Training round: 90		accuracy = 0.6991304159164429
Training round: 91		accuracy = 0.6878260970115662
Training round: 92		accuracy = 0.6904347538948059
Training round: 93		accuracy = 0.6739130616188049
Training round: 94		accuracy = 0.6857970952987671
Training round: 95		accuracy = 0.697681188583374
Training round: 96		accuracy = 0.6971014738082886
Training round: 97		accuracy = 0.6866666674613953
Training round: 98		accuracy = 0.697970986366272
Training round: 99		accuracy = 0.697970986366272
Training round: 100		accuracy = 0.7014492750167847
Training duration 8651.889194011688
