2021-08-22 19:23:32.635125: I tensorflow/stream_executor/platform/default/dso_loader.cc:49] Successfully opened dynamic library libcudart.so.11.0
2021-08-22 19:24:12.228809: I tensorflow/compiler/jit/xla_cpu_device.cc:41] Not creating XLA devices, tf_xla_enable_xla_devices not set
2021-08-22 19:24:12.234844: I tensorflow/stream_executor/platform/default/dso_loader.cc:49] Successfully opened dynamic library libcuda.so.1
2021-08-22 19:24:12.290037: I tensorflow/core/common_runtime/gpu/gpu_device.cc:1720] Found device 0 with properties: 
pciBusID: 0000:18:00.0 name: Tesla V100-SXM2-32GB computeCapability: 7.0
coreClock: 1.53GHz coreCount: 80 deviceMemorySize: 31.75GiB deviceMemoryBandwidth: 836.37GiB/s
2021-08-22 19:24:12.290427: I tensorflow/stream_executor/platform/default/dso_loader.cc:49] Successfully opened dynamic library libcudart.so.11.0
2021-08-22 19:24:12.299560: I tensorflow/stream_executor/platform/default/dso_loader.cc:49] Successfully opened dynamic library libcublas.so.11
2021-08-22 19:24:12.299681: I tensorflow/stream_executor/platform/default/dso_loader.cc:49] Successfully opened dynamic library libcublasLt.so.11
2021-08-22 19:24:12.304950: I tensorflow/stream_executor/platform/default/dso_loader.cc:49] Successfully opened dynamic library libcufft.so.10
2021-08-22 19:24:12.306973: I tensorflow/stream_executor/platform/default/dso_loader.cc:49] Successfully opened dynamic library libcurand.so.10
2021-08-22 19:24:12.314586: I tensorflow/stream_executor/platform/default/dso_loader.cc:49] Successfully opened dynamic library libcusolver.so.10
2021-08-22 19:24:12.316448: I tensorflow/stream_executor/platform/default/dso_loader.cc:49] Successfully opened dynamic library libcusparse.so.11
2021-08-22 19:24:12.317081: I tensorflow/stream_executor/platform/default/dso_loader.cc:49] Successfully opened dynamic library libcudnn.so.8
2021-08-22 19:24:12.322138: I tensorflow/core/common_runtime/gpu/gpu_device.cc:1862] Adding visible gpu devices: 0
2021-08-22 19:24:12.328481: I tensorflow/core/platform/cpu_feature_guard.cc:142] This TensorFlow binary is optimized with oneAPI Deep Neural Network Library (oneDNN) to use the following CPU instructions in performance-critical operations:  AVX2 AVX512F FMA
To enable them in other operations, rebuild TensorFlow with the appropriate compiler flags.
2021-08-22 19:24:12.328846: I tensorflow/compiler/jit/xla_gpu_device.cc:99] Not creating XLA devices, tf_xla_enable_xla_devices not set
2021-08-22 19:24:12.331545: I tensorflow/core/common_runtime/gpu/gpu_device.cc:1720] Found device 0 with properties: 
pciBusID: 0000:18:00.0 name: Tesla V100-SXM2-32GB computeCapability: 7.0
coreClock: 1.53GHz coreCount: 80 deviceMemorySize: 31.75GiB deviceMemoryBandwidth: 836.37GiB/s
2021-08-22 19:24:12.331631: I tensorflow/stream_executor/platform/default/dso_loader.cc:49] Successfully opened dynamic library libcudart.so.11.0
2021-08-22 19:24:12.331697: I tensorflow/stream_executor/platform/default/dso_loader.cc:49] Successfully opened dynamic library libcublas.so.11
2021-08-22 19:24:12.331746: I tensorflow/stream_executor/platform/default/dso_loader.cc:49] Successfully opened dynamic library libcublasLt.so.11
2021-08-22 19:24:12.331804: I tensorflow/stream_executor/platform/default/dso_loader.cc:49] Successfully opened dynamic library libcufft.so.10
2021-08-22 19:24:12.331849: I tensorflow/stream_executor/platform/default/dso_loader.cc:49] Successfully opened dynamic library libcurand.so.10
2021-08-22 19:24:12.331885: I tensorflow/stream_executor/platform/default/dso_loader.cc:49] Successfully opened dynamic library libcusolver.so.10
2021-08-22 19:24:12.331925: I tensorflow/stream_executor/platform/default/dso_loader.cc:49] Successfully opened dynamic library libcusparse.so.11
2021-08-22 19:24:12.331981: I tensorflow/stream_executor/platform/default/dso_loader.cc:49] Successfully opened dynamic library libcudnn.so.8
2021-08-22 19:24:12.336628: I tensorflow/core/common_runtime/gpu/gpu_device.cc:1862] Adding visible gpu devices: 0
2021-08-22 19:24:12.336795: I tensorflow/stream_executor/platform/default/dso_loader.cc:49] Successfully opened dynamic library libcudart.so.11.0
2021-08-22 19:24:13.720766: I tensorflow/core/common_runtime/gpu/gpu_device.cc:1261] Device interconnect StreamExecutor with strength 1 edge matrix:
2021-08-22 19:24:13.720987: I tensorflow/core/common_runtime/gpu/gpu_device.cc:1267]      0 
2021-08-22 19:24:13.721097: I tensorflow/core/common_runtime/gpu/gpu_device.cc:1280] 0:   N 
2021-08-22 19:24:13.730710: I tensorflow/core/common_runtime/gpu/gpu_device.cc:1406] Created TensorFlow device (/job:localhost/replica:0/task:0/device:GPU:0 with 30130 MB memory) -> physical GPU (device: 0, name: Tesla V100-SXM2-32GB, pci bus id: 0000:18:00.0, compute capability: 7.0)
2021-08-22 19:24:28.178732: I tensorflow/compiler/mlir/mlir_graph_optimization_pass.cc:116] None of the MLIR optimization passes are enabled (registered 2)
2021-08-22 19:24:28.183235: I tensorflow/core/platform/profile_utils/cpu_utils.cc:112] CPU Frequency: 2100000000 Hz
2021-08-22 19:24:28.274280: I tensorflow/stream_executor/platform/default/dso_loader.cc:49] Successfully opened dynamic library libcublas.so.11
2021-08-22 19:24:29.458404: I tensorflow/stream_executor/platform/default/dso_loader.cc:49] Successfully opened dynamic library libcublasLt.so.11
2021-08-22 19:24:29.469406: I tensorflow/stream_executor/platform/default/dso_loader.cc:49] Successfully opened dynamic library libcudnn.so.8
2021-08-22 19:24:37.108842: W tensorflow/stream_executor/gpu/asm_compiler.cc:63] Running ptxas --version returned 256
2021-08-22 19:24:37.953277: W tensorflow/stream_executor/gpu/redzone_allocator.cc:314] Internal: ptxas exited with non-zero error code 256, output: 
Relying on driver to perform ptx compilation. 
Modify $PATH to customize ptxas location.
This message will be only logged once.
LabelAttacker started.
LabelAttacker finished.
Training round: 1		accuracy = 0.4707246422767639
Training round: 2		accuracy = 0.49942028522491455
Training round: 3		accuracy = 0.5156521797180176
Training round: 4		accuracy = 0.530434787273407
Training round: 5		accuracy = 0.5121738910675049
Training round: 6		accuracy = 0.5252174139022827
Training round: 7		accuracy = 0.4991304278373718
Training round: 8		accuracy = 0.5139130353927612
Training round: 9		accuracy = 0.5005797147750854
Training round: 10		accuracy = 0.4747826159000397
Training round: 11		accuracy = 0.482028990983963
Training round: 12		accuracy = 0.4773913025856018
Training round: 13		accuracy = 0.4979710280895233
Training round: 14		accuracy = 0.47884058952331543
Training round: 15		accuracy = 0.4840579628944397
Training round: 16		accuracy = 0.48927536606788635
Training round: 17		accuracy = 0.4895652234554291
Training round: 18		accuracy = 0.49826085567474365
Training round: 19		accuracy = 0.47565218806266785
Training round: 20		accuracy = 0.49507245421409607
Training round: 21		accuracy = 0.5084058046340942
Training round: 22		accuracy = 0.5165217518806458
Training round: 23		accuracy = 0.5023188591003418
Training round: 24		accuracy = 0.483768105506897
Training round: 25		accuracy = 0.4852173924446106
Training round: 26		accuracy = 0.47333332896232605
Training round: 27		accuracy = 0.4866666793823242
Training round: 28		accuracy = 0.4840579628944397
Training round: 29		accuracy = 0.5008695721626282
Training round: 30		accuracy = 0.47826087474823
Training round: 31		accuracy = 0.4956521689891815
Training round: 32		accuracy = 0.48028984665870667
Training round: 33		accuracy = 0.4898550808429718
Training round: 34		accuracy = 0.49391305446624756
Training round: 35		accuracy = 0.4988405704498291
Training round: 36		accuracy = 0.4747826159000397
Training round: 37		accuracy = 0.46666666865348816
Training round: 38		accuracy = 0.47797101736068726
Training round: 39		accuracy = 0.46985507011413574
Training round: 40		accuracy = 0.4843478202819824
Training round: 41		accuracy = 0.4886956512928009
Training round: 42		accuracy = 0.4797101318836212
Training round: 43		accuracy = 0.46869564056396484
Training round: 44		accuracy = 0.4739130437374115
Training round: 45		accuracy = 0.46782609820365906
Training round: 46		accuracy = 0.47652173042297363
Training round: 47		accuracy = 0.47449275851249695
Training round: 48		accuracy = 0.47333332896232605
Training round: 49		accuracy = 0.4742029011249542
Training round: 50		accuracy = 0.4718840718269348
Training round: 51		accuracy = 0.4715942144393921
Training round: 52		accuracy = 0.4730434715747833
Training round: 53		accuracy = 0.4794203042984009
Training round: 54		accuracy = 0.4753623306751251
Training round: 55		accuracy = 0.4739130437374115
Training round: 56		accuracy = 0.46985507011413574
Training round: 57		accuracy = 0.46869564056396484
Training round: 58		accuracy = 0.4660869538784027
Training round: 59		accuracy = 0.4669565260410309
Training round: 60		accuracy = 0.46000000834465027
Training round: 61		accuracy = 0.4628985524177551
Training round: 62		accuracy = 0.45768114924430847
Training round: 63		accuracy = 0.46782609820365906
Training round: 64		accuracy = 0.47449275851249695
Training round: 65		accuracy = 0.4684057831764221
Training round: 66		accuracy = 0.45739129185676575
Training round: 67		accuracy = 0.4498550593852997
Training round: 68		accuracy = 0.469565212726593
Training round: 69		accuracy = 0.4684057831764221
Training round: 70		accuracy = 0.4594202935695648
Training round: 71		accuracy = 0.4559420347213745
Training round: 72		accuracy = 0.47652173042297363
Training round: 73		accuracy = 0.4707246422767639
Training round: 74		accuracy = 0.47014492750167847
Training round: 75		accuracy = 0.4684057831764221
Training round: 76		accuracy = 0.46173912286758423
Training round: 77		accuracy = 0.4715942144393921
Training round: 78		accuracy = 0.4684057831764221
Training round: 79		accuracy = 0.4715942144393921
Training round: 80		accuracy = 0.4672463834285736
Training round: 81		accuracy = 0.4715942144393921
Training round: 82		accuracy = 0.4750724732875824
Training round: 83		accuracy = 0.4626086950302124
Training round: 84		accuracy = 0.46550723910331726
Training round: 85		accuracy = 0.46579709649086
Training round: 86		accuracy = 0.4614492654800415
Training round: 87		accuracy = 0.4646376669406891
Training round: 88		accuracy = 0.4623188376426697
Training round: 89		accuracy = 0.4556521773338318
Training round: 90		accuracy = 0.4605797231197357
Training round: 91		accuracy = 0.45536231994628906
Training round: 92		accuracy = 0.45420289039611816
Training round: 93		accuracy = 0.4521739184856415
Training round: 94		accuracy = 0.46579709649086
Training round: 95		accuracy = 0.4626086950302124
Training round: 96		accuracy = 0.45275363326072693
Training round: 97		accuracy = 0.45971015095710754
Training round: 98		accuracy = 0.4672463834285736
Training round: 99		accuracy = 0.4623188376426697
Training round: 100		accuracy = 0.45652174949645996
Training duration 9015.79528427124
