2021-08-23 16:43:20.664650: I tensorflow/stream_executor/platform/default/dso_loader.cc:49] Successfully opened dynamic library libcudart.so.11.0
2021-08-23 16:43:49.582035: I tensorflow/compiler/jit/xla_cpu_device.cc:41] Not creating XLA devices, tf_xla_enable_xla_devices not set
2021-08-23 16:43:49.588011: I tensorflow/stream_executor/platform/default/dso_loader.cc:49] Successfully opened dynamic library libcuda.so.1
2021-08-23 16:43:49.650345: I tensorflow/core/common_runtime/gpu/gpu_device.cc:1720] Found device 0 with properties: 
pciBusID: 0000:af:00.0 name: Tesla V100-SXM2-32GB computeCapability: 7.0
coreClock: 1.53GHz coreCount: 80 deviceMemorySize: 31.75GiB deviceMemoryBandwidth: 836.37GiB/s
2021-08-23 16:43:49.651004: I tensorflow/stream_executor/platform/default/dso_loader.cc:49] Successfully opened dynamic library libcudart.so.11.0
2021-08-23 16:43:49.660989: I tensorflow/stream_executor/platform/default/dso_loader.cc:49] Successfully opened dynamic library libcublas.so.11
2021-08-23 16:43:49.661115: I tensorflow/stream_executor/platform/default/dso_loader.cc:49] Successfully opened dynamic library libcublasLt.so.11
2021-08-23 16:43:49.666407: I tensorflow/stream_executor/platform/default/dso_loader.cc:49] Successfully opened dynamic library libcufft.so.10
2021-08-23 16:43:49.669288: I tensorflow/stream_executor/platform/default/dso_loader.cc:49] Successfully opened dynamic library libcurand.so.10
2021-08-23 16:43:49.676840: I tensorflow/stream_executor/platform/default/dso_loader.cc:49] Successfully opened dynamic library libcusolver.so.10
2021-08-23 16:43:49.678969: I tensorflow/stream_executor/platform/default/dso_loader.cc:49] Successfully opened dynamic library libcusparse.so.11
2021-08-23 16:43:49.679869: I tensorflow/stream_executor/platform/default/dso_loader.cc:49] Successfully opened dynamic library libcudnn.so.8
2021-08-23 16:43:49.687033: I tensorflow/core/common_runtime/gpu/gpu_device.cc:1862] Adding visible gpu devices: 0
2021-08-23 16:43:49.690667: I tensorflow/core/platform/cpu_feature_guard.cc:142] This TensorFlow binary is optimized with oneAPI Deep Neural Network Library (oneDNN) to use the following CPU instructions in performance-critical operations:  AVX2 AVX512F FMA
To enable them in other operations, rebuild TensorFlow with the appropriate compiler flags.
2021-08-23 16:43:49.691133: I tensorflow/compiler/jit/xla_gpu_device.cc:99] Not creating XLA devices, tf_xla_enable_xla_devices not set
2021-08-23 16:43:49.693564: I tensorflow/core/common_runtime/gpu/gpu_device.cc:1720] Found device 0 with properties: 
pciBusID: 0000:af:00.0 name: Tesla V100-SXM2-32GB computeCapability: 7.0
coreClock: 1.53GHz coreCount: 80 deviceMemorySize: 31.75GiB deviceMemoryBandwidth: 836.37GiB/s
2021-08-23 16:43:49.693700: I tensorflow/stream_executor/platform/default/dso_loader.cc:49] Successfully opened dynamic library libcudart.so.11.0
2021-08-23 16:43:49.693749: I tensorflow/stream_executor/platform/default/dso_loader.cc:49] Successfully opened dynamic library libcublas.so.11
2021-08-23 16:43:49.693859: I tensorflow/stream_executor/platform/default/dso_loader.cc:49] Successfully opened dynamic library libcublasLt.so.11
2021-08-23 16:43:49.693969: I tensorflow/stream_executor/platform/default/dso_loader.cc:49] Successfully opened dynamic library libcufft.so.10
2021-08-23 16:43:49.694019: I tensorflow/stream_executor/platform/default/dso_loader.cc:49] Successfully opened dynamic library libcurand.so.10
2021-08-23 16:43:49.694126: I tensorflow/stream_executor/platform/default/dso_loader.cc:49] Successfully opened dynamic library libcusolver.so.10
2021-08-23 16:43:49.694233: I tensorflow/stream_executor/platform/default/dso_loader.cc:49] Successfully opened dynamic library libcusparse.so.11
2021-08-23 16:43:49.694350: I tensorflow/stream_executor/platform/default/dso_loader.cc:49] Successfully opened dynamic library libcudnn.so.8
2021-08-23 16:43:49.699036: I tensorflow/core/common_runtime/gpu/gpu_device.cc:1862] Adding visible gpu devices: 0
2021-08-23 16:43:49.699186: I tensorflow/stream_executor/platform/default/dso_loader.cc:49] Successfully opened dynamic library libcudart.so.11.0
2021-08-23 16:43:50.962994: I tensorflow/core/common_runtime/gpu/gpu_device.cc:1261] Device interconnect StreamExecutor with strength 1 edge matrix:
2021-08-23 16:43:50.963182: I tensorflow/core/common_runtime/gpu/gpu_device.cc:1267]      0 
2021-08-23 16:43:50.963322: I tensorflow/core/common_runtime/gpu/gpu_device.cc:1280] 0:   N 
2021-08-23 16:43:50.973013: I tensorflow/core/common_runtime/gpu/gpu_device.cc:1406] Created TensorFlow device (/job:localhost/replica:0/task:0/device:GPU:0 with 30130 MB memory) -> physical GPU (device: 0, name: Tesla V100-SXM2-32GB, pci bus id: 0000:af:00.0, compute capability: 7.0)
2021-08-23 16:44:02.309066: I tensorflow/compiler/mlir/mlir_graph_optimization_pass.cc:116] None of the MLIR optimization passes are enabled (registered 2)
2021-08-23 16:44:02.313276: I tensorflow/core/platform/profile_utils/cpu_utils.cc:112] CPU Frequency: 2100000000 Hz
2021-08-23 16:44:02.420522: I tensorflow/stream_executor/platform/default/dso_loader.cc:49] Successfully opened dynamic library libcublas.so.11
2021-08-23 16:44:03.015803: I tensorflow/stream_executor/platform/default/dso_loader.cc:49] Successfully opened dynamic library libcublasLt.so.11
2021-08-23 16:44:03.024935: I tensorflow/stream_executor/platform/default/dso_loader.cc:49] Successfully opened dynamic library libcudnn.so.8
2021-08-23 16:44:05.346031: W tensorflow/stream_executor/gpu/asm_compiler.cc:63] Running ptxas --version returned 256
2021-08-23 16:44:05.456288: W tensorflow/stream_executor/gpu/redzone_allocator.cc:314] Internal: ptxas exited with non-zero error code 256, output: 
Relying on driver to perform ptx compilation. 
Modify $PATH to customize ptxas location.
This message will be only logged once.
OverlapMutator started.
OverlapMutator finished.
Training round: 1		accuracy = 0.6536231637001038
Training round: 2		accuracy = 0.4933333396911621
Training round: 3		accuracy = 0.5307246446609497
Training round: 4		accuracy = 0.548985481262207
Training round: 5		accuracy = 0.5933333039283752
Training round: 6		accuracy = 0.5834782719612122
Training round: 7		accuracy = 0.5211594104766846
Training round: 8		accuracy = 0.6336231827735901
Training round: 9		accuracy = 0.61507248878479
Training round: 10		accuracy = 0.6234782338142395
Training round: 11		accuracy = 0.5866666436195374
Training round: 12		accuracy = 0.6371014714241028
Training round: 13		accuracy = 0.6536231637001038
Training round: 14		accuracy = 0.6382608413696289
Training round: 15		accuracy = 0.6524637937545776
Training round: 16		accuracy = 0.7052174210548401
Training round: 17		accuracy = 0.6484057903289795
Training round: 18		accuracy = 0.6443478465080261
Training round: 19		accuracy = 0.6452174186706543
Training round: 20		accuracy = 0.6408695578575134
Training round: 21		accuracy = 0.6399999856948853
Training round: 22		accuracy = 0.6159420013427734
Training round: 23		accuracy = 0.6394202709197998
Training round: 24		accuracy = 0.6591304540634155
Training round: 25		accuracy = 0.6460869312286377
Training round: 26		accuracy = 0.624057948589325
Training round: 27		accuracy = 0.6704347729682922
Training round: 28		accuracy = 0.643478274345398
Training round: 29		accuracy = 0.6397101283073425
Training round: 30		accuracy = 0.6336231827735901
Training round: 31		accuracy = 0.6611593961715698
Training round: 32		accuracy = 0.6889855265617371
Training round: 33		accuracy = 0.6608695387840271
Training round: 34		accuracy = 0.6713043451309204
Training round: 35		accuracy = 0.6562318801879883
Training round: 36		accuracy = 0.6678261160850525
Training round: 37		accuracy = 0.6892753839492798
Training round: 38		accuracy = 0.6573913097381592
Training round: 39		accuracy = 0.7066666483879089
Training round: 40		accuracy = 0.7011594176292419
Training round: 41		accuracy = 0.6913043260574341
Training round: 42		accuracy = 0.6759420037269592
Training round: 43		accuracy = 0.6802898645401001
Training round: 44		accuracy = 0.708695650100708
Training round: 45		accuracy = 0.7043478488922119
Training round: 46		accuracy = 0.6898550987243652
Training round: 47		accuracy = 0.676231861114502
Training round: 48		accuracy = 0.6930434703826904
Training round: 49		accuracy = 0.7101449370384216
Training round: 50		accuracy = 0.7026087045669556
Training round: 51		accuracy = 0.7113043665885925
Training round: 52		accuracy = 0.708695650100708
Training round: 53		accuracy = 0.681449294090271
Training round: 54		accuracy = 0.7124637961387634
Training round: 55		accuracy = 0.7205796837806702
Training round: 56		accuracy = 0.6927536129951477
Training round: 57		accuracy = 0.6791304349899292
Training round: 58		accuracy = 0.6881159543991089
Training round: 59		accuracy = 0.6965217590332031
Training round: 60		accuracy = 0.7017391324043274
Training round: 61		accuracy = 0.7089855074882507
Training round: 62		accuracy = 0.6997101306915283
Training round: 63		accuracy = 0.7257971167564392
Training round: 64		accuracy = 0.7049275636672974
Training round: 65		accuracy = 0.7110145092010498
Training round: 66		accuracy = 0.7011594176292419
Training round: 67		accuracy = 0.7052174210548401
Training round: 68		accuracy = 0.6994202733039856
Training round: 69		accuracy = 0.6921738982200623
Training round: 70		accuracy = 0.7243478298187256
Training round: 71		accuracy = 0.697970986366272
Training round: 72		accuracy = 0.7226086854934692
Training round: 73		accuracy = 0.7237681150436401
Training round: 74		accuracy = 0.7171014547348022
Training round: 75		accuracy = 0.7089855074882507
Training round: 76		accuracy = 0.705507218837738
Training round: 77		accuracy = 0.7240579724311829
Training round: 78		accuracy = 0.7182608842849731
Training round: 79		accuracy = 0.7315942049026489
Training round: 80		accuracy = 0.7310144901275635
Training round: 81		accuracy = 0.7272464036941528
Training round: 82		accuracy = 0.7289854884147644
Training round: 83		accuracy = 0.7202898263931274
Training round: 84		accuracy = 0.7315942049026489
Training round: 85		accuracy = 0.7301449179649353
Training round: 86		accuracy = 0.7440579533576965
Training round: 87		accuracy = 0.7176811695098877
Training round: 88		accuracy = 0.7240579724311829
Training round: 89		accuracy = 0.7214492559432983
Training round: 90		accuracy = 0.7278260588645935
Training round: 91		accuracy = 0.7272464036941528
Training round: 92		accuracy = 0.7226086854934692
Training round: 93		accuracy = 0.717391312122345
Training round: 94		accuracy = 0.7400000095367432
Training round: 95		accuracy = 0.7376811504364014
Training round: 96		accuracy = 0.7292753458023071
Training round: 97		accuracy = 0.7321739196777344
Training round: 98		accuracy = 0.7452173829078674
Training round: 99		accuracy = 0.7434782385826111
Training round: 100		accuracy = 0.7263768315315247
Training duration 6946.12525677681
