2021-08-21 23:32:51.476466: I tensorflow/stream_executor/platform/default/dso_loader.cc:49] Successfully opened dynamic library libcudart.so.11.0
2021-08-21 23:33:16.492298: I tensorflow/compiler/jit/xla_cpu_device.cc:41] Not creating XLA devices, tf_xla_enable_xla_devices not set
2021-08-21 23:33:16.498382: I tensorflow/stream_executor/platform/default/dso_loader.cc:49] Successfully opened dynamic library libcuda.so.1
2021-08-21 23:33:16.555273: I tensorflow/core/common_runtime/gpu/gpu_device.cc:1720] Found device 0 with properties: 
pciBusID: 0000:86:00.0 name: Tesla V100-SXM2-32GB computeCapability: 7.0
coreClock: 1.53GHz coreCount: 80 deviceMemorySize: 31.75GiB deviceMemoryBandwidth: 836.37GiB/s
2021-08-21 23:33:16.556066: I tensorflow/stream_executor/platform/default/dso_loader.cc:49] Successfully opened dynamic library libcudart.so.11.0
2021-08-21 23:33:16.565892: I tensorflow/stream_executor/platform/default/dso_loader.cc:49] Successfully opened dynamic library libcublas.so.11
2021-08-21 23:33:16.566014: I tensorflow/stream_executor/platform/default/dso_loader.cc:49] Successfully opened dynamic library libcublasLt.so.11
2021-08-21 23:33:16.570943: I tensorflow/stream_executor/platform/default/dso_loader.cc:49] Successfully opened dynamic library libcufft.so.10
2021-08-21 23:33:16.573494: I tensorflow/stream_executor/platform/default/dso_loader.cc:49] Successfully opened dynamic library libcurand.so.10
2021-08-21 23:33:16.600817: I tensorflow/stream_executor/platform/default/dso_loader.cc:49] Successfully opened dynamic library libcusolver.so.10
2021-08-21 23:33:16.602888: I tensorflow/stream_executor/platform/default/dso_loader.cc:49] Successfully opened dynamic library libcusparse.so.11
2021-08-21 23:33:16.604641: I tensorflow/stream_executor/platform/default/dso_loader.cc:49] Successfully opened dynamic library libcudnn.so.8
2021-08-21 23:33:16.609903: I tensorflow/core/common_runtime/gpu/gpu_device.cc:1862] Adding visible gpu devices: 0
2021-08-21 23:33:16.612685: I tensorflow/core/platform/cpu_feature_guard.cc:142] This TensorFlow binary is optimized with oneAPI Deep Neural Network Library (oneDNN) to use the following CPU instructions in performance-critical operations:  AVX2 AVX512F FMA
To enable them in other operations, rebuild TensorFlow with the appropriate compiler flags.
2021-08-21 23:33:16.613120: I tensorflow/compiler/jit/xla_gpu_device.cc:99] Not creating XLA devices, tf_xla_enable_xla_devices not set
2021-08-21 23:33:16.615528: I tensorflow/core/common_runtime/gpu/gpu_device.cc:1720] Found device 0 with properties: 
pciBusID: 0000:86:00.0 name: Tesla V100-SXM2-32GB computeCapability: 7.0
coreClock: 1.53GHz coreCount: 80 deviceMemorySize: 31.75GiB deviceMemoryBandwidth: 836.37GiB/s
2021-08-21 23:33:16.615597: I tensorflow/stream_executor/platform/default/dso_loader.cc:49] Successfully opened dynamic library libcudart.so.11.0
2021-08-21 23:33:16.615643: I tensorflow/stream_executor/platform/default/dso_loader.cc:49] Successfully opened dynamic library libcublas.so.11
2021-08-21 23:33:16.615694: I tensorflow/stream_executor/platform/default/dso_loader.cc:49] Successfully opened dynamic library libcublasLt.so.11
2021-08-21 23:33:16.615734: I tensorflow/stream_executor/platform/default/dso_loader.cc:49] Successfully opened dynamic library libcufft.so.10
2021-08-21 23:33:16.615771: I tensorflow/stream_executor/platform/default/dso_loader.cc:49] Successfully opened dynamic library libcurand.so.10
2021-08-21 23:33:16.615809: I tensorflow/stream_executor/platform/default/dso_loader.cc:49] Successfully opened dynamic library libcusolver.so.10
2021-08-21 23:33:16.615847: I tensorflow/stream_executor/platform/default/dso_loader.cc:49] Successfully opened dynamic library libcusparse.so.11
2021-08-21 23:33:16.615884: I tensorflow/stream_executor/platform/default/dso_loader.cc:49] Successfully opened dynamic library libcudnn.so.8
2021-08-21 23:33:16.620444: I tensorflow/core/common_runtime/gpu/gpu_device.cc:1862] Adding visible gpu devices: 0
2021-08-21 23:33:16.620522: I tensorflow/stream_executor/platform/default/dso_loader.cc:49] Successfully opened dynamic library libcudart.so.11.0
2021-08-21 23:33:17.987269: I tensorflow/core/common_runtime/gpu/gpu_device.cc:1261] Device interconnect StreamExecutor with strength 1 edge matrix:
2021-08-21 23:33:17.987666: I tensorflow/core/common_runtime/gpu/gpu_device.cc:1267]      0 
2021-08-21 23:33:17.987809: I tensorflow/core/common_runtime/gpu/gpu_device.cc:1280] 0:   N 
2021-08-21 23:33:17.995846: I tensorflow/core/common_runtime/gpu/gpu_device.cc:1406] Created TensorFlow device (/job:localhost/replica:0/task:0/device:GPU:0 with 30130 MB memory) -> physical GPU (device: 0, name: Tesla V100-SXM2-32GB, pci bus id: 0000:86:00.0, compute capability: 7.0)
2021-08-21 23:33:24.925481: I tensorflow/compiler/mlir/mlir_graph_optimization_pass.cc:116] None of the MLIR optimization passes are enabled (registered 2)
2021-08-21 23:33:24.929530: I tensorflow/core/platform/profile_utils/cpu_utils.cc:112] CPU Frequency: 2100000000 Hz
2021-08-21 23:33:25.016327: I tensorflow/stream_executor/platform/default/dso_loader.cc:49] Successfully opened dynamic library libcublas.so.11
2021-08-21 23:33:25.767522: I tensorflow/stream_executor/platform/default/dso_loader.cc:49] Successfully opened dynamic library libcublasLt.so.11
2021-08-21 23:33:25.778325: I tensorflow/stream_executor/platform/default/dso_loader.cc:49] Successfully opened dynamic library libcudnn.so.8
2021-08-21 23:33:31.922870: W tensorflow/stream_executor/gpu/asm_compiler.cc:63] Running ptxas --version returned 256
2021-08-21 23:33:32.030152: W tensorflow/stream_executor/gpu/redzone_allocator.cc:314] Internal: ptxas exited with non-zero error code 256, output: 
Relying on driver to perform ptx compilation. 
Modify $PATH to customize ptxas location.
This message will be only logged once.
UnbalanceMutator started.
UnbalanceMutator finished.
Training round: 1		accuracy = 0.6562318801879883
Training round: 2		accuracy = 0.6582608819007874
Training round: 3		accuracy = 0.6678261160850525
Training round: 4		accuracy = 0.6733333468437195
Training round: 5		accuracy = 0.6736232042312622
Training round: 6		accuracy = 0.6715942025184631
Training round: 7		accuracy = 0.6802898645401001
Training round: 8		accuracy = 0.6834782361984253
Training round: 9		accuracy = 0.6863768100738525
Training round: 10		accuracy = 0.6823188662528992
Training round: 11		accuracy = 0.6866666674613953
Training round: 12		accuracy = 0.6846376657485962
Training round: 13		accuracy = 0.686956524848938
Training round: 14		accuracy = 0.6898550987243652
Training round: 15		accuracy = 0.6950724720954895
Training round: 16		accuracy = 0.6930434703826904
Training round: 17		accuracy = 0.6936231851577759
Training round: 18		accuracy = 0.6997101306915283
Training round: 19		accuracy = 0.695652186870575
Training round: 20		accuracy = 0.7057970762252808
Training round: 21		accuracy = 0.7005797028541565
Training round: 22		accuracy = 0.695652186870575
Training round: 23		accuracy = 0.703188419342041
Training round: 24		accuracy = 0.7043478488922119
Training round: 25		accuracy = 0.705507218837738
Training round: 26		accuracy = 0.6997101306915283
Training round: 27		accuracy = 0.7023188471794128
Training round: 28		accuracy = 0.708695650100708
Training round: 29		accuracy = 0.7113043665885925
Training round: 30		accuracy = 0.7089855074882507
Training round: 31		accuracy = 0.7133333086967468
Training round: 32		accuracy = 0.7069565057754517
Training round: 33		accuracy = 0.7072463631629944
Training round: 34		accuracy = 0.7127535939216614
Training round: 35		accuracy = 0.7133333086967468
Training round: 36		accuracy = 0.7092753648757935
Training round: 37		accuracy = 0.708695650100708
Training round: 38		accuracy = 0.7110145092010498
Training round: 39		accuracy = 0.7153623104095459
Training round: 40		accuracy = 0.7098550796508789
Training round: 41		accuracy = 0.708695650100708
Training round: 42		accuracy = 0.7162318825721741
Training round: 43		accuracy = 0.7084057927131653
Training round: 44		accuracy = 0.7156521677970886
Training round: 45		accuracy = 0.7101449370384216
Training round: 46		accuracy = 0.7188405990600586
Training round: 47		accuracy = 0.7144927382469177
Training round: 48		accuracy = 0.7211593985557556
Training round: 49		accuracy = 0.722898542881012
Training round: 50		accuracy = 0.7260869741439819
Training round: 51		accuracy = 0.7156521677970886
Training round: 52		accuracy = 0.722898542881012
Training round: 53		accuracy = 0.7234782576560974
Training round: 54		accuracy = 0.7208695411682129
Training round: 55		accuracy = 0.7136231660842896
Training round: 56		accuracy = 0.7269565463066101
Training round: 57		accuracy = 0.7295652031898499
Training round: 58		accuracy = 0.7255072593688965
Training round: 59		accuracy = 0.724927544593811
Training round: 60		accuracy = 0.7208695411682129
Training round: 61		accuracy = 0.7220289707183838
Training round: 62		accuracy = 0.7275362610816956
Training round: 63		accuracy = 0.722898542881012
Training round: 64		accuracy = 0.7260869741439819
Training round: 65		accuracy = 0.7313043475151062
Training round: 66		accuracy = 0.7269565463066101
Training round: 67		accuracy = 0.7243478298187256
Training round: 68		accuracy = 0.7275362610816956
Training round: 69		accuracy = 0.7321739196777344
Training round: 70		accuracy = 0.724927544593811
Training round: 71		accuracy = 0.7278260588645935
Training round: 72		accuracy = 0.7313043475151062
Training round: 73		accuracy = 0.7324637770652771
Training round: 74		accuracy = 0.7313043475151062
Training round: 75		accuracy = 0.7286956310272217
Training round: 76		accuracy = 0.7353622913360596
Training round: 77		accuracy = 0.7263768315315247
Training round: 78		accuracy = 0.7252174019813538
Training round: 79		accuracy = 0.7344927787780762
Training round: 80		accuracy = 0.7330434918403625
Training round: 81		accuracy = 0.7313043475151062
Training round: 82		accuracy = 0.7298550605773926
Training round: 83		accuracy = 0.7350724935531616
Training round: 84		accuracy = 0.7321739196777344
Training round: 85		accuracy = 0.7330434918403625
Training round: 86		accuracy = 0.7362318634986877
Training round: 87		accuracy = 0.7353622913360596
Training round: 88		accuracy = 0.7344927787780762
Training round: 89		accuracy = 0.7318840622901917
Training round: 90		accuracy = 0.7339130640029907
Training round: 91		accuracy = 0.7333333492279053
Training round: 92		accuracy = 0.7342029213905334
Training round: 93		accuracy = 0.7353622913360596
Training round: 94		accuracy = 0.7321739196777344
Training round: 95		accuracy = 0.7344927787780762
Training round: 96		accuracy = 0.7333333492279053
Training round: 97		accuracy = 0.7321739196777344
Training round: 98		accuracy = 0.7330434918403625
Training round: 99		accuracy = 0.7333333492279053
Training round: 100		accuracy = 0.7327536344528198
Training duration 5915.418396472931
