2021-08-22 20:39:03.629828: I tensorflow/stream_executor/platform/default/dso_loader.cc:49] Successfully opened dynamic library libcudart.so.11.0
2021-08-22 20:39:30.873776: I tensorflow/compiler/jit/xla_cpu_device.cc:41] Not creating XLA devices, tf_xla_enable_xla_devices not set
2021-08-22 20:39:30.877627: I tensorflow/stream_executor/platform/default/dso_loader.cc:49] Successfully opened dynamic library libcuda.so.1
2021-08-22 20:39:30.934801: I tensorflow/core/common_runtime/gpu/gpu_device.cc:1720] Found device 0 with properties: 
pciBusID: 0000:86:00.0 name: Tesla V100-SXM2-32GB computeCapability: 7.0
coreClock: 1.53GHz coreCount: 80 deviceMemorySize: 31.75GiB deviceMemoryBandwidth: 836.37GiB/s
2021-08-22 20:39:30.935268: I tensorflow/stream_executor/platform/default/dso_loader.cc:49] Successfully opened dynamic library libcudart.so.11.0
2021-08-22 20:39:30.955040: I tensorflow/stream_executor/platform/default/dso_loader.cc:49] Successfully opened dynamic library libcublas.so.11
2021-08-22 20:39:30.955201: I tensorflow/stream_executor/platform/default/dso_loader.cc:49] Successfully opened dynamic library libcublasLt.so.11
2021-08-22 20:39:30.960106: I tensorflow/stream_executor/platform/default/dso_loader.cc:49] Successfully opened dynamic library libcufft.so.10
2021-08-22 20:39:30.962235: I tensorflow/stream_executor/platform/default/dso_loader.cc:49] Successfully opened dynamic library libcurand.so.10
2021-08-22 20:39:30.969458: I tensorflow/stream_executor/platform/default/dso_loader.cc:49] Successfully opened dynamic library libcusolver.so.10
2021-08-22 20:39:30.971226: I tensorflow/stream_executor/platform/default/dso_loader.cc:49] Successfully opened dynamic library libcusparse.so.11
2021-08-22 20:39:30.971840: I tensorflow/stream_executor/platform/default/dso_loader.cc:49] Successfully opened dynamic library libcudnn.so.8
2021-08-22 20:39:30.977032: I tensorflow/core/common_runtime/gpu/gpu_device.cc:1862] Adding visible gpu devices: 0
2021-08-22 20:39:30.977873: I tensorflow/core/platform/cpu_feature_guard.cc:142] This TensorFlow binary is optimized with oneAPI Deep Neural Network Library (oneDNN) to use the following CPU instructions in performance-critical operations:  AVX2 AVX512F FMA
To enable them in other operations, rebuild TensorFlow with the appropriate compiler flags.
2021-08-22 20:39:30.978255: I tensorflow/compiler/jit/xla_gpu_device.cc:99] Not creating XLA devices, tf_xla_enable_xla_devices not set
2021-08-22 20:39:30.983180: I tensorflow/core/common_runtime/gpu/gpu_device.cc:1720] Found device 0 with properties: 
pciBusID: 0000:86:00.0 name: Tesla V100-SXM2-32GB computeCapability: 7.0
coreClock: 1.53GHz coreCount: 80 deviceMemorySize: 31.75GiB deviceMemoryBandwidth: 836.37GiB/s
2021-08-22 20:39:30.983317: I tensorflow/stream_executor/platform/default/dso_loader.cc:49] Successfully opened dynamic library libcudart.so.11.0
2021-08-22 20:39:30.983466: I tensorflow/stream_executor/platform/default/dso_loader.cc:49] Successfully opened dynamic library libcublas.so.11
2021-08-22 20:39:30.983536: I tensorflow/stream_executor/platform/default/dso_loader.cc:49] Successfully opened dynamic library libcublasLt.so.11
2021-08-22 20:39:30.983601: I tensorflow/stream_executor/platform/default/dso_loader.cc:49] Successfully opened dynamic library libcufft.so.10
2021-08-22 20:39:30.983675: I tensorflow/stream_executor/platform/default/dso_loader.cc:49] Successfully opened dynamic library libcurand.so.10
2021-08-22 20:39:30.983744: I tensorflow/stream_executor/platform/default/dso_loader.cc:49] Successfully opened dynamic library libcusolver.so.10
2021-08-22 20:39:30.983812: I tensorflow/stream_executor/platform/default/dso_loader.cc:49] Successfully opened dynamic library libcusparse.so.11
2021-08-22 20:39:30.983875: I tensorflow/stream_executor/platform/default/dso_loader.cc:49] Successfully opened dynamic library libcudnn.so.8
2021-08-22 20:39:30.992324: I tensorflow/core/common_runtime/gpu/gpu_device.cc:1862] Adding visible gpu devices: 0
2021-08-22 20:39:30.992524: I tensorflow/stream_executor/platform/default/dso_loader.cc:49] Successfully opened dynamic library libcudart.so.11.0
2021-08-22 20:39:32.331472: I tensorflow/core/common_runtime/gpu/gpu_device.cc:1261] Device interconnect StreamExecutor with strength 1 edge matrix:
2021-08-22 20:39:32.331704: I tensorflow/core/common_runtime/gpu/gpu_device.cc:1267]      0 
2021-08-22 20:39:32.331854: I tensorflow/core/common_runtime/gpu/gpu_device.cc:1280] 0:   N 
2021-08-22 20:39:32.341293: I tensorflow/core/common_runtime/gpu/gpu_device.cc:1406] Created TensorFlow device (/job:localhost/replica:0/task:0/device:GPU:0 with 30130 MB memory) -> physical GPU (device: 0, name: Tesla V100-SXM2-32GB, pci bus id: 0000:86:00.0, compute capability: 7.0)
2021-08-22 20:39:49.476814: I tensorflow/compiler/mlir/mlir_graph_optimization_pass.cc:116] None of the MLIR optimization passes are enabled (registered 2)
2021-08-22 20:39:49.481432: I tensorflow/core/platform/profile_utils/cpu_utils.cc:112] CPU Frequency: 2100000000 Hz
2021-08-22 20:39:49.564194: I tensorflow/stream_executor/platform/default/dso_loader.cc:49] Successfully opened dynamic library libcublas.so.11
2021-08-22 20:39:50.161196: I tensorflow/stream_executor/platform/default/dso_loader.cc:49] Successfully opened dynamic library libcublasLt.so.11
2021-08-22 20:39:50.170979: I tensorflow/stream_executor/platform/default/dso_loader.cc:49] Successfully opened dynamic library libcudnn.so.8
2021-08-22 20:39:53.451062: W tensorflow/stream_executor/gpu/asm_compiler.cc:63] Running ptxas --version returned 256
2021-08-22 20:39:54.178923: W tensorflow/stream_executor/gpu/redzone_allocator.cc:314] Internal: ptxas exited with non-zero error code 256, output: 
Relying on driver to perform ptx compilation. 
Modify $PATH to customize ptxas location.
This message will be only logged once.
Training round: 1		accuracy = 0.6486956477165222
Training round: 2		accuracy = 0.562898576259613
Training round: 3		accuracy = 0.5501449108123779
Training round: 4		accuracy = 0.4805797040462494
Training round: 5		accuracy = 0.6562318801879883
Training round: 6		accuracy = 0.5837681293487549
Training round: 7		accuracy = 0.6211594343185425
Training round: 8		accuracy = 0.6095651984214783
Training round: 9		accuracy = 0.6353623270988464
Training round: 10		accuracy = 0.6171014308929443
Training round: 11		accuracy = 0.5585507154464722
Training round: 12		accuracy = 0.5675362348556519
Training round: 13		accuracy = 0.6046376824378967
Training round: 14		accuracy = 0.5692753791809082
Training round: 15		accuracy = 0.5539130568504333
Training round: 16		accuracy = 0.6133333444595337
Training round: 17		accuracy = 0.618550717830658
Training round: 18		accuracy = 0.607536256313324
Training round: 19		accuracy = 0.577101469039917
Training round: 20		accuracy = 0.5884057879447937
Training round: 21		accuracy = 0.634782612323761
Training round: 22		accuracy = 0.5481159687042236
Training round: 23		accuracy = 0.5463768243789673
Training round: 24		accuracy = 0.5423188209533691
Training round: 25		accuracy = 0.6089854836463928
Training round: 26		accuracy = 0.6173912882804871
Training round: 27		accuracy = 0.5805796980857849
Training round: 28		accuracy = 0.5724637508392334
Training round: 29		accuracy = 0.6101449131965637
Training round: 30		accuracy = 0.6281159520149231
Training round: 31		accuracy = 0.5855072736740112
Training round: 32		accuracy = 0.5579710006713867
Training round: 33		accuracy = 0.6052173972129822
Training round: 34		accuracy = 0.5886956453323364
Training round: 35		accuracy = 0.6495652198791504
Training round: 36		accuracy = 0.6414492726325989
Training round: 37		accuracy = 0.6002898812294006
Training round: 38		accuracy = 0.6394202709197998
Training round: 39		accuracy = 0.613043487071991
Training round: 40		accuracy = 0.640289843082428
Training round: 41		accuracy = 0.6405797004699707
Training round: 42		accuracy = 0.6252173781394958
Training round: 43		accuracy = 0.6208695769309998
Training round: 44		accuracy = 0.6179710030555725
Training round: 45		accuracy = 0.6284058094024658
Training round: 46		accuracy = 0.6391304135322571
Training round: 47		accuracy = 0.6628985404968262
Training round: 48		accuracy = 0.6449275612831116
Training round: 49		accuracy = 0.6318840384483337
Training round: 50		accuracy = 0.6568115949630737
Training round: 51		accuracy = 0.6750724911689758
Training round: 52		accuracy = 0.6452174186706543
Training round: 53		accuracy = 0.6710144877433777
Training round: 54		accuracy = 0.6527536511421204
Training round: 55		accuracy = 0.6399999856948853
Training round: 56		accuracy = 0.5898550748825073
Training round: 57		accuracy = 0.613043487071991
Training round: 58		accuracy = 0.6089854836463928
Training round: 59		accuracy = 0.6089854836463928
Training round: 60		accuracy = 0.6657971143722534
Training round: 61		accuracy = 0.6817391514778137
Training round: 62		accuracy = 0.6530434489250183
Training round: 63		accuracy = 0.6475362181663513
Training round: 64		accuracy = 0.6437681317329407
Training round: 65		accuracy = 0.6318840384483337
Training round: 66		accuracy = 0.6046376824378967
Training round: 67		accuracy = 0.6214492917060852
Training round: 68		accuracy = 0.6573913097381592
Training round: 69		accuracy = 0.6895652413368225
Training round: 70		accuracy = 0.651014506816864
Training round: 71		accuracy = 0.637971043586731
Training round: 72		accuracy = 0.647826075553894
Training round: 73		accuracy = 0.6530434489250183
Training round: 74		accuracy = 0.6243478059768677
Training round: 75		accuracy = 0.6089854836463928
Training round: 76		accuracy = 0.6034782528877258
Training round: 77		accuracy = 0.5953623056411743
Training round: 78		accuracy = 0.61507248878479
Training round: 79		accuracy = 0.6211594343185425
Training round: 80		accuracy = 0.6495652198791504
Training round: 81		accuracy = 0.6408695578575134
Training round: 82		accuracy = 0.6446377038955688
Training round: 83		accuracy = 0.6371014714241028
Training round: 84		accuracy = 0.6417391300201416
Training round: 85		accuracy = 0.6536231637001038
Training round: 86		accuracy = 0.6368116140365601
Training round: 87		accuracy = 0.6324637532234192
Training round: 88		accuracy = 0.6344927549362183
Training round: 89		accuracy = 0.640289843082428
Training round: 90		accuracy = 0.6333333253860474
Training round: 91		accuracy = 0.6342028975486755
Training round: 92		accuracy = 0.5942028760910034
Training round: 93		accuracy = 0.6194202899932861
Training round: 94		accuracy = 0.5947825908660889
Training round: 95		accuracy = 0.6165217161178589
Training round: 96		accuracy = 0.6278260946273804
Training round: 97		accuracy = 0.6289855241775513
Training round: 98		accuracy = 0.6171014308929443
Training round: 99		accuracy = 0.6420289874076843
Training round: 100		accuracy = 0.6214492917060852
Training duration 5554.355519771576
