2021-08-23 17:09:19.000381: I tensorflow/stream_executor/platform/default/dso_loader.cc:49] Successfully opened dynamic library libcudart.so.11.0
2021-08-23 17:09:45.632119: I tensorflow/compiler/jit/xla_cpu_device.cc:41] Not creating XLA devices, tf_xla_enable_xla_devices not set
2021-08-23 17:09:45.635533: I tensorflow/stream_executor/platform/default/dso_loader.cc:49] Successfully opened dynamic library libcuda.so.1
2021-08-23 17:09:45.713343: I tensorflow/core/common_runtime/gpu/gpu_device.cc:1720] Found device 0 with properties: 
pciBusID: 0000:18:00.0 name: Tesla V100-SXM2-32GB computeCapability: 7.0
coreClock: 1.53GHz coreCount: 80 deviceMemorySize: 31.75GiB deviceMemoryBandwidth: 836.37GiB/s
2021-08-23 17:09:45.713618: I tensorflow/stream_executor/platform/default/dso_loader.cc:49] Successfully opened dynamic library libcudart.so.11.0
2021-08-23 17:09:45.742438: I tensorflow/stream_executor/platform/default/dso_loader.cc:49] Successfully opened dynamic library libcublas.so.11
2021-08-23 17:09:45.742719: I tensorflow/stream_executor/platform/default/dso_loader.cc:49] Successfully opened dynamic library libcublasLt.so.11
2021-08-23 17:09:45.749081: I tensorflow/stream_executor/platform/default/dso_loader.cc:49] Successfully opened dynamic library libcufft.so.10
2021-08-23 17:09:45.751640: I tensorflow/stream_executor/platform/default/dso_loader.cc:49] Successfully opened dynamic library libcurand.so.10
2021-08-23 17:09:45.761233: I tensorflow/stream_executor/platform/default/dso_loader.cc:49] Successfully opened dynamic library libcusolver.so.10
2021-08-23 17:09:45.763395: I tensorflow/stream_executor/platform/default/dso_loader.cc:49] Successfully opened dynamic library libcusparse.so.11
2021-08-23 17:09:45.764151: I tensorflow/stream_executor/platform/default/dso_loader.cc:49] Successfully opened dynamic library libcudnn.so.8
2021-08-23 17:09:45.769914: I tensorflow/core/common_runtime/gpu/gpu_device.cc:1862] Adding visible gpu devices: 0
2021-08-23 17:09:45.770947: I tensorflow/core/platform/cpu_feature_guard.cc:142] This TensorFlow binary is optimized with oneAPI Deep Neural Network Library (oneDNN) to use the following CPU instructions in performance-critical operations:  AVX2 AVX512F FMA
To enable them in other operations, rebuild TensorFlow with the appropriate compiler flags.
2021-08-23 17:09:45.771233: I tensorflow/compiler/jit/xla_gpu_device.cc:99] Not creating XLA devices, tf_xla_enable_xla_devices not set
2021-08-23 17:09:45.774126: I tensorflow/core/common_runtime/gpu/gpu_device.cc:1720] Found device 0 with properties: 
pciBusID: 0000:18:00.0 name: Tesla V100-SXM2-32GB computeCapability: 7.0
coreClock: 1.53GHz coreCount: 80 deviceMemorySize: 31.75GiB deviceMemoryBandwidth: 836.37GiB/s
2021-08-23 17:09:45.774274: I tensorflow/stream_executor/platform/default/dso_loader.cc:49] Successfully opened dynamic library libcudart.so.11.0
2021-08-23 17:09:45.774409: I tensorflow/stream_executor/platform/default/dso_loader.cc:49] Successfully opened dynamic library libcublas.so.11
2021-08-23 17:09:45.774537: I tensorflow/stream_executor/platform/default/dso_loader.cc:49] Successfully opened dynamic library libcublasLt.so.11
2021-08-23 17:09:45.774664: I tensorflow/stream_executor/platform/default/dso_loader.cc:49] Successfully opened dynamic library libcufft.so.10
2021-08-23 17:09:45.774783: I tensorflow/stream_executor/platform/default/dso_loader.cc:49] Successfully opened dynamic library libcurand.so.10
2021-08-23 17:09:45.774899: I tensorflow/stream_executor/platform/default/dso_loader.cc:49] Successfully opened dynamic library libcusolver.so.10
2021-08-23 17:09:45.775029: I tensorflow/stream_executor/platform/default/dso_loader.cc:49] Successfully opened dynamic library libcusparse.so.11
2021-08-23 17:09:45.775156: I tensorflow/stream_executor/platform/default/dso_loader.cc:49] Successfully opened dynamic library libcudnn.so.8
2021-08-23 17:09:45.780473: I tensorflow/core/common_runtime/gpu/gpu_device.cc:1862] Adding visible gpu devices: 0
2021-08-23 17:09:45.780631: I tensorflow/stream_executor/platform/default/dso_loader.cc:49] Successfully opened dynamic library libcudart.so.11.0
2021-08-23 17:09:46.493628: I tensorflow/core/common_runtime/gpu/gpu_device.cc:1261] Device interconnect StreamExecutor with strength 1 edge matrix:
2021-08-23 17:09:46.493868: I tensorflow/core/common_runtime/gpu/gpu_device.cc:1267]      0 
2021-08-23 17:09:46.494050: I tensorflow/core/common_runtime/gpu/gpu_device.cc:1280] 0:   N 
2021-08-23 17:09:46.501901: I tensorflow/core/common_runtime/gpu/gpu_device.cc:1406] Created TensorFlow device (/job:localhost/replica:0/task:0/device:GPU:0 with 30130 MB memory) -> physical GPU (device: 0, name: Tesla V100-SXM2-32GB, pci bus id: 0000:18:00.0, compute capability: 7.0)
2021-08-23 17:09:55.139660: I tensorflow/compiler/mlir/mlir_graph_optimization_pass.cc:116] None of the MLIR optimization passes are enabled (registered 2)
2021-08-23 17:09:55.143789: I tensorflow/core/platform/profile_utils/cpu_utils.cc:112] CPU Frequency: 2100000000 Hz
2021-08-23 17:09:55.221241: I tensorflow/stream_executor/platform/default/dso_loader.cc:49] Successfully opened dynamic library libcublas.so.11
2021-08-23 17:09:55.789128: I tensorflow/stream_executor/platform/default/dso_loader.cc:49] Successfully opened dynamic library libcublasLt.so.11
2021-08-23 17:09:55.799896: I tensorflow/stream_executor/platform/default/dso_loader.cc:49] Successfully opened dynamic library libcudnn.so.8
2021-08-23 17:09:58.433772: W tensorflow/stream_executor/gpu/asm_compiler.cc:63] Running ptxas --version returned 256
2021-08-23 17:09:58.548342: W tensorflow/stream_executor/gpu/redzone_allocator.cc:314] Internal: ptxas exited with non-zero error code 256, output: 
Relying on driver to perform ptx compilation. 
Modify $PATH to customize ptxas location.
This message will be only logged once.
UnbalanceMutator started.
UnbalanceMutator finished.
Training round: 1		accuracy = 0.6655072569847107
Training round: 2		accuracy = 0.6759420037269592
Training round: 3		accuracy = 0.6828985214233398
Training round: 4		accuracy = 0.6860869526863098
Training round: 5		accuracy = 0.6852173805236816
Training round: 6		accuracy = 0.7005797028541565
Training round: 7		accuracy = 0.7107246518135071
Training round: 8		accuracy = 0.7127535939216614
Training round: 9		accuracy = 0.7159420251846313
Training round: 10		accuracy = 0.7263768315315247
Training round: 11		accuracy = 0.7295652031898499
Training round: 12		accuracy = 0.7043478488922119
Training round: 13		accuracy = 0.717391312122345
Training round: 14		accuracy = 0.7330434918403625
Training round: 15		accuracy = 0.7402898669242859
Training round: 16		accuracy = 0.7373912930488586
Training round: 17		accuracy = 0.7388405799865723
Training round: 18		accuracy = 0.739130437374115
Training round: 19		accuracy = 0.7440579533576965
Training round: 20		accuracy = 0.7321739196777344
Training round: 21		accuracy = 0.7321739196777344
Training round: 22		accuracy = 0.7330434918403625
Training round: 23		accuracy = 0.7382608652114868
Training round: 24		accuracy = 0.7472463846206665
Training round: 25		accuracy = 0.7573913335800171
Training round: 26		accuracy = 0.753333330154419
Training round: 27		accuracy = 0.7591304183006287
Training round: 28		accuracy = 0.7599999904632568
Training round: 29		accuracy = 0.7579709887504578
Training round: 30		accuracy = 0.7565217614173889
Training round: 31		accuracy = 0.7571014761924744
Training round: 32		accuracy = 0.7550724744796753
Training round: 33		accuracy = 0.7617391347885132
Training round: 34		accuracy = 0.7599999904632568
Training round: 35		accuracy = 0.7539130449295044
Training round: 36		accuracy = 0.7579709887504578
Training round: 37		accuracy = 0.7620289921760559
Training round: 38		accuracy = 0.7643478512763977
Training round: 39		accuracy = 0.7594202756881714
Training round: 40		accuracy = 0.7631884217262268
Training round: 41		accuracy = 0.7617391347885132
Training round: 42		accuracy = 0.7637681365013123
Training round: 43		accuracy = 0.7582608461380005
Training round: 44		accuracy = 0.7582608461380005
Training round: 45		accuracy = 0.7681159377098083
Training round: 46		accuracy = 0.7631884217262268
Training round: 47		accuracy = 0.7588405609130859
Training round: 48		accuracy = 0.7669565081596375
Training round: 49		accuracy = 0.7652173638343811
Training round: 50		accuracy = 0.7718840837478638
Training round: 51		accuracy = 0.7660869359970093
Training round: 52		accuracy = 0.7666666507720947
Training round: 53		accuracy = 0.7678260803222656
Training round: 54		accuracy = 0.7681159377098083
Training round: 55		accuracy = 0.7707246541976929
Training round: 56		accuracy = 0.769565224647522
Training round: 57		accuracy = 0.7698550820350647
Training round: 58		accuracy = 0.7681159377098083
Training round: 59		accuracy = 0.7713043689727783
Training round: 60		accuracy = 0.7730434536933899
Training round: 61		accuracy = 0.7727535963058472
Training round: 62		accuracy = 0.7718840837478638
Training round: 63		accuracy = 0.7681159377098083
Training round: 64		accuracy = 0.7724637389183044
Training round: 65		accuracy = 0.7753623127937317
Training round: 66		accuracy = 0.7742028832435608
Training round: 67		accuracy = 0.7727535963058472
Training round: 68		accuracy = 0.7765217423439026
Training round: 69		accuracy = 0.7739130258560181
Training round: 70		accuracy = 0.7762318849563599
Training round: 71		accuracy = 0.7768115997314453
Training round: 72		accuracy = 0.7747825980186462
Training round: 73		accuracy = 0.777101457118988
Training round: 74		accuracy = 0.7768115997314453
Training round: 75		accuracy = 0.7773913145065308
Training round: 76		accuracy = 0.775072455406189
Training round: 77		accuracy = 0.7759420275688171
Training round: 78		accuracy = 0.7701449394226074
Training round: 79		accuracy = 0.7742028832435608
Training round: 80		accuracy = 0.777101457118988
Training round: 81		accuracy = 0.7759420275688171
Training round: 82		accuracy = 0.777101457118988
Training round: 83		accuracy = 0.775072455406189
Training round: 84		accuracy = 0.7747825980186462
Training round: 85		accuracy = 0.7765217423439026
Training round: 86		accuracy = 0.7776811718940735
Training round: 87		accuracy = 0.7779710292816162
Training round: 88		accuracy = 0.7765217423439026
Training round: 89		accuracy = 0.7753623127937317
Training round: 90		accuracy = 0.7736231684684753
Training round: 91		accuracy = 0.7744927406311035
Training round: 92		accuracy = 0.7744927406311035
Training round: 93		accuracy = 0.7742028832435608
Training round: 94		accuracy = 0.7747825980186462
Training round: 95		accuracy = 0.7785507440567017
Training round: 96		accuracy = 0.7765217423439026
Training round: 97		accuracy = 0.7753623127937317
Training round: 98		accuracy = 0.7736231684684753
Training round: 99		accuracy = 0.7747825980186462
Training round: 100		accuracy = 0.7782608866691589
Training duration 5947.321994304657
