2021-08-23 15:00:51.289277: I tensorflow/stream_executor/platform/default/dso_loader.cc:49] Successfully opened dynamic library libcudart.so.11.0
2021-08-23 15:01:21.105700: I tensorflow/compiler/jit/xla_cpu_device.cc:41] Not creating XLA devices, tf_xla_enable_xla_devices not set
2021-08-23 15:01:21.112594: I tensorflow/stream_executor/platform/default/dso_loader.cc:49] Successfully opened dynamic library libcuda.so.1
2021-08-23 15:01:21.156154: I tensorflow/core/common_runtime/gpu/gpu_device.cc:1720] Found device 0 with properties: 
pciBusID: 0000:82:00.0 name: Tesla P100-PCIE-12GB computeCapability: 6.0
coreClock: 1.3285GHz coreCount: 56 deviceMemorySize: 11.91GiB deviceMemoryBandwidth: 511.41GiB/s
2021-08-23 15:01:21.156642: I tensorflow/stream_executor/platform/default/dso_loader.cc:49] Successfully opened dynamic library libcudart.so.11.0
2021-08-23 15:01:21.167331: I tensorflow/stream_executor/platform/default/dso_loader.cc:49] Successfully opened dynamic library libcublas.so.11
2021-08-23 15:01:21.167500: I tensorflow/stream_executor/platform/default/dso_loader.cc:49] Successfully opened dynamic library libcublasLt.so.11
2021-08-23 15:01:21.173768: I tensorflow/stream_executor/platform/default/dso_loader.cc:49] Successfully opened dynamic library libcufft.so.10
2021-08-23 15:01:21.176636: I tensorflow/stream_executor/platform/default/dso_loader.cc:49] Successfully opened dynamic library libcurand.so.10
2021-08-23 15:01:21.185400: I tensorflow/stream_executor/platform/default/dso_loader.cc:49] Successfully opened dynamic library libcusolver.so.10
2021-08-23 15:01:21.187896: I tensorflow/stream_executor/platform/default/dso_loader.cc:49] Successfully opened dynamic library libcusparse.so.11
2021-08-23 15:01:21.189014: I tensorflow/stream_executor/platform/default/dso_loader.cc:49] Successfully opened dynamic library libcudnn.so.8
2021-08-23 15:01:21.191832: I tensorflow/core/common_runtime/gpu/gpu_device.cc:1862] Adding visible gpu devices: 0
2021-08-23 15:01:21.196643: I tensorflow/core/platform/cpu_feature_guard.cc:142] This TensorFlow binary is optimized with oneAPI Deep Neural Network Library (oneDNN) to use the following CPU instructions in performance-critical operations:  AVX2 FMA
To enable them in other operations, rebuild TensorFlow with the appropriate compiler flags.
2021-08-23 15:01:21.197057: I tensorflow/compiler/jit/xla_gpu_device.cc:99] Not creating XLA devices, tf_xla_enable_xla_devices not set
2021-08-23 15:01:21.198393: I tensorflow/core/common_runtime/gpu/gpu_device.cc:1720] Found device 0 with properties: 
pciBusID: 0000:82:00.0 name: Tesla P100-PCIE-12GB computeCapability: 6.0
coreClock: 1.3285GHz coreCount: 56 deviceMemorySize: 11.91GiB deviceMemoryBandwidth: 511.41GiB/s
2021-08-23 15:01:21.198516: I tensorflow/stream_executor/platform/default/dso_loader.cc:49] Successfully opened dynamic library libcudart.so.11.0
2021-08-23 15:01:21.198617: I tensorflow/stream_executor/platform/default/dso_loader.cc:49] Successfully opened dynamic library libcublas.so.11
2021-08-23 15:01:21.198729: I tensorflow/stream_executor/platform/default/dso_loader.cc:49] Successfully opened dynamic library libcublasLt.so.11
2021-08-23 15:01:21.198807: I tensorflow/stream_executor/platform/default/dso_loader.cc:49] Successfully opened dynamic library libcufft.so.10
2021-08-23 15:01:21.198914: I tensorflow/stream_executor/platform/default/dso_loader.cc:49] Successfully opened dynamic library libcurand.so.10
2021-08-23 15:01:21.198986: I tensorflow/stream_executor/platform/default/dso_loader.cc:49] Successfully opened dynamic library libcusolver.so.10
2021-08-23 15:01:21.199091: I tensorflow/stream_executor/platform/default/dso_loader.cc:49] Successfully opened dynamic library libcusparse.so.11
2021-08-23 15:01:21.199195: I tensorflow/stream_executor/platform/default/dso_loader.cc:49] Successfully opened dynamic library libcudnn.so.8
2021-08-23 15:01:21.201441: I tensorflow/core/common_runtime/gpu/gpu_device.cc:1862] Adding visible gpu devices: 0
2021-08-23 15:01:21.201580: I tensorflow/stream_executor/platform/default/dso_loader.cc:49] Successfully opened dynamic library libcudart.so.11.0
2021-08-23 15:01:22.499493: I tensorflow/core/common_runtime/gpu/gpu_device.cc:1261] Device interconnect StreamExecutor with strength 1 edge matrix:
2021-08-23 15:01:22.499844: I tensorflow/core/common_runtime/gpu/gpu_device.cc:1267]      0 
2021-08-23 15:01:22.499949: I tensorflow/core/common_runtime/gpu/gpu_device.cc:1280] 0:   N 
2021-08-23 15:01:22.506218: I tensorflow/core/common_runtime/gpu/gpu_device.cc:1406] Created TensorFlow device (/job:localhost/replica:0/task:0/device:GPU:0 with 11119 MB memory) -> physical GPU (device: 0, name: Tesla P100-PCIE-12GB, pci bus id: 0000:82:00.0, compute capability: 6.0)
2021-08-23 15:01:37.785482: I tensorflow/compiler/mlir/mlir_graph_optimization_pass.cc:116] None of the MLIR optimization passes are enabled (registered 2)
2021-08-23 15:01:37.789493: I tensorflow/core/platform/profile_utils/cpu_utils.cc:112] CPU Frequency: 2200045000 Hz
2021-08-23 15:01:37.902018: I tensorflow/stream_executor/platform/default/dso_loader.cc:49] Successfully opened dynamic library libcublas.so.11
2021-08-23 15:01:38.296068: I tensorflow/stream_executor/platform/default/dso_loader.cc:49] Successfully opened dynamic library libcublasLt.so.11
2021-08-23 15:01:38.303529: I tensorflow/stream_executor/platform/default/dso_loader.cc:49] Successfully opened dynamic library libcudnn.so.8
2021-08-23 15:01:40.281839: W tensorflow/stream_executor/gpu/asm_compiler.cc:63] Running ptxas --version returned 256
2021-08-23 15:01:40.595009: W tensorflow/stream_executor/gpu/redzone_allocator.cc:314] Internal: ptxas exited with non-zero error code 256, output: 
Relying on driver to perform ptx compilation. 
Modify $PATH to customize ptxas location.
This message will be only logged once.
LabelAttacker started.
LabelAttacker finished.
Training round: 1		accuracy = 0.637971043586731
Training round: 2		accuracy = 0.5997101664543152
Training round: 3		accuracy = 0.6428985595703125
Training round: 4		accuracy = 0.6234782338142395
Training round: 5		accuracy = 0.6588405966758728
Training round: 6		accuracy = 0.6686956286430359
Training round: 7		accuracy = 0.6739130616188049
Training round: 8		accuracy = 0.6939130425453186
Training round: 9		accuracy = 0.6730434894561768
Training round: 10		accuracy = 0.6907246112823486
Training round: 11		accuracy = 0.6898550987243652
Training round: 12		accuracy = 0.6968116164207458
Training round: 13		accuracy = 0.6915941834449768
Training round: 14		accuracy = 0.7185507416725159
Training round: 15		accuracy = 0.683768093585968
Training round: 16		accuracy = 0.7069565057754517
Training round: 17		accuracy = 0.7089855074882507
Training round: 18		accuracy = 0.7063767910003662
Training round: 19		accuracy = 0.7115942239761353
Training round: 20		accuracy = 0.7159420251846313
Training round: 21		accuracy = 0.6994202733039856
Training round: 22		accuracy = 0.7078260779380798
Training round: 23		accuracy = 0.7188405990600586
Training round: 24		accuracy = 0.7037681341171265
Training round: 25		accuracy = 0.7200000286102295
Training round: 26		accuracy = 0.724927544593811
Training round: 27		accuracy = 0.7226086854934692
Training round: 28		accuracy = 0.7263768315315247
Training round: 29		accuracy = 0.7237681150436401
Training round: 30		accuracy = 0.7275362610816956
Training round: 31		accuracy = 0.7188405990600586
Training round: 32		accuracy = 0.7226086854934692
Training round: 33		accuracy = 0.7257971167564392
Training round: 34		accuracy = 0.7333333492279053
Training round: 35		accuracy = 0.7136231660842896
Training round: 36		accuracy = 0.7292753458023071
Training round: 37		accuracy = 0.7226086854934692
Training round: 38		accuracy = 0.7342029213905334
Training round: 39		accuracy = 0.7318840622901917
Training round: 40		accuracy = 0.7342029213905334
Training round: 41		accuracy = 0.7269565463066101
Training round: 42		accuracy = 0.7208695411682129
Training round: 43		accuracy = 0.7330434918403625
Training round: 44		accuracy = 0.735942006111145
Training round: 45		accuracy = 0.7327536344528198
Training round: 46		accuracy = 0.7397101521492004
Training round: 47		accuracy = 0.7397101521492004
Training round: 48		accuracy = 0.7353622913360596
Training round: 49		accuracy = 0.735942006111145
Training round: 50		accuracy = 0.7382608652114868
Training round: 51		accuracy = 0.7397101521492004
Training round: 52		accuracy = 0.7362318634986877
Training round: 53		accuracy = 0.739130437374115
Training round: 54		accuracy = 0.7350724935531616
Training round: 55		accuracy = 0.7434782385826111
Training round: 56		accuracy = 0.7417391538619995
Training round: 57		accuracy = 0.7400000095367432
Training round: 58		accuracy = 0.7411594390869141
Training round: 59		accuracy = 0.7382608652114868
Training round: 60		accuracy = 0.7431883811950684
Training round: 61		accuracy = 0.7400000095367432
Training round: 62		accuracy = 0.7437680959701538
Training round: 63		accuracy = 0.739130437374115
Training round: 64		accuracy = 0.7428985238075256
Training round: 65		accuracy = 0.742318868637085
Training round: 66		accuracy = 0.7385507225990295
Training round: 67		accuracy = 0.7397101521492004
Training round: 68		accuracy = 0.7368115782737732
Training round: 69		accuracy = 0.742318868637085
Training round: 70		accuracy = 0.7362318634986877
Training round: 71		accuracy = 0.7408695816993713
Training round: 72		accuracy = 0.7394202947616577
Training round: 73		accuracy = 0.7437680959701538
Training round: 74		accuracy = 0.7408695816993713
Training round: 75		accuracy = 0.7402898669242859
Training round: 76		accuracy = 0.7417391538619995
Training round: 77		accuracy = 0.7426086664199829
Training round: 78		accuracy = 0.7452173829078674
Training round: 79		accuracy = 0.7437680959701538
Training round: 80		accuracy = 0.7420290112495422
Training round: 81		accuracy = 0.7434782385826111
Training round: 82		accuracy = 0.7443478107452393
Training round: 83		accuracy = 0.7434782385826111
Training round: 84		accuracy = 0.7414492964744568
Training round: 85		accuracy = 0.7417391538619995
Training round: 86		accuracy = 0.7417391538619995
Training round: 87		accuracy = 0.7400000095367432
Training round: 88		accuracy = 0.7428985238075256
Training round: 89		accuracy = 0.7452173829078674
Training round: 90		accuracy = 0.7475362420082092
Training round: 91		accuracy = 0.7449275255203247
Training round: 92		accuracy = 0.7457970976829529
Training round: 93		accuracy = 0.7443478107452393
Training round: 94		accuracy = 0.7481159567832947
Training round: 95		accuracy = 0.7426086664199829
Training round: 96		accuracy = 0.7484058141708374
Training round: 97		accuracy = 0.7463768124580383
Training round: 98		accuracy = 0.746666669845581
Training round: 99		accuracy = 0.7495652437210083
Training round: 100		accuracy = 0.7507246136665344
Training duration 8068.852413415909
