2021-08-21 22:39:51.182524: I tensorflow/stream_executor/platform/default/dso_loader.cc:49] Successfully opened dynamic library libcudart.so.11.0
2021-08-21 22:40:36.874493: I tensorflow/compiler/jit/xla_cpu_device.cc:41] Not creating XLA devices, tf_xla_enable_xla_devices not set
2021-08-21 22:40:37.022492: I tensorflow/stream_executor/platform/default/dso_loader.cc:49] Successfully opened dynamic library libcuda.so.1
2021-08-21 22:40:37.068078: I tensorflow/core/common_runtime/gpu/gpu_device.cc:1720] Found device 0 with properties: 
pciBusID: 0000:03:00.0 name: Tesla P100-PCIE-12GB computeCapability: 6.0
coreClock: 1.3285GHz coreCount: 56 deviceMemorySize: 11.91GiB deviceMemoryBandwidth: 511.41GiB/s
2021-08-21 22:40:37.068733: I tensorflow/stream_executor/platform/default/dso_loader.cc:49] Successfully opened dynamic library libcudart.so.11.0
2021-08-21 22:40:37.081101: I tensorflow/stream_executor/platform/default/dso_loader.cc:49] Successfully opened dynamic library libcublas.so.11
2021-08-21 22:40:37.081276: I tensorflow/stream_executor/platform/default/dso_loader.cc:49] Successfully opened dynamic library libcublasLt.so.11
2021-08-21 22:40:37.087806: I tensorflow/stream_executor/platform/default/dso_loader.cc:49] Successfully opened dynamic library libcufft.so.10
2021-08-21 22:40:37.122208: I tensorflow/stream_executor/platform/default/dso_loader.cc:49] Successfully opened dynamic library libcurand.so.10
2021-08-21 22:40:37.134260: I tensorflow/stream_executor/platform/default/dso_loader.cc:49] Successfully opened dynamic library libcusolver.so.10
2021-08-21 22:40:37.137302: I tensorflow/stream_executor/platform/default/dso_loader.cc:49] Successfully opened dynamic library libcusparse.so.11
2021-08-21 22:40:37.138454: I tensorflow/stream_executor/platform/default/dso_loader.cc:49] Successfully opened dynamic library libcudnn.so.8
2021-08-21 22:40:37.142740: I tensorflow/core/common_runtime/gpu/gpu_device.cc:1862] Adding visible gpu devices: 0
2021-08-21 22:40:37.170364: I tensorflow/core/platform/cpu_feature_guard.cc:142] This TensorFlow binary is optimized with oneAPI Deep Neural Network Library (oneDNN) to use the following CPU instructions in performance-critical operations:  AVX2 FMA
To enable them in other operations, rebuild TensorFlow with the appropriate compiler flags.
2021-08-21 22:40:37.170902: I tensorflow/compiler/jit/xla_gpu_device.cc:99] Not creating XLA devices, tf_xla_enable_xla_devices not set
2021-08-21 22:40:37.173041: I tensorflow/core/common_runtime/gpu/gpu_device.cc:1720] Found device 0 with properties: 
pciBusID: 0000:03:00.0 name: Tesla P100-PCIE-12GB computeCapability: 6.0
coreClock: 1.3285GHz coreCount: 56 deviceMemorySize: 11.91GiB deviceMemoryBandwidth: 511.41GiB/s
2021-08-21 22:40:37.173207: I tensorflow/stream_executor/platform/default/dso_loader.cc:49] Successfully opened dynamic library libcudart.so.11.0
2021-08-21 22:40:37.173355: I tensorflow/stream_executor/platform/default/dso_loader.cc:49] Successfully opened dynamic library libcublas.so.11
2021-08-21 22:40:37.173481: I tensorflow/stream_executor/platform/default/dso_loader.cc:49] Successfully opened dynamic library libcublasLt.so.11
2021-08-21 22:40:37.173622: I tensorflow/stream_executor/platform/default/dso_loader.cc:49] Successfully opened dynamic library libcufft.so.10
2021-08-21 22:40:37.173770: I tensorflow/stream_executor/platform/default/dso_loader.cc:49] Successfully opened dynamic library libcurand.so.10
2021-08-21 22:40:37.173900: I tensorflow/stream_executor/platform/default/dso_loader.cc:49] Successfully opened dynamic library libcusolver.so.10
2021-08-21 22:40:37.174027: I tensorflow/stream_executor/platform/default/dso_loader.cc:49] Successfully opened dynamic library libcusparse.so.11
2021-08-21 22:40:37.174158: I tensorflow/stream_executor/platform/default/dso_loader.cc:49] Successfully opened dynamic library libcudnn.so.8
2021-08-21 22:40:37.177935: I tensorflow/core/common_runtime/gpu/gpu_device.cc:1862] Adding visible gpu devices: 0
2021-08-21 22:40:37.178123: I tensorflow/stream_executor/platform/default/dso_loader.cc:49] Successfully opened dynamic library libcudart.so.11.0
2021-08-21 22:40:38.701077: I tensorflow/core/common_runtime/gpu/gpu_device.cc:1261] Device interconnect StreamExecutor with strength 1 edge matrix:
2021-08-21 22:40:38.701284: I tensorflow/core/common_runtime/gpu/gpu_device.cc:1267]      0 
2021-08-21 22:40:38.701360: I tensorflow/core/common_runtime/gpu/gpu_device.cc:1280] 0:   N 
2021-08-21 22:40:38.706815: I tensorflow/core/common_runtime/gpu/gpu_device.cc:1406] Created TensorFlow device (/job:localhost/replica:0/task:0/device:GPU:0 with 11119 MB memory) -> physical GPU (device: 0, name: Tesla P100-PCIE-12GB, pci bus id: 0000:03:00.0, compute capability: 6.0)
2021-08-21 22:40:53.323882: I tensorflow/compiler/mlir/mlir_graph_optimization_pass.cc:116] None of the MLIR optimization passes are enabled (registered 2)
2021-08-21 22:40:53.327923: I tensorflow/core/platform/profile_utils/cpu_utils.cc:112] CPU Frequency: 2200015000 Hz
2021-08-21 22:40:53.405376: I tensorflow/stream_executor/platform/default/dso_loader.cc:49] Successfully opened dynamic library libcublas.so.11
2021-08-21 22:40:53.786107: I tensorflow/stream_executor/platform/default/dso_loader.cc:49] Successfully opened dynamic library libcublasLt.so.11
2021-08-21 22:40:53.795969: I tensorflow/stream_executor/platform/default/dso_loader.cc:49] Successfully opened dynamic library libcudnn.so.8
2021-08-21 22:40:55.823051: W tensorflow/stream_executor/gpu/asm_compiler.cc:63] Running ptxas --version returned 256
2021-08-21 22:40:56.152313: W tensorflow/stream_executor/gpu/redzone_allocator.cc:314] Internal: ptxas exited with non-zero error code 256, output: 
Relying on driver to perform ptx compilation. 
Modify $PATH to customize ptxas location.
This message will be only logged once.
LabelAttacker started.
LabelAttacker finished.
Training round: 1		accuracy = 0.5113043189048767
Training round: 2		accuracy = 0.5005797147750854
Training round: 3		accuracy = 0.5243478417396545
Training round: 4		accuracy = 0.5315942168235779
Training round: 5		accuracy = 0.48898550868034363
Training round: 6		accuracy = 0.5159420371055603
Training round: 7		accuracy = 0.5208695530891418
Training round: 8		accuracy = 0.557681143283844
Training round: 9		accuracy = 0.5336231589317322
Training round: 10		accuracy = 0.5173913240432739
Training round: 11		accuracy = 0.5443478226661682
Training round: 12		accuracy = 0.5437681078910828
Training round: 13		accuracy = 0.5307246446609497
Training round: 14		accuracy = 0.5846377015113831
Training round: 15		accuracy = 0.5701449513435364
Training round: 16		accuracy = 0.5457971096038818
Training round: 17		accuracy = 0.5405797362327576
Training round: 18		accuracy = 0.5689855217933655
Training round: 19		accuracy = 0.5623188614845276
Training round: 20		accuracy = 0.5527536273002625
Training round: 21		accuracy = 0.5828985571861267
Training round: 22		accuracy = 0.5823188424110413
Training round: 23		accuracy = 0.5602898597717285
Training round: 24		accuracy = 0.5707246661186218
Training round: 25		accuracy = 0.5704348087310791
Training round: 26		accuracy = 0.5634782314300537
Training round: 27		accuracy = 0.5756521821022034
Training round: 28		accuracy = 0.5660869479179382
Training round: 29		accuracy = 0.560869574546814
Training round: 30		accuracy = 0.5846377015113831
Training round: 31		accuracy = 0.5791304111480713
Training round: 32		accuracy = 0.5640579462051392
Training round: 33		accuracy = 0.5776811838150024
Training round: 34		accuracy = 0.5895652174949646
Training round: 35		accuracy = 0.577101469039917
Training round: 36		accuracy = 0.5724637508392334
Training round: 37		accuracy = 0.5788405537605286
Training round: 38		accuracy = 0.5831884145736694
Training round: 39		accuracy = 0.6046376824378967
Training round: 40		accuracy = 0.5933333039283752
Training round: 41		accuracy = 0.5898550748825073
Training round: 42		accuracy = 0.5756521821022034
Training round: 43		accuracy = 0.5860869288444519
Training round: 44		accuracy = 0.5918840765953064
Training round: 45		accuracy = 0.5921739339828491
Training round: 46		accuracy = 0.5782608985900879
Training round: 47		accuracy = 0.5779710412025452
Training round: 48		accuracy = 0.5872463583946228
Training round: 49		accuracy = 0.5713043212890625
Training round: 50		accuracy = 0.5721738934516907
Training round: 51		accuracy = 0.5788405537605286
Training round: 52		accuracy = 0.5704348087310791
Training round: 53		accuracy = 0.5802898406982422
Training round: 54		accuracy = 0.577101469039917
Training round: 55		accuracy = 0.5701449513435364
Training round: 56		accuracy = 0.5834782719612122
Training round: 57		accuracy = 0.5785506963729858
Training round: 58		accuracy = 0.5692753791809082
Training round: 59		accuracy = 0.5759420394897461
Training round: 60		accuracy = 0.566376805305481
Training round: 61		accuracy = 0.5591304302215576
Training round: 62		accuracy = 0.5698550939559937
Training round: 63		accuracy = 0.585797131061554
Training round: 64		accuracy = 0.573913037776947
Training round: 65		accuracy = 0.5704348087310791
Training round: 66		accuracy = 0.5797101259231567
Training round: 67		accuracy = 0.5779710412025452
Training round: 68		accuracy = 0.5747826099395752
Training round: 69		accuracy = 0.5756521821022034
Training round: 70		accuracy = 0.5773913264274597
Training round: 71		accuracy = 0.5808695554733276
Training round: 72		accuracy = 0.5852174162864685
Training round: 73		accuracy = 0.5817391276359558
Training round: 74		accuracy = 0.5808695554733276
Training round: 75		accuracy = 0.5814492702484131
Training round: 76		accuracy = 0.5831884145736694
Training round: 77		accuracy = 0.5904347896575928
Training round: 78		accuracy = 0.5675362348556519
Training round: 79		accuracy = 0.5797101259231567
Training round: 80		accuracy = 0.5736231803894043
Training round: 81		accuracy = 0.5823188424110413
Training round: 82		accuracy = 0.5768116116523743
Training round: 83		accuracy = 0.5791304111480713
Training round: 84		accuracy = 0.5788405537605286
Training round: 85		accuracy = 0.5849275588989258
Training round: 86		accuracy = 0.579420268535614
Training round: 87		accuracy = 0.5820289850234985
Training round: 88		accuracy = 0.5652173757553101
Training round: 89		accuracy = 0.577101469039917
Training round: 90		accuracy = 0.571884036064148
Training round: 91		accuracy = 0.5782608985900879
Training round: 92		accuracy = 0.579420268535614
Training round: 93		accuracy = 0.5843478441238403
Training round: 94		accuracy = 0.5808695554733276
Training round: 95		accuracy = 0.5846377015113831
Training round: 96		accuracy = 0.5744927525520325
Training round: 97		accuracy = 0.5820289850234985
Training round: 98		accuracy = 0.5831884145736694
Training round: 99		accuracy = 0.5678260922431946
Training round: 100		accuracy = 0.5666666626930237
Training duration 7796.625021457672
