2021-08-21 23:32:50.360153: I tensorflow/stream_executor/platform/default/dso_loader.cc:49] Successfully opened dynamic library libcudart.so.11.0
2021-08-21 23:33:17.017209: I tensorflow/compiler/jit/xla_cpu_device.cc:41] Not creating XLA devices, tf_xla_enable_xla_devices not set
2021-08-21 23:33:17.027079: I tensorflow/stream_executor/platform/default/dso_loader.cc:49] Successfully opened dynamic library libcuda.so.1
2021-08-21 23:33:17.105728: I tensorflow/core/common_runtime/gpu/gpu_device.cc:1720] Found device 0 with properties: 
pciBusID: 0000:af:00.0 name: Tesla V100-SXM2-32GB computeCapability: 7.0
coreClock: 1.53GHz coreCount: 80 deviceMemorySize: 31.75GiB deviceMemoryBandwidth: 836.37GiB/s
2021-08-21 23:33:17.106290: I tensorflow/stream_executor/platform/default/dso_loader.cc:49] Successfully opened dynamic library libcudart.so.11.0
2021-08-21 23:33:17.116192: I tensorflow/stream_executor/platform/default/dso_loader.cc:49] Successfully opened dynamic library libcublas.so.11
2021-08-21 23:33:17.116333: I tensorflow/stream_executor/platform/default/dso_loader.cc:49] Successfully opened dynamic library libcublasLt.so.11
2021-08-21 23:33:17.121489: I tensorflow/stream_executor/platform/default/dso_loader.cc:49] Successfully opened dynamic library libcufft.so.10
2021-08-21 23:33:17.123777: I tensorflow/stream_executor/platform/default/dso_loader.cc:49] Successfully opened dynamic library libcurand.so.10
2021-08-21 23:33:17.131158: I tensorflow/stream_executor/platform/default/dso_loader.cc:49] Successfully opened dynamic library libcusolver.so.10
2021-08-21 23:33:17.133941: I tensorflow/stream_executor/platform/default/dso_loader.cc:49] Successfully opened dynamic library libcusparse.so.11
2021-08-21 23:33:17.137117: I tensorflow/stream_executor/platform/default/dso_loader.cc:49] Successfully opened dynamic library libcudnn.so.8
2021-08-21 23:33:17.143438: I tensorflow/core/common_runtime/gpu/gpu_device.cc:1862] Adding visible gpu devices: 0
2021-08-21 23:33:17.146227: I tensorflow/core/platform/cpu_feature_guard.cc:142] This TensorFlow binary is optimized with oneAPI Deep Neural Network Library (oneDNN) to use the following CPU instructions in performance-critical operations:  AVX2 AVX512F FMA
To enable them in other operations, rebuild TensorFlow with the appropriate compiler flags.
2021-08-21 23:33:17.146626: I tensorflow/compiler/jit/xla_gpu_device.cc:99] Not creating XLA devices, tf_xla_enable_xla_devices not set
2021-08-21 23:33:17.149106: I tensorflow/core/common_runtime/gpu/gpu_device.cc:1720] Found device 0 with properties: 
pciBusID: 0000:af:00.0 name: Tesla V100-SXM2-32GB computeCapability: 7.0
coreClock: 1.53GHz coreCount: 80 deviceMemorySize: 31.75GiB deviceMemoryBandwidth: 836.37GiB/s
2021-08-21 23:33:17.149192: I tensorflow/stream_executor/platform/default/dso_loader.cc:49] Successfully opened dynamic library libcudart.so.11.0
2021-08-21 23:33:17.149259: I tensorflow/stream_executor/platform/default/dso_loader.cc:49] Successfully opened dynamic library libcublas.so.11
2021-08-21 23:33:17.149370: I tensorflow/stream_executor/platform/default/dso_loader.cc:49] Successfully opened dynamic library libcublasLt.so.11
2021-08-21 23:33:17.149411: I tensorflow/stream_executor/platform/default/dso_loader.cc:49] Successfully opened dynamic library libcufft.so.10
2021-08-21 23:33:17.149459: I tensorflow/stream_executor/platform/default/dso_loader.cc:49] Successfully opened dynamic library libcurand.so.10
2021-08-21 23:33:17.149505: I tensorflow/stream_executor/platform/default/dso_loader.cc:49] Successfully opened dynamic library libcusolver.so.10
2021-08-21 23:33:17.149547: I tensorflow/stream_executor/platform/default/dso_loader.cc:49] Successfully opened dynamic library libcusparse.so.11
2021-08-21 23:33:17.149658: I tensorflow/stream_executor/platform/default/dso_loader.cc:49] Successfully opened dynamic library libcudnn.so.8
2021-08-21 23:33:17.154223: I tensorflow/core/common_runtime/gpu/gpu_device.cc:1862] Adding visible gpu devices: 0
2021-08-21 23:33:17.154377: I tensorflow/stream_executor/platform/default/dso_loader.cc:49] Successfully opened dynamic library libcudart.so.11.0
2021-08-21 23:33:18.595570: I tensorflow/core/common_runtime/gpu/gpu_device.cc:1261] Device interconnect StreamExecutor with strength 1 edge matrix:
2021-08-21 23:33:18.595913: I tensorflow/core/common_runtime/gpu/gpu_device.cc:1267]      0 
2021-08-21 23:33:18.595962: I tensorflow/core/common_runtime/gpu/gpu_device.cc:1280] 0:   N 
2021-08-21 23:33:18.603663: I tensorflow/core/common_runtime/gpu/gpu_device.cc:1406] Created TensorFlow device (/job:localhost/replica:0/task:0/device:GPU:0 with 30130 MB memory) -> physical GPU (device: 0, name: Tesla V100-SXM2-32GB, pci bus id: 0000:af:00.0, compute capability: 7.0)
2021-08-21 23:33:26.501269: I tensorflow/compiler/mlir/mlir_graph_optimization_pass.cc:116] None of the MLIR optimization passes are enabled (registered 2)
2021-08-21 23:33:26.505313: I tensorflow/core/platform/profile_utils/cpu_utils.cc:112] CPU Frequency: 2100000000 Hz
2021-08-21 23:33:26.590582: I tensorflow/stream_executor/platform/default/dso_loader.cc:49] Successfully opened dynamic library libcublas.so.11
2021-08-21 23:33:27.474527: I tensorflow/stream_executor/platform/default/dso_loader.cc:49] Successfully opened dynamic library libcublasLt.so.11
2021-08-21 23:33:27.484244: I tensorflow/stream_executor/platform/default/dso_loader.cc:49] Successfully opened dynamic library libcudnn.so.8
2021-08-21 23:33:33.083555: W tensorflow/stream_executor/gpu/asm_compiler.cc:63] Running ptxas --version returned 256
2021-08-21 23:33:33.184731: W tensorflow/stream_executor/gpu/redzone_allocator.cc:314] Internal: ptxas exited with non-zero error code 256, output: 
Relying on driver to perform ptx compilation. 
Modify $PATH to customize ptxas location.
This message will be only logged once.
UnbalanceMutator started.
UnbalanceMutator finished.
Training round: 1		accuracy = 0.6550724506378174
Training round: 2		accuracy = 0.6602898836135864
Training round: 3		accuracy = 0.665217399597168
Training round: 4		accuracy = 0.6710144877433777
Training round: 5		accuracy = 0.670724630355835
Training round: 6		accuracy = 0.6773912906646729
Training round: 7		accuracy = 0.6872463822364807
Training round: 8		accuracy = 0.6756521463394165
Training round: 9		accuracy = 0.694492757320404
Training round: 10		accuracy = 0.6866666674613953
Training round: 11		accuracy = 0.6808695793151855
Training round: 12		accuracy = 0.7002898454666138
Training round: 13		accuracy = 0.690144956111908
Training round: 14		accuracy = 0.6921738982200623
Training round: 15		accuracy = 0.697970986366272
Training round: 16		accuracy = 0.7104347944259644
Training round: 17		accuracy = 0.697970986366272
Training round: 18		accuracy = 0.7101449370384216
Training round: 19		accuracy = 0.7034782767295837
Training round: 20		accuracy = 0.7115942239761353
Training round: 21		accuracy = 0.7034782767295837
Training round: 22		accuracy = 0.717391312122345
Training round: 23		accuracy = 0.7052174210548401
Training round: 24		accuracy = 0.7026087045669556
Training round: 25		accuracy = 0.7153623104095459
Training round: 26		accuracy = 0.7162318825721741
Training round: 27		accuracy = 0.7124637961387634
Training round: 28		accuracy = 0.7144927382469177
Training round: 29		accuracy = 0.7162318825721741
Training round: 30		accuracy = 0.7231884002685547
Training round: 31		accuracy = 0.728405773639679
Training round: 32		accuracy = 0.7136231660842896
Training round: 33		accuracy = 0.7176811695098877
Training round: 34		accuracy = 0.7246376872062683
Training round: 35		accuracy = 0.7310144901275635
Training round: 36		accuracy = 0.7188405990600586
Training round: 37		accuracy = 0.7379710078239441
Training round: 38		accuracy = 0.7368115782737732
Training round: 39		accuracy = 0.7214492559432983
Training round: 40		accuracy = 0.7278260588645935
Training round: 41		accuracy = 0.7333333492279053
Training round: 42		accuracy = 0.7286956310272217
Training round: 43		accuracy = 0.7315942049026489
Training round: 44		accuracy = 0.7281159162521362
Training round: 45		accuracy = 0.7318840622901917
Training round: 46		accuracy = 0.7298550605773926
Training round: 47		accuracy = 0.7368115782737732
Training round: 48		accuracy = 0.7362318634986877
Training round: 49		accuracy = 0.7289854884147644
Training round: 50		accuracy = 0.7342029213905334
Training round: 51		accuracy = 0.7350724935531616
Training round: 52		accuracy = 0.7321739196777344
Training round: 53		accuracy = 0.7255072593688965
Training round: 54		accuracy = 0.7347826361656189
Training round: 55		accuracy = 0.7411594390869141
Training round: 56		accuracy = 0.7408695816993713
Training round: 57		accuracy = 0.7394202947616577
Training round: 58		accuracy = 0.7397101521492004
Training round: 59		accuracy = 0.7405797243118286
Training round: 60		accuracy = 0.739130437374115
Training round: 61		accuracy = 0.7414492964744568
Training round: 62		accuracy = 0.7431883811950684
Training round: 63		accuracy = 0.7437680959701538
Training round: 64		accuracy = 0.7420290112495422
Training round: 65		accuracy = 0.7417391538619995
Training round: 66		accuracy = 0.7431883811950684
Training round: 67		accuracy = 0.7452173829078674
Training round: 68		accuracy = 0.7434782385826111
Training round: 69		accuracy = 0.7437680959701538
Training round: 70		accuracy = 0.7449275255203247
Training round: 71		accuracy = 0.7426086664199829
Training round: 72		accuracy = 0.7463768124580383
Training round: 73		accuracy = 0.7460869550704956
Training round: 74		accuracy = 0.7440579533576965
Training round: 75		accuracy = 0.744637668132782
Training round: 76		accuracy = 0.7452173829078674
Training round: 77		accuracy = 0.7492753863334656
Training round: 78		accuracy = 0.744637668132782
Training round: 79		accuracy = 0.7449275255203247
Training round: 80		accuracy = 0.7492753863334656
Training round: 81		accuracy = 0.7510144710540771
Training round: 82		accuracy = 0.7504347562789917
Training round: 83		accuracy = 0.7481159567832947
Training round: 84		accuracy = 0.7481159567832947
Training round: 85		accuracy = 0.744637668132782
Training round: 86		accuracy = 0.7495652437210083
Training round: 87		accuracy = 0.7489855289459229
Training round: 88		accuracy = 0.7504347562789917
Training round: 89		accuracy = 0.750144898891449
Training round: 90		accuracy = 0.7530434727668762
Training round: 91		accuracy = 0.7492753863334656
Training round: 92		accuracy = 0.7481159567832947
Training round: 93		accuracy = 0.7507246136665344
Training round: 94		accuracy = 0.747826099395752
Training round: 95		accuracy = 0.750144898891449
Training round: 96		accuracy = 0.7518840432167053
Training round: 97		accuracy = 0.7484058141708374
Training round: 98		accuracy = 0.7510144710540771
Training round: 99		accuracy = 0.7504347562789917
Training round: 100		accuracy = 0.7527536153793335
Training duration 5870.2807648181915
