2021-08-11 20:31:04.283929: I tensorflow/stream_executor/platform/default/dso_loader.cc:49] Successfully opened dynamic library libcudart.so.11.0
2021-08-11 20:31:11.229213: I tensorflow/compiler/jit/xla_cpu_device.cc:41] Not creating XLA devices, tf_xla_enable_xla_devices not set
2021-08-11 20:31:11.235741: I tensorflow/stream_executor/platform/default/dso_loader.cc:49] Successfully opened dynamic library libcuda.so.1
2021-08-11 20:31:11.292745: I tensorflow/core/common_runtime/gpu/gpu_device.cc:1720] Found device 0 with properties: 
pciBusID: 0000:1c:00.0 name: Tesla V100-SXM2-16GB computeCapability: 7.0
coreClock: 1.53GHz coreCount: 80 deviceMemorySize: 15.78GiB deviceMemoryBandwidth: 836.37GiB/s
2021-08-11 20:31:11.292954: I tensorflow/stream_executor/platform/default/dso_loader.cc:49] Successfully opened dynamic library libcudart.so.11.0
2021-08-11 20:31:11.324035: I tensorflow/stream_executor/platform/default/dso_loader.cc:49] Successfully opened dynamic library libcublas.so.11
2021-08-11 20:31:11.324195: I tensorflow/stream_executor/platform/default/dso_loader.cc:49] Successfully opened dynamic library libcublasLt.so.11
2021-08-11 20:31:11.342490: I tensorflow/stream_executor/platform/default/dso_loader.cc:49] Successfully opened dynamic library libcufft.so.10
2021-08-11 20:31:11.357187: I tensorflow/stream_executor/platform/default/dso_loader.cc:49] Successfully opened dynamic library libcurand.so.10
2021-08-11 20:31:11.397796: I tensorflow/stream_executor/platform/default/dso_loader.cc:49] Successfully opened dynamic library libcusolver.so.10
2021-08-11 20:31:11.407670: I tensorflow/stream_executor/platform/default/dso_loader.cc:49] Successfully opened dynamic library libcusparse.so.11
2021-08-11 20:31:11.410087: I tensorflow/stream_executor/platform/default/dso_loader.cc:49] Successfully opened dynamic library libcudnn.so.8
2021-08-11 20:31:11.412994: I tensorflow/core/common_runtime/gpu/gpu_device.cc:1862] Adding visible gpu devices: 0
2021-08-11 20:31:11.416157: I tensorflow/core/platform/cpu_feature_guard.cc:142] This TensorFlow binary is optimized with oneAPI Deep Neural Network Library (oneDNN) to use the following CPU instructions in performance-critical operations:  AVX2 AVX512F FMA
To enable them in other operations, rebuild TensorFlow with the appropriate compiler flags.
2021-08-11 20:31:11.416426: I tensorflow/compiler/jit/xla_gpu_device.cc:99] Not creating XLA devices, tf_xla_enable_xla_devices not set
2021-08-11 20:31:11.417446: I tensorflow/core/common_runtime/gpu/gpu_device.cc:1720] Found device 0 with properties: 
pciBusID: 0000:1c:00.0 name: Tesla V100-SXM2-16GB computeCapability: 7.0
coreClock: 1.53GHz coreCount: 80 deviceMemorySize: 15.78GiB deviceMemoryBandwidth: 836.37GiB/s
2021-08-11 20:31:11.417489: I tensorflow/stream_executor/platform/default/dso_loader.cc:49] Successfully opened dynamic library libcudart.so.11.0
2021-08-11 20:31:11.417513: I tensorflow/stream_executor/platform/default/dso_loader.cc:49] Successfully opened dynamic library libcublas.so.11
2021-08-11 20:31:11.417529: I tensorflow/stream_executor/platform/default/dso_loader.cc:49] Successfully opened dynamic library libcublasLt.so.11
2021-08-11 20:31:11.417544: I tensorflow/stream_executor/platform/default/dso_loader.cc:49] Successfully opened dynamic library libcufft.so.10
2021-08-11 20:31:11.417560: I tensorflow/stream_executor/platform/default/dso_loader.cc:49] Successfully opened dynamic library libcurand.so.10
2021-08-11 20:31:11.417576: I tensorflow/stream_executor/platform/default/dso_loader.cc:49] Successfully opened dynamic library libcusolver.so.10
2021-08-11 20:31:11.417591: I tensorflow/stream_executor/platform/default/dso_loader.cc:49] Successfully opened dynamic library libcusparse.so.11
2021-08-11 20:31:11.417606: I tensorflow/stream_executor/platform/default/dso_loader.cc:49] Successfully opened dynamic library libcudnn.so.8
2021-08-11 20:31:11.419243: I tensorflow/core/common_runtime/gpu/gpu_device.cc:1862] Adding visible gpu devices: 0
2021-08-11 20:31:11.419827: I tensorflow/stream_executor/platform/default/dso_loader.cc:49] Successfully opened dynamic library libcudart.so.11.0
2021-08-11 20:31:12.451212: I tensorflow/core/common_runtime/gpu/gpu_device.cc:1261] Device interconnect StreamExecutor with strength 1 edge matrix:
2021-08-11 20:31:12.451260: I tensorflow/core/common_runtime/gpu/gpu_device.cc:1267]      0 
2021-08-11 20:31:12.451274: I tensorflow/core/common_runtime/gpu/gpu_device.cc:1280] 0:   N 
2021-08-11 20:31:12.455553: I tensorflow/core/common_runtime/gpu/gpu_device.cc:1406] Created TensorFlow device (/job:localhost/replica:0/task:0/device:GPU:0 with 14761 MB memory) -> physical GPU (device: 0, name: Tesla V100-SXM2-16GB, pci bus id: 0000:1c:00.0, compute capability: 7.0)
2021-08-11 20:31:13.258449: I tensorflow/compiler/mlir/mlir_graph_optimization_pass.cc:116] None of the MLIR optimization passes are enabled (registered 2)
2021-08-11 20:31:13.259896: I tensorflow/core/platform/profile_utils/cpu_utils.cc:112] CPU Frequency: 2400000000 Hz
2021-08-11 20:31:13.743308: I tensorflow/stream_executor/platform/default/dso_loader.cc:49] Successfully opened dynamic library libcublas.so.11
2021-08-11 20:31:14.416823: I tensorflow/stream_executor/platform/default/dso_loader.cc:49] Successfully opened dynamic library libcublasLt.so.11
2021-08-11 20:31:14.445689: I tensorflow/stream_executor/platform/default/dso_loader.cc:49] Successfully opened dynamic library libcudnn.so.8
2021-08-11 20:31:19.923720: W tensorflow/stream_executor/gpu/asm_compiler.cc:63] Running ptxas --version returned 256
2021-08-11 20:31:20.017747: W tensorflow/stream_executor/gpu/redzone_allocator.cc:314] Internal: ptxas exited with non-zero error code 256, output: 
Relying on driver to perform ptx compilation. 
Modify $PATH to customize ptxas location.
This message will be only logged once.
LabelAttacker started.
LabelAttacker finished.
Training round: 1		accuracy = 0.11649999767541885
Training round: 2		accuracy = 0.12520000338554382
Training round: 3		accuracy = 0.16500000655651093
Training round: 4		accuracy = 0.18119999766349792
Training round: 5		accuracy = 0.1379999965429306
Training round: 6		accuracy = 0.1850000023841858
Training round: 7		accuracy = 0.12269999831914902
Training round: 8		accuracy = 0.13279999792575836
Training round: 9		accuracy = 0.12600000202655792
Training round: 10		accuracy = 0.2371000051498413
Training round: 11		accuracy = 0.21799999475479126
Training round: 12		accuracy = 0.15620000660419464
Training round: 13		accuracy = 0.20190000534057617
Training round: 14		accuracy = 0.1298999935388565
Training round: 15		accuracy = 0.22050000727176666
Training round: 16		accuracy = 0.20440000295639038
Training round: 17		accuracy = 0.14059999585151672
Training round: 18		accuracy = 0.14419999718666077
Training round: 19		accuracy = 0.1111999973654747
Training round: 20		accuracy = 0.3001999855041504
Training round: 21		accuracy = 0.19840000569820404
Training round: 22		accuracy = 0.2921000123023987
Training round: 23		accuracy = 0.20829999446868896
Training round: 24		accuracy = 0.2928999960422516
Training round: 25		accuracy = 0.27000001072883606
Training round: 26		accuracy = 0.12710000574588776
Training round: 27		accuracy = 0.1550000011920929
Training round: 28		accuracy = 0.21400000154972076
Training round: 29		accuracy = 0.22910000383853912
Training round: 30		accuracy = 0.33309999108314514
Training round: 31		accuracy = 0.34200000762939453
Training round: 32		accuracy = 0.3612000048160553
Training round: 33		accuracy = 0.19990000128746033
Training round: 34		accuracy = 0.29170000553131104
Training round: 35		accuracy = 0.27309998869895935
Training round: 36		accuracy = 0.1754000037908554
Training round: 37		accuracy = 0.28139999508857727
Training round: 38		accuracy = 0.2921000123023987
Training round: 39		accuracy = 0.29260000586509705
Training round: 40		accuracy = 0.15880000591278076
Training round: 41		accuracy = 0.133200004696846
Training round: 42		accuracy = 0.11270000040531158
Training round: 43		accuracy = 0.35339999198913574
Training round: 44		accuracy = 0.19949999451637268
Training round: 45		accuracy = 0.322299987077713
Training round: 46		accuracy = 0.19840000569820404
Training round: 47		accuracy = 0.1858000010251999
Training round: 48		accuracy = 0.3937999904155731
Training round: 49		accuracy = 0.19259999692440033
Training round: 50		accuracy = 0.3091000020503998
Training round: 51		accuracy = 0.38929998874664307
Training round: 52		accuracy = 0.12439999729394913
Training round: 53		accuracy = 0.10459999740123749
Training round: 54		accuracy = 0.3926999866962433
Training round: 55		accuracy = 0.3862000107765198
Training round: 56		accuracy = 0.4124999940395355
Training round: 57		accuracy = 0.40779998898506165
Training round: 58		accuracy = 0.3880999982357025
Training round: 59		accuracy = 0.18379999697208405
Training round: 60		accuracy = 0.15950000286102295
Training round: 61		accuracy = 0.2912999987602234
Training round: 62		accuracy = 0.11749999970197678
Training round: 63		accuracy = 0.11800000071525574
Training round: 64		accuracy = 0.3953999876976013
Training round: 65		accuracy = 0.2597000002861023
Training round: 66		accuracy = 0.16899999976158142
Training round: 67		accuracy = 0.15960000455379486
Training round: 68		accuracy = 0.30570000410079956
Training round: 69		accuracy = 0.17669999599456787
Training round: 70		accuracy = 0.43389999866485596
Training round: 71		accuracy = 0.2062000036239624
Training round: 72		accuracy = 0.1251000016927719
Training round: 73		accuracy = 0.12800000607967377
Training round: 74		accuracy = 0.2558000087738037
Training round: 75		accuracy = 0.11969999969005585
Training round: 76		accuracy = 0.2777000069618225
Training round: 77		accuracy = 0.2987000048160553
Training round: 78		accuracy = 0.16089999675750732
Training round: 79		accuracy = 0.11479999870061874
Training round: 80		accuracy = 0.10930000245571136
Training round: 81		accuracy = 0.25429999828338623
Training round: 82		accuracy = 0.25769999623298645
Training round: 83		accuracy = 0.15209999680519104
Training round: 84		accuracy = 0.4339999854564667
Training round: 85		accuracy = 0.14219999313354492
Training round: 86		accuracy = 0.2583000063896179
Training round: 87		accuracy = 0.40639999508857727
Training round: 88		accuracy = 0.30140000581741333
Training round: 89		accuracy = 0.4458000063896179
Training round: 90		accuracy = 0.2874000072479248
Training round: 91		accuracy = 0.15060000121593475
Training round: 92		accuracy = 0.4275999963283539
Training round: 93		accuracy = 0.4251999855041504
Training round: 94		accuracy = 0.17730000615119934
Training round: 95		accuracy = 0.2506999969482422
Training round: 96		accuracy = 0.1843000054359436
Training round: 97		accuracy = 0.4603999853134155
Training round: 98		accuracy = 0.446399986743927
Training round: 99		accuracy = 0.3287999927997589
Training round: 100		accuracy = 0.44760000705718994
Training round: 101		accuracy = 0.451200008392334
Training round: 102		accuracy = 0.44510000944137573
Training round: 103		accuracy = 0.4699999988079071
Training round: 104		accuracy = 0.22190000116825104
Training round: 105		accuracy = 0.13609999418258667
Training round: 106		accuracy = 0.15289999544620514
Training round: 107		accuracy = 0.13680000603199005
Training round: 108		accuracy = 0.273499995470047
Training round: 109		accuracy = 0.1298000067472458
Training round: 110		accuracy = 0.11550000309944153
Training round: 111		accuracy = 0.2797999978065491
Training round: 112		accuracy = 0.4747999906539917
Training round: 113		accuracy = 0.47429999709129333
Training round: 114		accuracy = 0.314300000667572
Training round: 115		accuracy = 0.15109999477863312
Training round: 116		accuracy = 0.4864000082015991
Training round: 117		accuracy = 0.14659999310970306
Training round: 118		accuracy = 0.11749999970197678
Training round: 119		accuracy = 0.11900000274181366
Training round: 120		accuracy = 0.11410000175237656
Training round: 121		accuracy = 0.12210000306367874
Training round: 122		accuracy = 0.46650001406669617
Training round: 123		accuracy = 0.1559000015258789
Training round: 124		accuracy = 0.4523000121116638
Training round: 125		accuracy = 0.20270000398159027
Training round: 126		accuracy = 0.4560999870300293
Training round: 127		accuracy = 0.36090001463890076
Training round: 128		accuracy = 0.35740000009536743
Training round: 129		accuracy = 0.45739999413490295
Training round: 130		accuracy = 0.12680000066757202
Training round: 131		accuracy = 0.31310001015663147
Training round: 132		accuracy = 0.43380001187324524
Training round: 133		accuracy = 0.3125
Training round: 134		accuracy = 0.43070000410079956
Training round: 135		accuracy = 0.3337000012397766
Training round: 136		accuracy = 0.12210000306367874
Training round: 137		accuracy = 0.31130000948905945
Training round: 138		accuracy = 0.4844000041484833
Training round: 139		accuracy = 0.45980000495910645
Training round: 140		accuracy = 0.3605000078678131
Training round: 141		accuracy = 0.1850000023841858
Training round: 142		accuracy = 0.1356000006198883
Training round: 143		accuracy = 0.16580000519752502
Training round: 144		accuracy = 0.18330000340938568
Training round: 145		accuracy = 0.1120000034570694
Training round: 146		accuracy = 0.3050999939441681
Training round: 147		accuracy = 0.49129998683929443
Training round: 148		accuracy = 0.15320000052452087
Training round: 149		accuracy = 0.382999986410141
Training round: 150		accuracy = 0.4546000063419342
Training round: 151		accuracy = 0.3718999922275543
Training round: 152		accuracy = 0.35850000381469727
Training round: 153		accuracy = 0.13349999487400055
Training round: 154		accuracy = 0.5070000290870667
Training round: 155		accuracy = 0.3637000024318695
Training round: 156		accuracy = 0.19110000133514404
Training round: 157		accuracy = 0.4893999993801117
Training round: 158		accuracy = 0.49720001220703125
Training round: 159		accuracy = 0.148499995470047
Training round: 160		accuracy = 0.3393000066280365
Training round: 161		accuracy = 0.4959000051021576
Training round: 162		accuracy = 0.3962000012397766
Training round: 163		accuracy = 0.1340000033378601
Training round: 164		accuracy = 0.17730000615119934
Training round: 165		accuracy = 0.17059999704360962
Training round: 166		accuracy = 0.13259999454021454
Training round: 167		accuracy = 0.29820001125335693
Training round: 168		accuracy = 0.15860000252723694
Training round: 169		accuracy = 0.1671999990940094
Training round: 170		accuracy = 0.4754999876022339
Training round: 171		accuracy = 0.49390000104904175
Training round: 172		accuracy = 0.35850000381469727
Training round: 173		accuracy = 0.20890000462532043
Training round: 174		accuracy = 0.47049999237060547
Training round: 175		accuracy = 0.4578000009059906
Training round: 176		accuracy = 0.2076999992132187
Training round: 177		accuracy = 0.35499998927116394
Training round: 178		accuracy = 0.4643999934196472
Training round: 179		accuracy = 0.1875
Training round: 180		accuracy = 0.14259999990463257
Training round: 181		accuracy = 0.15049999952316284
Training round: 182		accuracy = 0.13670000433921814
Training round: 183		accuracy = 0.35120001435279846
Training round: 184		accuracy = 0.32739999890327454
Training round: 185		accuracy = 0.19220000505447388
Training round: 186		accuracy = 0.1363999992609024
Training round: 187		accuracy = 0.13089999556541443
Training round: 188		accuracy = 0.47440001368522644
Training round: 189		accuracy = 0.3610999882221222
Training round: 190		accuracy = 0.36419999599456787
Training round: 191		accuracy = 0.4514000117778778
Training round: 192		accuracy = 0.4916999936103821
Training round: 193		accuracy = 0.4519999921321869
Training round: 194		accuracy = 0.19099999964237213
Training round: 195		accuracy = 0.12939999997615814
Training round: 196		accuracy = 0.33079999685287476
Training round: 197		accuracy = 0.4853000044822693
Training round: 198		accuracy = 0.19689999520778656
Training round: 199		accuracy = 0.4772000014781952
Training round: 200		accuracy = 0.476500004529953
Training round: 201		accuracy = 0.18199999630451202
Training round: 202		accuracy = 0.4763999879360199
Training round: 203		accuracy = 0.15299999713897705
Training round: 204		accuracy = 0.12120000272989273
Training round: 205		accuracy = 0.46720001101493835
Training round: 206		accuracy = 0.3799000084400177
Training round: 207		accuracy = 0.3443000018596649
Training round: 208		accuracy = 0.12240000069141388
Training round: 209		accuracy = 0.1639000028371811
Training round: 210		accuracy = 0.15000000596046448
Training round: 211		accuracy = 0.16529999673366547
Training round: 212		accuracy = 0.15549999475479126
Training round: 213		accuracy = 0.3578000068664551
Training round: 214		accuracy = 0.1193000003695488
Training round: 215		accuracy = 0.32339999079704285
Training round: 216		accuracy = 0.16940000653266907
Training round: 217		accuracy = 0.3610999882221222
Training round: 218		accuracy = 0.13760000467300415
Training round: 219		accuracy = 0.15690000355243683
Training round: 220		accuracy = 0.4814999997615814
Training round: 221		accuracy = 0.3824000060558319
Training round: 222		accuracy = 0.4853000044822693
Training round: 223		accuracy = 0.15139999985694885
Training round: 224		accuracy = 0.3698999881744385
Training round: 225		accuracy = 0.15559999644756317
Training round: 226		accuracy = 0.46860000491142273
Training round: 227		accuracy = 0.35899999737739563
Training round: 228		accuracy = 0.4699999988079071
Training round: 229		accuracy = 0.4902999997138977
Training round: 230		accuracy = 0.5113999843597412
Training round: 231		accuracy = 0.400299996137619
Training round: 232		accuracy = 0.12770000100135803
Training round: 233		accuracy = 0.4814000129699707
Training round: 234		accuracy = 0.17329999804496765
Training round: 235		accuracy = 0.3490999937057495
Training round: 236		accuracy = 0.5192999839782715
Training round: 237		accuracy = 0.49070000648498535
Training round: 238		accuracy = 0.5149000287055969
Training round: 239		accuracy = 0.3725000023841858
Training round: 240		accuracy = 0.517300009727478
Training round: 241		accuracy = 0.5389000177383423
Training round: 242		accuracy = 0.17260000109672546
Training round: 243		accuracy = 0.38659998774528503
Training round: 244		accuracy = 0.3546000123023987
Training round: 245		accuracy = 0.4643000066280365
Training round: 246		accuracy = 0.23680000007152557
Training round: 247		accuracy = 0.15119999647140503
Training round: 248		accuracy = 0.1776999980211258
Training round: 249		accuracy = 0.3871000111103058
Training round: 250		accuracy = 0.15000000596046448
Training round: 251		accuracy = 0.13600000739097595
Training round: 252		accuracy = 0.3578000068664551
Training round: 253		accuracy = 0.3598000109195709
Training round: 254		accuracy = 0.5299999713897705
Training round: 255		accuracy = 0.4219000041484833
Training round: 256		accuracy = 0.1624000072479248
Training round: 257		accuracy = 0.12039999663829803
Training round: 258		accuracy = 0.3345000147819519
Training round: 259		accuracy = 0.4049000144004822
Training round: 260		accuracy = 0.3828999996185303
Training round: 261		accuracy = 0.5393000245094299
Training round: 262		accuracy = 0.5406000018119812
Training round: 263		accuracy = 0.49410000443458557
Training round: 264		accuracy = 0.3995000123977661
Training round: 265		accuracy = 0.375900000333786
Training round: 266		accuracy = 0.2070000022649765
Training round: 267		accuracy = 0.11990000307559967
Training round: 268		accuracy = 0.5467000007629395
Training round: 269		accuracy = 0.20630000531673431
Training round: 270		accuracy = 0.14839999377727509
Training round: 271		accuracy = 0.498199999332428
Training round: 272		accuracy = 0.5394999980926514
Training round: 273		accuracy = 0.43790000677108765
Training round: 274		accuracy = 0.38440001010894775
Training round: 275		accuracy = 0.38119998574256897
Training round: 276		accuracy = 0.49950000643730164
Training round: 277		accuracy = 0.5317000150680542
Training round: 278		accuracy = 0.2092999964952469
Training round: 279		accuracy = 0.16189999878406525
Training round: 280		accuracy = 0.49149999022483826
Training round: 281		accuracy = 0.5496000051498413
Training round: 282		accuracy = 0.5476999878883362
Training round: 283		accuracy = 0.26339998841285706
Training round: 284		accuracy = 0.19930000603199005
Training round: 285		accuracy = 0.16670000553131104
Training round: 286		accuracy = 0.10819999873638153
Training round: 287		accuracy = 0.1671999990940094
Training round: 288		accuracy = 0.5342000126838684
Training round: 289		accuracy = 0.4011000096797943
Training round: 290		accuracy = 0.5058000087738037
Training round: 291		accuracy = 0.39959999918937683
Training round: 292		accuracy = 0.5349000096321106
Training round: 293		accuracy = 0.38929998874664307
Training round: 294		accuracy = 0.3944999873638153
Training round: 295		accuracy = 0.3783999979496002
Training round: 296		accuracy = 0.5235999822616577
Training round: 297		accuracy = 0.41620001196861267
Training round: 298		accuracy = 0.4934000074863434
Training round: 299		accuracy = 0.13609999418258667
Training round: 300		accuracy = 0.3050999939441681
Training round: 301		accuracy = 0.3790000081062317
Training round: 302		accuracy = 0.17479999363422394
Training round: 303		accuracy = 0.5349000096321106
Training round: 304		accuracy = 0.5503000020980835
Training round: 305		accuracy = 0.5353000164031982
Training round: 306		accuracy = 0.4108000099658966
Training round: 307		accuracy = 0.357699990272522
Training round: 308		accuracy = 0.5575000047683716
Training round: 309		accuracy = 0.17159999907016754
Training round: 310		accuracy = 0.48750001192092896
Training round: 311		accuracy = 0.3873000144958496
Training round: 312		accuracy = 0.49630001187324524
Training round: 313		accuracy = 0.40860000252723694
Training round: 314		accuracy = 0.5368000268936157
Training round: 315		accuracy = 0.38850000500679016
Training round: 316		accuracy = 0.20990000665187836
Training round: 317		accuracy = 0.18619999289512634
Training round: 318		accuracy = 0.38760000467300415
Training round: 319		accuracy = 0.25290000438690186
Training round: 320		accuracy = 0.211899995803833
Training round: 321		accuracy = 0.10610000044107437
Training round: 322		accuracy = 0.40790000557899475
Training round: 323		accuracy = 0.3806999921798706
Training round: 324		accuracy = 0.2069000005722046
Training round: 325		accuracy = 0.5241000056266785
Training round: 326		accuracy = 0.4984999895095825
Training round: 327		accuracy = 0.49079999327659607
Training round: 328		accuracy = 0.5052000284194946
Training round: 329		accuracy = 0.2054000049829483
Training round: 330		accuracy = 0.5062999725341797
Training round: 331		accuracy = 0.4999000132083893
Training round: 332		accuracy = 0.1873999983072281
Training round: 333		accuracy = 0.3865000009536743
Training round: 334		accuracy = 0.38839998841285706
Training round: 335		accuracy = 0.4991999864578247
Training round: 336		accuracy = 0.5008999705314636
Training round: 337		accuracy = 0.1890999972820282
Training round: 338		accuracy = 0.3684999942779541
Training round: 339		accuracy = 0.2515999972820282
Training round: 340		accuracy = 0.13459999859333038
Training round: 341		accuracy = 0.15850000083446503
Training round: 342		accuracy = 0.5295000076293945
Training round: 343		accuracy = 0.5303999781608582
Training round: 344		accuracy = 0.23399999737739563
Training round: 345		accuracy = 0.5044000148773193
Training round: 346		accuracy = 0.3756999969482422
Training round: 347		accuracy = 0.17139999568462372
Training round: 348		accuracy = 0.33329999446868896
Training round: 349		accuracy = 0.5424000024795532
Training round: 350		accuracy = 0.5042999982833862
Training round: 351		accuracy = 0.2232999950647354
Training round: 352		accuracy = 0.39010000228881836
Training round: 353		accuracy = 0.18330000340938568
Training round: 354		accuracy = 0.14669999480247498
Training round: 355		accuracy = 0.3749000132083893
Training round: 356		accuracy = 0.23190000653266907
Training round: 357		accuracy = 0.5062999725341797
Training round: 358		accuracy = 0.349700003862381
Training round: 359		accuracy = 0.4936999976634979
Training round: 360		accuracy = 0.41280001401901245
Training round: 361		accuracy = 0.5109000205993652
Training round: 362		accuracy = 0.5138999819755554
Training round: 363		accuracy = 0.15459999442100525
Training round: 364		accuracy = 0.14509999752044678
Training round: 365		accuracy = 0.12919999659061432
Training round: 366		accuracy = 0.15410000085830688
Training round: 367		accuracy = 0.15160000324249268
Training round: 368		accuracy = 0.16300000250339508
Training round: 369		accuracy = 0.5012000203132629
Training round: 370		accuracy = 0.42660000920295715
Training round: 371		accuracy = 0.3869999945163727
Training round: 372		accuracy = 0.37779998779296875
Training round: 373		accuracy = 0.13089999556541443
Training round: 374		accuracy = 0.37630000710487366
Training round: 375		accuracy = 0.18700000643730164
Training round: 376		accuracy = 0.14259999990463257
Training round: 377		accuracy = 0.375900000333786
Training round: 378		accuracy = 0.3727000057697296
Training round: 379		accuracy = 0.5475000143051147
Training round: 380		accuracy = 0.38119998574256897
Training round: 381		accuracy = 0.21709999442100525
Training round: 382		accuracy = 0.15860000252723694
Training round: 383		accuracy = 0.12359999865293503
Training round: 384		accuracy = 0.4973999857902527
Training round: 385		accuracy = 0.4023999869823456
Training round: 386		accuracy = 0.3822000026702881
Training round: 387		accuracy = 0.5044000148773193
Training round: 388		accuracy = 0.49079999327659607
Training round: 389		accuracy = 0.1444000005722046
Training round: 390		accuracy = 0.4932999908924103
Training round: 391		accuracy = 0.38989999890327454
Training round: 392		accuracy = 0.1941000074148178
Training round: 393		accuracy = 0.3490999937057495
Training round: 394		accuracy = 0.19979999959468842
Training round: 395		accuracy = 0.5357000231742859
Training round: 396		accuracy = 0.38100001215934753
Training round: 397		accuracy = 0.4966000020503998
Training round: 398		accuracy = 0.4032999873161316
Training round: 399		accuracy = 0.5302000045776367
Training round: 400		accuracy = 0.42089998722076416
Training round: 401		accuracy = 0.5038999915122986
Training round: 402		accuracy = 0.17990000545978546
Training round: 403		accuracy = 0.4986000061035156
Training round: 404		accuracy = 0.5605999827384949
Training round: 405		accuracy = 0.5234000086784363
Training round: 406		accuracy = 0.541100025177002
Training round: 407		accuracy = 0.21940000355243683
Training round: 408		accuracy = 0.22280000150203705
Training round: 409		accuracy = 0.499099999666214
Training round: 410		accuracy = 0.5386000275611877
Training round: 411		accuracy = 0.18950000405311584
Training round: 412		accuracy = 0.3953999876976013
Training round: 413		accuracy = 0.517300009727478
Training round: 414		accuracy = 0.5185999870300293
Training round: 415		accuracy = 0.17679999768733978
Training round: 416		accuracy = 0.5396999716758728
Training round: 417		accuracy = 0.3921000063419342
Training round: 418		accuracy = 0.5329999923706055
Training round: 419		accuracy = 0.40720000863075256
Training round: 420		accuracy = 0.18240000307559967
Training round: 421		accuracy = 0.2071000039577484
Training round: 422		accuracy = 0.4147000014781952
Training round: 423		accuracy = 0.5023999810218811
Training round: 424		accuracy = 0.22519999742507935
Training round: 425		accuracy = 0.35280001163482666
Training round: 426		accuracy = 0.4986000061035156
Training round: 427		accuracy = 0.3952000141143799
Training round: 428		accuracy = 0.5407000184059143
Training round: 429		accuracy = 0.5212000012397766
Training round: 430		accuracy = 0.17579999566078186
Training round: 431		accuracy = 0.20440000295639038
Training round: 432		accuracy = 0.5566999912261963
Training round: 433		accuracy = 0.2214999943971634
Training round: 434		accuracy = 0.13439999520778656
Training round: 435		accuracy = 0.3747999966144562
Training round: 436		accuracy = 0.49779999256134033
Training round: 437		accuracy = 0.42640000581741333
Training round: 438		accuracy = 0.42410001158714294
Training round: 439		accuracy = 0.15839999914169312
Training round: 440		accuracy = 0.14900000393390656
Training round: 441		accuracy = 0.5059000253677368
Training round: 442		accuracy = 0.5095999836921692
Training round: 443		accuracy = 0.16410000622272491
Training round: 444		accuracy = 0.5044999718666077
Training round: 445		accuracy = 0.49810001254081726
Training round: 446		accuracy = 0.5525000095367432
Training round: 447		accuracy = 0.5486000180244446
Training round: 448		accuracy = 0.4185999929904938
Training round: 449		accuracy = 0.4032999873161316
Training round: 450		accuracy = 0.39660000801086426
Training round: 451		accuracy = 0.1387999951839447
Training round: 452		accuracy = 0.1785999983549118
Training round: 453		accuracy = 0.3052000105381012
Training round: 454		accuracy = 0.49380001425743103
Training round: 455		accuracy = 0.39570000767707825
Training round: 456		accuracy = 0.5604000091552734
Training round: 457		accuracy = 0.23589999973773956
Training round: 458		accuracy = 0.5152000188827515
Training round: 459		accuracy = 0.5076000094413757
Training round: 460		accuracy = 0.1720999926328659
Training round: 461		accuracy = 0.5134999752044678
Training round: 462		accuracy = 0.5044999718666077
Training round: 463		accuracy = 0.25049999356269836
Training round: 464		accuracy = 0.522599995136261
Training round: 465		accuracy = 0.42800000309944153
Training round: 466		accuracy = 0.5440000295639038
Training round: 467		accuracy = 0.16359999775886536
Training round: 468		accuracy = 0.2085999995470047
Training round: 469		accuracy = 0.16169999539852142
Training round: 470		accuracy = 0.5058000087738037
Training round: 471		accuracy = 0.4009000062942505
Training round: 472		accuracy = 0.5102999806404114
Training round: 473		accuracy = 0.5403000116348267
Training round: 474		accuracy = 0.5270000100135803
Training round: 475		accuracy = 0.4032000005245209
Training round: 476		accuracy = 0.20059999823570251
Training round: 477		accuracy = 0.1404999941587448
Training round: 478		accuracy = 0.5364999771118164
Training round: 479		accuracy = 0.21320000290870667
Training round: 480		accuracy = 0.5149999856948853
Training round: 481		accuracy = 0.1728000044822693
Training round: 482		accuracy = 0.13369999825954437
Training round: 483		accuracy = 0.5115000009536743
Training round: 484		accuracy = 0.22210000455379486
Training round: 485		accuracy = 0.4948999881744385
Training round: 486		accuracy = 0.16580000519752502
Training round: 487		accuracy = 0.5097000002861023
Training round: 488		accuracy = 0.23080000281333923
Training round: 489		accuracy = 0.5580999851226807
Training round: 490		accuracy = 0.22290000319480896
Training round: 491		accuracy = 0.5412999987602234
Training round: 492		accuracy = 0.22630000114440918
Training round: 493		accuracy = 0.5112000107765198
Training round: 494		accuracy = 0.17090000212192535
Training round: 495		accuracy = 0.5315999984741211
Training round: 496		accuracy = 0.21080000698566437
Training round: 497		accuracy = 0.14720000326633453
Training round: 498		accuracy = 0.20000000298023224
Training round: 499		accuracy = 0.5051000118255615
Training round: 500		accuracy = 0.40230000019073486
Training round: 501		accuracy = 0.5102999806404114
Training round: 502		accuracy = 0.18119999766349792
Training round: 503		accuracy = 0.1987999975681305
Training round: 504		accuracy = 0.15160000324249268
Training round: 505		accuracy = 0.5020999908447266
Training round: 506		accuracy = 0.5044000148773193
Training round: 507		accuracy = 0.5011000037193298
Training round: 508		accuracy = 0.5550000071525574
Training round: 509		accuracy = 0.5123000144958496
Training round: 510		accuracy = 0.44020000100135803
Training round: 511		accuracy = 0.21619999408721924
Training round: 512		accuracy = 0.1551000028848648
Training round: 513		accuracy = 0.14010000228881836
Training round: 514		accuracy = 0.5392000079154968
Training round: 515		accuracy = 0.40299999713897705
Training round: 516		accuracy = 0.1599999964237213
Training round: 517		accuracy = 0.5126000046730042
Training round: 518		accuracy = 0.40549999475479126
Training round: 519		accuracy = 0.2159000039100647
Training round: 520		accuracy = 0.34200000762939453
Training round: 521		accuracy = 0.38670000433921814
Training round: 522		accuracy = 0.5138000249862671
Training round: 523		accuracy = 0.5497000217437744
Training round: 524		accuracy = 0.4142000079154968
Training round: 525		accuracy = 0.557200014591217
Training round: 526		accuracy = 0.5461000204086304
Training round: 527		accuracy = 0.20970000326633453
Training round: 528		accuracy = 0.5576000213623047
Training round: 529		accuracy = 0.24570000171661377
Training round: 530		accuracy = 0.5210999846458435
Training round: 531		accuracy = 0.4108999967575073
Training round: 532		accuracy = 0.20440000295639038
Training round: 533		accuracy = 0.21150000393390656
Training round: 534		accuracy = 0.16500000655651093
Training round: 535		accuracy = 0.5443999767303467
Training round: 536		accuracy = 0.5024999976158142
Training round: 537		accuracy = 0.5217000246047974
Training round: 538		accuracy = 0.5473999977111816
Training round: 539		accuracy = 0.24480000138282776
Training round: 540		accuracy = 0.21780000627040863
Training round: 541		accuracy = 0.3815999925136566
Training round: 542		accuracy = 0.3653999865055084
Training round: 543		accuracy = 0.51910001039505
Training round: 544		accuracy = 0.503000020980835
Training round: 545		accuracy = 0.16290000081062317
Training round: 546		accuracy = 0.37459999322891235
Training round: 547		accuracy = 0.412200003862381
Training round: 548		accuracy = 0.515999972820282
Training round: 549		accuracy = 0.5178999900817871
Training round: 550		accuracy = 0.5234000086784363
Training round: 551		accuracy = 0.17739999294281006
Training round: 552		accuracy = 0.4957999885082245
Training round: 553		accuracy = 0.1565999984741211
Training round: 554		accuracy = 0.5085999965667725
Training round: 555		accuracy = 0.5205000042915344
Training round: 556		accuracy = 0.524399995803833
Training round: 557		accuracy = 0.5493999719619751
Training round: 558		accuracy = 0.39649999141693115
Training round: 559		accuracy = 0.16920000314712524
Training round: 560		accuracy = 0.1454000025987625
Training round: 561		accuracy = 0.14390000700950623
Training round: 562		accuracy = 0.20839999616146088
Training round: 563		accuracy = 0.33079999685287476
Training round: 564		accuracy = 0.41909998655319214
Training round: 565		accuracy = 0.20100000500679016
Training round: 566		accuracy = 0.5153999924659729
Training round: 567		accuracy = 0.39959999918937683
Training round: 568		accuracy = 0.21369999647140503
Training round: 569		accuracy = 0.5371000170707703
Training round: 570		accuracy = 0.39590001106262207
Training round: 571		accuracy = 0.5411999821662903
Training round: 572		accuracy = 0.14239999651908875
Training round: 573		accuracy = 0.14110000431537628
Training round: 574		accuracy = 0.374099999666214
Training round: 575		accuracy = 0.5378000140190125
Training round: 576		accuracy = 0.42800000309944153
Training round: 577		accuracy = 0.5163000226020813
Training round: 578		accuracy = 0.4059000015258789
Training round: 579		accuracy = 0.21279999613761902
Training round: 580		accuracy = 0.5403000116348267
Training round: 581		accuracy = 0.4011000096797943
Training round: 582		accuracy = 0.23240000009536743
Training round: 583		accuracy = 0.508899986743927
Training round: 584		accuracy = 0.40849998593330383
Training round: 585		accuracy = 0.37770000100135803
Training round: 586		accuracy = 0.5613999962806702
Training round: 587		accuracy = 0.4596000015735626
Training round: 588		accuracy = 0.5429999828338623
Training round: 589		accuracy = 0.40880000591278076
Training round: 590		accuracy = 0.5090000033378601
Training round: 591		accuracy = 0.38909998536109924
Training round: 592		accuracy = 0.40610000491142273
Training round: 593		accuracy = 0.3833000063896179
Training round: 594		accuracy = 0.548799991607666
Training round: 595		accuracy = 0.5464000105857849
Training round: 596		accuracy = 0.531499981880188
Training round: 597		accuracy = 0.38530001044273376
Training round: 598		accuracy = 0.17720000445842743
Training round: 599		accuracy = 0.20229999721050262
Training round: 600		accuracy = 0.51419997215271
Training round: 601		accuracy = 0.22579999268054962
Training round: 602		accuracy = 0.5115000009536743
Training round: 603		accuracy = 0.5615000128746033
Training round: 604		accuracy = 0.25060001015663147
Training round: 605		accuracy = 0.5389000177383423
Training round: 606		accuracy = 0.4023999869823456
Training round: 607		accuracy = 0.5277000069618225
Training round: 608		accuracy = 0.19269999861717224
Training round: 609		accuracy = 0.34940001368522644
Training round: 610		accuracy = 0.17550000548362732
Training round: 611		accuracy = 0.5214999914169312
Training round: 612		accuracy = 0.5081999897956848
Training round: 613		accuracy = 0.22130000591278076
Training round: 614		accuracy = 0.3905999958515167
Training round: 615		accuracy = 0.39739999175071716
Training round: 616		accuracy = 0.38499999046325684
Training round: 617		accuracy = 0.17829999327659607
Training round: 618		accuracy = 0.5101000070571899
Training round: 619		accuracy = 0.15449999272823334
Training round: 620		accuracy = 0.20479999482631683
Training round: 621		accuracy = 0.20810000598430634
Training round: 622		accuracy = 0.19709999859333038
Training round: 623		accuracy = 0.5389999747276306
Training round: 624		accuracy = 0.23980000615119934
Training round: 625		accuracy = 0.5619999766349792
Training round: 626		accuracy = 0.42320001125335693
Training round: 627		accuracy = 0.5511000156402588
Training round: 628		accuracy = 0.20409999787807465
Training round: 629		accuracy = 0.21969999372959137
Training round: 630		accuracy = 0.5485000014305115
Training round: 631		accuracy = 0.42340001463890076
Training round: 632		accuracy = 0.5134000182151794
Training round: 633		accuracy = 0.5099999904632568
Training round: 634		accuracy = 0.39419999718666077
Training round: 635		accuracy = 0.5164999961853027
Training round: 636		accuracy = 0.2092999964952469
Training round: 637		accuracy = 0.20890000462532043
Training round: 638		accuracy = 0.5108000040054321
Training round: 639		accuracy = 0.5467000007629395
Training round: 640		accuracy = 0.5625
Training round: 641		accuracy = 0.20600000023841858
Training round: 642		accuracy = 0.5206000208854675
Training round: 643		accuracy = 0.4077000021934509
Training round: 644		accuracy = 0.4101000130176544
Training round: 645		accuracy = 0.2223999947309494
Training round: 646		accuracy = 0.23749999701976776
Training round: 647		accuracy = 0.3783000111579895
Training round: 648		accuracy = 0.387800008058548
Training round: 649		accuracy = 0.5633000135421753
Training round: 650		accuracy = 0.18140000104904175
Training round: 651		accuracy = 0.3781000077724457
Training round: 652		accuracy = 0.2354000061750412
Training round: 653		accuracy = 0.5037000179290771
Training round: 654		accuracy = 0.4065000116825104
Training round: 655		accuracy = 0.3894999921321869
Training round: 656		accuracy = 0.2295999974012375
Training round: 657		accuracy = 0.1648000031709671
Training round: 658		accuracy = 0.3865000009536743
Training round: 659		accuracy = 0.5490000247955322
Training round: 660		accuracy = 0.42730000615119934
Training round: 661		accuracy = 0.21209999918937683
Training round: 662		accuracy = 0.3937999904155731
Training round: 663		accuracy = 0.520799994468689
Training round: 664		accuracy = 0.5479999780654907
Training round: 665		accuracy = 0.39250001311302185
Training round: 666		accuracy = 0.23829999566078186
Training round: 667		accuracy = 0.3847000002861023
Training round: 668		accuracy = 0.5680000185966492
Training round: 669		accuracy = 0.26159998774528503
Training round: 670		accuracy = 0.1808999925851822
Training round: 671		accuracy = 0.39419999718666077
Training round: 672		accuracy = 0.2198999971151352
Training round: 673		accuracy = 0.51419997215271
Training round: 674		accuracy = 0.5393000245094299
Training round: 675		accuracy = 0.5203999876976013
Training round: 676		accuracy = 0.5127999782562256
Training round: 677		accuracy = 0.3955000042915344
Training round: 678		accuracy = 0.22660000622272491
Training round: 679		accuracy = 0.5121999979019165
Training round: 680		accuracy = 0.39070001244544983
Training round: 681		accuracy = 0.1860000044107437
Training round: 682		accuracy = 0.5389999747276306
Training round: 683		accuracy = 0.19110000133514404
Training round: 684		accuracy = 0.5618000030517578
Training round: 685		accuracy = 0.17710000276565552
Training round: 686		accuracy = 0.5102999806404114
Training round: 687		accuracy = 0.5236999988555908
Training round: 688		accuracy = 0.21140000224113464
Training round: 689		accuracy = 0.5569000244140625
Training round: 690		accuracy = 0.27239999175071716
Training round: 691		accuracy = 0.35690000653266907
Training round: 692		accuracy = 0.38109999895095825
Training round: 693		accuracy = 0.39329999685287476
Training round: 694		accuracy = 0.35749998688697815
Training round: 695		accuracy = 0.17270000278949738
Training round: 696		accuracy = 0.3837999999523163
Training round: 697		accuracy = 0.5426999926567078
Training round: 698		accuracy = 0.5202000141143799
Training round: 699		accuracy = 0.41119998693466187
Training round: 700		accuracy = 0.571399986743927
Training round: 701		accuracy = 0.43639999628067017
Training round: 702		accuracy = 0.5601999759674072
Training round: 703		accuracy = 0.18250000476837158
Training round: 704		accuracy = 0.3626999855041504
Training round: 705		accuracy = 0.5148000121116638
Training round: 706		accuracy = 0.18160000443458557
Training round: 707		accuracy = 0.4056999981403351
Training round: 708		accuracy = 0.3813000023365021
Training round: 709		accuracy = 0.22589999437332153
Training round: 710		accuracy = 0.18240000307559967
Training round: 711		accuracy = 0.33250001072883606
Training round: 712		accuracy = 0.39489999413490295
Training round: 713		accuracy = 0.3693000078201294
Training round: 714		accuracy = 0.23280000686645508
Training round: 715		accuracy = 0.5436000227928162
Training round: 716		accuracy = 0.20069999992847443
Training round: 717		accuracy = 0.508400022983551
Training round: 718		accuracy = 0.3903999924659729
Training round: 719		accuracy = 0.38999998569488525
Training round: 720		accuracy = 0.23000000417232513
Training round: 721		accuracy = 0.37940001487731934
Training round: 722		accuracy = 0.5188000202178955
Training round: 723		accuracy = 0.3749000132083893
Training round: 724		accuracy = 0.1979999989271164
Training round: 725		accuracy = 0.3865000009536743
Training round: 726		accuracy = 0.5228000283241272
Training round: 727		accuracy = 0.40619999170303345
Training round: 728		accuracy = 0.5188000202178955
Training round: 729		accuracy = 0.23190000653266907
Training round: 730		accuracy = 0.5177000164985657
Training round: 731		accuracy = 0.5145000219345093
Training round: 732		accuracy = 0.38920000195503235
Training round: 733		accuracy = 0.37860000133514404
Training round: 734		accuracy = 0.38269999623298645
Training round: 735		accuracy = 0.22550000250339508
Training round: 736		accuracy = 0.22579999268054962
Training round: 737		accuracy = 0.20360000431537628
Training round: 738		accuracy = 0.16210000216960907
Training round: 739		accuracy = 0.5418000221252441
Training round: 740		accuracy = 0.3847000002861023
Training round: 741		accuracy = 0.22599999606609344
Training round: 742		accuracy = 0.22419999539852142
Training round: 743		accuracy = 0.5644000172615051
Training round: 744		accuracy = 0.41690000891685486
Training round: 745		accuracy = 0.5196999907493591
Training round: 746		accuracy = 0.4359999895095825
Training round: 747		accuracy = 0.2628999948501587
Training round: 748		accuracy = 0.20149999856948853
Training round: 749		accuracy = 0.21369999647140503
Training round: 750		accuracy = 0.17430000007152557
Training round: 751		accuracy = 0.16380000114440918
Training round: 752		accuracy = 0.5134999752044678
Training round: 753		accuracy = 0.5467000007629395
Training round: 754		accuracy = 0.38909998536109924
Training round: 755		accuracy = 0.5105000138282776
Training round: 756		accuracy = 0.5658000111579895
Training round: 757		accuracy = 0.5174000263214111
Training round: 758		accuracy = 0.2502000033855438
Training round: 759		accuracy = 0.542900025844574
Training round: 760		accuracy = 0.515500009059906
Training round: 761		accuracy = 0.521399974822998
Training round: 762		accuracy = 0.26440000534057617
Training round: 763		accuracy = 0.3630000054836273
Training round: 764		accuracy = 0.5444999933242798
Training round: 765		accuracy = 0.43209999799728394
Training round: 766		accuracy = 0.24650000035762787
Training round: 767		accuracy = 0.5443999767303467
Training round: 768		accuracy = 0.5206000208854675
Training round: 769		accuracy = 0.5153999924659729
Training round: 770		accuracy = 0.23340000212192535
Training round: 771		accuracy = 0.36550000309944153
Training round: 772		accuracy = 0.5156999826431274
Training round: 773		accuracy = 0.38989999890327454
Training round: 774		accuracy = 0.41269999742507935
Training round: 775		accuracy = 0.532800018787384
Training round: 776		accuracy = 0.414000004529953
Training round: 777		accuracy = 0.22529999911785126
Training round: 778		accuracy = 0.3776000142097473
Training round: 779		accuracy = 0.23749999701976776
Training round: 780		accuracy = 0.1800999939441681
Training round: 781		accuracy = 0.17430000007152557
Training round: 782		accuracy = 0.3260999917984009
Training round: 783		accuracy = 0.20649999380111694
Training round: 784		accuracy = 0.5042999982833862
Training round: 785		accuracy = 0.21870000660419464
Training round: 786		accuracy = 0.5141000151634216
Training round: 787		accuracy = 0.5184999704360962
Training round: 788		accuracy = 0.2393999993801117
Training round: 789		accuracy = 0.17110000550746918
Training round: 790		accuracy = 0.3691999912261963
Training round: 791		accuracy = 0.5436000227928162
Training round: 792		accuracy = 0.2321999967098236
Training round: 793		accuracy = 0.3815000057220459
Training round: 794		accuracy = 0.5383999943733215
Training round: 795		accuracy = 0.40220001339912415
Training round: 796		accuracy = 0.22010000050067902
Training round: 797		accuracy = 0.2094999998807907
Training round: 798		accuracy = 0.40619999170303345
Training round: 799		accuracy = 0.524399995803833
Training round: 800		accuracy = 0.3984000086784363
Training round: 801		accuracy = 0.181099995970726
Training round: 802		accuracy = 0.5196999907493591
Training round: 803		accuracy = 0.16699999570846558
Training round: 804		accuracy = 0.4984000027179718
Training round: 805		accuracy = 0.23649999499320984
Training round: 806		accuracy = 0.22050000727176666
Training round: 807		accuracy = 0.2273000031709671
Training round: 808		accuracy = 0.5077999830245972
Training round: 809		accuracy = 0.41119998693466187
Training round: 810		accuracy = 0.20550000667572021
Training round: 811		accuracy = 0.3962000012397766
Training round: 812		accuracy = 0.5110999941825867
Training round: 813		accuracy = 0.17509999871253967
Training round: 814		accuracy = 0.5415999889373779
Training round: 815		accuracy = 0.5113999843597412
Training round: 816		accuracy = 0.2303999960422516
Training round: 817		accuracy = 0.551800012588501
Training round: 818		accuracy = 0.5555999875068665
Training round: 819		accuracy = 0.5252000093460083
Training round: 820		accuracy = 0.20739999413490295
Training round: 821		accuracy = 0.5591999888420105
Training round: 822		accuracy = 0.5333999991416931
Training round: 823		accuracy = 0.5152000188827515
Training round: 824		accuracy = 0.5313000082969666
Training round: 825		accuracy = 0.5138000249862671
Training round: 826		accuracy = 0.40230000019073486
Training round: 827		accuracy = 0.4230000078678131
Training round: 828		accuracy = 0.5504000186920166
Training round: 829		accuracy = 0.5547999739646912
Training round: 830		accuracy = 0.5601999759674072
Training round: 831		accuracy = 0.5713000297546387
Training round: 832		accuracy = 0.22849999368190765
Training round: 833		accuracy = 0.18889999389648438
Training round: 834		accuracy = 0.5156999826431274
Training round: 835		accuracy = 0.4108000099658966
Training round: 836		accuracy = 0.5264000296592712
Training round: 837		accuracy = 0.5322999954223633
Training round: 838		accuracy = 0.24660000205039978
Training round: 839		accuracy = 0.5408999919891357
Training round: 840		accuracy = 0.4189999997615814
Training round: 841		accuracy = 0.2224999964237213
Training round: 842		accuracy = 0.3720000088214874
Training round: 843		accuracy = 0.5221999883651733
Training round: 844		accuracy = 0.40369999408721924
Training round: 845		accuracy = 0.392300009727478
Training round: 846		accuracy = 0.19290000200271606
Training round: 847		accuracy = 0.3862000107765198
Training round: 848		accuracy = 0.5228000283241272
Training round: 849		accuracy = 0.5508999824523926
Training round: 850		accuracy = 0.5455999970436096
Training round: 851		accuracy = 0.39329999685287476
Training round: 852		accuracy = 0.40209999680519104
Training round: 853		accuracy = 0.5755000114440918
Training round: 854		accuracy = 0.4472000002861023
Training round: 855		accuracy = 0.41620001196861267
Training round: 856		accuracy = 0.5508999824523926
Training round: 857		accuracy = 0.4056999981403351
Training round: 858		accuracy = 0.18449999392032623
Training round: 859		accuracy = 0.5164999961853027
Training round: 860		accuracy = 0.5189999938011169
Training round: 861		accuracy = 0.5281000137329102
Training round: 862		accuracy = 0.40149998664855957
Training round: 863		accuracy = 0.5291000008583069
Training round: 864		accuracy = 0.5582000017166138
Training round: 865		accuracy = 0.24490000307559967
Training round: 866		accuracy = 0.21969999372959137
Training round: 867		accuracy = 0.17710000276565552
Training round: 868		accuracy = 0.40130001306533813
Training round: 869		accuracy = 0.22930000722408295
Training round: 870		accuracy = 0.17219999432563782
Training round: 871		accuracy = 0.5479000210762024
Training round: 872		accuracy = 0.39800000190734863
Training round: 873		accuracy = 0.5216000080108643
Training round: 874		accuracy = 0.4147000014781952
Training round: 875		accuracy = 0.42739999294281006
Training round: 876		accuracy = 0.2345000058412552
Training round: 877		accuracy = 0.5199999809265137
Training round: 878		accuracy = 0.3799999952316284
Training round: 879		accuracy = 0.1898999959230423
Training round: 880		accuracy = 0.40860000252723694
Training round: 881		accuracy = 0.5185999870300293
Training round: 882		accuracy = 0.5253000259399414
Training round: 883		accuracy = 0.5676000118255615
Training round: 884		accuracy = 0.526199996471405
Training round: 885		accuracy = 0.4223000109195709
Training round: 886		accuracy = 0.2045000046491623
Training round: 887		accuracy = 0.21539999544620514
Training round: 888		accuracy = 0.21449999511241913
Training round: 889		accuracy = 0.34860000014305115
Training round: 890		accuracy = 0.5099999904632568
Training round: 891		accuracy = 0.21220000088214874
Training round: 892		accuracy = 0.5202999711036682
Training round: 893		accuracy = 0.23729999363422394
Training round: 894		accuracy = 0.19439999759197235
Training round: 895		accuracy = 0.5586000084877014
Training round: 896		accuracy = 0.24490000307559967
Training round: 897		accuracy = 0.22830000519752502
Training round: 898		accuracy = 0.41679999232292175
Training round: 899		accuracy = 0.5605999827384949
Training round: 900		accuracy = 0.5271999835968018
Training round: 901		accuracy = 0.2386000007390976
Training round: 902		accuracy = 0.23739999532699585
Training round: 903		accuracy = 0.18389999866485596
Training round: 904		accuracy = 0.5467000007629395
Training round: 905		accuracy = 0.24060000479221344
Training round: 906		accuracy = 0.1860000044107437
Training round: 907		accuracy = 0.3709999918937683
Training round: 908		accuracy = 0.19030000269412994
Training round: 909		accuracy = 0.5123000144958496
Training round: 910		accuracy = 0.22709999978542328
Training round: 911		accuracy = 0.5091999769210815
Training round: 912		accuracy = 0.21789999306201935
Training round: 913		accuracy = 0.17659999430179596
Training round: 914		accuracy = 0.3467000126838684
Training round: 915		accuracy = 0.515999972820282
Training round: 916		accuracy = 0.5462999939918518
Training round: 917		accuracy = 0.4275999963283539
Training round: 918		accuracy = 0.22619999945163727
Training round: 919		accuracy = 0.5120999813079834
Training round: 920		accuracy = 0.4000999927520752
Training round: 921		accuracy = 0.37779998779296875
Training round: 922		accuracy = 0.5199000239372253
Training round: 923		accuracy = 0.24040000140666962
Training round: 924		accuracy = 0.18000000715255737
Training round: 925		accuracy = 0.15230000019073486
Training round: 926		accuracy = 0.3677000105381012
Training round: 927		accuracy = 0.35190001130104065
Training round: 928		accuracy = 0.38960000872612
Training round: 929		accuracy = 0.399399995803833
Training round: 930		accuracy = 0.35920000076293945
Training round: 931		accuracy = 0.17579999566078186
Training round: 932		accuracy = 0.3465000092983246
Training round: 933		accuracy = 0.5146999955177307
Training round: 934		accuracy = 0.38670000433921814
Training round: 935		accuracy = 0.5188999772071838
Training round: 936		accuracy = 0.5299000144004822
Training round: 937		accuracy = 0.5655999779701233
Training round: 938		accuracy = 0.2533000111579895
Training round: 939		accuracy = 0.19370000064373016
Training round: 940		accuracy = 0.17430000007152557
Training round: 941		accuracy = 0.546999990940094
Training round: 942		accuracy = 0.40610000491142273
Training round: 943		accuracy = 0.5512999892234802
Training round: 944		accuracy = 0.19349999725818634
Training round: 945		accuracy = 0.5468999743461609
Training round: 946		accuracy = 0.19539999961853027
Training round: 947		accuracy = 0.20020000636577606
Training round: 948		accuracy = 0.17720000445842743
Training round: 949		accuracy = 0.37220001220703125
Training round: 950		accuracy = 0.37369999289512634
Training round: 951		accuracy = 0.36980000138282776
Training round: 952		accuracy = 0.3855000138282776
Training round: 953		accuracy = 0.24330000579357147
Training round: 954		accuracy = 0.19370000064373016
Training round: 955		accuracy = 0.374099999666214
Training round: 956		accuracy = 0.20880000293254852
Training round: 957		accuracy = 0.37299999594688416
Training round: 958		accuracy = 0.37560001015663147
Training round: 959		accuracy = 0.38510000705718994
Training round: 960		accuracy = 0.5450000166893005
Training round: 961		accuracy = 0.2460000067949295
Training round: 962		accuracy = 0.19920000433921814
Training round: 963		accuracy = 0.3637000024318695
Training round: 964		accuracy = 0.5
Training round: 965		accuracy = 0.5049999952316284
Training round: 966		accuracy = 0.3840999901294708
Training round: 967		accuracy = 0.5200999975204468
Training round: 968		accuracy = 0.5175999999046326
Training round: 969		accuracy = 0.2370000034570694
Training round: 970		accuracy = 0.382099986076355
Training round: 971		accuracy = 0.5631999969482422
Training round: 972		accuracy = 0.26510000228881836
Training round: 973		accuracy = 0.5177000164985657
Training round: 974		accuracy = 0.2443999946117401
Training round: 975		accuracy = 0.5088000297546387
Training round: 976		accuracy = 0.38339999318122864
Training round: 977		accuracy = 0.39750000834465027
Training round: 978		accuracy = 0.5447999835014343
Training round: 979		accuracy = 0.4359999895095825
Training round: 980		accuracy = 0.3930000066757202
Training round: 981		accuracy = 0.5476999878883362
Training round: 982		accuracy = 0.2615000009536743
Training round: 983		accuracy = 0.18400000035762787
Training round: 984		accuracy = 0.5189999938011169
Training round: 985		accuracy = 0.2273000031709671
Training round: 986		accuracy = 0.552299976348877
Training round: 987		accuracy = 0.42399999499320984
Training round: 988		accuracy = 0.3946000039577484
Training round: 989		accuracy = 0.17299999296665192
Training round: 990		accuracy = 0.40070000290870667
Training round: 991		accuracy = 0.3718999922275543
Training round: 992		accuracy = 0.23019999265670776
Training round: 993		accuracy = 0.20350000262260437
Training round: 994		accuracy = 0.3449999988079071
Training round: 995		accuracy = 0.3684999942779541
Training round: 996		accuracy = 0.5213000178337097
Training round: 997		accuracy = 0.554099977016449
Training round: 998		accuracy = 0.21969999372959137
Training round: 999		accuracy = 0.5760999917984009
Training round: 1000		accuracy = 0.2662000060081482
Training duration 9896.516457796097
