2021-08-11 05:09:21.068775: I tensorflow/stream_executor/platform/default/dso_loader.cc:49] Successfully opened dynamic library libcudart.so.11.0
2021-08-11 05:09:24.111995: I tensorflow/compiler/jit/xla_cpu_device.cc:41] Not creating XLA devices, tf_xla_enable_xla_devices not set
2021-08-11 05:09:24.114740: I tensorflow/stream_executor/platform/default/dso_loader.cc:49] Successfully opened dynamic library libcuda.so.1
2021-08-11 05:09:24.164318: I tensorflow/core/common_runtime/gpu/gpu_device.cc:1720] Found device 0 with properties: 
pciBusID: 0000:1c:00.0 name: Tesla V100-SXM2-16GB computeCapability: 7.0
coreClock: 1.53GHz coreCount: 80 deviceMemorySize: 15.78GiB deviceMemoryBandwidth: 836.37GiB/s
2021-08-11 05:09:24.164381: I tensorflow/stream_executor/platform/default/dso_loader.cc:49] Successfully opened dynamic library libcudart.so.11.0
2021-08-11 05:09:24.182006: I tensorflow/stream_executor/platform/default/dso_loader.cc:49] Successfully opened dynamic library libcublas.so.11
2021-08-11 05:09:24.182087: I tensorflow/stream_executor/platform/default/dso_loader.cc:49] Successfully opened dynamic library libcublasLt.so.11
2021-08-11 05:09:24.186157: I tensorflow/stream_executor/platform/default/dso_loader.cc:49] Successfully opened dynamic library libcufft.so.10
2021-08-11 05:09:24.187680: I tensorflow/stream_executor/platform/default/dso_loader.cc:49] Successfully opened dynamic library libcurand.so.10
2021-08-11 05:09:24.194598: I tensorflow/stream_executor/platform/default/dso_loader.cc:49] Successfully opened dynamic library libcusolver.so.10
2021-08-11 05:09:24.196057: I tensorflow/stream_executor/platform/default/dso_loader.cc:49] Successfully opened dynamic library libcusparse.so.11
2021-08-11 05:09:24.196520: I tensorflow/stream_executor/platform/default/dso_loader.cc:49] Successfully opened dynamic library libcudnn.so.8
2021-08-11 05:09:24.198164: I tensorflow/core/common_runtime/gpu/gpu_device.cc:1862] Adding visible gpu devices: 0
2021-08-11 05:09:24.198873: I tensorflow/core/platform/cpu_feature_guard.cc:142] This TensorFlow binary is optimized with oneAPI Deep Neural Network Library (oneDNN) to use the following CPU instructions in performance-critical operations:  AVX2 AVX512F FMA
To enable them in other operations, rebuild TensorFlow with the appropriate compiler flags.
2021-08-11 05:09:24.199119: I tensorflow/compiler/jit/xla_gpu_device.cc:99] Not creating XLA devices, tf_xla_enable_xla_devices not set
2021-08-11 05:09:24.199985: I tensorflow/core/common_runtime/gpu/gpu_device.cc:1720] Found device 0 with properties: 
pciBusID: 0000:1c:00.0 name: Tesla V100-SXM2-16GB computeCapability: 7.0
coreClock: 1.53GHz coreCount: 80 deviceMemorySize: 15.78GiB deviceMemoryBandwidth: 836.37GiB/s
2021-08-11 05:09:24.200014: I tensorflow/stream_executor/platform/default/dso_loader.cc:49] Successfully opened dynamic library libcudart.so.11.0
2021-08-11 05:09:24.200031: I tensorflow/stream_executor/platform/default/dso_loader.cc:49] Successfully opened dynamic library libcublas.so.11
2021-08-11 05:09:24.200044: I tensorflow/stream_executor/platform/default/dso_loader.cc:49] Successfully opened dynamic library libcublasLt.so.11
2021-08-11 05:09:24.200057: I tensorflow/stream_executor/platform/default/dso_loader.cc:49] Successfully opened dynamic library libcufft.so.10
2021-08-11 05:09:24.200070: I tensorflow/stream_executor/platform/default/dso_loader.cc:49] Successfully opened dynamic library libcurand.so.10
2021-08-11 05:09:24.200083: I tensorflow/stream_executor/platform/default/dso_loader.cc:49] Successfully opened dynamic library libcusolver.so.10
2021-08-11 05:09:24.200095: I tensorflow/stream_executor/platform/default/dso_loader.cc:49] Successfully opened dynamic library libcusparse.so.11
2021-08-11 05:09:24.200108: I tensorflow/stream_executor/platform/default/dso_loader.cc:49] Successfully opened dynamic library libcudnn.so.8
2021-08-11 05:09:24.201658: I tensorflow/core/common_runtime/gpu/gpu_device.cc:1862] Adding visible gpu devices: 0
2021-08-11 05:09:24.201704: I tensorflow/stream_executor/platform/default/dso_loader.cc:49] Successfully opened dynamic library libcudart.so.11.0
2021-08-11 05:09:24.781054: I tensorflow/core/common_runtime/gpu/gpu_device.cc:1261] Device interconnect StreamExecutor with strength 1 edge matrix:
2021-08-11 05:09:24.781116: I tensorflow/core/common_runtime/gpu/gpu_device.cc:1267]      0 
2021-08-11 05:09:24.781129: I tensorflow/core/common_runtime/gpu/gpu_device.cc:1280] 0:   N 
2021-08-11 05:09:24.783578: I tensorflow/core/common_runtime/gpu/gpu_device.cc:1406] Created TensorFlow device (/job:localhost/replica:0/task:0/device:GPU:0 with 14761 MB memory) -> physical GPU (device: 0, name: Tesla V100-SXM2-16GB, pci bus id: 0000:1c:00.0, compute capability: 7.0)
2021-08-11 05:09:25.279794: I tensorflow/compiler/mlir/mlir_graph_optimization_pass.cc:116] None of the MLIR optimization passes are enabled (registered 2)
2021-08-11 05:09:25.280475: I tensorflow/core/platform/profile_utils/cpu_utils.cc:112] CPU Frequency: 2400000000 Hz
2021-08-11 05:09:25.679422: I tensorflow/stream_executor/platform/default/dso_loader.cc:49] Successfully opened dynamic library libcublas.so.11
2021-08-11 05:09:26.099529: I tensorflow/stream_executor/platform/default/dso_loader.cc:49] Successfully opened dynamic library libcublasLt.so.11
2021-08-11 05:09:26.101536: I tensorflow/stream_executor/platform/default/dso_loader.cc:49] Successfully opened dynamic library libcudnn.so.8
2021-08-11 05:09:28.173304: W tensorflow/stream_executor/gpu/asm_compiler.cc:63] Running ptxas --version returned 256
2021-08-11 05:09:28.220670: W tensorflow/stream_executor/gpu/redzone_allocator.cc:314] Internal: ptxas exited with non-zero error code 256, output: 
Relying on driver to perform ptx compilation. 
Modify $PATH to customize ptxas location.
This message will be only logged once.
Training round: 1		accuracy = 0.10000000149011612
Training round: 2		accuracy = 0.10000000149011612
Training round: 3		accuracy = 0.10000000149011612
Training round: 4		accuracy = 0.10000000149011612
Training round: 5		accuracy = 0.10000000149011612
Training round: 6		accuracy = 0.10000000149011612
Training round: 7		accuracy = 0.10000000149011612
Training round: 8		accuracy = 0.12919999659061432
Training round: 9		accuracy = 0.13740000128746033
Training round: 10		accuracy = 0.10589999705553055
Training round: 11		accuracy = 0.1371999979019165
Training round: 12		accuracy = 0.1518000066280365
Training round: 13		accuracy = 0.1362999975681305
Training round: 14		accuracy = 0.15860000252723694
Training round: 15		accuracy = 0.10369999706745148
Training round: 16		accuracy = 0.14869999885559082
Training round: 17		accuracy = 0.1152999997138977
Training round: 18		accuracy = 0.10809999704360962
Training round: 19		accuracy = 0.13249999284744263
Training round: 20		accuracy = 0.13040000200271606
Training round: 21		accuracy = 0.12359999865293503
Training round: 22		accuracy = 0.1535000056028366
Training round: 23		accuracy = 0.11479999870061874
Training round: 24		accuracy = 0.21809999644756317
Training round: 25		accuracy = 0.226500004529953
Training round: 26		accuracy = 0.19709999859333038
Training round: 27		accuracy = 0.20749999582767487
Training round: 28		accuracy = 0.19589999318122864
Training round: 29		accuracy = 0.19910000264644623
Training round: 30		accuracy = 0.15719999372959137
Training round: 31		accuracy = 0.15889999270439148
Training round: 32		accuracy = 0.21089999377727509
Training round: 33		accuracy = 0.14480000734329224
Training round: 34		accuracy = 0.11240000277757645
Training round: 35		accuracy = 0.25110000371932983
Training round: 36		accuracy = 0.21639999747276306
Training round: 37		accuracy = 0.2102999985218048
Training round: 38		accuracy = 0.22139999270439148
Training round: 39		accuracy = 0.27410000562667847
Training round: 40		accuracy = 0.21469999849796295
Training round: 41		accuracy = 0.17890000343322754
Training round: 42		accuracy = 0.14839999377727509
Training round: 43		accuracy = 0.2547999918460846
Training round: 44		accuracy = 0.259799987077713
Training round: 45		accuracy = 0.31450000405311584
Training round: 46		accuracy = 0.2558000087738037
Training round: 47		accuracy = 0.22990000247955322
Training round: 48		accuracy = 0.3165999948978424
Training round: 49		accuracy = 0.2948000133037567
Training round: 50		accuracy = 0.31610000133514404
Training round: 51		accuracy = 0.1729000061750412
Training round: 52		accuracy = 0.25049999356269836
Training round: 53		accuracy = 0.25200000405311584
Training round: 54		accuracy = 0.226500004529953
Training round: 55		accuracy = 0.2784999907016754
Training round: 56		accuracy = 0.20990000665187836
Training round: 57		accuracy = 0.2874000072479248
Training round: 58		accuracy = 0.2264000028371811
Training round: 59		accuracy = 0.3416000008583069
Training round: 60		accuracy = 0.3569999933242798
Training round: 61		accuracy = 0.22059999406337738
Training round: 62		accuracy = 0.22130000591278076
Training round: 63		accuracy = 0.26840001344680786
Training round: 64		accuracy = 0.2989000082015991
Training round: 65		accuracy = 0.22139999270439148
Training round: 66		accuracy = 0.22370000183582306
Training round: 67		accuracy = 0.31360000371932983
Training round: 68		accuracy = 0.29760000109672546
Training round: 69		accuracy = 0.26010000705718994
Training round: 70		accuracy = 0.335999995470047
Training round: 71		accuracy = 0.33709999918937683
Training round: 72		accuracy = 0.34689998626708984
Training round: 73		accuracy = 0.2928999960422516
Training round: 74		accuracy = 0.20250000059604645
Training round: 75		accuracy = 0.3840999901294708
Training round: 76		accuracy = 0.25209999084472656
Training round: 77		accuracy = 0.3149999976158142
Training round: 78		accuracy = 0.27459999918937683
Training round: 79		accuracy = 0.320499986410141
Training round: 80		accuracy = 0.23100000619888306
Training round: 81		accuracy = 0.2994000017642975
Training round: 82		accuracy = 0.24130000174045563
Training round: 83		accuracy = 0.2538999915122986
Training round: 84		accuracy = 0.26829999685287476
Training round: 85		accuracy = 0.3580999970436096
Training round: 86		accuracy = 0.3628000020980835
Training round: 87		accuracy = 0.32030001282691956
Training round: 88		accuracy = 0.328000009059906
Training round: 89		accuracy = 0.314300000667572
Training round: 90		accuracy = 0.2985000014305115
Training round: 91		accuracy = 0.2978000044822693
Training round: 92		accuracy = 0.33899998664855957
Training round: 93		accuracy = 0.3790999948978424
Training round: 94		accuracy = 0.3515999913215637
Training round: 95		accuracy = 0.35199999809265137
Training round: 96		accuracy = 0.3181000053882599
Training round: 97		accuracy = 0.32499998807907104
Training round: 98		accuracy = 0.35839998722076416
Training round: 99		accuracy = 0.24959999322891235
Training round: 100		accuracy = 0.3598000109195709
Training round: 101		accuracy = 0.36559998989105225
Training round: 102		accuracy = 0.23659999668598175
Training round: 103		accuracy = 0.34369999170303345
Training round: 104		accuracy = 0.37059998512268066
Training round: 105		accuracy = 0.3416999876499176
Training round: 106		accuracy = 0.2824000120162964
Training round: 107		accuracy = 0.374099999666214
Training round: 108		accuracy = 0.3098999857902527
Training round: 109		accuracy = 0.361299991607666
Training round: 110		accuracy = 0.3434000015258789
Training round: 111		accuracy = 0.35420000553131104
Training round: 112		accuracy = 0.3874000012874603
Training round: 113		accuracy = 0.3968000113964081
Training round: 114		accuracy = 0.3725000023841858
Training round: 115		accuracy = 0.40849998593330383
Training round: 116		accuracy = 0.4077000021934509
Training round: 117		accuracy = 0.40059998631477356
Training round: 118		accuracy = 0.40230000019073486
Training round: 119		accuracy = 0.3797000050544739
Training round: 120		accuracy = 0.31869998574256897
Training round: 121		accuracy = 0.38690000772476196
Training round: 122		accuracy = 0.42170000076293945
Training round: 123		accuracy = 0.40700000524520874
Training round: 124		accuracy = 0.41690000891685486
Training round: 125		accuracy = 0.325300008058548
Training round: 126		accuracy = 0.2606000006198883
Training round: 127		accuracy = 0.3874000012874603
Training round: 128		accuracy = 0.35519999265670776
Training round: 129		accuracy = 0.4074000120162964
Training round: 130		accuracy = 0.34299999475479126
Training round: 131		accuracy = 0.27219998836517334
Training round: 132		accuracy = 0.3797000050544739
Training round: 133		accuracy = 0.4198000133037567
Training round: 134		accuracy = 0.38999998569488525
Training round: 135		accuracy = 0.4388999938964844
Training round: 136		accuracy = 0.35659998655319214
Training round: 137		accuracy = 0.2816999852657318
Training round: 138		accuracy = 0.41429999470710754
Training round: 139		accuracy = 0.3513999879360199
Training round: 140		accuracy = 0.4401000142097473
Training round: 141		accuracy = 0.4458000063896179
Training round: 142		accuracy = 0.4359999895095825
Training round: 143		accuracy = 0.4341000020503998
Training round: 144		accuracy = 0.4357999861240387
Training round: 145		accuracy = 0.4025999903678894
Training round: 146		accuracy = 0.4237000048160553
Training round: 147		accuracy = 0.4422000050544739
Training round: 148		accuracy = 0.38989999890327454
Training round: 149		accuracy = 0.365200012922287
Training round: 150		accuracy = 0.3824000060558319
Training round: 151		accuracy = 0.40799999237060547
Training round: 152		accuracy = 0.40549999475479126
Training round: 153		accuracy = 0.41040000319480896
Training round: 154		accuracy = 0.4230000078678131
Training round: 155		accuracy = 0.2897000014781952
Training round: 156		accuracy = 0.4327000081539154
Training round: 157		accuracy = 0.4512999951839447
Training round: 158		accuracy = 0.4097999930381775
Training round: 159		accuracy = 0.4253000020980835
Training round: 160		accuracy = 0.43309998512268066
Training round: 161		accuracy = 0.4251999855041504
Training round: 162		accuracy = 0.413100004196167
Training round: 163		accuracy = 0.42969998717308044
Training round: 164		accuracy = 0.44999998807907104
Training round: 165		accuracy = 0.2605000138282776
Training round: 166		accuracy = 0.3391999900341034
Training round: 167		accuracy = 0.40619999170303345
Training round: 168		accuracy = 0.46239998936653137
Training round: 169		accuracy = 0.45820000767707825
Training round: 170		accuracy = 0.4684999883174896
Training round: 171		accuracy = 0.4325999915599823
Training round: 172		accuracy = 0.4514000117778778
Training round: 173		accuracy = 0.46619999408721924
Training round: 174		accuracy = 0.32760000228881836
Training round: 175		accuracy = 0.29679998755455017
Training round: 176		accuracy = 0.43529999256134033
Training round: 177		accuracy = 0.42500001192092896
Training round: 178		accuracy = 0.4490000009536743
Training round: 179		accuracy = 0.45159998536109924
Training round: 180		accuracy = 0.4666999876499176
Training round: 181		accuracy = 0.47119998931884766
Training round: 182		accuracy = 0.4099999964237213
Training round: 183		accuracy = 0.477400004863739
Training round: 184		accuracy = 0.47279998660087585
Training round: 185		accuracy = 0.44209998846054077
Training round: 186		accuracy = 0.45719999074935913
Training round: 187		accuracy = 0.48170000314712524
Training round: 188		accuracy = 0.4212999939918518
Training round: 189		accuracy = 0.4438999891281128
Training round: 190		accuracy = 0.4519999921321869
Training round: 191		accuracy = 0.4641999900341034
Training round: 192		accuracy = 0.45910000801086426
Training round: 193		accuracy = 0.48080000281333923
Training round: 194		accuracy = 0.47999998927116394
Training round: 195		accuracy = 0.4440000057220459
Training round: 196		accuracy = 0.46070000529289246
Training round: 197		accuracy = 0.4494999945163727
Training round: 198		accuracy = 0.48539999127388
Training round: 199		accuracy = 0.400299996137619
Training round: 200		accuracy = 0.44429999589920044
Training round: 201		accuracy = 0.48910000920295715
Training round: 202		accuracy = 0.49300000071525574
Training round: 203		accuracy = 0.47999998927116394
Training round: 204		accuracy = 0.492000013589859
Training round: 205		accuracy = 0.39820000529289246
Training round: 206		accuracy = 0.46860000491142273
Training round: 207		accuracy = 0.4747999906539917
Training round: 208		accuracy = 0.4717999994754791
Training round: 209		accuracy = 0.43869999051094055
Training round: 210		accuracy = 0.4708999991416931
Training round: 211		accuracy = 0.4909000098705292
Training round: 212		accuracy = 0.4519999921321869
Training round: 213		accuracy = 0.4165000021457672
Training round: 214		accuracy = 0.4562999904155731
Training round: 215		accuracy = 0.4699000120162964
Training round: 216		accuracy = 0.4251999855041504
Training round: 217		accuracy = 0.4275999963283539
Training round: 218		accuracy = 0.48660001158714294
Training round: 219		accuracy = 0.4803999960422516
Training round: 220		accuracy = 0.5182999968528748
Training round: 221		accuracy = 0.4456000030040741
Training round: 222		accuracy = 0.4758000075817108
Training round: 223		accuracy = 0.4966000020503998
Training round: 224		accuracy = 0.42089998722076416
Training round: 225		accuracy = 0.4950000047683716
Training round: 226		accuracy = 0.44339999556541443
Training round: 227		accuracy = 0.46209999918937683
Training round: 228		accuracy = 0.44350001215934753
Training round: 229		accuracy = 0.4848000109195709
Training round: 230		accuracy = 0.44519999623298645
Training round: 231		accuracy = 0.4700999855995178
Training round: 232		accuracy = 0.48579999804496765
Training round: 233		accuracy = 0.4867999851703644
Training round: 234		accuracy = 0.4627000093460083
Training round: 235		accuracy = 0.5142999887466431
Training round: 236		accuracy = 0.44920000433921814
Training round: 237		accuracy = 0.387800008058548
Training round: 238		accuracy = 0.44749999046325684
Training round: 239		accuracy = 0.3312000036239624
Training round: 240		accuracy = 0.5336999893188477
Training round: 241		accuracy = 0.4896000027656555
Training round: 242		accuracy = 0.49149999022483826
Training round: 243		accuracy = 0.5062000155448914
Training round: 244		accuracy = 0.5099999904632568
Training round: 245		accuracy = 0.501800000667572
Training round: 246		accuracy = 0.47699999809265137
Training round: 247		accuracy = 0.4787999987602234
Training round: 248		accuracy = 0.4830999970436096
Training round: 249		accuracy = 0.5077000260353088
Training round: 250		accuracy = 0.4950999915599823
Training round: 251		accuracy = 0.4788999855518341
Training round: 252		accuracy = 0.4359999895095825
Training round: 253		accuracy = 0.5184999704360962
Training round: 254		accuracy = 0.4772999882698059
Training round: 255		accuracy = 0.5361999869346619
Training round: 256		accuracy = 0.5292999744415283
Training round: 257		accuracy = 0.517799973487854
Training round: 258		accuracy = 0.5264999866485596
Training round: 259		accuracy = 0.47369998693466187
Training round: 260		accuracy = 0.5072000026702881
Training round: 261		accuracy = 0.5008999705314636
Training round: 262		accuracy = 0.47049999237060547
Training round: 263		accuracy = 0.5034999847412109
Training round: 264		accuracy = 0.5309000015258789
Training round: 265		accuracy = 0.5185999870300293
Training round: 266		accuracy = 0.5055000185966492
Training round: 267		accuracy = 0.47909998893737793
Training round: 268		accuracy = 0.5034000277519226
Training round: 269		accuracy = 0.5285999774932861
Training round: 270		accuracy = 0.49810001254081726
Training round: 271		accuracy = 0.5364000201225281
Training round: 272		accuracy = 0.5138999819755554
Training round: 273		accuracy = 0.5070000290870667
Training round: 274		accuracy = 0.478300005197525
Training round: 275		accuracy = 0.5159000158309937
Training round: 276		accuracy = 0.5206999778747559
Training round: 277		accuracy = 0.5289000272750854
Training round: 278		accuracy = 0.4912000000476837
Training round: 279		accuracy = 0.5218999981880188
Training round: 280		accuracy = 0.5270000100135803
Training round: 281		accuracy = 0.5054000020027161
Training round: 282		accuracy = 0.5131000280380249
Training round: 283		accuracy = 0.5019999742507935
Training round: 284		accuracy = 0.5049999952316284
Training round: 285		accuracy = 0.5083000063896179
Training round: 286		accuracy = 0.5091999769210815
Training round: 287		accuracy = 0.5267999768257141
Training round: 288		accuracy = 0.5397999882698059
Training round: 289		accuracy = 0.43639999628067017
Training round: 290		accuracy = 0.5134000182151794
Training round: 291		accuracy = 0.46540001034736633
Training round: 292		accuracy = 0.5067999958992004
Training round: 293		accuracy = 0.49140000343322754
Training round: 294		accuracy = 0.48170000314712524
Training round: 295		accuracy = 0.5231999754905701
Training round: 296		accuracy = 0.484499990940094
Training round: 297		accuracy = 0.5324000120162964
Training round: 298		accuracy = 0.44909998774528503
Training round: 299		accuracy = 0.5144000053405762
Training round: 300		accuracy = 0.5282999873161316
Training round: 301		accuracy = 0.5328999757766724
Training round: 302		accuracy = 0.5375000238418579
Training round: 303		accuracy = 0.5339999794960022
Training round: 304		accuracy = 0.5078999996185303
Training round: 305		accuracy = 0.4846000075340271
Training round: 306		accuracy = 0.5127000212669373
Training round: 307		accuracy = 0.5174999833106995
Training round: 308		accuracy = 0.49470001459121704
Training round: 309		accuracy = 0.5216000080108643
Training round: 310		accuracy = 0.515500009059906
Training round: 311		accuracy = 0.5101000070571899
Training round: 312		accuracy = 0.5116000175476074
Training round: 313		accuracy = 0.5472999811172485
Training round: 314		accuracy = 0.5123000144958496
Training round: 315		accuracy = 0.4959000051021576
Training round: 316		accuracy = 0.5188000202178955
Training round: 317		accuracy = 0.5238000154495239
Training round: 318		accuracy = 0.5156999826431274
Training round: 319		accuracy = 0.5115000009536743
Training round: 320		accuracy = 0.49410000443458557
Training round: 321		accuracy = 0.4968000054359436
Training round: 322		accuracy = 0.5087000131607056
Training round: 323		accuracy = 0.48539999127388
Training round: 324		accuracy = 0.5099999904632568
Training round: 325		accuracy = 0.5250999927520752
Training round: 326		accuracy = 0.4918000102043152
Training round: 327		accuracy = 0.527400016784668
Training round: 328		accuracy = 0.5418999791145325
Training round: 329		accuracy = 0.5439000129699707
Training round: 330		accuracy = 0.5616000294685364
Training round: 331		accuracy = 0.5055000185966492
Training round: 332		accuracy = 0.5289999842643738
Training round: 333		accuracy = 0.5485000014305115
Training round: 334		accuracy = 0.5329999923706055
Training round: 335		accuracy = 0.5246000289916992
Training round: 336		accuracy = 0.5375000238418579
Training round: 337		accuracy = 0.5357999801635742
Training round: 338		accuracy = 0.5598000288009644
Training round: 339		accuracy = 0.5389000177383423
Training round: 340		accuracy = 0.48410001397132874
Training round: 341		accuracy = 0.45329999923706055
Training round: 342		accuracy = 0.49900001287460327
Training round: 343		accuracy = 0.484499990940094
Training round: 344		accuracy = 0.5586000084877014
Training round: 345		accuracy = 0.5501000285148621
Training round: 346		accuracy = 0.48730000853538513
Training round: 347		accuracy = 0.5121999979019165
Training round: 348		accuracy = 0.5313000082969666
Training round: 349		accuracy = 0.5509999990463257
Training round: 350		accuracy = 0.5127000212669373
Training round: 351		accuracy = 0.5073000192642212
Training round: 352		accuracy = 0.5325000286102295
Training round: 353		accuracy = 0.5249999761581421
Training round: 354		accuracy = 0.5615000128746033
Training round: 355		accuracy = 0.5184999704360962
Training round: 356		accuracy = 0.5386000275611877
Training round: 357		accuracy = 0.5453000068664551
Training round: 358		accuracy = 0.5746999979019165
Training round: 359		accuracy = 0.569100022315979
Training round: 360		accuracy = 0.5430999994277954
Training round: 361		accuracy = 0.5537999868392944
Training round: 362		accuracy = 0.5504000186920166
Training round: 363		accuracy = 0.5526000261306763
Training round: 364		accuracy = 0.5339999794960022
Training round: 365		accuracy = 0.5485000014305115
Training round: 366		accuracy = 0.47110000252723694
Training round: 367		accuracy = 0.46950000524520874
Training round: 368		accuracy = 0.5231000185012817
Training round: 369		accuracy = 0.545799970626831
Training round: 370		accuracy = 0.5533999800682068
Training round: 371		accuracy = 0.5422999858856201
Training round: 372		accuracy = 0.5260000228881836
Training round: 373		accuracy = 0.5073000192642212
Training round: 374		accuracy = 0.38199999928474426
Training round: 375		accuracy = 0.5464000105857849
Training round: 376		accuracy = 0.5220999717712402
Training round: 377		accuracy = 0.40959998965263367
Training round: 378		accuracy = 0.5805000066757202
Training round: 379		accuracy = 0.5598000288009644
Training round: 380		accuracy = 0.5644000172615051
Training round: 381		accuracy = 0.5410000085830688
Training round: 382		accuracy = 0.4124000072479248
Training round: 383		accuracy = 0.5577999949455261
Training round: 384		accuracy = 0.5777000188827515
Training round: 385		accuracy = 0.5525000095367432
Training round: 386		accuracy = 0.5562999844551086
Training round: 387		accuracy = 0.5843999981880188
Training round: 388		accuracy = 0.5649999976158142
Training round: 389		accuracy = 0.5763000249862671
Training round: 390		accuracy = 0.5382999777793884
Training round: 391		accuracy = 0.545799970626831
Training round: 392		accuracy = 0.5651000142097473
Training round: 393		accuracy = 0.5533000230789185
Training round: 394		accuracy = 0.542900025844574
Training round: 395		accuracy = 0.4968999922275543
Training round: 396		accuracy = 0.49480000138282776
Training round: 397		accuracy = 0.5404999852180481
Training round: 398		accuracy = 0.5346999764442444
Training round: 399		accuracy = 0.5335000157356262
Training round: 400		accuracy = 0.5356000065803528
Training round: 401		accuracy = 0.531499981880188
Training round: 402		accuracy = 0.5095000267028809
Training round: 403		accuracy = 0.5037000179290771
Training round: 404		accuracy = 0.5087000131607056
Training round: 405		accuracy = 0.5052000284194946
Training round: 406		accuracy = 0.5317000150680542
Training round: 407		accuracy = 0.5407000184059143
Training round: 408		accuracy = 0.5281000137329102
Training round: 409		accuracy = 0.5268999934196472
Training round: 410		accuracy = 0.5156999826431274
Training round: 411		accuracy = 0.5192999839782715
Training round: 412		accuracy = 0.5394999980926514
Training round: 413		accuracy = 0.5659999847412109
Training round: 414		accuracy = 0.5723999738693237
Training round: 415		accuracy = 0.5627999901771545
Training round: 416		accuracy = 0.5529000163078308
Training round: 417		accuracy = 0.53329998254776
Training round: 418		accuracy = 0.5012999773025513
Training round: 419		accuracy = 0.531000018119812
Training round: 420		accuracy = 0.42250001430511475
Training round: 421		accuracy = 0.5299999713897705
Training round: 422		accuracy = 0.5687999725341797
Training round: 423		accuracy = 0.5392000079154968
Training round: 424		accuracy = 0.5242999792098999
Training round: 425		accuracy = 0.5503000020980835
Training round: 426		accuracy = 0.5177000164985657
Training round: 427		accuracy = 0.5169000029563904
Training round: 428		accuracy = 0.5289000272750854
Training round: 429		accuracy = 0.5134000182151794
Training round: 430		accuracy = 0.5138999819755554
Training round: 431		accuracy = 0.5370000004768372
Training round: 432		accuracy = 0.5327000021934509
Training round: 433		accuracy = 0.5472999811172485
Training round: 434		accuracy = 0.5336999893188477
Training round: 435		accuracy = 0.5544000267982483
Training round: 436		accuracy = 0.5618000030517578
Training round: 437		accuracy = 0.5741999745368958
Training round: 438		accuracy = 0.520799994468689
Training round: 439		accuracy = 0.5235000252723694
Training round: 440		accuracy = 0.5564000010490417
Training round: 441		accuracy = 0.5246000289916992
Training round: 442		accuracy = 0.5436000227928162
Training round: 443		accuracy = 0.5357000231742859
Training round: 444		accuracy = 0.5544000267982483
Training round: 445		accuracy = 0.5674999952316284
Training round: 446		accuracy = 0.5702000260353088
Training round: 447		accuracy = 0.5651000142097473
Training round: 448		accuracy = 0.5924999713897705
Training round: 449		accuracy = 0.5519999861717224
Training round: 450		accuracy = 0.5584999918937683
Training round: 451		accuracy = 0.5511999726295471
Training round: 452		accuracy = 0.527899980545044
Training round: 453		accuracy = 0.48350000381469727
Training round: 454		accuracy = 0.5170999765396118
Training round: 455		accuracy = 0.5425000190734863
Training round: 456		accuracy = 0.5275999903678894
Training round: 457		accuracy = 0.5001000165939331
Training round: 458		accuracy = 0.5663999915122986
Training round: 459		accuracy = 0.5536999702453613
Training round: 460		accuracy = 0.5386999845504761
Training round: 461		accuracy = 0.5174000263214111
Training round: 462		accuracy = 0.5333999991416931
Training round: 463		accuracy = 0.5777000188827515
Training round: 464		accuracy = 0.5608999729156494
Training round: 465		accuracy = 0.5694000124931335
Training round: 466		accuracy = 0.5627999901771545
Training round: 467		accuracy = 0.5776000022888184
Training round: 468		accuracy = 0.5489000082015991
Training round: 469		accuracy = 0.5569999814033508
Training round: 470		accuracy = 0.5741000175476074
Training round: 471		accuracy = 0.585099995136261
Training round: 472		accuracy = 0.5271999835968018
Training round: 473		accuracy = 0.5364999771118164
Training round: 474		accuracy = 0.5864999890327454
Training round: 475		accuracy = 0.5164999961853027
Training round: 476		accuracy = 0.5472999811172485
Training round: 477		accuracy = 0.5819000005722046
Training round: 478		accuracy = 0.5383999943733215
Training round: 479		accuracy = 0.5252000093460083
Training round: 480		accuracy = 0.5562999844551086
Training round: 481		accuracy = 0.5791000127792358
Training round: 482		accuracy = 0.5322999954223633
Training round: 483		accuracy = 0.5620999932289124
Training round: 484		accuracy = 0.5640000104904175
Training round: 485		accuracy = 0.5857999920845032
Training round: 486		accuracy = 0.5777999758720398
Training round: 487		accuracy = 0.569100022315979
Training round: 488		accuracy = 0.5468000173568726
Training round: 489		accuracy = 0.559499979019165
Training round: 490		accuracy = 0.5580999851226807
Training round: 491		accuracy = 0.5152999758720398
Training round: 492		accuracy = 0.5478000044822693
Training round: 493		accuracy = 0.5479000210762024
Training round: 494		accuracy = 0.5382999777793884
Training round: 495		accuracy = 0.5831000208854675
Training round: 496		accuracy = 0.5654000043869019
Training round: 497		accuracy = 0.5641000270843506
Training round: 498		accuracy = 0.5580999851226807
Training round: 499		accuracy = 0.5587000250816345
Training round: 500		accuracy = 0.5181999802589417
Training round: 501		accuracy = 0.5673999786376953
Training round: 502		accuracy = 0.5598000288009644
Training round: 503		accuracy = 0.5677000284194946
Training round: 504		accuracy = 0.5508000254631042
Training round: 505		accuracy = 0.5490999817848206
Training round: 506		accuracy = 0.5879999995231628
Training round: 507		accuracy = 0.588699996471405
Training round: 508		accuracy = 0.5864999890327454
Training round: 509		accuracy = 0.564300000667572
Training round: 510		accuracy = 0.5354999899864197
Training round: 511		accuracy = 0.5533999800682068
Training round: 512		accuracy = 0.5569000244140625
Training round: 513		accuracy = 0.6018999814987183
Training round: 514		accuracy = 0.5625
Training round: 515		accuracy = 0.5674999952316284
Training round: 516		accuracy = 0.5281000137329102
Training round: 517		accuracy = 0.5131000280380249
Training round: 518		accuracy = 0.582099974155426
Training round: 519		accuracy = 0.5813000202178955
Training round: 520		accuracy = 0.5764999985694885
Training round: 521		accuracy = 0.5896999835968018
Training round: 522		accuracy = 0.5831999778747559
Training round: 523		accuracy = 0.5171999931335449
Training round: 524		accuracy = 0.5784000158309937
Training round: 525		accuracy = 0.5430999994277954
Training round: 526		accuracy = 0.5386999845504761
Training round: 527		accuracy = 0.5703999996185303
Training round: 528		accuracy = 0.5877000093460083
Training round: 529		accuracy = 0.5752000212669373
Training round: 530		accuracy = 0.5584999918937683
Training round: 531		accuracy = 0.5485000014305115
Training round: 532		accuracy = 0.5683000087738037
Training round: 533		accuracy = 0.5486999750137329
Training round: 534		accuracy = 0.5472999811172485
Training round: 535		accuracy = 0.5522000193595886
Training round: 536		accuracy = 0.5619000196456909
Training round: 537		accuracy = 0.5663999915122986
Training round: 538		accuracy = 0.5758000016212463
Training round: 539		accuracy = 0.5677000284194946
Training round: 540		accuracy = 0.597100019454956
Training round: 541		accuracy = 0.5680999755859375
Training round: 542		accuracy = 0.5601000189781189
Training round: 543		accuracy = 0.5412999987602234
Training round: 544		accuracy = 0.52920001745224
Training round: 545		accuracy = 0.5906999707221985
Training round: 546		accuracy = 0.5292999744415283
Training round: 547		accuracy = 0.5827999711036682
Training round: 548		accuracy = 0.5698000192642212
Training round: 549		accuracy = 0.387800008058548
Training round: 550		accuracy = 0.5468000173568726
Training round: 551		accuracy = 0.5619999766349792
Training round: 552		accuracy = 0.5561000108718872
Training round: 553		accuracy = 0.5958999991416931
Training round: 554		accuracy = 0.5712000131607056
Training round: 555		accuracy = 0.5752000212669373
Training round: 556		accuracy = 0.5636000037193298
Training round: 557		accuracy = 0.5547999739646912
Training round: 558		accuracy = 0.5746999979019165
Training round: 559		accuracy = 0.54339998960495
Training round: 560		accuracy = 0.5631999969482422
Training round: 561		accuracy = 0.5745999813079834
Training round: 562		accuracy = 0.5906000137329102
Training round: 563		accuracy = 0.47760000824928284
Training round: 564		accuracy = 0.5781000256538391
Training round: 565		accuracy = 0.5583000183105469
Training round: 566		accuracy = 0.5530999898910522
Training round: 567		accuracy = 0.6033999919891357
Training round: 568		accuracy = 0.5795999765396118
Training round: 569		accuracy = 0.5360000133514404
Training round: 570		accuracy = 0.5692999958992004
Training round: 571		accuracy = 0.5724999904632568
Training round: 572		accuracy = 0.5676000118255615
Training round: 573		accuracy = 0.5777000188827515
Training round: 574		accuracy = 0.566100001335144
Training round: 575		accuracy = 0.5715000033378601
Training round: 576		accuracy = 0.5874000191688538
Training round: 577		accuracy = 0.5730999708175659
Training round: 578		accuracy = 0.5730000138282776
Training round: 579		accuracy = 0.5702999830245972
Training round: 580		accuracy = 0.5931000113487244
Training round: 581		accuracy = 0.6079999804496765
Training round: 582		accuracy = 0.5929999947547913
Training round: 583		accuracy = 0.570900022983551
Training round: 584		accuracy = 0.5806999802589417
Training round: 585		accuracy = 0.5752000212669373
Training round: 586		accuracy = 0.5756000280380249
Training round: 587		accuracy = 0.5767999887466431
Training round: 588		accuracy = 0.5842999815940857
Training round: 589		accuracy = 0.5936999917030334
Training round: 590		accuracy = 0.5848000049591064
Training round: 591		accuracy = 0.6220999956130981
Training round: 592		accuracy = 0.5806000232696533
Training round: 593		accuracy = 0.5857999920845032
Training round: 594		accuracy = 0.5861999988555908
Training round: 595		accuracy = 0.5799999833106995
Training round: 596		accuracy = 0.5759999752044678
Training round: 597		accuracy = 0.5809999704360962
Training round: 598		accuracy = 0.5755000114440918
Training round: 599		accuracy = 0.5853000283241272
Training round: 600		accuracy = 0.5611000061035156
Training round: 601		accuracy = 0.5896000266075134
Training round: 602		accuracy = 0.5782999992370605
Training round: 603		accuracy = 0.59579998254776
Training round: 604		accuracy = 0.5874999761581421
Training round: 605		accuracy = 0.5720999836921692
Training round: 606		accuracy = 0.5618000030517578
Training round: 607		accuracy = 0.6003000140190125
Training round: 608		accuracy = 0.5903000235557556
Training round: 609		accuracy = 0.5859000086784363
Training round: 610		accuracy = 0.5875999927520752
Training round: 611		accuracy = 0.5692999958992004
Training round: 612		accuracy = 0.5695000290870667
Training round: 613		accuracy = 0.5740000009536743
Training round: 614		accuracy = 0.5807999968528748
Training round: 615		accuracy = 0.545199990272522
Training round: 616		accuracy = 0.5785999894142151
Training round: 617		accuracy = 0.5199000239372253
Training round: 618		accuracy = 0.5774999856948853
Training round: 619		accuracy = 0.5845000147819519
Training round: 620		accuracy = 0.5831999778747559
Training round: 621		accuracy = 0.5837000012397766
Training round: 622		accuracy = 0.5979999899864197
Training round: 623		accuracy = 0.5566999912261963
Training round: 624		accuracy = 0.5674999952316284
Training round: 625		accuracy = 0.5866000056266785
Training round: 626		accuracy = 0.5978000164031982
Training round: 627		accuracy = 0.599399983882904
Training round: 628		accuracy = 0.5830000042915344
Training round: 629		accuracy = 0.5839999914169312
Training round: 630		accuracy = 0.590499997138977
Training round: 631		accuracy = 0.5936999917030334
Training round: 632		accuracy = 0.4496999979019165
Training round: 633		accuracy = 0.6154999732971191
Training round: 634		accuracy = 0.5914000272750854
Training round: 635		accuracy = 0.51910001039505
Training round: 636		accuracy = 0.5799999833106995
Training round: 637		accuracy = 0.5975000262260437
Training round: 638		accuracy = 0.5848000049591064
Training round: 639		accuracy = 0.6008999943733215
Training round: 640		accuracy = 0.590399980545044
Training round: 641		accuracy = 0.6097000241279602
Training round: 642		accuracy = 0.5927000045776367
Training round: 643		accuracy = 0.5913000106811523
Training round: 644		accuracy = 0.6003000140190125
Training round: 645		accuracy = 0.602400004863739
Training round: 646		accuracy = 0.6032999753952026
Training round: 647		accuracy = 0.608299970626831
Training round: 648		accuracy = 0.5903000235557556
Training round: 649		accuracy = 0.5730000138282776
Training round: 650		accuracy = 0.5957000255584717
Training round: 651		accuracy = 0.4327000081539154
Training round: 652		accuracy = 0.5898000001907349
Training round: 653		accuracy = 0.6205000281333923
Training round: 654		accuracy = 0.5964000225067139
Training round: 655		accuracy = 0.59170001745224
Training round: 656		accuracy = 0.5824000239372253
Training round: 657		accuracy = 0.5985999703407288
Training round: 658		accuracy = 0.593999981880188
Training round: 659		accuracy = 0.5871000289916992
Training round: 660		accuracy = 0.5264000296592712
Training round: 661		accuracy = 0.531000018119812
Training round: 662		accuracy = 0.6049000024795532
Training round: 663		accuracy = 0.5910999774932861
Training round: 664		accuracy = 0.5950000286102295
Training round: 665		accuracy = 0.6065999865531921
Training round: 666		accuracy = 0.6204000115394592
Training round: 667		accuracy = 0.5907999873161316
Training round: 668		accuracy = 0.5782999992370605
Training round: 669		accuracy = 0.5860999822616577
Training round: 670		accuracy = 0.5702999830245972
Training round: 671		accuracy = 0.5873000025749207
Training round: 672		accuracy = 0.5572999715805054
Training round: 673		accuracy = 0.5641000270843506
Training round: 674		accuracy = 0.5612000226974487
Training round: 675		accuracy = 0.5898000001907349
Training round: 676		accuracy = 0.5182999968528748
Training round: 677		accuracy = 0.6075000166893005
Training round: 678		accuracy = 0.5855000019073486
Training round: 679		accuracy = 0.6154999732971191
Training round: 680		accuracy = 0.5996999740600586
Training round: 681		accuracy = 0.5916000008583069
Training round: 682		accuracy = 0.602400004863739
Training round: 683		accuracy = 0.583899974822998
Training round: 684		accuracy = 0.5924000144004822
Training round: 685		accuracy = 0.580299973487854
Training round: 686		accuracy = 0.5924999713897705
Training round: 687		accuracy = 0.6093000173568726
Training round: 688		accuracy = 0.5536999702453613
Training round: 689		accuracy = 0.5845000147819519
Training round: 690		accuracy = 0.5918999910354614
Training round: 691		accuracy = 0.4952999949455261
Training round: 692		accuracy = 0.5371000170707703
Training round: 693		accuracy = 0.5672000050544739
Training round: 694		accuracy = 0.5802000164985657
Training round: 695		accuracy = 0.5777999758720398
Training round: 696		accuracy = 0.5649999976158142
Training round: 697		accuracy = 0.5907999873161316
Training round: 698		accuracy = 0.5946999788284302
Training round: 699		accuracy = 0.5864999890327454
Training round: 700		accuracy = 0.5361999869346619
Training round: 701		accuracy = 0.5763999819755554
Training round: 702		accuracy = 0.5634999871253967
Training round: 703		accuracy = 0.5799000263214111
Training round: 704		accuracy = 0.6061000227928162
Training round: 705		accuracy = 0.5845999717712402
Training round: 706		accuracy = 0.5895000100135803
Training round: 707		accuracy = 0.6100999712944031
Training round: 708		accuracy = 0.6287000179290771
Training round: 709		accuracy = 0.5856000185012817
Training round: 710		accuracy = 0.597599983215332
Training round: 711		accuracy = 0.597000002861023
Training round: 712		accuracy = 0.5950999855995178
Training round: 713		accuracy = 0.6032999753952026
Training round: 714		accuracy = 0.5820000171661377
Training round: 715		accuracy = 0.5723999738693237
Training round: 716		accuracy = 0.578000009059906
Training round: 717		accuracy = 0.5394999980926514
Training round: 718		accuracy = 0.5975000262260437
Training round: 719		accuracy = 0.5728999972343445
Training round: 720		accuracy = 0.5740000009536743
Training round: 721		accuracy = 0.5853999853134155
Training round: 722		accuracy = 0.5723999738693237
Training round: 723		accuracy = 0.5817999839782715
Training round: 724		accuracy = 0.5917999744415283
Training round: 725		accuracy = 0.5960999727249146
Training round: 726		accuracy = 0.6111000180244446
Training round: 727		accuracy = 0.5214999914169312
Training round: 728		accuracy = 0.4490000009536743
Training round: 729		accuracy = 0.541700005531311
Training round: 730		accuracy = 0.5648999810218811
Training round: 731		accuracy = 0.5658000111579895
Training round: 732		accuracy = 0.5680000185966492
Training round: 733		accuracy = 0.5631999969482422
Training round: 734		accuracy = 0.5691999793052673
Training round: 735		accuracy = 0.5759999752044678
Training round: 736		accuracy = 0.5547000169754028
Training round: 737		accuracy = 0.5745000243186951
Training round: 738		accuracy = 0.5824999809265137
Training round: 739		accuracy = 0.5727999806404114
Training round: 740		accuracy = 0.5748999714851379
Training round: 741		accuracy = 0.5956000089645386
Training round: 742		accuracy = 0.5813999772071838
Training round: 743		accuracy = 0.6040999889373779
Training round: 744		accuracy = 0.5975000262260437
Training round: 745		accuracy = 0.5918999910354614
Training round: 746		accuracy = 0.6039000153541565
Training round: 747		accuracy = 0.5979999899864197
Training round: 748		accuracy = 0.6154999732971191
Training round: 749		accuracy = 0.6060000061988831
Training round: 750		accuracy = 0.6144000291824341
Training round: 751		accuracy = 0.6126000285148621
Training round: 752		accuracy = 0.6144000291824341
Training round: 753		accuracy = 0.5612999796867371
Training round: 754		accuracy = 0.5856000185012817
Training round: 755		accuracy = 0.6103000044822693
Training round: 756		accuracy = 0.5954999923706055
Training round: 757		accuracy = 0.6000000238418579
Training round: 758		accuracy = 0.6050000190734863
Training round: 759		accuracy = 0.5871000289916992
Training round: 760		accuracy = 0.5893999934196472
Training round: 761		accuracy = 0.6348000168800354
Training round: 762		accuracy = 0.5460000038146973
Training round: 763		accuracy = 0.5881999731063843
Training round: 764		accuracy = 0.4471000134944916
Training round: 765		accuracy = 0.5726000070571899
Training round: 766		accuracy = 0.6177999973297119
Training round: 767		accuracy = 0.6169999837875366
Training round: 768		accuracy = 0.6082000136375427
Training round: 769		accuracy = 0.6078000068664551
Training round: 770		accuracy = 0.6018000245094299
Training round: 771		accuracy = 0.5864999890327454
Training round: 772		accuracy = 0.5928999781608582
Training round: 773		accuracy = 0.5529000163078308
Training round: 774		accuracy = 0.6089000105857849
Training round: 775		accuracy = 0.5943999886512756
Training round: 776		accuracy = 0.6176000237464905
Training round: 777		accuracy = 0.5861999988555908
Training round: 778		accuracy = 0.5834000110626221
Training round: 779		accuracy = 0.5874999761581421
Training round: 780		accuracy = 0.5795999765396118
Training round: 781		accuracy = 0.5879999995231628
Training round: 782		accuracy = 0.5745999813079834
Training round: 783		accuracy = 0.6060000061988831
Training round: 784		accuracy = 0.5286999940872192
Training round: 785		accuracy = 0.6154000163078308
Training round: 786		accuracy = 0.6039000153541565
Training round: 787		accuracy = 0.5569999814033508
Training round: 788		accuracy = 0.5823000073432922
Training round: 789		accuracy = 0.5771999955177307
Training round: 790		accuracy = 0.6080999970436096
Training round: 791		accuracy = 0.613099992275238
Training round: 792		accuracy = 0.5658000111579895
Training round: 793		accuracy = 0.5490000247955322
Training round: 794		accuracy = 0.4359000027179718
Training round: 795		accuracy = 0.5748000144958496
Training round: 796		accuracy = 0.5784000158309937
Training round: 797		accuracy = 0.5760999917984009
Training round: 798		accuracy = 0.5375000238418579
Training round: 799		accuracy = 0.45489999651908875
Training round: 800		accuracy = 0.5763999819755554
Training round: 801		accuracy = 0.6022999882698059
Training round: 802		accuracy = 0.5866000056266785
Training round: 803		accuracy = 0.5927000045776367
Training round: 804		accuracy = 0.49129998683929443
Training round: 805		accuracy = 0.5785999894142151
Training round: 806		accuracy = 0.5950999855995178
Training round: 807		accuracy = 0.6000000238418579
Training round: 808		accuracy = 0.604200005531311
Training round: 809		accuracy = 0.5964999794960022
Training round: 810		accuracy = 0.4975999891757965
Training round: 811		accuracy = 0.6119999885559082
Training round: 812		accuracy = 0.6302000284194946
Training round: 813		accuracy = 0.6029999852180481
Training round: 814		accuracy = 0.6154999732971191
Training round: 815		accuracy = 0.5945000052452087
Training round: 816		accuracy = 0.607699990272522
Training round: 817		accuracy = 0.46230000257492065
Training round: 818		accuracy = 0.5771999955177307
Training round: 819		accuracy = 0.604200005531311
Training round: 820		accuracy = 0.6019999980926514
Training round: 821		accuracy = 0.5943999886512756
Training round: 822		accuracy = 0.6057000160217285
Training round: 823		accuracy = 0.6139000058174133
Training round: 824		accuracy = 0.5667999982833862
Training round: 825		accuracy = 0.6175000071525574
Training round: 826		accuracy = 0.5605000257492065
Training round: 827		accuracy = 0.5952000021934509
Training round: 828		accuracy = 0.5978000164031982
Training round: 829		accuracy = 0.6054999828338623
Training round: 830		accuracy = 0.6126000285148621
Training round: 831		accuracy = 0.6075000166893005
Training round: 832		accuracy = 0.5971999764442444
Training round: 833		accuracy = 0.6230000257492065
Training round: 834		accuracy = 0.6031000018119812
Training round: 835		accuracy = 0.5806999802589417
Training round: 836		accuracy = 0.5389999747276306
Training round: 837		accuracy = 0.4794999957084656
Training round: 838		accuracy = 0.6243000030517578
Training round: 839		accuracy = 0.5964999794960022
Training round: 840		accuracy = 0.5986999869346619
Training round: 841		accuracy = 0.6033999919891357
Training round: 842		accuracy = 0.6165000200271606
Training round: 843		accuracy = 0.6223999857902527
Training round: 844		accuracy = 0.6025999784469604
Training round: 845		accuracy = 0.614799976348877
Training round: 846		accuracy = 0.5655999779701233
Training round: 847		accuracy = 0.5519999861717224
Training round: 848		accuracy = 0.6017000079154968
Training round: 849		accuracy = 0.5907999873161316
Training round: 850		accuracy = 0.5936999917030334
Training round: 851		accuracy = 0.6172999739646912
Training round: 852		accuracy = 0.6060000061988831
Training round: 853		accuracy = 0.6067000031471252
Training round: 854		accuracy = 0.6103000044822693
Training round: 855		accuracy = 0.6330999732017517
Training round: 856		accuracy = 0.5809000134468079
Training round: 857		accuracy = 0.5663999915122986
Training round: 858		accuracy = 0.612500011920929
Training round: 859		accuracy = 0.6122999787330627
Training round: 860		accuracy = 0.6172999739646912
Training round: 861		accuracy = 0.5849000215530396
Training round: 862		accuracy = 0.611299991607666
Training round: 863		accuracy = 0.609000027179718
Training round: 864		accuracy = 0.6001999974250793
Training round: 865		accuracy = 0.595300018787384
Training round: 866		accuracy = 0.589900016784668
Training round: 867		accuracy = 0.6227999925613403
Training round: 868		accuracy = 0.6182000041007996
Training round: 869		accuracy = 0.6151999831199646
Training round: 870		accuracy = 0.5947999954223633
Training round: 871		accuracy = 0.5691999793052673
Training round: 872		accuracy = 0.572700023651123
Training round: 873		accuracy = 0.6037999987602234
Training round: 874		accuracy = 0.5640000104904175
Training round: 875		accuracy = 0.5945000052452087
Training round: 876		accuracy = 0.6079000234603882
Training round: 877		accuracy = 0.5910000205039978
Training round: 878		accuracy = 0.5845999717712402
Training round: 879		accuracy = 0.5965999960899353
Training round: 880		accuracy = 0.597100019454956
Training round: 881		accuracy = 0.6017000079154968
Training round: 882		accuracy = 0.6219000220298767
Training round: 883		accuracy = 0.5659999847412109
Training round: 884		accuracy = 0.5913000106811523
Training round: 885		accuracy = 0.5982999801635742
Training round: 886		accuracy = 0.5648000240325928
Training round: 887		accuracy = 0.6043000221252441
Training round: 888		accuracy = 0.586899995803833
Training round: 889		accuracy = 0.6173999905586243
Training round: 890		accuracy = 0.5893999934196472
Training round: 891		accuracy = 0.618399977684021
Training round: 892		accuracy = 0.6272000074386597
Training round: 893		accuracy = 0.5738000273704529
Training round: 894		accuracy = 0.588100016117096
Training round: 895		accuracy = 0.6007999777793884
Training round: 896		accuracy = 0.6092000007629395
Training round: 897		accuracy = 0.6079000234603882
Training round: 898		accuracy = 0.5950999855995178
Training round: 899		accuracy = 0.5936999917030334
Training round: 900		accuracy = 0.6110000014305115
Training round: 901		accuracy = 0.5979999899864197
Training round: 902		accuracy = 0.6086000204086304
Training round: 903		accuracy = 0.6068999767303467
Training round: 904		accuracy = 0.6151000261306763
Training round: 905		accuracy = 0.6241999864578247
Training round: 906		accuracy = 0.5924999713897705
Training round: 907		accuracy = 0.5867000222206116
Training round: 908		accuracy = 0.5687999725341797
Training round: 909		accuracy = 0.6244999766349792
Training round: 910		accuracy = 0.5835999846458435
Training round: 911		accuracy = 0.5782999992370605
Training round: 912		accuracy = 0.6118000149726868
Training round: 913		accuracy = 0.6068000197410583
Training round: 914		accuracy = 0.6273999810218811
Training round: 915		accuracy = 0.5978999733924866
Training round: 916		accuracy = 0.614799976348877
Training round: 917		accuracy = 0.6079000234603882
Training round: 918		accuracy = 0.6317999958992004
Training round: 919		accuracy = 0.6055999994277954
Training round: 920		accuracy = 0.6139000058174133
Training round: 921		accuracy = 0.5982000231742859
Training round: 922		accuracy = 0.614799976348877
Training round: 923		accuracy = 0.6166999936103821
Training round: 924		accuracy = 0.6040999889373779
Training round: 925		accuracy = 0.6420999765396118
Training round: 926		accuracy = 0.6274999976158142
Training round: 927		accuracy = 0.6450999975204468
Training round: 928		accuracy = 0.631600022315979
Training round: 929		accuracy = 0.6269999742507935
Training round: 930		accuracy = 0.60589998960495
Training round: 931		accuracy = 0.635200023651123
Training round: 932		accuracy = 0.6101999878883362
Training round: 933		accuracy = 0.6144000291824341
Training round: 934		accuracy = 0.6104000210762024
Training round: 935		accuracy = 0.617900013923645
Training round: 936		accuracy = 0.6075000166893005
Training round: 937		accuracy = 0.6150000095367432
Training round: 938		accuracy = 0.6050999760627747
Training round: 939		accuracy = 0.6254000067710876
Training round: 940		accuracy = 0.6136000156402588
Training round: 941		accuracy = 0.6054999828338623
Training round: 942		accuracy = 0.6363999843597412
Training round: 943		accuracy = 0.6269999742507935
Training round: 944		accuracy = 0.6173999905586243
Training round: 945		accuracy = 0.5946999788284302
Training round: 946		accuracy = 0.6126000285148621
Training round: 947		accuracy = 0.6319000124931335
Training round: 948		accuracy = 0.5925999879837036
Training round: 949		accuracy = 0.6098999977111816
Training round: 950		accuracy = 0.6140000224113464
Training round: 951		accuracy = 0.609000027179718
Training round: 952		accuracy = 0.6000000238418579
Training round: 953		accuracy = 0.60589998960495
Training round: 954		accuracy = 0.5874000191688538
Training round: 955		accuracy = 0.5947999954223633
Training round: 956		accuracy = 0.6241999864578247
Training round: 957		accuracy = 0.6216999888420105
Training round: 958		accuracy = 0.6345000267028809
Training round: 959		accuracy = 0.5175999999046326
Training round: 960		accuracy = 0.6089000105857849
Training round: 961		accuracy = 0.5996999740600586
Training round: 962		accuracy = 0.6277999877929688
Training round: 963		accuracy = 0.6119999885559082
Training round: 964		accuracy = 0.5853999853134155
Training round: 965		accuracy = 0.6269999742507935
Training round: 966		accuracy = 0.6297000050544739
Training round: 967		accuracy = 0.6287000179290771
Training round: 968		accuracy = 0.6147000193595886
Training round: 969		accuracy = 0.6301000118255615
Training round: 970		accuracy = 0.6015999913215637
Training round: 971		accuracy = 0.628000020980835
Training round: 972		accuracy = 0.6223000288009644
Training round: 973		accuracy = 0.6061000227928162
Training round: 974		accuracy = 0.6287000179290771
Training round: 975		accuracy = 0.5479999780654907
Training round: 976		accuracy = 0.5954999923706055
Training round: 977		accuracy = 0.618399977684021
Training round: 978		accuracy = 0.6297000050544739
Training round: 979		accuracy = 0.6141999959945679
Training round: 980		accuracy = 0.6050000190734863
Training round: 981		accuracy = 0.6129999756813049
Training round: 982		accuracy = 0.5763000249862671
Training round: 983		accuracy = 0.5647000074386597
Training round: 984		accuracy = 0.6330000162124634
Training round: 985		accuracy = 0.6338000297546387
Training round: 986		accuracy = 0.5946000218391418
Training round: 987		accuracy = 0.6093999743461609
Training round: 988		accuracy = 0.6158000230789185
Training round: 989		accuracy = 0.6022999882698059
Training round: 990		accuracy = 0.5916000008583069
Training round: 991		accuracy = 0.6272000074386597
Training round: 992		accuracy = 0.6234999895095825
Training round: 993		accuracy = 0.6090999841690063
Training round: 994		accuracy = 0.5942999720573425
Training round: 995		accuracy = 0.6169000267982483
Training round: 996		accuracy = 0.6122999787330627
Training round: 997		accuracy = 0.6144999861717224
Training round: 998		accuracy = 0.6187000274658203
Training round: 999		accuracy = 0.6100000143051147
Training round: 1000		accuracy = 0.6359000205993652
Training duration 9474.239525318146
