2021-08-21 22:39:51.080576: I tensorflow/stream_executor/platform/default/dso_loader.cc:49] Successfully opened dynamic library libcudart.so.11.0
2021-08-21 22:40:36.526612: I tensorflow/compiler/jit/xla_cpu_device.cc:41] Not creating XLA devices, tf_xla_enable_xla_devices not set
2021-08-21 22:40:37.265839: I tensorflow/stream_executor/platform/default/dso_loader.cc:49] Successfully opened dynamic library libcuda.so.1
2021-08-21 22:40:37.346686: I tensorflow/core/common_runtime/gpu/gpu_device.cc:1720] Found device 0 with properties: 
pciBusID: 0000:82:00.0 name: Tesla P100-PCIE-12GB computeCapability: 6.0
coreClock: 1.3285GHz coreCount: 56 deviceMemorySize: 11.91GiB deviceMemoryBandwidth: 511.41GiB/s
2021-08-21 22:40:37.347729: I tensorflow/stream_executor/platform/default/dso_loader.cc:49] Successfully opened dynamic library libcudart.so.11.0
2021-08-21 22:40:37.359669: I tensorflow/stream_executor/platform/default/dso_loader.cc:49] Successfully opened dynamic library libcublas.so.11
2021-08-21 22:40:37.359900: I tensorflow/stream_executor/platform/default/dso_loader.cc:49] Successfully opened dynamic library libcublasLt.so.11
2021-08-21 22:40:37.365584: I tensorflow/stream_executor/platform/default/dso_loader.cc:49] Successfully opened dynamic library libcufft.so.10
2021-08-21 22:40:37.370058: I tensorflow/stream_executor/platform/default/dso_loader.cc:49] Successfully opened dynamic library libcurand.so.10
2021-08-21 22:40:37.377947: I tensorflow/stream_executor/platform/default/dso_loader.cc:49] Successfully opened dynamic library libcusolver.so.10
2021-08-21 22:40:37.380056: I tensorflow/stream_executor/platform/default/dso_loader.cc:49] Successfully opened dynamic library libcusparse.so.11
2021-08-21 22:40:37.380703: I tensorflow/stream_executor/platform/default/dso_loader.cc:49] Successfully opened dynamic library libcudnn.so.8
2021-08-21 22:40:37.384858: I tensorflow/core/common_runtime/gpu/gpu_device.cc:1862] Adding visible gpu devices: 0
2021-08-21 22:40:37.391573: I tensorflow/core/platform/cpu_feature_guard.cc:142] This TensorFlow binary is optimized with oneAPI Deep Neural Network Library (oneDNN) to use the following CPU instructions in performance-critical operations:  AVX2 FMA
To enable them in other operations, rebuild TensorFlow with the appropriate compiler flags.
2021-08-21 22:40:37.391891: I tensorflow/compiler/jit/xla_gpu_device.cc:99] Not creating XLA devices, tf_xla_enable_xla_devices not set
2021-08-21 22:40:37.393717: I tensorflow/core/common_runtime/gpu/gpu_device.cc:1720] Found device 0 with properties: 
pciBusID: 0000:82:00.0 name: Tesla P100-PCIE-12GB computeCapability: 6.0
coreClock: 1.3285GHz coreCount: 56 deviceMemorySize: 11.91GiB deviceMemoryBandwidth: 511.41GiB/s
2021-08-21 22:40:37.393868: I tensorflow/stream_executor/platform/default/dso_loader.cc:49] Successfully opened dynamic library libcudart.so.11.0
2021-08-21 22:40:37.393999: I tensorflow/stream_executor/platform/default/dso_loader.cc:49] Successfully opened dynamic library libcublas.so.11
2021-08-21 22:40:37.394081: I tensorflow/stream_executor/platform/default/dso_loader.cc:49] Successfully opened dynamic library libcublasLt.so.11
2021-08-21 22:40:37.394204: I tensorflow/stream_executor/platform/default/dso_loader.cc:49] Successfully opened dynamic library libcufft.so.10
2021-08-21 22:40:37.394287: I tensorflow/stream_executor/platform/default/dso_loader.cc:49] Successfully opened dynamic library libcurand.so.10
2021-08-21 22:40:37.394398: I tensorflow/stream_executor/platform/default/dso_loader.cc:49] Successfully opened dynamic library libcusolver.so.10
2021-08-21 22:40:37.394480: I tensorflow/stream_executor/platform/default/dso_loader.cc:49] Successfully opened dynamic library libcusparse.so.11
2021-08-21 22:40:37.394549: I tensorflow/stream_executor/platform/default/dso_loader.cc:49] Successfully opened dynamic library libcudnn.so.8
2021-08-21 22:40:37.397566: I tensorflow/core/common_runtime/gpu/gpu_device.cc:1862] Adding visible gpu devices: 0
2021-08-21 22:40:37.397726: I tensorflow/stream_executor/platform/default/dso_loader.cc:49] Successfully opened dynamic library libcudart.so.11.0
2021-08-21 22:40:38.846460: I tensorflow/core/common_runtime/gpu/gpu_device.cc:1261] Device interconnect StreamExecutor with strength 1 edge matrix:
2021-08-21 22:40:39.064025: I tensorflow/core/common_runtime/gpu/gpu_device.cc:1267]      0 
2021-08-21 22:40:39.064236: I tensorflow/core/common_runtime/gpu/gpu_device.cc:1280] 0:   N 
2021-08-21 22:40:39.072013: I tensorflow/core/common_runtime/gpu/gpu_device.cc:1406] Created TensorFlow device (/job:localhost/replica:0/task:0/device:GPU:0 with 11119 MB memory) -> physical GPU (device: 0, name: Tesla P100-PCIE-12GB, pci bus id: 0000:82:00.0, compute capability: 6.0)
2021-08-21 22:40:48.352806: I tensorflow/compiler/mlir/mlir_graph_optimization_pass.cc:116] None of the MLIR optimization passes are enabled (registered 2)
2021-08-21 22:40:48.356968: I tensorflow/core/platform/profile_utils/cpu_utils.cc:112] CPU Frequency: 2199755000 Hz
2021-08-21 22:40:48.439883: I tensorflow/stream_executor/platform/default/dso_loader.cc:49] Successfully opened dynamic library libcublas.so.11
2021-08-21 22:40:48.836089: I tensorflow/stream_executor/platform/default/dso_loader.cc:49] Successfully opened dynamic library libcublasLt.so.11
2021-08-21 22:40:48.844544: I tensorflow/stream_executor/platform/default/dso_loader.cc:49] Successfully opened dynamic library libcudnn.so.8
2021-08-21 22:40:50.794731: W tensorflow/stream_executor/gpu/asm_compiler.cc:63] Running ptxas --version returned 256
2021-08-21 22:40:51.095191: W tensorflow/stream_executor/gpu/redzone_allocator.cc:314] Internal: ptxas exited with non-zero error code 256, output: 
Relying on driver to perform ptx compilation. 
Modify $PATH to customize ptxas location.
This message will be only logged once.
Training round: 1		accuracy = 0.5550724864006042
Training round: 2		accuracy = 0.5976811647415161
Training round: 3		accuracy = 0.598840594291687
Training round: 4		accuracy = 0.588115930557251
Training round: 5		accuracy = 0.6072463989257812
Training round: 6		accuracy = 0.6023188233375549
Training round: 7		accuracy = 0.6176811456680298
Training round: 8		accuracy = 0.6249275207519531
Training round: 9		accuracy = 0.631594181060791
Training round: 10		accuracy = 0.620579719543457
Training round: 11		accuracy = 0.6295652389526367
Training round: 12		accuracy = 0.631594181060791
Training round: 13		accuracy = 0.6339130401611328
Training round: 14		accuracy = 0.6368116140365601
Training round: 15		accuracy = 0.6382608413696289
Training round: 16		accuracy = 0.6394202709197998
Training round: 17		accuracy = 0.6417391300201416
Training round: 18		accuracy = 0.6437681317329407
Training round: 19		accuracy = 0.6426087021827698
Training round: 20		accuracy = 0.6489855051040649
Training round: 21		accuracy = 0.6472463607788086
Training round: 22		accuracy = 0.6498550772666931
Training round: 23		accuracy = 0.6498550772666931
Training round: 24		accuracy = 0.6489855051040649
Training round: 25		accuracy = 0.6504347920417786
Training round: 26		accuracy = 0.6518840789794922
Training round: 27		accuracy = 0.6550724506378174
Training round: 28		accuracy = 0.6550724506378174
Training round: 29		accuracy = 0.6547825932502747
Training round: 30		accuracy = 0.6547825932502747
Training round: 31		accuracy = 0.6556521654129028
Training round: 32		accuracy = 0.656521737575531
Training round: 33		accuracy = 0.6550724506378174
Training round: 34		accuracy = 0.6550724506378174
Training round: 35		accuracy = 0.656521737575531
Training round: 36		accuracy = 0.6556521654129028
Training round: 37		accuracy = 0.6544927358627319
Training round: 38		accuracy = 0.6547825932502747
Training round: 39		accuracy = 0.6556521654129028
Training round: 40		accuracy = 0.6559420228004456
Training round: 41		accuracy = 0.6571014523506165
Training round: 42		accuracy = 0.5518840551376343
Training round: 43		accuracy = 0.5460869669914246
Training round: 44		accuracy = 0.5585507154464722
Training round: 45		accuracy = 0.5646376609802246
Training round: 46		accuracy = 0.5620290040969849
Training round: 47		accuracy = 0.5626087188720703
Training round: 48		accuracy = 0.5715941786766052
Training round: 49		accuracy = 0.5602898597717285
Training round: 50		accuracy = 0.562898576259613
Training round: 51		accuracy = 0.5655072331428528
Training round: 52		accuracy = 0.5623188614845276
Training round: 53		accuracy = 0.5634782314300537
Training round: 54		accuracy = 0.5640579462051392
Training round: 55		accuracy = 0.5646376609802246
Training round: 56		accuracy = 0.5643478035926819
Training round: 57		accuracy = 0.5652173757553101
Training round: 58		accuracy = 0.5652173757553101
Training round: 59		accuracy = 0.5655072331428528
Training round: 60		accuracy = 0.5646376609802246
Training round: 61		accuracy = 0.5643478035926819
Training round: 62		accuracy = 0.5646376609802246
Training round: 63		accuracy = 0.5655072331428528
Training round: 64		accuracy = 0.5640579462051392
Training round: 65		accuracy = 0.5637680888175964
Training round: 66		accuracy = 0.5649275183677673
Training round: 67		accuracy = 0.5620290040969849
Training round: 68		accuracy = 0.5643478035926819
Training round: 69		accuracy = 0.5611594319343567
Training round: 70		accuracy = 0.560869574546814
Training round: 71		accuracy = 0.560869574546814
Training round: 72		accuracy = 0.5637680888175964
Training round: 73		accuracy = 0.5597101449966431
Training round: 74		accuracy = 0.5605797171592712
Training round: 75		accuracy = 0.5602898597717285
Training round: 76		accuracy = 0.5637680888175964
Training round: 77		accuracy = 0.562898576259613
Training round: 78		accuracy = 0.5634782314300537
Training round: 79		accuracy = 0.5611594319343567
Training round: 80		accuracy = 0.5620290040969849
Training round: 81		accuracy = 0.5614492893218994
Training round: 82		accuracy = 0.5617391467094421
Training round: 83		accuracy = 0.5611594319343567
Training round: 84		accuracy = 0.5623188614845276
Training round: 85		accuracy = 0.5620290040969849
Training round: 86		accuracy = 0.5623188614845276
Training round: 87		accuracy = 0.5614492893218994
Training round: 88		accuracy = 0.5617391467094421
Training round: 89		accuracy = 0.5637680888175964
Training round: 90		accuracy = 0.560869574546814
Training round: 91		accuracy = 0.5637680888175964
Training round: 92		accuracy = 0.5611594319343567
Training round: 93		accuracy = 0.5605797171592712
Training round: 94		accuracy = 0.5617391467094421
Training round: 95		accuracy = 0.560869574546814
Training round: 96		accuracy = 0.5611594319343567
Training round: 97		accuracy = 0.5614492893218994
Training round: 98		accuracy = 0.5617391467094421
Training round: 99		accuracy = 0.5623188614845276
Training round: 100		accuracy = 0.5620290040969849
Training duration 8295.432293891907
