2021-08-11 05:50:07.419929: I tensorflow/stream_executor/platform/default/dso_loader.cc:49] Successfully opened dynamic library libcudart.so.11.0
2021-08-11 05:50:13.829753: I tensorflow/compiler/jit/xla_cpu_device.cc:41] Not creating XLA devices, tf_xla_enable_xla_devices not set
2021-08-11 05:50:13.834168: I tensorflow/stream_executor/platform/default/dso_loader.cc:49] Successfully opened dynamic library libcuda.so.1
2021-08-11 05:50:13.978562: I tensorflow/core/common_runtime/gpu/gpu_device.cc:1720] Found device 0 with properties: 
pciBusID: 0000:1c:00.0 name: Tesla V100-SXM2-16GB computeCapability: 7.0
coreClock: 1.53GHz coreCount: 80 deviceMemorySize: 15.78GiB deviceMemoryBandwidth: 836.37GiB/s
2021-08-11 05:50:13.978614: I tensorflow/stream_executor/platform/default/dso_loader.cc:49] Successfully opened dynamic library libcudart.so.11.0
2021-08-11 05:50:13.985423: I tensorflow/stream_executor/platform/default/dso_loader.cc:49] Successfully opened dynamic library libcublas.so.11
2021-08-11 05:50:13.985504: I tensorflow/stream_executor/platform/default/dso_loader.cc:49] Successfully opened dynamic library libcublasLt.so.11
2021-08-11 05:50:13.989382: I tensorflow/stream_executor/platform/default/dso_loader.cc:49] Successfully opened dynamic library libcufft.so.10
2021-08-11 05:50:13.990714: I tensorflow/stream_executor/platform/default/dso_loader.cc:49] Successfully opened dynamic library libcurand.so.10
2021-08-11 05:50:13.996534: I tensorflow/stream_executor/platform/default/dso_loader.cc:49] Successfully opened dynamic library libcusolver.so.10
2021-08-11 05:50:13.997827: I tensorflow/stream_executor/platform/default/dso_loader.cc:49] Successfully opened dynamic library libcusparse.so.11
2021-08-11 05:50:13.998197: I tensorflow/stream_executor/platform/default/dso_loader.cc:49] Successfully opened dynamic library libcudnn.so.8
2021-08-11 05:50:14.083346: I tensorflow/core/common_runtime/gpu/gpu_device.cc:1862] Adding visible gpu devices: 0
2021-08-11 05:50:14.083961: I tensorflow/core/platform/cpu_feature_guard.cc:142] This TensorFlow binary is optimized with oneAPI Deep Neural Network Library (oneDNN) to use the following CPU instructions in performance-critical operations:  AVX2 AVX512F FMA
To enable them in other operations, rebuild TensorFlow with the appropriate compiler flags.
2021-08-11 05:50:14.084170: I tensorflow/compiler/jit/xla_gpu_device.cc:99] Not creating XLA devices, tf_xla_enable_xla_devices not set
2021-08-11 05:50:14.085409: I tensorflow/core/common_runtime/gpu/gpu_device.cc:1720] Found device 0 with properties: 
pciBusID: 0000:1c:00.0 name: Tesla V100-SXM2-16GB computeCapability: 7.0
coreClock: 1.53GHz coreCount: 80 deviceMemorySize: 15.78GiB deviceMemoryBandwidth: 836.37GiB/s
2021-08-11 05:50:14.085474: I tensorflow/stream_executor/platform/default/dso_loader.cc:49] Successfully opened dynamic library libcudart.so.11.0
2021-08-11 05:50:14.085497: I tensorflow/stream_executor/platform/default/dso_loader.cc:49] Successfully opened dynamic library libcublas.so.11
2021-08-11 05:50:14.085511: I tensorflow/stream_executor/platform/default/dso_loader.cc:49] Successfully opened dynamic library libcublasLt.so.11
2021-08-11 05:50:14.085524: I tensorflow/stream_executor/platform/default/dso_loader.cc:49] Successfully opened dynamic library libcufft.so.10
2021-08-11 05:50:14.085538: I tensorflow/stream_executor/platform/default/dso_loader.cc:49] Successfully opened dynamic library libcurand.so.10
2021-08-11 05:50:14.085551: I tensorflow/stream_executor/platform/default/dso_loader.cc:49] Successfully opened dynamic library libcusolver.so.10
2021-08-11 05:50:14.085564: I tensorflow/stream_executor/platform/default/dso_loader.cc:49] Successfully opened dynamic library libcusparse.so.11
2021-08-11 05:50:14.085577: I tensorflow/stream_executor/platform/default/dso_loader.cc:49] Successfully opened dynamic library libcudnn.so.8
2021-08-11 05:50:14.095500: I tensorflow/core/common_runtime/gpu/gpu_device.cc:1862] Adding visible gpu devices: 0
2021-08-11 05:50:14.095562: I tensorflow/stream_executor/platform/default/dso_loader.cc:49] Successfully opened dynamic library libcudart.so.11.0
2021-08-11 05:50:14.919986: I tensorflow/core/common_runtime/gpu/gpu_device.cc:1261] Device interconnect StreamExecutor with strength 1 edge matrix:
2021-08-11 05:50:14.920063: I tensorflow/core/common_runtime/gpu/gpu_device.cc:1267]      0 
2021-08-11 05:50:14.920076: I tensorflow/core/common_runtime/gpu/gpu_device.cc:1280] 0:   N 
2021-08-11 05:50:14.932287: I tensorflow/core/common_runtime/gpu/gpu_device.cc:1406] Created TensorFlow device (/job:localhost/replica:0/task:0/device:GPU:0 with 14761 MB memory) -> physical GPU (device: 0, name: Tesla V100-SXM2-16GB, pci bus id: 0000:1c:00.0, compute capability: 7.0)
2021-08-11 05:50:15.502949: I tensorflow/compiler/mlir/mlir_graph_optimization_pass.cc:116] None of the MLIR optimization passes are enabled (registered 2)
2021-08-11 05:50:15.505383: I tensorflow/core/platform/profile_utils/cpu_utils.cc:112] CPU Frequency: 2400000000 Hz
2021-08-11 05:50:15.977534: I tensorflow/stream_executor/platform/default/dso_loader.cc:49] Successfully opened dynamic library libcublas.so.11
2021-08-11 05:50:16.371162: I tensorflow/stream_executor/platform/default/dso_loader.cc:49] Successfully opened dynamic library libcublasLt.so.11
2021-08-11 05:50:16.390408: I tensorflow/stream_executor/platform/default/dso_loader.cc:49] Successfully opened dynamic library libcudnn.so.8
2021-08-11 05:50:18.352676: W tensorflow/stream_executor/gpu/asm_compiler.cc:63] Running ptxas --version returned 256
2021-08-11 05:50:18.395070: W tensorflow/stream_executor/gpu/redzone_allocator.cc:314] Internal: ptxas exited with non-zero error code 256, output: 
Relying on driver to perform ptx compilation. 
Modify $PATH to customize ptxas location.
This message will be only logged once.
Training round: 1		accuracy = 0.10000000149011612
Training round: 2		accuracy = 0.10000000149011612
Training round: 3		accuracy = 0.10000000149011612
Training round: 4		accuracy = 0.10329999774694443
Training round: 5		accuracy = 0.10000000149011612
Training round: 6		accuracy = 0.10000000149011612
Training round: 7		accuracy = 0.10000000149011612
Training round: 8		accuracy = 0.10000000149011612
Training round: 9		accuracy = 0.10000000149011612
Training round: 10		accuracy = 0.10000000149011612
Training round: 11		accuracy = 0.10000000149011612
Training round: 12		accuracy = 0.10000000149011612
Training round: 13		accuracy = 0.15309999883174896
Training round: 14		accuracy = 0.10050000250339508
Training round: 15		accuracy = 0.16359999775886536
Training round: 16		accuracy = 0.0997999981045723
Training round: 17		accuracy = 0.14820000529289246
Training round: 18		accuracy = 0.10000000149011612
Training round: 19		accuracy = 0.1039000004529953
Training round: 20		accuracy = 0.11010000109672546
Training round: 21		accuracy = 0.17470000684261322
Training round: 22		accuracy = 0.15929999947547913
Training round: 23		accuracy = 0.1526000052690506
Training round: 24		accuracy = 0.13210000097751617
Training round: 25		accuracy = 0.11140000075101852
Training round: 26		accuracy = 0.1242000013589859
Training round: 27		accuracy = 0.10670000314712524
Training round: 28		accuracy = 0.10080000013113022
Training round: 29		accuracy = 0.131400004029274
Training round: 30		accuracy = 0.1428000032901764
Training round: 31		accuracy = 0.1607999950647354
Training round: 32		accuracy = 0.1370999962091446
Training round: 33		accuracy = 0.14880000054836273
Training round: 34		accuracy = 0.12290000170469284
Training round: 35		accuracy = 0.1728000044822693
Training round: 36		accuracy = 0.19660000503063202
Training round: 37		accuracy = 0.2004999965429306
Training round: 38		accuracy = 0.20360000431537628
Training round: 39		accuracy = 0.20970000326633453
Training round: 40		accuracy = 0.1436000019311905
Training round: 41		accuracy = 0.1768999993801117
Training round: 42		accuracy = 0.15070000290870667
Training round: 43		accuracy = 0.1615999937057495
Training round: 44		accuracy = 0.1340000033378601
Training round: 45		accuracy = 0.20819999277591705
Training round: 46		accuracy = 0.16009999811649323
Training round: 47		accuracy = 0.16609999537467957
Training round: 48		accuracy = 0.16949999332427979
Training round: 49		accuracy = 0.1826000064611435
Training round: 50		accuracy = 0.22300000488758087
Training round: 51		accuracy = 0.1817999929189682
Training round: 52		accuracy = 0.24050000309944153
Training round: 53		accuracy = 0.18469999730587006
Training round: 54		accuracy = 0.1729000061750412
Training round: 55		accuracy = 0.18240000307559967
Training round: 56		accuracy = 0.2062000036239624
Training round: 57		accuracy = 0.18440000712871552
Training round: 58		accuracy = 0.23749999701976776
Training round: 59		accuracy = 0.2004999965429306
Training round: 60		accuracy = 0.2563000023365021
Training round: 61		accuracy = 0.24279999732971191
Training round: 62		accuracy = 0.20600000023841858
Training round: 63		accuracy = 0.26989999413490295
Training round: 64		accuracy = 0.21060000360012054
Training round: 65		accuracy = 0.21220000088214874
Training round: 66		accuracy = 0.21729999780654907
Training round: 67		accuracy = 0.17599999904632568
Training round: 68		accuracy = 0.210999995470047
Training round: 69		accuracy = 0.19550000131130219
Training round: 70		accuracy = 0.2313999980688095
Training round: 71		accuracy = 0.21780000627040863
Training round: 72		accuracy = 0.22830000519752502
Training round: 73		accuracy = 0.18569999933242798
Training round: 74		accuracy = 0.24379999935626984
Training round: 75		accuracy = 0.22120000422000885
Training round: 76		accuracy = 0.25519999861717224
Training round: 77		accuracy = 0.2621999979019165
Training round: 78		accuracy = 0.2802000045776367
Training round: 79		accuracy = 0.2653000056743622
Training round: 80		accuracy = 0.22120000422000885
Training round: 81		accuracy = 0.22519999742507935
Training round: 82		accuracy = 0.17749999463558197
Training round: 83		accuracy = 0.2410999983549118
Training round: 84		accuracy = 0.22339999675750732
Training round: 85		accuracy = 0.257099986076355
Training round: 86		accuracy = 0.2824999988079071
Training round: 87		accuracy = 0.1996999979019165
Training round: 88		accuracy = 0.2727000117301941
Training round: 89		accuracy = 0.2526000142097473
Training round: 90		accuracy = 0.18250000476837158
Training round: 91		accuracy = 0.2498999983072281
Training round: 92		accuracy = 0.2825999855995178
Training round: 93		accuracy = 0.23890000581741333
Training round: 94		accuracy = 0.15700000524520874
Training round: 95		accuracy = 0.2822999954223633
Training round: 96		accuracy = 0.27709999680519104
Training round: 97		accuracy = 0.2957000136375427
Training round: 98		accuracy = 0.21400000154972076
Training round: 99		accuracy = 0.26750001311302185
Training round: 100		accuracy = 0.19249999523162842
Training round: 101		accuracy = 0.23119999468326569
Training round: 102		accuracy = 0.24060000479221344
Training round: 103		accuracy = 0.241799995303154
Training round: 104		accuracy = 0.26980000734329224
Training round: 105		accuracy = 0.27129998803138733
Training round: 106		accuracy = 0.2712000012397766
Training round: 107		accuracy = 0.26350000500679016
Training round: 108		accuracy = 0.2621999979019165
Training round: 109		accuracy = 0.2295999974012375
Training round: 110		accuracy = 0.19249999523162842
Training round: 111		accuracy = 0.3082999885082245
Training round: 112		accuracy = 0.2151000052690506
Training round: 113		accuracy = 0.27090001106262207
Training round: 114		accuracy = 0.30640000104904175
Training round: 115		accuracy = 0.3172999918460846
Training round: 116		accuracy = 0.2962999939918518
Training round: 117		accuracy = 0.24390000104904175
Training round: 118		accuracy = 0.25609999895095825
Training round: 119		accuracy = 0.24089999496936798
Training round: 120		accuracy = 0.2433999925851822
Training round: 121		accuracy = 0.3109000027179718
Training round: 122		accuracy = 0.27469998598098755
Training round: 123		accuracy = 0.31790000200271606
Training round: 124		accuracy = 0.32190001010894775
Training round: 125		accuracy = 0.2387000024318695
Training round: 126		accuracy = 0.21369999647140503
Training round: 127		accuracy = 0.28790000081062317
Training round: 128		accuracy = 0.24699999392032623
Training round: 129		accuracy = 0.18199999630451202
Training round: 130		accuracy = 0.26600000262260437
Training round: 131		accuracy = 0.26579999923706055
Training round: 132		accuracy = 0.2603999972343445
Training round: 133		accuracy = 0.26589998602867126
Training round: 134		accuracy = 0.3224000036716461
Training round: 135		accuracy = 0.2671999931335449
Training round: 136		accuracy = 0.3147999942302704
Training round: 137		accuracy = 0.28679999709129333
Training round: 138		accuracy = 0.299699991941452
Training round: 139		accuracy = 0.3052999973297119
Training round: 140		accuracy = 0.22939999401569366
Training round: 141		accuracy = 0.24310000240802765
Training round: 142		accuracy = 0.2904999852180481
Training round: 143		accuracy = 0.265500009059906
Training round: 144		accuracy = 0.28679999709129333
Training round: 145		accuracy = 0.25380000472068787
Training round: 146		accuracy = 0.3319999873638153
Training round: 147		accuracy = 0.33570000529289246
Training round: 148		accuracy = 0.267300009727478
Training round: 149		accuracy = 0.3052000105381012
Training round: 150		accuracy = 0.33660000562667847
Training round: 151		accuracy = 0.3059999942779541
Training round: 152		accuracy = 0.29429998993873596
Training round: 153		accuracy = 0.26739999651908875
Training round: 154		accuracy = 0.2827000021934509
Training round: 155		accuracy = 0.2734000086784363
Training round: 156		accuracy = 0.27079999446868896
Training round: 157		accuracy = 0.19519999623298645
Training round: 158		accuracy = 0.29109999537467957
Training round: 159		accuracy = 0.2833000123500824
Training round: 160		accuracy = 0.2418999969959259
Training round: 161		accuracy = 0.3199000060558319
Training round: 162		accuracy = 0.3061999976634979
Training round: 163		accuracy = 0.2572999894618988
Training round: 164		accuracy = 0.30880001187324524
Training round: 165		accuracy = 0.28450000286102295
Training round: 166		accuracy = 0.3142000138759613
Training round: 167		accuracy = 0.31619998812675476
Training round: 168		accuracy = 0.25859999656677246
Training round: 169		accuracy = 0.321399986743927
Training round: 170		accuracy = 0.27219998836517334
Training round: 171		accuracy = 0.28839999437332153
Training round: 172		accuracy = 0.22310000658035278
Training round: 173		accuracy = 0.3091000020503998
Training round: 174		accuracy = 0.29030001163482666
Training round: 175		accuracy = 0.3084999918937683
Training round: 176		accuracy = 0.3684000074863434
Training round: 177		accuracy = 0.30399999022483826
Training round: 178		accuracy = 0.26750001311302185
Training round: 179		accuracy = 0.36079999804496765
Training round: 180		accuracy = 0.3582000136375427
Training round: 181		accuracy = 0.36640000343322754
Training round: 182		accuracy = 0.27070000767707825
Training round: 183		accuracy = 0.2987000048160553
Training round: 184		accuracy = 0.23980000615119934
Training round: 185		accuracy = 0.36579999327659607
Training round: 186		accuracy = 0.29120001196861267
Training round: 187		accuracy = 0.27410000562667847
Training round: 188		accuracy = 0.3691999912261963
Training round: 189		accuracy = 0.3440000116825104
Training round: 190		accuracy = 0.2630000114440918
Training round: 191		accuracy = 0.3626999855041504
Training round: 192		accuracy = 0.3109000027179718
Training round: 193		accuracy = 0.3327000141143799
Training round: 194		accuracy = 0.30090001225471497
Training round: 195		accuracy = 0.3215999901294708
Training round: 196		accuracy = 0.31769999861717224
Training round: 197		accuracy = 0.3806000053882599
Training round: 198		accuracy = 0.33959999680519104
Training round: 199		accuracy = 0.2978000044822693
Training round: 200		accuracy = 0.33640000224113464
Training round: 201		accuracy = 0.36010000109672546
Training round: 202		accuracy = 0.27140000462532043
Training round: 203		accuracy = 0.35690000653266907
Training round: 204		accuracy = 0.36000001430511475
Training round: 205		accuracy = 0.32510000467300415
Training round: 206		accuracy = 0.3605000078678131
Training round: 207		accuracy = 0.35760000348091125
Training round: 208		accuracy = 0.3343000113964081
Training round: 209		accuracy = 0.37139999866485596
Training round: 210		accuracy = 0.40709999203681946
Training round: 211		accuracy = 0.3986999988555908
Training round: 212		accuracy = 0.29350000619888306
Training round: 213		accuracy = 0.32440000772476196
Training round: 214		accuracy = 0.3398999869823456
Training round: 215		accuracy = 0.3427000045776367
Training round: 216		accuracy = 0.3521000146865845
Training round: 217		accuracy = 0.3070000112056732
Training round: 218		accuracy = 0.35429999232292175
Training round: 219		accuracy = 0.3434999883174896
Training round: 220		accuracy = 0.3287000060081482
Training round: 221		accuracy = 0.38589999079704285
Training round: 222		accuracy = 0.3037000000476837
Training round: 223		accuracy = 0.31459999084472656
Training round: 224		accuracy = 0.36719998717308044
Training round: 225		accuracy = 0.3610999882221222
Training round: 226		accuracy = 0.34689998626708984
Training round: 227		accuracy = 0.3610000014305115
Training round: 228		accuracy = 0.38499999046325684
Training round: 229		accuracy = 0.3138999938964844
Training round: 230		accuracy = 0.34360000491142273
Training round: 231		accuracy = 0.31679999828338623
Training round: 232		accuracy = 0.3495999872684479
Training round: 233		accuracy = 0.3465999960899353
Training round: 234		accuracy = 0.4131999909877777
Training round: 235		accuracy = 0.3102000057697296
Training round: 236		accuracy = 0.37369999289512634
Training round: 237		accuracy = 0.3813000023365021
Training round: 238		accuracy = 0.3711000084877014
Training round: 239		accuracy = 0.38420000672340393
Training round: 240		accuracy = 0.33959999680519104
Training round: 241		accuracy = 0.36640000343322754
Training round: 242		accuracy = 0.36550000309944153
Training round: 243		accuracy = 0.33410000801086426
Training round: 244		accuracy = 0.33570000529289246
Training round: 245		accuracy = 0.36910000443458557
Training round: 246		accuracy = 0.4092999994754791
Training round: 247		accuracy = 0.3977000117301941
Training round: 248		accuracy = 0.36410000920295715
Training round: 249		accuracy = 0.36890000104904175
Training round: 250		accuracy = 0.3012000024318695
Training round: 251		accuracy = 0.2554999887943268
Training round: 252		accuracy = 0.3709000051021576
Training round: 253		accuracy = 0.32089999318122864
Training round: 254		accuracy = 0.3407999873161316
Training round: 255		accuracy = 0.3346000015735626
Training round: 256		accuracy = 0.38429999351501465
Training round: 257		accuracy = 0.3774000108242035
Training round: 258		accuracy = 0.3336000144481659
Training round: 259		accuracy = 0.3855000138282776
Training round: 260		accuracy = 0.359499990940094
Training round: 261		accuracy = 0.3483000099658966
Training round: 262		accuracy = 0.3677999973297119
Training round: 263		accuracy = 0.3158000111579895
Training round: 264		accuracy = 0.36399999260902405
Training round: 265		accuracy = 0.382999986410141
Training round: 266		accuracy = 0.3540000021457672
Training round: 267		accuracy = 0.32839998602867126
Training round: 268		accuracy = 0.3698999881744385
Training round: 269		accuracy = 0.3594000041484833
Training round: 270		accuracy = 0.396699994802475
Training round: 271		accuracy = 0.40369999408721924
Training round: 272		accuracy = 0.38519999384880066
Training round: 273		accuracy = 0.4187000095844269
Training round: 274		accuracy = 0.42829999327659607
Training round: 275		accuracy = 0.39910000562667847
Training round: 276		accuracy = 0.3806999921798706
Training round: 277		accuracy = 0.38370001316070557
Training round: 278		accuracy = 0.4072999954223633
Training round: 279		accuracy = 0.33309999108314514
Training round: 280		accuracy = 0.33959999680519104
Training round: 281		accuracy = 0.39660000801086426
Training round: 282		accuracy = 0.37790000438690186
Training round: 283		accuracy = 0.4043000042438507
Training round: 284		accuracy = 0.384799987077713
Training round: 285		accuracy = 0.3779999911785126
Training round: 286		accuracy = 0.36890000104904175
Training round: 287		accuracy = 0.36880001425743103
Training round: 288		accuracy = 0.4277999997138977
Training round: 289		accuracy = 0.4284999966621399
Training round: 290		accuracy = 0.3912000060081482
Training round: 291		accuracy = 0.38179999589920044
Training round: 292		accuracy = 0.44589999318122864
Training round: 293		accuracy = 0.44119998812675476
Training round: 294		accuracy = 0.4032000005245209
Training round: 295		accuracy = 0.3856000006198883
Training round: 296		accuracy = 0.43939998745918274
Training round: 297		accuracy = 0.4147000014781952
Training round: 298		accuracy = 0.36239999532699585
Training round: 299		accuracy = 0.4081000089645386
Training round: 300		accuracy = 0.36230000853538513
Training round: 301		accuracy = 0.3407000005245209
Training round: 302		accuracy = 0.38609999418258667
Training round: 303		accuracy = 0.304500013589859
Training round: 304		accuracy = 0.3172000050544739
Training round: 305		accuracy = 0.3513999879360199
Training round: 306		accuracy = 0.3596000075340271
Training round: 307		accuracy = 0.38580000400543213
Training round: 308		accuracy = 0.42010000348091125
Training round: 309		accuracy = 0.3652999997138977
Training round: 310		accuracy = 0.3352000117301941
Training round: 311		accuracy = 0.36890000104904175
Training round: 312		accuracy = 0.3278999924659729
Training round: 313		accuracy = 0.3522999882698059
Training round: 314		accuracy = 0.3440999984741211
Training round: 315		accuracy = 0.3675000071525574
Training round: 316		accuracy = 0.373199999332428
Training round: 317		accuracy = 0.3580999970436096
Training round: 318		accuracy = 0.3434000015258789
Training round: 319		accuracy = 0.4269999861717224
Training round: 320		accuracy = 0.39149999618530273
Training round: 321		accuracy = 0.3928000032901764
Training round: 322		accuracy = 0.420199990272522
Training round: 323		accuracy = 0.38690000772476196
Training round: 324		accuracy = 0.41429999470710754
Training round: 325		accuracy = 0.42989999055862427
Training round: 326		accuracy = 0.39430001378059387
Training round: 327		accuracy = 0.3813999891281128
Training round: 328		accuracy = 0.39660000801086426
Training round: 329		accuracy = 0.44190001487731934
Training round: 330		accuracy = 0.4708000123500824
Training round: 331		accuracy = 0.4465000033378601
Training round: 332		accuracy = 0.37540000677108765
Training round: 333		accuracy = 0.3898000121116638
Training round: 334		accuracy = 0.4348999857902527
Training round: 335		accuracy = 0.40849998593330383
Training round: 336		accuracy = 0.4307999908924103
Training round: 337		accuracy = 0.36320000886917114
Training round: 338		accuracy = 0.3666999936103821
Training round: 339		accuracy = 0.399399995803833
Training round: 340		accuracy = 0.38530001044273376
Training round: 341		accuracy = 0.4007999897003174
Training round: 342		accuracy = 0.3686000108718872
Training round: 343		accuracy = 0.3928999900817871
Training round: 344		accuracy = 0.41530001163482666
Training round: 345		accuracy = 0.4341999888420105
Training round: 346		accuracy = 0.42410001158714294
Training round: 347		accuracy = 0.42739999294281006
Training round: 348		accuracy = 0.4156999886035919
Training round: 349		accuracy = 0.41690000891685486
Training round: 350		accuracy = 0.39329999685287476
Training round: 351		accuracy = 0.35120001435279846
Training round: 352		accuracy = 0.41769999265670776
Training round: 353		accuracy = 0.3831999897956848
Training round: 354		accuracy = 0.40720000863075256
Training round: 355		accuracy = 0.4000000059604645
Training round: 356		accuracy = 0.3873000144958496
Training round: 357		accuracy = 0.39719998836517334
Training round: 358		accuracy = 0.3912999927997589
Training round: 359		accuracy = 0.400299996137619
Training round: 360		accuracy = 0.3707999885082245
Training round: 361		accuracy = 0.42010000348091125
Training round: 362		accuracy = 0.4645000100135803
Training round: 363		accuracy = 0.38769999146461487
Training round: 364		accuracy = 0.41600000858306885
Training round: 365		accuracy = 0.3885999917984009
Training round: 366		accuracy = 0.4223000109195709
Training round: 367		accuracy = 0.3833000063896179
Training round: 368		accuracy = 0.39570000767707825
Training round: 369		accuracy = 0.42179998755455017
Training round: 370		accuracy = 0.412200003862381
Training round: 371		accuracy = 0.4490000009536743
Training round: 372		accuracy = 0.4255000054836273
Training round: 373		accuracy = 0.46549999713897705
Training round: 374		accuracy = 0.43630000948905945
Training round: 375		accuracy = 0.42739999294281006
Training round: 376		accuracy = 0.4198000133037567
Training round: 377		accuracy = 0.40560001134872437
Training round: 378		accuracy = 0.38850000500679016
Training round: 379		accuracy = 0.3944000005722046
Training round: 380		accuracy = 0.3896999955177307
Training round: 381		accuracy = 0.3880000114440918
Training round: 382		accuracy = 0.46050000190734863
Training round: 383		accuracy = 0.46540001034736633
Training round: 384		accuracy = 0.4081000089645386
Training round: 385		accuracy = 0.4059999883174896
Training round: 386		accuracy = 0.42719998955726624
Training round: 387		accuracy = 0.41589999198913574
Training round: 388		accuracy = 0.4142000079154968
Training round: 389		accuracy = 0.43220001459121704
Training round: 390		accuracy = 0.4124000072479248
Training round: 391		accuracy = 0.3986999988555908
Training round: 392		accuracy = 0.43869999051094055
Training round: 393		accuracy = 0.41940000653266907
Training round: 394		accuracy = 0.4230000078678131
Training round: 395		accuracy = 0.43059998750686646
Training round: 396		accuracy = 0.4196999967098236
Training round: 397		accuracy = 0.4278999865055084
Training round: 398		accuracy = 0.4302000105381012
Training round: 399		accuracy = 0.3889000117778778
Training round: 400		accuracy = 0.40610000491142273
Training round: 401		accuracy = 0.41659998893737793
Training round: 402		accuracy = 0.35929998755455017
Training round: 403		accuracy = 0.45669999718666077
Training round: 404		accuracy = 0.4138000011444092
Training round: 405		accuracy = 0.39809998869895935
Training round: 406		accuracy = 0.41620001196861267
Training round: 407		accuracy = 0.33820000290870667
Training round: 408		accuracy = 0.3953000009059906
Training round: 409		accuracy = 0.3953000009059906
Training round: 410		accuracy = 0.37599998712539673
Training round: 411		accuracy = 0.4081999957561493
Training round: 412		accuracy = 0.44339999556541443
Training round: 413		accuracy = 0.4399999976158142
Training round: 414		accuracy = 0.3962000012397766
Training round: 415		accuracy = 0.3912000060081482
Training round: 416		accuracy = 0.39239999651908875
Training round: 417		accuracy = 0.39660000801086426
Training round: 418		accuracy = 0.3919000029563904
Training round: 419		accuracy = 0.4246000051498413
Training round: 420		accuracy = 0.4422000050544739
Training round: 421		accuracy = 0.4512999951839447
Training round: 422		accuracy = 0.4023999869823456
Training round: 423		accuracy = 0.3555000126361847
Training round: 424		accuracy = 0.40459999442100525
Training round: 425		accuracy = 0.4366999864578247
Training round: 426		accuracy = 0.33970001339912415
Training round: 427		accuracy = 0.39419999718666077
Training round: 428		accuracy = 0.3986999988555908
Training round: 429		accuracy = 0.37959998846054077
Training round: 430		accuracy = 0.40869998931884766
Training round: 431		accuracy = 0.3467999994754791
Training round: 432		accuracy = 0.39469999074935913
Training round: 433		accuracy = 0.4187999963760376
Training round: 434		accuracy = 0.39070001244544983
Training round: 435		accuracy = 0.42649999260902405
Training round: 436		accuracy = 0.4083000123500824
Training round: 437		accuracy = 0.35359999537467957
Training round: 438		accuracy = 0.34139999747276306
Training round: 439		accuracy = 0.3880999982357025
Training round: 440		accuracy = 0.3961000144481659
Training round: 441		accuracy = 0.4627000093460083
Training round: 442		accuracy = 0.36239999532699585
Training round: 443		accuracy = 0.4772999882698059
Training round: 444		accuracy = 0.38109999895095825
Training round: 445		accuracy = 0.4569999873638153
Training round: 446		accuracy = 0.4609000086784363
Training round: 447		accuracy = 0.3808000087738037
Training round: 448		accuracy = 0.36340001225471497
Training round: 449		accuracy = 0.39320001006126404
Training round: 450		accuracy = 0.42410001158714294
Training round: 451		accuracy = 0.382999986410141
Training round: 452		accuracy = 0.3774999976158142
Training round: 453		accuracy = 0.4226999878883362
Training round: 454		accuracy = 0.4198000133037567
Training round: 455		accuracy = 0.4000000059604645
Training round: 456		accuracy = 0.4359000027179718
Training round: 457		accuracy = 0.41119998693466187
Training round: 458		accuracy = 0.4002000093460083
Training round: 459		accuracy = 0.426800012588501
Training round: 460		accuracy = 0.42980000376701355
Training round: 461		accuracy = 0.41339999437332153
Training round: 462		accuracy = 0.40939998626708984
Training round: 463		accuracy = 0.439300000667572
Training round: 464		accuracy = 0.4551999866962433
Training round: 465		accuracy = 0.4440000057220459
Training round: 466		accuracy = 0.40220001339912415
Training round: 467		accuracy = 0.45350000262260437
Training round: 468		accuracy = 0.42419999837875366
Training round: 469		accuracy = 0.48420000076293945
Training round: 470		accuracy = 0.4142000079154968
Training round: 471		accuracy = 0.47040000557899475
Training round: 472		accuracy = 0.41690000891685486
Training round: 473		accuracy = 0.4645000100135803
Training round: 474		accuracy = 0.43959999084472656
Training round: 475		accuracy = 0.4528000056743622
Training round: 476		accuracy = 0.46000000834465027
Training round: 477		accuracy = 0.451200008392334
Training round: 478		accuracy = 0.4496999979019165
Training round: 479		accuracy = 0.4059999883174896
Training round: 480		accuracy = 0.42320001125335693
Training round: 481		accuracy = 0.4821999967098236
Training round: 482		accuracy = 0.48069998621940613
Training round: 483		accuracy = 0.39750000834465027
Training round: 484		accuracy = 0.42590001225471497
Training round: 485		accuracy = 0.4101000130176544
Training round: 486		accuracy = 0.4530999958515167
Training round: 487		accuracy = 0.4361000061035156
Training round: 488		accuracy = 0.47049999237060547
Training round: 489		accuracy = 0.430400013923645
Training round: 490		accuracy = 0.4837999939918518
Training round: 491		accuracy = 0.4429999887943268
Training round: 492		accuracy = 0.49480000138282776
Training round: 493		accuracy = 0.41530001163482666
Training round: 494		accuracy = 0.4551999866962433
Training round: 495		accuracy = 0.4535999894142151
Training round: 496		accuracy = 0.45399999618530273
Training round: 497		accuracy = 0.5051000118255615
Training round: 498		accuracy = 0.4480000138282776
Training round: 499		accuracy = 0.47920000553131104
Training round: 500		accuracy = 0.398499995470047
Training round: 501		accuracy = 0.39809998869895935
Training round: 502		accuracy = 0.45100000500679016
Training round: 503		accuracy = 0.47440001368522644
Training round: 504		accuracy = 0.43540000915527344
Training round: 505		accuracy = 0.505299985408783
Training round: 506		accuracy = 0.42309999465942383
Training round: 507		accuracy = 0.4189999997615814
Training round: 508		accuracy = 0.48429998755455017
Training round: 509		accuracy = 0.4108999967575073
Training round: 510		accuracy = 0.4577000141143799
Training round: 511		accuracy = 0.48100000619888306
Training round: 512		accuracy = 0.49779999256134033
Training round: 513		accuracy = 0.4616999924182892
Training round: 514		accuracy = 0.4219000041484833
Training round: 515		accuracy = 0.5167999863624573
Training round: 516		accuracy = 0.4577000141143799
Training round: 517		accuracy = 0.3709000051021576
Training round: 518		accuracy = 0.45879998803138733
Training round: 519		accuracy = 0.46369999647140503
Training round: 520		accuracy = 0.46959999203681946
Training round: 521		accuracy = 0.43389999866485596
Training round: 522		accuracy = 0.4146000146865845
Training round: 523		accuracy = 0.3573000133037567
Training round: 524		accuracy = 0.39399999380111694
Training round: 525		accuracy = 0.4318999946117401
Training round: 526		accuracy = 0.4832000136375427
Training round: 527		accuracy = 0.4934999942779541
Training round: 528		accuracy = 0.42660000920295715
Training round: 529		accuracy = 0.424699991941452
Training round: 530		accuracy = 0.3824000060558319
Training round: 531		accuracy = 0.42820000648498535
Training round: 532		accuracy = 0.4381999969482422
Training round: 533		accuracy = 0.41769999265670776
Training round: 534		accuracy = 0.41600000858306885
Training round: 535		accuracy = 0.46560001373291016
Training round: 536		accuracy = 0.4350999891757965
Training round: 537		accuracy = 0.3806000053882599
Training round: 538		accuracy = 0.4544999897480011
Training round: 539		accuracy = 0.45100000500679016
Training round: 540		accuracy = 0.41519999504089355
Training round: 541		accuracy = 0.5091999769210815
Training round: 542		accuracy = 0.4316999912261963
Training round: 543		accuracy = 0.45159998536109924
Training round: 544		accuracy = 0.436599999666214
Training round: 545		accuracy = 0.4528999924659729
Training round: 546		accuracy = 0.44999998807907104
Training round: 547		accuracy = 0.3977000117301941
Training round: 548		accuracy = 0.39149999618530273
Training round: 549		accuracy = 0.5033000111579895
Training round: 550		accuracy = 0.43059998750686646
Training round: 551		accuracy = 0.4927000105381012
Training round: 552		accuracy = 0.4553000032901764
Training round: 553		accuracy = 0.4099999964237213
Training round: 554		accuracy = 0.4226999878883362
Training round: 555		accuracy = 0.45190000534057617
Training round: 556		accuracy = 0.4133000075817108
Training round: 557		accuracy = 0.4474000036716461
Training round: 558		accuracy = 0.4690999984741211
Training round: 559		accuracy = 0.49720001220703125
Training round: 560		accuracy = 0.5166000127792358
Training round: 561		accuracy = 0.4041999876499176
Training round: 562		accuracy = 0.4388999938964844
Training round: 563		accuracy = 0.4666000008583069
Training round: 564		accuracy = 0.4106999933719635
Training round: 565		accuracy = 0.41499999165534973
Training round: 566		accuracy = 0.4503999948501587
Training round: 567		accuracy = 0.40540000796318054
Training round: 568		accuracy = 0.4767000079154968
Training round: 569		accuracy = 0.4812000095844269
Training round: 570		accuracy = 0.49799999594688416
Training round: 571		accuracy = 0.4629000127315521
Training round: 572		accuracy = 0.5133000016212463
Training round: 573		accuracy = 0.428600013256073
Training round: 574		accuracy = 0.349700003862381
Training round: 575		accuracy = 0.428600013256073
Training round: 576		accuracy = 0.4020000100135803
Training round: 577		accuracy = 0.4262000024318695
Training round: 578		accuracy = 0.44839999079704285
Training round: 579		accuracy = 0.42239999771118164
Training round: 580		accuracy = 0.4708999991416931
Training round: 581		accuracy = 0.47749999165534973
Training round: 582		accuracy = 0.42669999599456787
Training round: 583		accuracy = 0.454800009727478
Training round: 584		accuracy = 0.42649999260902405
Training round: 585		accuracy = 0.4659000039100647
Training round: 586		accuracy = 0.5034999847412109
Training round: 587		accuracy = 0.4431999921798706
Training round: 588		accuracy = 0.5091999769210815
Training round: 589		accuracy = 0.49559998512268066
Training round: 590		accuracy = 0.5253999829292297
Training round: 591		accuracy = 0.462799996137619
Training round: 592		accuracy = 0.4918000102043152
Training round: 593		accuracy = 0.5067999958992004
Training round: 594		accuracy = 0.45399999618530273
Training round: 595		accuracy = 0.446399986743927
Training round: 596		accuracy = 0.421099990606308
Training round: 597		accuracy = 0.4875999987125397
Training round: 598		accuracy = 0.46380001306533813
Training round: 599		accuracy = 0.4537999927997589
Training round: 600		accuracy = 0.47510001063346863
Training round: 601		accuracy = 0.4357999861240387
Training round: 602		accuracy = 0.46399998664855957
Training round: 603		accuracy = 0.45489999651908875
Training round: 604		accuracy = 0.5182999968528748
Training round: 605		accuracy = 0.4442000091075897
Training round: 606		accuracy = 0.4876999855041504
Training round: 607		accuracy = 0.49889999628067017
Training round: 608		accuracy = 0.48989999294281006
Training round: 609		accuracy = 0.5414999723434448
Training round: 610		accuracy = 0.5133000016212463
Training round: 611		accuracy = 0.4652999937534332
Training round: 612		accuracy = 0.4814999997615814
Training round: 613		accuracy = 0.45750001072883606
Training round: 614		accuracy = 0.4406999945640564
Training round: 615		accuracy = 0.42750000953674316
Training round: 616		accuracy = 0.44859999418258667
Training round: 617		accuracy = 0.47450000047683716
Training round: 618		accuracy = 0.38589999079704285
Training round: 619		accuracy = 0.4056999981403351
Training round: 620		accuracy = 0.44449999928474426
Training round: 621		accuracy = 0.41179999709129333
Training round: 622		accuracy = 0.4553000032901764
Training round: 623		accuracy = 0.48649999499320984
Training round: 624		accuracy = 0.4194999933242798
Training round: 625		accuracy = 0.40389999747276306
Training round: 626		accuracy = 0.42149999737739563
Training round: 627		accuracy = 0.47859999537467957
Training round: 628		accuracy = 0.4925999939441681
Training round: 629		accuracy = 0.4083999991416931
Training round: 630		accuracy = 0.4503999948501587
Training round: 631		accuracy = 0.413100004196167
Training round: 632		accuracy = 0.4131999909877777
Training round: 633		accuracy = 0.4521999955177307
Training round: 634		accuracy = 0.4205000102519989
Training round: 635		accuracy = 0.5185999870300293
Training round: 636		accuracy = 0.5238000154495239
Training round: 637		accuracy = 0.47029998898506165
Training round: 638		accuracy = 0.4230000078678131
Training round: 639		accuracy = 0.44290000200271606
Training round: 640		accuracy = 0.4242999851703644
Training round: 641		accuracy = 0.450300008058548
Training round: 642		accuracy = 0.41589999198913574
Training round: 643		accuracy = 0.398499995470047
Training round: 644		accuracy = 0.47130000591278076
Training round: 645		accuracy = 0.49000000953674316
Training round: 646		accuracy = 0.5170000195503235
Training round: 647		accuracy = 0.421999990940094
Training round: 648		accuracy = 0.4154999852180481
Training round: 649		accuracy = 0.492900013923645
Training round: 650		accuracy = 0.5130000114440918
Training round: 651		accuracy = 0.45980000495910645
Training round: 652		accuracy = 0.4693000018596649
Training round: 653		accuracy = 0.5343000292778015
Training round: 654		accuracy = 0.48190000653266907
Training round: 655		accuracy = 0.47209998965263367
Training round: 656		accuracy = 0.4318999946117401
Training round: 657		accuracy = 0.5001999735832214
Training round: 658		accuracy = 0.5034999847412109
Training round: 659		accuracy = 0.49070000648498535
Training round: 660		accuracy = 0.44699999690055847
Training round: 661		accuracy = 0.46549999713897705
Training round: 662		accuracy = 0.4661000072956085
Training round: 663		accuracy = 0.4595000147819519
Training round: 664		accuracy = 0.42969998717308044
Training round: 665		accuracy = 0.5188000202178955
Training round: 666		accuracy = 0.46299999952316284
Training round: 667		accuracy = 0.4462999999523163
Training round: 668		accuracy = 0.4966999888420105
Training round: 669		accuracy = 0.47350001335144043
Training round: 670		accuracy = 0.46219998598098755
Training round: 671		accuracy = 0.5273000001907349
Training round: 672		accuracy = 0.4350999891757965
Training round: 673		accuracy = 0.4657999873161316
Training round: 674		accuracy = 0.47850000858306885
Training round: 675		accuracy = 0.45809999108314514
Training round: 676		accuracy = 0.445499986410141
Training round: 677		accuracy = 0.3862999975681305
Training round: 678		accuracy = 0.361299991607666
Training round: 679		accuracy = 0.4016999900341034
Training round: 680		accuracy = 0.41190001368522644
Training round: 681		accuracy = 0.4553000032901764
Training round: 682		accuracy = 0.38920000195503235
Training round: 683		accuracy = 0.4894999861717224
Training round: 684		accuracy = 0.4740999937057495
Training round: 685		accuracy = 0.48019999265670776
Training round: 686		accuracy = 0.39879998564720154
Training round: 687		accuracy = 0.4480000138282776
Training round: 688		accuracy = 0.48969998955726624
Training round: 689		accuracy = 0.48570001125335693
Training round: 690		accuracy = 0.46389999985694885
Training round: 691		accuracy = 0.44749999046325684
Training round: 692		accuracy = 0.5042999982833862
Training round: 693		accuracy = 0.5023000240325928
Training round: 694		accuracy = 0.4814000129699707
Training round: 695		accuracy = 0.5058000087738037
Training round: 696		accuracy = 0.48249998688697815
Training round: 697		accuracy = 0.45179998874664307
Training round: 698		accuracy = 0.48910000920295715
Training round: 699		accuracy = 0.4875999987125397
Training round: 700		accuracy = 0.5029000043869019
Training round: 701		accuracy = 0.47780001163482666
Training round: 702		accuracy = 0.45899999141693115
Training round: 703		accuracy = 0.475600004196167
Training round: 704		accuracy = 0.5026999711990356
Training round: 705		accuracy = 0.4205999970436096
Training round: 706		accuracy = 0.5063999891281128
Training round: 707		accuracy = 0.44130000472068787
Training round: 708		accuracy = 0.5389000177383423
Training round: 709		accuracy = 0.45179998874664307
Training round: 710		accuracy = 0.5217999815940857
Training round: 711		accuracy = 0.49480000138282776
Training round: 712		accuracy = 0.48820000886917114
Training round: 713		accuracy = 0.49230000376701355
Training round: 714		accuracy = 0.462799996137619
Training round: 715		accuracy = 0.46720001101493835
Training round: 716		accuracy = 0.4648999869823456
Training round: 717		accuracy = 0.5153999924659729
Training round: 718		accuracy = 0.4821000099182129
Training round: 719		accuracy = 0.47440001368522644
Training round: 720		accuracy = 0.43479999899864197
Training round: 721		accuracy = 0.4823000133037567
Training round: 722		accuracy = 0.48410001397132874
Training round: 723		accuracy = 0.4966999888420105
Training round: 724		accuracy = 0.5217999815940857
Training round: 725		accuracy = 0.41670000553131104
Training round: 726		accuracy = 0.47870001196861267
Training round: 727		accuracy = 0.46950000524520874
Training round: 728		accuracy = 0.44699999690055847
Training round: 729		accuracy = 0.4982999861240387
Training round: 730		accuracy = 0.4237000048160553
Training round: 731		accuracy = 0.4390000104904175
Training round: 732		accuracy = 0.4968000054359436
Training round: 733		accuracy = 0.49709999561309814
Training round: 734		accuracy = 0.4984000027179718
Training round: 735		accuracy = 0.5228999853134155
Training round: 736		accuracy = 0.4562999904155731
Training round: 737		accuracy = 0.5095000267028809
Training round: 738		accuracy = 0.5059999823570251
Training round: 739		accuracy = 0.5085999965667725
Training round: 740		accuracy = 0.4348999857902527
Training round: 741		accuracy = 0.4724999964237213
Training round: 742		accuracy = 0.4851999878883362
Training round: 743		accuracy = 0.45829999446868896
Training round: 744		accuracy = 0.4496000111103058
Training round: 745		accuracy = 0.3982999920845032
Training round: 746		accuracy = 0.4900999963283539
Training round: 747		accuracy = 0.4487000107765198
Training round: 748		accuracy = 0.438400000333786
Training round: 749		accuracy = 0.4805000126361847
Training round: 750		accuracy = 0.4814999997615814
Training round: 751		accuracy = 0.5217999815940857
Training round: 752		accuracy = 0.5170000195503235
Training round: 753		accuracy = 0.489300012588501
Training round: 754		accuracy = 0.48500001430511475
Training round: 755		accuracy = 0.5098000168800354
Training round: 756		accuracy = 0.510699987411499
Training round: 757		accuracy = 0.45339998602867126
Training round: 758		accuracy = 0.47380000352859497
Training round: 759		accuracy = 0.4864000082015991
Training round: 760		accuracy = 0.4812999963760376
Training round: 761		accuracy = 0.5002999901771545
Training round: 762		accuracy = 0.4462999999523163
Training round: 763		accuracy = 0.5163000226020813
Training round: 764		accuracy = 0.42590001225471497
Training round: 765		accuracy = 0.4027999937534332
Training round: 766		accuracy = 0.46059998869895935
Training round: 767		accuracy = 0.49959999322891235
Training round: 768		accuracy = 0.48899999260902405
Training round: 769		accuracy = 0.5295000076293945
Training round: 770		accuracy = 0.44290000200271606
Training round: 771		accuracy = 0.5038999915122986
Training round: 772		accuracy = 0.49810001254081726
Training round: 773		accuracy = 0.527999997138977
Training round: 774		accuracy = 0.5062000155448914
Training round: 775		accuracy = 0.5253999829292297
Training round: 776		accuracy = 0.5198000073432922
Training round: 777		accuracy = 0.5224000215530396
Training round: 778		accuracy = 0.5080000162124634
Training round: 779		accuracy = 0.4763999879360199
Training round: 780		accuracy = 0.4860999882221222
Training round: 781		accuracy = 0.515500009059906
Training round: 782		accuracy = 0.46309998631477356
Training round: 783		accuracy = 0.4767000079154968
Training round: 784		accuracy = 0.42489999532699585
Training round: 785		accuracy = 0.5540000200271606
Training round: 786		accuracy = 0.5293999910354614
Training round: 787		accuracy = 0.44780001044273376
Training round: 788		accuracy = 0.4666999876499176
Training round: 789		accuracy = 0.46970000863075256
Training round: 790		accuracy = 0.4577000141143799
Training round: 791		accuracy = 0.4747999906539917
Training round: 792		accuracy = 0.4778999984264374
Training round: 793		accuracy = 0.4537000060081482
Training round: 794		accuracy = 0.4505000114440918
Training round: 795		accuracy = 0.4948999881744385
Training round: 796		accuracy = 0.4925000071525574
Training round: 797		accuracy = 0.48410001397132874
Training round: 798		accuracy = 0.5209000110626221
Training round: 799		accuracy = 0.5227000117301941
Training round: 800		accuracy = 0.5077999830245972
Training round: 801		accuracy = 0.5188999772071838
Training round: 802		accuracy = 0.42260000109672546
Training round: 803		accuracy = 0.47450000047683716
Training round: 804		accuracy = 0.49619999527931213
Training round: 805		accuracy = 0.46970000863075256
Training round: 806		accuracy = 0.46810001134872437
Training round: 807		accuracy = 0.5220999717712402
Training round: 808		accuracy = 0.4950000047683716
Training round: 809		accuracy = 0.5396999716758728
Training round: 810		accuracy = 0.4975000023841858
Training round: 811		accuracy = 0.5217999815940857
Training round: 812		accuracy = 0.49630001187324524
Training round: 813		accuracy = 0.4948999881744385
Training round: 814		accuracy = 0.4700999855995178
Training round: 815		accuracy = 0.49399998784065247
Training round: 816		accuracy = 0.5012999773025513
Training round: 817		accuracy = 0.4984999895095825
Training round: 818		accuracy = 0.4738999903202057
Training round: 819		accuracy = 0.4708000123500824
Training round: 820		accuracy = 0.4918000102043152
Training round: 821		accuracy = 0.5185999870300293
Training round: 822		accuracy = 0.5138000249862671
Training round: 823		accuracy = 0.5170999765396118
Training round: 824		accuracy = 0.5472000241279602
Training round: 825		accuracy = 0.5343999862670898
Training round: 826		accuracy = 0.4083000123500824
Training round: 827		accuracy = 0.4047999978065491
Training round: 828		accuracy = 0.5230000019073486
Training round: 829		accuracy = 0.5146999955177307
Training round: 830		accuracy = 0.45339998602867126
Training round: 831		accuracy = 0.47929999232292175
Training round: 832		accuracy = 0.51910001039505
Training round: 833		accuracy = 0.4036000072956085
Training round: 834		accuracy = 0.453000009059906
Training round: 835		accuracy = 0.4453999996185303
Training round: 836		accuracy = 0.4235999882221222
Training round: 837		accuracy = 0.476500004529953
Training round: 838		accuracy = 0.46399998664855957
Training round: 839		accuracy = 0.49309998750686646
Training round: 840		accuracy = 0.5072000026702881
Training round: 841		accuracy = 0.45010000467300415
Training round: 842		accuracy = 0.4860000014305115
Training round: 843		accuracy = 0.44510000944137573
Training round: 844		accuracy = 0.398499995470047
Training round: 845		accuracy = 0.503600001335144
Training round: 846		accuracy = 0.5142999887466431
Training round: 847		accuracy = 0.44200000166893005
Training round: 848		accuracy = 0.5001999735832214
Training round: 849		accuracy = 0.5385000109672546
Training round: 850		accuracy = 0.46320000290870667
Training round: 851		accuracy = 0.4681999981403351
Training round: 852		accuracy = 0.45339998602867126
Training round: 853		accuracy = 0.4406999945640564
Training round: 854		accuracy = 0.5253999829292297
Training round: 855		accuracy = 0.5289999842643738
Training round: 856		accuracy = 0.4821999967098236
Training round: 857		accuracy = 0.48989999294281006
Training round: 858		accuracy = 0.48010000586509705
Training round: 859		accuracy = 0.4984000027179718
Training round: 860		accuracy = 0.5302000045776367
Training round: 861		accuracy = 0.49320000410079956
Training round: 862		accuracy = 0.5077999830245972
Training round: 863		accuracy = 0.4675999879837036
Training round: 864		accuracy = 0.4810999929904938
Training round: 865		accuracy = 0.506600022315979
Training round: 866		accuracy = 0.49779999256134033
Training round: 867		accuracy = 0.4839000105857849
Training round: 868		accuracy = 0.47290000319480896
Training round: 869		accuracy = 0.5476999878883362
Training round: 870		accuracy = 0.40790000557899475
Training round: 871		accuracy = 0.48420000076293945
Training round: 872		accuracy = 0.4790000021457672
Training round: 873		accuracy = 0.40209999680519104
Training round: 874		accuracy = 0.5260999798774719
Training round: 875		accuracy = 0.5407000184059143
Training round: 876		accuracy = 0.47519999742507935
Training round: 877		accuracy = 0.4851999878883362
Training round: 878		accuracy = 0.4627000093460083
Training round: 879		accuracy = 0.4262000024318695
Training round: 880		accuracy = 0.5329999923706055
Training round: 881		accuracy = 0.4814999997615814
Training round: 882		accuracy = 0.47099998593330383
Training round: 883		accuracy = 0.4142000079154968
Training round: 884		accuracy = 0.46059998869895935
Training round: 885		accuracy = 0.4677000045776367
Training round: 886		accuracy = 0.5443000197410583
Training round: 887		accuracy = 0.444599986076355
Training round: 888		accuracy = 0.3986000120639801
Training round: 889		accuracy = 0.5378000140190125
Training round: 890		accuracy = 0.5270000100135803
Training round: 891		accuracy = 0.5187000036239624
Training round: 892		accuracy = 0.5041999816894531
Training round: 893		accuracy = 0.5174000263214111
Training round: 894		accuracy = 0.4936000108718872
Training round: 895		accuracy = 0.4763999879360199
Training round: 896		accuracy = 0.5047000050544739
Training round: 897		accuracy = 0.5152999758720398
Training round: 898		accuracy = 0.5030999779701233
Training round: 899		accuracy = 0.510200023651123
Training round: 900		accuracy = 0.5134000182151794
Training round: 901		accuracy = 0.5206000208854675
Training round: 902		accuracy = 0.4952000081539154
Training round: 903		accuracy = 0.5034999847412109
Training round: 904		accuracy = 0.5109999775886536
Training round: 905		accuracy = 0.5295000076293945
Training round: 906		accuracy = 0.5212000012397766
Training round: 907		accuracy = 0.49970000982284546
Training round: 908		accuracy = 0.42480000853538513
Training round: 909		accuracy = 0.48730000853538513
Training round: 910		accuracy = 0.5026000142097473
Training round: 911		accuracy = 0.4966999888420105
Training round: 912		accuracy = 0.4864000082015991
Training round: 913		accuracy = 0.5365999937057495
Training round: 914		accuracy = 0.46799999475479126
Training round: 915		accuracy = 0.5271000266075134
Training round: 916		accuracy = 0.47909998893737793
Training round: 917		accuracy = 0.48170000314712524
Training round: 918		accuracy = 0.5332000255584717
Training round: 919		accuracy = 0.5460000038146973
Training round: 920		accuracy = 0.5231000185012817
Training round: 921		accuracy = 0.5357000231742859
Training round: 922		accuracy = 0.5321000218391418
Training round: 923		accuracy = 0.5139999985694885
Training round: 924		accuracy = 0.503600001335144
Training round: 925		accuracy = 0.5318999886512756
Training round: 926		accuracy = 0.5512999892234802
Training round: 927		accuracy = 0.5347999930381775
Training round: 928		accuracy = 0.4830999970436096
Training round: 929		accuracy = 0.47049999237060547
Training round: 930		accuracy = 0.4765999913215637
Training round: 931		accuracy = 0.535099983215332
Training round: 932		accuracy = 0.48249998688697815
Training round: 933		accuracy = 0.4977000057697296
Training round: 934		accuracy = 0.5022000074386597
Training round: 935		accuracy = 0.5257999897003174
Training round: 936		accuracy = 0.5432999730110168
Training round: 937		accuracy = 0.5113000273704529
Training round: 938		accuracy = 0.5163999795913696
Training round: 939		accuracy = 0.5047000050544739
Training round: 940		accuracy = 0.4643999934196472
Training round: 941		accuracy = 0.5011000037193298
Training round: 942		accuracy = 0.5436000227928162
Training round: 943		accuracy = 0.5537999868392944
Training round: 944		accuracy = 0.43290001153945923
Training round: 945		accuracy = 0.5034000277519226
Training round: 946		accuracy = 0.5228000283241272
Training round: 947		accuracy = 0.5533999800682068
Training round: 948		accuracy = 0.5087000131607056
Training round: 949		accuracy = 0.4902999997138977
Training round: 950		accuracy = 0.5227000117301941
Training round: 951		accuracy = 0.5386000275611877
Training round: 952		accuracy = 0.5184000134468079
Training round: 953		accuracy = 0.5059999823570251
Training round: 954		accuracy = 0.5428000092506409
Training round: 955		accuracy = 0.5281000137329102
Training round: 956		accuracy = 0.5519000291824341
Training round: 957		accuracy = 0.49959999322891235
Training round: 958		accuracy = 0.5393999814987183
Training round: 959		accuracy = 0.4821000099182129
Training round: 960		accuracy = 0.4706999957561493
Training round: 961		accuracy = 0.4657000005245209
Training round: 962		accuracy = 0.4577000141143799
Training round: 963		accuracy = 0.5134000182151794
Training round: 964		accuracy = 0.5396000146865845
Training round: 965		accuracy = 0.5551000237464905
Training round: 966		accuracy = 0.5342000126838684
Training round: 967		accuracy = 0.5115000009536743
Training round: 968		accuracy = 0.5267999768257141
Training round: 969		accuracy = 0.516700029373169
Training round: 970		accuracy = 0.5539000034332275
Training round: 971		accuracy = 0.4984000027179718
Training round: 972		accuracy = 0.49900001287460327
Training round: 973		accuracy = 0.45750001072883606
Training round: 974		accuracy = 0.5270000100135803
Training round: 975		accuracy = 0.5437999963760376
Training round: 976		accuracy = 0.4855000078678131
Training round: 977		accuracy = 0.49230000376701355
Training round: 978		accuracy = 0.4934000074863434
Training round: 979		accuracy = 0.53329998254776
Training round: 980		accuracy = 0.5203999876976013
Training round: 981		accuracy = 0.4812999963760376
Training round: 982		accuracy = 0.49480000138282776
Training round: 983		accuracy = 0.5205000042915344
Training round: 984		accuracy = 0.5196999907493591
Training round: 985		accuracy = 0.5461000204086304
Training round: 986		accuracy = 0.5422999858856201
Training round: 987		accuracy = 0.45719999074935913
Training round: 988		accuracy = 0.4970000088214874
Training round: 989		accuracy = 0.49880000948905945
Training round: 990		accuracy = 0.4415999948978424
Training round: 991		accuracy = 0.5192999839782715
Training round: 992		accuracy = 0.5042999982833862
Training round: 993		accuracy = 0.44830000400543213
Training round: 994		accuracy = 0.5440000295639038
Training round: 995		accuracy = 0.5149000287055969
Training round: 996		accuracy = 0.5123000144958496
Training round: 997		accuracy = 0.48080000281333923
Training round: 998		accuracy = 0.5260999798774719
Training round: 999		accuracy = 0.5232999920845032
Training round: 1000		accuracy = 0.5241000056266785
Training duration 7618.957924365997
