2021-08-22 19:23:29.415219: I tensorflow/stream_executor/platform/default/dso_loader.cc:49] Successfully opened dynamic library libcudart.so.11.0
2021-08-22 19:24:10.504343: I tensorflow/compiler/jit/xla_cpu_device.cc:41] Not creating XLA devices, tf_xla_enable_xla_devices not set
2021-08-22 19:24:10.508023: I tensorflow/stream_executor/platform/default/dso_loader.cc:49] Successfully opened dynamic library libcuda.so.1
2021-08-22 19:24:10.539146: I tensorflow/core/common_runtime/gpu/gpu_device.cc:1720] Found device 0 with properties: 
pciBusID: 0000:03:00.0 name: Tesla P100-PCIE-12GB computeCapability: 6.0
coreClock: 1.3285GHz coreCount: 56 deviceMemorySize: 11.91GiB deviceMemoryBandwidth: 511.41GiB/s
2021-08-22 19:24:10.539705: I tensorflow/stream_executor/platform/default/dso_loader.cc:49] Successfully opened dynamic library libcudart.so.11.0
2021-08-22 19:24:10.550084: I tensorflow/stream_executor/platform/default/dso_loader.cc:49] Successfully opened dynamic library libcublas.so.11
2021-08-22 19:24:10.550238: I tensorflow/stream_executor/platform/default/dso_loader.cc:49] Successfully opened dynamic library libcublasLt.so.11
2021-08-22 19:24:10.555613: I tensorflow/stream_executor/platform/default/dso_loader.cc:49] Successfully opened dynamic library libcufft.so.10
2021-08-22 19:24:10.559475: I tensorflow/stream_executor/platform/default/dso_loader.cc:49] Successfully opened dynamic library libcurand.so.10
2021-08-22 19:24:10.567984: I tensorflow/stream_executor/platform/default/dso_loader.cc:49] Successfully opened dynamic library libcusolver.so.10
2021-08-22 19:24:10.570206: I tensorflow/stream_executor/platform/default/dso_loader.cc:49] Successfully opened dynamic library libcusparse.so.11
2021-08-22 19:24:10.571138: I tensorflow/stream_executor/platform/default/dso_loader.cc:49] Successfully opened dynamic library libcudnn.so.8
2021-08-22 19:24:10.574481: I tensorflow/core/common_runtime/gpu/gpu_device.cc:1862] Adding visible gpu devices: 0
2021-08-22 19:24:10.581366: I tensorflow/core/platform/cpu_feature_guard.cc:142] This TensorFlow binary is optimized with oneAPI Deep Neural Network Library (oneDNN) to use the following CPU instructions in performance-critical operations:  AVX2 FMA
To enable them in other operations, rebuild TensorFlow with the appropriate compiler flags.
2021-08-22 19:24:10.581738: I tensorflow/compiler/jit/xla_gpu_device.cc:99] Not creating XLA devices, tf_xla_enable_xla_devices not set
2021-08-22 19:24:10.583725: I tensorflow/core/common_runtime/gpu/gpu_device.cc:1720] Found device 0 with properties: 
pciBusID: 0000:03:00.0 name: Tesla P100-PCIE-12GB computeCapability: 6.0
coreClock: 1.3285GHz coreCount: 56 deviceMemorySize: 11.91GiB deviceMemoryBandwidth: 511.41GiB/s
2021-08-22 19:24:10.583908: I tensorflow/stream_executor/platform/default/dso_loader.cc:49] Successfully opened dynamic library libcudart.so.11.0
2021-08-22 19:24:10.584024: I tensorflow/stream_executor/platform/default/dso_loader.cc:49] Successfully opened dynamic library libcublas.so.11
2021-08-22 19:24:10.584135: I tensorflow/stream_executor/platform/default/dso_loader.cc:49] Successfully opened dynamic library libcublasLt.so.11
2021-08-22 19:24:10.584242: I tensorflow/stream_executor/platform/default/dso_loader.cc:49] Successfully opened dynamic library libcufft.so.10
2021-08-22 19:24:10.584377: I tensorflow/stream_executor/platform/default/dso_loader.cc:49] Successfully opened dynamic library libcurand.so.10
2021-08-22 19:24:10.584465: I tensorflow/stream_executor/platform/default/dso_loader.cc:49] Successfully opened dynamic library libcusolver.so.10
2021-08-22 19:24:10.584578: I tensorflow/stream_executor/platform/default/dso_loader.cc:49] Successfully opened dynamic library libcusparse.so.11
2021-08-22 19:24:10.584705: I tensorflow/stream_executor/platform/default/dso_loader.cc:49] Successfully opened dynamic library libcudnn.so.8
2021-08-22 19:24:10.587968: I tensorflow/core/common_runtime/gpu/gpu_device.cc:1862] Adding visible gpu devices: 0
2021-08-22 19:24:10.588110: I tensorflow/stream_executor/platform/default/dso_loader.cc:49] Successfully opened dynamic library libcudart.so.11.0
2021-08-22 19:24:11.960729: I tensorflow/core/common_runtime/gpu/gpu_device.cc:1261] Device interconnect StreamExecutor with strength 1 edge matrix:
2021-08-22 19:24:11.960931: I tensorflow/core/common_runtime/gpu/gpu_device.cc:1267]      0 
2021-08-22 19:24:11.961056: I tensorflow/core/common_runtime/gpu/gpu_device.cc:1280] 0:   N 
2021-08-22 19:24:11.964551: I tensorflow/core/common_runtime/gpu/gpu_device.cc:1406] Created TensorFlow device (/job:localhost/replica:0/task:0/device:GPU:0 with 11119 MB memory) -> physical GPU (device: 0, name: Tesla P100-PCIE-12GB, pci bus id: 0000:03:00.0, compute capability: 6.0)
2021-08-22 19:24:24.177944: I tensorflow/compiler/mlir/mlir_graph_optimization_pass.cc:116] None of the MLIR optimization passes are enabled (registered 2)
2021-08-22 19:24:24.181885: I tensorflow/core/platform/profile_utils/cpu_utils.cc:112] CPU Frequency: 2199895000 Hz
2021-08-22 19:24:24.261082: I tensorflow/stream_executor/platform/default/dso_loader.cc:49] Successfully opened dynamic library libcublas.so.11
2021-08-22 19:24:24.647593: I tensorflow/stream_executor/platform/default/dso_loader.cc:49] Successfully opened dynamic library libcublasLt.so.11
2021-08-22 19:24:24.657485: I tensorflow/stream_executor/platform/default/dso_loader.cc:49] Successfully opened dynamic library libcudnn.so.8
2021-08-22 19:24:26.749087: W tensorflow/stream_executor/gpu/asm_compiler.cc:63] Running ptxas --version returned 256
2021-08-22 19:24:27.209998: W tensorflow/stream_executor/gpu/redzone_allocator.cc:314] Internal: ptxas exited with non-zero error code 256, output: 
Relying on driver to perform ptx compilation. 
Modify $PATH to customize ptxas location.
This message will be only logged once.
LabelAttacker started.
LabelAttacker finished.
Training round: 1		accuracy = 0.6266666650772095
Training round: 2		accuracy = 0.571884036064148
Training round: 3		accuracy = 0.5594202876091003
Training round: 4		accuracy = 0.6304348111152649
Training round: 5		accuracy = 0.6486956477165222
Training round: 6		accuracy = 0.6318840384483337
Training round: 7		accuracy = 0.6579710245132446
Training round: 8		accuracy = 0.6405797004699707
Training round: 9		accuracy = 0.6730434894561768
Training round: 10		accuracy = 0.6684057712554932
Training round: 11		accuracy = 0.651014506816864
Training round: 12		accuracy = 0.6739130616188049
Training round: 13		accuracy = 0.6608695387840271
Training round: 14		accuracy = 0.6588405966758728
Training round: 15		accuracy = 0.6556521654129028
Training round: 16		accuracy = 0.6701449155807495
Training round: 17		accuracy = 0.6498550772666931
Training round: 18		accuracy = 0.6710144877433777
Training round: 19		accuracy = 0.6904347538948059
Training round: 20		accuracy = 0.6785507202148438
Training round: 21		accuracy = 0.6692753434181213
Training round: 22		accuracy = 0.678260862827301
Training round: 23		accuracy = 0.6849275231361389
Training round: 24		accuracy = 0.6773912906646729
Training round: 25		accuracy = 0.6881159543991089
Training round: 26		accuracy = 0.6681159138679504
Training round: 27		accuracy = 0.6695652008056641
Training round: 28		accuracy = 0.6779710054397583
Training round: 29		accuracy = 0.6779710054397583
Training round: 30		accuracy = 0.6776811480522156
Training round: 31		accuracy = 0.6834782361984253
Training round: 32		accuracy = 0.6773912906646729
Training round: 33		accuracy = 0.6872463822364807
Training round: 34		accuracy = 0.6831883788108826
Training round: 35		accuracy = 0.6831883788108826
Training round: 36		accuracy = 0.6747826337814331
Training round: 37		accuracy = 0.6756521463394165
Training round: 38		accuracy = 0.6834782361984253
Training round: 39		accuracy = 0.6820290088653564
Training round: 40		accuracy = 0.6855072379112244
Training round: 41		accuracy = 0.676231861114502
Training round: 42		accuracy = 0.6733333468437195
Training round: 43		accuracy = 0.6852173805236816
Training round: 44		accuracy = 0.6768115758895874
Training round: 45		accuracy = 0.6768115758895874
Training round: 46		accuracy = 0.678260862827301
Training round: 47		accuracy = 0.6785507202148438
Training round: 48		accuracy = 0.6811594367027283
Training round: 49		accuracy = 0.6849275231361389
Training round: 50		accuracy = 0.681449294090271
Training round: 51		accuracy = 0.6846376657485962
Training round: 52		accuracy = 0.6843478083610535
Training round: 53		accuracy = 0.6843478083610535
Training round: 54		accuracy = 0.6805797219276428
Training round: 55		accuracy = 0.6834782361984253
Training round: 56		accuracy = 0.6791304349899292
Training round: 57		accuracy = 0.6823188662528992
Training round: 58		accuracy = 0.6771014332771301
Training round: 59		accuracy = 0.6826087236404419
Training round: 60		accuracy = 0.6855072379112244
Training round: 61		accuracy = 0.6820290088653564
Training round: 62		accuracy = 0.6756521463394165
Training round: 63		accuracy = 0.6788405776023865
Training round: 64		accuracy = 0.6797101497650146
Training round: 65		accuracy = 0.6849275231361389
Training round: 66		accuracy = 0.6808695793151855
Training round: 67		accuracy = 0.6846376657485962
Training round: 68		accuracy = 0.6828985214233398
Training round: 69		accuracy = 0.681449294090271
Training round: 70		accuracy = 0.6863768100738525
Training round: 71		accuracy = 0.6843478083610535
Training round: 72		accuracy = 0.6820290088653564
Training round: 73		accuracy = 0.6820290088653564
Training round: 74		accuracy = 0.6834782361984253
Training round: 75		accuracy = 0.6811594367027283
Training round: 76		accuracy = 0.6823188662528992
Training round: 77		accuracy = 0.6866666674613953
Training round: 78		accuracy = 0.6805797219276428
Training round: 79		accuracy = 0.6843478083610535
Training round: 80		accuracy = 0.6843478083610535
Training round: 81		accuracy = 0.683768093585968
Training round: 82		accuracy = 0.6843478083610535
Training round: 83		accuracy = 0.6840579509735107
Training round: 84		accuracy = 0.6823188662528992
Training round: 85		accuracy = 0.683768093585968
Training round: 86		accuracy = 0.6834782361984253
Training round: 87		accuracy = 0.6834782361984253
Training round: 88		accuracy = 0.6828985214233398
Training round: 89		accuracy = 0.6895652413368225
Training round: 90		accuracy = 0.6846376657485962
Training round: 91		accuracy = 0.6840579509735107
Training round: 92		accuracy = 0.6828985214233398
Training round: 93		accuracy = 0.6875362396240234
Training round: 94		accuracy = 0.6834782361984253
Training round: 95		accuracy = 0.6840579509735107
Training round: 96		accuracy = 0.6828985214233398
Training round: 97		accuracy = 0.6855072379112244
Training round: 98		accuracy = 0.6857970952987671
Training round: 99		accuracy = 0.6863768100738525
Training round: 100		accuracy = 0.6863768100738525
Training duration 8420.065114498138
