2021-08-21 22:48:13.435616: I tensorflow/stream_executor/platform/default/dso_loader.cc:49] Successfully opened dynamic library libcudart.so.11.0
2021-08-21 22:48:35.084226: I tensorflow/compiler/jit/xla_cpu_device.cc:41] Not creating XLA devices, tf_xla_enable_xla_devices not set
2021-08-21 22:48:35.091058: I tensorflow/stream_executor/platform/default/dso_loader.cc:49] Successfully opened dynamic library libcuda.so.1
2021-08-21 22:48:35.158638: I tensorflow/core/common_runtime/gpu/gpu_device.cc:1720] Found device 0 with properties: 
pciBusID: 0000:3b:00.0 name: Tesla V100-SXM2-32GB computeCapability: 7.0
coreClock: 1.53GHz coreCount: 80 deviceMemorySize: 31.75GiB deviceMemoryBandwidth: 836.37GiB/s
2021-08-21 22:48:35.159332: I tensorflow/stream_executor/platform/default/dso_loader.cc:49] Successfully opened dynamic library libcudart.so.11.0
2021-08-21 22:48:35.169943: I tensorflow/stream_executor/platform/default/dso_loader.cc:49] Successfully opened dynamic library libcublas.so.11
2021-08-21 22:48:35.170066: I tensorflow/stream_executor/platform/default/dso_loader.cc:49] Successfully opened dynamic library libcublasLt.so.11
2021-08-21 22:48:35.174672: I tensorflow/stream_executor/platform/default/dso_loader.cc:49] Successfully opened dynamic library libcufft.so.10
2021-08-21 22:48:35.176841: I tensorflow/stream_executor/platform/default/dso_loader.cc:49] Successfully opened dynamic library libcurand.so.10
2021-08-21 22:48:35.183624: I tensorflow/stream_executor/platform/default/dso_loader.cc:49] Successfully opened dynamic library libcusolver.so.10
2021-08-21 22:48:35.185410: I tensorflow/stream_executor/platform/default/dso_loader.cc:49] Successfully opened dynamic library libcusparse.so.11
2021-08-21 22:48:35.185982: I tensorflow/stream_executor/platform/default/dso_loader.cc:49] Successfully opened dynamic library libcudnn.so.8
2021-08-21 22:48:35.193687: I tensorflow/core/common_runtime/gpu/gpu_device.cc:1862] Adding visible gpu devices: 0
2021-08-21 22:48:35.206448: I tensorflow/core/platform/cpu_feature_guard.cc:142] This TensorFlow binary is optimized with oneAPI Deep Neural Network Library (oneDNN) to use the following CPU instructions in performance-critical operations:  AVX2 AVX512F FMA
To enable them in other operations, rebuild TensorFlow with the appropriate compiler flags.
2021-08-21 22:48:35.206802: I tensorflow/compiler/jit/xla_gpu_device.cc:99] Not creating XLA devices, tf_xla_enable_xla_devices not set
2021-08-21 22:48:35.210634: I tensorflow/core/common_runtime/gpu/gpu_device.cc:1720] Found device 0 with properties: 
pciBusID: 0000:3b:00.0 name: Tesla V100-SXM2-32GB computeCapability: 7.0
coreClock: 1.53GHz coreCount: 80 deviceMemorySize: 31.75GiB deviceMemoryBandwidth: 836.37GiB/s
2021-08-21 22:48:35.210743: I tensorflow/stream_executor/platform/default/dso_loader.cc:49] Successfully opened dynamic library libcudart.so.11.0
2021-08-21 22:48:35.210817: I tensorflow/stream_executor/platform/default/dso_loader.cc:49] Successfully opened dynamic library libcublas.so.11
2021-08-21 22:48:35.210878: I tensorflow/stream_executor/platform/default/dso_loader.cc:49] Successfully opened dynamic library libcublasLt.so.11
2021-08-21 22:48:35.210948: I tensorflow/stream_executor/platform/default/dso_loader.cc:49] Successfully opened dynamic library libcufft.so.10
2021-08-21 22:48:35.211011: I tensorflow/stream_executor/platform/default/dso_loader.cc:49] Successfully opened dynamic library libcurand.so.10
2021-08-21 22:48:35.211076: I tensorflow/stream_executor/platform/default/dso_loader.cc:49] Successfully opened dynamic library libcusolver.so.10
2021-08-21 22:48:35.211139: I tensorflow/stream_executor/platform/default/dso_loader.cc:49] Successfully opened dynamic library libcusparse.so.11
2021-08-21 22:48:35.211357: I tensorflow/stream_executor/platform/default/dso_loader.cc:49] Successfully opened dynamic library libcudnn.so.8
2021-08-21 22:48:35.218427: I tensorflow/core/common_runtime/gpu/gpu_device.cc:1862] Adding visible gpu devices: 0
2021-08-21 22:48:35.218541: I tensorflow/stream_executor/platform/default/dso_loader.cc:49] Successfully opened dynamic library libcudart.so.11.0
2021-08-21 22:48:36.404157: I tensorflow/core/common_runtime/gpu/gpu_device.cc:1261] Device interconnect StreamExecutor with strength 1 edge matrix:
2021-08-21 22:48:36.404343: I tensorflow/core/common_runtime/gpu/gpu_device.cc:1267]      0 
2021-08-21 22:48:36.404416: I tensorflow/core/common_runtime/gpu/gpu_device.cc:1280] 0:   N 
2021-08-21 22:48:36.411441: I tensorflow/core/common_runtime/gpu/gpu_device.cc:1406] Created TensorFlow device (/job:localhost/replica:0/task:0/device:GPU:0 with 30130 MB memory) -> physical GPU (device: 0, name: Tesla V100-SXM2-32GB, pci bus id: 0000:3b:00.0, compute capability: 7.0)
2021-08-21 22:48:48.279043: I tensorflow/compiler/mlir/mlir_graph_optimization_pass.cc:116] None of the MLIR optimization passes are enabled (registered 2)
2021-08-21 22:48:48.283072: I tensorflow/core/platform/profile_utils/cpu_utils.cc:112] CPU Frequency: 2100000000 Hz
2021-08-21 22:48:48.359314: I tensorflow/stream_executor/platform/default/dso_loader.cc:49] Successfully opened dynamic library libcublas.so.11
2021-08-21 22:48:48.853947: I tensorflow/stream_executor/platform/default/dso_loader.cc:49] Successfully opened dynamic library libcublasLt.so.11
2021-08-21 22:48:48.864686: I tensorflow/stream_executor/platform/default/dso_loader.cc:49] Successfully opened dynamic library libcudnn.so.8
2021-08-21 22:48:51.499443: W tensorflow/stream_executor/gpu/asm_compiler.cc:63] Running ptxas --version returned 256
2021-08-21 22:48:51.717589: W tensorflow/stream_executor/gpu/redzone_allocator.cc:314] Internal: ptxas exited with non-zero error code 256, output: 
Relying on driver to perform ptx compilation. 
Modify $PATH to customize ptxas location.
This message will be only logged once.
OverlapMutator started.
OverlapMutator finished.
Training round: 1		accuracy = 0.6695652008056641
Training round: 2		accuracy = 0.6721739172935486
Training round: 3		accuracy = 0.6898550987243652
Training round: 4		accuracy = 0.7052174210548401
Training round: 5		accuracy = 0.7069565057754517
Training round: 6		accuracy = 0.7043478488922119
Training round: 7		accuracy = 0.7168115973472595
Training round: 8		accuracy = 0.7214492559432983
Training round: 9		accuracy = 0.722898542881012
Training round: 10		accuracy = 0.733623206615448
Training round: 11		accuracy = 0.7266666889190674
Training round: 12		accuracy = 0.7307246327400208
Training round: 13		accuracy = 0.7428985238075256
Training round: 14		accuracy = 0.7321739196777344
Training round: 15		accuracy = 0.7371014356613159
Training round: 16		accuracy = 0.7400000095367432
Training round: 17		accuracy = 0.7411594390869141
Training round: 18		accuracy = 0.7475362420082092
Training round: 19		accuracy = 0.746666669845581
Training round: 20		accuracy = 0.7481159567832947
Training round: 21		accuracy = 0.7443478107452393
Training round: 22		accuracy = 0.7507246136665344
Training round: 23		accuracy = 0.7542029023170471
Training round: 24		accuracy = 0.7524637579917908
Training round: 25		accuracy = 0.7559420466423035
Training round: 26		accuracy = 0.7594202756881714
Training round: 27		accuracy = 0.7565217614173889
Training round: 28		accuracy = 0.7527536153793335
Training round: 29		accuracy = 0.7556521892547607
Training round: 30		accuracy = 0.7568116188049316
Training round: 31		accuracy = 0.7571014761924744
Training round: 32		accuracy = 0.7611594200134277
Training round: 33		accuracy = 0.7597101330757141
Training round: 34		accuracy = 0.7599999904632568
Training round: 35		accuracy = 0.7623188495635986
Training round: 36		accuracy = 0.7492753863334656
Training round: 37		accuracy = 0.7579709887504578
Training round: 38		accuracy = 0.7605797052383423
Training round: 39		accuracy = 0.7605797052383423
Training round: 40		accuracy = 0.7631884217262268
Training round: 41		accuracy = 0.7597101330757141
Training round: 42		accuracy = 0.7623188495635986
Training round: 43		accuracy = 0.7637681365013123
Training round: 44		accuracy = 0.7669565081596375
Training round: 45		accuracy = 0.7666666507720947
Training round: 46		accuracy = 0.7620289921760559
Training round: 47		accuracy = 0.7657970786094666
Training round: 48		accuracy = 0.7646377086639404
Training round: 49		accuracy = 0.7666666507720947
Training round: 50		accuracy = 0.7657970786094666
Training round: 51		accuracy = 0.7637681365013123
Training round: 52		accuracy = 0.7628985643386841
Training round: 53		accuracy = 0.7599999904632568
Training round: 54		accuracy = 0.7634782791137695
Training round: 55		accuracy = 0.7643478512763977
Training round: 56		accuracy = 0.7631884217262268
Training round: 57		accuracy = 0.7626087069511414
Training round: 58		accuracy = 0.7637681365013123
Training round: 59		accuracy = 0.7657970786094666
Training round: 60		accuracy = 0.7660869359970093
Training round: 61		accuracy = 0.764057993888855
Training round: 62		accuracy = 0.764057993888855
Training round: 63		accuracy = 0.7628985643386841
Training round: 64		accuracy = 0.7652173638343811
Training round: 65		accuracy = 0.7628985643386841
Training round: 66		accuracy = 0.7631884217262268
Training round: 67		accuracy = 0.7614492774009705
Training round: 68		accuracy = 0.7649275064468384
Training round: 69		accuracy = 0.7637681365013123
Training round: 70		accuracy = 0.7605797052383423
Training round: 71		accuracy = 0.766376793384552
Training round: 72		accuracy = 0.7652173638343811
Training round: 73		accuracy = 0.7628985643386841
Training round: 74		accuracy = 0.7631884217262268
Training round: 75		accuracy = 0.7626087069511414
Training round: 76		accuracy = 0.7626087069511414
Training round: 77		accuracy = 0.7597101330757141
Training round: 78		accuracy = 0.7637681365013123
Training round: 79		accuracy = 0.7599999904632568
Training round: 80		accuracy = 0.7611594200134277
Training round: 81		accuracy = 0.7602898478507996
Training round: 82		accuracy = 0.7602898478507996
Training round: 83		accuracy = 0.7643478512763977
Training round: 84		accuracy = 0.760869562625885
Training round: 85		accuracy = 0.7599999904632568
Training round: 86		accuracy = 0.7611594200134277
Training round: 87		accuracy = 0.7620289921760559
Training round: 88		accuracy = 0.7614492774009705
Training round: 89		accuracy = 0.7617391347885132
Training round: 90		accuracy = 0.7626087069511414
Training round: 91		accuracy = 0.7637681365013123
Training round: 92		accuracy = 0.7611594200134277
Training round: 93		accuracy = 0.7620289921760559
Training round: 94		accuracy = 0.7588405609130859
Training round: 95		accuracy = 0.7597101330757141
Training round: 96		accuracy = 0.7614492774009705
Training round: 97		accuracy = 0.7594202756881714
Training round: 98		accuracy = 0.7605797052383423
Training round: 99		accuracy = 0.7614492774009705
Training round: 100		accuracy = 0.7623188495635986
Training duration 6711.076088428497
