2021-08-23 15:47:40.180185: I tensorflow/stream_executor/platform/default/dso_loader.cc:49] Successfully opened dynamic library libcudart.so.11.0
2021-08-23 15:49:12.331302: I tensorflow/compiler/jit/xla_cpu_device.cc:41] Not creating XLA devices, tf_xla_enable_xla_devices not set
2021-08-23 15:49:12.406460: I tensorflow/stream_executor/platform/default/dso_loader.cc:49] Successfully opened dynamic library libcuda.so.1
2021-08-23 15:49:12.459630: I tensorflow/core/common_runtime/gpu/gpu_device.cc:1720] Found device 0 with properties: 
pciBusID: 0000:04:00.0 name: Tesla P100-PCIE-12GB computeCapability: 6.0
coreClock: 1.3285GHz coreCount: 56 deviceMemorySize: 11.91GiB deviceMemoryBandwidth: 511.41GiB/s
2021-08-23 15:49:12.466922: I tensorflow/stream_executor/platform/default/dso_loader.cc:49] Successfully opened dynamic library libcudart.so.11.0
2021-08-23 15:49:12.480400: I tensorflow/stream_executor/platform/default/dso_loader.cc:49] Successfully opened dynamic library libcublas.so.11
2021-08-23 15:49:12.480524: I tensorflow/stream_executor/platform/default/dso_loader.cc:49] Successfully opened dynamic library libcublasLt.so.11
2021-08-23 15:49:12.491151: I tensorflow/stream_executor/platform/default/dso_loader.cc:49] Successfully opened dynamic library libcufft.so.10
2021-08-23 15:49:12.495130: I tensorflow/stream_executor/platform/default/dso_loader.cc:49] Successfully opened dynamic library libcurand.so.10
2021-08-23 15:49:12.503157: I tensorflow/stream_executor/platform/default/dso_loader.cc:49] Successfully opened dynamic library libcusolver.so.10
2021-08-23 15:49:12.505284: I tensorflow/stream_executor/platform/default/dso_loader.cc:49] Successfully opened dynamic library libcusparse.so.11
2021-08-23 15:49:12.507578: I tensorflow/stream_executor/platform/default/dso_loader.cc:49] Successfully opened dynamic library libcudnn.so.8
2021-08-23 15:49:12.515926: I tensorflow/core/common_runtime/gpu/gpu_device.cc:1862] Adding visible gpu devices: 0
2021-08-23 15:49:12.547153: I tensorflow/core/platform/cpu_feature_guard.cc:142] This TensorFlow binary is optimized with oneAPI Deep Neural Network Library (oneDNN) to use the following CPU instructions in performance-critical operations:  AVX2 FMA
To enable them in other operations, rebuild TensorFlow with the appropriate compiler flags.
2021-08-23 15:49:12.554565: I tensorflow/compiler/jit/xla_gpu_device.cc:99] Not creating XLA devices, tf_xla_enable_xla_devices not set
2021-08-23 15:49:12.558065: I tensorflow/core/common_runtime/gpu/gpu_device.cc:1720] Found device 0 with properties: 
pciBusID: 0000:04:00.0 name: Tesla P100-PCIE-12GB computeCapability: 6.0
coreClock: 1.3285GHz coreCount: 56 deviceMemorySize: 11.91GiB deviceMemoryBandwidth: 511.41GiB/s
2021-08-23 15:49:12.558187: I tensorflow/stream_executor/platform/default/dso_loader.cc:49] Successfully opened dynamic library libcudart.so.11.0
2021-08-23 15:49:12.558256: I tensorflow/stream_executor/platform/default/dso_loader.cc:49] Successfully opened dynamic library libcublas.so.11
2021-08-23 15:49:12.558340: I tensorflow/stream_executor/platform/default/dso_loader.cc:49] Successfully opened dynamic library libcublasLt.so.11
2021-08-23 15:49:12.558391: I tensorflow/stream_executor/platform/default/dso_loader.cc:49] Successfully opened dynamic library libcufft.so.10
2021-08-23 15:49:12.558494: I tensorflow/stream_executor/platform/default/dso_loader.cc:49] Successfully opened dynamic library libcurand.so.10
2021-08-23 15:49:12.558581: I tensorflow/stream_executor/platform/default/dso_loader.cc:49] Successfully opened dynamic library libcusolver.so.10
2021-08-23 15:49:12.558630: I tensorflow/stream_executor/platform/default/dso_loader.cc:49] Successfully opened dynamic library libcusparse.so.11
2021-08-23 15:49:12.558734: I tensorflow/stream_executor/platform/default/dso_loader.cc:49] Successfully opened dynamic library libcudnn.so.8
2021-08-23 15:49:12.560657: I tensorflow/core/common_runtime/gpu/gpu_device.cc:1862] Adding visible gpu devices: 0
2021-08-23 15:49:12.561308: I tensorflow/stream_executor/platform/default/dso_loader.cc:49] Successfully opened dynamic library libcudart.so.11.0
2021-08-23 15:49:14.108531: I tensorflow/core/common_runtime/gpu/gpu_device.cc:1261] Device interconnect StreamExecutor with strength 1 edge matrix:
2021-08-23 15:49:14.108671: I tensorflow/core/common_runtime/gpu/gpu_device.cc:1267]      0 
2021-08-23 15:49:14.111887: I tensorflow/core/common_runtime/gpu/gpu_device.cc:1280] 0:   N 
2021-08-23 15:49:14.130406: I tensorflow/core/common_runtime/gpu/gpu_device.cc:1406] Created TensorFlow device (/job:localhost/replica:0/task:0/device:GPU:0 with 11119 MB memory) -> physical GPU (device: 0, name: Tesla P100-PCIE-12GB, pci bus id: 0000:04:00.0, compute capability: 6.0)
2021-08-23 15:49:31.188851: I tensorflow/compiler/mlir/mlir_graph_optimization_pass.cc:116] None of the MLIR optimization passes are enabled (registered 2)
2021-08-23 15:49:31.198347: I tensorflow/core/platform/profile_utils/cpu_utils.cc:112] CPU Frequency: 2200150000 Hz
2021-08-23 15:49:31.407460: I tensorflow/stream_executor/platform/default/dso_loader.cc:49] Successfully opened dynamic library libcublas.so.11
2021-08-23 15:49:31.794773: I tensorflow/stream_executor/platform/default/dso_loader.cc:49] Successfully opened dynamic library libcublasLt.so.11
2021-08-23 15:49:31.848027: I tensorflow/stream_executor/platform/default/dso_loader.cc:49] Successfully opened dynamic library libcudnn.so.8
2021-08-23 15:49:33.907687: W tensorflow/stream_executor/gpu/asm_compiler.cc:63] Running ptxas --version returned 256
2021-08-23 15:49:34.304431: W tensorflow/stream_executor/gpu/redzone_allocator.cc:314] Internal: ptxas exited with non-zero error code 256, output: 
Relying on driver to perform ptx compilation. 
Modify $PATH to customize ptxas location.
This message will be only logged once.
NoiseMutator started.
NoiseMutator finished.
Training round: 1		accuracy = 0.6121739149093628
Training round: 2		accuracy = 0.5724637508392334
Training round: 3		accuracy = 0.5701449513435364
Training round: 4		accuracy = 0.5817391276359558
Training round: 5		accuracy = 0.6055072546005249
Training round: 6		accuracy = 0.6373913288116455
Training round: 7		accuracy = 0.6092753410339355
Training round: 8		accuracy = 0.6060869693756104
Training round: 9		accuracy = 0.626086950302124
Training round: 10		accuracy = 0.645797073841095
Training round: 11		accuracy = 0.6289855241775513
Training round: 12		accuracy = 0.6371014714241028
Training round: 13		accuracy = 0.6286956667900085
Training round: 14		accuracy = 0.651014506816864
Training round: 15		accuracy = 0.6689854860305786
Training round: 16		accuracy = 0.6518840789794922
Training round: 17		accuracy = 0.6788405776023865
Training round: 18		accuracy = 0.6750724911689758
Training round: 19		accuracy = 0.6808695793151855
Training round: 20		accuracy = 0.6823188662528992
Training round: 21		accuracy = 0.6773912906646729
Training round: 22		accuracy = 0.667246401309967
Training round: 23		accuracy = 0.6678261160850525
Training round: 24		accuracy = 0.6686956286430359
Training round: 25		accuracy = 0.6614492535591125
Training round: 26		accuracy = 0.6788405776023865
Training round: 27		accuracy = 0.6744927763938904
Training round: 28		accuracy = 0.6889855265617371
Training round: 29		accuracy = 0.6860869526863098
Training round: 30		accuracy = 0.6446377038955688
Training round: 31		accuracy = 0.6834782361984253
Training round: 32		accuracy = 0.6846376657485962
Training round: 33		accuracy = 0.6843478083610535
Training round: 34		accuracy = 0.6910144686698914
Training round: 35		accuracy = 0.6965217590332031
Training round: 36		accuracy = 0.697970986366272
Training round: 37		accuracy = 0.6988405585289001
Training round: 38		accuracy = 0.6936231851577759
Training round: 39		accuracy = 0.6971014738082886
Training round: 40		accuracy = 0.6942028999328613
Training round: 41		accuracy = 0.6959420442581177
Training round: 42		accuracy = 0.6927536129951477
Training round: 43		accuracy = 0.6962319016456604
Training round: 44		accuracy = 0.6939130425453186
Training round: 45		accuracy = 0.6968116164207458
Training round: 46		accuracy = 0.6959420442581177
Training round: 47		accuracy = 0.6971014738082886
Training round: 48		accuracy = 0.6965217590332031
Training round: 49		accuracy = 0.694492757320404
Training round: 50		accuracy = 0.699999988079071
Training round: 51		accuracy = 0.7008695602416992
Training round: 52		accuracy = 0.7014492750167847
Training round: 53		accuracy = 0.6973913311958313
Training round: 54		accuracy = 0.6991304159164429
Training round: 55		accuracy = 0.6982608437538147
Training round: 56		accuracy = 0.699999988079071
Training round: 57		accuracy = 0.6994202733039856
Training round: 58		accuracy = 0.699999988079071
Training round: 59		accuracy = 0.7017391324043274
Training round: 60		accuracy = 0.7023188471794128
Training round: 61		accuracy = 0.7008695602416992
Training round: 62		accuracy = 0.7026087045669556
Training round: 63		accuracy = 0.7011594176292419
Training round: 64		accuracy = 0.7040579915046692
Training round: 65		accuracy = 0.7028985619544983
Training round: 66		accuracy = 0.7040579915046692
Training round: 67		accuracy = 0.7026087045669556
Training round: 68		accuracy = 0.7043478488922119
Training round: 69		accuracy = 0.703188419342041
Training round: 70		accuracy = 0.7057970762252808
Training round: 71		accuracy = 0.7049275636672974
Training round: 72		accuracy = 0.7049275636672974
Training round: 73		accuracy = 0.7043478488922119
Training round: 74		accuracy = 0.7066666483879089
Training round: 75		accuracy = 0.7060869336128235
Training round: 76		accuracy = 0.7046377062797546
Training round: 77		accuracy = 0.7057970762252808
Training round: 78		accuracy = 0.7063767910003662
Training round: 79		accuracy = 0.7060869336128235
Training round: 80		accuracy = 0.7081159353256226
Training round: 81		accuracy = 0.7075362205505371
Training round: 82		accuracy = 0.7081159353256226
Training round: 83		accuracy = 0.7072463631629944
Training round: 84		accuracy = 0.7069565057754517
Training round: 85		accuracy = 0.7069565057754517
Training round: 86		accuracy = 0.7069565057754517
Training round: 87		accuracy = 0.708695650100708
Training round: 88		accuracy = 0.7081159353256226
Training round: 89		accuracy = 0.7095652222633362
Training round: 90		accuracy = 0.7095652222633362
Training round: 91		accuracy = 0.708695650100708
Training round: 92		accuracy = 0.708695650100708
Training round: 93		accuracy = 0.7104347944259644
Training round: 94		accuracy = 0.708695650100708
Training round: 95		accuracy = 0.7098550796508789
Training round: 96		accuracy = 0.7110145092010498
Training round: 97		accuracy = 0.7098550796508789
Training round: 98		accuracy = 0.7110145092010498
Training round: 99		accuracy = 0.7113043665885925
Training round: 100		accuracy = 0.7113043665885925
Training duration 8418.9206969738
