2021-08-22 00:16:38.237973: I tensorflow/stream_executor/platform/default/dso_loader.cc:49] Successfully opened dynamic library libcudart.so.11.0
2021-08-22 00:17:03.168764: I tensorflow/compiler/jit/xla_cpu_device.cc:41] Not creating XLA devices, tf_xla_enable_xla_devices not set
2021-08-22 00:17:03.173113: I tensorflow/stream_executor/platform/default/dso_loader.cc:49] Successfully opened dynamic library libcuda.so.1
2021-08-22 00:17:03.234115: I tensorflow/core/common_runtime/gpu/gpu_device.cc:1720] Found device 0 with properties: 
pciBusID: 0000:af:00.0 name: Tesla V100-SXM2-32GB computeCapability: 7.0
coreClock: 1.53GHz coreCount: 80 deviceMemorySize: 31.75GiB deviceMemoryBandwidth: 836.37GiB/s
2021-08-22 00:17:03.234705: I tensorflow/stream_executor/platform/default/dso_loader.cc:49] Successfully opened dynamic library libcudart.so.11.0
2021-08-22 00:17:03.244909: I tensorflow/stream_executor/platform/default/dso_loader.cc:49] Successfully opened dynamic library libcublas.so.11
2021-08-22 00:17:03.245046: I tensorflow/stream_executor/platform/default/dso_loader.cc:49] Successfully opened dynamic library libcublasLt.so.11
2021-08-22 00:17:03.250027: I tensorflow/stream_executor/platform/default/dso_loader.cc:49] Successfully opened dynamic library libcufft.so.10
2021-08-22 00:17:03.252458: I tensorflow/stream_executor/platform/default/dso_loader.cc:49] Successfully opened dynamic library libcurand.so.10
2021-08-22 00:17:03.260514: I tensorflow/stream_executor/platform/default/dso_loader.cc:49] Successfully opened dynamic library libcusolver.so.10
2021-08-22 00:17:03.262533: I tensorflow/stream_executor/platform/default/dso_loader.cc:49] Successfully opened dynamic library libcusparse.so.11
2021-08-22 00:17:03.263561: I tensorflow/stream_executor/platform/default/dso_loader.cc:49] Successfully opened dynamic library libcudnn.so.8
2021-08-22 00:17:03.270639: I tensorflow/core/common_runtime/gpu/gpu_device.cc:1862] Adding visible gpu devices: 0
2021-08-22 00:17:03.272247: I tensorflow/core/platform/cpu_feature_guard.cc:142] This TensorFlow binary is optimized with oneAPI Deep Neural Network Library (oneDNN) to use the following CPU instructions in performance-critical operations:  AVX2 AVX512F FMA
To enable them in other operations, rebuild TensorFlow with the appropriate compiler flags.
2021-08-22 00:17:03.272743: I tensorflow/compiler/jit/xla_gpu_device.cc:99] Not creating XLA devices, tf_xla_enable_xla_devices not set
2021-08-22 00:17:03.275170: I tensorflow/core/common_runtime/gpu/gpu_device.cc:1720] Found device 0 with properties: 
pciBusID: 0000:af:00.0 name: Tesla V100-SXM2-32GB computeCapability: 7.0
coreClock: 1.53GHz coreCount: 80 deviceMemorySize: 31.75GiB deviceMemoryBandwidth: 836.37GiB/s
2021-08-22 00:17:03.275354: I tensorflow/stream_executor/platform/default/dso_loader.cc:49] Successfully opened dynamic library libcudart.so.11.0
2021-08-22 00:17:03.275412: I tensorflow/stream_executor/platform/default/dso_loader.cc:49] Successfully opened dynamic library libcublas.so.11
2021-08-22 00:17:03.275462: I tensorflow/stream_executor/platform/default/dso_loader.cc:49] Successfully opened dynamic library libcublasLt.so.11
2021-08-22 00:17:03.275559: I tensorflow/stream_executor/platform/default/dso_loader.cc:49] Successfully opened dynamic library libcufft.so.10
2021-08-22 00:17:03.275598: I tensorflow/stream_executor/platform/default/dso_loader.cc:49] Successfully opened dynamic library libcurand.so.10
2021-08-22 00:17:03.275643: I tensorflow/stream_executor/platform/default/dso_loader.cc:49] Successfully opened dynamic library libcusolver.so.10
2021-08-22 00:17:03.275692: I tensorflow/stream_executor/platform/default/dso_loader.cc:49] Successfully opened dynamic library libcusparse.so.11
2021-08-22 00:17:03.275737: I tensorflow/stream_executor/platform/default/dso_loader.cc:49] Successfully opened dynamic library libcudnn.so.8
2021-08-22 00:17:03.280401: I tensorflow/core/common_runtime/gpu/gpu_device.cc:1862] Adding visible gpu devices: 0
2021-08-22 00:17:03.280560: I tensorflow/stream_executor/platform/default/dso_loader.cc:49] Successfully opened dynamic library libcudart.so.11.0
2021-08-22 00:17:04.567187: I tensorflow/core/common_runtime/gpu/gpu_device.cc:1261] Device interconnect StreamExecutor with strength 1 edge matrix:
2021-08-22 00:17:04.567423: I tensorflow/core/common_runtime/gpu/gpu_device.cc:1267]      0 
2021-08-22 00:17:04.567531: I tensorflow/core/common_runtime/gpu/gpu_device.cc:1280] 0:   N 
2021-08-22 00:17:04.589553: I tensorflow/core/common_runtime/gpu/gpu_device.cc:1406] Created TensorFlow device (/job:localhost/replica:0/task:0/device:GPU:0 with 30130 MB memory) -> physical GPU (device: 0, name: Tesla V100-SXM2-32GB, pci bus id: 0000:af:00.0, compute capability: 7.0)
2021-08-22 00:17:13.720399: I tensorflow/compiler/mlir/mlir_graph_optimization_pass.cc:116] None of the MLIR optimization passes are enabled (registered 2)
2021-08-22 00:17:13.724688: I tensorflow/core/platform/profile_utils/cpu_utils.cc:112] CPU Frequency: 2100000000 Hz
2021-08-22 00:17:13.834320: I tensorflow/stream_executor/platform/default/dso_loader.cc:49] Successfully opened dynamic library libcublas.so.11
2021-08-22 00:17:14.436002: I tensorflow/stream_executor/platform/default/dso_loader.cc:49] Successfully opened dynamic library libcublasLt.so.11
2021-08-22 00:17:14.445982: I tensorflow/stream_executor/platform/default/dso_loader.cc:49] Successfully opened dynamic library libcudnn.so.8
2021-08-22 00:17:21.108755: W tensorflow/stream_executor/gpu/asm_compiler.cc:63] Running ptxas --version returned 256
2021-08-22 00:17:21.216330: W tensorflow/stream_executor/gpu/redzone_allocator.cc:314] Internal: ptxas exited with non-zero error code 256, output: 
Relying on driver to perform ptx compilation. 
Modify $PATH to customize ptxas location.
This message will be only logged once.
BackdoorAttack started.
BackdoorAttack finished.
Training round: 1		accuracy = 0.6467357873916626
backdoor accuracy: 0.8837209343910217
Training round: 2		accuracy = 0.6571080088615417
backdoor accuracy: 0.8895348906517029
Training round: 3		accuracy = 0.6220256090164185
backdoor accuracy: 0.8023256063461304
Training round: 4		accuracy = 0.6732763648033142
backdoor accuracy: 0.8720930218696594
Training round: 5		accuracy = 0.6543624401092529
backdoor accuracy: 0.8139534592628479
Training round: 6		accuracy = 0.7062233090400696
backdoor accuracy: 0.895348846912384
Training round: 7		accuracy = 0.6754118204116821
backdoor accuracy: 0.8313953280448914
Training round: 8		accuracy = 0.6760219931602478
backdoor accuracy: 0.8255813717842102
Training round: 9		accuracy = 0.7120195031166077
backdoor accuracy: 0.8779069781303406
Training round: 10		accuracy = 0.6845637559890747
backdoor accuracy: 0.8372092843055725
Training round: 11		accuracy = 0.7138499021530151
backdoor accuracy: 0.8720930218696594
Training round: 12		accuracy = 0.7117144465446472
backdoor accuracy: 0.8488371968269348
Training round: 13		accuracy = 0.7217815518379211
backdoor accuracy: 0.854651153087616
Training round: 14		accuracy = 0.7272727489471436
backdoor accuracy: 0.9186046719551086
Training round: 15		accuracy = 0.7208663821220398
backdoor accuracy: 0.8779069781303406
Training round: 16		accuracy = 0.7291030883789062
backdoor accuracy: 0.9244186282157898
Training round: 17		accuracy = 0.7367297410964966
backdoor accuracy: 0.9069767594337463
Training round: 18		accuracy = 0.7458816170692444
backdoor accuracy: 0.9244186282157898
Training round: 19		accuracy = 0.7495424151420593
backdoor accuracy: 0.9418604373931885
Training round: 20		accuracy = 0.7413056492805481
backdoor accuracy: 0.9186046719551086
Training round: 21		accuracy = 0.7315436005592346
backdoor accuracy: 0.9127907156944275
Training round: 22		accuracy = 0.744966447353363
backdoor accuracy: 0.9186046719551086
Training round: 23		accuracy = 0.7406955361366272
backdoor accuracy: 0.9127907156944275
Training round: 24		accuracy = 0.7394753098487854
backdoor accuracy: 0.9127907156944275
Training round: 25		accuracy = 0.7242220640182495
backdoor accuracy: 0.8895348906517029
Training round: 26		accuracy = 0.7559487223625183
backdoor accuracy: 0.9593023061752319
Training round: 27		accuracy = 0.7437461614608765
backdoor accuracy: 0.930232584476471
Training round: 28		accuracy = 0.7486271858215332
backdoor accuracy: 0.9418604373931885
Training round: 29		accuracy = 0.7483221292495728
backdoor accuracy: 0.9360465407371521
Training round: 30		accuracy = 0.7321537733078003
backdoor accuracy: 0.9127907156944275
Training round: 31		accuracy = 0.7522879838943481
backdoor accuracy: 0.9186046719551086
Training round: 32		accuracy = 0.7611348628997803
backdoor accuracy: 0.9476743936538696
Training round: 33		accuracy = 0.7583892345428467
backdoor accuracy: 0.9534883499145508
Training round: 34		accuracy = 0.7556436657905579
backdoor accuracy: 0.9534883499145508
Training round: 35		accuracy = 0.7461866736412048
backdoor accuracy: 0.9418604373931885
Training round: 36		accuracy = 0.7626601457595825
backdoor accuracy: 0.9593023061752319
Training round: 37		accuracy = 0.7492373585700989
backdoor accuracy: 0.9360465407371521
Training round: 38		accuracy = 0.7571690082550049
backdoor accuracy: 0.9534883499145508
Training round: 39		accuracy = 0.76449054479599
backdoor accuracy: 0.9476743936538696
Training round: 40		accuracy = 0.7669310569763184
backdoor accuracy: 0.9593023061752319
Training round: 41		accuracy = 0.7641854882240295
backdoor accuracy: 0.9476743936538696
Training round: 42		accuracy = 0.7583892345428467
backdoor accuracy: 0.9534883499145508
Training round: 43		accuracy = 0.7678462266921997
backdoor accuracy: 0.9593023061752319
Training round: 44		accuracy = 0.7672361135482788
backdoor accuracy: 0.9651162624359131
Training round: 45		accuracy = 0.7647956013679504
backdoor accuracy: 0.9651162624359131
Training round: 46		accuracy = 0.7690665125846863
backdoor accuracy: 0.9651162624359131
Training round: 47		accuracy = 0.7651006579399109
backdoor accuracy: 0.9651162624359131
Training round: 48		accuracy = 0.7733374238014221
backdoor accuracy: 0.9709302186965942
Training round: 49		accuracy = 0.7654057145118713
backdoor accuracy: 0.9651162624359131
Training round: 50		accuracy = 0.7702867388725281
backdoor accuracy: 0.9651162624359131
Training round: 51		accuracy = 0.7672361135482788
backdoor accuracy: 0.9651162624359131
Training round: 52		accuracy = 0.7681512832641602
backdoor accuracy: 0.9651162624359131
Training round: 53		accuracy = 0.7638804316520691
backdoor accuracy: 0.9651162624359131
Training round: 54		accuracy = 0.7696766257286072
backdoor accuracy: 0.9651162624359131
Training round: 55		accuracy = 0.7617449760437012
backdoor accuracy: 0.9651162624359131
Training round: 56		accuracy = 0.7702867388725281
backdoor accuracy: 0.9651162624359131
Training round: 57		accuracy = 0.7593044638633728
backdoor accuracy: 0.9534883499145508
Training round: 58		accuracy = 0.7693715691566467
backdoor accuracy: 0.9651162624359131
Training round: 59		accuracy = 0.7620500326156616
backdoor accuracy: 0.9651162624359131
Training round: 60		accuracy = 0.7684563994407654
backdoor accuracy: 0.9651162624359131
Training round: 61		accuracy = 0.7687614560127258
backdoor accuracy: 0.9651162624359131
Training round: 62		accuracy = 0.7651006579399109
backdoor accuracy: 0.9651162624359131
Training round: 63		accuracy = 0.7693715691566467
backdoor accuracy: 0.9709302186965942
Training round: 64		accuracy = 0.7663209438323975
backdoor accuracy: 0.9709302186965942
Training round: 65		accuracy = 0.7718120813369751
backdoor accuracy: 0.9709302186965942
Training round: 66		accuracy = 0.7669310569763184
backdoor accuracy: 0.9709302186965942
Training round: 67		accuracy = 0.7705917954444885
backdoor accuracy: 0.9709302186965942
Training round: 68		accuracy = 0.7721171379089355
backdoor accuracy: 0.9709302186965942
Training round: 69		accuracy = 0.7736424803733826
backdoor accuracy: 0.9709302186965942
Training round: 70		accuracy = 0.7657107710838318
backdoor accuracy: 0.9651162624359131
Training round: 71		accuracy = 0.7708969116210938
backdoor accuracy: 0.9709302186965942
Training round: 72		accuracy = 0.7702867388725281
backdoor accuracy: 0.9709302186965942
Training round: 73		accuracy = 0.7730323076248169
backdoor accuracy: 0.9709302186965942
Training round: 74		accuracy = 0.7718120813369751
backdoor accuracy: 0.9709302186965942
Training round: 75		accuracy = 0.7745576500892639
backdoor accuracy: 0.9709302186965942
Training round: 76		accuracy = 0.7687614560127258
backdoor accuracy: 0.9709302186965942
Training round: 77		accuracy = 0.7730323076248169
backdoor accuracy: 0.9709302186965942
Training round: 78		accuracy = 0.773947536945343
backdoor accuracy: 0.9709302186965942
Training round: 79		accuracy = 0.7742525935173035
backdoor accuracy: 0.9709302186965942
Training round: 80		accuracy = 0.7748627066612244
backdoor accuracy: 0.9709302186965942
Training round: 81		accuracy = 0.7736424803733826
backdoor accuracy: 0.9709302186965942
Training round: 82		accuracy = 0.7733374238014221
backdoor accuracy: 0.9709302186965942
Training round: 83		accuracy = 0.7763880491256714
backdoor accuracy: 0.9709302186965942
Training round: 84		accuracy = 0.7760829925537109
backdoor accuracy: 0.9709302186965942
Training round: 85		accuracy = 0.7754728198051453
backdoor accuracy: 0.9709302186965942
Training round: 86		accuracy = 0.7751677632331848
backdoor accuracy: 0.9709302186965942
Training round: 87		accuracy = 0.7760829925537109
backdoor accuracy: 0.9709302186965942
Training round: 88		accuracy = 0.7745576500892639
backdoor accuracy: 0.9709302186965942
Training round: 89		accuracy = 0.7757779359817505
backdoor accuracy: 0.9709302186965942
Training round: 90		accuracy = 0.7742525935173035
backdoor accuracy: 0.9709302186965942
Training round: 91		accuracy = 0.7773032188415527
backdoor accuracy: 0.9709302186965942
Training round: 92		accuracy = 0.7745576500892639
backdoor accuracy: 0.9709302186965942
Training round: 93		accuracy = 0.7766931056976318
backdoor accuracy: 0.9709302186965942
Training round: 94		accuracy = 0.7757779359817505
backdoor accuracy: 0.9709302186965942
Training round: 95		accuracy = 0.7779133915901184
backdoor accuracy: 0.9709302186965942
Training round: 96		accuracy = 0.7757779359817505
backdoor accuracy: 0.9709302186965942
Training round: 97		accuracy = 0.7776082754135132
backdoor accuracy: 0.9709302186965942
Training round: 98		accuracy = 0.7779133915901184
backdoor accuracy: 0.9709302186965942
Training round: 99		accuracy = 0.7782184481620789
backdoor accuracy: 0.9709302186965942
Training round: 100		accuracy = 0.7779133915901184
backdoor accuracy: 0.9709302186965942
Training duration 5969.641542196274
