2021-08-21 22:52:54.968137: I tensorflow/stream_executor/platform/default/dso_loader.cc:49] Successfully opened dynamic library libcudart.so.11.0
2021-08-21 22:53:16.564570: I tensorflow/compiler/jit/xla_cpu_device.cc:41] Not creating XLA devices, tf_xla_enable_xla_devices not set
2021-08-21 22:53:16.567099: I tensorflow/stream_executor/platform/default/dso_loader.cc:49] Successfully opened dynamic library libcuda.so.1
2021-08-21 22:53:16.592267: I tensorflow/core/common_runtime/gpu/gpu_device.cc:1720] Found device 0 with properties: 
pciBusID: 0000:04:00.0 name: Tesla P100-PCIE-16GB computeCapability: 6.0
coreClock: 1.3285GHz coreCount: 56 deviceMemorySize: 15.90GiB deviceMemoryBandwidth: 681.88GiB/s
2021-08-21 22:53:16.592478: I tensorflow/stream_executor/platform/default/dso_loader.cc:49] Successfully opened dynamic library libcudart.so.11.0
2021-08-21 22:53:16.601751: I tensorflow/stream_executor/platform/default/dso_loader.cc:49] Successfully opened dynamic library libcublas.so.11
2021-08-21 22:53:16.601963: I tensorflow/stream_executor/platform/default/dso_loader.cc:49] Successfully opened dynamic library libcublasLt.so.11
2021-08-21 22:53:16.607261: I tensorflow/stream_executor/platform/default/dso_loader.cc:49] Successfully opened dynamic library libcufft.so.10
2021-08-21 22:53:16.609416: I tensorflow/stream_executor/platform/default/dso_loader.cc:49] Successfully opened dynamic library libcurand.so.10
2021-08-21 22:53:16.616953: I tensorflow/stream_executor/platform/default/dso_loader.cc:49] Successfully opened dynamic library libcusolver.so.10
2021-08-21 22:53:16.618961: I tensorflow/stream_executor/platform/default/dso_loader.cc:49] Successfully opened dynamic library libcusparse.so.11
2021-08-21 22:53:16.619618: I tensorflow/stream_executor/platform/default/dso_loader.cc:49] Successfully opened dynamic library libcudnn.so.8
2021-08-21 22:53:16.622309: I tensorflow/core/common_runtime/gpu/gpu_device.cc:1862] Adding visible gpu devices: 0
2021-08-21 22:53:16.623257: I tensorflow/core/platform/cpu_feature_guard.cc:142] This TensorFlow binary is optimized with oneAPI Deep Neural Network Library (oneDNN) to use the following CPU instructions in performance-critical operations:  AVX2 FMA
To enable them in other operations, rebuild TensorFlow with the appropriate compiler flags.
2021-08-21 22:53:16.623601: I tensorflow/compiler/jit/xla_gpu_device.cc:99] Not creating XLA devices, tf_xla_enable_xla_devices not set
2021-08-21 22:53:16.625011: I tensorflow/core/common_runtime/gpu/gpu_device.cc:1720] Found device 0 with properties: 
pciBusID: 0000:04:00.0 name: Tesla P100-PCIE-16GB computeCapability: 6.0
coreClock: 1.3285GHz coreCount: 56 deviceMemorySize: 15.90GiB deviceMemoryBandwidth: 681.88GiB/s
2021-08-21 22:53:16.625093: I tensorflow/stream_executor/platform/default/dso_loader.cc:49] Successfully opened dynamic library libcudart.so.11.0
2021-08-21 22:53:16.625191: I tensorflow/stream_executor/platform/default/dso_loader.cc:49] Successfully opened dynamic library libcublas.so.11
2021-08-21 22:53:16.625245: I tensorflow/stream_executor/platform/default/dso_loader.cc:49] Successfully opened dynamic library libcublasLt.so.11
2021-08-21 22:53:16.625295: I tensorflow/stream_executor/platform/default/dso_loader.cc:49] Successfully opened dynamic library libcufft.so.10
2021-08-21 22:53:16.625403: I tensorflow/stream_executor/platform/default/dso_loader.cc:49] Successfully opened dynamic library libcurand.so.10
2021-08-21 22:53:16.625469: I tensorflow/stream_executor/platform/default/dso_loader.cc:49] Successfully opened dynamic library libcusolver.so.10
2021-08-21 22:53:16.625539: I tensorflow/stream_executor/platform/default/dso_loader.cc:49] Successfully opened dynamic library libcusparse.so.11
2021-08-21 22:53:16.625591: I tensorflow/stream_executor/platform/default/dso_loader.cc:49] Successfully opened dynamic library libcudnn.so.8
2021-08-21 22:53:16.628008: I tensorflow/core/common_runtime/gpu/gpu_device.cc:1862] Adding visible gpu devices: 0
2021-08-21 22:53:16.628128: I tensorflow/stream_executor/platform/default/dso_loader.cc:49] Successfully opened dynamic library libcudart.so.11.0
2021-08-21 22:53:17.253117: I tensorflow/core/common_runtime/gpu/gpu_device.cc:1261] Device interconnect StreamExecutor with strength 1 edge matrix:
2021-08-21 22:53:17.253341: I tensorflow/core/common_runtime/gpu/gpu_device.cc:1267]      0 
2021-08-21 22:53:17.253460: I tensorflow/core/common_runtime/gpu/gpu_device.cc:1280] 0:   N 
2021-08-21 22:53:17.257250: I tensorflow/core/common_runtime/gpu/gpu_device.cc:1406] Created TensorFlow device (/job:localhost/replica:0/task:0/device:GPU:0 with 14957 MB memory) -> physical GPU (device: 0, name: Tesla P100-PCIE-16GB, pci bus id: 0000:04:00.0, compute capability: 6.0)
2021-08-21 22:53:24.905483: I tensorflow/compiler/mlir/mlir_graph_optimization_pass.cc:116] None of the MLIR optimization passes are enabled (registered 2)
2021-08-21 22:53:24.909360: I tensorflow/core/platform/profile_utils/cpu_utils.cc:112] CPU Frequency: 2200185000 Hz
2021-08-21 22:53:24.982013: I tensorflow/stream_executor/platform/default/dso_loader.cc:49] Successfully opened dynamic library libcublas.so.11
2021-08-21 22:53:25.282557: I tensorflow/stream_executor/platform/default/dso_loader.cc:49] Successfully opened dynamic library libcublasLt.so.11
2021-08-21 22:53:25.287901: I tensorflow/stream_executor/platform/default/dso_loader.cc:49] Successfully opened dynamic library libcudnn.so.8
2021-08-21 22:53:26.974563: W tensorflow/stream_executor/gpu/asm_compiler.cc:63] Running ptxas --version returned 256
2021-08-21 22:53:27.034164: W tensorflow/stream_executor/gpu/redzone_allocator.cc:314] Internal: ptxas exited with non-zero error code 256, output: 
Relying on driver to perform ptx compilation. 
Modify $PATH to customize ptxas location.
This message will be only logged once.
OverlapMutator started.
OverlapMutator finished.
Training round: 1		accuracy = 0.5556522011756897
Training round: 2		accuracy = 0.6449275612831116
Training round: 3		accuracy = 0.6310144662857056
Training round: 4		accuracy = 0.613043487071991
Training round: 5		accuracy = 0.6350724697113037
Training round: 6		accuracy = 0.6365217566490173
Training round: 7		accuracy = 0.6307246088981628
Training round: 8		accuracy = 0.6536231637001038
Training round: 9		accuracy = 0.640289843082428
Training round: 10		accuracy = 0.634782612323761
Training round: 11		accuracy = 0.6397101283073425
Training round: 12		accuracy = 0.6414492726325989
Training round: 13		accuracy = 0.6588405966758728
Training round: 14		accuracy = 0.6617391109466553
Training round: 15		accuracy = 0.6504347920417786
Training round: 16		accuracy = 0.6437681317329407
Training round: 17		accuracy = 0.6646376848220825
Training round: 18		accuracy = 0.6646376848220825
Training round: 19		accuracy = 0.6695652008056641
Training round: 20		accuracy = 0.6776811480522156
Training round: 21		accuracy = 0.6739130616188049
Training round: 22		accuracy = 0.6750724911689758
Training round: 23		accuracy = 0.6744927763938904
Training round: 24		accuracy = 0.6739130616188049
Training round: 25		accuracy = 0.6747826337814331
Training round: 26		accuracy = 0.678260862827301
Training round: 27		accuracy = 0.6805797219276428
Training round: 28		accuracy = 0.6794202923774719
Training round: 29		accuracy = 0.6614492535591125
Training round: 30		accuracy = 0.6678261160850525
Training round: 31		accuracy = 0.6773912906646729
Training round: 32		accuracy = 0.6878260970115662
Training round: 33		accuracy = 0.6449275612831116
Training round: 34		accuracy = 0.6794202923774719
Training round: 35		accuracy = 0.6950724720954895
Training round: 36		accuracy = 0.6991304159164429
Training round: 37		accuracy = 0.6997101306915283
Training round: 38		accuracy = 0.7023188471794128
Training round: 39		accuracy = 0.6921738982200623
Training round: 40		accuracy = 0.6776811480522156
Training round: 41		accuracy = 0.6898550987243652
Training round: 42		accuracy = 0.6933333277702332
Training round: 43		accuracy = 0.6973913311958313
Training round: 44		accuracy = 0.7011594176292419
Training round: 45		accuracy = 0.7005797028541565
Training round: 46		accuracy = 0.7008695602416992
Training round: 47		accuracy = 0.7043478488922119
Training round: 48		accuracy = 0.705507218837738
Training round: 49		accuracy = 0.7063767910003662
Training round: 50		accuracy = 0.7078260779380798
Training round: 51		accuracy = 0.7072463631629944
Training round: 52		accuracy = 0.7095652222633362
Training round: 53		accuracy = 0.7107246518135071
Training round: 54		accuracy = 0.7098550796508789
Training round: 55		accuracy = 0.7095652222633362
Training round: 56		accuracy = 0.7104347944259644
Training round: 57		accuracy = 0.7104347944259644
Training round: 58		accuracy = 0.7098550796508789
Training round: 59		accuracy = 0.7101449370384216
Training round: 60		accuracy = 0.7107246518135071
Training round: 61		accuracy = 0.7113043665885925
Training round: 62		accuracy = 0.7095652222633362
Training round: 63		accuracy = 0.7101449370384216
Training round: 64		accuracy = 0.7101449370384216
Training round: 65		accuracy = 0.7107246518135071
Training round: 66		accuracy = 0.6872463822364807
Training round: 67		accuracy = 0.6872463822364807
Training round: 68		accuracy = 0.694492757320404
Training round: 69		accuracy = 0.695652186870575
Training round: 70		accuracy = 0.6953623294830322
Training round: 71		accuracy = 0.6982608437538147
Training round: 72		accuracy = 0.6991304159164429
Training round: 73		accuracy = 0.7002898454666138
Training round: 74		accuracy = 0.7017391324043274
Training round: 75		accuracy = 0.7037681341171265
Training round: 76		accuracy = 0.7040579915046692
Training round: 77		accuracy = 0.7037681341171265
Training round: 78		accuracy = 0.7049275636672974
Training round: 79		accuracy = 0.7057970762252808
Training round: 80		accuracy = 0.7063767910003662
Training round: 81		accuracy = 0.7075362205505371
Training round: 82		accuracy = 0.7081159353256226
Training round: 83		accuracy = 0.7095652222633362
Training round: 84		accuracy = 0.7098550796508789
Training round: 85		accuracy = 0.7098550796508789
Training round: 86		accuracy = 0.708695650100708
Training round: 87		accuracy = 0.7095652222633362
Training round: 88		accuracy = 0.7098550796508789
Training round: 89		accuracy = 0.7092753648757935
Training round: 90		accuracy = 0.7092753648757935
Training round: 91		accuracy = 0.7104347944259644
Training round: 92		accuracy = 0.7113043665885925
Training round: 93		accuracy = 0.7110145092010498
Training round: 94		accuracy = 0.7104347944259644
Training round: 95		accuracy = 0.7098550796508789
Training round: 96		accuracy = 0.7098550796508789
Training round: 97		accuracy = 0.7101449370384216
Training round: 98		accuracy = 0.7101449370384216
Training round: 99		accuracy = 0.6985507011413574
Training round: 100		accuracy = 0.6985507011413574
Training duration 7681.740520238876
