2021-08-13 11:42:04.939480: I tensorflow/stream_executor/platform/default/dso_loader.cc:49] Successfully opened dynamic library libcudart.so.11.0
2021-08-13 11:42:24.136595: I tensorflow/compiler/jit/xla_cpu_device.cc:41] Not creating XLA devices, tf_xla_enable_xla_devices not set
2021-08-13 11:42:24.138518: I tensorflow/stream_executor/platform/default/dso_loader.cc:49] Successfully opened dynamic library libcuda.so.1
2021-08-13 11:42:24.173059: I tensorflow/core/common_runtime/gpu/gpu_device.cc:1720] Found device 0 with properties: 
pciBusID: 0000:03:00.0 name: Tesla P100-PCIE-12GB computeCapability: 6.0
coreClock: 1.3285GHz coreCount: 56 deviceMemorySize: 11.91GiB deviceMemoryBandwidth: 511.41GiB/s
2021-08-13 11:42:24.173223: I tensorflow/stream_executor/platform/default/dso_loader.cc:49] Successfully opened dynamic library libcudart.so.11.0
2021-08-13 11:42:24.182959: I tensorflow/stream_executor/platform/default/dso_loader.cc:49] Successfully opened dynamic library libcublas.so.11
2021-08-13 11:42:24.183178: I tensorflow/stream_executor/platform/default/dso_loader.cc:49] Successfully opened dynamic library libcublasLt.so.11
2021-08-13 11:42:24.189524: I tensorflow/stream_executor/platform/default/dso_loader.cc:49] Successfully opened dynamic library libcufft.so.10
2021-08-13 11:42:24.192491: I tensorflow/stream_executor/platform/default/dso_loader.cc:49] Successfully opened dynamic library libcurand.so.10
2021-08-13 11:42:24.202813: I tensorflow/stream_executor/platform/default/dso_loader.cc:49] Successfully opened dynamic library libcusolver.so.10
2021-08-13 11:42:24.205512: I tensorflow/stream_executor/platform/default/dso_loader.cc:49] Successfully opened dynamic library libcusparse.so.11
2021-08-13 11:42:24.206303: I tensorflow/stream_executor/platform/default/dso_loader.cc:49] Successfully opened dynamic library libcudnn.so.8
2021-08-13 11:42:24.212539: I tensorflow/core/common_runtime/gpu/gpu_device.cc:1862] Adding visible gpu devices: 0
2021-08-13 11:42:24.214302: I tensorflow/core/platform/cpu_feature_guard.cc:142] This TensorFlow binary is optimized with oneAPI Deep Neural Network Library (oneDNN) to use the following CPU instructions in performance-critical operations:  AVX2 FMA
To enable them in other operations, rebuild TensorFlow with the appropriate compiler flags.
2021-08-13 11:42:24.214711: I tensorflow/compiler/jit/xla_gpu_device.cc:99] Not creating XLA devices, tf_xla_enable_xla_devices not set
2021-08-13 11:42:24.217574: I tensorflow/core/common_runtime/gpu/gpu_device.cc:1720] Found device 0 with properties: 
pciBusID: 0000:03:00.0 name: Tesla P100-PCIE-12GB computeCapability: 6.0
coreClock: 1.3285GHz coreCount: 56 deviceMemorySize: 11.91GiB deviceMemoryBandwidth: 511.41GiB/s
2021-08-13 11:42:24.217663: I tensorflow/stream_executor/platform/default/dso_loader.cc:49] Successfully opened dynamic library libcudart.so.11.0
2021-08-13 11:42:24.217748: I tensorflow/stream_executor/platform/default/dso_loader.cc:49] Successfully opened dynamic library libcublas.so.11
2021-08-13 11:42:24.217831: I tensorflow/stream_executor/platform/default/dso_loader.cc:49] Successfully opened dynamic library libcublasLt.so.11
2021-08-13 11:42:24.217920: I tensorflow/stream_executor/platform/default/dso_loader.cc:49] Successfully opened dynamic library libcufft.so.10
2021-08-13 11:42:24.217996: I tensorflow/stream_executor/platform/default/dso_loader.cc:49] Successfully opened dynamic library libcurand.so.10
2021-08-13 11:42:24.218076: I tensorflow/stream_executor/platform/default/dso_loader.cc:49] Successfully opened dynamic library libcusolver.so.10
2021-08-13 11:42:24.218183: I tensorflow/stream_executor/platform/default/dso_loader.cc:49] Successfully opened dynamic library libcusparse.so.11
2021-08-13 11:42:24.218259: I tensorflow/stream_executor/platform/default/dso_loader.cc:49] Successfully opened dynamic library libcudnn.so.8
2021-08-13 11:42:24.224829: I tensorflow/core/common_runtime/gpu/gpu_device.cc:1862] Adding visible gpu devices: 0
2021-08-13 11:42:24.224965: I tensorflow/stream_executor/platform/default/dso_loader.cc:49] Successfully opened dynamic library libcudart.so.11.0
2021-08-13 11:42:25.567361: I tensorflow/core/common_runtime/gpu/gpu_device.cc:1261] Device interconnect StreamExecutor with strength 1 edge matrix:
2021-08-13 11:42:25.567622: I tensorflow/core/common_runtime/gpu/gpu_device.cc:1267]      0 
2021-08-13 11:42:25.567760: I tensorflow/core/common_runtime/gpu/gpu_device.cc:1280] 0:   N 
2021-08-13 11:42:25.573269: I tensorflow/core/common_runtime/gpu/gpu_device.cc:1406] Created TensorFlow device (/job:localhost/replica:0/task:0/device:GPU:0 with 11119 MB memory) -> physical GPU (device: 0, name: Tesla P100-PCIE-12GB, pci bus id: 0000:03:00.0, compute capability: 6.0)
2021-08-13 11:42:26.233639: I tensorflow/compiler/mlir/mlir_graph_optimization_pass.cc:116] None of the MLIR optimization passes are enabled (registered 2)
2021-08-13 11:42:26.248411: I tensorflow/core/platform/profile_utils/cpu_utils.cc:112] CPU Frequency: 2200015000 Hz
2021-08-13 11:42:26.869241: I tensorflow/stream_executor/platform/default/dso_loader.cc:49] Successfully opened dynamic library libcublas.so.11
2021-08-13 11:42:27.203568: I tensorflow/stream_executor/platform/default/dso_loader.cc:49] Successfully opened dynamic library libcublasLt.so.11
2021-08-13 11:42:27.206379: I tensorflow/stream_executor/platform/default/dso_loader.cc:49] Successfully opened dynamic library libcudnn.so.8
2021-08-13 11:42:28.795027: W tensorflow/stream_executor/gpu/asm_compiler.cc:63] Running ptxas --version returned 256
2021-08-13 11:42:28.847285: W tensorflow/stream_executor/gpu/redzone_allocator.cc:314] Internal: ptxas exited with non-zero error code 256, output: 
Relying on driver to perform ptx compilation. 
Modify $PATH to customize ptxas location.
This message will be only logged once.
DeleteMutator started.
DeleteMutator finished.
Training round: 1		accuracy = 0.10090000182390213
Training round: 2		accuracy = 0.10000000149011612
Training round: 3		accuracy = 0.10000000149011612
Training round: 4		accuracy = 0.10000000149011612
Training round: 5		accuracy = 0.14959999918937683
Training round: 6		accuracy = 0.16740000247955322
Training round: 7		accuracy = 0.10000000149011612
Training round: 8		accuracy = 0.1315000057220459
Training round: 9		accuracy = 0.14079999923706055
Training round: 10		accuracy = 0.16740000247955322
Training round: 11		accuracy = 0.20569999516010284
Training round: 12		accuracy = 0.13809999823570251
Training round: 13		accuracy = 0.19349999725818634
Training round: 14		accuracy = 0.19380000233650208
Training round: 15		accuracy = 0.19900000095367432
Training round: 16		accuracy = 0.2071000039577484
Training round: 17		accuracy = 0.21369999647140503
Training round: 18		accuracy = 0.21310000121593475
Training round: 19		accuracy = 0.19140000641345978
Training round: 20		accuracy = 0.2329999953508377
Training round: 21		accuracy = 0.2054000049829483
Training round: 22		accuracy = 0.19429999589920044
Training round: 23		accuracy = 0.2069000005722046
Training round: 24		accuracy = 0.22519999742507935
Training round: 25		accuracy = 0.2142000049352646
Training round: 26		accuracy = 0.23569999635219574
Training round: 27		accuracy = 0.22699999809265137
Training round: 28		accuracy = 0.148499995470047
Training round: 29		accuracy = 0.21480000019073486
Training round: 30		accuracy = 0.22220000624656677
Training round: 31		accuracy = 0.24480000138282776
Training round: 32		accuracy = 0.24560000002384186
Training round: 33		accuracy = 0.20579999685287476
Training round: 34		accuracy = 0.21660000085830688
Training round: 35		accuracy = 0.23919999599456787
Training round: 36		accuracy = 0.23980000615119934
Training round: 37		accuracy = 0.24609999358654022
Training round: 38		accuracy = 0.21580000221729279
Training round: 39		accuracy = 0.2632000148296356
Training round: 40		accuracy = 0.21719999611377716
Training round: 41		accuracy = 0.23899999260902405
Training round: 42		accuracy = 0.22709999978542328
Training round: 43		accuracy = 0.24660000205039978
Training round: 44		accuracy = 0.2567000091075897
Training round: 45		accuracy = 0.24869999289512634
Training round: 46		accuracy = 0.26489999890327454
Training round: 47		accuracy = 0.1712999939918518
Training round: 48		accuracy = 0.24719999730587006
Training round: 49		accuracy = 0.260699987411499
Training round: 50		accuracy = 0.2799000144004822
Training round: 51		accuracy = 0.27320000529289246
Training round: 52		accuracy = 0.29030001163482666
Training round: 53		accuracy = 0.24889999628067017
Training round: 54		accuracy = 0.2475000023841858
Training round: 55		accuracy = 0.2874000072479248
Training round: 56		accuracy = 0.26429998874664307
Training round: 57		accuracy = 0.2953000068664551
Training round: 58		accuracy = 0.27559998631477356
Training round: 59		accuracy = 0.27079999446868896
Training round: 60		accuracy = 0.2782999873161316
Training round: 61		accuracy = 0.2808000147342682
Training round: 62		accuracy = 0.3003999888896942
Training round: 63		accuracy = 0.25859999656677246
Training round: 64		accuracy = 0.2874999940395355
Training round: 65		accuracy = 0.29660001397132874
Training round: 66		accuracy = 0.26759999990463257
Training round: 67		accuracy = 0.30250000953674316
Training round: 68		accuracy = 0.3070000112056732
Training round: 69		accuracy = 0.27480000257492065
Training round: 70		accuracy = 0.3127000033855438
Training round: 71		accuracy = 0.2935999929904938
Training round: 72		accuracy = 0.29899999499320984
Training round: 73		accuracy = 0.28870001435279846
Training round: 74		accuracy = 0.3018999993801117
Training round: 75		accuracy = 0.3010999858379364
Training round: 76		accuracy = 0.27489998936653137
Training round: 77		accuracy = 0.3206999897956848
Training round: 78		accuracy = 0.30730000138282776
Training round: 79		accuracy = 0.3181999921798706
Training round: 80		accuracy = 0.30820000171661377
Training round: 81		accuracy = 0.29840001463890076
Training round: 82		accuracy = 0.3052999973297119
Training round: 83		accuracy = 0.29980000853538513
Training round: 84		accuracy = 0.29899999499320984
Training round: 85		accuracy = 0.2752000093460083
Training round: 86		accuracy = 0.29589998722076416
Training round: 87		accuracy = 0.3147999942302704
Training round: 88		accuracy = 0.33730000257492065
Training round: 89		accuracy = 0.320499986410141
Training round: 90		accuracy = 0.26489999890327454
Training round: 91		accuracy = 0.3190999925136566
Training round: 92		accuracy = 0.32600000500679016
Training round: 93		accuracy = 0.3285999894142151
Training round: 94		accuracy = 0.335999995470047
Training round: 95		accuracy = 0.33559998869895935
Training round: 96		accuracy = 0.3118000030517578
Training round: 97		accuracy = 0.3580999970436096
Training round: 98		accuracy = 0.3249000012874603
Training round: 99		accuracy = 0.32910001277923584
Training round: 100		accuracy = 0.31709998846054077
Training round: 101		accuracy = 0.35359999537467957
Training round: 102		accuracy = 0.3359000086784363
Training round: 103		accuracy = 0.3370000123977661
Training round: 104		accuracy = 0.29910001158714294
Training round: 105		accuracy = 0.33469998836517334
Training round: 106		accuracy = 0.36250001192092896
Training round: 107		accuracy = 0.3116999864578247
Training round: 108		accuracy = 0.33709999918937683
Training round: 109		accuracy = 0.33820000290870667
Training round: 110		accuracy = 0.31119999289512634
Training round: 111		accuracy = 0.33090001344680786
Training round: 112		accuracy = 0.33079999685287476
Training round: 113		accuracy = 0.32109999656677246
Training round: 114		accuracy = 0.37389999628067017
Training round: 115		accuracy = 0.3684000074863434
Training round: 116		accuracy = 0.3174000084400177
Training round: 117		accuracy = 0.3463999927043915
Training round: 118		accuracy = 0.36570000648498535
Training round: 119		accuracy = 0.34549999237060547
Training round: 120		accuracy = 0.37119999527931213
Training round: 121		accuracy = 0.3668999969959259
Training round: 122		accuracy = 0.36959999799728394
Training round: 123		accuracy = 0.3255000114440918
Training round: 124		accuracy = 0.3443000018596649
Training round: 125		accuracy = 0.3497999906539917
Training round: 126		accuracy = 0.37439998984336853
Training round: 127		accuracy = 0.36079999804496765
Training round: 128		accuracy = 0.3255000114440918
Training round: 129		accuracy = 0.35830000042915344
Training round: 130		accuracy = 0.3774999976158142
Training round: 131		accuracy = 0.35690000653266907
Training round: 132		accuracy = 0.3012000024318695
Training round: 133		accuracy = 0.35850000381469727
Training round: 134		accuracy = 0.35510000586509705
Training round: 135		accuracy = 0.33500000834465027
Training round: 136		accuracy = 0.3662000000476837
Training round: 137		accuracy = 0.38510000705718994
Training round: 138		accuracy = 0.3776000142097473
Training round: 139		accuracy = 0.36570000648498535
Training round: 140		accuracy = 0.38589999079704285
Training round: 141		accuracy = 0.35280001163482666
Training round: 142		accuracy = 0.3402000069618225
Training round: 143		accuracy = 0.3758000135421753
Training round: 144		accuracy = 0.36480000615119934
Training round: 145		accuracy = 0.3686000108718872
Training round: 146		accuracy = 0.3662000000476837
Training round: 147		accuracy = 0.37290000915527344
Training round: 148		accuracy = 0.36480000615119934
Training round: 149		accuracy = 0.33570000529289246
Training round: 150		accuracy = 0.3684000074863434
Training round: 151		accuracy = 0.35839998722076416
Training round: 152		accuracy = 0.36329999566078186
Training round: 153		accuracy = 0.34470000863075256
Training round: 154		accuracy = 0.383899986743927
Training round: 155		accuracy = 0.3822999894618988
Training round: 156		accuracy = 0.38609999418258667
Training round: 157		accuracy = 0.33880001306533813
Training round: 158		accuracy = 0.3521000146865845
Training round: 159		accuracy = 0.37279999256134033
Training round: 160		accuracy = 0.3815999925136566
Training round: 161		accuracy = 0.38100001215934753
Training round: 162		accuracy = 0.39570000767707825
Training round: 163		accuracy = 0.3671000003814697
Training round: 164		accuracy = 0.38989999890327454
Training round: 165		accuracy = 0.40700000524520874
Training round: 166		accuracy = 0.3917999863624573
Training round: 167		accuracy = 0.38019999861717224
Training round: 168		accuracy = 0.3637999892234802
Training round: 169		accuracy = 0.33899998664855957
Training round: 170		accuracy = 0.37599998712539673
Training round: 171		accuracy = 0.4059999883174896
Training round: 172		accuracy = 0.3917999863624573
Training round: 173		accuracy = 0.3930000066757202
Training round: 174		accuracy = 0.38600000739097595
Training round: 175		accuracy = 0.35989999771118164
Training round: 176		accuracy = 0.3463999927043915
Training round: 177		accuracy = 0.37950000166893005
Training round: 178		accuracy = 0.39329999685287476
Training round: 179		accuracy = 0.37220001220703125
Training round: 180		accuracy = 0.3815999925136566
Training round: 181		accuracy = 0.40290001034736633
Training round: 182		accuracy = 0.4268999993801117
Training round: 183		accuracy = 0.3684000074863434
Training round: 184		accuracy = 0.385699987411499
Training round: 185		accuracy = 0.4004000127315521
Training round: 186		accuracy = 0.3977000117301941
Training round: 187		accuracy = 0.3774000108242035
Training round: 188		accuracy = 0.3840000033378601
Training round: 189		accuracy = 0.38830000162124634
Training round: 190		accuracy = 0.4140999913215637
Training round: 191		accuracy = 0.36809998750686646
Training round: 192		accuracy = 0.2667999863624573
Training round: 193		accuracy = 0.40619999170303345
Training round: 194		accuracy = 0.4180000126361847
Training round: 195		accuracy = 0.40549999475479126
Training round: 196		accuracy = 0.40369999408721924
Training round: 197		accuracy = 0.3986000120639801
Training round: 198		accuracy = 0.4016999900341034
Training round: 199		accuracy = 0.38999998569488525
Training round: 200		accuracy = 0.3971000015735626
Training round: 201		accuracy = 0.4068000018596649
Training round: 202		accuracy = 0.4016999900341034
Training round: 203		accuracy = 0.4007999897003174
Training round: 204		accuracy = 0.4350999891757965
Training round: 205		accuracy = 0.414900004863739
Training round: 206		accuracy = 0.39570000767707825
Training round: 207		accuracy = 0.4268999993801117
Training round: 208		accuracy = 0.4205999970436096
Training round: 209		accuracy = 0.4072999954223633
Training round: 210		accuracy = 0.39590001106262207
Training round: 211		accuracy = 0.40070000290870667
Training round: 212		accuracy = 0.39410001039505005
Training round: 213		accuracy = 0.4205999970436096
Training round: 214		accuracy = 0.39629998803138733
Training round: 215		accuracy = 0.40880000591278076
Training round: 216		accuracy = 0.3919000029563904
Training round: 217		accuracy = 0.4106999933719635
Training round: 218		accuracy = 0.36629998683929443
Training round: 219		accuracy = 0.39250001311302185
Training round: 220		accuracy = 0.373199999332428
Training round: 221		accuracy = 0.40790000557899475
Training round: 222		accuracy = 0.42239999771118164
Training round: 223		accuracy = 0.4255000054836273
Training round: 224		accuracy = 0.41600000858306885
Training round: 225		accuracy = 0.40529999136924744
Training round: 226		accuracy = 0.44279998540878296
Training round: 227		accuracy = 0.4124999940395355
Training round: 228		accuracy = 0.4325999915599823
Training round: 229		accuracy = 0.43479999899864197
Training round: 230		accuracy = 0.42419999837875366
Training round: 231		accuracy = 0.37220001220703125
Training round: 232		accuracy = 0.374099999666214
Training round: 233		accuracy = 0.4345000088214874
Training round: 234		accuracy = 0.40720000863075256
Training round: 235		accuracy = 0.385699987411499
Training round: 236		accuracy = 0.4108999967575073
Training round: 237		accuracy = 0.4174000024795532
Training round: 238		accuracy = 0.41769999265670776
Training round: 239		accuracy = 0.41780000925064087
Training round: 240		accuracy = 0.39100000262260437
Training round: 241		accuracy = 0.41280001401901245
Training round: 242		accuracy = 0.41290000081062317
Training round: 243		accuracy = 0.4293999969959259
Training round: 244		accuracy = 0.38519999384880066
Training round: 245		accuracy = 0.3878999948501587
Training round: 246		accuracy = 0.4047999978065491
Training round: 247		accuracy = 0.42320001125335693
Training round: 248		accuracy = 0.4481000006198883
Training round: 249		accuracy = 0.4242999851703644
Training round: 250		accuracy = 0.4226999878883362
Training round: 251		accuracy = 0.4323999881744385
Training round: 252		accuracy = 0.4336000084877014
Training round: 253		accuracy = 0.40130001306533813
Training round: 254		accuracy = 0.4142000079154968
Training round: 255		accuracy = 0.44440001249313354
Training round: 256		accuracy = 0.39329999685287476
Training round: 257		accuracy = 0.3889000117778778
Training round: 258		accuracy = 0.43709999322891235
Training round: 259		accuracy = 0.42410001158714294
Training round: 260		accuracy = 0.3815999925136566
Training round: 261		accuracy = 0.4300000071525574
Training round: 262		accuracy = 0.4235999882221222
Training round: 263		accuracy = 0.42559999227523804
Training round: 264		accuracy = 0.40209999680519104
Training round: 265		accuracy = 0.39469999074935913
Training round: 266		accuracy = 0.445499986410141
Training round: 267		accuracy = 0.3939000070095062
Training round: 268		accuracy = 0.4447000026702881
Training round: 269		accuracy = 0.4296000003814697
Training round: 270		accuracy = 0.4221999943256378
Training round: 271		accuracy = 0.4092999994754791
Training round: 272		accuracy = 0.3978999853134155
Training round: 273		accuracy = 0.4277999997138977
Training round: 274		accuracy = 0.42179998755455017
Training round: 275		accuracy = 0.39309999346733093
Training round: 276		accuracy = 0.41449999809265137
Training round: 277		accuracy = 0.41359999775886536
Training round: 278		accuracy = 0.4302999973297119
Training round: 279		accuracy = 0.4277999997138977
Training round: 280		accuracy = 0.30799999833106995
Training round: 281		accuracy = 0.39750000834465027
Training round: 282		accuracy = 0.43220001459121704
Training round: 283		accuracy = 0.42969998717308044
Training round: 284		accuracy = 0.4253999888896942
Training round: 285		accuracy = 0.43560001254081726
Training round: 286		accuracy = 0.43689998984336853
Training round: 287		accuracy = 0.3959999978542328
Training round: 288		accuracy = 0.4113999903202057
Training round: 289		accuracy = 0.42660000920295715
Training round: 290		accuracy = 0.4474000036716461
Training round: 291		accuracy = 0.45210000872612
Training round: 292		accuracy = 0.4447999894618988
Training round: 293		accuracy = 0.4471000134944916
Training round: 294		accuracy = 0.41359999775886536
Training round: 295		accuracy = 0.44510000944137573
Training round: 296		accuracy = 0.43299999833106995
Training round: 297		accuracy = 0.42730000615119934
Training round: 298		accuracy = 0.4388999938964844
Training round: 299		accuracy = 0.45570001006126404
Training round: 300		accuracy = 0.45509999990463257
Training round: 301		accuracy = 0.39910000562667847
Training round: 302		accuracy = 0.4327000081539154
Training round: 303		accuracy = 0.4244000017642975
Training round: 304		accuracy = 0.43970000743865967
Training round: 305		accuracy = 0.421099990606308
Training round: 306		accuracy = 0.4424999952316284
Training round: 307		accuracy = 0.43309998512268066
Training round: 308		accuracy = 0.4487000107765198
Training round: 309		accuracy = 0.4052000045776367
Training round: 310		accuracy = 0.42969998717308044
Training round: 311		accuracy = 0.4431000053882599
Training round: 312		accuracy = 0.43309998512268066
Training round: 313		accuracy = 0.4487000107765198
Training round: 314		accuracy = 0.44530001282691956
Training round: 315		accuracy = 0.4478999972343445
Training round: 316		accuracy = 0.4397999942302704
Training round: 317		accuracy = 0.45899999141693115
Training round: 318		accuracy = 0.4410000145435333
Training round: 319		accuracy = 0.4108000099658966
Training round: 320		accuracy = 0.4235999882221222
Training round: 321		accuracy = 0.4433000087738037
Training round: 322		accuracy = 0.4097999930381775
Training round: 323		accuracy = 0.42660000920295715
Training round: 324		accuracy = 0.414000004529953
Training round: 325		accuracy = 0.43689998984336853
Training round: 326		accuracy = 0.4474000036716461
Training round: 327		accuracy = 0.4440000057220459
Training round: 328		accuracy = 0.44510000944137573
Training round: 329		accuracy = 0.4505000114440918
Training round: 330		accuracy = 0.4401000142097473
Training round: 331		accuracy = 0.42500001192092896
Training round: 332		accuracy = 0.4074999988079071
Training round: 333		accuracy = 0.44519999623298645
Training round: 334		accuracy = 0.3617999851703644
Training round: 335		accuracy = 0.43720000982284546
Training round: 336		accuracy = 0.45669999718666077
Training round: 337		accuracy = 0.46399998664855957
Training round: 338		accuracy = 0.47440001368522644
Training round: 339		accuracy = 0.4544000029563904
Training round: 340		accuracy = 0.46560001373291016
Training round: 341		accuracy = 0.45080000162124634
Training round: 342		accuracy = 0.48339998722076416
Training round: 343		accuracy = 0.45100000500679016
Training round: 344		accuracy = 0.44999998807907104
Training round: 345		accuracy = 0.4413999915122986
Training round: 346		accuracy = 0.45899999141693115
Training round: 347		accuracy = 0.4156999886035919
Training round: 348		accuracy = 0.4593999981880188
Training round: 349		accuracy = 0.42260000109672546
Training round: 350		accuracy = 0.3458999991416931
Training round: 351		accuracy = 0.4438000023365021
Training round: 352		accuracy = 0.4790000021457672
Training round: 353		accuracy = 0.4706000089645386
Training round: 354		accuracy = 0.4745999872684479
Training round: 355		accuracy = 0.47920000553131104
Training round: 356		accuracy = 0.475600004196167
Training round: 357		accuracy = 0.4602999985218048
Training round: 358		accuracy = 0.4203000068664551
Training round: 359		accuracy = 0.4375
Training round: 360		accuracy = 0.4634000062942505
Training round: 361		accuracy = 0.42829999327659607
Training round: 362		accuracy = 0.4422999918460846
Training round: 363		accuracy = 0.460999995470047
Training round: 364		accuracy = 0.4510999917984009
Training round: 365		accuracy = 0.4684999883174896
Training round: 366		accuracy = 0.4578000009059906
Training round: 367		accuracy = 0.4740000069141388
Training round: 368		accuracy = 0.46869999170303345
Training round: 369		accuracy = 0.47099998593330383
Training round: 370		accuracy = 0.44020000100135803
Training round: 371		accuracy = 0.47029998898506165
Training round: 372		accuracy = 0.45989999175071716
Training round: 373		accuracy = 0.4713999927043915
Training round: 374		accuracy = 0.46560001373291016
Training round: 375		accuracy = 0.4902999997138977
Training round: 376		accuracy = 0.4706999957561493
Training round: 377		accuracy = 0.4837999939918518
Training round: 378		accuracy = 0.4814999997615814
Training round: 379		accuracy = 0.47749999165534973
Training round: 380		accuracy = 0.4641000032424927
Training round: 381		accuracy = 0.47679999470710754
Training round: 382		accuracy = 0.45100000500679016
Training round: 383		accuracy = 0.44530001282691956
Training round: 384		accuracy = 0.4713999927043915
Training round: 385		accuracy = 0.45260000228881836
Training round: 386		accuracy = 0.4805999994277954
Training round: 387		accuracy = 0.4729999899864197
Training round: 388		accuracy = 0.48100000619888306
Training round: 389		accuracy = 0.48190000653266907
Training round: 390		accuracy = 0.46309998631477356
Training round: 391		accuracy = 0.4740999937057495
Training round: 392		accuracy = 0.4408999979496002
Training round: 393		accuracy = 0.4284000098705292
Training round: 394		accuracy = 0.4616999924182892
Training round: 395		accuracy = 0.45899999141693115
Training round: 396		accuracy = 0.48590001463890076
Training round: 397		accuracy = 0.44929999113082886
Training round: 398		accuracy = 0.460999995470047
Training round: 399		accuracy = 0.48260000348091125
Training round: 400		accuracy = 0.47209998965263367
Training round: 401		accuracy = 0.4666000008583069
Training round: 402		accuracy = 0.47200000286102295
Training round: 403		accuracy = 0.4674000144004822
Training round: 404		accuracy = 0.49219998717308044
Training round: 405		accuracy = 0.4668000042438507
Training round: 406		accuracy = 0.4918999969959259
Training round: 407		accuracy = 0.47780001163482666
Training round: 408		accuracy = 0.44609999656677246
Training round: 409		accuracy = 0.4602999985218048
Training round: 410		accuracy = 0.4058000147342682
Training round: 411		accuracy = 0.4456999897956848
Training round: 412		accuracy = 0.44600000977516174
Training round: 413		accuracy = 0.46549999713897705
Training round: 414		accuracy = 0.48809999227523804
Training round: 415		accuracy = 0.4641999900341034
Training round: 416		accuracy = 0.4586000144481659
Training round: 417		accuracy = 0.48590001463890076
Training round: 418		accuracy = 0.4645000100135803
Training round: 419		accuracy = 0.48590001463890076
Training round: 420		accuracy = 0.4618000090122223
Training round: 421		accuracy = 0.4814999997615814
Training round: 422		accuracy = 0.47929999232292175
Training round: 423		accuracy = 0.4708000123500824
Training round: 424		accuracy = 0.4603999853134155
Training round: 425		accuracy = 0.4408999979496002
Training round: 426		accuracy = 0.4819999933242798
Training round: 427		accuracy = 0.47269999980926514
Training round: 428		accuracy = 0.46810001134872437
Training round: 429		accuracy = 0.4584999978542328
Training round: 430		accuracy = 0.43650001287460327
Training round: 431		accuracy = 0.4431999921798706
Training round: 432		accuracy = 0.4569999873638153
Training round: 433		accuracy = 0.4456000030040741
Training round: 434		accuracy = 0.476500004529953
Training round: 435		accuracy = 0.4336000084877014
Training round: 436		accuracy = 0.42289999127388
Training round: 437		accuracy = 0.43160000443458557
Training round: 438		accuracy = 0.4578999876976013
Training round: 439		accuracy = 0.30640000104904175
Training round: 440		accuracy = 0.40560001134872437
Training round: 441		accuracy = 0.4462999999523163
Training round: 442		accuracy = 0.44359999895095825
Training round: 443		accuracy = 0.4586000144481659
Training round: 444		accuracy = 0.4447999894618988
Training round: 445		accuracy = 0.4514999985694885
Training round: 446		accuracy = 0.4449999928474426
Training round: 447		accuracy = 0.4422000050544739
Training round: 448		accuracy = 0.4749000072479248
Training round: 449		accuracy = 0.4713999927043915
Training round: 450		accuracy = 0.46380001306533813
Training round: 451		accuracy = 0.4880000054836273
Training round: 452		accuracy = 0.48190000653266907
Training round: 453		accuracy = 0.47029998898506165
Training round: 454		accuracy = 0.45579999685287476
Training round: 455		accuracy = 0.4474000036716461
Training round: 456		accuracy = 0.4745999872684479
Training round: 457		accuracy = 0.48240000009536743
Training round: 458		accuracy = 0.49320000410079956
Training round: 459		accuracy = 0.47540000081062317
Training round: 460		accuracy = 0.4684999883174896
Training round: 461		accuracy = 0.46709999442100525
Training round: 462		accuracy = 0.4593000113964081
Training round: 463		accuracy = 0.487199991941452
Training round: 464		accuracy = 0.4733999967575073
Training round: 465		accuracy = 0.48010000586509705
Training round: 466		accuracy = 0.489300012588501
Training round: 467		accuracy = 0.4894999861717224
Training round: 468		accuracy = 0.47600001096725464
Training round: 469		accuracy = 0.43389999866485596
Training round: 470		accuracy = 0.47609999775886536
Training round: 471		accuracy = 0.43869999051094055
Training round: 472		accuracy = 0.4203999936580658
Training round: 473		accuracy = 0.46540001034736633
Training round: 474		accuracy = 0.47870001196861267
Training round: 475		accuracy = 0.46799999475479126
Training round: 476		accuracy = 0.4794999957084656
Training round: 477		accuracy = 0.47099998593330383
Training round: 478		accuracy = 0.4771000146865845
Training round: 479		accuracy = 0.47209998965263367
Training round: 480		accuracy = 0.4666000008583069
Training round: 481		accuracy = 0.4851999878883362
Training round: 482		accuracy = 0.4749000072479248
Training round: 483		accuracy = 0.4726000130176544
Training round: 484		accuracy = 0.4943000078201294
Training round: 485		accuracy = 0.49059998989105225
Training round: 486		accuracy = 0.4496999979019165
Training round: 487		accuracy = 0.4684999883174896
Training round: 488		accuracy = 0.483599990606308
Training round: 489		accuracy = 0.4503999948501587
Training round: 490		accuracy = 0.47920000553131104
Training round: 491		accuracy = 0.44999998807907104
Training round: 492		accuracy = 0.46239998936653137
Training round: 493		accuracy = 0.45570001006126404
Training round: 494		accuracy = 0.48350000381469727
Training round: 495		accuracy = 0.4846000075340271
Training round: 496		accuracy = 0.4878999888896942
Training round: 497		accuracy = 0.4726000130176544
Training round: 498		accuracy = 0.47999998927116394
Training round: 499		accuracy = 0.4763999879360199
Training round: 500		accuracy = 0.4047999978065491
Training round: 501		accuracy = 0.46129998564720154
Training round: 502		accuracy = 0.4603999853134155
Training round: 503		accuracy = 0.43470001220703125
Training round: 504		accuracy = 0.4756999909877777
Training round: 505		accuracy = 0.4765999913215637
Training round: 506		accuracy = 0.48919999599456787
Training round: 507		accuracy = 0.4848000109195709
Training round: 508		accuracy = 0.4828999936580658
Training round: 509		accuracy = 0.4758000075817108
Training round: 510		accuracy = 0.4749999940395355
Training round: 511		accuracy = 0.460099995136261
Training round: 512		accuracy = 0.4763000011444092
Training round: 513		accuracy = 0.46650001406669617
Training round: 514		accuracy = 0.47620001435279846
Training round: 515		accuracy = 0.4697999954223633
Training round: 516		accuracy = 0.48500001430511475
Training round: 517		accuracy = 0.39959999918937683
Training round: 518		accuracy = 0.45509999990463257
Training round: 519		accuracy = 0.4431000053882599
Training round: 520		accuracy = 0.4162999987602234
Training round: 521		accuracy = 0.4738999903202057
Training round: 522		accuracy = 0.4878000020980835
Training round: 523		accuracy = 0.49000000953674316
Training round: 524		accuracy = 0.4876999855041504
Training round: 525		accuracy = 0.47839999198913574
Training round: 526		accuracy = 0.48330000042915344
Training round: 527		accuracy = 0.4952000081539154
Training round: 528		accuracy = 0.4932999908924103
Training round: 529		accuracy = 0.4909000098705292
Training round: 530		accuracy = 0.49070000648498535
Training round: 531		accuracy = 0.4943000078201294
Training round: 532		accuracy = 0.49129998683929443
Training round: 533		accuracy = 0.47839999198913574
Training round: 534		accuracy = 0.4869999885559082
Training round: 535		accuracy = 0.48500001430511475
Training round: 536		accuracy = 0.4449000060558319
Training round: 537		accuracy = 0.4357999861240387
Training round: 538		accuracy = 0.4984000027179718
Training round: 539		accuracy = 0.4884999990463257
Training round: 540		accuracy = 0.4659000039100647
Training round: 541		accuracy = 0.4814999997615814
Training round: 542		accuracy = 0.5001999735832214
Training round: 543		accuracy = 0.48899999260902405
Training round: 544		accuracy = 0.48649999499320984
Training round: 545		accuracy = 0.44839999079704285
Training round: 546		accuracy = 0.503000020980835
Training round: 547		accuracy = 0.46209999918937683
Training round: 548		accuracy = 0.48980000615119934
Training round: 549		accuracy = 0.46369999647140503
Training round: 550		accuracy = 0.4740999937057495
Training round: 551		accuracy = 0.4952999949455261
Training round: 552		accuracy = 0.45559999346733093
Training round: 553		accuracy = 0.45809999108314514
Training round: 554		accuracy = 0.48080000281333923
Training round: 555		accuracy = 0.4715999960899353
Training round: 556		accuracy = 0.49050000309944153
Training round: 557		accuracy = 0.4681999981403351
Training round: 558		accuracy = 0.47999998927116394
Training round: 559		accuracy = 0.4821999967098236
Training round: 560		accuracy = 0.5034000277519226
Training round: 561		accuracy = 0.4821999967098236
Training round: 562		accuracy = 0.48730000853538513
Training round: 563		accuracy = 0.4607999920845032
Training round: 564		accuracy = 0.44279998540878296
Training round: 565		accuracy = 0.4814999997615814
Training round: 566		accuracy = 0.3328999876976013
Training round: 567		accuracy = 0.474700003862381
Training round: 568		accuracy = 0.5026000142097473
Training round: 569		accuracy = 0.49729999899864197
Training round: 570		accuracy = 0.4625000059604645
Training round: 571		accuracy = 0.47290000319480896
Training round: 572		accuracy = 0.4814999997615814
Training round: 573		accuracy = 0.4903999865055084
Training round: 574		accuracy = 0.48410001397132874
Training round: 575		accuracy = 0.4796999990940094
Training round: 576		accuracy = 0.5012000203132629
Training round: 577		accuracy = 0.21170000731945038
Training round: 578		accuracy = 0.4528000056743622
Training round: 579		accuracy = 0.4729999899864197
Training round: 580		accuracy = 0.4713999927043915
Training round: 581		accuracy = 0.47290000319480896
Training round: 582		accuracy = 0.48350000381469727
Training round: 583		accuracy = 0.4796000123023987
Training round: 584		accuracy = 0.4846999943256378
Training round: 585		accuracy = 0.4542999863624573
Training round: 586		accuracy = 0.5059000253677368
Training round: 587		accuracy = 0.5015000104904175
Training round: 588		accuracy = 0.4717999994754791
Training round: 589		accuracy = 0.4959000051021576
Training round: 590		accuracy = 0.4790000021457672
Training round: 591		accuracy = 0.489300012588501
Training round: 592		accuracy = 0.49129998683929443
Training round: 593		accuracy = 0.5023000240325928
Training round: 594		accuracy = 0.42750000953674316
Training round: 595		accuracy = 0.4717000126838684
Training round: 596		accuracy = 0.46869999170303345
Training round: 597		accuracy = 0.4869999885559082
Training round: 598		accuracy = 0.48969998955726624
Training round: 599		accuracy = 0.48980000615119934
Training round: 600		accuracy = 0.4763999879360199
Training round: 601		accuracy = 0.4964999854564667
Training round: 602		accuracy = 0.5080999732017517
Training round: 603		accuracy = 0.4731000065803528
Training round: 604		accuracy = 0.4697999954223633
Training round: 605		accuracy = 0.48399999737739563
Training round: 606		accuracy = 0.4950000047683716
Training round: 607		accuracy = 0.46700000762939453
Training round: 608		accuracy = 0.36169999837875366
Training round: 609		accuracy = 0.48159998655319214
Training round: 610		accuracy = 0.4884999990463257
Training round: 611		accuracy = 0.4851999878883362
Training round: 612		accuracy = 0.4966000020503998
Training round: 613		accuracy = 0.49000000953674316
Training round: 614		accuracy = 0.5012999773025513
Training round: 615		accuracy = 0.49959999322891235
Training round: 616		accuracy = 0.4740000069141388
Training round: 617		accuracy = 0.48840001225471497
Training round: 618		accuracy = 0.49869999289512634
Training round: 619		accuracy = 0.46000000834465027
Training round: 620		accuracy = 0.38499999046325684
Training round: 621		accuracy = 0.47209998965263367
Training round: 622		accuracy = 0.45890000462532043
Training round: 623		accuracy = 0.5023999810218811
Training round: 624		accuracy = 0.5084999799728394
Training round: 625		accuracy = 0.48899999260902405
Training round: 626		accuracy = 0.5012999773025513
Training round: 627		accuracy = 0.4578000009059906
Training round: 628		accuracy = 0.46700000762939453
Training round: 629		accuracy = 0.49619999527931213
Training round: 630		accuracy = 0.47909998893737793
Training round: 631		accuracy = 0.49570000171661377
Training round: 632		accuracy = 0.4690000116825104
Training round: 633		accuracy = 0.5120999813079834
Training round: 634		accuracy = 0.49639999866485596
Training round: 635		accuracy = 0.25440001487731934
Training round: 636		accuracy = 0.3968999981880188
Training round: 637		accuracy = 0.5109999775886536
Training round: 638		accuracy = 0.4984999895095825
Training round: 639		accuracy = 0.49320000410079956
Training round: 640		accuracy = 0.5128999948501587
Training round: 641		accuracy = 0.4603999853134155
Training round: 642		accuracy = 0.48069998621940613
Training round: 643		accuracy = 0.49320000410079956
Training round: 644		accuracy = 0.505299985408783
Training round: 645		accuracy = 0.5041000247001648
Training round: 646		accuracy = 0.475600004196167
Training round: 647		accuracy = 0.4932999908924103
Training round: 648		accuracy = 0.4779999852180481
Training round: 649		accuracy = 0.5
Training round: 650		accuracy = 0.48899999260902405
Training round: 651		accuracy = 0.4749999940395355
Training round: 652		accuracy = 0.4982999861240387
Training round: 653		accuracy = 0.5149000287055969
Training round: 654		accuracy = 0.4708999991416931
Training round: 655		accuracy = 0.5256999731063843
Training round: 656		accuracy = 0.48100000619888306
Training round: 657		accuracy = 0.5037000179290771
Training round: 658		accuracy = 0.5091999769210815
Training round: 659		accuracy = 0.5134999752044678
Training round: 660		accuracy = 0.45089998841285706
Training round: 661		accuracy = 0.46779999136924744
Training round: 662		accuracy = 0.4887999892234802
Training round: 663		accuracy = 0.503600001335144
Training round: 664		accuracy = 0.4952000081539154
Training round: 665		accuracy = 0.5109000205993652
Training round: 666		accuracy = 0.48980000615119934
Training round: 667		accuracy = 0.5011000037193298
Training round: 668		accuracy = 0.4603999853134155
Training round: 669		accuracy = 0.4388999938964844
Training round: 670		accuracy = 0.4772000014781952
Training round: 671		accuracy = 0.48159998655319214
Training round: 672		accuracy = 0.48820000886917114
Training round: 673		accuracy = 0.47679999470710754
Training round: 674		accuracy = 0.4523000121116638
Training round: 675		accuracy = 0.47519999742507935
Training round: 676		accuracy = 0.4999000132083893
Training round: 677		accuracy = 0.4918999969959259
Training round: 678		accuracy = 0.5015000104904175
Training round: 679		accuracy = 0.5016000270843506
Training round: 680		accuracy = 0.4875999987125397
Training round: 681		accuracy = 0.5041999816894531
Training round: 682		accuracy = 0.487199991941452
Training round: 683		accuracy = 0.4966000020503998
Training round: 684		accuracy = 0.5041999816894531
Training round: 685		accuracy = 0.5059999823570251
Training round: 686		accuracy = 0.5142999887466431
Training round: 687		accuracy = 0.5171999931335449
Training round: 688		accuracy = 0.47760000824928284
Training round: 689		accuracy = 0.5095999836921692
Training round: 690		accuracy = 0.5013999938964844
Training round: 691		accuracy = 0.4733999967575073
Training round: 692		accuracy = 0.5005999803543091
Training round: 693		accuracy = 0.4934000074863434
Training round: 694		accuracy = 0.5008999705314636
Training round: 695		accuracy = 0.49239999055862427
Training round: 696		accuracy = 0.5077999830245972
Training round: 697		accuracy = 0.49720001220703125
Training round: 698		accuracy = 0.5139999985694885
Training round: 699		accuracy = 0.4936000108718872
Training round: 700		accuracy = 0.477400004863739
Training round: 701		accuracy = 0.47859999537467957
Training round: 702		accuracy = 0.478300005197525
Training round: 703		accuracy = 0.5135999917984009
Training round: 704		accuracy = 0.5027999877929688
Training round: 705		accuracy = 0.5135999917984009
Training round: 706		accuracy = 0.5133000016212463
Training round: 707		accuracy = 0.5175999999046326
Training round: 708		accuracy = 0.5062999725341797
Training round: 709		accuracy = 0.5141000151634216
Training round: 710		accuracy = 0.5030999779701233
Training round: 711		accuracy = 0.5188000202178955
Training round: 712		accuracy = 0.5059999823570251
Training round: 713		accuracy = 0.5127000212669373
Training round: 714		accuracy = 0.5221999883651733
Training round: 715		accuracy = 0.3474999964237213
Training round: 716		accuracy = 0.44760000705718994
Training round: 717		accuracy = 0.48010000586509705
Training round: 718		accuracy = 0.4909000098705292
Training round: 719		accuracy = 0.4916999936103821
Training round: 720		accuracy = 0.5049999952316284
Training round: 721		accuracy = 0.47519999742507935
Training round: 722		accuracy = 0.5040000081062317
Training round: 723		accuracy = 0.49970000982284546
Training round: 724		accuracy = 0.5011000037193298
Training round: 725		accuracy = 0.4794999957084656
Training round: 726		accuracy = 0.5052000284194946
Training round: 727		accuracy = 0.4839000105857849
Training round: 728		accuracy = 0.5094000101089478
Training round: 729		accuracy = 0.5128999948501587
Training round: 730		accuracy = 0.5038999915122986
Training round: 731		accuracy = 0.5091000199317932
Training round: 732		accuracy = 0.5012000203132629
Training round: 733		accuracy = 0.513700008392334
Training round: 734		accuracy = 0.51419997215271
Training round: 735		accuracy = 0.5170999765396118
Training round: 736		accuracy = 0.504800021648407
Training round: 737		accuracy = 0.5091000199317932
Training round: 738		accuracy = 0.5184999704360962
Training round: 739		accuracy = 0.5198000073432922
Training round: 740		accuracy = 0.5200999975204468
Training round: 741		accuracy = 0.516700029373169
Training round: 742		accuracy = 0.5152000188827515
Training round: 743		accuracy = 0.5109000205993652
Training round: 744		accuracy = 0.48820000886917114
Training round: 745		accuracy = 0.511900007724762
Training round: 746		accuracy = 0.48069998621940613
Training round: 747		accuracy = 0.5015000104904175
Training round: 748		accuracy = 0.49390000104904175
Training round: 749		accuracy = 0.49149999022483826
Training round: 750		accuracy = 0.5055000185966492
Training round: 751		accuracy = 0.5083000063896179
Training round: 752		accuracy = 0.5091000199317932
Training round: 753		accuracy = 0.5188999772071838
Training round: 754		accuracy = 0.5174000263214111
Training round: 755		accuracy = 0.5131000280380249
Training round: 756		accuracy = 0.4805000126361847
Training round: 757		accuracy = 0.5223000049591064
Training round: 758		accuracy = 0.49219998717308044
Training round: 759		accuracy = 0.5045999884605408
Training round: 760		accuracy = 0.4927000105381012
Training round: 761		accuracy = 0.47609999775886536
Training round: 762		accuracy = 0.5037000179290771
Training round: 763		accuracy = 0.4900999963283539
Training round: 764		accuracy = 0.4839000105857849
Training round: 765		accuracy = 0.49869999289512634
Training round: 766		accuracy = 0.4959000051021576
Training round: 767		accuracy = 0.3905999958515167
Training round: 768		accuracy = 0.5066999793052673
Training round: 769		accuracy = 0.49630001187324524
Training round: 770		accuracy = 0.49239999055862427
Training round: 771		accuracy = 0.49470001459121704
Training round: 772		accuracy = 0.478300005197525
Training round: 773		accuracy = 0.47749999165534973
Training round: 774		accuracy = 0.47510001063346863
Training round: 775		accuracy = 0.27649998664855957
Training round: 776		accuracy = 0.4672999978065491
Training round: 777		accuracy = 0.5004000067710876
Training round: 778		accuracy = 0.4936999976634979
Training round: 779		accuracy = 0.5062000155448914
Training round: 780		accuracy = 0.4659999907016754
Training round: 781		accuracy = 0.4616999924182892
Training round: 782		accuracy = 0.4869999885559082
Training round: 783		accuracy = 0.5110999941825867
Training round: 784		accuracy = 0.4909999966621399
Training round: 785		accuracy = 0.489300012588501
Training round: 786		accuracy = 0.5026999711990356
Training round: 787		accuracy = 0.4952000081539154
Training round: 788		accuracy = 0.4982999861240387
Training round: 789		accuracy = 0.5127000212669373
Training round: 790		accuracy = 0.4968999922275543
Training round: 791		accuracy = 0.4876999855041504
Training round: 792		accuracy = 0.4943000078201294
Training round: 793		accuracy = 0.5006999969482422
Training round: 794		accuracy = 0.5037000179290771
Training round: 795		accuracy = 0.5059999823570251
Training round: 796		accuracy = 0.5123999714851379
Training round: 797		accuracy = 0.5130000114440918
Training round: 798		accuracy = 0.49639999866485596
Training round: 799		accuracy = 0.5067999958992004
Training round: 800		accuracy = 0.5138000249862671
Training round: 801		accuracy = 0.510200023651123
Training round: 802		accuracy = 0.5128999948501587
Training round: 803		accuracy = 0.5214999914169312
Training round: 804		accuracy = 0.5181000232696533
Training round: 805		accuracy = 0.5138999819755554
Training round: 806		accuracy = 0.43389999866485596
Training round: 807		accuracy = 0.51419997215271
Training round: 808		accuracy = 0.5059999823570251
Training round: 809		accuracy = 0.5060999989509583
Training round: 810		accuracy = 0.5217999815940857
Training round: 811		accuracy = 0.5264000296592712
Training round: 812		accuracy = 0.5005999803543091
Training round: 813		accuracy = 0.498199999332428
Training round: 814		accuracy = 0.5162000060081482
Training round: 815		accuracy = 0.5016000270843506
Training round: 816		accuracy = 0.4977000057697296
Training round: 817		accuracy = 0.5192000269889832
Training round: 818		accuracy = 0.5170000195503235
Training round: 819		accuracy = 0.5324000120162964
Training round: 820		accuracy = 0.5273000001907349
Training round: 821		accuracy = 0.5236999988555908
Training round: 822		accuracy = 0.46160000562667847
Training round: 823		accuracy = 0.5121999979019165
Training round: 824		accuracy = 0.49070000648498535
Training round: 825		accuracy = 0.4921000003814697
Training round: 826		accuracy = 0.5091999769210815
Training round: 827		accuracy = 0.4975999891757965
Training round: 828		accuracy = 0.5092999935150146
Training round: 829		accuracy = 0.5051000118255615
Training round: 830		accuracy = 0.5231999754905701
Training round: 831		accuracy = 0.5242000222206116
Training round: 832		accuracy = 0.501800000667572
Training round: 833		accuracy = 0.5042999982833862
Training round: 834		accuracy = 0.5162000060081482
Training round: 835		accuracy = 0.49709999561309814
Training round: 836		accuracy = 0.5199999809265137
Training round: 837		accuracy = 0.5038999915122986
Training round: 838		accuracy = 0.5120999813079834
Training round: 839		accuracy = 0.5242000222206116
Training round: 840		accuracy = 0.5295000076293945
Training round: 841		accuracy = 0.5185999870300293
Training round: 842		accuracy = 0.5206000208854675
Training round: 843		accuracy = 0.5228999853134155
Training round: 844		accuracy = 0.5220000147819519
Training round: 845		accuracy = 0.5177000164985657
Training round: 846		accuracy = 0.5217999815940857
Training round: 847		accuracy = 0.5202000141143799
Training round: 848		accuracy = 0.5145999789237976
Training round: 849		accuracy = 0.5224999785423279
Training round: 850		accuracy = 0.5199000239372253
Training round: 851		accuracy = 0.26269999146461487
Training round: 852		accuracy = 0.42980000376701355
Training round: 853		accuracy = 0.48969998955726624
Training round: 854		accuracy = 0.5087000131607056
Training round: 855		accuracy = 0.41850000619888306
Training round: 856		accuracy = 0.513700008392334
Training round: 857		accuracy = 0.5098000168800354
Training round: 858		accuracy = 0.508899986743927
Training round: 859		accuracy = 0.5077999830245972
Training round: 860		accuracy = 0.4652000069618225
Training round: 861		accuracy = 0.5084999799728394
Training round: 862		accuracy = 0.515999972820282
Training round: 863		accuracy = 0.49939998984336853
Training round: 864		accuracy = 0.5008000135421753
Training round: 865		accuracy = 0.4900999963283539
Training round: 866		accuracy = 0.5073999762535095
Training round: 867		accuracy = 0.4982999861240387
Training round: 868		accuracy = 0.4959999918937683
Training round: 869		accuracy = 0.5303000211715698
Training round: 870		accuracy = 0.4787999987602234
Training round: 871		accuracy = 0.5202000141143799
Training round: 872		accuracy = 0.5067999958992004
Training round: 873		accuracy = 0.516700029373169
Training round: 874		accuracy = 0.4724000096321106
Training round: 875		accuracy = 0.4959000051021576
Training round: 876		accuracy = 0.4982999861240387
Training round: 877		accuracy = 0.4894999861717224
Training round: 878		accuracy = 0.5126000046730042
Training round: 879		accuracy = 0.5146999955177307
Training round: 880		accuracy = 0.511900007724762
Training round: 881		accuracy = 0.49970000982284546
Training round: 882		accuracy = 0.5192999839782715
Training round: 883		accuracy = 0.5128999948501587
Training round: 884		accuracy = 0.4991999864578247
Training round: 885		accuracy = 0.4966000020503998
Training round: 886		accuracy = 0.25609999895095825
Training round: 887		accuracy = 0.48829999566078186
Training round: 888		accuracy = 0.48489999771118164
Training round: 889		accuracy = 0.5080999732017517
Training round: 890		accuracy = 0.5131000280380249
Training round: 891		accuracy = 0.5110999941825867
Training round: 892		accuracy = 0.505299985408783
Training round: 893		accuracy = 0.36070001125335693
Training round: 894		accuracy = 0.5116999745368958
Training round: 895		accuracy = 0.51910001039505
Training round: 896		accuracy = 0.5331000089645386
Training round: 897		accuracy = 0.5195000171661377
Training round: 898		accuracy = 0.5347999930381775
Training round: 899		accuracy = 0.5303999781608582
Training round: 900		accuracy = 0.5361999869346619
Training round: 901		accuracy = 0.516700029373169
Training round: 902		accuracy = 0.5070000290870667
Training round: 903		accuracy = 0.5228000283241272
Training round: 904		accuracy = 0.5076000094413757
Training round: 905		accuracy = 0.5134000182151794
Training round: 906		accuracy = 0.5127000212669373
Training round: 907		accuracy = 0.4864000082015991
Training round: 908		accuracy = 0.5231000185012817
Training round: 909		accuracy = 0.4894999861717224
Training round: 910		accuracy = 0.5117999911308289
Training round: 911		accuracy = 0.5270000100135803
Training round: 912		accuracy = 0.5281999707221985
Training round: 913		accuracy = 0.5216000080108643
Training round: 914		accuracy = 0.5238000154495239
Training round: 915		accuracy = 0.5076000094413757
Training round: 916		accuracy = 0.4999000132083893
Training round: 917		accuracy = 0.5390999913215637
Training round: 918		accuracy = 0.52920001745224
Training round: 919		accuracy = 0.5404000282287598
Training round: 920		accuracy = 0.5145000219345093
Training round: 921		accuracy = 0.5350000262260437
Training round: 922		accuracy = 0.5242999792098999
Training round: 923		accuracy = 0.5293999910354614
Training round: 924		accuracy = 0.5098999738693237
Training round: 925		accuracy = 0.5216000080108643
Training round: 926		accuracy = 0.515500009059906
Training round: 927		accuracy = 0.5286999940872192
Training round: 928		accuracy = 0.5103999972343445
Training round: 929		accuracy = 0.5271999835968018
Training round: 930		accuracy = 0.5257999897003174
Training round: 931		accuracy = 0.5189999938011169
Training round: 932		accuracy = 0.531000018119812
Training round: 933		accuracy = 0.5095000267028809
Training round: 934		accuracy = 0.5299000144004822
Training round: 935		accuracy = 0.5321000218391418
Training round: 936		accuracy = 0.5202000141143799
Training round: 937		accuracy = 0.5241000056266785
Training round: 938		accuracy = 0.5311999917030334
Training round: 939		accuracy = 0.5256999731063843
Training round: 940		accuracy = 0.5130000114440918
Training round: 941		accuracy = 0.517799973487854
Training round: 942		accuracy = 0.5094000101089478
Training round: 943		accuracy = 0.520799994468689
Training round: 944		accuracy = 0.5041000247001648
Training round: 945		accuracy = 0.5152999758720398
Training round: 946		accuracy = 0.48829999566078186
Training round: 947		accuracy = 0.5321000218391418
Training round: 948		accuracy = 0.5166000127792358
Training round: 949		accuracy = 0.5174999833106995
Training round: 950		accuracy = 0.5074999928474426
Training round: 951		accuracy = 0.5116000175476074
Training round: 952		accuracy = 0.5062999725341797
Training round: 953		accuracy = 0.5296000242233276
Training round: 954		accuracy = 0.5335999727249146
Training round: 955		accuracy = 0.5238000154495239
Training round: 956		accuracy = 0.5091000199317932
Training round: 957		accuracy = 0.5159000158309937
Training round: 958		accuracy = 0.5170000195503235
Training round: 959		accuracy = 0.5078999996185303
Training round: 960		accuracy = 0.5336999893188477
Training round: 961		accuracy = 0.5097000002861023
Training round: 962		accuracy = 0.5239999890327454
Training round: 963		accuracy = 0.5235000252723694
Training round: 964		accuracy = 0.506600022315979
Training round: 965		accuracy = 0.4993000030517578
Training round: 966		accuracy = 0.5115000009536743
Training round: 967		accuracy = 0.516700029373169
Training round: 968		accuracy = 0.5253000259399414
Training round: 969		accuracy = 0.5228000283241272
Training round: 970		accuracy = 0.5365999937057495
Training round: 971		accuracy = 0.5145999789237976
Training round: 972		accuracy = 0.5194000005722046
Training round: 973		accuracy = 0.5181000232696533
Training round: 974		accuracy = 0.5213000178337097
Training round: 975		accuracy = 0.5236999988555908
Training round: 976		accuracy = 0.5128999948501587
Training round: 977		accuracy = 0.5271999835968018
Training round: 978		accuracy = 0.517799973487854
Training round: 979		accuracy = 0.521399974822998
Training round: 980		accuracy = 0.5223000049591064
Training round: 981		accuracy = 0.5246000289916992
Training round: 982		accuracy = 0.5288000106811523
Training round: 983		accuracy = 0.5332000255584717
Training round: 984		accuracy = 0.5210999846458435
Training round: 985		accuracy = 0.484499990940094
Training round: 986		accuracy = 0.5185999870300293
Training round: 987		accuracy = 0.516700029373169
Training round: 988		accuracy = 0.5264999866485596
Training round: 989		accuracy = 0.4893999993801117
Training round: 990		accuracy = 0.5139999985694885
Training round: 991		accuracy = 0.5181000232696533
Training round: 992		accuracy = 0.5095999836921692
Training round: 993		accuracy = 0.5033000111579895
Training round: 994		accuracy = 0.5230000019073486
Training round: 995		accuracy = 0.5
Training round: 996		accuracy = 0.5275999903678894
Training round: 997		accuracy = 0.515500009059906
Training round: 998		accuracy = 0.5246000289916992
Training round: 999		accuracy = 0.5299999713897705
Training round: 1000		accuracy = 0.5221999883651733
Training duration 12789.668193101883
