2021-08-22 20:32:18.994010: I tensorflow/stream_executor/platform/default/dso_loader.cc:49] Successfully opened dynamic library libcudart.so.11.0
2021-08-22 20:32:37.572699: I tensorflow/compiler/jit/xla_cpu_device.cc:41] Not creating XLA devices, tf_xla_enable_xla_devices not set
2021-08-22 20:32:37.579844: I tensorflow/stream_executor/platform/default/dso_loader.cc:49] Successfully opened dynamic library libcuda.so.1
2021-08-22 20:32:37.662732: I tensorflow/core/common_runtime/gpu/gpu_device.cc:1720] Found device 0 with properties: 
pciBusID: 0000:3b:00.0 name: Tesla V100-SXM2-32GB computeCapability: 7.0
coreClock: 1.53GHz coreCount: 80 deviceMemorySize: 31.75GiB deviceMemoryBandwidth: 836.37GiB/s
2021-08-22 20:32:37.663399: I tensorflow/stream_executor/platform/default/dso_loader.cc:49] Successfully opened dynamic library libcudart.so.11.0
2021-08-22 20:32:37.681212: I tensorflow/stream_executor/platform/default/dso_loader.cc:49] Successfully opened dynamic library libcublas.so.11
2021-08-22 20:32:37.681477: I tensorflow/stream_executor/platform/default/dso_loader.cc:49] Successfully opened dynamic library libcublasLt.so.11
2021-08-22 20:32:37.688959: I tensorflow/stream_executor/platform/default/dso_loader.cc:49] Successfully opened dynamic library libcufft.so.10
2021-08-22 20:32:37.692268: I tensorflow/stream_executor/platform/default/dso_loader.cc:49] Successfully opened dynamic library libcurand.so.10
2021-08-22 20:32:37.703266: I tensorflow/stream_executor/platform/default/dso_loader.cc:49] Successfully opened dynamic library libcusolver.so.10
2021-08-22 20:32:37.706118: I tensorflow/stream_executor/platform/default/dso_loader.cc:49] Successfully opened dynamic library libcusparse.so.11
2021-08-22 20:32:37.707035: I tensorflow/stream_executor/platform/default/dso_loader.cc:49] Successfully opened dynamic library libcudnn.so.8
2021-08-22 20:32:37.715313: I tensorflow/core/common_runtime/gpu/gpu_device.cc:1862] Adding visible gpu devices: 0
2021-08-22 20:32:37.719547: I tensorflow/core/platform/cpu_feature_guard.cc:142] This TensorFlow binary is optimized with oneAPI Deep Neural Network Library (oneDNN) to use the following CPU instructions in performance-critical operations:  AVX2 AVX512F FMA
To enable them in other operations, rebuild TensorFlow with the appropriate compiler flags.
2021-08-22 20:32:37.720147: I tensorflow/compiler/jit/xla_gpu_device.cc:99] Not creating XLA devices, tf_xla_enable_xla_devices not set
2021-08-22 20:32:37.723813: I tensorflow/core/common_runtime/gpu/gpu_device.cc:1720] Found device 0 with properties: 
pciBusID: 0000:3b:00.0 name: Tesla V100-SXM2-32GB computeCapability: 7.0
coreClock: 1.53GHz coreCount: 80 deviceMemorySize: 31.75GiB deviceMemoryBandwidth: 836.37GiB/s
2021-08-22 20:32:37.724019: I tensorflow/stream_executor/platform/default/dso_loader.cc:49] Successfully opened dynamic library libcudart.so.11.0
2021-08-22 20:32:37.724170: I tensorflow/stream_executor/platform/default/dso_loader.cc:49] Successfully opened dynamic library libcublas.so.11
2021-08-22 20:32:37.724303: I tensorflow/stream_executor/platform/default/dso_loader.cc:49] Successfully opened dynamic library libcublasLt.so.11
2021-08-22 20:32:37.724434: I tensorflow/stream_executor/platform/default/dso_loader.cc:49] Successfully opened dynamic library libcufft.so.10
2021-08-22 20:32:37.724562: I tensorflow/stream_executor/platform/default/dso_loader.cc:49] Successfully opened dynamic library libcurand.so.10
2021-08-22 20:32:37.724627: I tensorflow/stream_executor/platform/default/dso_loader.cc:49] Successfully opened dynamic library libcusolver.so.10
2021-08-22 20:32:37.724689: I tensorflow/stream_executor/platform/default/dso_loader.cc:49] Successfully opened dynamic library libcusparse.so.11
2021-08-22 20:32:37.724840: I tensorflow/stream_executor/platform/default/dso_loader.cc:49] Successfully opened dynamic library libcudnn.so.8
2021-08-22 20:32:37.731688: I tensorflow/core/common_runtime/gpu/gpu_device.cc:1862] Adding visible gpu devices: 0
2021-08-22 20:32:37.731906: I tensorflow/stream_executor/platform/default/dso_loader.cc:49] Successfully opened dynamic library libcudart.so.11.0
2021-08-22 20:32:39.039712: I tensorflow/core/common_runtime/gpu/gpu_device.cc:1261] Device interconnect StreamExecutor with strength 1 edge matrix:
2021-08-22 20:32:39.039915: I tensorflow/core/common_runtime/gpu/gpu_device.cc:1267]      0 
2021-08-22 20:32:39.040053: I tensorflow/core/common_runtime/gpu/gpu_device.cc:1280] 0:   N 
2021-08-22 20:32:39.052078: I tensorflow/core/common_runtime/gpu/gpu_device.cc:1406] Created TensorFlow device (/job:localhost/replica:0/task:0/device:GPU:0 with 30130 MB memory) -> physical GPU (device: 0, name: Tesla V100-SXM2-32GB, pci bus id: 0000:3b:00.0, compute capability: 7.0)
2021-08-22 20:32:48.802860: I tensorflow/compiler/mlir/mlir_graph_optimization_pass.cc:116] None of the MLIR optimization passes are enabled (registered 2)
2021-08-22 20:32:48.807003: I tensorflow/core/platform/profile_utils/cpu_utils.cc:112] CPU Frequency: 2100000000 Hz
2021-08-22 20:32:48.893964: I tensorflow/stream_executor/platform/default/dso_loader.cc:49] Successfully opened dynamic library libcublas.so.11
2021-08-22 20:32:49.472340: I tensorflow/stream_executor/platform/default/dso_loader.cc:49] Successfully opened dynamic library libcublasLt.so.11
2021-08-22 20:32:49.482662: I tensorflow/stream_executor/platform/default/dso_loader.cc:49] Successfully opened dynamic library libcudnn.so.8
2021-08-22 20:32:52.064823: W tensorflow/stream_executor/gpu/asm_compiler.cc:63] Running ptxas --version returned 256
2021-08-22 20:32:52.144356: W tensorflow/stream_executor/gpu/redzone_allocator.cc:314] Internal: ptxas exited with non-zero error code 256, output: 
Relying on driver to perform ptx compilation. 
Modify $PATH to customize ptxas location.
This message will be only logged once.
Training round: 1		accuracy = 0.3626087009906769
Training round: 2		accuracy = 0.6217391490936279
Training round: 3		accuracy = 0.6237680912017822
Training round: 4		accuracy = 0.647826075553894
Training round: 5		accuracy = 0.5408695936203003
Training round: 6		accuracy = 0.5994203090667725
Training round: 7		accuracy = 0.557681143283844
Training round: 8		accuracy = 0.6078261137008667
Training round: 9		accuracy = 0.6344927549362183
Training round: 10		accuracy = 0.629275381565094
Training round: 11		accuracy = 0.6118840575218201
Training round: 12		accuracy = 0.6023188233375549
Training round: 13		accuracy = 0.6466666460037231
Training round: 14		accuracy = 0.6092753410339355
Training round: 15		accuracy = 0.6408695578575134
Training round: 16		accuracy = 0.634782612323761
Training round: 17		accuracy = 0.6214492917060852
Training round: 18		accuracy = 0.6536231637001038
Training round: 19		accuracy = 0.6173912882804871
Training round: 20		accuracy = 0.577101469039917
Training round: 21		accuracy = 0.6000000238418579
Training round: 22		accuracy = 0.6081159710884094
Training round: 23		accuracy = 0.6237680912017822
Training round: 24		accuracy = 0.6257970929145813
Training round: 25		accuracy = 0.6107246279716492
Training round: 26		accuracy = 0.6124637722969055
Training round: 27		accuracy = 0.5843478441238403
Training round: 28		accuracy = 0.6078261137008667
Training round: 29		accuracy = 0.6365217566490173
Training round: 30		accuracy = 0.609855055809021
Training round: 31		accuracy = 0.6631883978843689
Training round: 32		accuracy = 0.6605796813964844
Training round: 33		accuracy = 0.6257970929145813
Training round: 34		accuracy = 0.6394202709197998
Training round: 35		accuracy = 0.6550724506378174
Training round: 36		accuracy = 0.6388405561447144
Training round: 37		accuracy = 0.6382608413696289
Training round: 38		accuracy = 0.651014506816864
Training round: 39		accuracy = 0.651014506816864
Training round: 40		accuracy = 0.6495652198791504
Training round: 41		accuracy = 0.6176811456680298
Training round: 42		accuracy = 0.6376811861991882
Training round: 43		accuracy = 0.6466666460037231
Training round: 44		accuracy = 0.6617391109466553
Training round: 45		accuracy = 0.6646376848220825
Training round: 46		accuracy = 0.6489855051040649
Training round: 47		accuracy = 0.6272463798522949
Training round: 48		accuracy = 0.6524637937545776
Training round: 49		accuracy = 0.6585507392883301
Training round: 50		accuracy = 0.6655072569847107
Training round: 51		accuracy = 0.6765217185020447
Training round: 52		accuracy = 0.6405797004699707
Training round: 53		accuracy = 0.6359420418739319
Training round: 54		accuracy = 0.634782612323761
Training round: 55		accuracy = 0.6437681317329407
Training round: 56		accuracy = 0.6547825932502747
Training round: 57		accuracy = 0.640289843082428
Training round: 58		accuracy = 0.6373913288116455
Training round: 59		accuracy = 0.6365217566490173
Training round: 60		accuracy = 0.6524637937545776
Training round: 61		accuracy = 0.6194202899932861
Training round: 62		accuracy = 0.6437681317329407
Training round: 63		accuracy = 0.6452174186706543
Training round: 64		accuracy = 0.645797073841095
Training round: 65		accuracy = 0.6089854836463928
Training round: 66		accuracy = 0.6272463798522949
Training round: 67		accuracy = 0.6107246279716492
Training round: 68		accuracy = 0.6255072355270386
Training round: 69		accuracy = 0.6536231637001038
Training round: 70		accuracy = 0.6156522035598755
Training round: 71		accuracy = 0.6234782338142395
Training round: 72		accuracy = 0.6269565224647522
Training round: 73		accuracy = 0.6492753624916077
Training round: 74		accuracy = 0.6446377038955688
Training round: 75		accuracy = 0.6547825932502747
Training round: 76		accuracy = 0.6411594152450562
Training round: 77		accuracy = 0.6588405966758728
Training round: 78		accuracy = 0.656521737575531
Training round: 79		accuracy = 0.6747826337814331
Training round: 80		accuracy = 0.6681159138679504
Training round: 81		accuracy = 0.6637681126594543
Training round: 82		accuracy = 0.6568115949630737
Training round: 83		accuracy = 0.6663768291473389
Training round: 84		accuracy = 0.6614492535591125
Training round: 85		accuracy = 0.6605796813964844
Training round: 86		accuracy = 0.6646376848220825
Training round: 87		accuracy = 0.645507276058197
Training round: 88		accuracy = 0.6452174186706543
Training round: 89		accuracy = 0.6640579700469971
Training round: 90		accuracy = 0.6637681126594543
Training round: 91		accuracy = 0.6721739172935486
Training round: 92		accuracy = 0.6657971143722534
Training round: 93		accuracy = 0.6573913097381592
Training round: 94		accuracy = 0.6689854860305786
Training round: 95		accuracy = 0.6591304540634155
Training round: 96		accuracy = 0.6408695578575134
Training round: 97		accuracy = 0.6571014523506165
Training round: 98		accuracy = 0.6582608819007874
Training round: 99		accuracy = 0.6501449346542358
Training round: 100		accuracy = 0.6365217566490173
Training duration 5285.206960916519
