2021-08-22 20:47:01.225134: I tensorflow/stream_executor/platform/default/dso_loader.cc:49] Successfully opened dynamic library libcudart.so.11.0
2021-08-22 20:47:23.933815: I tensorflow/compiler/jit/xla_cpu_device.cc:41] Not creating XLA devices, tf_xla_enable_xla_devices not set
2021-08-22 20:47:23.939631: I tensorflow/stream_executor/platform/default/dso_loader.cc:49] Successfully opened dynamic library libcuda.so.1
2021-08-22 20:47:23.982745: I tensorflow/core/common_runtime/gpu/gpu_device.cc:1720] Found device 0 with properties: 
pciBusID: 0000:82:00.0 name: Tesla P100-PCIE-12GB computeCapability: 6.0
coreClock: 1.3285GHz coreCount: 56 deviceMemorySize: 11.91GiB deviceMemoryBandwidth: 511.41GiB/s
2021-08-22 20:47:23.983191: I tensorflow/stream_executor/platform/default/dso_loader.cc:49] Successfully opened dynamic library libcudart.so.11.0
2021-08-22 20:47:23.995565: I tensorflow/stream_executor/platform/default/dso_loader.cc:49] Successfully opened dynamic library libcublas.so.11
2021-08-22 20:47:23.995840: I tensorflow/stream_executor/platform/default/dso_loader.cc:49] Successfully opened dynamic library libcublasLt.so.11
2021-08-22 20:47:24.001436: I tensorflow/stream_executor/platform/default/dso_loader.cc:49] Successfully opened dynamic library libcufft.so.10
2021-08-22 20:47:24.004224: I tensorflow/stream_executor/platform/default/dso_loader.cc:49] Successfully opened dynamic library libcurand.so.10
2021-08-22 20:47:24.013187: I tensorflow/stream_executor/platform/default/dso_loader.cc:49] Successfully opened dynamic library libcusolver.so.10
2021-08-22 20:47:24.015620: I tensorflow/stream_executor/platform/default/dso_loader.cc:49] Successfully opened dynamic library libcusparse.so.11
2021-08-22 20:47:24.016424: I tensorflow/stream_executor/platform/default/dso_loader.cc:49] Successfully opened dynamic library libcudnn.so.8
2021-08-22 20:47:24.019752: I tensorflow/core/common_runtime/gpu/gpu_device.cc:1862] Adding visible gpu devices: 0
2021-08-22 20:47:24.034582: I tensorflow/core/platform/cpu_feature_guard.cc:142] This TensorFlow binary is optimized with oneAPI Deep Neural Network Library (oneDNN) to use the following CPU instructions in performance-critical operations:  AVX2 FMA
To enable them in other operations, rebuild TensorFlow with the appropriate compiler flags.
2021-08-22 20:47:24.035105: I tensorflow/compiler/jit/xla_gpu_device.cc:99] Not creating XLA devices, tf_xla_enable_xla_devices not set
2021-08-22 20:47:24.036596: I tensorflow/core/common_runtime/gpu/gpu_device.cc:1720] Found device 0 with properties: 
pciBusID: 0000:82:00.0 name: Tesla P100-PCIE-12GB computeCapability: 6.0
coreClock: 1.3285GHz coreCount: 56 deviceMemorySize: 11.91GiB deviceMemoryBandwidth: 511.41GiB/s
2021-08-22 20:47:24.036740: I tensorflow/stream_executor/platform/default/dso_loader.cc:49] Successfully opened dynamic library libcudart.so.11.0
2021-08-22 20:47:24.036858: I tensorflow/stream_executor/platform/default/dso_loader.cc:49] Successfully opened dynamic library libcublas.so.11
2021-08-22 20:47:24.036925: I tensorflow/stream_executor/platform/default/dso_loader.cc:49] Successfully opened dynamic library libcublasLt.so.11
2021-08-22 20:47:24.037024: I tensorflow/stream_executor/platform/default/dso_loader.cc:49] Successfully opened dynamic library libcufft.so.10
2021-08-22 20:47:24.037091: I tensorflow/stream_executor/platform/default/dso_loader.cc:49] Successfully opened dynamic library libcurand.so.10
2021-08-22 20:47:24.037204: I tensorflow/stream_executor/platform/default/dso_loader.cc:49] Successfully opened dynamic library libcusolver.so.10
2021-08-22 20:47:24.037310: I tensorflow/stream_executor/platform/default/dso_loader.cc:49] Successfully opened dynamic library libcusparse.so.11
2021-08-22 20:47:24.037423: I tensorflow/stream_executor/platform/default/dso_loader.cc:49] Successfully opened dynamic library libcudnn.so.8
2021-08-22 20:47:24.039846: I tensorflow/core/common_runtime/gpu/gpu_device.cc:1862] Adding visible gpu devices: 0
2021-08-22 20:47:24.039977: I tensorflow/stream_executor/platform/default/dso_loader.cc:49] Successfully opened dynamic library libcudart.so.11.0
2021-08-22 20:47:25.421296: I tensorflow/core/common_runtime/gpu/gpu_device.cc:1261] Device interconnect StreamExecutor with strength 1 edge matrix:
2021-08-22 20:47:25.421456: I tensorflow/core/common_runtime/gpu/gpu_device.cc:1267]      0 
2021-08-22 20:47:25.421578: I tensorflow/core/common_runtime/gpu/gpu_device.cc:1280] 0:   N 
2021-08-22 20:47:25.425353: I tensorflow/core/common_runtime/gpu/gpu_device.cc:1406] Created TensorFlow device (/job:localhost/replica:0/task:0/device:GPU:0 with 11119 MB memory) -> physical GPU (device: 0, name: Tesla P100-PCIE-12GB, pci bus id: 0000:82:00.0, compute capability: 6.0)
2021-08-22 20:47:36.650747: I tensorflow/compiler/mlir/mlir_graph_optimization_pass.cc:116] None of the MLIR optimization passes are enabled (registered 2)
2021-08-22 20:47:36.654984: I tensorflow/core/platform/profile_utils/cpu_utils.cc:112] CPU Frequency: 2200000000 Hz
2021-08-22 20:47:36.745263: I tensorflow/stream_executor/platform/default/dso_loader.cc:49] Successfully opened dynamic library libcublas.so.11
2021-08-22 20:47:37.142581: I tensorflow/stream_executor/platform/default/dso_loader.cc:49] Successfully opened dynamic library libcublasLt.so.11
2021-08-22 20:47:37.148890: I tensorflow/stream_executor/platform/default/dso_loader.cc:49] Successfully opened dynamic library libcudnn.so.8
2021-08-22 20:47:39.049711: W tensorflow/stream_executor/gpu/asm_compiler.cc:63] Running ptxas --version returned 256
2021-08-22 20:47:39.349497: W tensorflow/stream_executor/gpu/redzone_allocator.cc:314] Internal: ptxas exited with non-zero error code 256, output: 
Relying on driver to perform ptx compilation. 
Modify $PATH to customize ptxas location.
This message will be only logged once.
Training round: 1		accuracy = 0.6550724506378174
Training round: 2		accuracy = 0.6550724506378174
Training round: 3		accuracy = 0.3449275493621826
Training round: 4		accuracy = 0.6550724506378174
Training round: 5		accuracy = 0.6547825932502747
Training round: 6		accuracy = 0.6550724506378174
Training round: 7		accuracy = 0.6550724506378174
Training round: 8		accuracy = 0.6553623080253601
Training round: 9		accuracy = 0.6492753624916077
Training round: 10		accuracy = 0.6484057903289795
Training round: 11		accuracy = 0.6428985595703125
Training round: 12		accuracy = 0.6489855051040649
Training round: 13		accuracy = 0.6278260946273804
Training round: 14		accuracy = 0.6330434679985046
Training round: 15		accuracy = 0.6228985786437988
Training round: 16		accuracy = 0.6162318587303162
Training round: 17		accuracy = 0.6208695769309998
Training round: 18		accuracy = 0.6202898621559143
Training round: 19		accuracy = 0.624057948589325
Training round: 20		accuracy = 0.6191304326057434
Training round: 21		accuracy = 0.6017391085624695
Training round: 22		accuracy = 0.5962318778038025
Training round: 23		accuracy = 0.5979710221290588
Training round: 24		accuracy = 0.5994203090667725
Training round: 25		accuracy = 0.604347825050354
Training round: 26		accuracy = 0.6084057688713074
Training round: 27		accuracy = 0.595652163028717
Training round: 28		accuracy = 0.5985507369041443
Training round: 29		accuracy = 0.5976811647415161
Training round: 30		accuracy = 0.5692753791809082
Training round: 31		accuracy = 0.5915942192077637
Training round: 32		accuracy = 0.6026086807250977
Training round: 33		accuracy = 0.5797101259231567
Training round: 34		accuracy = 0.5797101259231567
Training round: 35		accuracy = 0.6072463989257812
Training round: 36		accuracy = 0.5915942192077637
Training round: 37		accuracy = 0.5895652174949646
Training round: 38		accuracy = 0.6049275398254395
Training round: 39		accuracy = 0.6168115735054016
Training round: 40		accuracy = 0.5220289826393127
Training round: 41		accuracy = 0.6165217161178589
Training round: 42		accuracy = 0.6005797386169434
Training round: 43		accuracy = 0.5939130187034607
Training round: 44		accuracy = 0.598840594291687
Training round: 45		accuracy = 0.6101449131965637
Training round: 46		accuracy = 0.6034782528877258
Training round: 47		accuracy = 0.5959420204162598
Training round: 48		accuracy = 0.5979710221290588
Training round: 49		accuracy = 0.6084057688713074
Training round: 50		accuracy = 0.6113043427467346
Training round: 51		accuracy = 0.609855055809021
Training round: 52		accuracy = 0.6026086807250977
Training round: 53		accuracy = 0.5675362348556519
Training round: 54		accuracy = 0.591304361820221
Training round: 55		accuracy = 0.5872463583946228
Training round: 56		accuracy = 0.5968115925788879
Training round: 57		accuracy = 0.5924637913703918
Training round: 58		accuracy = 0.6066666841506958
Training round: 59		accuracy = 0.5788405537605286
Training round: 60		accuracy = 0.6014492511749268
Training round: 61		accuracy = 0.61507248878479
Training round: 62		accuracy = 0.6089854836463928
Training round: 63		accuracy = 0.6060869693756104
Training round: 64		accuracy = 0.6110144853591919
Training round: 65		accuracy = 0.5872463583946228
Training round: 66		accuracy = 0.5982608795166016
Training round: 67		accuracy = 0.609855055809021
Training round: 68		accuracy = 0.6171014308929443
Training round: 69		accuracy = 0.6153623461723328
Training round: 70		accuracy = 0.6118840575218201
Training round: 71		accuracy = 0.6020289659500122
Training round: 72		accuracy = 0.5965217351913452
Training round: 73		accuracy = 0.6055072546005249
Training round: 74		accuracy = 0.6165217161178589
Training round: 75		accuracy = 0.5855072736740112
Training round: 76		accuracy = 0.6026086807250977
Training round: 77		accuracy = 0.5942028760910034
Training round: 78		accuracy = 0.5640579462051392
Training round: 79		accuracy = 0.5930435061454773
Training round: 80		accuracy = 0.6081159710884094
Training round: 81		accuracy = 0.5910145044326782
Training round: 82		accuracy = 0.6095651984214783
Training round: 83		accuracy = 0.6089854836463928
Training round: 84		accuracy = 0.6182608604431152
Training round: 85		accuracy = 0.6057971119880676
Training round: 86		accuracy = 0.6208695769309998
Training round: 87		accuracy = 0.5834782719612122
Training round: 88		accuracy = 0.6266666650772095
Training round: 89		accuracy = 0.6072463989257812
Training round: 90		accuracy = 0.6017391085624695
Training round: 91		accuracy = 0.609855055809021
Training round: 92		accuracy = 0.607536256313324
Training round: 93		accuracy = 0.6162318587303162
Training round: 94		accuracy = 0.6092753410339355
Training round: 95		accuracy = 0.6069565415382385
Training round: 96		accuracy = 0.6113043427467346
Training round: 97		accuracy = 0.5994203090667725
Training round: 98		accuracy = 0.6086956262588501
Training round: 99		accuracy = 0.6084057688713074
Training round: 100		accuracy = 0.6118840575218201
Training duration 5400.317498207092
