2021-08-22 19:39:31.091845: I tensorflow/stream_executor/platform/default/dso_loader.cc:49] Successfully opened dynamic library libcudart.so.11.0
2021-08-22 19:40:22.004057: I tensorflow/compiler/jit/xla_cpu_device.cc:41] Not creating XLA devices, tf_xla_enable_xla_devices not set
2021-08-22 19:40:22.395217: I tensorflow/stream_executor/platform/default/dso_loader.cc:49] Successfully opened dynamic library libcuda.so.1
2021-08-22 19:40:22.441903: I tensorflow/core/common_runtime/gpu/gpu_device.cc:1720] Found device 0 with properties: 
pciBusID: 0000:83:00.0 name: Tesla P100-PCIE-12GB computeCapability: 6.0
coreClock: 1.3285GHz coreCount: 56 deviceMemorySize: 11.91GiB deviceMemoryBandwidth: 511.41GiB/s
2021-08-22 19:40:22.442474: I tensorflow/stream_executor/platform/default/dso_loader.cc:49] Successfully opened dynamic library libcudart.so.11.0
2021-08-22 19:40:22.454708: I tensorflow/stream_executor/platform/default/dso_loader.cc:49] Successfully opened dynamic library libcublas.so.11
2021-08-22 19:40:22.454924: I tensorflow/stream_executor/platform/default/dso_loader.cc:49] Successfully opened dynamic library libcublasLt.so.11
2021-08-22 19:40:22.460710: I tensorflow/stream_executor/platform/default/dso_loader.cc:49] Successfully opened dynamic library libcufft.so.10
2021-08-22 19:40:22.462983: I tensorflow/stream_executor/platform/default/dso_loader.cc:49] Successfully opened dynamic library libcurand.so.10
2021-08-22 19:40:22.471854: I tensorflow/stream_executor/platform/default/dso_loader.cc:49] Successfully opened dynamic library libcusolver.so.10
2021-08-22 19:40:22.473962: I tensorflow/stream_executor/platform/default/dso_loader.cc:49] Successfully opened dynamic library libcusparse.so.11
2021-08-22 19:40:22.474756: I tensorflow/stream_executor/platform/default/dso_loader.cc:49] Successfully opened dynamic library libcudnn.so.8
2021-08-22 19:40:22.477986: I tensorflow/core/common_runtime/gpu/gpu_device.cc:1862] Adding visible gpu devices: 0
2021-08-22 19:40:22.484852: I tensorflow/core/platform/cpu_feature_guard.cc:142] This TensorFlow binary is optimized with oneAPI Deep Neural Network Library (oneDNN) to use the following CPU instructions in performance-critical operations:  AVX2 FMA
To enable them in other operations, rebuild TensorFlow with the appropriate compiler flags.
2021-08-22 19:40:22.485375: I tensorflow/compiler/jit/xla_gpu_device.cc:99] Not creating XLA devices, tf_xla_enable_xla_devices not set
2021-08-22 19:40:22.487423: I tensorflow/core/common_runtime/gpu/gpu_device.cc:1720] Found device 0 with properties: 
pciBusID: 0000:83:00.0 name: Tesla P100-PCIE-12GB computeCapability: 6.0
coreClock: 1.3285GHz coreCount: 56 deviceMemorySize: 11.91GiB deviceMemoryBandwidth: 511.41GiB/s
2021-08-22 19:40:22.487564: I tensorflow/stream_executor/platform/default/dso_loader.cc:49] Successfully opened dynamic library libcudart.so.11.0
2021-08-22 19:40:22.487678: I tensorflow/stream_executor/platform/default/dso_loader.cc:49] Successfully opened dynamic library libcublas.so.11
2021-08-22 19:40:22.487753: I tensorflow/stream_executor/platform/default/dso_loader.cc:49] Successfully opened dynamic library libcublasLt.so.11
2021-08-22 19:40:22.487838: I tensorflow/stream_executor/platform/default/dso_loader.cc:49] Successfully opened dynamic library libcufft.so.10
2021-08-22 19:40:22.487912: I tensorflow/stream_executor/platform/default/dso_loader.cc:49] Successfully opened dynamic library libcurand.so.10
2021-08-22 19:40:22.487983: I tensorflow/stream_executor/platform/default/dso_loader.cc:49] Successfully opened dynamic library libcusolver.so.10
2021-08-22 19:40:22.488101: I tensorflow/stream_executor/platform/default/dso_loader.cc:49] Successfully opened dynamic library libcusparse.so.11
2021-08-22 19:40:22.488173: I tensorflow/stream_executor/platform/default/dso_loader.cc:49] Successfully opened dynamic library libcudnn.so.8
2021-08-22 19:40:22.491617: I tensorflow/core/common_runtime/gpu/gpu_device.cc:1862] Adding visible gpu devices: 0
2021-08-22 19:40:22.491771: I tensorflow/stream_executor/platform/default/dso_loader.cc:49] Successfully opened dynamic library libcudart.so.11.0
2021-08-22 19:40:23.687758: I tensorflow/core/common_runtime/gpu/gpu_device.cc:1261] Device interconnect StreamExecutor with strength 1 edge matrix:
2021-08-22 19:40:23.687960: I tensorflow/core/common_runtime/gpu/gpu_device.cc:1267]      0 
2021-08-22 19:40:23.688073: I tensorflow/core/common_runtime/gpu/gpu_device.cc:1280] 0:   N 
2021-08-22 19:40:23.693919: I tensorflow/core/common_runtime/gpu/gpu_device.cc:1406] Created TensorFlow device (/job:localhost/replica:0/task:0/device:GPU:0 with 11119 MB memory) -> physical GPU (device: 0, name: Tesla P100-PCIE-12GB, pci bus id: 0000:83:00.0, compute capability: 6.0)
2021-08-22 19:40:34.329847: I tensorflow/compiler/mlir/mlir_graph_optimization_pass.cc:116] None of the MLIR optimization passes are enabled (registered 2)
2021-08-22 19:40:34.333457: I tensorflow/core/platform/profile_utils/cpu_utils.cc:112] CPU Frequency: 2199895000 Hz
2021-08-22 19:40:34.406382: I tensorflow/stream_executor/platform/default/dso_loader.cc:49] Successfully opened dynamic library libcublas.so.11
2021-08-22 19:40:34.764823: I tensorflow/stream_executor/platform/default/dso_loader.cc:49] Successfully opened dynamic library libcublasLt.so.11
2021-08-22 19:40:34.772209: I tensorflow/stream_executor/platform/default/dso_loader.cc:49] Successfully opened dynamic library libcudnn.so.8
2021-08-22 19:40:36.409764: W tensorflow/stream_executor/gpu/asm_compiler.cc:63] Running ptxas --version returned 256
2021-08-22 19:40:36.464712: W tensorflow/stream_executor/gpu/redzone_allocator.cc:314] Internal: ptxas exited with non-zero error code 256, output: 
Relying on driver to perform ptx compilation. 
Modify $PATH to customize ptxas location.
This message will be only logged once.
NoiseMutator started.
NoiseMutator finished.
Training round: 1		accuracy = 0.6371014714241028
Training round: 2		accuracy = 0.6365217566490173
Training round: 3		accuracy = 0.6460869312286377
Training round: 4		accuracy = 0.6524637937545776
Training round: 5		accuracy = 0.6591304540634155
Training round: 6		accuracy = 0.6689854860305786
Training round: 7		accuracy = 0.6713043451309204
Training round: 8		accuracy = 0.6675362586975098
Training round: 9		accuracy = 0.6556521654129028
Training round: 10		accuracy = 0.6591304540634155
Training round: 11		accuracy = 0.6585507392883301
Training round: 12		accuracy = 0.672753632068634
Training round: 13		accuracy = 0.6675362586975098
Training round: 14		accuracy = 0.6857970952987671
Training round: 15		accuracy = 0.6866666674613953
Training round: 16		accuracy = 0.6802898645401001
Training round: 17		accuracy = 0.690144956111908
Training round: 18		accuracy = 0.6959420442581177
Training round: 19		accuracy = 0.697970986366272
Training round: 20		accuracy = 0.6962319016456604
Training round: 21		accuracy = 0.6933333277702332
Training round: 22		accuracy = 0.7008695602416992
Training round: 23		accuracy = 0.6939130425453186
Training round: 24		accuracy = 0.6959420442581177
Training round: 25		accuracy = 0.6953623294830322
Training round: 26		accuracy = 0.6962319016456604
Training round: 27		accuracy = 0.7008695602416992
Training round: 28		accuracy = 0.7023188471794128
Training round: 29		accuracy = 0.703188419342041
Training round: 30		accuracy = 0.7034782767295837
Training round: 31		accuracy = 0.7020289897918701
Training round: 32		accuracy = 0.692463755607605
Training round: 33		accuracy = 0.703188419342041
Training round: 34		accuracy = 0.7107246518135071
Training round: 35		accuracy = 0.7139130234718323
Training round: 36		accuracy = 0.7092753648757935
Training round: 37		accuracy = 0.7020289897918701
Training round: 38		accuracy = 0.7066666483879089
Training round: 39		accuracy = 0.7136231660842896
Training round: 40		accuracy = 0.7069565057754517
Training round: 41		accuracy = 0.7156521677970886
Training round: 42		accuracy = 0.7144927382469177
Training round: 43		accuracy = 0.7115942239761353
Training round: 44		accuracy = 0.7124637961387634
Training round: 45		accuracy = 0.7144927382469177
Training round: 46		accuracy = 0.7147825956344604
Training round: 47		accuracy = 0.7147825956344604
Training round: 48		accuracy = 0.7150724530220032
Training round: 49		accuracy = 0.7104347944259644
Training round: 50		accuracy = 0.7171014547348022
Training round: 51		accuracy = 0.7147825956344604
Training round: 52		accuracy = 0.7171014547348022
Training round: 53		accuracy = 0.7159420251846313
Training round: 54		accuracy = 0.7176811695098877
Training round: 55		accuracy = 0.7147825956344604
Training round: 56		accuracy = 0.7165217399597168
Training round: 57		accuracy = 0.7171014547348022
Training round: 58		accuracy = 0.7179710268974304
Training round: 59		accuracy = 0.7188405990600586
Training round: 60		accuracy = 0.7191304564476013
Training round: 61		accuracy = 0.7200000286102295
Training round: 62		accuracy = 0.7208695411682129
Training round: 63		accuracy = 0.7179710268974304
Training round: 64		accuracy = 0.719420313835144
Training round: 65		accuracy = 0.717391312122345
Training round: 66		accuracy = 0.7162318825721741
Training round: 67		accuracy = 0.7176811695098877
Training round: 68		accuracy = 0.7153623104095459
Training round: 69		accuracy = 0.7197101712226868
Training round: 70		accuracy = 0.7168115973472595
Training round: 71		accuracy = 0.7165217399597168
Training round: 72		accuracy = 0.7217391133308411
Training round: 73		accuracy = 0.7176811695098877
Training round: 74		accuracy = 0.7159420251846313
Training round: 75		accuracy = 0.719420313835144
Training round: 76		accuracy = 0.7211593985557556
Training round: 77		accuracy = 0.7205796837806702
Training round: 78		accuracy = 0.7185507416725159
Training round: 79		accuracy = 0.7188405990600586
Training round: 80		accuracy = 0.7179710268974304
Training round: 81		accuracy = 0.719420313835144
Training round: 82		accuracy = 0.7191304564476013
Training round: 83		accuracy = 0.7176811695098877
Training round: 84		accuracy = 0.7197101712226868
Training round: 85		accuracy = 0.717391312122345
Training round: 86		accuracy = 0.7179710268974304
Training round: 87		accuracy = 0.7197101712226868
Training round: 88		accuracy = 0.7220289707183838
Training round: 89		accuracy = 0.7205796837806702
Training round: 90		accuracy = 0.7182608842849731
Training round: 91		accuracy = 0.7182608842849731
Training round: 92		accuracy = 0.7191304564476013
Training round: 93		accuracy = 0.7191304564476013
Training round: 94		accuracy = 0.719420313835144
Training round: 95		accuracy = 0.7200000286102295
Training round: 96		accuracy = 0.7208695411682129
Training round: 97		accuracy = 0.7217391133308411
Training round: 98		accuracy = 0.7205796837806702
Training round: 99		accuracy = 0.7214492559432983
Training round: 100		accuracy = 0.7220289707183838
Training duration 6678.50584602356
