2021-08-21 23:49:31.282265: I tensorflow/stream_executor/platform/default/dso_loader.cc:49] Successfully opened dynamic library libcudart.so.11.0
2021-08-21 23:49:51.943530: I tensorflow/compiler/jit/xla_cpu_device.cc:41] Not creating XLA devices, tf_xla_enable_xla_devices not set
2021-08-21 23:49:51.948357: I tensorflow/stream_executor/platform/default/dso_loader.cc:49] Successfully opened dynamic library libcuda.so.1
2021-08-21 23:49:52.065077: I tensorflow/core/common_runtime/gpu/gpu_device.cc:1720] Found device 0 with properties: 
pciBusID: 0000:3b:00.0 name: Tesla V100-SXM2-32GB computeCapability: 7.0
coreClock: 1.53GHz coreCount: 80 deviceMemorySize: 31.75GiB deviceMemoryBandwidth: 836.37GiB/s
2021-08-21 23:49:52.065232: I tensorflow/stream_executor/platform/default/dso_loader.cc:49] Successfully opened dynamic library libcudart.so.11.0
2021-08-21 23:49:52.076076: I tensorflow/stream_executor/platform/default/dso_loader.cc:49] Successfully opened dynamic library libcublas.so.11
2021-08-21 23:49:52.076248: I tensorflow/stream_executor/platform/default/dso_loader.cc:49] Successfully opened dynamic library libcublasLt.so.11
2021-08-21 23:49:52.082198: I tensorflow/stream_executor/platform/default/dso_loader.cc:49] Successfully opened dynamic library libcufft.so.10
2021-08-21 23:49:52.084198: I tensorflow/stream_executor/platform/default/dso_loader.cc:49] Successfully opened dynamic library libcurand.so.10
2021-08-21 23:49:52.094111: I tensorflow/stream_executor/platform/default/dso_loader.cc:49] Successfully opened dynamic library libcusolver.so.10
2021-08-21 23:49:52.096888: I tensorflow/stream_executor/platform/default/dso_loader.cc:49] Successfully opened dynamic library libcusparse.so.11
2021-08-21 23:49:52.097579: I tensorflow/stream_executor/platform/default/dso_loader.cc:49] Successfully opened dynamic library libcudnn.so.8
2021-08-21 23:49:52.107273: I tensorflow/core/common_runtime/gpu/gpu_device.cc:1862] Adding visible gpu devices: 0
2021-08-21 23:49:52.108269: I tensorflow/core/platform/cpu_feature_guard.cc:142] This TensorFlow binary is optimized with oneAPI Deep Neural Network Library (oneDNN) to use the following CPU instructions in performance-critical operations:  AVX2 AVX512F FMA
To enable them in other operations, rebuild TensorFlow with the appropriate compiler flags.
2021-08-21 23:49:52.108572: I tensorflow/compiler/jit/xla_gpu_device.cc:99] Not creating XLA devices, tf_xla_enable_xla_devices not set
2021-08-21 23:49:52.117581: I tensorflow/core/common_runtime/gpu/gpu_device.cc:1720] Found device 0 with properties: 
pciBusID: 0000:3b:00.0 name: Tesla V100-SXM2-32GB computeCapability: 7.0
coreClock: 1.53GHz coreCount: 80 deviceMemorySize: 31.75GiB deviceMemoryBandwidth: 836.37GiB/s
2021-08-21 23:49:52.117798: I tensorflow/stream_executor/platform/default/dso_loader.cc:49] Successfully opened dynamic library libcudart.so.11.0
2021-08-21 23:49:52.117946: I tensorflow/stream_executor/platform/default/dso_loader.cc:49] Successfully opened dynamic library libcublas.so.11
2021-08-21 23:49:52.118091: I tensorflow/stream_executor/platform/default/dso_loader.cc:49] Successfully opened dynamic library libcublasLt.so.11
2021-08-21 23:49:52.118240: I tensorflow/stream_executor/platform/default/dso_loader.cc:49] Successfully opened dynamic library libcufft.so.10
2021-08-21 23:49:52.118368: I tensorflow/stream_executor/platform/default/dso_loader.cc:49] Successfully opened dynamic library libcurand.so.10
2021-08-21 23:49:52.118489: I tensorflow/stream_executor/platform/default/dso_loader.cc:49] Successfully opened dynamic library libcusolver.so.10
2021-08-21 23:49:52.118645: I tensorflow/stream_executor/platform/default/dso_loader.cc:49] Successfully opened dynamic library libcusparse.so.11
2021-08-21 23:49:52.118790: I tensorflow/stream_executor/platform/default/dso_loader.cc:49] Successfully opened dynamic library libcudnn.so.8
2021-08-21 23:49:52.128284: I tensorflow/core/common_runtime/gpu/gpu_device.cc:1862] Adding visible gpu devices: 0
2021-08-21 23:49:52.128491: I tensorflow/stream_executor/platform/default/dso_loader.cc:49] Successfully opened dynamic library libcudart.so.11.0
2021-08-21 23:49:53.301984: I tensorflow/core/common_runtime/gpu/gpu_device.cc:1261] Device interconnect StreamExecutor with strength 1 edge matrix:
2021-08-21 23:49:53.302110: I tensorflow/core/common_runtime/gpu/gpu_device.cc:1267]      0 
2021-08-21 23:49:53.302238: I tensorflow/core/common_runtime/gpu/gpu_device.cc:1280] 0:   N 
2021-08-21 23:49:53.309276: I tensorflow/core/common_runtime/gpu/gpu_device.cc:1406] Created TensorFlow device (/job:localhost/replica:0/task:0/device:GPU:0 with 30130 MB memory) -> physical GPU (device: 0, name: Tesla V100-SXM2-32GB, pci bus id: 0000:3b:00.0, compute capability: 7.0)
2021-08-21 23:50:06.181959: I tensorflow/compiler/mlir/mlir_graph_optimization_pass.cc:116] None of the MLIR optimization passes are enabled (registered 2)
2021-08-21 23:50:06.186289: I tensorflow/core/platform/profile_utils/cpu_utils.cc:112] CPU Frequency: 2100000000 Hz
2021-08-21 23:50:06.278673: I tensorflow/stream_executor/platform/default/dso_loader.cc:49] Successfully opened dynamic library libcublas.so.11
2021-08-21 23:50:06.834415: I tensorflow/stream_executor/platform/default/dso_loader.cc:49] Successfully opened dynamic library libcublasLt.so.11
2021-08-21 23:50:06.851155: I tensorflow/stream_executor/platform/default/dso_loader.cc:49] Successfully opened dynamic library libcudnn.so.8
2021-08-21 23:50:09.690501: W tensorflow/stream_executor/gpu/asm_compiler.cc:63] Running ptxas --version returned 256
2021-08-21 23:50:10.088926: W tensorflow/stream_executor/gpu/redzone_allocator.cc:314] Internal: ptxas exited with non-zero error code 256, output: 
Relying on driver to perform ptx compilation. 
Modify $PATH to customize ptxas location.
This message will be only logged once.
Training round: 1		accuracy = 0.6655072569847107
Training round: 2		accuracy = 0.651014506816864
Training round: 3		accuracy = 0.6365217566490173
Training round: 4		accuracy = 0.651014506816864
Training round: 5		accuracy = 0.6857970952987671
Training round: 6		accuracy = 0.686956524848938
Training round: 7		accuracy = 0.6950724720954895
Training round: 8		accuracy = 0.7005797028541565
Training round: 9		accuracy = 0.6710144877433777
Training round: 10		accuracy = 0.6973913311958313
Training round: 11		accuracy = 0.7110145092010498
Training round: 12		accuracy = 0.6849275231361389
Training round: 13		accuracy = 0.7101449370384216
Training round: 14		accuracy = 0.6779710054397583
Training round: 15		accuracy = 0.7060869336128235
Training round: 16		accuracy = 0.7026087045669556
Training round: 17		accuracy = 0.7205796837806702
Training round: 18		accuracy = 0.7136231660842896
Training round: 19		accuracy = 0.7176811695098877
Training round: 20		accuracy = 0.7133333086967468
Training round: 21		accuracy = 0.7066666483879089
Training round: 22		accuracy = 0.7110145092010498
Training round: 23		accuracy = 0.6878260970115662
Training round: 24		accuracy = 0.7008695602416992
Training round: 25		accuracy = 0.7113043665885925
Training round: 26		accuracy = 0.695652186870575
Training round: 27		accuracy = 0.6875362396240234
Training round: 28		accuracy = 0.7165217399597168
Training round: 29		accuracy = 0.7162318825721741
Training round: 30		accuracy = 0.7069565057754517
Training round: 31		accuracy = 0.7107246518135071
Training round: 32		accuracy = 0.7066666483879089
Training round: 33		accuracy = 0.6840579509735107
Training round: 34		accuracy = 0.7049275636672974
Training round: 35		accuracy = 0.7066666483879089
Training round: 36		accuracy = 0.7063767910003662
Training round: 37		accuracy = 0.7049275636672974
Training round: 38		accuracy = 0.7092753648757935
Training round: 39		accuracy = 0.7008695602416992
Training round: 40		accuracy = 0.7101449370384216
Training round: 41		accuracy = 0.7115942239761353
Training round: 42		accuracy = 0.7115942239761353
Training round: 43		accuracy = 0.7095652222633362
Training round: 44		accuracy = 0.7014492750167847
Training round: 45		accuracy = 0.7092753648757935
Training round: 46		accuracy = 0.7069565057754517
Training round: 47		accuracy = 0.7063767910003662
Training round: 48		accuracy = 0.7089855074882507
Training round: 49		accuracy = 0.7034782767295837
Training round: 50		accuracy = 0.7069565057754517
Training round: 51		accuracy = 0.7089855074882507
Training round: 52		accuracy = 0.7098550796508789
Training round: 53		accuracy = 0.7092753648757935
Training round: 54		accuracy = 0.6965217590332031
Training round: 55		accuracy = 0.7098550796508789
Training round: 56		accuracy = 0.7052174210548401
Training round: 57		accuracy = 0.7069565057754517
Training round: 58		accuracy = 0.7046377062797546
Training round: 59		accuracy = 0.708695650100708
Training round: 60		accuracy = 0.708695650100708
Training round: 61		accuracy = 0.7084057927131653
Training round: 62		accuracy = 0.7101449370384216
Training round: 63		accuracy = 0.7081159353256226
Training round: 64		accuracy = 0.7046377062797546
Training round: 65		accuracy = 0.7095652222633362
Training round: 66		accuracy = 0.7078260779380798
Training round: 67		accuracy = 0.7101449370384216
Training round: 68		accuracy = 0.7098550796508789
Training round: 69		accuracy = 0.7104347944259644
Training round: 70		accuracy = 0.7095652222633362
Training round: 71		accuracy = 0.7104347944259644
Training round: 72		accuracy = 0.7104347944259644
Training round: 73		accuracy = 0.7107246518135071
Training round: 74		accuracy = 0.7092753648757935
Training round: 75		accuracy = 0.7107246518135071
Training round: 76		accuracy = 0.7121739387512207
Training round: 77		accuracy = 0.7115942239761353
Training round: 78		accuracy = 0.7136231660842896
Training round: 79		accuracy = 0.7121739387512207
Training round: 80		accuracy = 0.7101449370384216
Training round: 81		accuracy = 0.711884081363678
Training round: 82		accuracy = 0.7136231660842896
Training round: 83		accuracy = 0.7130434513092041
Training round: 84		accuracy = 0.7121739387512207
Training round: 85		accuracy = 0.7115942239761353
Training round: 86		accuracy = 0.714202880859375
Training round: 87		accuracy = 0.7095652222633362
Training round: 88		accuracy = 0.7159420251846313
Training round: 89		accuracy = 0.7153623104095459
Training round: 90		accuracy = 0.7153623104095459
Training round: 91		accuracy = 0.7159420251846313
Training round: 92		accuracy = 0.714202880859375
Training round: 93		accuracy = 0.7147825956344604
Training round: 94		accuracy = 0.7156521677970886
Training round: 95		accuracy = 0.7150724530220032
Training round: 96		accuracy = 0.7136231660842896
Training round: 97		accuracy = 0.7130434513092041
Training round: 98		accuracy = 0.7133333086967468
Training round: 99		accuracy = 0.7139130234718323
Training round: 100		accuracy = 0.7136231660842896
Training duration 7556.685459136963
