2021-08-23 17:43:04.333712: I tensorflow/stream_executor/platform/default/dso_loader.cc:49] Successfully opened dynamic library libcudart.so.11.0
2021-08-23 17:43:25.627841: I tensorflow/compiler/jit/xla_cpu_device.cc:41] Not creating XLA devices, tf_xla_enable_xla_devices not set
2021-08-23 17:43:25.631883: I tensorflow/stream_executor/platform/default/dso_loader.cc:49] Successfully opened dynamic library libcuda.so.1
2021-08-23 17:43:25.669154: I tensorflow/core/common_runtime/gpu/gpu_device.cc:1720] Found device 0 with properties: 
pciBusID: 0000:03:00.0 name: Tesla P100-PCIE-12GB computeCapability: 6.0
coreClock: 1.3285GHz coreCount: 56 deviceMemorySize: 11.91GiB deviceMemoryBandwidth: 511.41GiB/s
2021-08-23 17:43:25.669610: I tensorflow/stream_executor/platform/default/dso_loader.cc:49] Successfully opened dynamic library libcudart.so.11.0
2021-08-23 17:43:25.679207: I tensorflow/stream_executor/platform/default/dso_loader.cc:49] Successfully opened dynamic library libcublas.so.11
2021-08-23 17:43:25.679344: I tensorflow/stream_executor/platform/default/dso_loader.cc:49] Successfully opened dynamic library libcublasLt.so.11
2021-08-23 17:43:25.684839: I tensorflow/stream_executor/platform/default/dso_loader.cc:49] Successfully opened dynamic library libcufft.so.10
2021-08-23 17:43:25.687513: I tensorflow/stream_executor/platform/default/dso_loader.cc:49] Successfully opened dynamic library libcurand.so.10
2021-08-23 17:43:25.695644: I tensorflow/stream_executor/platform/default/dso_loader.cc:49] Successfully opened dynamic library libcusolver.so.10
2021-08-23 17:43:25.698068: I tensorflow/stream_executor/platform/default/dso_loader.cc:49] Successfully opened dynamic library libcusparse.so.11
2021-08-23 17:43:25.699121: I tensorflow/stream_executor/platform/default/dso_loader.cc:49] Successfully opened dynamic library libcudnn.so.8
2021-08-23 17:43:25.702550: I tensorflow/core/common_runtime/gpu/gpu_device.cc:1862] Adding visible gpu devices: 0
2021-08-23 17:43:25.704977: I tensorflow/core/platform/cpu_feature_guard.cc:142] This TensorFlow binary is optimized with oneAPI Deep Neural Network Library (oneDNN) to use the following CPU instructions in performance-critical operations:  AVX2 FMA
To enable them in other operations, rebuild TensorFlow with the appropriate compiler flags.
2021-08-23 17:43:25.705297: I tensorflow/compiler/jit/xla_gpu_device.cc:99] Not creating XLA devices, tf_xla_enable_xla_devices not set
2021-08-23 17:43:25.706385: I tensorflow/core/common_runtime/gpu/gpu_device.cc:1720] Found device 0 with properties: 
pciBusID: 0000:03:00.0 name: Tesla P100-PCIE-12GB computeCapability: 6.0
coreClock: 1.3285GHz coreCount: 56 deviceMemorySize: 11.91GiB deviceMemoryBandwidth: 511.41GiB/s
2021-08-23 17:43:25.706493: I tensorflow/stream_executor/platform/default/dso_loader.cc:49] Successfully opened dynamic library libcudart.so.11.0
2021-08-23 17:43:25.706578: I tensorflow/stream_executor/platform/default/dso_loader.cc:49] Successfully opened dynamic library libcublas.so.11
2021-08-23 17:43:25.706654: I tensorflow/stream_executor/platform/default/dso_loader.cc:49] Successfully opened dynamic library libcublasLt.so.11
2021-08-23 17:43:25.706703: I tensorflow/stream_executor/platform/default/dso_loader.cc:49] Successfully opened dynamic library libcufft.so.10
2021-08-23 17:43:25.706798: I tensorflow/stream_executor/platform/default/dso_loader.cc:49] Successfully opened dynamic library libcurand.so.10
2021-08-23 17:43:25.706932: I tensorflow/stream_executor/platform/default/dso_loader.cc:49] Successfully opened dynamic library libcusolver.so.10
2021-08-23 17:43:25.707023: I tensorflow/stream_executor/platform/default/dso_loader.cc:49] Successfully opened dynamic library libcusparse.so.11
2021-08-23 17:43:25.707089: I tensorflow/stream_executor/platform/default/dso_loader.cc:49] Successfully opened dynamic library libcudnn.so.8
2021-08-23 17:43:25.708965: I tensorflow/core/common_runtime/gpu/gpu_device.cc:1862] Adding visible gpu devices: 0
2021-08-23 17:43:25.709092: I tensorflow/stream_executor/platform/default/dso_loader.cc:49] Successfully opened dynamic library libcudart.so.11.0
2021-08-23 17:43:26.923632: I tensorflow/core/common_runtime/gpu/gpu_device.cc:1261] Device interconnect StreamExecutor with strength 1 edge matrix:
2021-08-23 17:43:26.923847: I tensorflow/core/common_runtime/gpu/gpu_device.cc:1267]      0 
2021-08-23 17:43:26.923969: I tensorflow/core/common_runtime/gpu/gpu_device.cc:1280] 0:   N 
2021-08-23 17:43:26.927600: I tensorflow/core/common_runtime/gpu/gpu_device.cc:1406] Created TensorFlow device (/job:localhost/replica:0/task:0/device:GPU:0 with 11119 MB memory) -> physical GPU (device: 0, name: Tesla P100-PCIE-12GB, pci bus id: 0000:03:00.0, compute capability: 6.0)
2021-08-23 17:43:34.715719: I tensorflow/compiler/mlir/mlir_graph_optimization_pass.cc:116] None of the MLIR optimization passes are enabled (registered 2)
2021-08-23 17:43:34.719690: I tensorflow/core/platform/profile_utils/cpu_utils.cc:112] CPU Frequency: 2200165000 Hz
2021-08-23 17:43:34.796962: I tensorflow/stream_executor/platform/default/dso_loader.cc:49] Successfully opened dynamic library libcublas.so.11
2021-08-23 17:43:35.176197: I tensorflow/stream_executor/platform/default/dso_loader.cc:49] Successfully opened dynamic library libcublasLt.so.11
2021-08-23 17:43:35.181351: I tensorflow/stream_executor/platform/default/dso_loader.cc:49] Successfully opened dynamic library libcudnn.so.8
2021-08-23 17:43:36.864901: W tensorflow/stream_executor/gpu/asm_compiler.cc:63] Running ptxas --version returned 256
2021-08-23 17:43:36.930015: W tensorflow/stream_executor/gpu/redzone_allocator.cc:314] Internal: ptxas exited with non-zero error code 256, output: 
Relying on driver to perform ptx compilation. 
Modify $PATH to customize ptxas location.
This message will be only logged once.
Training round: 1		accuracy = 0.6246376633644104
Training round: 2		accuracy = 0.6168115735054016
Training round: 3		accuracy = 0.5513043403625488
Training round: 4		accuracy = 0.6028985381126404
Training round: 5		accuracy = 0.5837681293487549
Training round: 6		accuracy = 0.6069565415382385
Training round: 7		accuracy = 0.6568115949630737
Training round: 8		accuracy = 0.640289843082428
Training round: 9		accuracy = 0.6304348111152649
Training round: 10		accuracy = 0.645797073841095
Training round: 11		accuracy = 0.640289843082428
Training round: 12		accuracy = 0.6521739363670349
Training round: 13		accuracy = 0.6678261160850525
Training round: 14		accuracy = 0.6553623080253601
Training round: 15		accuracy = 0.659710168838501
Training round: 16		accuracy = 0.6362318992614746
Training round: 17		accuracy = 0.6504347920417786
Training round: 18		accuracy = 0.6579710245132446
Training round: 19		accuracy = 0.6573913097381592
Training round: 20		accuracy = 0.6547825932502747
Training round: 21		accuracy = 0.6579710245132446
Training round: 22		accuracy = 0.6823188662528992
Training round: 23		accuracy = 0.6695652008056641
Training round: 24		accuracy = 0.6776811480522156
Training round: 25		accuracy = 0.672753632068634
Training round: 26		accuracy = 0.6600000262260437
Training round: 27		accuracy = 0.6765217185020447
Training round: 28		accuracy = 0.6759420037269592
Training round: 29		accuracy = 0.6800000071525574
Training round: 30		accuracy = 0.6881159543991089
Training round: 31		accuracy = 0.6753623485565186
Training round: 32		accuracy = 0.665217399597168
Training round: 33		accuracy = 0.6797101497650146
Training round: 34		accuracy = 0.6797101497650146
Training round: 35		accuracy = 0.662028968334198
Training round: 36		accuracy = 0.6747826337814331
Training round: 37		accuracy = 0.6736232042312622
Training round: 38		accuracy = 0.6791304349899292
Training round: 39		accuracy = 0.6768115758895874
Training round: 40		accuracy = 0.6623188257217407
Training round: 41		accuracy = 0.6730434894561768
Training round: 42		accuracy = 0.6802898645401001
Training round: 43		accuracy = 0.6756521463394165
Training round: 44		accuracy = 0.6710144877433777
Training round: 45		accuracy = 0.6788405776023865
Training round: 46		accuracy = 0.6785507202148438
Training round: 47		accuracy = 0.6768115758895874
Training round: 48		accuracy = 0.6823188662528992
Training round: 49		accuracy = 0.6800000071525574
Training round: 50		accuracy = 0.6828985214233398
Training round: 51		accuracy = 0.6646376848220825
Training round: 52		accuracy = 0.6820290088653564
Training round: 53		accuracy = 0.6817391514778137
Training round: 54		accuracy = 0.6828985214233398
Training round: 55		accuracy = 0.6800000071525574
Training round: 56		accuracy = 0.6788405776023865
Training round: 57		accuracy = 0.6834782361984253
Training round: 58		accuracy = 0.6826087236404419
Training round: 59		accuracy = 0.6840579509735107
Training round: 60		accuracy = 0.6852173805236816
Training round: 61		accuracy = 0.6863768100738525
Training round: 62		accuracy = 0.6863768100738525
Training round: 63		accuracy = 0.686956524848938
Training round: 64		accuracy = 0.6831883788108826
Training round: 65		accuracy = 0.6875362396240234
Training round: 66		accuracy = 0.6855072379112244
Training round: 67		accuracy = 0.6823188662528992
Training round: 68		accuracy = 0.6846376657485962
Training round: 69		accuracy = 0.6857970952987671
Training round: 70		accuracy = 0.686956524848938
Training round: 71		accuracy = 0.686956524848938
Training round: 72		accuracy = 0.6866666674613953
Training round: 73		accuracy = 0.6863768100738525
Training round: 74		accuracy = 0.6860869526863098
Training round: 75		accuracy = 0.686956524848938
Training round: 76		accuracy = 0.6892753839492798
Training round: 77		accuracy = 0.6886956691741943
Training round: 78		accuracy = 0.6875362396240234
Training round: 79		accuracy = 0.6875362396240234
Training round: 80		accuracy = 0.690144956111908
Training round: 81		accuracy = 0.6884058117866516
Training round: 82		accuracy = 0.6881159543991089
Training round: 83		accuracy = 0.6886956691741943
Training round: 84		accuracy = 0.6898550987243652
Training round: 85		accuracy = 0.6915941834449768
Training round: 86		accuracy = 0.6921738982200623
Training round: 87		accuracy = 0.6930434703826904
Training round: 88		accuracy = 0.6898550987243652
Training round: 89		accuracy = 0.6915941834449768
Training round: 90		accuracy = 0.6921738982200623
Training round: 91		accuracy = 0.6918840408325195
Training round: 92		accuracy = 0.692463755607605
Training round: 93		accuracy = 0.6918840408325195
Training round: 94		accuracy = 0.6918840408325195
Training round: 95		accuracy = 0.6904347538948059
Training round: 96		accuracy = 0.6939130425453186
Training round: 97		accuracy = 0.6918840408325195
Training round: 98		accuracy = 0.6915941834449768
Training round: 99		accuracy = 0.6927536129951477
Training round: 100		accuracy = 0.6939130425453186
Training duration 6630.3480615615845
