2021-08-11 20:37:02.580343: I tensorflow/stream_executor/platform/default/dso_loader.cc:49] Successfully opened dynamic library libcudart.so.11.0
2021-08-11 20:37:06.099526: I tensorflow/compiler/jit/xla_cpu_device.cc:41] Not creating XLA devices, tf_xla_enable_xla_devices not set
2021-08-11 20:37:06.102087: I tensorflow/stream_executor/platform/default/dso_loader.cc:49] Successfully opened dynamic library libcuda.so.1
2021-08-11 20:37:06.148149: I tensorflow/core/common_runtime/gpu/gpu_device.cc:1720] Found device 0 with properties: 
pciBusID: 0000:1e:00.0 name: Tesla V100-SXM2-16GB computeCapability: 7.0
coreClock: 1.53GHz coreCount: 80 deviceMemorySize: 15.78GiB deviceMemoryBandwidth: 836.37GiB/s
2021-08-11 20:37:06.148215: I tensorflow/stream_executor/platform/default/dso_loader.cc:49] Successfully opened dynamic library libcudart.so.11.0
2021-08-11 20:37:06.167859: I tensorflow/stream_executor/platform/default/dso_loader.cc:49] Successfully opened dynamic library libcublas.so.11
2021-08-11 20:37:06.167952: I tensorflow/stream_executor/platform/default/dso_loader.cc:49] Successfully opened dynamic library libcublasLt.so.11
2021-08-11 20:37:06.174089: I tensorflow/stream_executor/platform/default/dso_loader.cc:49] Successfully opened dynamic library libcufft.so.10
2021-08-11 20:37:06.177392: I tensorflow/stream_executor/platform/default/dso_loader.cc:49] Successfully opened dynamic library libcurand.so.10
2021-08-11 20:37:06.187368: I tensorflow/stream_executor/platform/default/dso_loader.cc:49] Successfully opened dynamic library libcusolver.so.10
2021-08-11 20:37:06.189928: I tensorflow/stream_executor/platform/default/dso_loader.cc:49] Successfully opened dynamic library libcusparse.so.11
2021-08-11 20:37:06.190644: I tensorflow/stream_executor/platform/default/dso_loader.cc:49] Successfully opened dynamic library libcudnn.so.8
2021-08-11 20:37:06.192369: I tensorflow/core/common_runtime/gpu/gpu_device.cc:1862] Adding visible gpu devices: 0
2021-08-11 20:37:06.193058: I tensorflow/core/platform/cpu_feature_guard.cc:142] This TensorFlow binary is optimized with oneAPI Deep Neural Network Library (oneDNN) to use the following CPU instructions in performance-critical operations:  AVX2 AVX512F FMA
To enable them in other operations, rebuild TensorFlow with the appropriate compiler flags.
2021-08-11 20:37:06.193260: I tensorflow/compiler/jit/xla_gpu_device.cc:99] Not creating XLA devices, tf_xla_enable_xla_devices not set
2021-08-11 20:37:06.194157: I tensorflow/core/common_runtime/gpu/gpu_device.cc:1720] Found device 0 with properties: 
pciBusID: 0000:1e:00.0 name: Tesla V100-SXM2-16GB computeCapability: 7.0
coreClock: 1.53GHz coreCount: 80 deviceMemorySize: 15.78GiB deviceMemoryBandwidth: 836.37GiB/s
2021-08-11 20:37:06.194185: I tensorflow/stream_executor/platform/default/dso_loader.cc:49] Successfully opened dynamic library libcudart.so.11.0
2021-08-11 20:37:06.194201: I tensorflow/stream_executor/platform/default/dso_loader.cc:49] Successfully opened dynamic library libcublas.so.11
2021-08-11 20:37:06.194215: I tensorflow/stream_executor/platform/default/dso_loader.cc:49] Successfully opened dynamic library libcublasLt.so.11
2021-08-11 20:37:06.194228: I tensorflow/stream_executor/platform/default/dso_loader.cc:49] Successfully opened dynamic library libcufft.so.10
2021-08-11 20:37:06.194241: I tensorflow/stream_executor/platform/default/dso_loader.cc:49] Successfully opened dynamic library libcurand.so.10
2021-08-11 20:37:06.194254: I tensorflow/stream_executor/platform/default/dso_loader.cc:49] Successfully opened dynamic library libcusolver.so.10
2021-08-11 20:37:06.194267: I tensorflow/stream_executor/platform/default/dso_loader.cc:49] Successfully opened dynamic library libcusparse.so.11
2021-08-11 20:37:06.194280: I tensorflow/stream_executor/platform/default/dso_loader.cc:49] Successfully opened dynamic library libcudnn.so.8
2021-08-11 20:37:06.195794: I tensorflow/core/common_runtime/gpu/gpu_device.cc:1862] Adding visible gpu devices: 0
2021-08-11 20:37:06.195831: I tensorflow/stream_executor/platform/default/dso_loader.cc:49] Successfully opened dynamic library libcudart.so.11.0
2021-08-11 20:37:06.781937: I tensorflow/core/common_runtime/gpu/gpu_device.cc:1261] Device interconnect StreamExecutor with strength 1 edge matrix:
2021-08-11 20:37:06.782006: I tensorflow/core/common_runtime/gpu/gpu_device.cc:1267]      0 
2021-08-11 20:37:06.782018: I tensorflow/core/common_runtime/gpu/gpu_device.cc:1280] 0:   N 
2021-08-11 20:37:06.784458: I tensorflow/core/common_runtime/gpu/gpu_device.cc:1406] Created TensorFlow device (/job:localhost/replica:0/task:0/device:GPU:0 with 14761 MB memory) -> physical GPU (device: 0, name: Tesla V100-SXM2-16GB, pci bus id: 0000:1e:00.0, compute capability: 7.0)
2021-08-11 20:37:07.423253: I tensorflow/compiler/mlir/mlir_graph_optimization_pass.cc:116] None of the MLIR optimization passes are enabled (registered 2)
2021-08-11 20:37:07.423943: I tensorflow/core/platform/profile_utils/cpu_utils.cc:112] CPU Frequency: 2400000000 Hz
2021-08-11 20:37:07.823869: I tensorflow/stream_executor/platform/default/dso_loader.cc:49] Successfully opened dynamic library libcublas.so.11
2021-08-11 20:37:08.328208: I tensorflow/stream_executor/platform/default/dso_loader.cc:49] Successfully opened dynamic library libcublasLt.so.11
2021-08-11 20:37:08.330113: I tensorflow/stream_executor/platform/default/dso_loader.cc:49] Successfully opened dynamic library libcudnn.so.8
2021-08-11 20:37:10.798983: W tensorflow/stream_executor/gpu/asm_compiler.cc:63] Running ptxas --version returned 256
2021-08-11 20:37:10.880319: W tensorflow/stream_executor/gpu/redzone_allocator.cc:314] Internal: ptxas exited with non-zero error code 256, output: 
Relying on driver to perform ptx compilation. 
Modify $PATH to customize ptxas location.
This message will be only logged once.
LabelAttacker started.
LabelAttacker finished.
Training round: 1		accuracy = 0.11150000244379044
Training round: 2		accuracy = 0.13169999420642853
Training round: 3		accuracy = 0.1315000057220459
Training round: 4		accuracy = 0.12999999523162842
Training round: 5		accuracy = 0.17260000109672546
Training round: 6		accuracy = 0.225600004196167
Training round: 7		accuracy = 0.20520000159740448
Training round: 8		accuracy = 0.17299999296665192
Training round: 9		accuracy = 0.15459999442100525
Training round: 10		accuracy = 0.12290000170469284
Training round: 11		accuracy = 0.23240000009536743
Training round: 12		accuracy = 0.23639999330043793
Training round: 13		accuracy = 0.15029999613761902
Training round: 14		accuracy = 0.12430000305175781
Training round: 15		accuracy = 0.2506999969482422
Training round: 16		accuracy = 0.24740000069141388
Training round: 17		accuracy = 0.18970000743865967
Training round: 18		accuracy = 0.2222999930381775
Training round: 19		accuracy = 0.289900004863739
Training round: 20		accuracy = 0.22599999606609344
Training round: 21		accuracy = 0.12700000405311584
Training round: 22		accuracy = 0.13030000030994415
Training round: 23		accuracy = 0.1876000016927719
Training round: 24		accuracy = 0.2969000041484833
Training round: 25		accuracy = 0.18400000035762787
Training round: 26		accuracy = 0.17829999327659607
Training round: 27		accuracy = 0.31299999356269836
Training round: 28		accuracy = 0.23000000417232513
Training round: 29		accuracy = 0.29350000619888306
Training round: 30		accuracy = 0.2069000005722046
Training round: 31		accuracy = 0.3443000018596649
Training round: 32		accuracy = 0.2167000025510788
Training round: 33		accuracy = 0.34950000047683716
Training round: 34		accuracy = 0.2337999939918518
Training round: 35		accuracy = 0.3555999994277954
Training round: 36		accuracy = 0.3483000099658966
Training round: 37		accuracy = 0.22310000658035278
Training round: 38		accuracy = 0.34709998965263367
Training round: 39		accuracy = 0.361299991607666
Training round: 40		accuracy = 0.37959998846054077
Training round: 41		accuracy = 0.34549999237060547
Training round: 42		accuracy = 0.37279999256134033
Training round: 43		accuracy = 0.289000004529953
Training round: 44		accuracy = 0.17190000414848328
Training round: 45		accuracy = 0.3377000093460083
Training round: 46		accuracy = 0.359499990940094
Training round: 47		accuracy = 0.38519999384880066
Training round: 48		accuracy = 0.34040001034736633
Training round: 49		accuracy = 0.31790000200271606
Training round: 50		accuracy = 0.3560999929904938
Training round: 51		accuracy = 0.08299999684095383
Training round: 52		accuracy = 0.0843999981880188
Training round: 53		accuracy = 0.2985999882221222
Training round: 54		accuracy = 0.3984000086784363
Training round: 55		accuracy = 0.33410000801086426
Training round: 56		accuracy = 0.40059998631477356
Training round: 57		accuracy = 0.42590001225471497
Training round: 58		accuracy = 0.41359999775886536
Training round: 59		accuracy = 0.34529998898506165
Training round: 60		accuracy = 0.4348999857902527
Training round: 61		accuracy = 0.4287000000476837
Training round: 62		accuracy = 0.41019999980926514
Training round: 63		accuracy = 0.23100000619888306
Training round: 64		accuracy = 0.3564000129699707
Training round: 65		accuracy = 0.15219999849796295
Training round: 66		accuracy = 0.2770000100135803
Training round: 67		accuracy = 0.1517000049352646
Training round: 68		accuracy = 0.09009999781847
Training round: 69		accuracy = 0.13410000503063202
Training round: 70		accuracy = 0.1388999968767166
Training round: 71		accuracy = 0.44339999556541443
Training round: 72		accuracy = 0.1597999930381775
Training round: 73		accuracy = 0.4519999921321869
Training round: 74		accuracy = 0.3756999969482422
Training round: 75		accuracy = 0.36059999465942383
Training round: 76		accuracy = 0.15780000388622284
Training round: 77		accuracy = 0.28630000352859497
Training round: 78		accuracy = 0.28780001401901245
Training round: 79		accuracy = 0.47540000081062317
Training round: 80		accuracy = 0.36809998750686646
Training round: 81		accuracy = 0.33799999952316284
Training round: 82		accuracy = 0.09969999641180038
Training round: 83		accuracy = 0.05380000174045563
Training round: 84		accuracy = 0.06369999796152115
Training round: 85		accuracy = 0.0794999971985817
Training round: 86		accuracy = 0.4596000015735626
Training round: 87		accuracy = 0.44679999351501465
Training round: 88		accuracy = 0.3131999969482422
Training round: 89		accuracy = 0.4480000138282776
Training round: 90		accuracy = 0.10360000282526016
Training round: 91		accuracy = 0.2770000100135803
Training round: 92		accuracy = 0.17710000276565552
Training round: 93		accuracy = 0.49059998989105225
Training round: 94		accuracy = 0.2874999940395355
Training round: 95		accuracy = 0.46790000796318054
Training round: 96		accuracy = 0.10010000318288803
Training round: 97		accuracy = 0.13699999451637268
Training round: 98		accuracy = 0.28929999470710754
Training round: 99		accuracy = 0.48910000920295715
Training round: 100		accuracy = 0.16750000417232513
Training round: 101		accuracy = 0.13449999690055847
Training round: 102		accuracy = 0.09780000150203705
Training round: 103		accuracy = 0.4699000120162964
Training round: 104		accuracy = 0.4677000045776367
Training round: 105		accuracy = 0.09220000356435776
Training round: 106		accuracy = 0.4964999854564667
Training round: 107		accuracy = 0.49709999561309814
Training round: 108		accuracy = 0.1615000069141388
Training round: 109		accuracy = 0.2011999934911728
Training round: 110		accuracy = 0.3140999972820282
Training round: 111		accuracy = 0.337799996137619
Training round: 112		accuracy = 0.18219999969005585
Training round: 113		accuracy = 0.15060000121593475
Training round: 114		accuracy = 0.1826999932527542
Training round: 115		accuracy = 0.5153999924659729
Training round: 116		accuracy = 0.13989999890327454
Training round: 117		accuracy = 0.47870001196861267
Training round: 118		accuracy = 0.13439999520778656
Training round: 119		accuracy = 0.12919999659061432
Training round: 120		accuracy = 0.5117999911308289
Training round: 121		accuracy = 0.0989999994635582
Training round: 122		accuracy = 0.08070000261068344
Training round: 123		accuracy = 0.2973000109195709
Training round: 124		accuracy = 0.5023000240325928
Training round: 125		accuracy = 0.46389999985694885
Training round: 126		accuracy = 0.524399995803833
Training round: 127		accuracy = 0.2175000011920929
Training round: 128		accuracy = 0.4991999864578247
Training round: 129		accuracy = 0.10019999742507935
Training round: 130		accuracy = 0.5210999846458435
Training round: 131		accuracy = 0.08900000154972076
Training round: 132		accuracy = 0.3165999948978424
Training round: 133		accuracy = 0.05950000137090683
Training round: 134		accuracy = 0.5080000162124634
Training round: 135		accuracy = 0.46059998869895935
Training round: 136		accuracy = 0.11919999867677689
Training round: 137		accuracy = 0.49140000343322754
Training round: 138		accuracy = 0.5393999814987183
Training round: 139		accuracy = 0.21739999949932098
Training round: 140		accuracy = 0.32519999146461487
Training round: 141		accuracy = 0.49869999289512634
Training round: 142		accuracy = 0.3497999906539917
Training round: 143		accuracy = 0.3319000005722046
Training round: 144		accuracy = 0.08290000259876251
Training round: 145		accuracy = 0.0925000011920929
Training round: 146		accuracy = 0.14059999585151672
Training round: 147		accuracy = 0.49390000104904175
Training round: 148		accuracy = 0.4964999854564667
Training round: 149		accuracy = 0.31610000133514404
Training round: 150		accuracy = 0.5029000043869019
Training round: 151		accuracy = 0.31679999828338623
Training round: 152		accuracy = 0.5277000069618225
Training round: 153		accuracy = 0.3467999994754791
Training round: 154		accuracy = 0.1282999962568283
Training round: 155		accuracy = 0.3230000138282776
Training round: 156		accuracy = 0.5307000279426575
Training round: 157		accuracy = 0.5418000221252441
Training round: 158		accuracy = 0.33489999175071716
Training round: 159		accuracy = 0.14630000293254852
Training round: 160		accuracy = 0.5009999871253967
Training round: 161		accuracy = 0.49219998717308044
Training round: 162		accuracy = 0.18199999630451202
Training round: 163		accuracy = 0.29490000009536743
Training round: 164		accuracy = 0.37549999356269836
Training round: 165		accuracy = 0.17030000686645508
Training round: 166		accuracy = 0.15559999644756317
Training round: 167		accuracy = 0.29760000109672546
Training round: 168		accuracy = 0.1459999978542328
Training round: 169		accuracy = 0.5573999881744385
Training round: 170		accuracy = 0.3465999960899353
Training round: 171		accuracy = 0.31520000100135803
Training round: 172		accuracy = 0.1624000072479248
Training round: 173		accuracy = 0.10140000283718109
Training round: 174		accuracy = 0.22550000250339508
Training round: 175		accuracy = 0.49970000982284546
Training round: 176		accuracy = 0.5167999863624573
Training round: 177		accuracy = 0.1615000069141388
Training round: 178		accuracy = 0.2766000032424927
Training round: 179		accuracy = 0.5476999878883362
Training round: 180		accuracy = 0.5630999803543091
Training round: 181		accuracy = 0.5575000047683716
Training round: 182		accuracy = 0.12210000306367874
Training round: 183		accuracy = 0.5511999726295471
Training round: 184		accuracy = 0.10249999910593033
Training round: 185		accuracy = 0.2985999882221222
Training round: 186		accuracy = 0.5044000148773193
Training round: 187		accuracy = 0.5770999789237976
Training round: 188		accuracy = 0.5194000005722046
Training round: 189		accuracy = 0.5565999746322632
Training round: 190		accuracy = 0.5706999897956848
Training round: 191		accuracy = 0.14149999618530273
Training round: 192		accuracy = 0.5202000141143799
Training round: 193		accuracy = 0.1468999981880188
Training round: 194		accuracy = 0.5245000123977661
Training round: 195		accuracy = 0.30329999327659607
Training round: 196		accuracy = 0.1071000024676323
Training round: 197		accuracy = 0.2587999999523163
Training round: 198		accuracy = 0.5640000104904175
Training round: 199		accuracy = 0.51419997215271
Training round: 200		accuracy = 0.19609999656677246
Training round: 201		accuracy = 0.32679998874664307
Training round: 202		accuracy = 0.527899980545044
Training round: 203		accuracy = 0.5012000203132629
Training round: 204		accuracy = 0.09099999815225601
Training round: 205		accuracy = 0.2484000027179718
Training round: 206		accuracy = 0.5317999720573425
Training round: 207		accuracy = 0.5839999914169312
Training round: 208		accuracy = 0.5659000277519226
Training round: 209		accuracy = 0.1550000011920929
Training round: 210		accuracy = 0.5663999915122986
Training round: 211		accuracy = 0.5605000257492065
Training round: 212		accuracy = 0.23000000417232513
Training round: 213		accuracy = 0.16750000417232513
Training round: 214		accuracy = 0.18150000274181366
Training round: 215		accuracy = 0.16359999775886536
Training round: 216		accuracy = 0.1468999981880188
Training round: 217		accuracy = 0.07850000262260437
Training round: 218		accuracy = 0.5465999841690063
Training round: 219		accuracy = 0.5730000138282776
Training round: 220		accuracy = 0.2150000035762787
Training round: 221		accuracy = 0.5026999711990356
Training round: 222		accuracy = 0.32019999623298645
Training round: 223		accuracy = 0.1664000004529953
Training round: 224		accuracy = 0.2888000011444092
Training round: 225		accuracy = 0.5853999853134155
Training round: 226		accuracy = 0.5516999959945679
Training round: 227		accuracy = 0.13199999928474426
Training round: 228		accuracy = 0.5333999991416931
Training round: 229		accuracy = 0.522599995136261
Training round: 230		accuracy = 0.15389999747276306
Training round: 231		accuracy = 0.5641999840736389
Training round: 232		accuracy = 0.22609999775886536
Training round: 233		accuracy = 0.2712000012397766
Training round: 234		accuracy = 0.10320000350475311
Training round: 235		accuracy = 0.5889999866485596
Training round: 236		accuracy = 0.5239999890327454
Training round: 237		accuracy = 0.5738000273704529
Training round: 238		accuracy = 0.5004000067710876
Training round: 239		accuracy = 0.20329999923706055
Training round: 240		accuracy = 0.3041999936103821
Training round: 241		accuracy = 0.5037999749183655
Training round: 242		accuracy = 0.21209999918937683
Training round: 243		accuracy = 0.17829999327659607
Training round: 244		accuracy = 0.28780001401901245
Training round: 245		accuracy = 0.5759000182151794
Training round: 246		accuracy = 0.15700000524520874
Training round: 247		accuracy = 0.5436000227928162
Training round: 248		accuracy = 0.520799994468689
Training round: 249		accuracy = 0.5131000280380249
Training round: 250		accuracy = 0.5425999760627747
Training round: 251		accuracy = 0.19609999656677246
Training round: 252		accuracy = 0.5317000150680542
Training round: 253		accuracy = 0.3255000114440918
Training round: 254		accuracy = 0.5565999746322632
Training round: 255		accuracy = 0.3346000015735626
Training round: 256		accuracy = 0.5867000222206116
Training round: 257		accuracy = 0.1670999974012375
Training round: 258		accuracy = 0.16140000522136688
Training round: 259		accuracy = 0.21690000593662262
Training round: 260		accuracy = 0.2838999927043915
Training round: 261		accuracy = 0.5356000065803528
Training round: 262		accuracy = 0.5795000195503235
Training round: 263		accuracy = 0.5735999941825867
Training round: 264		accuracy = 0.20739999413490295
Training round: 265		accuracy = 0.3009999990463257
Training round: 266		accuracy = 0.5853000283241272
Training round: 267		accuracy = 0.5203999876976013
Training round: 268		accuracy = 0.5067999958992004
Training round: 269		accuracy = 0.5314000248908997
Training round: 270		accuracy = 0.13740000128746033
Training round: 271		accuracy = 0.2721000015735626
Training round: 272		accuracy = 0.5426999926567078
Training round: 273		accuracy = 0.5583000183105469
Training round: 274		accuracy = 0.5928000211715698
Training round: 275		accuracy = 0.3483999967575073
Training round: 276		accuracy = 0.597000002861023
Training round: 277		accuracy = 0.36800000071525574
Training round: 278		accuracy = 0.5385000109672546
Training round: 279		accuracy = 0.2547999918460846
Training round: 280		accuracy = 0.25099998712539673
Training round: 281		accuracy = 0.6115999817848206
Training round: 282		accuracy = 0.328000009059906
Training round: 283		accuracy = 0.2264000028371811
Training round: 284		accuracy = 0.5864999890327454
Training round: 285		accuracy = 0.5461999773979187
Training round: 286		accuracy = 0.15459999442100525
Training round: 287		accuracy = 0.6043999791145325
Training round: 288		accuracy = 0.29409998655319214
Training round: 289		accuracy = 0.13269999623298645
Training round: 290		accuracy = 0.23420000076293945
Training round: 291		accuracy = 0.5508000254631042
Training round: 292		accuracy = 0.16279999911785126
Training round: 293		accuracy = 0.30959999561309814
Training round: 294		accuracy = 0.23010000586509705
Training round: 295		accuracy = 0.19380000233650208
Training round: 296		accuracy = 0.5303999781608582
Training round: 297		accuracy = 0.12319999933242798
Training round: 298		accuracy = 0.11990000307559967
Training round: 299		accuracy = 0.588100016117096
Training round: 300		accuracy = 0.30250000953674316
Training round: 301		accuracy = 0.6075000166893005
Training round: 302		accuracy = 0.18289999663829803
Training round: 303		accuracy = 0.17299999296665192
Training round: 304		accuracy = 0.5343999862670898
Training round: 305		accuracy = 0.12610000371932983
Training round: 306		accuracy = 0.59170001745224
Training round: 307		accuracy = 0.5953999757766724
Training round: 308		accuracy = 0.2809999883174896
Training round: 309		accuracy = 0.22830000519752502
Training round: 310		accuracy = 0.11259999871253967
Training round: 311		accuracy = 0.585099995136261
Training round: 312		accuracy = 0.15119999647140503
Training round: 313		accuracy = 0.1459999978542328
Training round: 314		accuracy = 0.5526999831199646
Training round: 315		accuracy = 0.16130000352859497
Training round: 316		accuracy = 0.5922999978065491
Training round: 317		accuracy = 0.6194999814033508
Training round: 318		accuracy = 0.39320001006126404
Training round: 319		accuracy = 0.1281999945640564
Training round: 320		accuracy = 0.5582000017166138
Training round: 321		accuracy = 0.52920001745224
Training round: 322		accuracy = 0.24320000410079956
Training round: 323		accuracy = 0.12860000133514404
Training round: 324		accuracy = 0.11980000138282776
Training round: 325		accuracy = 0.1103999987244606
Training round: 326		accuracy = 0.541100025177002
Training round: 327		accuracy = 0.5877000093460083
Training round: 328		accuracy = 0.16590000689029694
Training round: 329		accuracy = 0.5098999738693237
Training round: 330		accuracy = 0.61080002784729
Training round: 331		accuracy = 0.1712000072002411
Training round: 332		accuracy = 0.15760000050067902
Training round: 333		accuracy = 0.13899999856948853
Training round: 334		accuracy = 0.13950000703334808
Training round: 335		accuracy = 0.15889999270439148
Training round: 336		accuracy = 0.147599995136261
Training round: 337		accuracy = 0.5967000126838684
Training round: 338		accuracy = 0.24070000648498535
Training round: 339		accuracy = 0.16290000081062317
Training round: 340		accuracy = 0.11760000139474869
Training round: 341		accuracy = 0.524399995803833
Training round: 342		accuracy = 0.12780000269412994
Training round: 343		accuracy = 0.6018000245094299
Training round: 344		accuracy = 0.12559999525547028
Training round: 345		accuracy = 0.16030000150203705
Training round: 346		accuracy = 0.12189999967813492
Training round: 347		accuracy = 0.13300000131130219
Training round: 348		accuracy = 0.5332000255584717
Training round: 349		accuracy = 0.16089999675750732
Training round: 350		accuracy = 0.1234000027179718
Training round: 351		accuracy = 0.1273999959230423
Training round: 352		accuracy = 0.12250000238418579
Training round: 353		accuracy = 0.5618000030517578
Training round: 354		accuracy = 0.5939000248908997
Training round: 355		accuracy = 0.15279999375343323
Training round: 356		accuracy = 0.5408999919891357
Training round: 357		accuracy = 0.12970000505447388
Training round: 358		accuracy = 0.5360000133514404
Training round: 359		accuracy = 0.12919999659061432
Training round: 360		accuracy = 0.6086000204086304
Training round: 361		accuracy = 0.2451999932527542
Training round: 362		accuracy = 0.5587000250816345
Training round: 363		accuracy = 0.12039999663829803
Training round: 364		accuracy = 0.1476999968290329
Training round: 365		accuracy = 0.21969999372959137
Training round: 366		accuracy = 0.20419999957084656
Training round: 367		accuracy = 0.24650000035762787
Training round: 368		accuracy = 0.13439999520778656
Training round: 369		accuracy = 0.6061000227928162
Training round: 370		accuracy = 0.5271999835968018
Training round: 371		accuracy = 0.14740000665187836
Training round: 372		accuracy = 0.5401999950408936
Training round: 373		accuracy = 0.11670000106096268
Training round: 374		accuracy = 0.1891999989748001
Training round: 375		accuracy = 0.24690000712871552
Training round: 376		accuracy = 0.5465999841690063
Training round: 377		accuracy = 0.1193000003695488
Training round: 378		accuracy = 0.5084999799728394
Training round: 379		accuracy = 0.5672000050544739
Training round: 380		accuracy = 0.5157999992370605
Training round: 381		accuracy = 0.1160999983549118
Training round: 382		accuracy = 0.477400004863739
Training round: 383		accuracy = 0.11900000274181366
Training round: 384		accuracy = 0.10729999840259552
Training round: 385		accuracy = 0.5843999981880188
Training round: 386		accuracy = 0.6169999837875366
Training round: 387		accuracy = 0.5519000291824341
Training round: 388		accuracy = 0.19439999759197235
Training round: 389		accuracy = 0.6220999956130981
Training round: 390		accuracy = 0.5378999710083008
Training round: 391		accuracy = 0.22460000216960907
Training round: 392		accuracy = 0.5593000054359436
Training round: 393		accuracy = 0.16060000658035278
Training round: 394		accuracy = 0.5123000144958496
Training round: 395		accuracy = 0.1445000022649765
Training round: 396		accuracy = 0.5475999712944031
Training round: 397		accuracy = 0.5454999804496765
Training round: 398		accuracy = 0.5604000091552734
Training round: 399		accuracy = 0.11349999904632568
Training round: 400		accuracy = 0.22669999301433563
Training round: 401		accuracy = 0.12770000100135803
Training round: 402		accuracy = 0.618399977684021
Training round: 403		accuracy = 0.12860000133514404
Training round: 404		accuracy = 0.1809999942779541
Training round: 405		accuracy = 0.18070000410079956
Training round: 406		accuracy = 0.14869999885559082
Training round: 407		accuracy = 0.5400000214576721
Training round: 408		accuracy = 0.1316000074148178
Training round: 409		accuracy = 0.10859999805688858
Training round: 410		accuracy = 0.23090000450611115
Training round: 411		accuracy = 0.17270000278949738
Training round: 412		accuracy = 0.1446000039577484
Training round: 413		accuracy = 0.5329999923706055
Training round: 414		accuracy = 0.10849999636411667
Training round: 415		accuracy = 0.5497999787330627
Training round: 416		accuracy = 0.13570000231266022
Training round: 417		accuracy = 0.20080000162124634
Training round: 418		accuracy = 0.2078000009059906
Training round: 419		accuracy = 0.15039999783039093
Training round: 420		accuracy = 0.5985999703407288
Training round: 421		accuracy = 0.1906999945640564
Training round: 422		accuracy = 0.598800003528595
Training round: 423		accuracy = 0.17659999430179596
Training round: 424		accuracy = 0.18479999899864197
Training round: 425		accuracy = 0.12229999899864197
Training round: 426		accuracy = 0.13179999589920044
Training round: 427		accuracy = 0.1687999963760376
Training round: 428		accuracy = 0.14159999787807465
Training round: 429		accuracy = 0.1437000036239624
Training round: 430		accuracy = 0.12549999356269836
Training round: 431		accuracy = 0.12530000507831573
Training round: 432		accuracy = 0.1704999953508377
Training round: 433		accuracy = 0.5285000205039978
Training round: 434		accuracy = 0.6270999908447266
Training round: 435		accuracy = 0.27869999408721924
Training round: 436		accuracy = 0.3237999975681305
Training round: 437		accuracy = 0.2468000054359436
Training round: 438		accuracy = 0.09969999641180038
Training round: 439		accuracy = 0.16940000653266907
Training round: 440		accuracy = 0.14669999480247498
Training round: 441		accuracy = 0.13330000638961792
Training round: 442		accuracy = 0.14190000295639038
Training round: 443		accuracy = 0.10729999840259552
Training round: 444		accuracy = 0.16990000009536743
Training round: 445		accuracy = 0.5702000260353088
Training round: 446		accuracy = 0.11620000004768372
Training round: 447		accuracy = 0.5498999953269958
Training round: 448		accuracy = 0.21490000188350677
Training round: 449		accuracy = 0.14869999885559082
Training round: 450		accuracy = 0.11429999768733978
Training round: 451		accuracy = 0.1256999969482422
Training round: 452		accuracy = 0.6092000007629395
Training round: 453		accuracy = 0.5120000243186951
Training round: 454		accuracy = 0.1152999997138977
Training round: 455		accuracy = 0.1509999930858612
Training round: 456		accuracy = 0.6105999946594238
Training round: 457		accuracy = 0.2102999985218048
Training round: 458		accuracy = 0.11760000139474869
Training round: 459		accuracy = 0.13199999928474426
Training round: 460		accuracy = 0.6035000085830688
Training round: 461		accuracy = 0.24120000004768372
Training round: 462		accuracy = 0.21289999783039093
Training round: 463		accuracy = 0.1582999974489212
Training round: 464		accuracy = 0.1987999975681305
Training round: 465		accuracy = 0.13189999759197235
Training round: 466		accuracy = 0.5458999872207642
Training round: 467		accuracy = 0.6340000033378601
Training round: 468		accuracy = 0.6227999925613403
Training round: 469		accuracy = 0.52920001745224
Training round: 470		accuracy = 0.11760000139474869
Training round: 471		accuracy = 0.13330000638961792
Training round: 472		accuracy = 0.5174999833106995
Training round: 473		accuracy = 0.5220999717712402
Training round: 474		accuracy = 0.13920000195503235
Training round: 475		accuracy = 0.5559999942779541
Training round: 476		accuracy = 0.6322000026702881
Training round: 477		accuracy = 0.11479999870061874
Training round: 478		accuracy = 0.5217000246047974
Training round: 479		accuracy = 0.5853000283241272
Training round: 480		accuracy = 0.6089000105857849
Training round: 481		accuracy = 0.11339999735355377
Training round: 482		accuracy = 0.24560000002384186
Training round: 483		accuracy = 0.1257999986410141
Training round: 484		accuracy = 0.17569999396800995
Training round: 485		accuracy = 0.12110000103712082
Training round: 486		accuracy = 0.20839999616146088
Training round: 487		accuracy = 0.18850000202655792
Training round: 488		accuracy = 0.18070000410079956
Training round: 489		accuracy = 0.6189000010490417
Training round: 490		accuracy = 0.26420000195503235
Training round: 491		accuracy = 0.5447999835014343
Training round: 492		accuracy = 0.22789999842643738
Training round: 493		accuracy = 0.5543000102043152
Training round: 494		accuracy = 0.5264000296592712
Training round: 495		accuracy = 0.6448000073432922
Training round: 496		accuracy = 0.12720000743865967
Training round: 497		accuracy = 0.15539999306201935
Training round: 498		accuracy = 0.1225999966263771
Training round: 499		accuracy = 0.4927999973297119
Training round: 500		accuracy = 0.13619999587535858
Training round: 501		accuracy = 0.5291000008583069
Training round: 502		accuracy = 0.6345999836921692
Training round: 503		accuracy = 0.5260000228881836
Training round: 504		accuracy = 0.21969999372959137
Training round: 505		accuracy = 0.6146000027656555
Training round: 506		accuracy = 0.5055999755859375
Training round: 507		accuracy = 0.46309998631477356
Training round: 508		accuracy = 0.16990000009536743
Training round: 509		accuracy = 0.1728000044822693
Training round: 510		accuracy = 0.11029999703168869
Training round: 511		accuracy = 0.1460999995470047
Training round: 512		accuracy = 0.6413999795913696
Training round: 513		accuracy = 0.18379999697208405
Training round: 514		accuracy = 0.22429999709129333
Training round: 515		accuracy = 0.12359999865293503
Training round: 516		accuracy = 0.13179999589920044
Training round: 517		accuracy = 0.5760999917984009
Training round: 518		accuracy = 0.5411999821662903
Training round: 519		accuracy = 0.15330000221729279
Training round: 520		accuracy = 0.18449999392032623
Training round: 521		accuracy = 0.23170000314712524
Training round: 522		accuracy = 0.12559999525547028
Training round: 523		accuracy = 0.5677000284194946
Training round: 524		accuracy = 0.6028000116348267
Training round: 525		accuracy = 0.6180999875068665
Training round: 526		accuracy = 0.510200023651123
Training round: 527		accuracy = 0.13420000672340393
Training round: 528		accuracy = 0.19329999387264252
Training round: 529		accuracy = 0.12210000306367874
Training round: 530		accuracy = 0.1340000033378601
Training round: 531		accuracy = 0.13699999451637268
Training round: 532		accuracy = 0.5351999998092651
Training round: 533		accuracy = 0.15150000154972076
Training round: 534		accuracy = 0.5231000185012817
Training round: 535		accuracy = 0.2281000018119812
Training round: 536		accuracy = 0.17090000212192535
Training round: 537		accuracy = 0.17329999804496765
Training round: 538		accuracy = 0.12790000438690186
Training round: 539		accuracy = 0.18129999935626984
Training round: 540		accuracy = 0.5385000109672546
Training round: 541		accuracy = 0.6007000207901001
Training round: 542		accuracy = 0.11159999668598175
Training round: 543		accuracy = 0.46810001134872437
Training round: 544		accuracy = 0.6087999939918518
Training round: 545		accuracy = 0.12309999763965607
Training round: 546		accuracy = 0.13650000095367432
Training round: 547		accuracy = 0.1404999941587448
Training round: 548		accuracy = 0.5067999958992004
Training round: 549		accuracy = 0.14270000159740448
Training round: 550		accuracy = 0.6086000204086304
Training round: 551		accuracy = 0.13930000364780426
Training round: 552		accuracy = 0.14499999582767487
Training round: 553		accuracy = 0.19169999659061432
Training round: 554		accuracy = 0.19280000030994415
Training round: 555		accuracy = 0.1347000002861023
Training round: 556		accuracy = 0.15469999611377716
Training round: 557		accuracy = 0.18780000507831573
Training round: 558		accuracy = 0.12030000239610672
Training round: 559		accuracy = 0.17020000517368317
Training round: 560		accuracy = 0.6189000010490417
Training round: 561		accuracy = 0.4846000075340271
Training round: 562		accuracy = 0.17829999327659607
Training round: 563		accuracy = 0.4758000075817108
Training round: 564		accuracy = 0.6226000189781189
Training round: 565		accuracy = 0.2700999975204468
Training round: 566		accuracy = 0.12330000102519989
Training round: 567		accuracy = 0.14990000426769257
Training round: 568		accuracy = 0.14630000293254852
Training round: 569		accuracy = 0.16110000014305115
Training round: 570		accuracy = 0.11389999836683273
Training round: 571		accuracy = 0.1404999941587448
Training round: 572		accuracy = 0.12929999828338623
Training round: 573		accuracy = 0.14030000567436218
Training round: 574		accuracy = 0.5098999738693237
Training round: 575		accuracy = 0.12620000541210175
Training round: 576		accuracy = 0.1111999973654747
Training round: 577		accuracy = 0.23739999532699585
Training round: 578		accuracy = 0.6195999979972839
Training round: 579		accuracy = 0.14650000631809235
Training round: 580		accuracy = 0.5151000022888184
Training round: 581		accuracy = 0.11270000040531158
Training round: 582		accuracy = 0.12770000100135803
Training round: 583		accuracy = 0.17090000212192535
Training round: 584		accuracy = 0.6129999756813049
Training round: 585		accuracy = 0.1307000070810318
Training round: 586		accuracy = 0.6446999907493591
Training round: 587		accuracy = 0.148499995470047
Training round: 588		accuracy = 0.18000000715255737
Training round: 589		accuracy = 0.18449999392032623
Training round: 590		accuracy = 0.5353999733924866
Training round: 591		accuracy = 0.1274999976158142
Training round: 592		accuracy = 0.6022999882698059
Training round: 593		accuracy = 0.4242999851703644
Training round: 594		accuracy = 0.15569999814033508
Training round: 595		accuracy = 0.593999981880188
Training round: 596		accuracy = 0.2287999987602234
Training round: 597		accuracy = 0.2053000032901764
Training round: 598		accuracy = 0.20730000734329224
Training round: 599		accuracy = 0.1535000056028366
Training round: 600		accuracy = 0.24969999492168427
Training round: 601		accuracy = 0.12890000641345978
Training round: 602		accuracy = 0.6176999807357788
Training round: 603		accuracy = 0.2498999983072281
Training round: 604		accuracy = 0.5063999891281128
Training round: 605		accuracy = 0.5058000087738037
Training round: 606		accuracy = 0.11829999834299088
Training round: 607		accuracy = 0.19979999959468842
Training round: 608		accuracy = 0.515999972820282
Training round: 609		accuracy = 0.16940000653266907
Training round: 610		accuracy = 0.20489999651908875
Training round: 611		accuracy = 0.525600016117096
Training round: 612		accuracy = 0.5873000025749207
Training round: 613		accuracy = 0.1307000070810318
Training round: 614		accuracy = 0.459199994802475
Training round: 615		accuracy = 0.4925000071525574
Training round: 616		accuracy = 0.09849999845027924
Training round: 617		accuracy = 0.18780000507831573
Training round: 618		accuracy = 0.13410000503063202
Training round: 619		accuracy = 0.17350000143051147
Training round: 620		accuracy = 0.16619999706745148
Training round: 621		accuracy = 0.1534000039100647
Training round: 622		accuracy = 0.13779999315738678
Training round: 623		accuracy = 0.5561000108718872
Training round: 624		accuracy = 0.20149999856948853
Training round: 625		accuracy = 0.5302000045776367
Training round: 626		accuracy = 0.2630000114440918
Training round: 627		accuracy = 0.2249000072479248
Training round: 628		accuracy = 0.1899999976158142
Training round: 629		accuracy = 0.49399998784065247
Training round: 630		accuracy = 0.1298999935388565
Training round: 631		accuracy = 0.19869999587535858
Training round: 632		accuracy = 0.11069999635219574
Training round: 633		accuracy = 0.1080000028014183
Training round: 634		accuracy = 0.4943999946117401
Training round: 635		accuracy = 0.20360000431537628
Training round: 636		accuracy = 0.17180000245571136
Training round: 637		accuracy = 0.14090000092983246
Training round: 638		accuracy = 0.6055999994277954
Training round: 639		accuracy = 0.13279999792575836
Training round: 640		accuracy = 0.476500004529953
Training round: 641		accuracy = 0.13529999554157257
Training round: 642		accuracy = 0.12160000205039978
Training round: 643		accuracy = 0.6043999791145325
Training round: 644		accuracy = 0.5871999859809875
Training round: 645		accuracy = 0.46540001034736633
Training round: 646		accuracy = 0.10490000247955322
Training round: 647		accuracy = 0.14390000700950623
Training round: 648		accuracy = 0.10909999907016754
Training round: 649		accuracy = 0.1428000032901764
Training round: 650		accuracy = 0.6085000038146973
Training round: 651		accuracy = 0.17649999260902405
Training round: 652		accuracy = 0.18490000069141388
Training round: 653		accuracy = 0.20569999516010284
Training round: 654		accuracy = 0.18469999730587006
Training round: 655		accuracy = 0.1274999976158142
Training round: 656		accuracy = 0.1437000036239624
Training round: 657		accuracy = 0.14030000567436218
Training round: 658		accuracy = 0.5471000075340271
Training round: 659		accuracy = 0.14100000262260437
Training round: 660		accuracy = 0.4855000078678131
Training round: 661		accuracy = 0.2013999968767166
Training round: 662		accuracy = 0.18520000576972961
Training round: 663		accuracy = 0.09510000050067902
Training round: 664		accuracy = 0.6660000085830688
Training round: 665		accuracy = 0.5084999799728394
Training round: 666		accuracy = 0.5056999921798706
Training round: 667		accuracy = 0.22360000014305115
Training round: 668		accuracy = 0.17239999771118164
Training round: 669		accuracy = 0.21739999949932098
Training round: 670		accuracy = 0.5196999907493591
Training round: 671		accuracy = 0.2741999924182892
Training round: 672		accuracy = 0.16529999673366547
Training round: 673		accuracy = 0.20819999277591705
Training round: 674		accuracy = 0.6358000040054321
Training round: 675		accuracy = 0.2290000021457672
Training round: 676		accuracy = 0.6061000227928162
Training round: 677		accuracy = 0.10459999740123749
Training round: 678		accuracy = 0.1665000021457672
Training round: 679		accuracy = 0.4896000027656555
Training round: 680		accuracy = 0.14429999887943268
Training round: 681		accuracy = 0.5062999725341797
Training round: 682		accuracy = 0.1378999948501587
Training round: 683		accuracy = 0.16680000722408295
Training round: 684		accuracy = 0.1340000033378601
Training round: 685		accuracy = 0.48660001158714294
Training round: 686		accuracy = 0.6111000180244446
Training round: 687		accuracy = 0.2694000005722046
Training round: 688		accuracy = 0.125
Training round: 689		accuracy = 0.14800000190734863
Training round: 690		accuracy = 0.22370000183582306
Training round: 691		accuracy = 0.6492999792098999
Training round: 692		accuracy = 0.5960999727249146
Training round: 693		accuracy = 0.6111000180244446
Training round: 694		accuracy = 0.5907999873161316
Training round: 695		accuracy = 0.1648000031709671
Training round: 696		accuracy = 0.48350000381469727
Training round: 697		accuracy = 0.4823000133037567
Training round: 698		accuracy = 0.20419999957084656
Training round: 699		accuracy = 0.12210000306367874
Training round: 700		accuracy = 0.11150000244379044
Training round: 701		accuracy = 0.10140000283718109
Training round: 702		accuracy = 0.1031000018119812
Training round: 703		accuracy = 0.5310999751091003
Training round: 704		accuracy = 0.12759999930858612
Training round: 705		accuracy = 0.15710000693798065
Training round: 706		accuracy = 0.5547000169754028
Training round: 707		accuracy = 0.1339000016450882
Training round: 708		accuracy = 0.6103000044822693
Training round: 709		accuracy = 0.131400004029274
Training round: 710		accuracy = 0.14180000126361847
Training round: 711		accuracy = 0.10400000214576721
Training round: 712		accuracy = 0.6195999979972839
Training round: 713		accuracy = 0.6424999833106995
Training round: 714		accuracy = 0.21709999442100525
Training round: 715		accuracy = 0.12049999833106995
Training round: 716		accuracy = 0.15330000221729279
Training round: 717		accuracy = 0.6212000250816345
Training round: 718		accuracy = 0.23070000112056732
Training round: 719		accuracy = 0.5385000109672546
Training round: 720		accuracy = 0.20389999449253082
Training round: 721		accuracy = 0.1720000058412552
Training round: 722		accuracy = 0.4754999876022339
Training round: 723		accuracy = 0.1421000063419342
Training round: 724		accuracy = 0.11259999871253967
Training round: 725		accuracy = 0.5062000155448914
Training round: 726		accuracy = 0.11829999834299088
Training round: 727		accuracy = 0.1136000007390976
Training round: 728		accuracy = 0.6159999966621399
Training round: 729		accuracy = 0.26330000162124634
Training round: 730		accuracy = 0.608299970626831
Training round: 731		accuracy = 0.6502000093460083
Training round: 732		accuracy = 0.13210000097751617
Training round: 733		accuracy = 0.4706000089645386
Training round: 734		accuracy = 0.1136000007390976
Training round: 735		accuracy = 0.6621999740600586
Training round: 736		accuracy = 0.5885000228881836
Training round: 737		accuracy = 0.6412000060081482
Training round: 738		accuracy = 0.57669997215271
Training round: 739		accuracy = 0.12200000137090683
Training round: 740		accuracy = 0.6011999845504761
Training round: 741		accuracy = 0.5110999941825867
Training round: 742		accuracy = 0.6711000204086304
Training round: 743		accuracy = 0.6133999824523926
Training round: 744		accuracy = 0.12240000069141388
Training round: 745		accuracy = 0.5995000004768372
Training round: 746		accuracy = 0.24330000579357147
Training round: 747		accuracy = 0.6137999892234802
Training round: 748		accuracy = 0.26420000195503235
Training round: 749		accuracy = 0.12359999865293503
Training round: 750		accuracy = 0.6004999876022339
Training round: 751		accuracy = 0.1445000022649765
Training round: 752		accuracy = 0.14630000293254852
Training round: 753		accuracy = 0.17059999704360962
Training round: 754		accuracy = 0.12620000541210175
Training round: 755		accuracy = 0.12620000541210175
Training round: 756		accuracy = 0.23309999704360962
Training round: 757		accuracy = 0.4925000071525574
Training round: 758		accuracy = 0.6032999753952026
Training round: 759		accuracy = 0.13379999995231628
Training round: 760		accuracy = 0.6599000096321106
Training round: 761		accuracy = 0.18539999425411224
Training round: 762		accuracy = 0.1696999967098236
Training round: 763		accuracy = 0.6442000269889832
Training round: 764		accuracy = 0.15219999849796295
Training round: 765		accuracy = 0.20360000431537628
Training round: 766		accuracy = 0.188400000333786
Training round: 767		accuracy = 0.16269999742507935
Training round: 768		accuracy = 0.4659000039100647
Training round: 769		accuracy = 0.6467000246047974
Training round: 770		accuracy = 0.45190000534057617
Training round: 771		accuracy = 0.3982999920845032
Training round: 772		accuracy = 0.1784999966621399
Training round: 773		accuracy = 0.20909999310970306
Training round: 774		accuracy = 0.4481000006198883
Training round: 775		accuracy = 0.14350000023841858
Training round: 776		accuracy = 0.6514000296592712
Training round: 777		accuracy = 0.1785999983549118
Training round: 778		accuracy = 0.10809999704360962
Training round: 779		accuracy = 0.4959999918937683
Training round: 780		accuracy = 0.504800021648407
Training round: 781		accuracy = 0.1500999927520752
Training round: 782		accuracy = 0.15449999272823334
Training round: 783		accuracy = 0.4821000099182129
Training round: 784		accuracy = 0.6520000100135803
Training round: 785		accuracy = 0.6126999855041504
Training round: 786		accuracy = 0.6675999760627747
Training round: 787		accuracy = 0.288100004196167
Training round: 788		accuracy = 0.181099995970726
Training round: 789		accuracy = 0.1728000044822693
Training round: 790		accuracy = 0.5770000219345093
Training round: 791		accuracy = 0.49129998683929443
Training round: 792		accuracy = 0.38670000433921814
Training round: 793		accuracy = 0.5012999773025513
Training round: 794		accuracy = 0.4851999878883362
Training round: 795		accuracy = 0.17659999430179596
Training round: 796		accuracy = 0.16410000622272491
Training round: 797		accuracy = 0.6110000014305115
Training round: 798		accuracy = 0.14030000567436218
Training round: 799		accuracy = 0.5841000080108643
Training round: 800		accuracy = 0.11860000342130661
Training round: 801		accuracy = 0.47839999198913574
Training round: 802		accuracy = 0.13099999725818634
Training round: 803		accuracy = 0.671500027179718
Training round: 804		accuracy = 0.49410000443458557
Training round: 805		accuracy = 0.3792000114917755
Training round: 806		accuracy = 0.2029999941587448
Training round: 807		accuracy = 0.1460999995470047
Training round: 808		accuracy = 0.14259999990463257
Training round: 809		accuracy = 0.6585999727249146
Training round: 810		accuracy = 0.11309999972581863
Training round: 811		accuracy = 0.6039000153541565
Training round: 812		accuracy = 0.13600000739097595
Training round: 813		accuracy = 0.5033000111579895
Training round: 814		accuracy = 0.4056999981403351
Training round: 815		accuracy = 0.1354999989271164
Training round: 816		accuracy = 0.1460999995470047
Training round: 817		accuracy = 0.15320000052452087
Training round: 818		accuracy = 0.11789999902248383
Training round: 819		accuracy = 0.13699999451637268
Training round: 820		accuracy = 0.47769999504089355
Training round: 821		accuracy = 0.6570000052452087
Training round: 822		accuracy = 0.579200029373169
Training round: 823		accuracy = 0.4284000098705292
Training round: 824		accuracy = 0.66839998960495
Training round: 825		accuracy = 0.559499979019165
Training round: 826		accuracy = 0.5666999816894531
Training round: 827		accuracy = 0.5799000263214111
Training round: 828		accuracy = 0.4043000042438507
Training round: 829		accuracy = 0.1216999962925911
Training round: 830		accuracy = 0.6355999708175659
Training round: 831		accuracy = 0.15459999442100525
Training round: 832		accuracy = 0.12800000607967377
Training round: 833		accuracy = 0.24950000643730164
Training round: 834		accuracy = 0.45820000767707825
Training round: 835		accuracy = 0.2337999939918518
Training round: 836		accuracy = 0.1590999960899353
Training round: 837		accuracy = 0.6567999720573425
Training round: 838		accuracy = 0.6355000138282776
Training round: 839		accuracy = 0.4693000018596649
Training round: 840		accuracy = 0.16419999301433563
Training round: 841		accuracy = 0.15700000524520874
Training round: 842		accuracy = 0.15070000290870667
Training round: 843		accuracy = 0.5695000290870667
Training round: 844		accuracy = 0.41920000314712524
Training round: 845		accuracy = 0.10890000313520432
Training round: 846		accuracy = 0.42750000953674316
Training round: 847		accuracy = 0.3986999988555908
Training round: 848		accuracy = 0.4611000120639801
Training round: 849		accuracy = 0.1468999981880188
Training round: 850		accuracy = 0.4812999963760376
Training round: 851		accuracy = 0.17739999294281006
Training round: 852		accuracy = 0.46470001339912415
Training round: 853		accuracy = 0.1459999978542328
Training round: 854		accuracy = 0.592199981212616
Training round: 855		accuracy = 0.6294000148773193
Training round: 856		accuracy = 0.6444000005722046
Training round: 857		accuracy = 0.5482000112533569
Training round: 858		accuracy = 0.14990000426769257
Training round: 859		accuracy = 0.17470000684261322
Training round: 860		accuracy = 0.133200004696846
Training round: 861		accuracy = 0.12449999898672104
Training round: 862		accuracy = 0.5945000052452087
Training round: 863		accuracy = 0.19140000641345978
Training round: 864		accuracy = 0.11819999665021896
Training round: 865		accuracy = 0.1307000070810318
Training round: 866		accuracy = 0.6703000068664551
Training round: 867		accuracy = 0.18629999458789825
Training round: 868		accuracy = 0.11330000311136246
Training round: 869		accuracy = 0.16380000114440918
Training round: 870		accuracy = 0.41190001368522644
Training round: 871		accuracy = 0.13130000233650208
Training round: 872		accuracy = 0.17649999260902405
Training round: 873		accuracy = 0.41999998688697815
Training round: 874		accuracy = 0.17100000381469727
Training round: 875		accuracy = 0.4316999912261963
Training round: 876		accuracy = 0.4339999854564667
Training round: 877		accuracy = 0.5896000266075134
Training round: 878		accuracy = 0.1316000074148178
Training round: 879		accuracy = 0.10729999840259552
Training round: 880		accuracy = 0.1436000019311905
Training round: 881		accuracy = 0.4706000089645386
Training round: 882		accuracy = 0.15860000252723694
Training round: 883		accuracy = 0.10400000214576721
Training round: 884		accuracy = 0.1265999972820282
Training round: 885		accuracy = 0.15610000491142273
Training round: 886		accuracy = 0.44760000705718994
Training round: 887		accuracy = 0.10350000113248825
Training round: 888		accuracy = 0.6226999759674072
Training round: 889		accuracy = 0.12430000305175781
Training round: 890		accuracy = 0.4779999852180481
Training round: 891		accuracy = 0.11620000004768372
Training round: 892		accuracy = 0.14499999582767487
Training round: 893		accuracy = 0.10440000146627426
Training round: 894		accuracy = 0.4909000098705292
Training round: 895		accuracy = 0.12600000202655792
Training round: 896		accuracy = 0.46869999170303345
Training round: 897		accuracy = 0.16259999573230743
Training round: 898		accuracy = 0.1703999936580658
Training round: 899		accuracy = 0.12250000238418579
Training round: 900		accuracy = 0.16619999706745148
Training round: 901		accuracy = 0.14990000426769257
Training round: 902		accuracy = 0.14990000426769257
Training round: 903		accuracy = 0.12399999797344208
Training round: 904		accuracy = 0.5230000019073486
Training round: 905		accuracy = 0.22830000519752502
Training round: 906		accuracy = 0.12870000302791595
Training round: 907		accuracy = 0.6525999903678894
Training round: 908		accuracy = 0.20900000631809235
Training round: 909		accuracy = 0.1404000073671341
Training round: 910		accuracy = 0.475600004196167
Training round: 911		accuracy = 0.10639999806880951
Training round: 912		accuracy = 0.19930000603199005
Training round: 913		accuracy = 0.6168000102043152
Training round: 914		accuracy = 0.590499997138977
Training round: 915		accuracy = 0.11100000143051147
Training round: 916		accuracy = 0.12020000070333481
Training round: 917		accuracy = 0.16120000183582306
Training round: 918		accuracy = 0.11349999904632568
Training round: 919		accuracy = 0.1331000030040741
Training round: 920		accuracy = 0.14990000426769257
Training round: 921		accuracy = 0.1445000022649765
Training round: 922		accuracy = 0.5005000233650208
Training round: 923		accuracy = 0.1339000016450882
Training round: 924		accuracy = 0.13210000097751617
Training round: 925		accuracy = 0.181099995970726
Training round: 926		accuracy = 0.41290000081062317
Training round: 927		accuracy = 0.14820000529289246
Training round: 928		accuracy = 0.12129999697208405
Training round: 929		accuracy = 0.501800000667572
Training round: 930		accuracy = 0.607200026512146
Training round: 931		accuracy = 0.45829999446868896
Training round: 932		accuracy = 0.4212000072002411
Training round: 933		accuracy = 0.1445000022649765
Training round: 934		accuracy = 0.1225999966263771
Training round: 935		accuracy = 0.1339000016450882
Training round: 936		accuracy = 0.20080000162124634
Training round: 937		accuracy = 0.16509999334812164
Training round: 938		accuracy = 0.14059999585151672
Training round: 939		accuracy = 0.12870000302791595
Training round: 940		accuracy = 0.6097999811172485
Training round: 941		accuracy = 0.4788999855518341
Training round: 942		accuracy = 0.1316000074148178
Training round: 943		accuracy = 0.1316000074148178
Training round: 944		accuracy = 0.18889999389648438
Training round: 945		accuracy = 0.1704999953508377
Training round: 946		accuracy = 0.10670000314712524
Training round: 947		accuracy = 0.17679999768733978
Training round: 948		accuracy = 0.19189999997615814
Training round: 949		accuracy = 0.512499988079071
Training round: 950		accuracy = 0.18299999833106995
Training round: 951		accuracy = 0.6485999822616577
Training round: 952		accuracy = 0.2809999883174896
Training round: 953		accuracy = 0.4675000011920929
Training round: 954		accuracy = 0.4474000036716461
Training round: 955		accuracy = 0.4065999984741211
Training round: 956		accuracy = 0.6489999890327454
Training round: 957		accuracy = 0.14159999787807465
Training round: 958		accuracy = 0.11339999735355377
Training round: 959		accuracy = 0.19120000302791595
Training round: 960		accuracy = 0.5898000001907349
Training round: 961		accuracy = 0.19300000369548798
Training round: 962		accuracy = 0.12479999661445618
Training round: 963		accuracy = 0.17020000517368317
Training round: 964		accuracy = 0.11990000307559967
Training round: 965		accuracy = 0.15719999372959137
Training round: 966		accuracy = 0.19789999723434448
Training round: 967		accuracy = 0.6557999849319458
Training round: 968		accuracy = 0.14110000431537628
Training round: 969		accuracy = 0.16949999332427979
Training round: 970		accuracy = 0.6347000002861023
Training round: 971		accuracy = 0.5756999850273132
Training round: 972		accuracy = 0.16030000150203705
Training round: 973		accuracy = 0.10689999908208847
Training round: 974		accuracy = 0.12120000272989273
Training round: 975		accuracy = 0.19480000436306
Training round: 976		accuracy = 0.1842000037431717
Training round: 977		accuracy = 0.10080000013113022
Training round: 978		accuracy = 0.10540000349283218
Training round: 979		accuracy = 0.1039000004529953
Training round: 980		accuracy = 0.13979999721050262
Training round: 981		accuracy = 0.12280000001192093
Training round: 982		accuracy = 0.6074000000953674
Training round: 983		accuracy = 0.10189999639987946
Training round: 984		accuracy = 0.41769999265670776
Training round: 985		accuracy = 0.12120000272989273
Training round: 986		accuracy = 0.17499999701976776
Training round: 987		accuracy = 0.6251000165939331
Training round: 988		accuracy = 0.14470000565052032
Training round: 989		accuracy = 0.40799999237060547
Training round: 990		accuracy = 0.15230000019073486
Training round: 991		accuracy = 0.4767000079154968
Training round: 992		accuracy = 0.43639999628067017
Training round: 993		accuracy = 0.09640000015497208
Training round: 994		accuracy = 0.6510999798774719
Training round: 995		accuracy = 0.10999999940395355
Training round: 996		accuracy = 0.11129999905824661
Training round: 997		accuracy = 0.1476999968290329
Training round: 998		accuracy = 0.07980000227689743
Training round: 999		accuracy = 0.09549999982118607
Training round: 1000		accuracy = 0.13729999959468842
Training duration 10083.271440982819
