2021-08-11 05:43:56.672075: I tensorflow/stream_executor/platform/default/dso_loader.cc:49] Successfully opened dynamic library libcudart.so.11.0
2021-08-11 05:44:00.558088: I tensorflow/compiler/jit/xla_cpu_device.cc:41] Not creating XLA devices, tf_xla_enable_xla_devices not set
2021-08-11 05:44:00.560372: I tensorflow/stream_executor/platform/default/dso_loader.cc:49] Successfully opened dynamic library libcuda.so.1
2021-08-11 05:44:00.613860: I tensorflow/core/common_runtime/gpu/gpu_device.cc:1720] Found device 0 with properties: 
pciBusID: 0000:1d:00.0 name: Tesla V100-SXM2-16GB computeCapability: 7.0
coreClock: 1.53GHz coreCount: 80 deviceMemorySize: 15.78GiB deviceMemoryBandwidth: 836.37GiB/s
2021-08-11 05:44:00.613909: I tensorflow/stream_executor/platform/default/dso_loader.cc:49] Successfully opened dynamic library libcudart.so.11.0
2021-08-11 05:44:00.624422: I tensorflow/stream_executor/platform/default/dso_loader.cc:49] Successfully opened dynamic library libcublas.so.11
2021-08-11 05:44:00.624494: I tensorflow/stream_executor/platform/default/dso_loader.cc:49] Successfully opened dynamic library libcublasLt.so.11
2021-08-11 05:44:00.629723: I tensorflow/stream_executor/platform/default/dso_loader.cc:49] Successfully opened dynamic library libcufft.so.10
2021-08-11 05:44:00.632081: I tensorflow/stream_executor/platform/default/dso_loader.cc:49] Successfully opened dynamic library libcurand.so.10
2021-08-11 05:44:00.640225: I tensorflow/stream_executor/platform/default/dso_loader.cc:49] Successfully opened dynamic library libcusolver.so.10
2021-08-11 05:44:00.642368: I tensorflow/stream_executor/platform/default/dso_loader.cc:49] Successfully opened dynamic library libcusparse.so.11
2021-08-11 05:44:00.642936: I tensorflow/stream_executor/platform/default/dso_loader.cc:49] Successfully opened dynamic library libcudnn.so.8
2021-08-11 05:44:00.644607: I tensorflow/core/common_runtime/gpu/gpu_device.cc:1862] Adding visible gpu devices: 0
2021-08-11 05:44:00.645194: I tensorflow/core/platform/cpu_feature_guard.cc:142] This TensorFlow binary is optimized with oneAPI Deep Neural Network Library (oneDNN) to use the following CPU instructions in performance-critical operations:  AVX2 AVX512F FMA
To enable them in other operations, rebuild TensorFlow with the appropriate compiler flags.
2021-08-11 05:44:00.645383: I tensorflow/compiler/jit/xla_gpu_device.cc:99] Not creating XLA devices, tf_xla_enable_xla_devices not set
2021-08-11 05:44:00.646289: I tensorflow/core/common_runtime/gpu/gpu_device.cc:1720] Found device 0 with properties: 
pciBusID: 0000:1d:00.0 name: Tesla V100-SXM2-16GB computeCapability: 7.0
coreClock: 1.53GHz coreCount: 80 deviceMemorySize: 15.78GiB deviceMemoryBandwidth: 836.37GiB/s
2021-08-11 05:44:00.646322: I tensorflow/stream_executor/platform/default/dso_loader.cc:49] Successfully opened dynamic library libcudart.so.11.0
2021-08-11 05:44:00.646339: I tensorflow/stream_executor/platform/default/dso_loader.cc:49] Successfully opened dynamic library libcublas.so.11
2021-08-11 05:44:00.646354: I tensorflow/stream_executor/platform/default/dso_loader.cc:49] Successfully opened dynamic library libcublasLt.so.11
2021-08-11 05:44:00.646367: I tensorflow/stream_executor/platform/default/dso_loader.cc:49] Successfully opened dynamic library libcufft.so.10
2021-08-11 05:44:00.646381: I tensorflow/stream_executor/platform/default/dso_loader.cc:49] Successfully opened dynamic library libcurand.so.10
2021-08-11 05:44:00.646394: I tensorflow/stream_executor/platform/default/dso_loader.cc:49] Successfully opened dynamic library libcusolver.so.10
2021-08-11 05:44:00.646408: I tensorflow/stream_executor/platform/default/dso_loader.cc:49] Successfully opened dynamic library libcusparse.so.11
2021-08-11 05:44:00.646432: I tensorflow/stream_executor/platform/default/dso_loader.cc:49] Successfully opened dynamic library libcudnn.so.8
2021-08-11 05:44:00.647961: I tensorflow/core/common_runtime/gpu/gpu_device.cc:1862] Adding visible gpu devices: 0
2021-08-11 05:44:00.648000: I tensorflow/stream_executor/platform/default/dso_loader.cc:49] Successfully opened dynamic library libcudart.so.11.0
2021-08-11 05:44:01.218092: I tensorflow/core/common_runtime/gpu/gpu_device.cc:1261] Device interconnect StreamExecutor with strength 1 edge matrix:
2021-08-11 05:44:01.218177: I tensorflow/core/common_runtime/gpu/gpu_device.cc:1267]      0 
2021-08-11 05:44:01.218192: I tensorflow/core/common_runtime/gpu/gpu_device.cc:1280] 0:   N 
2021-08-11 05:44:01.220789: I tensorflow/core/common_runtime/gpu/gpu_device.cc:1406] Created TensorFlow device (/job:localhost/replica:0/task:0/device:GPU:0 with 14761 MB memory) -> physical GPU (device: 0, name: Tesla V100-SXM2-16GB, pci bus id: 0000:1d:00.0, compute capability: 7.0)
2021-08-11 05:44:01.729949: I tensorflow/compiler/mlir/mlir_graph_optimization_pass.cc:116] None of the MLIR optimization passes are enabled (registered 2)
2021-08-11 05:44:01.730663: I tensorflow/core/platform/profile_utils/cpu_utils.cc:112] CPU Frequency: 2400000000 Hz
2021-08-11 05:44:02.136644: I tensorflow/stream_executor/platform/default/dso_loader.cc:49] Successfully opened dynamic library libcublas.so.11
2021-08-11 05:44:02.593481: I tensorflow/stream_executor/platform/default/dso_loader.cc:49] Successfully opened dynamic library libcublasLt.so.11
2021-08-11 05:44:02.595562: I tensorflow/stream_executor/platform/default/dso_loader.cc:49] Successfully opened dynamic library libcudnn.so.8
2021-08-11 05:44:04.822725: W tensorflow/stream_executor/gpu/asm_compiler.cc:63] Running ptxas --version returned 256
2021-08-11 05:44:04.879254: W tensorflow/stream_executor/gpu/redzone_allocator.cc:314] Internal: ptxas exited with non-zero error code 256, output: 
Relying on driver to perform ptx compilation. 
Modify $PATH to customize ptxas location.
This message will be only logged once.
DeleteMutator started.
DeleteMutator finished.
Training round: 1		accuracy = 0.10000000149011612
Training round: 2		accuracy = 0.10130000114440918
Training round: 3		accuracy = 0.10719999670982361
Training round: 4		accuracy = 0.10040000081062317
Training round: 5		accuracy = 0.11810000240802765
Training round: 6		accuracy = 0.10440000146627426
Training round: 7		accuracy = 0.10140000283718109
Training round: 8		accuracy = 0.12129999697208405
Training round: 9		accuracy = 0.1111999973654747
Training round: 10		accuracy = 0.09989999979734421
Training round: 11		accuracy = 0.10019999742507935
Training round: 12		accuracy = 0.14579999446868896
Training round: 13		accuracy = 0.16210000216960907
Training round: 14		accuracy = 0.14229999482631683
Training round: 15		accuracy = 0.19059999287128448
Training round: 16		accuracy = 0.16089999675750732
Training round: 17		accuracy = 0.17489999532699585
Training round: 18		accuracy = 0.1454000025987625
Training round: 19		accuracy = 0.13699999451637268
Training round: 20		accuracy = 0.16099999845027924
Training round: 21		accuracy = 0.17239999771118164
Training round: 22		accuracy = 0.21230000257492065
Training round: 23		accuracy = 0.21289999783039093
Training round: 24		accuracy = 0.16529999673366547
Training round: 25		accuracy = 0.218299999833107
Training round: 26		accuracy = 0.11050000041723251
Training round: 27		accuracy = 0.10540000349283218
Training round: 28		accuracy = 0.1136000007390976
Training round: 29		accuracy = 0.17489999532699585
Training round: 30		accuracy = 0.18809999525547028
Training round: 31		accuracy = 0.21559999883174896
Training round: 32		accuracy = 0.10289999842643738
Training round: 33		accuracy = 0.20649999380111694
Training round: 34		accuracy = 0.1347000002861023
Training round: 35		accuracy = 0.14669999480247498
Training round: 36		accuracy = 0.17810000479221344
Training round: 37		accuracy = 0.20509999990463257
Training round: 38		accuracy = 0.20960000157356262
Training round: 39		accuracy = 0.20720000565052032
Training round: 40		accuracy = 0.12630000710487366
Training round: 41		accuracy = 0.22280000150203705
Training round: 42		accuracy = 0.20250000059604645
Training round: 43		accuracy = 0.17389999330043793
Training round: 44		accuracy = 0.18060000240802765
Training round: 45		accuracy = 0.17560000717639923
Training round: 46		accuracy = 0.15360000729560852
Training round: 47		accuracy = 0.19529999792575836
Training round: 48		accuracy = 0.18160000443458557
Training round: 49		accuracy = 0.21170000731945038
Training round: 50		accuracy = 0.1518000066280365
Training round: 51		accuracy = 0.17820000648498535
Training round: 52		accuracy = 0.1867000013589859
Training round: 53		accuracy = 0.15539999306201935
Training round: 54		accuracy = 0.1818999946117401
Training round: 55		accuracy = 0.2249000072479248
Training round: 56		accuracy = 0.21850000321865082
Training round: 57		accuracy = 0.21389999985694885
Training round: 58		accuracy = 0.1899999976158142
Training round: 59		accuracy = 0.19949999451637268
Training round: 60		accuracy = 0.19859999418258667
Training round: 61		accuracy = 0.22370000183582306
Training round: 62		accuracy = 0.22139999270439148
Training round: 63		accuracy = 0.23510000109672546
Training round: 64		accuracy = 0.16279999911785126
Training round: 65		accuracy = 0.2282000035047531
Training round: 66		accuracy = 0.1826000064611435
Training round: 67		accuracy = 0.2011999934911728
Training round: 68		accuracy = 0.18070000410079956
Training round: 69		accuracy = 0.24160000681877136
Training round: 70		accuracy = 0.1858000010251999
Training round: 71		accuracy = 0.1876000016927719
Training round: 72		accuracy = 0.12970000505447388
Training round: 73		accuracy = 0.19979999959468842
Training round: 74		accuracy = 0.17589999735355377
Training round: 75		accuracy = 0.19370000064373016
Training round: 76		accuracy = 0.18379999697208405
Training round: 77		accuracy = 0.241799995303154
Training round: 78		accuracy = 0.1770000010728836
Training round: 79		accuracy = 0.24959999322891235
Training round: 80		accuracy = 0.20649999380111694
Training round: 81		accuracy = 0.16179999709129333
Training round: 82		accuracy = 0.22689999639987946
Training round: 83		accuracy = 0.19329999387264252
Training round: 84		accuracy = 0.17000000178813934
Training round: 85		accuracy = 0.2046000063419342
Training round: 86		accuracy = 0.24879999458789825
Training round: 87		accuracy = 0.21490000188350677
Training round: 88		accuracy = 0.23180000483989716
Training round: 89		accuracy = 0.19529999792575836
Training round: 90		accuracy = 0.19370000064373016
Training round: 91		accuracy = 0.22789999842643738
Training round: 92		accuracy = 0.2249000072479248
Training round: 93		accuracy = 0.23389999568462372
Training round: 94		accuracy = 0.2476000040769577
Training round: 95		accuracy = 0.19589999318122864
Training round: 96		accuracy = 0.1868000030517578
Training round: 97		accuracy = 0.19470000267028809
Training round: 98		accuracy = 0.25839999318122864
Training round: 99		accuracy = 0.24690000712871552
Training round: 100		accuracy = 0.2045000046491623
Training round: 101		accuracy = 0.25380000472068787
Training round: 102		accuracy = 0.2401999980211258
Training round: 103		accuracy = 0.195700004696846
Training round: 104		accuracy = 0.21359999477863312
Training round: 105		accuracy = 0.24490000307559967
Training round: 106		accuracy = 0.21410000324249268
Training round: 107		accuracy = 0.2363000065088272
Training round: 108		accuracy = 0.18790000677108765
Training round: 109		accuracy = 0.22040000557899475
Training round: 110		accuracy = 0.26190000772476196
Training round: 111		accuracy = 0.24169999361038208
Training round: 112		accuracy = 0.17810000479221344
Training round: 113		accuracy = 0.2637999951839447
Training round: 114		accuracy = 0.2574999928474426
Training round: 115		accuracy = 0.26460000872612
Training round: 116		accuracy = 0.21119999885559082
Training round: 117		accuracy = 0.2651999890804291
Training round: 118		accuracy = 0.21250000596046448
Training round: 119		accuracy = 0.27239999175071716
Training round: 120		accuracy = 0.21969999372959137
Training round: 121		accuracy = 0.24629999697208405
Training round: 122		accuracy = 0.2703999876976013
Training round: 123		accuracy = 0.27390000224113464
Training round: 124		accuracy = 0.22339999675750732
Training round: 125		accuracy = 0.27309998869895935
Training round: 126		accuracy = 0.2662000060081482
Training round: 127		accuracy = 0.2637999951839447
Training round: 128		accuracy = 0.2574999928474426
Training round: 129		accuracy = 0.25949999690055847
Training round: 130		accuracy = 0.26489999890327454
Training round: 131		accuracy = 0.26510000228881836
Training round: 132		accuracy = 0.27649998664855957
Training round: 133		accuracy = 0.25220000743865967
Training round: 134		accuracy = 0.2272000014781952
Training round: 135		accuracy = 0.25040000677108765
Training round: 136		accuracy = 0.27390000224113464
Training round: 137		accuracy = 0.22450000047683716
Training round: 138		accuracy = 0.24619999527931213
Training round: 139		accuracy = 0.2736999988555908
Training round: 140		accuracy = 0.29429998993873596
Training round: 141		accuracy = 0.23469999432563782
Training round: 142		accuracy = 0.23109999299049377
Training round: 143		accuracy = 0.26260000467300415
Training round: 144		accuracy = 0.23569999635219574
Training round: 145		accuracy = 0.2782000005245209
Training round: 146		accuracy = 0.18449999392032623
Training round: 147		accuracy = 0.24889999628067017
Training round: 148		accuracy = 0.295199990272522
Training round: 149		accuracy = 0.2847999930381775
Training round: 150		accuracy = 0.2736000120639801
Training round: 151		accuracy = 0.26669999957084656
Training round: 152		accuracy = 0.23839999735355377
Training round: 153		accuracy = 0.22990000247955322
Training round: 154		accuracy = 0.27630001306533813
Training round: 155		accuracy = 0.2671000063419342
Training round: 156		accuracy = 0.23999999463558197
Training round: 157		accuracy = 0.2711000144481659
Training round: 158		accuracy = 0.25609999895095825
Training round: 159		accuracy = 0.2694999873638153
Training round: 160		accuracy = 0.27000001072883606
Training round: 161		accuracy = 0.24549999833106995
Training round: 162		accuracy = 0.24979999661445618
Training round: 163		accuracy = 0.19460000097751617
Training round: 164		accuracy = 0.24050000309944153
Training round: 165		accuracy = 0.2906999886035919
Training round: 166		accuracy = 0.29330000281333923
Training round: 167		accuracy = 0.2476000040769577
Training round: 168		accuracy = 0.272599995136261
Training round: 169		accuracy = 0.30070000886917114
Training round: 170		accuracy = 0.2928999960422516
Training round: 171		accuracy = 0.28859999775886536
Training round: 172		accuracy = 0.26969999074935913
Training round: 173		accuracy = 0.30059999227523804
Training round: 174		accuracy = 0.24140000343322754
Training round: 175		accuracy = 0.2401999980211258
Training round: 176		accuracy = 0.2777999937534332
Training round: 177		accuracy = 0.22990000247955322
Training round: 178		accuracy = 0.24629999697208405
Training round: 179		accuracy = 0.25920000672340393
Training round: 180		accuracy = 0.2946000099182129
Training round: 181		accuracy = 0.2856999933719635
Training round: 182		accuracy = 0.30809998512268066
Training round: 183		accuracy = 0.2535000145435333
Training round: 184		accuracy = 0.22859999537467957
Training round: 185		accuracy = 0.2662000060081482
Training round: 186		accuracy = 0.3084000051021576
Training round: 187		accuracy = 0.28450000286102295
Training round: 188		accuracy = 0.29840001463890076
Training round: 189		accuracy = 0.2554999887943268
Training round: 190		accuracy = 0.27230000495910645
Training round: 191		accuracy = 0.3046000003814697
Training round: 192		accuracy = 0.2786000072956085
Training round: 193		accuracy = 0.2614000141620636
Training round: 194		accuracy = 0.2985000014305115
Training round: 195		accuracy = 0.2540000081062317
Training round: 196		accuracy = 0.27570000290870667
Training round: 197		accuracy = 0.26579999923706055
Training round: 198		accuracy = 0.27970001101493835
Training round: 199		accuracy = 0.2775999903678894
Training round: 200		accuracy = 0.2922999858856201
Training round: 201		accuracy = 0.25859999656677246
Training round: 202		accuracy = 0.3050999939441681
Training round: 203		accuracy = 0.28139999508857727
Training round: 204		accuracy = 0.24420000612735748
Training round: 205		accuracy = 0.28060001134872437
Training round: 206		accuracy = 0.29019999504089355
Training round: 207		accuracy = 0.2827000021934509
Training round: 208		accuracy = 0.2867000102996826
Training round: 209		accuracy = 0.2838999927043915
Training round: 210		accuracy = 0.27630001306533813
Training round: 211		accuracy = 0.2759999930858612
Training round: 212		accuracy = 0.2822999954223633
Training round: 213		accuracy = 0.2818000018596649
Training round: 214		accuracy = 0.2538999915122986
Training round: 215		accuracy = 0.2711000144481659
Training round: 216		accuracy = 0.2547000050544739
Training round: 217		accuracy = 0.3046000003814697
Training round: 218		accuracy = 0.3052999973297119
Training round: 219		accuracy = 0.28850001096725464
Training round: 220		accuracy = 0.30559998750686646
Training round: 221		accuracy = 0.29339998960494995
Training round: 222		accuracy = 0.32089999318122864
Training round: 223		accuracy = 0.3068999946117401
Training round: 224		accuracy = 0.25940001010894775
Training round: 225		accuracy = 0.2791000008583069
Training round: 226		accuracy = 0.25839999318122864
Training round: 227		accuracy = 0.25760000944137573
Training round: 228		accuracy = 0.2513999938964844
Training round: 229		accuracy = 0.296099990606308
Training round: 230		accuracy = 0.28439998626708984
Training round: 231		accuracy = 0.2791999876499176
Training round: 232		accuracy = 0.2973000109195709
Training round: 233		accuracy = 0.24899999797344208
Training round: 234		accuracy = 0.3061000108718872
Training round: 235		accuracy = 0.25360000133514404
Training round: 236		accuracy = 0.295199990272522
Training round: 237		accuracy = 0.2930999994277954
Training round: 238		accuracy = 0.27619999647140503
Training round: 239		accuracy = 0.3021000027656555
Training round: 240		accuracy = 0.2921000123023987
Training round: 241		accuracy = 0.298799991607666
Training round: 242		accuracy = 0.2782999873161316
Training round: 243		accuracy = 0.31279999017715454
Training round: 244		accuracy = 0.30230000615119934
Training round: 245		accuracy = 0.30059999227523804
Training round: 246		accuracy = 0.3070000112056732
Training round: 247		accuracy = 0.3059999942779541
Training round: 248		accuracy = 0.2939999997615814
Training round: 249		accuracy = 0.24950000643730164
Training round: 250		accuracy = 0.30790001153945923
Training round: 251		accuracy = 0.3012999892234802
Training round: 252		accuracy = 0.2759999930858612
Training round: 253		accuracy = 0.2897999882698059
Training round: 254		accuracy = 0.30959999561309814
Training round: 255		accuracy = 0.25679999589920044
Training round: 256		accuracy = 0.28769999742507935
Training round: 257		accuracy = 0.325300008058548
Training round: 258		accuracy = 0.28189998865127563
Training round: 259		accuracy = 0.26649999618530273
Training round: 260		accuracy = 0.2635999917984009
Training round: 261		accuracy = 0.2531999945640564
Training round: 262		accuracy = 0.3321000039577484
Training round: 263		accuracy = 0.28519999980926514
Training round: 264		accuracy = 0.3361000120639801
Training round: 265		accuracy = 0.31029999256134033
Training round: 266		accuracy = 0.2782000005245209
Training round: 267		accuracy = 0.2703999876976013
Training round: 268		accuracy = 0.29829999804496765
Training round: 269		accuracy = 0.3018999993801117
Training round: 270		accuracy = 0.3151000142097473
Training round: 271		accuracy = 0.30809998512268066
Training round: 272		accuracy = 0.29319998621940613
Training round: 273		accuracy = 0.27250000834465027
Training round: 274		accuracy = 0.32409998774528503
Training round: 275		accuracy = 0.29910001158714294
Training round: 276		accuracy = 0.3287999927997589
Training round: 277		accuracy = 0.24879999458789825
Training round: 278		accuracy = 0.31279999017715454
Training round: 279		accuracy = 0.2992999851703644
Training round: 280		accuracy = 0.2653999924659729
Training round: 281		accuracy = 0.3278999924659729
Training round: 282		accuracy = 0.3165000081062317
Training round: 283		accuracy = 0.2994999885559082
Training round: 284		accuracy = 0.3001999855041504
Training round: 285		accuracy = 0.33090001344680786
Training round: 286		accuracy = 0.2671000063419342
Training round: 287		accuracy = 0.32010000944137573
Training round: 288		accuracy = 0.326200008392334
Training round: 289		accuracy = 0.2906999886035919
Training round: 290		accuracy = 0.33340001106262207
Training round: 291		accuracy = 0.28999999165534973
Training round: 292		accuracy = 0.3089999854564667
Training round: 293		accuracy = 0.3052999973297119
Training round: 294		accuracy = 0.33340001106262207
Training round: 295		accuracy = 0.337799996137619
Training round: 296		accuracy = 0.31779998540878296
Training round: 297		accuracy = 0.3093999922275543
Training round: 298		accuracy = 0.313400000333786
Training round: 299		accuracy = 0.30799999833106995
Training round: 300		accuracy = 0.30140000581741333
Training round: 301		accuracy = 0.32190001010894775
Training round: 302		accuracy = 0.2921000123023987
Training round: 303		accuracy = 0.3269999921321869
Training round: 304		accuracy = 0.32179999351501465
Training round: 305		accuracy = 0.36059999465942383
Training round: 306		accuracy = 0.3181000053882599
Training round: 307		accuracy = 0.3434000015258789
Training round: 308		accuracy = 0.3278000056743622
Training round: 309		accuracy = 0.32440000772476196
Training round: 310		accuracy = 0.3172999918460846
Training round: 311		accuracy = 0.3046000003814697
Training round: 312		accuracy = 0.3158999979496002
Training round: 313		accuracy = 0.3425999879837036
Training round: 314		accuracy = 0.32850000262260437
Training round: 315		accuracy = 0.3269999921321869
Training round: 316		accuracy = 0.3357999920845032
Training round: 317		accuracy = 0.30649998784065247
Training round: 318		accuracy = 0.3100000023841858
Training round: 319		accuracy = 0.33340001106262207
Training round: 320		accuracy = 0.29980000853538513
Training round: 321		accuracy = 0.2825999855995178
Training round: 322		accuracy = 0.33799999952316284
Training round: 323		accuracy = 0.337799996137619
Training round: 324		accuracy = 0.35589998960494995
Training round: 325		accuracy = 0.33160001039505005
Training round: 326		accuracy = 0.314300000667572
Training round: 327		accuracy = 0.33320000767707825
Training round: 328		accuracy = 0.305400013923645
Training round: 329		accuracy = 0.3149000108242035
Training round: 330		accuracy = 0.3555999994277954
Training round: 331		accuracy = 0.3424000144004822
Training round: 332		accuracy = 0.32429999113082886
Training round: 333		accuracy = 0.3264000117778778
Training round: 334		accuracy = 0.2937000095844269
Training round: 335		accuracy = 0.2863999903202057
Training round: 336		accuracy = 0.3093000054359436
Training round: 337		accuracy = 0.30300000309944153
Training round: 338		accuracy = 0.3450999855995178
Training round: 339		accuracy = 0.31520000100135803
Training round: 340		accuracy = 0.3465999960899353
Training round: 341		accuracy = 0.3472000062465668
Training round: 342		accuracy = 0.3091000020503998
Training round: 343		accuracy = 0.29159998893737793
Training round: 344		accuracy = 0.2777999937534332
Training round: 345		accuracy = 0.3522000014781952
Training round: 346		accuracy = 0.3343000113964081
Training round: 347		accuracy = 0.3402999937534332
Training round: 348		accuracy = 0.3562999963760376
Training round: 349		accuracy = 0.3531000018119812
Training round: 350		accuracy = 0.2922999858856201
Training round: 351		accuracy = 0.29809999465942383
Training round: 352		accuracy = 0.3310999870300293
Training round: 353		accuracy = 0.28790000081062317
Training round: 354		accuracy = 0.3269999921321869
Training round: 355		accuracy = 0.3382999897003174
Training round: 356		accuracy = 0.33149999380111694
Training round: 357		accuracy = 0.26510000228881836
Training round: 358		accuracy = 0.35989999771118164
Training round: 359		accuracy = 0.335999995470047
Training round: 360		accuracy = 0.3231000006198883
Training round: 361		accuracy = 0.30959999561309814
Training round: 362		accuracy = 0.3474999964237213
Training round: 363		accuracy = 0.3321000039577484
Training round: 364		accuracy = 0.32190001010894775
Training round: 365		accuracy = 0.3450999855995178
Training round: 366		accuracy = 0.3517000079154968
Training round: 367		accuracy = 0.32089999318122864
Training round: 368		accuracy = 0.3515999913215637
Training round: 369		accuracy = 0.350600004196167
Training round: 370		accuracy = 0.3102000057697296
Training round: 371		accuracy = 0.3294000029563904
Training round: 372		accuracy = 0.3562999963760376
Training round: 373		accuracy = 0.28279998898506165
Training round: 374		accuracy = 0.3582000136375427
Training round: 375		accuracy = 0.32269999384880066
Training round: 376		accuracy = 0.3393999934196472
Training round: 377		accuracy = 0.34940001368522644
Training round: 378		accuracy = 0.34630000591278076
Training round: 379		accuracy = 0.3328999876976013
Training round: 380		accuracy = 0.31610000133514404
Training round: 381		accuracy = 0.22949999570846558
Training round: 382		accuracy = 0.303600013256073
Training round: 383		accuracy = 0.34299999475479126
Training round: 384		accuracy = 0.35530000925064087
Training round: 385		accuracy = 0.34769999980926514
Training round: 386		accuracy = 0.3483999967575073
Training round: 387		accuracy = 0.3278000056743622
Training round: 388		accuracy = 0.3336000144481659
Training round: 389		accuracy = 0.32760000228881836
Training round: 390		accuracy = 0.3328000009059906
Training round: 391		accuracy = 0.3393000066280365
Training round: 392		accuracy = 0.3359000086784363
Training round: 393		accuracy = 0.3465000092983246
Training round: 394		accuracy = 0.31380000710487366
Training round: 395		accuracy = 0.37290000915527344
Training round: 396		accuracy = 0.33880001306533813
Training round: 397		accuracy = 0.3255999982357025
Training round: 398		accuracy = 0.2946000099182129
Training round: 399		accuracy = 0.3465000092983246
Training round: 400		accuracy = 0.3540000021457672
Training round: 401		accuracy = 0.32120001316070557
Training round: 402		accuracy = 0.27549999952316284
Training round: 403		accuracy = 0.3628999888896942
Training round: 404		accuracy = 0.3630000054836273
Training round: 405		accuracy = 0.3684999942779541
Training round: 406		accuracy = 0.3662000000476837
Training round: 407		accuracy = 0.33340001106262207
Training round: 408		accuracy = 0.3767000138759613
Training round: 409		accuracy = 0.3086000084877014
Training round: 410		accuracy = 0.3684999942779541
Training round: 411		accuracy = 0.39169999957084656
Training round: 412		accuracy = 0.3384000062942505
Training round: 413		accuracy = 0.35830000042915344
Training round: 414		accuracy = 0.3596000075340271
Training round: 415		accuracy = 0.3668000102043152
Training round: 416		accuracy = 0.3562000095844269
Training round: 417		accuracy = 0.3594000041484833
Training round: 418		accuracy = 0.35760000348091125
Training round: 419		accuracy = 0.3529999852180481
Training round: 420		accuracy = 0.3303000032901764
Training round: 421		accuracy = 0.36010000109672546
Training round: 422		accuracy = 0.3732999861240387
Training round: 423		accuracy = 0.36550000309944153
Training round: 424		accuracy = 0.36419999599456787
Training round: 425		accuracy = 0.34200000762939453
Training round: 426		accuracy = 0.3580000102519989
Training round: 427		accuracy = 0.39879998564720154
Training round: 428		accuracy = 0.37540000677108765
Training round: 429		accuracy = 0.37720000743865967
Training round: 430		accuracy = 0.22509999573230743
Training round: 431		accuracy = 0.3441999852657318
Training round: 432		accuracy = 0.3215000033378601
Training round: 433		accuracy = 0.3384000062942505
Training round: 434		accuracy = 0.3903000056743622
Training round: 435		accuracy = 0.36149999499320984
Training round: 436		accuracy = 0.3402999937534332
Training round: 437		accuracy = 0.3846000134944916
Training round: 438		accuracy = 0.38510000705718994
Training round: 439		accuracy = 0.36820000410079956
Training round: 440		accuracy = 0.39719998836517334
Training round: 441		accuracy = 0.35089999437332153
Training round: 442		accuracy = 0.32919999957084656
Training round: 443		accuracy = 0.37549999356269836
Training round: 444		accuracy = 0.3707999885082245
Training round: 445		accuracy = 0.37209999561309814
Training round: 446		accuracy = 0.3833000063896179
Training round: 447		accuracy = 0.37709999084472656
Training round: 448		accuracy = 0.3515999913215637
Training round: 449		accuracy = 0.3544999957084656
Training round: 450		accuracy = 0.38339999318122864
Training round: 451		accuracy = 0.4106000065803528
Training round: 452		accuracy = 0.36980000138282776
Training round: 453		accuracy = 0.3052999973297119
Training round: 454		accuracy = 0.3151000142097473
Training round: 455		accuracy = 0.3569999933242798
Training round: 456		accuracy = 0.3312000036239624
Training round: 457		accuracy = 0.3621000051498413
Training round: 458		accuracy = 0.23819999396800995
Training round: 459		accuracy = 0.33739998936653137
Training round: 460		accuracy = 0.3278999924659729
Training round: 461		accuracy = 0.3573000133037567
Training round: 462		accuracy = 0.34700000286102295
Training round: 463		accuracy = 0.366100013256073
Training round: 464		accuracy = 0.37369999289512634
Training round: 465		accuracy = 0.31790000200271606
Training round: 466		accuracy = 0.3750999867916107
Training round: 467		accuracy = 0.30140000581741333
Training round: 468		accuracy = 0.2921999990940094
Training round: 469		accuracy = 0.39160001277923584
Training round: 470		accuracy = 0.36489999294281006
Training round: 471		accuracy = 0.35089999437332153
Training round: 472		accuracy = 0.3264999985694885
Training round: 473		accuracy = 0.3571000099182129
Training round: 474		accuracy = 0.38589999079704285
Training round: 475		accuracy = 0.4156999886035919
Training round: 476		accuracy = 0.36910000443458557
Training round: 477		accuracy = 0.3637999892234802
Training round: 478		accuracy = 0.3776000142097473
Training round: 479		accuracy = 0.3736000061035156
Training round: 480		accuracy = 0.36660000681877136
Training round: 481		accuracy = 0.39809998869895935
Training round: 482		accuracy = 0.3930000066757202
Training round: 483		accuracy = 0.4156999886035919
Training round: 484		accuracy = 0.28049999475479126
Training round: 485		accuracy = 0.36660000681877136
Training round: 486		accuracy = 0.3783000111579895
Training round: 487		accuracy = 0.36570000648498535
Training round: 488		accuracy = 0.36320000886917114
Training round: 489		accuracy = 0.3846000134944916
Training round: 490		accuracy = 0.34380000829696655
Training round: 491		accuracy = 0.3264000117778778
Training round: 492		accuracy = 0.400299996137619
Training round: 493		accuracy = 0.39469999074935913
Training round: 494		accuracy = 0.34459999203681946
Training round: 495		accuracy = 0.3752000033855438
Training round: 496		accuracy = 0.31619998812675476
Training round: 497		accuracy = 0.32249999046325684
Training round: 498		accuracy = 0.3605000078678131
Training round: 499		accuracy = 0.3781999945640564
Training round: 500		accuracy = 0.3492000102996826
Training round: 501		accuracy = 0.367900013923645
Training round: 502		accuracy = 0.3898000121116638
Training round: 503		accuracy = 0.38449999690055847
Training round: 504		accuracy = 0.40149998664855957
Training round: 505		accuracy = 0.38670000433921814
Training round: 506		accuracy = 0.36390000581741333
Training round: 507		accuracy = 0.35899999737739563
Training round: 508		accuracy = 0.3596999943256378
Training round: 509		accuracy = 0.3955000042915344
Training round: 510		accuracy = 0.36809998750686646
Training round: 511		accuracy = 0.36399999260902405
Training round: 512		accuracy = 0.39719998836517334
Training round: 513		accuracy = 0.4108000099658966
Training round: 514		accuracy = 0.3790000081062317
Training round: 515		accuracy = 0.3698999881744385
Training round: 516		accuracy = 0.3513000011444092
Training round: 517		accuracy = 0.3781000077724457
Training round: 518		accuracy = 0.3718999922275543
Training round: 519		accuracy = 0.3887999951839447
Training round: 520		accuracy = 0.40540000796318054
Training round: 521		accuracy = 0.38199999928474426
Training round: 522		accuracy = 0.387800008058548
Training round: 523		accuracy = 0.39070001244544983
Training round: 524		accuracy = 0.4147999882698059
Training round: 525		accuracy = 0.3750999867916107
Training round: 526		accuracy = 0.3779999911785126
Training round: 527		accuracy = 0.4302999973297119
Training round: 528		accuracy = 0.40849998593330383
Training round: 529		accuracy = 0.3853999972343445
Training round: 530		accuracy = 0.32249999046325684
Training round: 531		accuracy = 0.3946000039577484
Training round: 532		accuracy = 0.3723999857902527
Training round: 533		accuracy = 0.37700000405311584
Training round: 534		accuracy = 0.33079999685287476
Training round: 535		accuracy = 0.334199994802475
Training round: 536		accuracy = 0.40310001373291016
Training round: 537		accuracy = 0.41100001335144043
Training round: 538		accuracy = 0.36800000071525574
Training round: 539		accuracy = 0.40369999408721924
Training round: 540		accuracy = 0.3824000060558319
Training round: 541		accuracy = 0.3693000078201294
Training round: 542		accuracy = 0.38600000739097595
Training round: 543		accuracy = 0.37299999594688416
Training round: 544		accuracy = 0.367000013589859
Training round: 545		accuracy = 0.3693000078201294
Training round: 546		accuracy = 0.42080000042915344
Training round: 547		accuracy = 0.3698999881744385
Training round: 548		accuracy = 0.3855000138282776
Training round: 549		accuracy = 0.3901999890804291
Training round: 550		accuracy = 0.4196999967098236
Training round: 551		accuracy = 0.43059998750686646
Training round: 552		accuracy = 0.4020000100135803
Training round: 553		accuracy = 0.3898000121116638
Training round: 554		accuracy = 0.40959998965263367
Training round: 555		accuracy = 0.4138999879360199
Training round: 556		accuracy = 0.37700000405311584
Training round: 557		accuracy = 0.3874000012874603
Training round: 558		accuracy = 0.3610000014305115
Training round: 559		accuracy = 0.38100001215934753
Training round: 560		accuracy = 0.40689998865127563
Training round: 561		accuracy = 0.40689998865127563
Training round: 562		accuracy = 0.3935000002384186
Training round: 563		accuracy = 0.39419999718666077
Training round: 564		accuracy = 0.37369999289512634
Training round: 565		accuracy = 0.40869998931884766
Training round: 566		accuracy = 0.3995000123977661
Training round: 567		accuracy = 0.39559999108314514
Training round: 568		accuracy = 0.38019999861717224
Training round: 569		accuracy = 0.42809998989105225
Training round: 570		accuracy = 0.4323999881744385
Training round: 571		accuracy = 0.3856000006198883
Training round: 572		accuracy = 0.3928999900817871
Training round: 573		accuracy = 0.4316999912261963
Training round: 574		accuracy = 0.4122999906539917
Training round: 575		accuracy = 0.39879998564720154
Training round: 576		accuracy = 0.413100004196167
Training round: 577		accuracy = 0.4090000092983246
Training round: 578		accuracy = 0.20180000364780426
Training round: 579		accuracy = 0.38749998807907104
Training round: 580		accuracy = 0.37790000438690186
Training round: 581		accuracy = 0.39629998803138733
Training round: 582		accuracy = 0.4097999930381775
Training round: 583		accuracy = 0.3702000081539154
Training round: 584		accuracy = 0.39910000562667847
Training round: 585		accuracy = 0.3982999920845032
Training round: 586		accuracy = 0.36970001459121704
Training round: 587		accuracy = 0.39010000228881836
Training round: 588		accuracy = 0.3894999921321869
Training round: 589		accuracy = 0.3889999985694885
Training round: 590		accuracy = 0.4138999879360199
Training round: 591		accuracy = 0.4277999997138977
Training round: 592		accuracy = 0.4185999929904938
Training round: 593		accuracy = 0.435699999332428
Training round: 594		accuracy = 0.4260999858379364
Training round: 595		accuracy = 0.35179999470710754
Training round: 596		accuracy = 0.41760000586509705
Training round: 597		accuracy = 0.40070000290870667
Training round: 598		accuracy = 0.41110000014305115
Training round: 599		accuracy = 0.3939000070095062
Training round: 600		accuracy = 0.367900013923645
Training round: 601		accuracy = 0.36039999127388
Training round: 602		accuracy = 0.4041999876499176
Training round: 603		accuracy = 0.4352000057697296
Training round: 604		accuracy = 0.38670000433921814
Training round: 605		accuracy = 0.3993000090122223
Training round: 606		accuracy = 0.3495999872684479
Training round: 607		accuracy = 0.4259999990463257
Training round: 608		accuracy = 0.4307999908924103
Training round: 609		accuracy = 0.4120999872684479
Training round: 610		accuracy = 0.4027999937534332
Training round: 611		accuracy = 0.3912000060081482
Training round: 612		accuracy = 0.4097999930381775
Training round: 613		accuracy = 0.39890000224113464
Training round: 614		accuracy = 0.4438999891281128
Training round: 615		accuracy = 0.4198000133037567
Training round: 616		accuracy = 0.4278999865055084
Training round: 617		accuracy = 0.42089998722076416
Training round: 618		accuracy = 0.4359999895095825
Training round: 619		accuracy = 0.4490000009536743
Training round: 620		accuracy = 0.3986000120639801
Training round: 621		accuracy = 0.4431000053882599
Training round: 622		accuracy = 0.4489000141620636
Training round: 623		accuracy = 0.4456999897956848
Training round: 624		accuracy = 0.41990000009536743
Training round: 625		accuracy = 0.37790000438690186
Training round: 626		accuracy = 0.3937999904155731
Training round: 627		accuracy = 0.43130001425743103
Training round: 628		accuracy = 0.4043999910354614
Training round: 629		accuracy = 0.3917999863624573
Training round: 630		accuracy = 0.39739999175071716
Training round: 631		accuracy = 0.4345000088214874
Training round: 632		accuracy = 0.39329999685287476
Training round: 633		accuracy = 0.4530999958515167
Training round: 634		accuracy = 0.4104999899864197
Training round: 635		accuracy = 0.4375999867916107
Training round: 636		accuracy = 0.20489999651908875
Training round: 637		accuracy = 0.3481999933719635
Training round: 638		accuracy = 0.37310001254081726
Training round: 639		accuracy = 0.44020000100135803
Training round: 640		accuracy = 0.4260999858379364
Training round: 641		accuracy = 0.40149998664855957
Training round: 642		accuracy = 0.38999998569488525
Training round: 643		accuracy = 0.42739999294281006
Training round: 644		accuracy = 0.4147000014781952
Training round: 645		accuracy = 0.44190001487731934
Training round: 646		accuracy = 0.4156999886035919
Training round: 647		accuracy = 0.3424000144004822
Training round: 648		accuracy = 0.41690000891685486
Training round: 649		accuracy = 0.4309999942779541
Training round: 650		accuracy = 0.44909998774528503
Training round: 651		accuracy = 0.424699991941452
Training round: 652		accuracy = 0.4016999900341034
Training round: 653		accuracy = 0.3928000032901764
Training round: 654		accuracy = 0.41519999504089355
Training round: 655		accuracy = 0.40619999170303345
Training round: 656		accuracy = 0.424699991941452
Training round: 657		accuracy = 0.4066999852657318
Training round: 658		accuracy = 0.41260001063346863
Training round: 659		accuracy = 0.42980000376701355
Training round: 660		accuracy = 0.4115000069141388
Training round: 661		accuracy = 0.4284000098705292
Training round: 662		accuracy = 0.4269999861717224
Training round: 663		accuracy = 0.4189999997615814
Training round: 664		accuracy = 0.3903000056743622
Training round: 665		accuracy = 0.38280001282691956
Training round: 666		accuracy = 0.3919000029563904
Training round: 667		accuracy = 0.43939998745918274
Training round: 668		accuracy = 0.388700008392334
Training round: 669		accuracy = 0.3677999973297119
Training round: 670		accuracy = 0.41100001335144043
Training round: 671		accuracy = 0.3702999949455261
Training round: 672		accuracy = 0.41769999265670776
Training round: 673		accuracy = 0.4178999960422516
Training round: 674		accuracy = 0.4474000036716461
Training round: 675		accuracy = 0.4586000144481659
Training round: 676		accuracy = 0.4174000024795532
Training round: 677		accuracy = 0.39320001006126404
Training round: 678		accuracy = 0.4153999984264374
Training round: 679		accuracy = 0.4381999969482422
Training round: 680		accuracy = 0.4699000120162964
Training round: 681		accuracy = 0.40849998593330383
Training round: 682		accuracy = 0.4275999963283539
Training round: 683		accuracy = 0.42890000343322754
Training round: 684		accuracy = 0.4251999855041504
Training round: 685		accuracy = 0.44040000438690186
Training round: 686		accuracy = 0.24959999322891235
Training round: 687		accuracy = 0.29980000853538513
Training round: 688		accuracy = 0.4050000011920929
Training round: 689		accuracy = 0.3889000117778778
Training round: 690		accuracy = 0.4223000109195709
Training round: 691		accuracy = 0.44839999079704285
Training round: 692		accuracy = 0.38609999418258667
Training round: 693		accuracy = 0.4178999960422516
Training round: 694		accuracy = 0.45669999718666077
Training round: 695		accuracy = 0.41769999265670776
Training round: 696		accuracy = 0.3813999891281128
Training round: 697		accuracy = 0.421099990606308
Training round: 698		accuracy = 0.4325000047683716
Training round: 699		accuracy = 0.44769999384880066
Training round: 700		accuracy = 0.4415000081062317
Training round: 701		accuracy = 0.42750000953674316
Training round: 702		accuracy = 0.4122999906539917
Training round: 703		accuracy = 0.4074999988079071
Training round: 704		accuracy = 0.24950000643730164
Training round: 705		accuracy = 0.4018999934196472
Training round: 706		accuracy = 0.43320000171661377
Training round: 707		accuracy = 0.41440001130104065
Training round: 708		accuracy = 0.44350001215934753
Training round: 709		accuracy = 0.43230000138282776
Training round: 710		accuracy = 0.44130000472068787
Training round: 711		accuracy = 0.4438000023365021
Training round: 712		accuracy = 0.47360000014305115
Training round: 713		accuracy = 0.4413999915122986
Training round: 714		accuracy = 0.4115000069141388
Training round: 715		accuracy = 0.438400000333786
Training round: 716		accuracy = 0.4668000042438507
Training round: 717		accuracy = 0.44699999690055847
Training round: 718		accuracy = 0.4002000093460083
Training round: 719		accuracy = 0.26910001039505005
Training round: 720		accuracy = 0.40220001339912415
Training round: 721		accuracy = 0.39410001039505005
Training round: 722		accuracy = 0.4259999990463257
Training round: 723		accuracy = 0.3953999876976013
Training round: 724		accuracy = 0.37439998984336853
Training round: 725		accuracy = 0.4318000078201294
Training round: 726		accuracy = 0.3950999975204468
Training round: 727		accuracy = 0.43479999899864197
Training round: 728		accuracy = 0.41429999470710754
Training round: 729		accuracy = 0.436599999666214
Training round: 730		accuracy = 0.40709999203681946
Training round: 731		accuracy = 0.46369999647140503
Training round: 732		accuracy = 0.4115000069141388
Training round: 733		accuracy = 0.4077000021934509
Training round: 734		accuracy = 0.461899995803833
Training round: 735		accuracy = 0.4404999911785126
Training round: 736		accuracy = 0.4250999987125397
Training round: 737		accuracy = 0.38760000467300415
Training round: 738		accuracy = 0.4616999924182892
Training round: 739		accuracy = 0.43470001220703125
Training round: 740		accuracy = 0.4438000023365021
Training round: 741		accuracy = 0.23770000040531158
Training round: 742		accuracy = 0.364300012588501
Training round: 743		accuracy = 0.45159998536109924
Training round: 744		accuracy = 0.4325999915599823
Training round: 745		accuracy = 0.4291999936103821
Training round: 746		accuracy = 0.3952000141143799
Training round: 747		accuracy = 0.453000009059906
Training round: 748		accuracy = 0.46650001406669617
Training round: 749		accuracy = 0.4478999972343445
Training round: 750		accuracy = 0.44920000433921814
Training round: 751		accuracy = 0.4708000123500824
Training round: 752		accuracy = 0.4004000127315521
Training round: 753		accuracy = 0.42750000953674316
Training round: 754		accuracy = 0.42559999227523804
Training round: 755		accuracy = 0.2540999948978424
Training round: 756		accuracy = 0.3702000081539154
Training round: 757		accuracy = 0.37869998812675476
Training round: 758		accuracy = 0.36739999055862427
Training round: 759		accuracy = 0.38280001282691956
Training round: 760		accuracy = 0.46470001339912415
Training round: 761		accuracy = 0.43230000138282776
Training round: 762		accuracy = 0.40220001339912415
Training round: 763		accuracy = 0.4609000086784363
Training round: 764		accuracy = 0.42640000581741333
Training round: 765		accuracy = 0.4426000118255615
Training round: 766		accuracy = 0.4178999960422516
Training round: 767		accuracy = 0.4259999990463257
Training round: 768		accuracy = 0.4163999855518341
Training round: 769		accuracy = 0.4323999881744385
Training round: 770		accuracy = 0.45500001311302185
Training round: 771		accuracy = 0.4514999985694885
Training round: 772		accuracy = 0.4334999918937683
Training round: 773		accuracy = 0.4302000105381012
Training round: 774		accuracy = 0.4059999883174896
Training round: 775		accuracy = 0.4607999920845032
Training round: 776		accuracy = 0.444599986076355
Training round: 777		accuracy = 0.42969998717308044
Training round: 778		accuracy = 0.4438000023365021
Training round: 779		accuracy = 0.43790000677108765
Training round: 780		accuracy = 0.3846000134944916
Training round: 781		accuracy = 0.4343000054359436
Training round: 782		accuracy = 0.4194999933242798
Training round: 783		accuracy = 0.3756999969482422
Training round: 784		accuracy = 0.4390000104904175
Training round: 785		accuracy = 0.4203999936580658
Training round: 786		accuracy = 0.4553000032901764
Training round: 787		accuracy = 0.44859999418258667
Training round: 788		accuracy = 0.429500013589859
Training round: 789		accuracy = 0.4260999858379364
Training round: 790		accuracy = 0.45899999141693115
Training round: 791		accuracy = 0.4350999891757965
Training round: 792		accuracy = 0.47110000252723694
Training round: 793		accuracy = 0.4681999981403351
Training round: 794		accuracy = 0.40720000863075256
Training round: 795		accuracy = 0.42489999532699585
Training round: 796		accuracy = 0.42910000681877136
Training round: 797		accuracy = 0.43869999051094055
Training round: 798		accuracy = 0.4296000003814697
Training round: 799		accuracy = 0.4390999972820282
Training round: 800		accuracy = 0.460099995136261
Training round: 801		accuracy = 0.453900009393692
Training round: 802		accuracy = 0.44269999861717224
Training round: 803		accuracy = 0.45170000195503235
Training round: 804		accuracy = 0.4296000003814697
Training round: 805		accuracy = 0.4684000015258789
Training round: 806		accuracy = 0.42579999566078186
Training round: 807		accuracy = 0.42239999771118164
Training round: 808		accuracy = 0.4142000079154968
Training round: 809		accuracy = 0.41749998927116394
Training round: 810		accuracy = 0.41940000653266907
Training round: 811		accuracy = 0.42649999260902405
Training round: 812		accuracy = 0.4153999984264374
Training round: 813		accuracy = 0.4323999881744385
Training round: 814		accuracy = 0.4163999855518341
Training round: 815		accuracy = 0.4077000021934509
Training round: 816		accuracy = 0.4239000082015991
Training round: 817		accuracy = 0.42239999771118164
Training round: 818		accuracy = 0.42899999022483826
Training round: 819		accuracy = 0.41609999537467957
Training round: 820		accuracy = 0.446399986743927
Training round: 821		accuracy = 0.4275999963283539
Training round: 822		accuracy = 0.45320001244544983
Training round: 823		accuracy = 0.4025000035762787
Training round: 824		accuracy = 0.3921000063419342
Training round: 825		accuracy = 0.4546000063419342
Training round: 826		accuracy = 0.45570001006126404
Training round: 827		accuracy = 0.47519999742507935
Training round: 828		accuracy = 0.4553999900817871
Training round: 829		accuracy = 0.48100000619888306
Training round: 830		accuracy = 0.4553999900817871
Training round: 831		accuracy = 0.4453999996185303
Training round: 832		accuracy = 0.4422000050544739
Training round: 833		accuracy = 0.4611000120639801
Training round: 834		accuracy = 0.46149998903274536
Training round: 835		accuracy = 0.43790000677108765
Training round: 836		accuracy = 0.4320000112056732
Training round: 837		accuracy = 0.3646000027656555
Training round: 838		accuracy = 0.4255000054836273
Training round: 839		accuracy = 0.45969998836517334
Training round: 840		accuracy = 0.4447000026702881
Training round: 841		accuracy = 0.4629000127315521
Training round: 842		accuracy = 0.43230000138282776
Training round: 843		accuracy = 0.4339999854564667
Training round: 844		accuracy = 0.4068000018596649
Training round: 845		accuracy = 0.39959999918937683
Training round: 846		accuracy = 0.4406000077724457
Training round: 847		accuracy = 0.459199994802475
Training round: 848		accuracy = 0.459199994802475
Training round: 849		accuracy = 0.44780001044273376
Training round: 850		accuracy = 0.46309998631477356
Training round: 851		accuracy = 0.4323999881744385
Training round: 852		accuracy = 0.44909998774528503
Training round: 853		accuracy = 0.42669999599456787
Training round: 854		accuracy = 0.41499999165534973
Training round: 855		accuracy = 0.4659999907016754
Training round: 856		accuracy = 0.4426000118255615
Training round: 857		accuracy = 0.4510999917984009
Training round: 858		accuracy = 0.46309998631477356
Training round: 859		accuracy = 0.3865000009536743
Training round: 860		accuracy = 0.4374000132083893
Training round: 861		accuracy = 0.43479999899864197
Training round: 862		accuracy = 0.45899999141693115
Training round: 863		accuracy = 0.4417000114917755
Training round: 864		accuracy = 0.3896999955177307
Training round: 865		accuracy = 0.43720000982284546
Training round: 866		accuracy = 0.4767000079154968
Training round: 867		accuracy = 0.4672999978065491
Training round: 868		accuracy = 0.4659999907016754
Training round: 869		accuracy = 0.4478999972343445
Training round: 870		accuracy = 0.4415000081062317
Training round: 871		accuracy = 0.4675000011920929
Training round: 872		accuracy = 0.42239999771118164
Training round: 873		accuracy = 0.4287000000476837
Training round: 874		accuracy = 0.42089998722076416
Training round: 875		accuracy = 0.3440999984741211
Training round: 876		accuracy = 0.45320001244544983
Training round: 877		accuracy = 0.453900009393692
Training round: 878		accuracy = 0.43479999899864197
Training round: 879		accuracy = 0.46959999203681946
Training round: 880		accuracy = 0.47119998931884766
Training round: 881		accuracy = 0.27149999141693115
Training round: 882		accuracy = 0.41190001368522644
Training round: 883		accuracy = 0.4050000011920929
Training round: 884		accuracy = 0.3763999938964844
Training round: 885		accuracy = 0.426800012588501
Training round: 886		accuracy = 0.43779999017715454
Training round: 887		accuracy = 0.29089999198913574
Training round: 888		accuracy = 0.3513999879360199
Training round: 889		accuracy = 0.4562000036239624
Training round: 890		accuracy = 0.46140000224113464
Training round: 891		accuracy = 0.4293000102043152
Training round: 892		accuracy = 0.4339999854564667
Training round: 893		accuracy = 0.42489999532699585
Training round: 894		accuracy = 0.47850000858306885
Training round: 895		accuracy = 0.4291999936103821
Training round: 896		accuracy = 0.4081999957561493
Training round: 897		accuracy = 0.4609000086784363
Training round: 898		accuracy = 0.43790000677108765
Training round: 899		accuracy = 0.4318000078201294
Training round: 900		accuracy = 0.4410000145435333
Training round: 901		accuracy = 0.4514000117778778
Training round: 902		accuracy = 0.4442000091075897
Training round: 903		accuracy = 0.44519999623298645
Training round: 904		accuracy = 0.45730000734329224
Training round: 905		accuracy = 0.4587000012397766
Training round: 906		accuracy = 0.4896000027656555
Training round: 907		accuracy = 0.44190001487731934
Training round: 908		accuracy = 0.4496999979019165
Training round: 909		accuracy = 0.46889999508857727
Training round: 910		accuracy = 0.46540001034736633
Training round: 911		accuracy = 0.4823000133037567
Training round: 912		accuracy = 0.48339998722076416
Training round: 913		accuracy = 0.4790000021457672
Training round: 914		accuracy = 0.4733999967575073
Training round: 915		accuracy = 0.47029998898506165
Training round: 916		accuracy = 0.4779999852180481
Training round: 917		accuracy = 0.4706999957561493
Training round: 918		accuracy = 0.4823000133037567
Training round: 919		accuracy = 0.48489999771118164
Training round: 920		accuracy = 0.47510001063346863
Training round: 921		accuracy = 0.3752000033855438
Training round: 922		accuracy = 0.459199994802475
Training round: 923		accuracy = 0.4456000030040741
Training round: 924		accuracy = 0.367900013923645
Training round: 925		accuracy = 0.48030000925064087
Training round: 926		accuracy = 0.2671000063419342
Training round: 927		accuracy = 0.414000004529953
Training round: 928		accuracy = 0.45159998536109924
Training round: 929		accuracy = 0.3549000024795532
Training round: 930		accuracy = 0.4350999891757965
Training round: 931		accuracy = 0.47440001368522644
Training round: 932		accuracy = 0.46070000529289246
Training round: 933		accuracy = 0.45890000462532043
Training round: 934		accuracy = 0.4584999978542328
Training round: 935		accuracy = 0.4602000117301941
Training round: 936		accuracy = 0.45399999618530273
Training round: 937		accuracy = 0.43700000643730164
Training round: 938		accuracy = 0.4562999904155731
Training round: 939		accuracy = 0.42410001158714294
Training round: 940		accuracy = 0.44600000977516174
Training round: 941		accuracy = 0.4510999917984009
Training round: 942		accuracy = 0.4422999918460846
Training round: 943		accuracy = 0.451200008392334
Training round: 944		accuracy = 0.4699000120162964
Training round: 945		accuracy = 0.4438000023365021
Training round: 946		accuracy = 0.4747999906539917
Training round: 947		accuracy = 0.46399998664855957
Training round: 948		accuracy = 0.4778999984264374
Training round: 949		accuracy = 0.47369998693466187
Training round: 950		accuracy = 0.4733999967575073
Training round: 951		accuracy = 0.42080000042915344
Training round: 952		accuracy = 0.4083999991416931
Training round: 953		accuracy = 0.4668999910354614
Training round: 954		accuracy = 0.4684000015258789
Training round: 955		accuracy = 0.477400004863739
Training round: 956		accuracy = 0.41280001401901245
Training round: 957		accuracy = 0.4706999957561493
Training round: 958		accuracy = 0.4291999936103821
Training round: 959		accuracy = 0.49000000953674316
Training round: 960		accuracy = 0.446399986743927
Training round: 961		accuracy = 0.43320000171661377
Training round: 962		accuracy = 0.44769999384880066
Training round: 963		accuracy = 0.4399999976158142
Training round: 964		accuracy = 0.4327000081539154
Training round: 965		accuracy = 0.4657000005245209
Training round: 966		accuracy = 0.45890000462532043
Training round: 967		accuracy = 0.4659999907016754
Training round: 968		accuracy = 0.30300000309944153
Training round: 969		accuracy = 0.4235999882221222
Training round: 970		accuracy = 0.43639999628067017
Training round: 971		accuracy = 0.4088999927043915
Training round: 972		accuracy = 0.41679999232292175
Training round: 973		accuracy = 0.41600000858306885
Training round: 974		accuracy = 0.4699999988079071
Training round: 975		accuracy = 0.45809999108314514
Training round: 976		accuracy = 0.46549999713897705
Training round: 977		accuracy = 0.3822000026702881
Training round: 978		accuracy = 0.4596000015735626
Training round: 979		accuracy = 0.4796000123023987
Training round: 980		accuracy = 0.4586000144481659
Training round: 981		accuracy = 0.46480000019073486
Training round: 982		accuracy = 0.482699990272522
Training round: 983		accuracy = 0.4406999945640564
Training round: 984		accuracy = 0.4724000096321106
Training round: 985		accuracy = 0.48429998755455017
Training round: 986		accuracy = 0.4950999915599823
Training round: 987		accuracy = 0.4810999929904938
Training round: 988		accuracy = 0.48350000381469727
Training round: 989		accuracy = 0.4156000018119812
Training round: 990		accuracy = 0.4163999855518341
Training round: 991		accuracy = 0.4442000091075897
Training round: 992		accuracy = 0.44429999589920044
Training round: 993		accuracy = 0.46000000834465027
Training round: 994		accuracy = 0.448199987411499
Training round: 995		accuracy = 0.46299999952316284
Training round: 996		accuracy = 0.4675999879837036
Training round: 997		accuracy = 0.43799999356269836
Training round: 998		accuracy = 0.4724999964237213
Training round: 999		accuracy = 0.47369998693466187
Training round: 1000		accuracy = 0.4564000070095062
Training duration 9565.071807861328
