2021-08-11 16:08:32.914896: I tensorflow/stream_executor/platform/default/dso_loader.cc:49] Successfully opened dynamic library libcudart.so.11.0
2021-08-11 16:08:39.799633: I tensorflow/compiler/jit/xla_cpu_device.cc:41] Not creating XLA devices, tf_xla_enable_xla_devices not set
2021-08-11 16:08:39.801600: I tensorflow/stream_executor/platform/default/dso_loader.cc:49] Successfully opened dynamic library libcuda.so.1
2021-08-11 16:08:39.844157: I tensorflow/core/common_runtime/gpu/gpu_device.cc:1720] Found device 0 with properties: 
pciBusID: 0000:1e:00.0 name: Tesla V100-SXM2-16GB computeCapability: 7.0
coreClock: 1.53GHz coreCount: 80 deviceMemorySize: 15.78GiB deviceMemoryBandwidth: 836.37GiB/s
2021-08-11 16:08:39.844229: I tensorflow/stream_executor/platform/default/dso_loader.cc:49] Successfully opened dynamic library libcudart.so.11.0
2021-08-11 16:08:39.851874: I tensorflow/stream_executor/platform/default/dso_loader.cc:49] Successfully opened dynamic library libcublas.so.11
2021-08-11 16:08:39.851984: I tensorflow/stream_executor/platform/default/dso_loader.cc:49] Successfully opened dynamic library libcublasLt.so.11
2021-08-11 16:08:39.855548: I tensorflow/stream_executor/platform/default/dso_loader.cc:49] Successfully opened dynamic library libcufft.so.10
2021-08-11 16:08:39.856988: I tensorflow/stream_executor/platform/default/dso_loader.cc:49] Successfully opened dynamic library libcurand.so.10
2021-08-11 16:08:39.863391: I tensorflow/stream_executor/platform/default/dso_loader.cc:49] Successfully opened dynamic library libcusolver.so.10
2021-08-11 16:08:39.864957: I tensorflow/stream_executor/platform/default/dso_loader.cc:49] Successfully opened dynamic library libcusparse.so.11
2021-08-11 16:08:39.865338: I tensorflow/stream_executor/platform/default/dso_loader.cc:49] Successfully opened dynamic library libcudnn.so.8
2021-08-11 16:08:39.867250: I tensorflow/core/common_runtime/gpu/gpu_device.cc:1862] Adding visible gpu devices: 0
2021-08-11 16:08:39.867875: I tensorflow/core/platform/cpu_feature_guard.cc:142] This TensorFlow binary is optimized with oneAPI Deep Neural Network Library (oneDNN) to use the following CPU instructions in performance-critical operations:  AVX2 AVX512F FMA
To enable them in other operations, rebuild TensorFlow with the appropriate compiler flags.
2021-08-11 16:08:39.868142: I tensorflow/compiler/jit/xla_gpu_device.cc:99] Not creating XLA devices, tf_xla_enable_xla_devices not set
2021-08-11 16:08:39.869037: I tensorflow/core/common_runtime/gpu/gpu_device.cc:1720] Found device 0 with properties: 
pciBusID: 0000:1e:00.0 name: Tesla V100-SXM2-16GB computeCapability: 7.0
coreClock: 1.53GHz coreCount: 80 deviceMemorySize: 15.78GiB deviceMemoryBandwidth: 836.37GiB/s
2021-08-11 16:08:39.869073: I tensorflow/stream_executor/platform/default/dso_loader.cc:49] Successfully opened dynamic library libcudart.so.11.0
2021-08-11 16:08:39.869093: I tensorflow/stream_executor/platform/default/dso_loader.cc:49] Successfully opened dynamic library libcublas.so.11
2021-08-11 16:08:39.869107: I tensorflow/stream_executor/platform/default/dso_loader.cc:49] Successfully opened dynamic library libcublasLt.so.11
2021-08-11 16:08:39.869120: I tensorflow/stream_executor/platform/default/dso_loader.cc:49] Successfully opened dynamic library libcufft.so.10
2021-08-11 16:08:39.869134: I tensorflow/stream_executor/platform/default/dso_loader.cc:49] Successfully opened dynamic library libcurand.so.10
2021-08-11 16:08:39.869147: I tensorflow/stream_executor/platform/default/dso_loader.cc:49] Successfully opened dynamic library libcusolver.so.10
2021-08-11 16:08:39.869161: I tensorflow/stream_executor/platform/default/dso_loader.cc:49] Successfully opened dynamic library libcusparse.so.11
2021-08-11 16:08:39.869174: I tensorflow/stream_executor/platform/default/dso_loader.cc:49] Successfully opened dynamic library libcudnn.so.8
2021-08-11 16:08:39.870710: I tensorflow/core/common_runtime/gpu/gpu_device.cc:1862] Adding visible gpu devices: 0
2021-08-11 16:08:39.870757: I tensorflow/stream_executor/platform/default/dso_loader.cc:49] Successfully opened dynamic library libcudart.so.11.0
2021-08-11 16:08:40.499463: I tensorflow/core/common_runtime/gpu/gpu_device.cc:1261] Device interconnect StreamExecutor with strength 1 edge matrix:
2021-08-11 16:08:40.499535: I tensorflow/core/common_runtime/gpu/gpu_device.cc:1267]      0 
2021-08-11 16:08:40.499548: I tensorflow/core/common_runtime/gpu/gpu_device.cc:1280] 0:   N 
2021-08-11 16:08:40.502006: I tensorflow/core/common_runtime/gpu/gpu_device.cc:1406] Created TensorFlow device (/job:localhost/replica:0/task:0/device:GPU:0 with 14761 MB memory) -> physical GPU (device: 0, name: Tesla V100-SXM2-16GB, pci bus id: 0000:1e:00.0, compute capability: 7.0)
2021-08-11 16:08:41.013316: I tensorflow/compiler/mlir/mlir_graph_optimization_pass.cc:116] None of the MLIR optimization passes are enabled (registered 2)
2021-08-11 16:08:41.013970: I tensorflow/core/platform/profile_utils/cpu_utils.cc:112] CPU Frequency: 2400000000 Hz
2021-08-11 16:08:41.416306: I tensorflow/stream_executor/platform/default/dso_loader.cc:49] Successfully opened dynamic library libcublas.so.11
2021-08-11 16:08:42.088313: I tensorflow/stream_executor/platform/default/dso_loader.cc:49] Successfully opened dynamic library libcublasLt.so.11
2021-08-11 16:08:42.117117: I tensorflow/stream_executor/platform/default/dso_loader.cc:49] Successfully opened dynamic library libcudnn.so.8
2021-08-11 16:08:46.013226: W tensorflow/stream_executor/gpu/asm_compiler.cc:63] Running ptxas --version returned 256
2021-08-11 16:08:46.054998: W tensorflow/stream_executor/gpu/redzone_allocator.cc:314] Internal: ptxas exited with non-zero error code 256, output: 
Relying on driver to perform ptx compilation. 
Modify $PATH to customize ptxas location.
This message will be only logged once.
LabelAttacker started.
LabelAttacker finished.
Training round: 1		accuracy = 0.10520000010728836
Training round: 2		accuracy = 0.09950000047683716
Training round: 3		accuracy = 0.10000000149011612
Training round: 4		accuracy = 0.10100000351667404
Training round: 5		accuracy = 0.10029999911785126
Training round: 6		accuracy = 0.09989999979734421
Training round: 7		accuracy = 0.10220000147819519
Training round: 8		accuracy = 0.10869999974966049
Training round: 9		accuracy = 0.09709999710321426
Training round: 10		accuracy = 0.10000000149011612
Training round: 11		accuracy = 0.10000000149011612
Training round: 12		accuracy = 0.10000000149011612
Training round: 13		accuracy = 0.09640000015497208
Training round: 14		accuracy = 0.10000000149011612
Training round: 15		accuracy = 0.10000000149011612
Training round: 16		accuracy = 0.10000000149011612
Training round: 17		accuracy = 0.09960000216960907
Training round: 18		accuracy = 0.10199999809265137
Training round: 19		accuracy = 0.10010000318288803
Training round: 20		accuracy = 0.10530000180006027
Training round: 21		accuracy = 0.10000000149011612
Training round: 22		accuracy = 0.10100000351667404
Training round: 23		accuracy = 0.10000000149011612
Training round: 24		accuracy = 0.10000000149011612
Training round: 25		accuracy = 0.10000000149011612
Training round: 26		accuracy = 0.10260000079870224
Training round: 27		accuracy = 0.10000000149011612
Training round: 28		accuracy = 0.10000000149011612
Training round: 29		accuracy = 0.10000000149011612
Training round: 30		accuracy = 0.10000000149011612
Training round: 31		accuracy = 0.10000000149011612
Training round: 32		accuracy = 0.10000000149011612
Training round: 33		accuracy = 0.09960000216960907
Training round: 34		accuracy = 0.09950000047683716
Training round: 35		accuracy = 0.125
Training round: 36		accuracy = 0.0997999981045723
Training round: 37		accuracy = 0.10000000149011612
Training round: 38		accuracy = 0.10000000149011612
Training round: 39		accuracy = 0.09989999979734421
Training round: 40		accuracy = 0.10080000013113022
Training round: 41		accuracy = 0.10000000149011612
Training round: 42		accuracy = 0.10000000149011612
Training round: 43		accuracy = 0.10260000079870224
Training round: 44		accuracy = 0.09849999845027924
Training round: 45		accuracy = 0.09989999979734421
Training round: 46		accuracy = 0.10010000318288803
Training round: 47		accuracy = 0.10000000149011612
Training round: 48		accuracy = 0.09939999878406525
Training round: 49		accuracy = 0.0997999981045723
Training round: 50		accuracy = 0.10000000149011612
Training round: 51		accuracy = 0.0908999964594841
Training round: 52		accuracy = 0.1080000028014183
Training round: 53		accuracy = 0.09220000356435776
Training round: 54		accuracy = 0.11010000109672546
Training round: 55		accuracy = 0.09290000051259995
Training round: 56		accuracy = 0.09130000323057175
Training round: 57		accuracy = 0.10000000149011612
Training round: 58		accuracy = 0.1005999967455864
Training round: 59		accuracy = 0.10000000149011612
Training round: 60		accuracy = 0.08569999784231186
Training round: 61		accuracy = 0.10010000318288803
Training round: 62		accuracy = 0.10010000318288803
Training round: 63		accuracy = 0.10029999911785126
Training round: 64		accuracy = 0.08990000188350677
Training round: 65		accuracy = 0.09849999845027924
Training round: 66		accuracy = 0.0820000022649765
Training round: 67		accuracy = 0.08100000023841858
Training round: 68		accuracy = 0.09849999845027924
Training round: 69		accuracy = 0.09759999811649323
Training round: 70		accuracy = 0.09619999676942825
Training round: 71		accuracy = 0.08619999885559082
Training round: 72		accuracy = 0.11990000307559967
Training round: 73		accuracy = 0.09640000015497208
Training round: 74		accuracy = 0.09870000183582306
Training round: 75		accuracy = 0.09910000115633011
Training round: 76		accuracy = 0.09759999811649323
Training round: 77		accuracy = 0.09880000352859497
Training round: 78		accuracy = 0.0957999974489212
Training round: 79		accuracy = 0.0957999974489212
Training round: 80		accuracy = 0.09989999979734421
Training round: 81		accuracy = 0.06159999966621399
Training round: 82		accuracy = 0.0982000008225441
Training round: 83		accuracy = 0.09929999709129333
Training round: 84		accuracy = 0.09049999713897705
Training round: 85		accuracy = 0.06270000338554382
Training round: 86		accuracy = 0.0272000003606081
Training round: 87		accuracy = 0.08309999853372574
Training round: 88		accuracy = 0.10000000149011612
Training round: 89		accuracy = 0.09799999743700027
Training round: 90		accuracy = 0.04910000041127205
Training round: 91		accuracy = 0.11659999936819077
Training round: 92		accuracy = 0.06459999829530716
Training round: 93		accuracy = 0.09130000323057175
Training round: 94		accuracy = 0.06679999828338623
Training round: 95		accuracy = 0.07000000029802322
Training round: 96		accuracy = 0.0851999968290329
Training round: 97		accuracy = 0.09950000047683716
Training round: 98		accuracy = 0.10000000149011612
Training round: 99		accuracy = 0.07479999959468842
Training round: 100		accuracy = 0.07400000095367432
Training round: 101		accuracy = 0.07599999755620956
Training round: 102		accuracy = 0.07779999822378159
Training round: 103		accuracy = 0.093299999833107
Training round: 104		accuracy = 0.08659999817609787
Training round: 105		accuracy = 0.07649999856948853
Training round: 106		accuracy = 0.09730000048875809
Training round: 107		accuracy = 0.0917000025510788
Training round: 108		accuracy = 0.04769999906420708
Training round: 109		accuracy = 0.08540000021457672
Training round: 110		accuracy = 0.0348999984562397
Training round: 111		accuracy = 0.026599999517202377
Training round: 112		accuracy = 0.05530000105500221
Training round: 113		accuracy = 0.09730000048875809
Training round: 114		accuracy = 0.043299999088048935
Training round: 115		accuracy = 0.06030000001192093
Training round: 116		accuracy = 0.0949999988079071
Training round: 117		accuracy = 0.03880000114440918
Training round: 118		accuracy = 0.05999999865889549
Training round: 119		accuracy = 0.0348999984562397
Training round: 120		accuracy = 0.04969999939203262
Training round: 121		accuracy = 0.07440000027418137
Training round: 122		accuracy = 0.07109999656677246
Training round: 123		accuracy = 0.07519999891519547
Training round: 124		accuracy = 0.045099999755620956
Training round: 125		accuracy = 0.06800000369548798
Training round: 126		accuracy = 0.0794999971985817
Training round: 127		accuracy = 0.09139999747276306
Training round: 128		accuracy = 0.06069999933242798
Training round: 129		accuracy = 0.08330000191926956
Training round: 130		accuracy = 0.08799999952316284
Training round: 131		accuracy = 0.0625
Training round: 132		accuracy = 0.0869000032544136
Training round: 133		accuracy = 0.09679999947547913
Training round: 134		accuracy = 0.05790000036358833
Training round: 135		accuracy = 0.0544000007212162
Training round: 136		accuracy = 0.09889999777078629
Training round: 137		accuracy = 0.0340999998152256
Training round: 138		accuracy = 0.06909999996423721
Training round: 139		accuracy = 0.07209999859333038
Training round: 140		accuracy = 0.06689999997615814
Training round: 141		accuracy = 0.07180000096559525
Training round: 142		accuracy = 0.10019999742507935
Training round: 143		accuracy = 0.0868000015616417
Training round: 144		accuracy = 0.047200001776218414
Training round: 145		accuracy = 0.04879999905824661
Training round: 146		accuracy = 0.03480000048875809
Training round: 147		accuracy = 0.09989999979734421
Training round: 148		accuracy = 0.061500001698732376
Training round: 149		accuracy = 0.03889999911189079
Training round: 150		accuracy = 0.10869999974966049
Training round: 151		accuracy = 0.1062999963760376
Training round: 152		accuracy = 0.06719999760389328
Training round: 153		accuracy = 0.07109999656677246
Training round: 154		accuracy = 0.09910000115633011
Training round: 155		accuracy = 0.06769999861717224
Training round: 156		accuracy = 0.08460000157356262
Training round: 157		accuracy = 0.09130000323057175
Training round: 158		accuracy = 0.08569999784231186
Training round: 159		accuracy = 0.10289999842643738
Training round: 160		accuracy = 0.02889999933540821
Training round: 161		accuracy = 0.06340000033378601
Training round: 162		accuracy = 0.07930000126361847
Training round: 163		accuracy = 0.03750000149011612
Training round: 164		accuracy = 0.056699998676776886
Training round: 165		accuracy = 0.03959999978542328
Training round: 166		accuracy = 0.042100001126527786
Training round: 167		accuracy = 0.09790000319480896
Training round: 168		accuracy = 0.033900000154972076
Training round: 169		accuracy = 0.04809999838471413
Training round: 170		accuracy = 0.08669999986886978
Training round: 171		accuracy = 0.06300000101327896
Training round: 172		accuracy = 0.0738999992609024
Training round: 173		accuracy = 0.07440000027418137
Training round: 174		accuracy = 0.08110000193119049
Training round: 175		accuracy = 0.04600000008940697
Training round: 176		accuracy = 0.09700000286102295
Training round: 177		accuracy = 0.07680000364780426
Training round: 178		accuracy = 0.07590000331401825
Training round: 179		accuracy = 0.0917000025510788
Training round: 180		accuracy = 0.08699999749660492
Training round: 181		accuracy = 0.05530000105500221
Training round: 182		accuracy = 0.0568000003695488
Training round: 183		accuracy = 0.06769999861717224
Training round: 184		accuracy = 0.09830000251531601
Training round: 185		accuracy = 0.050999999046325684
Training round: 186		accuracy = 0.09260000288486481
Training round: 187		accuracy = 0.06769999861717224
Training round: 188		accuracy = 0.0828000009059906
Training round: 189		accuracy = 0.07829999923706055
Training round: 190		accuracy = 0.04390000179409981
Training round: 191		accuracy = 0.05380000174045563
Training round: 192		accuracy = 0.04529999941587448
Training round: 193		accuracy = 0.051100000739097595
Training round: 194		accuracy = 0.05909999832510948
Training round: 195		accuracy = 0.05939999967813492
Training round: 196		accuracy = 0.09989999979734421
Training round: 197		accuracy = 0.06840000301599503
Training round: 198		accuracy = 0.07729999721050262
Training round: 199		accuracy = 0.0502999983727932
Training round: 200		accuracy = 0.061400000005960464
Training round: 201		accuracy = 0.09449999779462814
Training round: 202		accuracy = 0.039799999445676804
Training round: 203		accuracy = 0.0649000033736229
Training round: 204		accuracy = 0.0632999986410141
Training round: 205		accuracy = 0.058400001376867294
Training round: 206		accuracy = 0.06419999897480011
Training round: 207		accuracy = 0.06620000302791595
Training round: 208		accuracy = 0.05590000003576279
Training round: 209		accuracy = 0.033799998462200165
Training round: 210		accuracy = 0.09799999743700027
Training round: 211		accuracy = 0.057100001722574234
Training round: 212		accuracy = 0.06210000067949295
Training round: 213		accuracy = 0.0551999993622303
Training round: 214		accuracy = 0.057999998331069946
Training round: 215		accuracy = 0.054099999368190765
Training round: 216		accuracy = 0.05429999902844429
Training round: 217		accuracy = 0.0794999971985817
Training round: 218		accuracy = 0.05570000037550926
Training round: 219		accuracy = 0.050999999046325684
Training round: 220		accuracy = 0.06679999828338623
Training round: 221		accuracy = 0.04740000143647194
Training round: 222		accuracy = 0.07400000095367432
Training round: 223		accuracy = 0.06949999928474426
Training round: 224		accuracy = 0.04439999908208847
Training round: 225		accuracy = 0.052400000393390656
Training round: 226		accuracy = 0.0560000017285347
Training round: 227		accuracy = 0.04520000144839287
Training round: 228		accuracy = 0.048500001430511475
Training round: 229		accuracy = 0.05389999970793724
Training round: 230		accuracy = 0.03500000014901161
Training round: 231		accuracy = 0.08340000361204147
Training round: 232		accuracy = 0.05510000139474869
Training round: 233		accuracy = 0.05050000175833702
Training round: 234		accuracy = 0.060600001364946365
Training round: 235		accuracy = 0.0737999975681305
Training round: 236		accuracy = 0.07100000232458115
Training round: 237		accuracy = 0.07940000295639038
Training round: 238		accuracy = 0.058800000697374344
Training round: 239		accuracy = 0.08789999783039093
Training round: 240		accuracy = 0.059300001710653305
Training round: 241		accuracy = 0.07190000265836716
Training round: 242		accuracy = 0.05460000038146973
Training round: 243		accuracy = 0.04619999974966049
Training round: 244		accuracy = 0.0632999986410141
Training round: 245		accuracy = 0.051100000739097595
Training round: 246		accuracy = 0.06939999759197235
Training round: 247		accuracy = 0.0414000004529953
Training round: 248		accuracy = 0.06419999897480011
Training round: 249		accuracy = 0.04820000007748604
Training round: 250		accuracy = 0.05829999968409538
Training round: 251		accuracy = 0.07729999721050262
Training round: 252		accuracy = 0.06270000338554382
Training round: 253		accuracy = 0.060600001364946365
Training round: 254		accuracy = 0.04050000011920929
Training round: 255		accuracy = 0.06780000030994415
Training round: 256		accuracy = 0.06319999694824219
Training round: 257		accuracy = 0.05889999866485596
Training round: 258		accuracy = 0.05469999834895134
Training round: 259		accuracy = 0.0575999990105629
Training round: 260		accuracy = 0.049400001764297485
Training round: 261		accuracy = 0.08320000022649765
Training round: 262		accuracy = 0.06159999966621399
Training round: 263		accuracy = 0.052799999713897705
Training round: 264		accuracy = 0.0502999983727932
Training round: 265		accuracy = 0.061400000005960464
Training round: 266		accuracy = 0.029500000178813934
Training round: 267		accuracy = 0.06159999966621399
Training round: 268		accuracy = 0.0608999989926815
Training round: 269		accuracy = 0.0731000006198883
Training round: 270		accuracy = 0.04910000041127205
Training round: 271		accuracy = 0.048900000751018524
Training round: 272		accuracy = 0.0544000007212162
Training round: 273		accuracy = 0.04500000178813934
Training round: 274		accuracy = 0.04699999839067459
Training round: 275		accuracy = 0.08219999819993973
Training round: 276		accuracy = 0.06639999896287918
Training round: 277		accuracy = 0.04989999905228615
Training round: 278		accuracy = 0.061400000005960464
Training round: 279		accuracy = 0.05790000036358833
Training round: 280		accuracy = 0.05460000038146973
Training round: 281		accuracy = 0.04050000011920929
Training round: 282		accuracy = 0.03869999945163727
Training round: 283		accuracy = 0.04659999907016754
Training round: 284		accuracy = 0.07209999859333038
Training round: 285		accuracy = 0.045899998396635056
Training round: 286		accuracy = 0.04399999976158142
Training round: 287		accuracy = 0.042899999767541885
Training round: 288		accuracy = 0.03440000116825104
Training round: 289		accuracy = 0.039400000125169754
Training round: 290		accuracy = 0.03519999980926514
Training round: 291		accuracy = 0.0414000004529953
Training round: 292		accuracy = 0.0551999993622303
Training round: 293		accuracy = 0.039799999445676804
Training round: 294		accuracy = 0.08829999715089798
Training round: 295		accuracy = 0.04190000146627426
Training round: 296		accuracy = 0.054099999368190765
Training round: 297		accuracy = 0.060100000351667404
Training round: 298		accuracy = 0.06019999831914902
Training round: 299		accuracy = 0.048500001430511475
Training round: 300		accuracy = 0.037300001829862595
Training round: 301		accuracy = 0.04450000077486038
Training round: 302		accuracy = 0.035100001841783524
Training round: 303		accuracy = 0.05380000174045563
Training round: 304		accuracy = 0.03799999877810478
Training round: 305		accuracy = 0.06499999761581421
Training round: 306		accuracy = 0.050999999046325684
Training round: 307		accuracy = 0.0575999990105629
Training round: 308		accuracy = 0.04560000076889992
Training round: 309		accuracy = 0.031599998474121094
Training round: 310		accuracy = 0.03669999912381172
Training round: 311		accuracy = 0.06069999933242798
Training round: 312		accuracy = 0.05719999969005585
Training round: 313		accuracy = 0.05660000070929527
Training round: 314		accuracy = 0.04320000112056732
Training round: 315		accuracy = 0.052299998700618744
Training round: 316		accuracy = 0.0414000004529953
Training round: 317		accuracy = 0.06440000236034393
Training round: 318		accuracy = 0.060499999672174454
Training round: 319		accuracy = 0.06419999897480011
Training round: 320		accuracy = 0.05869999900460243
Training round: 321		accuracy = 0.06449999660253525
Training round: 322		accuracy = 0.04910000041127205
Training round: 323		accuracy = 0.05490000173449516
Training round: 324		accuracy = 0.06129999831318855
Training round: 325		accuracy = 0.031300000846385956
Training round: 326		accuracy = 0.04320000112056732
Training round: 327		accuracy = 0.042899999767541885
Training round: 328		accuracy = 0.030700000002980232
Training round: 329		accuracy = 0.03840000182390213
Training round: 330		accuracy = 0.05490000173449516
Training round: 331		accuracy = 0.056699998676776886
Training round: 332		accuracy = 0.04800000041723251
Training round: 333		accuracy = 0.05040000006556511
Training round: 334		accuracy = 0.05180000141263008
Training round: 335		accuracy = 0.06729999929666519
Training round: 336		accuracy = 0.052799999713897705
Training round: 337		accuracy = 0.06239999830722809
Training round: 338		accuracy = 0.07039999961853027
Training round: 339		accuracy = 0.07119999825954437
Training round: 340		accuracy = 0.04580000042915344
Training round: 341		accuracy = 0.05849999934434891
Training round: 342		accuracy = 0.05260000005364418
Training round: 343		accuracy = 0.07880000025033951
Training round: 344		accuracy = 0.04780000075697899
Training round: 345		accuracy = 0.0812000036239624
Training round: 346		accuracy = 0.059700001031160355
Training round: 347		accuracy = 0.03840000182390213
Training round: 348		accuracy = 0.04540000110864639
Training round: 349		accuracy = 0.03970000147819519
Training round: 350		accuracy = 0.03759999945759773
Training round: 351		accuracy = 0.058800000697374344
Training round: 352		accuracy = 0.06560000032186508
Training round: 353		accuracy = 0.05939999967813492
Training round: 354		accuracy = 0.04830000177025795
Training round: 355		accuracy = 0.06289999932050705
Training round: 356		accuracy = 0.07919999957084656
Training round: 357		accuracy = 0.051899999380111694
Training round: 358		accuracy = 0.053599998354911804
Training round: 359		accuracy = 0.043800000101327896
Training round: 360		accuracy = 0.04619999974966049
Training round: 361		accuracy = 0.051100000739097595
Training round: 362		accuracy = 0.04520000144839287
Training round: 363		accuracy = 0.0364999994635582
Training round: 364		accuracy = 0.04809999838471413
Training round: 365		accuracy = 0.05000000074505806
Training round: 366		accuracy = 0.060600001364946365
Training round: 367		accuracy = 0.049300000071525574
Training round: 368		accuracy = 0.06800000369548798
Training round: 369		accuracy = 0.0502999983727932
Training round: 370		accuracy = 0.03460000082850456
Training round: 371		accuracy = 0.05380000174045563
Training round: 372		accuracy = 0.04529999941587448
Training round: 373		accuracy = 0.050200000405311584
Training round: 374		accuracy = 0.041600000113248825
Training round: 375		accuracy = 0.047200001776218414
Training round: 376		accuracy = 0.04309999942779541
Training round: 377		accuracy = 0.035100001841783524
Training round: 378		accuracy = 0.06030000001192093
Training round: 379		accuracy = 0.0494999997317791
Training round: 380		accuracy = 0.0406000018119812
Training round: 381		accuracy = 0.07419999688863754
Training round: 382		accuracy = 0.06729999929666519
Training round: 383		accuracy = 0.05119999870657921
Training round: 384		accuracy = 0.04910000041127205
Training round: 385		accuracy = 0.05829999968409538
Training round: 386		accuracy = 0.062300000339746475
Training round: 387		accuracy = 0.06440000236034393
Training round: 388		accuracy = 0.05559999868273735
Training round: 389		accuracy = 0.05820000171661377
Training round: 390		accuracy = 0.08460000157356262
Training round: 391		accuracy = 0.054099999368190765
Training round: 392		accuracy = 0.048500001430511475
Training round: 393		accuracy = 0.05920000001788139
Training round: 394		accuracy = 0.062199998646974564
Training round: 395		accuracy = 0.06539999693632126
Training round: 396		accuracy = 0.05050000175833702
Training round: 397		accuracy = 0.05889999866485596
Training round: 398		accuracy = 0.05180000141263008
Training round: 399		accuracy = 0.04580000042915344
Training round: 400		accuracy = 0.05490000173449516
Training round: 401		accuracy = 0.05420000106096268
Training round: 402		accuracy = 0.06289999932050705
Training round: 403		accuracy = 0.049300000071525574
Training round: 404		accuracy = 0.050200000405311584
Training round: 405		accuracy = 0.051500000059604645
Training round: 406		accuracy = 0.05999999865889549
Training round: 407		accuracy = 0.04490000009536743
Training round: 408		accuracy = 0.04639999940991402
Training round: 409		accuracy = 0.05380000174045563
Training round: 410		accuracy = 0.04500000178813934
Training round: 411		accuracy = 0.04490000009536743
Training round: 412		accuracy = 0.05739999935030937
Training round: 413		accuracy = 0.04769999906420708
Training round: 414		accuracy = 0.04170000180602074
Training round: 415		accuracy = 0.05959999933838844
Training round: 416		accuracy = 0.042899999767541885
Training round: 417		accuracy = 0.04190000146627426
Training round: 418		accuracy = 0.039500001817941666
Training round: 419		accuracy = 0.04490000009536743
Training round: 420		accuracy = 0.05040000006556511
Training round: 421		accuracy = 0.056299999356269836
Training round: 422		accuracy = 0.047200001776218414
Training round: 423		accuracy = 0.06459999829530716
Training round: 424		accuracy = 0.05209999904036522
Training round: 425		accuracy = 0.06469999998807907
Training round: 426		accuracy = 0.08009999990463257
Training round: 427		accuracy = 0.05209999904036522
Training round: 428		accuracy = 0.048900000751018524
Training round: 429		accuracy = 0.05790000036358833
Training round: 430		accuracy = 0.0471000000834465
Training round: 431		accuracy = 0.05469999834895134
Training round: 432		accuracy = 0.059300001710653305
Training round: 433		accuracy = 0.05380000174045563
Training round: 434		accuracy = 0.05079999938607216
Training round: 435		accuracy = 0.05209999904036522
Training round: 436		accuracy = 0.06019999831914902
Training round: 437		accuracy = 0.07129999995231628
Training round: 438		accuracy = 0.061500001698732376
Training round: 439		accuracy = 0.04659999907016754
Training round: 440		accuracy = 0.041999999433755875
Training round: 441		accuracy = 0.05689999833703041
Training round: 442		accuracy = 0.05779999867081642
Training round: 443		accuracy = 0.060100000351667404
Training round: 444		accuracy = 0.06019999831914902
Training round: 445		accuracy = 0.05290000140666962
Training round: 446		accuracy = 0.05009999871253967
Training round: 447		accuracy = 0.06499999761581421
Training round: 448		accuracy = 0.05570000037550926
Training round: 449		accuracy = 0.04190000146627426
Training round: 450		accuracy = 0.06310000270605087
Training round: 451		accuracy = 0.05689999833703041
Training round: 452		accuracy = 0.057100001722574234
Training round: 453		accuracy = 0.1242000013589859
Training round: 454		accuracy = 0.07569999992847443
Training round: 455		accuracy = 0.07970000058412552
Training round: 456		accuracy = 0.07240000367164612
Training round: 457		accuracy = 0.07680000364780426
Training round: 458		accuracy = 0.06120000034570694
Training round: 459		accuracy = 0.0560000017285347
Training round: 460		accuracy = 0.060499999672174454
Training round: 461		accuracy = 0.056299999356269836
Training round: 462		accuracy = 0.06300000101327896
Training round: 463		accuracy = 0.06120000034570694
Training round: 464		accuracy = 0.08529999852180481
Training round: 465		accuracy = 0.17020000517368317
Training round: 466		accuracy = 0.07199999690055847
Training round: 467		accuracy = 0.06750000268220901
Training round: 468		accuracy = 0.06279999762773514
Training round: 469		accuracy = 0.06700000166893005
Training round: 470		accuracy = 0.06379999965429306
Training round: 471		accuracy = 0.05909999832510948
Training round: 472		accuracy = 0.06279999762773514
Training round: 473		accuracy = 0.07169999927282333
Training round: 474		accuracy = 0.05530000105500221
Training round: 475		accuracy = 0.14470000565052032
Training round: 476		accuracy = 0.07569999992847443
Training round: 477		accuracy = 0.06889999657869339
Training round: 478		accuracy = 0.0608999989926815
Training round: 479		accuracy = 0.06419999897480011
Training round: 480		accuracy = 0.05920000001788139
Training round: 481		accuracy = 0.07100000232458115
Training round: 482		accuracy = 0.13680000603199005
Training round: 483		accuracy = 0.06679999828338623
Training round: 484		accuracy = 0.1598999947309494
Training round: 485		accuracy = 0.05660000070929527
Training round: 486		accuracy = 0.1298000067472458
Training round: 487		accuracy = 0.07150000333786011
Training round: 488		accuracy = 0.07400000095367432
Training round: 489		accuracy = 0.09539999812841415
Training round: 490		accuracy = 0.0851999968290329
Training round: 491		accuracy = 0.07280000299215317
Training round: 492		accuracy = 0.09030000120401382
Training round: 493		accuracy = 0.06769999861717224
Training round: 494		accuracy = 0.0746999979019165
Training round: 495		accuracy = 0.05950000137090683
Training round: 496		accuracy = 0.07159999758005142
Training round: 497		accuracy = 0.14740000665187836
Training round: 498		accuracy = 0.05820000171661377
Training round: 499		accuracy = 0.0681999996304512
Training round: 500		accuracy = 0.06889999657869339
Training round: 501		accuracy = 0.05909999832510948
Training round: 502		accuracy = 0.06390000134706497
Training round: 503		accuracy = 0.06350000202655792
Training round: 504		accuracy = 0.07079999893903732
Training round: 505		accuracy = 0.0544000007212162
Training round: 506		accuracy = 0.05510000139474869
Training round: 507		accuracy = 0.05909999832510948
Training round: 508		accuracy = 0.06419999897480011
Training round: 509		accuracy = 0.1753000020980835
Training round: 510		accuracy = 0.08479999750852585
Training round: 511		accuracy = 0.0697999969124794
Training round: 512		accuracy = 0.07519999891519547
Training round: 513		accuracy = 0.1599999964237213
Training round: 514		accuracy = 0.09950000047683716
Training round: 515		accuracy = 0.08789999783039093
Training round: 516		accuracy = 0.07769999653100967
Training round: 517		accuracy = 0.08160000294446945
Training round: 518		accuracy = 0.058800000697374344
Training round: 519		accuracy = 0.08229999989271164
Training round: 520		accuracy = 0.20800000429153442
Training round: 521		accuracy = 0.08550000190734863
Training round: 522		accuracy = 0.08150000125169754
Training round: 523		accuracy = 0.060600001364946365
Training round: 524		accuracy = 0.20509999990463257
Training round: 525		accuracy = 0.1931000053882599
Training round: 526		accuracy = 0.08879999816417694
Training round: 527		accuracy = 0.0949999988079071
Training round: 528		accuracy = 0.07980000227689743
Training round: 529		accuracy = 0.16259999573230743
Training round: 530		accuracy = 0.07419999688863754
Training round: 531		accuracy = 0.19789999723434448
Training round: 532		accuracy = 0.09279999881982803
Training round: 533		accuracy = 0.07980000227689743
Training round: 534		accuracy = 0.07829999923706055
Training round: 535		accuracy = 0.0689999982714653
Training round: 536		accuracy = 0.05739999935030937
Training round: 537		accuracy = 0.21080000698566437
Training round: 538		accuracy = 0.10620000213384628
Training round: 539		accuracy = 0.08020000159740448
Training round: 540		accuracy = 0.07540000230073929
Training round: 541		accuracy = 0.08269999921321869
Training round: 542		accuracy = 0.156700000166893
Training round: 543		accuracy = 0.22269999980926514
Training round: 544		accuracy = 0.08969999849796295
Training round: 545		accuracy = 0.07779999822378159
Training round: 546		accuracy = 0.10339999943971634
Training round: 547		accuracy = 0.12729999423027039
Training round: 548		accuracy = 0.11990000307559967
Training round: 549		accuracy = 0.09120000153779984
Training round: 550		accuracy = 0.15240000188350677
Training round: 551		accuracy = 0.07540000230073929
Training round: 552		accuracy = 0.16249999403953552
Training round: 553		accuracy = 0.10610000044107437
Training round: 554		accuracy = 0.10740000009536743
Training round: 555		accuracy = 0.1598999947309494
Training round: 556		accuracy = 0.11219999939203262
Training round: 557		accuracy = 0.10920000076293945
Training round: 558		accuracy = 0.11150000244379044
Training round: 559		accuracy = 0.10729999840259552
Training round: 560		accuracy = 0.0851999968290329
Training round: 561		accuracy = 0.15139999985694885
Training round: 562		accuracy = 0.14499999582767487
Training round: 563		accuracy = 0.09650000184774399
Training round: 564		accuracy = 0.163100004196167
Training round: 565		accuracy = 0.1120000034570694
Training round: 566		accuracy = 0.13840000331401825
Training round: 567		accuracy = 0.1898999959230423
Training round: 568		accuracy = 0.14090000092983246
Training round: 569		accuracy = 0.19910000264644623
Training round: 570		accuracy = 0.1216999962925911
Training round: 571		accuracy = 0.10909999907016754
Training round: 572		accuracy = 0.07699999958276749
Training round: 573		accuracy = 0.08569999784231186
Training round: 574		accuracy = 0.10570000112056732
Training round: 575		accuracy = 0.07769999653100967
Training round: 576		accuracy = 0.06840000301599503
Training round: 577		accuracy = 0.08869999647140503
Training round: 578		accuracy = 0.1143999993801117
Training round: 579		accuracy = 0.08879999816417694
Training round: 580		accuracy = 0.10459999740123749
Training round: 581		accuracy = 0.08129999786615372
Training round: 582		accuracy = 0.17440000176429749
Training round: 583		accuracy = 0.10339999943971634
Training round: 584		accuracy = 0.11249999701976776
Training round: 585		accuracy = 0.10050000250339508
Training round: 586		accuracy = 0.07980000227689743
Training round: 587		accuracy = 0.07609999924898148
Training round: 588		accuracy = 0.07259999960660934
Training round: 589		accuracy = 0.0658000037074089
Training round: 590		accuracy = 0.16019999980926514
Training round: 591		accuracy = 0.1185000017285347
Training round: 592		accuracy = 0.131400004029274
Training round: 593		accuracy = 0.09600000083446503
Training round: 594		accuracy = 0.20100000500679016
Training round: 595		accuracy = 0.0794999971985817
Training round: 596		accuracy = 0.2020999938249588
Training round: 597		accuracy = 0.09000000357627869
Training round: 598		accuracy = 0.18549999594688416
Training round: 599		accuracy = 0.2287999987602234
Training round: 600		accuracy = 0.2354000061750412
Training round: 601		accuracy = 0.19429999589920044
Training round: 602		accuracy = 0.1347000002861023
Training round: 603		accuracy = 0.09510000050067902
Training round: 604		accuracy = 0.08900000154972076
Training round: 605		accuracy = 0.18549999594688416
Training round: 606		accuracy = 0.11010000109672546
Training round: 607		accuracy = 0.12380000203847885
Training round: 608		accuracy = 0.08399999886751175
Training round: 609		accuracy = 0.08219999819993973
Training round: 610		accuracy = 0.1379999965429306
Training round: 611		accuracy = 0.15309999883174896
Training round: 612		accuracy = 0.16670000553131104
Training round: 613		accuracy = 0.0934000015258789
Training round: 614		accuracy = 0.10639999806880951
Training round: 615		accuracy = 0.07159999758005142
Training round: 616		accuracy = 0.22859999537467957
Training round: 617		accuracy = 0.18459999561309814
Training round: 618		accuracy = 0.12630000710487366
Training round: 619		accuracy = 0.12229999899864197
Training round: 620		accuracy = 0.23749999701976776
Training round: 621		accuracy = 0.11729999631643295
Training round: 622		accuracy = 0.18119999766349792
Training round: 623		accuracy = 0.10329999774694443
Training round: 624		accuracy = 0.15719999372959137
Training round: 625		accuracy = 0.12970000505447388
Training round: 626		accuracy = 0.0877000018954277
Training round: 627		accuracy = 0.11020000278949738
Training round: 628		accuracy = 0.1492999941110611
Training round: 629		accuracy = 0.2013999968767166
Training round: 630		accuracy = 0.23749999701976776
Training round: 631		accuracy = 0.24950000643730164
Training round: 632		accuracy = 0.16750000417232513
Training round: 633		accuracy = 0.10509999841451645
Training round: 634		accuracy = 0.11819999665021896
Training round: 635		accuracy = 0.15690000355243683
Training round: 636		accuracy = 0.1881999969482422
Training round: 637		accuracy = 0.11729999631643295
Training round: 638		accuracy = 0.2345999926328659
Training round: 639		accuracy = 0.18770000338554382
Training round: 640		accuracy = 0.17030000686645508
Training round: 641		accuracy = 0.16840000450611115
Training round: 642		accuracy = 0.18950000405311584
Training round: 643		accuracy = 0.1956000030040741
Training round: 644		accuracy = 0.16130000352859497
Training round: 645		accuracy = 0.10080000013113022
Training round: 646		accuracy = 0.19670000672340393
Training round: 647		accuracy = 0.14010000228881836
Training round: 648		accuracy = 0.1996999979019165
Training round: 649		accuracy = 0.19930000603199005
Training round: 650		accuracy = 0.14970000088214874
Training round: 651		accuracy = 0.21359999477863312
Training round: 652		accuracy = 0.2214999943971634
Training round: 653		accuracy = 0.17970000207424164
Training round: 654		accuracy = 0.12559999525547028
Training round: 655		accuracy = 0.17139999568462372
Training round: 656		accuracy = 0.2012999951839447
Training round: 657		accuracy = 0.19580000638961792
Training round: 658		accuracy = 0.13220000267028809
Training round: 659		accuracy = 0.2485000044107437
Training round: 660		accuracy = 0.21770000457763672
Training round: 661		accuracy = 0.2687000036239624
Training round: 662		accuracy = 0.26409998536109924
Training round: 663		accuracy = 0.17409999668598175
Training round: 664		accuracy = 0.2736999988555908
Training round: 665		accuracy = 0.18880000710487366
Training round: 666		accuracy = 0.23010000586509705
Training round: 667		accuracy = 0.11659999936819077
Training round: 668		accuracy = 0.09510000050067902
Training round: 669		accuracy = 0.1281999945640564
Training round: 670		accuracy = 0.17630000412464142
Training round: 671		accuracy = 0.13580000400543213
Training round: 672		accuracy = 0.11620000004768372
Training round: 673		accuracy = 0.2337999939918518
Training round: 674		accuracy = 0.24549999833106995
Training round: 675		accuracy = 0.25589999556541443
Training round: 676		accuracy = 0.2574999928474426
Training round: 677		accuracy = 0.241799995303154
Training round: 678		accuracy = 0.20730000734329224
Training round: 679		accuracy = 0.1193000003695488
Training round: 680		accuracy = 0.23839999735355377
Training round: 681		accuracy = 0.18279999494552612
Training round: 682		accuracy = 0.23499999940395355
Training round: 683		accuracy = 0.10239999741315842
Training round: 684		accuracy = 0.07429999858140945
Training round: 685		accuracy = 0.08299999684095383
Training round: 686		accuracy = 0.07970000058412552
Training round: 687		accuracy = 0.09719999879598618
Training round: 688		accuracy = 0.08649999648332596
Training round: 689		accuracy = 0.07349999994039536
Training round: 690		accuracy = 0.25459998846054077
Training round: 691		accuracy = 0.21070000529289246
Training round: 692		accuracy = 0.2671999931335449
Training round: 693		accuracy = 0.24869999289512634
Training round: 694		accuracy = 0.26440000534057617
Training round: 695		accuracy = 0.26350000500679016
Training round: 696		accuracy = 0.21209999918937683
Training round: 697		accuracy = 0.1768999993801117
Training round: 698		accuracy = 0.148499995470047
Training round: 699		accuracy = 0.11800000071525574
Training round: 700		accuracy = 0.2467000037431717
Training round: 701		accuracy = 0.18930000066757202
Training round: 702		accuracy = 0.2644999921321869
Training round: 703		accuracy = 0.17299999296665192
Training round: 704		accuracy = 0.22470000386238098
Training round: 705		accuracy = 0.28060001134872437
Training round: 706		accuracy = 0.26589998602867126
Training round: 707		accuracy = 0.24529999494552612
Training round: 708		accuracy = 0.1274999976158142
Training round: 709		accuracy = 0.20759999752044678
Training round: 710		accuracy = 0.2232999950647354
Training round: 711		accuracy = 0.12290000170469284
Training round: 712		accuracy = 0.09059999883174896
Training round: 713		accuracy = 0.1679999977350235
Training round: 714		accuracy = 0.2151000052690506
Training round: 715		accuracy = 0.24819999933242798
Training round: 716		accuracy = 0.2757999897003174
Training round: 717		accuracy = 0.11590000241994858
Training round: 718		accuracy = 0.2468000054359436
Training round: 719		accuracy = 0.2849000096321106
Training round: 720		accuracy = 0.21299999952316284
Training round: 721		accuracy = 0.23350000381469727
Training round: 722		accuracy = 0.09619999676942825
Training round: 723		accuracy = 0.2410999983549118
Training round: 724		accuracy = 0.10890000313520432
Training round: 725		accuracy = 0.2637999951839447
Training round: 726		accuracy = 0.225600004196167
Training round: 727		accuracy = 0.12520000338554382
Training round: 728		accuracy = 0.10610000044107437
Training round: 729		accuracy = 0.08919999748468399
Training round: 730		accuracy = 0.265500009059906
Training round: 731		accuracy = 0.18459999561309814
Training round: 732		accuracy = 0.28209999203681946
Training round: 733		accuracy = 0.2678000032901764
Training round: 734		accuracy = 0.22179999947547913
Training round: 735		accuracy = 0.12439999729394913
Training round: 736		accuracy = 0.25279998779296875
Training round: 737		accuracy = 0.23270000517368317
Training round: 738		accuracy = 0.11169999837875366
Training round: 739		accuracy = 0.08919999748468399
Training round: 740		accuracy = 0.22169999778270721
Training round: 741		accuracy = 0.18199999630451202
Training round: 742		accuracy = 0.2851000130176544
Training round: 743		accuracy = 0.12300000339746475
Training round: 744		accuracy = 0.2802000045776367
Training round: 745		accuracy = 0.15199999511241913
Training round: 746		accuracy = 0.28380000591278076
Training round: 747		accuracy = 0.2957000136375427
Training round: 748		accuracy = 0.27160000801086426
Training round: 749		accuracy = 0.09880000352859497
Training round: 750		accuracy = 0.2903999984264374
Training round: 751		accuracy = 0.28540000319480896
Training round: 752		accuracy = 0.19550000131130219
Training round: 753		accuracy = 0.23839999735355377
Training round: 754		accuracy = 0.1509999930858612
Training round: 755		accuracy = 0.2207999974489212
Training round: 756		accuracy = 0.18700000643730164
Training round: 757		accuracy = 0.12479999661445618
Training round: 758		accuracy = 0.22949999570846558
Training round: 759		accuracy = 0.2892000079154968
Training round: 760		accuracy = 0.1306000053882599
Training round: 761		accuracy = 0.22619999945163727
Training round: 762		accuracy = 0.1770000010728836
Training round: 763		accuracy = 0.10289999842643738
Training round: 764		accuracy = 0.14190000295639038
Training round: 765		accuracy = 0.11060000211000443
Training round: 766		accuracy = 0.27970001101493835
Training round: 767		accuracy = 0.29170000553131104
Training round: 768		accuracy = 0.19249999523162842
Training round: 769		accuracy = 0.19539999961853027
Training round: 770		accuracy = 0.28870001435279846
Training round: 771		accuracy = 0.16689999401569366
Training round: 772		accuracy = 0.07739999890327454
Training round: 773		accuracy = 0.2906000018119812
Training round: 774		accuracy = 0.2842999994754791
Training round: 775		accuracy = 0.10899999737739563
Training round: 776		accuracy = 0.26750001311302185
Training round: 777		accuracy = 0.16680000722408295
Training round: 778		accuracy = 0.26829999685287476
Training round: 779		accuracy = 0.16359999775886536
Training round: 780		accuracy = 0.28769999742507935
Training round: 781		accuracy = 0.20340000092983246
Training round: 782		accuracy = 0.2304999977350235
Training round: 783		accuracy = 0.1679999977350235
Training round: 784		accuracy = 0.257999986410141
Training round: 785		accuracy = 0.13339999318122864
Training round: 786		accuracy = 0.2727999985218048
Training round: 787		accuracy = 0.2741999924182892
Training round: 788		accuracy = 0.2957000136375427
Training round: 789		accuracy = 0.29409998655319214
Training round: 790		accuracy = 0.22910000383853912
Training round: 791		accuracy = 0.295199990272522
Training round: 792		accuracy = 0.23479999601840973
Training round: 793		accuracy = 0.2718999981880188
Training round: 794		accuracy = 0.2678999900817871
Training round: 795		accuracy = 0.2401999980211258
Training round: 796		accuracy = 0.27230000495910645
Training round: 797		accuracy = 0.23579999804496765
Training round: 798		accuracy = 0.11389999836683273
Training round: 799		accuracy = 0.295199990272522
Training round: 800		accuracy = 0.2858999967575073
Training round: 801		accuracy = 0.0989999994635582
Training round: 802		accuracy = 0.2962000072002411
Training round: 803		accuracy = 0.25940001010894775
Training round: 804		accuracy = 0.2865999937057495
Training round: 805		accuracy = 0.16609999537467957
Training round: 806		accuracy = 0.27459999918937683
Training round: 807		accuracy = 0.2827000021934509
Training round: 808		accuracy = 0.1964000016450882
Training round: 809		accuracy = 0.2840999960899353
Training round: 810		accuracy = 0.2623000144958496
Training round: 811		accuracy = 0.3050999939441681
Training round: 812		accuracy = 0.29280000925064087
Training round: 813		accuracy = 0.241799995303154
Training round: 814		accuracy = 0.13539999723434448
Training round: 815		accuracy = 0.23680000007152557
Training round: 816		accuracy = 0.13359999656677246
Training round: 817		accuracy = 0.2822999954223633
Training round: 818		accuracy = 0.19859999418258667
Training round: 819		accuracy = 0.2976999878883362
Training round: 820		accuracy = 0.28600001335144043
Training round: 821		accuracy = 0.28790000081062317
Training round: 822		accuracy = 0.2847000062465668
Training round: 823		accuracy = 0.25769999623298645
Training round: 824		accuracy = 0.17180000245571136
Training round: 825		accuracy = 0.288100004196167
Training round: 826		accuracy = 0.2919999957084656
Training round: 827		accuracy = 0.1282999962568283
Training round: 828		accuracy = 0.2935999929904938
Training round: 829		accuracy = 0.24449999630451202
Training round: 830		accuracy = 0.2727000117301941
Training round: 831		accuracy = 0.2678999900817871
Training round: 832		accuracy = 0.28110000491142273
Training round: 833		accuracy = 0.2660999894142151
Training round: 834		accuracy = 0.2867000102996826
Training round: 835		accuracy = 0.296099990606308
Training round: 836		accuracy = 0.20170000195503235
Training round: 837		accuracy = 0.13220000267028809
Training round: 838		accuracy = 0.09470000118017197
Training round: 839		accuracy = 0.1307000070810318
Training round: 840		accuracy = 0.14949999749660492
Training round: 841		accuracy = 0.17599999904632568
Training round: 842		accuracy = 0.29910001158714294
Training round: 843		accuracy = 0.26460000872612
Training round: 844		accuracy = 0.26750001311302185
Training round: 845		accuracy = 0.13050000369548798
Training round: 846		accuracy = 0.2644999921321869
Training round: 847		accuracy = 0.19509999454021454
Training round: 848		accuracy = 0.2093999981880188
Training round: 849		accuracy = 0.30250000953674316
Training round: 850		accuracy = 0.25760000944137573
Training round: 851		accuracy = 0.1046999990940094
Training round: 852		accuracy = 0.29600000381469727
Training round: 853		accuracy = 0.10419999808073044
Training round: 854		accuracy = 0.1736000031232834
Training round: 855		accuracy = 0.2703000009059906
Training round: 856		accuracy = 0.29429998993873596
Training round: 857		accuracy = 0.2799000144004822
Training round: 858		accuracy = 0.26570001244544983
Training round: 859		accuracy = 0.2849000096321106
Training round: 860		accuracy = 0.30550000071525574
Training round: 861		accuracy = 0.2741999924182892
Training round: 862		accuracy = 0.20479999482631683
Training round: 863		accuracy = 0.31470000743865967
Training round: 864		accuracy = 0.2150000035762787
Training round: 865		accuracy = 0.20720000565052032
Training round: 866		accuracy = 0.314300000667572
Training round: 867		accuracy = 0.2287999987602234
Training round: 868		accuracy = 0.31119999289512634
Training round: 869		accuracy = 0.21320000290870667
Training round: 870		accuracy = 0.11739999800920486
Training round: 871		accuracy = 0.1031000018119812
Training round: 872		accuracy = 0.29319998621940613
Training round: 873		accuracy = 0.3046000003814697
Training round: 874		accuracy = 0.13040000200271606
Training round: 875		accuracy = 0.29429998993873596
Training round: 876		accuracy = 0.21230000257492065
Training round: 877		accuracy = 0.27239999175071716
Training round: 878		accuracy = 0.3116999864578247
Training round: 879		accuracy = 0.17219999432563782
Training round: 880		accuracy = 0.1354999989271164
Training round: 881		accuracy = 0.29010000824928284
Training round: 882		accuracy = 0.271699994802475
Training round: 883		accuracy = 0.2752000093460083
Training round: 884		accuracy = 0.14229999482631683
Training round: 885		accuracy = 0.19589999318122864
Training round: 886		accuracy = 0.1347000002861023
Training round: 887		accuracy = 0.10419999808073044
Training round: 888		accuracy = 0.30379998683929443
Training round: 889		accuracy = 0.10570000112056732
Training round: 890		accuracy = 0.2773999869823456
Training round: 891		accuracy = 0.3019999861717224
Training round: 892		accuracy = 0.31940001249313354
Training round: 893		accuracy = 0.17730000615119934
Training round: 894		accuracy = 0.12870000302791595
Training round: 895		accuracy = 0.257999986410141
Training round: 896		accuracy = 0.2321999967098236
Training round: 897		accuracy = 0.2045000046491623
Training round: 898		accuracy = 0.3156000077724457
Training round: 899		accuracy = 0.22030000388622284
Training round: 900		accuracy = 0.26420000195503235
Training round: 901		accuracy = 0.30809998512268066
Training round: 902		accuracy = 0.19820000231266022
Training round: 903		accuracy = 0.3167000114917755
Training round: 904		accuracy = 0.14949999749660492
Training round: 905		accuracy = 0.3075000047683716
Training round: 906		accuracy = 0.10769999772310257
Training round: 907		accuracy = 0.09880000352859497
Training round: 908		accuracy = 0.1468999981880188
Training round: 909		accuracy = 0.29829999804496765
Training round: 910		accuracy = 0.20489999651908875
Training round: 911		accuracy = 0.3188000023365021
Training round: 912		accuracy = 0.24650000035762787
Training round: 913		accuracy = 0.2599000036716461
Training round: 914		accuracy = 0.30140000581741333
Training round: 915		accuracy = 0.27649998664855957
Training round: 916		accuracy = 0.2076999992132187
Training round: 917		accuracy = 0.16019999980926514
Training round: 918		accuracy = 0.27309998869895935
Training round: 919		accuracy = 0.301800012588501
Training round: 920		accuracy = 0.28060001134872437
Training round: 921		accuracy = 0.30390000343322754
Training round: 922		accuracy = 0.09380000084638596
Training round: 923		accuracy = 0.2962000072002411
Training round: 924		accuracy = 0.30160000920295715
Training round: 925		accuracy = 0.2061000019311905
Training round: 926		accuracy = 0.18140000104904175
Training round: 927		accuracy = 0.09920000284910202
Training round: 928		accuracy = 0.28349998593330383
Training round: 929		accuracy = 0.17249999940395355
Training round: 930		accuracy = 0.29670000076293945
Training round: 931		accuracy = 0.28060001134872437
Training round: 932		accuracy = 0.2833000123500824
Training round: 933		accuracy = 0.14030000567436218
Training round: 934		accuracy = 0.0828000009059906
Training round: 935		accuracy = 0.28279998898506165
Training round: 936		accuracy = 0.15489999949932098
Training round: 937		accuracy = 0.1273999959230423
Training round: 938		accuracy = 0.2484000027179718
Training round: 939		accuracy = 0.27140000462532043
Training round: 940		accuracy = 0.305400013923645
Training round: 941		accuracy = 0.2540000081062317
Training round: 942		accuracy = 0.2799000144004822
Training round: 943		accuracy = 0.28780001401901245
Training round: 944		accuracy = 0.3246999979019165
Training round: 945		accuracy = 0.23579999804496765
Training round: 946		accuracy = 0.2648000121116638
Training round: 947		accuracy = 0.2741999924182892
Training round: 948		accuracy = 0.2870999872684479
Training round: 949		accuracy = 0.2752000093460083
Training round: 950		accuracy = 0.2939000129699707
Training round: 951		accuracy = 0.3084000051021576
Training round: 952		accuracy = 0.2912999987602234
Training round: 953		accuracy = 0.3379000127315521
Training round: 954		accuracy = 0.3100000023841858
Training round: 955		accuracy = 0.29490000009536743
Training round: 956		accuracy = 0.3057999908924103
Training round: 957		accuracy = 0.2784000039100647
Training round: 958		accuracy = 0.31630000472068787
Training round: 959		accuracy = 0.3416000008583069
Training round: 960		accuracy = 0.3174000084400177
Training round: 961		accuracy = 0.30869999527931213
Training round: 962		accuracy = 0.31610000133514404
Training round: 963		accuracy = 0.12020000070333481
Training round: 964		accuracy = 0.3010999858379364
Training round: 965		accuracy = 0.31769999861717224
Training round: 966		accuracy = 0.2971000075340271
Training round: 967		accuracy = 0.30149999260902405
Training round: 968		accuracy = 0.18080000579357147
Training round: 969		accuracy = 0.13930000364780426
Training round: 970		accuracy = 0.13899999856948853
Training round: 971		accuracy = 0.29840001463890076
Training round: 972		accuracy = 0.26440000534057617
Training round: 973		accuracy = 0.1949000060558319
Training round: 974		accuracy = 0.3228999972343445
Training round: 975		accuracy = 0.31189998984336853
Training round: 976		accuracy = 0.3037000000476837
Training round: 977		accuracy = 0.21080000698566437
Training round: 978		accuracy = 0.3327000141143799
Training round: 979		accuracy = 0.3138999938964844
Training round: 980		accuracy = 0.24770000576972961
Training round: 981		accuracy = 0.3222000002861023
Training round: 982		accuracy = 0.31540000438690186
Training round: 983		accuracy = 0.31209999322891235
Training round: 984		accuracy = 0.2973000109195709
Training round: 985		accuracy = 0.3018999993801117
Training round: 986		accuracy = 0.31310001015663147
Training round: 987		accuracy = 0.31470000743865967
Training round: 988		accuracy = 0.30649998784065247
Training round: 989		accuracy = 0.32820001244544983
Training round: 990		accuracy = 0.3221000134944916
Training round: 991		accuracy = 0.14020000398159027
Training round: 992		accuracy = 0.2150000035762787
Training round: 993		accuracy = 0.30720001459121704
Training round: 994		accuracy = 0.23880000412464142
Training round: 995		accuracy = 0.29499998688697815
Training round: 996		accuracy = 0.15549999475479126
Training round: 997		accuracy = 0.28279998898506165
Training round: 998		accuracy = 0.26100000739097595
Training round: 999		accuracy = 0.3131999969482422
Training round: 1000		accuracy = 0.3416000008583069
Training duration 10006.456532716751
