2021-08-21 22:39:51.431156: I tensorflow/stream_executor/platform/default/dso_loader.cc:49] Successfully opened dynamic library libcudart.so.11.0
2021-08-21 22:41:18.167450: I tensorflow/compiler/jit/xla_cpu_device.cc:41] Not creating XLA devices, tf_xla_enable_xla_devices not set
2021-08-21 22:41:18.262273: I tensorflow/stream_executor/platform/default/dso_loader.cc:49] Successfully opened dynamic library libcuda.so.1
2021-08-21 22:41:18.314144: I tensorflow/core/common_runtime/gpu/gpu_device.cc:1720] Found device 0 with properties: 
pciBusID: 0000:03:00.0 name: Tesla P100-PCIE-12GB computeCapability: 6.0
coreClock: 1.3285GHz coreCount: 56 deviceMemorySize: 11.91GiB deviceMemoryBandwidth: 511.41GiB/s
2021-08-21 22:41:18.315300: I tensorflow/stream_executor/platform/default/dso_loader.cc:49] Successfully opened dynamic library libcudart.so.11.0
2021-08-21 22:41:18.325764: I tensorflow/stream_executor/platform/default/dso_loader.cc:49] Successfully opened dynamic library libcublas.so.11
2021-08-21 22:41:18.325951: I tensorflow/stream_executor/platform/default/dso_loader.cc:49] Successfully opened dynamic library libcublasLt.so.11
2021-08-21 22:41:18.332508: I tensorflow/stream_executor/platform/default/dso_loader.cc:49] Successfully opened dynamic library libcufft.so.10
2021-08-21 22:41:18.335814: I tensorflow/stream_executor/platform/default/dso_loader.cc:49] Successfully opened dynamic library libcurand.so.10
2021-08-21 22:41:18.343334: I tensorflow/stream_executor/platform/default/dso_loader.cc:49] Successfully opened dynamic library libcusolver.so.10
2021-08-21 22:41:18.345446: I tensorflow/stream_executor/platform/default/dso_loader.cc:49] Successfully opened dynamic library libcusparse.so.11
2021-08-21 22:41:18.347346: I tensorflow/stream_executor/platform/default/dso_loader.cc:49] Successfully opened dynamic library libcudnn.so.8
2021-08-21 22:41:18.352844: I tensorflow/core/common_runtime/gpu/gpu_device.cc:1862] Adding visible gpu devices: 0
2021-08-21 22:41:18.372241: I tensorflow/core/platform/cpu_feature_guard.cc:142] This TensorFlow binary is optimized with oneAPI Deep Neural Network Library (oneDNN) to use the following CPU instructions in performance-critical operations:  AVX2 FMA
To enable them in other operations, rebuild TensorFlow with the appropriate compiler flags.
2021-08-21 22:41:18.380308: I tensorflow/compiler/jit/xla_gpu_device.cc:99] Not creating XLA devices, tf_xla_enable_xla_devices not set
2021-08-21 22:41:18.383041: I tensorflow/core/common_runtime/gpu/gpu_device.cc:1720] Found device 0 with properties: 
pciBusID: 0000:03:00.0 name: Tesla P100-PCIE-12GB computeCapability: 6.0
coreClock: 1.3285GHz coreCount: 56 deviceMemorySize: 11.91GiB deviceMemoryBandwidth: 511.41GiB/s
2021-08-21 22:41:18.383148: I tensorflow/stream_executor/platform/default/dso_loader.cc:49] Successfully opened dynamic library libcudart.so.11.0
2021-08-21 22:41:18.383242: I tensorflow/stream_executor/platform/default/dso_loader.cc:49] Successfully opened dynamic library libcublas.so.11
2021-08-21 22:41:18.383297: I tensorflow/stream_executor/platform/default/dso_loader.cc:49] Successfully opened dynamic library libcublasLt.so.11
2021-08-21 22:41:18.383401: I tensorflow/stream_executor/platform/default/dso_loader.cc:49] Successfully opened dynamic library libcufft.so.10
2021-08-21 22:41:18.383481: I tensorflow/stream_executor/platform/default/dso_loader.cc:49] Successfully opened dynamic library libcurand.so.10
2021-08-21 22:41:18.383570: I tensorflow/stream_executor/platform/default/dso_loader.cc:49] Successfully opened dynamic library libcusolver.so.10
2021-08-21 22:41:18.383657: I tensorflow/stream_executor/platform/default/dso_loader.cc:49] Successfully opened dynamic library libcusparse.so.11
2021-08-21 22:41:18.383716: I tensorflow/stream_executor/platform/default/dso_loader.cc:49] Successfully opened dynamic library libcudnn.so.8
2021-08-21 22:41:18.385640: I tensorflow/core/common_runtime/gpu/gpu_device.cc:1862] Adding visible gpu devices: 0
2021-08-21 22:41:18.386288: I tensorflow/stream_executor/platform/default/dso_loader.cc:49] Successfully opened dynamic library libcudart.so.11.0
2021-08-21 22:41:20.077953: I tensorflow/core/common_runtime/gpu/gpu_device.cc:1261] Device interconnect StreamExecutor with strength 1 edge matrix:
2021-08-21 22:41:20.078172: I tensorflow/core/common_runtime/gpu/gpu_device.cc:1267]      0 
2021-08-21 22:41:20.079467: I tensorflow/core/common_runtime/gpu/gpu_device.cc:1280] 0:   N 
2021-08-21 22:41:20.093805: I tensorflow/core/common_runtime/gpu/gpu_device.cc:1406] Created TensorFlow device (/job:localhost/replica:0/task:0/device:GPU:0 with 11119 MB memory) -> physical GPU (device: 0, name: Tesla P100-PCIE-12GB, pci bus id: 0000:03:00.0, compute capability: 6.0)
2021-08-21 22:41:40.836095: I tensorflow/compiler/mlir/mlir_graph_optimization_pass.cc:116] None of the MLIR optimization passes are enabled (registered 2)
2021-08-21 22:41:40.847864: I tensorflow/core/platform/profile_utils/cpu_utils.cc:112] CPU Frequency: 2199985000 Hz
2021-08-21 22:41:41.018151: I tensorflow/stream_executor/platform/default/dso_loader.cc:49] Successfully opened dynamic library libcublas.so.11
2021-08-21 22:41:41.417978: I tensorflow/stream_executor/platform/default/dso_loader.cc:49] Successfully opened dynamic library libcublasLt.so.11
2021-08-21 22:41:41.457625: I tensorflow/stream_executor/platform/default/dso_loader.cc:49] Successfully opened dynamic library libcudnn.so.8
2021-08-21 22:41:44.260910: W tensorflow/stream_executor/gpu/asm_compiler.cc:63] Running ptxas --version returned 256
2021-08-21 22:41:44.914978: W tensorflow/stream_executor/gpu/redzone_allocator.cc:314] Internal: ptxas exited with non-zero error code 256, output: 
Relying on driver to perform ptx compilation. 
Modify $PATH to customize ptxas location.
This message will be only logged once.
NoiseMutator started.
NoiseMutator finished.
Training round: 1		accuracy = 0.5979710221290588
Training round: 2		accuracy = 0.662028968334198
Training round: 3		accuracy = 0.678260862827301
Training round: 4		accuracy = 0.683768093585968
Training round: 5		accuracy = 0.6886956691741943
Training round: 6		accuracy = 0.7002898454666138
Training round: 7		accuracy = 0.6843478083610535
Training round: 8		accuracy = 0.6660869717597961
Training round: 9		accuracy = 0.6878260970115662
Training round: 10		accuracy = 0.6875362396240234
Training round: 11		accuracy = 0.6820290088653564
Training round: 12		accuracy = 0.7060869336128235
Training round: 13		accuracy = 0.6840579509735107
Training round: 14		accuracy = 0.6930434703826904
Training round: 15		accuracy = 0.7133333086967468
Training round: 16		accuracy = 0.7200000286102295
Training round: 17		accuracy = 0.7081159353256226
Training round: 18		accuracy = 0.7101449370384216
Training round: 19		accuracy = 0.7362318634986877
Training round: 20		accuracy = 0.7234782576560974
Training round: 21		accuracy = 0.714202880859375
Training round: 22		accuracy = 0.7339130640029907
Training round: 23		accuracy = 0.7362318634986877
Training round: 24		accuracy = 0.7040579915046692
Training round: 25		accuracy = 0.7275362610816956
Training round: 26		accuracy = 0.7278260588645935
Training round: 27		accuracy = 0.7281159162521362
Training round: 28		accuracy = 0.7295652031898499
Training round: 29		accuracy = 0.7028985619544983
Training round: 30		accuracy = 0.7246376872062683
Training round: 31		accuracy = 0.7188405990600586
Training round: 32		accuracy = 0.7405797243118286
Training round: 33		accuracy = 0.7313043475151062
Training round: 34		accuracy = 0.7063767910003662
Training round: 35		accuracy = 0.7240579724311829
Training round: 36		accuracy = 0.7324637770652771
Training round: 37		accuracy = 0.7298550605773926
Training round: 38		accuracy = 0.7298550605773926
Training round: 39		accuracy = 0.7208695411682129
Training round: 40		accuracy = 0.730434775352478
Training round: 41		accuracy = 0.7237681150436401
Training round: 42		accuracy = 0.7318840622901917
Training round: 43		accuracy = 0.7324637770652771
Training round: 44		accuracy = 0.7368115782737732
Training round: 45		accuracy = 0.7315942049026489
Training round: 46		accuracy = 0.7278260588645935
Training round: 47		accuracy = 0.7275362610816956
Training round: 48		accuracy = 0.7275362610816956
Training round: 49		accuracy = 0.7278260588645935
Training round: 50		accuracy = 0.7339130640029907
Training round: 51		accuracy = 0.7315942049026489
Training round: 52		accuracy = 0.7237681150436401
Training round: 53		accuracy = 0.7330434918403625
Training round: 54		accuracy = 0.7313043475151062
Training round: 55		accuracy = 0.7260869741439819
Training round: 56		accuracy = 0.7318840622901917
Training round: 57		accuracy = 0.7234782576560974
Training round: 58		accuracy = 0.7292753458023071
Training round: 59		accuracy = 0.7373912930488586
Training round: 60		accuracy = 0.7342029213905334
Training round: 61		accuracy = 0.7321739196777344
Training round: 62		accuracy = 0.7310144901275635
Training round: 63		accuracy = 0.7269565463066101
Training round: 64		accuracy = 0.7263768315315247
Training round: 65		accuracy = 0.7260869741439819
Training round: 66		accuracy = 0.7373912930488586
Training round: 67		accuracy = 0.7318840622901917
Training round: 68		accuracy = 0.728405773639679
Training round: 69		accuracy = 0.7295652031898499
Training round: 70		accuracy = 0.7315942049026489
Training round: 71		accuracy = 0.7301449179649353
Training round: 72		accuracy = 0.7307246327400208
Training round: 73		accuracy = 0.7301449179649353
Training round: 74		accuracy = 0.7327536344528198
Training round: 75		accuracy = 0.7298550605773926
Training round: 76		accuracy = 0.730434775352478
Training round: 77		accuracy = 0.7298550605773926
Training round: 78		accuracy = 0.730434775352478
Training round: 79		accuracy = 0.730434775352478
Training round: 80		accuracy = 0.7321739196777344
Training round: 81		accuracy = 0.730434775352478
Training round: 82		accuracy = 0.7313043475151062
Training round: 83		accuracy = 0.7315942049026489
Training round: 84		accuracy = 0.733623206615448
Training round: 85		accuracy = 0.7327536344528198
Training round: 86		accuracy = 0.7339130640029907
Training round: 87		accuracy = 0.7333333492279053
Training round: 88		accuracy = 0.7342029213905334
Training round: 89		accuracy = 0.7342029213905334
Training round: 90		accuracy = 0.7333333492279053
Training round: 91		accuracy = 0.7344927787780762
Training round: 92		accuracy = 0.733623206615448
Training round: 93		accuracy = 0.733623206615448
Training round: 94		accuracy = 0.7347826361656189
Training round: 95		accuracy = 0.7339130640029907
Training round: 96		accuracy = 0.7342029213905334
Training round: 97		accuracy = 0.7342029213905334
Training round: 98		accuracy = 0.7339130640029907
Training round: 99		accuracy = 0.7356521487236023
Training round: 100		accuracy = 0.735942006111145
Training duration 9139.631260156631
