2021-08-23 16:55:24.419605: I tensorflow/stream_executor/platform/default/dso_loader.cc:49] Successfully opened dynamic library libcudart.so.11.0
2021-08-23 16:55:51.527078: I tensorflow/compiler/jit/xla_cpu_device.cc:41] Not creating XLA devices, tf_xla_enable_xla_devices not set
2021-08-23 16:55:51.532820: I tensorflow/stream_executor/platform/default/dso_loader.cc:49] Successfully opened dynamic library libcuda.so.1
2021-08-23 16:55:51.596609: I tensorflow/core/common_runtime/gpu/gpu_device.cc:1720] Found device 0 with properties: 
pciBusID: 0000:3b:00.0 name: Tesla V100-SXM2-32GB computeCapability: 7.0
coreClock: 1.53GHz coreCount: 80 deviceMemorySize: 31.75GiB deviceMemoryBandwidth: 836.37GiB/s
2021-08-23 16:55:51.597534: I tensorflow/stream_executor/platform/default/dso_loader.cc:49] Successfully opened dynamic library libcudart.so.11.0
2021-08-23 16:55:51.609732: I tensorflow/stream_executor/platform/default/dso_loader.cc:49] Successfully opened dynamic library libcublas.so.11
2021-08-23 16:55:51.609887: I tensorflow/stream_executor/platform/default/dso_loader.cc:49] Successfully opened dynamic library libcublasLt.so.11
2021-08-23 16:55:51.615310: I tensorflow/stream_executor/platform/default/dso_loader.cc:49] Successfully opened dynamic library libcufft.so.10
2021-08-23 16:55:51.617774: I tensorflow/stream_executor/platform/default/dso_loader.cc:49] Successfully opened dynamic library libcurand.so.10
2021-08-23 16:55:51.625483: I tensorflow/stream_executor/platform/default/dso_loader.cc:49] Successfully opened dynamic library libcusolver.so.10
2021-08-23 16:55:51.627668: I tensorflow/stream_executor/platform/default/dso_loader.cc:49] Successfully opened dynamic library libcusparse.so.11
2021-08-23 16:55:51.628806: I tensorflow/stream_executor/platform/default/dso_loader.cc:49] Successfully opened dynamic library libcudnn.so.8
2021-08-23 16:55:51.634028: I tensorflow/core/common_runtime/gpu/gpu_device.cc:1862] Adding visible gpu devices: 0
2021-08-23 16:55:51.637897: I tensorflow/core/platform/cpu_feature_guard.cc:142] This TensorFlow binary is optimized with oneAPI Deep Neural Network Library (oneDNN) to use the following CPU instructions in performance-critical operations:  AVX2 AVX512F FMA
To enable them in other operations, rebuild TensorFlow with the appropriate compiler flags.
2021-08-23 16:55:51.638145: I tensorflow/compiler/jit/xla_gpu_device.cc:99] Not creating XLA devices, tf_xla_enable_xla_devices not set
2021-08-23 16:55:51.640771: I tensorflow/core/common_runtime/gpu/gpu_device.cc:1720] Found device 0 with properties: 
pciBusID: 0000:3b:00.0 name: Tesla V100-SXM2-32GB computeCapability: 7.0
coreClock: 1.53GHz coreCount: 80 deviceMemorySize: 31.75GiB deviceMemoryBandwidth: 836.37GiB/s
2021-08-23 16:55:51.640859: I tensorflow/stream_executor/platform/default/dso_loader.cc:49] Successfully opened dynamic library libcudart.so.11.0
2021-08-23 16:55:51.640919: I tensorflow/stream_executor/platform/default/dso_loader.cc:49] Successfully opened dynamic library libcublas.so.11
2021-08-23 16:55:51.640969: I tensorflow/stream_executor/platform/default/dso_loader.cc:49] Successfully opened dynamic library libcublasLt.so.11
2021-08-23 16:55:51.641009: I tensorflow/stream_executor/platform/default/dso_loader.cc:49] Successfully opened dynamic library libcufft.so.10
2021-08-23 16:55:51.641132: I tensorflow/stream_executor/platform/default/dso_loader.cc:49] Successfully opened dynamic library libcurand.so.10
2021-08-23 16:55:51.641186: I tensorflow/stream_executor/platform/default/dso_loader.cc:49] Successfully opened dynamic library libcusolver.so.10
2021-08-23 16:55:51.641228: I tensorflow/stream_executor/platform/default/dso_loader.cc:49] Successfully opened dynamic library libcusparse.so.11
2021-08-23 16:55:51.641273: I tensorflow/stream_executor/platform/default/dso_loader.cc:49] Successfully opened dynamic library libcudnn.so.8
2021-08-23 16:55:51.645863: I tensorflow/core/common_runtime/gpu/gpu_device.cc:1862] Adding visible gpu devices: 0
2021-08-23 16:55:51.646011: I tensorflow/stream_executor/platform/default/dso_loader.cc:49] Successfully opened dynamic library libcudart.so.11.0
2021-08-23 16:55:52.971200: I tensorflow/core/common_runtime/gpu/gpu_device.cc:1261] Device interconnect StreamExecutor with strength 1 edge matrix:
2021-08-23 16:55:52.971374: I tensorflow/core/common_runtime/gpu/gpu_device.cc:1267]      0 
2021-08-23 16:55:52.971464: I tensorflow/core/common_runtime/gpu/gpu_device.cc:1280] 0:   N 
2021-08-23 16:55:52.979478: I tensorflow/core/common_runtime/gpu/gpu_device.cc:1406] Created TensorFlow device (/job:localhost/replica:0/task:0/device:GPU:0 with 30130 MB memory) -> physical GPU (device: 0, name: Tesla V100-SXM2-32GB, pci bus id: 0000:3b:00.0, compute capability: 7.0)
2021-08-23 16:56:09.577533: I tensorflow/compiler/mlir/mlir_graph_optimization_pass.cc:116] None of the MLIR optimization passes are enabled (registered 2)
2021-08-23 16:56:09.581971: I tensorflow/core/platform/profile_utils/cpu_utils.cc:112] CPU Frequency: 2100000000 Hz
2021-08-23 16:56:09.675612: I tensorflow/stream_executor/platform/default/dso_loader.cc:49] Successfully opened dynamic library libcublas.so.11
2021-08-23 16:56:10.354484: I tensorflow/stream_executor/platform/default/dso_loader.cc:49] Successfully opened dynamic library libcublasLt.so.11
2021-08-23 16:56:10.365950: I tensorflow/stream_executor/platform/default/dso_loader.cc:49] Successfully opened dynamic library libcudnn.so.8
2021-08-23 16:56:13.710800: W tensorflow/stream_executor/gpu/asm_compiler.cc:63] Running ptxas --version returned 256
2021-08-23 16:56:14.327094: W tensorflow/stream_executor/gpu/redzone_allocator.cc:314] Internal: ptxas exited with non-zero error code 256, output: 
Relying on driver to perform ptx compilation. 
Modify $PATH to customize ptxas location.
This message will be only logged once.
DeleteMutator started.
DeleteMutator finished.
Training round: 1		accuracy = 0.653333306312561
Training round: 2		accuracy = 0.6518840789794922
Training round: 3		accuracy = 0.6663768291473389
Training round: 4		accuracy = 0.6785507202148438
Training round: 5		accuracy = 0.6866666674613953
Training round: 6		accuracy = 0.6915941834449768
Training round: 7		accuracy = 0.6889855265617371
Training round: 8		accuracy = 0.6939130425453186
Training round: 9		accuracy = 0.6997101306915283
Training round: 10		accuracy = 0.6971014738082886
Training round: 11		accuracy = 0.705507218837738
Training round: 12		accuracy = 0.7098550796508789
Training round: 13		accuracy = 0.7159420251846313
Training round: 14		accuracy = 0.7165217399597168
Training round: 15		accuracy = 0.7211593985557556
Training round: 16		accuracy = 0.7240579724311829
Training round: 17		accuracy = 0.7240579724311829
Training round: 18		accuracy = 0.7234782576560974
Training round: 19		accuracy = 0.733623206615448
Training round: 20		accuracy = 0.7318840622901917
Training round: 21		accuracy = 0.7313043475151062
Training round: 22		accuracy = 0.7281159162521362
Training round: 23		accuracy = 0.7301449179649353
Training round: 24		accuracy = 0.7324637770652771
Training round: 25		accuracy = 0.7295652031898499
Training round: 26		accuracy = 0.7307246327400208
Training round: 27		accuracy = 0.7347826361656189
Training round: 28		accuracy = 0.7301449179649353
Training round: 29		accuracy = 0.7353622913360596
Training round: 30		accuracy = 0.7382608652114868
Training round: 31		accuracy = 0.7356521487236023
Training round: 32		accuracy = 0.7275362610816956
Training round: 33		accuracy = 0.7394202947616577
Training round: 34		accuracy = 0.7379710078239441
Training round: 35		accuracy = 0.7339130640029907
Training round: 36		accuracy = 0.7371014356613159
Training round: 37		accuracy = 0.7431883811950684
Training round: 38		accuracy = 0.7400000095367432
Training round: 39		accuracy = 0.7437680959701538
Training round: 40		accuracy = 0.7443478107452393
Training round: 41		accuracy = 0.7449275255203247
Training round: 42		accuracy = 0.744637668132782
Training round: 43		accuracy = 0.7463768124580383
Training round: 44		accuracy = 0.7437680959701538
Training round: 45		accuracy = 0.7440579533576965
Training round: 46		accuracy = 0.7411594390869141
Training round: 47		accuracy = 0.742318868637085
Training round: 48		accuracy = 0.7463768124580383
Training round: 49		accuracy = 0.7457970976829529
Training round: 50		accuracy = 0.746666669845581
Training round: 51		accuracy = 0.7426086664199829
Training round: 52		accuracy = 0.7443478107452393
Training round: 53		accuracy = 0.7492753863334656
Training round: 54		accuracy = 0.746666669845581
Training round: 55		accuracy = 0.750144898891449
Training round: 56		accuracy = 0.7507246136665344
Training round: 57		accuracy = 0.7437680959701538
Training round: 58		accuracy = 0.7452173829078674
Training round: 59		accuracy = 0.7463768124580383
Training round: 60		accuracy = 0.7443478107452393
Training round: 61		accuracy = 0.7504347562789917
Training round: 62		accuracy = 0.7460869550704956
Training round: 63		accuracy = 0.744637668132782
Training round: 64		accuracy = 0.7492753863334656
Training round: 65		accuracy = 0.7449275255203247
Training round: 66		accuracy = 0.7469565272331238
Training round: 67		accuracy = 0.7472463846206665
Training round: 68		accuracy = 0.7463768124580383
Training round: 69		accuracy = 0.7484058141708374
Training round: 70		accuracy = 0.746666669845581
Training round: 71		accuracy = 0.750144898891449
Training round: 72		accuracy = 0.7507246136665344
Training round: 73		accuracy = 0.7489855289459229
Training round: 74		accuracy = 0.7504347562789917
Training round: 75		accuracy = 0.7489855289459229
Training round: 76		accuracy = 0.7492753863334656
Training round: 77		accuracy = 0.7475362420082092
Training round: 78		accuracy = 0.7504347562789917
Training round: 79		accuracy = 0.750144898891449
Training round: 80		accuracy = 0.7515941858291626
Training round: 81		accuracy = 0.749855101108551
Training round: 82		accuracy = 0.752173900604248
Training round: 83		accuracy = 0.7518840432167053
Training round: 84		accuracy = 0.7507246136665344
Training round: 85		accuracy = 0.752173900604248
Training round: 86		accuracy = 0.7513043284416199
Training round: 87		accuracy = 0.7510144710540771
Training round: 88		accuracy = 0.7524637579917908
Training round: 89		accuracy = 0.7515941858291626
Training round: 90		accuracy = 0.7510144710540771
Training round: 91		accuracy = 0.7518840432167053
Training round: 92		accuracy = 0.7486956715583801
Training round: 93		accuracy = 0.7492753863334656
Training round: 94		accuracy = 0.752173900604248
Training round: 95		accuracy = 0.7513043284416199
Training round: 96		accuracy = 0.7515941858291626
Training round: 97		accuracy = 0.7489855289459229
Training round: 98		accuracy = 0.7510144710540771
Training round: 99		accuracy = 0.7489855289459229
Training round: 100		accuracy = 0.750144898891449
Training duration 7819.840815782547
