2021-08-23 16:03:06.784225: I tensorflow/stream_executor/platform/default/dso_loader.cc:49] Successfully opened dynamic library libcudart.so.11.0
2021-08-23 16:03:35.120033: I tensorflow/compiler/jit/xla_cpu_device.cc:41] Not creating XLA devices, tf_xla_enable_xla_devices not set
2021-08-23 16:03:35.125612: I tensorflow/stream_executor/platform/default/dso_loader.cc:49] Successfully opened dynamic library libcuda.so.1
2021-08-23 16:03:35.159763: I tensorflow/core/common_runtime/gpu/gpu_device.cc:1720] Found device 0 with properties: 
pciBusID: 0000:83:00.0 name: Tesla P100-PCIE-12GB computeCapability: 6.0
coreClock: 1.3285GHz coreCount: 56 deviceMemorySize: 11.91GiB deviceMemoryBandwidth: 511.41GiB/s
2021-08-23 16:03:35.160489: I tensorflow/stream_executor/platform/default/dso_loader.cc:49] Successfully opened dynamic library libcudart.so.11.0
2021-08-23 16:03:35.170506: I tensorflow/stream_executor/platform/default/dso_loader.cc:49] Successfully opened dynamic library libcublas.so.11
2021-08-23 16:03:35.170663: I tensorflow/stream_executor/platform/default/dso_loader.cc:49] Successfully opened dynamic library libcublasLt.so.11
2021-08-23 16:03:35.176233: I tensorflow/stream_executor/platform/default/dso_loader.cc:49] Successfully opened dynamic library libcufft.so.10
2021-08-23 16:03:35.179024: I tensorflow/stream_executor/platform/default/dso_loader.cc:49] Successfully opened dynamic library libcurand.so.10
2021-08-23 16:03:35.187515: I tensorflow/stream_executor/platform/default/dso_loader.cc:49] Successfully opened dynamic library libcusolver.so.10
2021-08-23 16:03:35.189892: I tensorflow/stream_executor/platform/default/dso_loader.cc:49] Successfully opened dynamic library libcusparse.so.11
2021-08-23 16:03:35.190904: I tensorflow/stream_executor/platform/default/dso_loader.cc:49] Successfully opened dynamic library libcudnn.so.8
2021-08-23 16:03:35.193286: I tensorflow/core/common_runtime/gpu/gpu_device.cc:1862] Adding visible gpu devices: 0
2021-08-23 16:03:35.196568: I tensorflow/core/platform/cpu_feature_guard.cc:142] This TensorFlow binary is optimized with oneAPI Deep Neural Network Library (oneDNN) to use the following CPU instructions in performance-critical operations:  AVX2 FMA
To enable them in other operations, rebuild TensorFlow with the appropriate compiler flags.
2021-08-23 16:03:35.196972: I tensorflow/compiler/jit/xla_gpu_device.cc:99] Not creating XLA devices, tf_xla_enable_xla_devices not set
2021-08-23 16:03:35.198116: I tensorflow/core/common_runtime/gpu/gpu_device.cc:1720] Found device 0 with properties: 
pciBusID: 0000:83:00.0 name: Tesla P100-PCIE-12GB computeCapability: 6.0
coreClock: 1.3285GHz coreCount: 56 deviceMemorySize: 11.91GiB deviceMemoryBandwidth: 511.41GiB/s
2021-08-23 16:03:35.198218: I tensorflow/stream_executor/platform/default/dso_loader.cc:49] Successfully opened dynamic library libcudart.so.11.0
2021-08-23 16:03:35.198318: I tensorflow/stream_executor/platform/default/dso_loader.cc:49] Successfully opened dynamic library libcublas.so.11
2021-08-23 16:03:35.198412: I tensorflow/stream_executor/platform/default/dso_loader.cc:49] Successfully opened dynamic library libcublasLt.so.11
2021-08-23 16:03:35.198519: I tensorflow/stream_executor/platform/default/dso_loader.cc:49] Successfully opened dynamic library libcufft.so.10
2021-08-23 16:03:35.198622: I tensorflow/stream_executor/platform/default/dso_loader.cc:49] Successfully opened dynamic library libcurand.so.10
2021-08-23 16:03:35.198701: I tensorflow/stream_executor/platform/default/dso_loader.cc:49] Successfully opened dynamic library libcusolver.so.10
2021-08-23 16:03:35.198793: I tensorflow/stream_executor/platform/default/dso_loader.cc:49] Successfully opened dynamic library libcusparse.so.11
2021-08-23 16:03:35.198893: I tensorflow/stream_executor/platform/default/dso_loader.cc:49] Successfully opened dynamic library libcudnn.so.8
2021-08-23 16:03:35.200763: I tensorflow/core/common_runtime/gpu/gpu_device.cc:1862] Adding visible gpu devices: 0
2021-08-23 16:03:35.200893: I tensorflow/stream_executor/platform/default/dso_loader.cc:49] Successfully opened dynamic library libcudart.so.11.0
2021-08-23 16:03:36.397000: I tensorflow/core/common_runtime/gpu/gpu_device.cc:1261] Device interconnect StreamExecutor with strength 1 edge matrix:
2021-08-23 16:03:36.397212: I tensorflow/core/common_runtime/gpu/gpu_device.cc:1267]      0 
2021-08-23 16:03:36.397320: I tensorflow/core/common_runtime/gpu/gpu_device.cc:1280] 0:   N 
2021-08-23 16:03:36.402886: I tensorflow/core/common_runtime/gpu/gpu_device.cc:1406] Created TensorFlow device (/job:localhost/replica:0/task:0/device:GPU:0 with 11119 MB memory) -> physical GPU (device: 0, name: Tesla P100-PCIE-12GB, pci bus id: 0000:83:00.0, compute capability: 6.0)
2021-08-23 16:03:43.836973: I tensorflow/compiler/mlir/mlir_graph_optimization_pass.cc:116] None of the MLIR optimization passes are enabled (registered 2)
2021-08-23 16:03:43.840366: I tensorflow/core/platform/profile_utils/cpu_utils.cc:112] CPU Frequency: 2199975000 Hz
2021-08-23 16:03:43.912791: I tensorflow/stream_executor/platform/default/dso_loader.cc:49] Successfully opened dynamic library libcublas.so.11
2021-08-23 16:03:44.273981: I tensorflow/stream_executor/platform/default/dso_loader.cc:49] Successfully opened dynamic library libcublasLt.so.11
2021-08-23 16:03:44.281346: I tensorflow/stream_executor/platform/default/dso_loader.cc:49] Successfully opened dynamic library libcudnn.so.8
2021-08-23 16:03:45.924690: W tensorflow/stream_executor/gpu/asm_compiler.cc:63] Running ptxas --version returned 256
2021-08-23 16:03:45.988724: W tensorflow/stream_executor/gpu/redzone_allocator.cc:314] Internal: ptxas exited with non-zero error code 256, output: 
Relying on driver to perform ptx compilation. 
Modify $PATH to customize ptxas location.
This message will be only logged once.
OverlapMutator started.
OverlapMutator finished.
Training round: 1		accuracy = 0.417391300201416
Training round: 2		accuracy = 0.4739130437374115
Training round: 3		accuracy = 0.45072463154792786
Training round: 4		accuracy = 0.44376811385154724
Training round: 5		accuracy = 0.4501449167728424
Training round: 6		accuracy = 0.4263768196105957
Training round: 7		accuracy = 0.4747826159000397
Training round: 8		accuracy = 0.482028990983963
Training round: 9		accuracy = 0.48811593651771545
Training round: 10		accuracy = 0.508695662021637
Training round: 11		accuracy = 0.5092753767967224
Training round: 12		accuracy = 0.4852173924446106
Training round: 13		accuracy = 0.5020290017127991
Training round: 14		accuracy = 0.48927536606788635
Training round: 15		accuracy = 0.5121738910675049
Training round: 16		accuracy = 0.48898550868034363
Training round: 17		accuracy = 0.5014492869377136
Training round: 18		accuracy = 0.49043479561805725
Training round: 19		accuracy = 0.4513043463230133
Training round: 20		accuracy = 0.5118840336799622
Training round: 21		accuracy = 0.48608696460723877
Training round: 22		accuracy = 0.45971015095710754
Training round: 23		accuracy = 0.43594202399253845
Training round: 24		accuracy = 0.46579709649086
Training round: 25		accuracy = 0.4855072498321533
Training round: 26		accuracy = 0.47449275851249695
Training round: 27		accuracy = 0.4481159448623657
Training round: 28		accuracy = 0.4831884205341339
Training round: 29		accuracy = 0.447826087474823
Training round: 30		accuracy = 0.4692753553390503
Training round: 31		accuracy = 0.45072463154792786
Training round: 32		accuracy = 0.4724637567996979
Training round: 33		accuracy = 0.4556521773338318
Training round: 34		accuracy = 0.4605797231197357
Training round: 35		accuracy = 0.4376811683177948
Training round: 36		accuracy = 0.4556521773338318
Training round: 37		accuracy = 0.45855072140693665
Training round: 38		accuracy = 0.4753623306751251
Training round: 39		accuracy = 0.4730434715747833
Training round: 40		accuracy = 0.4672463834285736
Training round: 41		accuracy = 0.464057981967926
Training round: 42		accuracy = 0.4498550593852997
Training round: 43		accuracy = 0.4669565260410309
Training round: 44		accuracy = 0.45739129185676575
Training round: 45		accuracy = 0.4724637567996979
Training round: 46		accuracy = 0.43710145354270935
Training round: 47		accuracy = 0.4457971155643463
Training round: 48		accuracy = 0.4536231756210327
Training round: 49		accuracy = 0.4582608640193939
Training round: 50		accuracy = 0.4469565153121948
Training round: 51		accuracy = 0.43246376514434814
Training round: 52		accuracy = 0.4568116068840027
Training round: 53		accuracy = 0.4376811683177948
Training round: 54		accuracy = 0.42782607674598694
Training round: 55		accuracy = 0.44608694314956665
Training round: 56		accuracy = 0.4536231756210327
Training round: 57		accuracy = 0.4475362300872803
Training round: 58		accuracy = 0.4376811683177948
Training round: 59		accuracy = 0.46202898025512695
Training round: 60		accuracy = 0.4376811683177948
Training round: 61		accuracy = 0.4365217387676239
Training round: 62		accuracy = 0.4266666769981384
Training round: 63		accuracy = 0.42463767528533936
Training round: 64		accuracy = 0.4214492738246918
Training round: 65		accuracy = 0.4501449167728424
Training round: 66		accuracy = 0.4443478286266327
Training round: 67		accuracy = 0.4214492738246918
Training round: 68		accuracy = 0.44289854168891907
Training round: 69		accuracy = 0.4284057915210724
Training round: 70		accuracy = 0.44260868430137634
Training round: 71		accuracy = 0.41999998688697815
Training round: 72		accuracy = 0.4365217387676239
Training round: 73		accuracy = 0.4469565153121948
Training round: 74		accuracy = 0.4411594271659851
Training round: 75		accuracy = 0.4284057915210724
Training round: 76		accuracy = 0.44057971239089966
Training round: 77		accuracy = 0.4379710257053375
Training round: 78		accuracy = 0.42434781789779663
Training round: 79		accuracy = 0.4295652210712433
Training round: 80		accuracy = 0.3947826027870178
Training round: 81		accuracy = 0.44840580224990845
Training round: 82		accuracy = 0.4249275326728821
Training round: 83		accuracy = 0.4489855170249939
Training round: 84		accuracy = 0.4521739184856415
Training round: 85		accuracy = 0.4330434799194336
Training round: 86		accuracy = 0.43014493584632874
Training round: 87		accuracy = 0.4127536118030548
Training round: 88		accuracy = 0.4397101402282715
Training round: 89		accuracy = 0.42434781789779663
Training round: 90		accuracy = 0.41913044452667236
Training round: 91		accuracy = 0.42579710483551025
Training round: 92		accuracy = 0.4220289885997772
Training round: 93		accuracy = 0.4455072581768036
Training round: 94		accuracy = 0.44173914194107056
Training round: 95		accuracy = 0.42811593413352966
Training round: 96		accuracy = 0.4197101593017578
Training round: 97		accuracy = 0.43246376514434814
Training round: 98		accuracy = 0.4202898442745209
Training round: 99		accuracy = 0.41884058713912964
Training round: 100		accuracy = 0.44376811385154724
Training duration 7831.596212863922
