2021-08-21 23:44:53.846025: I tensorflow/stream_executor/platform/default/dso_loader.cc:49] Successfully opened dynamic library libcudart.so.11.0
2021-08-21 23:45:16.147445: I tensorflow/compiler/jit/xla_cpu_device.cc:41] Not creating XLA devices, tf_xla_enable_xla_devices not set
2021-08-21 23:45:16.153854: I tensorflow/stream_executor/platform/default/dso_loader.cc:49] Successfully opened dynamic library libcuda.so.1
2021-08-21 23:45:16.191361: I tensorflow/core/common_runtime/gpu/gpu_device.cc:1720] Found device 0 with properties: 
pciBusID: 0000:06:00.0 name: Tesla P100-PCIE-16GB computeCapability: 6.0
coreClock: 1.3285GHz coreCount: 56 deviceMemorySize: 15.90GiB deviceMemoryBandwidth: 681.88GiB/s
2021-08-21 23:45:16.191909: I tensorflow/stream_executor/platform/default/dso_loader.cc:49] Successfully opened dynamic library libcudart.so.11.0
2021-08-21 23:45:16.208991: I tensorflow/stream_executor/platform/default/dso_loader.cc:49] Successfully opened dynamic library libcublas.so.11
2021-08-21 23:45:16.209223: I tensorflow/stream_executor/platform/default/dso_loader.cc:49] Successfully opened dynamic library libcublasLt.so.11
2021-08-21 23:45:16.214599: I tensorflow/stream_executor/platform/default/dso_loader.cc:49] Successfully opened dynamic library libcufft.so.10
2021-08-21 23:45:16.217153: I tensorflow/stream_executor/platform/default/dso_loader.cc:49] Successfully opened dynamic library libcurand.so.10
2021-08-21 23:45:16.225431: I tensorflow/stream_executor/platform/default/dso_loader.cc:49] Successfully opened dynamic library libcusolver.so.10
2021-08-21 23:45:16.227499: I tensorflow/stream_executor/platform/default/dso_loader.cc:49] Successfully opened dynamic library libcusparse.so.11
2021-08-21 23:45:16.228174: I tensorflow/stream_executor/platform/default/dso_loader.cc:49] Successfully opened dynamic library libcudnn.so.8
2021-08-21 23:45:16.232150: I tensorflow/core/common_runtime/gpu/gpu_device.cc:1862] Adding visible gpu devices: 0
2021-08-21 23:45:16.233067: I tensorflow/core/platform/cpu_feature_guard.cc:142] This TensorFlow binary is optimized with oneAPI Deep Neural Network Library (oneDNN) to use the following CPU instructions in performance-critical operations:  AVX2 FMA
To enable them in other operations, rebuild TensorFlow with the appropriate compiler flags.
2021-08-21 23:45:16.233437: I tensorflow/compiler/jit/xla_gpu_device.cc:99] Not creating XLA devices, tf_xla_enable_xla_devices not set
2021-08-21 23:45:16.234787: I tensorflow/core/common_runtime/gpu/gpu_device.cc:1720] Found device 0 with properties: 
pciBusID: 0000:06:00.0 name: Tesla P100-PCIE-16GB computeCapability: 6.0
coreClock: 1.3285GHz coreCount: 56 deviceMemorySize: 15.90GiB deviceMemoryBandwidth: 681.88GiB/s
2021-08-21 23:45:16.234907: I tensorflow/stream_executor/platform/default/dso_loader.cc:49] Successfully opened dynamic library libcudart.so.11.0
2021-08-21 23:45:16.235012: I tensorflow/stream_executor/platform/default/dso_loader.cc:49] Successfully opened dynamic library libcublas.so.11
2021-08-21 23:45:16.235068: I tensorflow/stream_executor/platform/default/dso_loader.cc:49] Successfully opened dynamic library libcublasLt.so.11
2021-08-21 23:45:16.235141: I tensorflow/stream_executor/platform/default/dso_loader.cc:49] Successfully opened dynamic library libcufft.so.10
2021-08-21 23:45:16.235195: I tensorflow/stream_executor/platform/default/dso_loader.cc:49] Successfully opened dynamic library libcurand.so.10
2021-08-21 23:45:16.235263: I tensorflow/stream_executor/platform/default/dso_loader.cc:49] Successfully opened dynamic library libcusolver.so.10
2021-08-21 23:45:16.235328: I tensorflow/stream_executor/platform/default/dso_loader.cc:49] Successfully opened dynamic library libcusparse.so.11
2021-08-21 23:45:16.235429: I tensorflow/stream_executor/platform/default/dso_loader.cc:49] Successfully opened dynamic library libcudnn.so.8
2021-08-21 23:45:16.237898: I tensorflow/core/common_runtime/gpu/gpu_device.cc:1862] Adding visible gpu devices: 0
2021-08-21 23:45:16.237979: I tensorflow/stream_executor/platform/default/dso_loader.cc:49] Successfully opened dynamic library libcudart.so.11.0
2021-08-21 23:45:17.514083: I tensorflow/core/common_runtime/gpu/gpu_device.cc:1261] Device interconnect StreamExecutor with strength 1 edge matrix:
2021-08-21 23:45:17.514295: I tensorflow/core/common_runtime/gpu/gpu_device.cc:1267]      0 
2021-08-21 23:45:17.514415: I tensorflow/core/common_runtime/gpu/gpu_device.cc:1280] 0:   N 
2021-08-21 23:45:17.518885: I tensorflow/core/common_runtime/gpu/gpu_device.cc:1406] Created TensorFlow device (/job:localhost/replica:0/task:0/device:GPU:0 with 14957 MB memory) -> physical GPU (device: 0, name: Tesla P100-PCIE-16GB, pci bus id: 0000:06:00.0, compute capability: 6.0)
2021-08-21 23:45:24.421231: I tensorflow/compiler/mlir/mlir_graph_optimization_pass.cc:116] None of the MLIR optimization passes are enabled (registered 2)
2021-08-21 23:45:24.425127: I tensorflow/core/platform/profile_utils/cpu_utils.cc:112] CPU Frequency: 2200000000 Hz
2021-08-21 23:45:24.499786: I tensorflow/stream_executor/platform/default/dso_loader.cc:49] Successfully opened dynamic library libcublas.so.11
2021-08-21 23:45:24.908902: I tensorflow/stream_executor/platform/default/dso_loader.cc:49] Successfully opened dynamic library libcublasLt.so.11
2021-08-21 23:45:24.915591: I tensorflow/stream_executor/platform/default/dso_loader.cc:49] Successfully opened dynamic library libcudnn.so.8
2021-08-21 23:45:26.596683: W tensorflow/stream_executor/gpu/asm_compiler.cc:63] Running ptxas --version returned 256
2021-08-21 23:45:26.672209: W tensorflow/stream_executor/gpu/redzone_allocator.cc:314] Internal: ptxas exited with non-zero error code 256, output: 
Relying on driver to perform ptx compilation. 
Modify $PATH to customize ptxas location.
This message will be only logged once.
Training round: 1		accuracy = 0.6391304135322571
Training round: 2		accuracy = 0.6133333444595337
Training round: 3		accuracy = 0.6226087212562561
Training round: 4		accuracy = 0.6579710245132446
Training round: 5		accuracy = 0.6568115949630737
Training round: 6		accuracy = 0.6640579700469971
Training round: 7		accuracy = 0.6139130592346191
Training round: 8		accuracy = 0.6663768291473389
Training round: 9		accuracy = 0.6333333253860474
Training round: 10		accuracy = 0.6266666650772095
Training round: 11		accuracy = 0.6640579700469971
Training round: 12		accuracy = 0.6623188257217407
Training round: 13		accuracy = 0.6617391109466553
Training round: 14		accuracy = 0.6698550581932068
Training round: 15		accuracy = 0.6643478274345398
Training round: 16		accuracy = 0.6686956286430359
Training round: 17		accuracy = 0.6655072569847107
Training round: 18		accuracy = 0.6605796813964844
Training round: 19		accuracy = 0.6640579700469971
Training round: 20		accuracy = 0.6591304540634155
Training round: 21		accuracy = 0.6231883764266968
Training round: 22		accuracy = 0.6437681317329407
Training round: 23		accuracy = 0.645507276058197
Training round: 24		accuracy = 0.6489855051040649
Training round: 25		accuracy = 0.6475362181663513
Training round: 26		accuracy = 0.6446377038955688
Training round: 27		accuracy = 0.6573913097381592
Training round: 28		accuracy = 0.6460869312286377
Training round: 29		accuracy = 0.6417391300201416
Training round: 30		accuracy = 0.6536231637001038
Training round: 31		accuracy = 0.6536231637001038
Training round: 32		accuracy = 0.6576811671257019
Training round: 33		accuracy = 0.643478274345398
Training round: 34		accuracy = 0.6600000262260437
Training round: 35		accuracy = 0.653333306312561
Training round: 36		accuracy = 0.659710168838501
Training round: 37		accuracy = 0.6582608819007874
Training round: 38		accuracy = 0.651014506816864
Training round: 39		accuracy = 0.6605796813964844
Training round: 40		accuracy = 0.6608695387840271
Training round: 41		accuracy = 0.6608695387840271
Training round: 42		accuracy = 0.659710168838501
Training round: 43		accuracy = 0.6623188257217407
Training round: 44		accuracy = 0.6611593961715698
Training round: 45		accuracy = 0.659710168838501
Training round: 46		accuracy = 0.6530434489250183
Training round: 47		accuracy = 0.6617391109466553
Training round: 48		accuracy = 0.6547825932502747
Training round: 49		accuracy = 0.6614492535591125
Training round: 50		accuracy = 0.6605796813964844
Training round: 51		accuracy = 0.6608695387840271
Training round: 52		accuracy = 0.6504347920417786
Training round: 53		accuracy = 0.6588405966758728
Training round: 54		accuracy = 0.6521739363670349
Training round: 55		accuracy = 0.6536231637001038
Training round: 56		accuracy = 0.6605796813964844
Training round: 57		accuracy = 0.6536231637001038
Training round: 58		accuracy = 0.6591304540634155
Training round: 59		accuracy = 0.6571014523506165
Training round: 60		accuracy = 0.6594203114509583
Training round: 61		accuracy = 0.6585507392883301
Training round: 62		accuracy = 0.6585507392883301
Training round: 63		accuracy = 0.6594203114509583
Training round: 64		accuracy = 0.6489855051040649
Training round: 65		accuracy = 0.653333306312561
Training round: 66		accuracy = 0.6611593961715698
Training round: 67		accuracy = 0.6527536511421204
Training round: 68		accuracy = 0.659710168838501
Training round: 69		accuracy = 0.6602898836135864
Training round: 70		accuracy = 0.659710168838501
Training round: 71		accuracy = 0.659710168838501
Training round: 72		accuracy = 0.6602898836135864
Training round: 73		accuracy = 0.6524637937545776
Training round: 74		accuracy = 0.6594203114509583
Training round: 75		accuracy = 0.6600000262260437
Training round: 76		accuracy = 0.6530434489250183
Training round: 77		accuracy = 0.6594203114509583
Training round: 78		accuracy = 0.6602898836135864
Training round: 79		accuracy = 0.6507246494293213
Training round: 80		accuracy = 0.6553623080253601
Training round: 81		accuracy = 0.6486956477165222
Training round: 82		accuracy = 0.6553623080253601
Training round: 83		accuracy = 0.6542028784751892
Training round: 84		accuracy = 0.6594203114509583
Training round: 85		accuracy = 0.6602898836135864
Training round: 86		accuracy = 0.6614492535591125
Training round: 87		accuracy = 0.6614492535591125
Training round: 88		accuracy = 0.6530434489250183
Training round: 89		accuracy = 0.6573913097381592
Training round: 90		accuracy = 0.6588405966758728
Training round: 91		accuracy = 0.659710168838501
Training round: 92		accuracy = 0.6602898836135864
Training round: 93		accuracy = 0.6550724506378174
Training round: 94		accuracy = 0.6544927358627319
Training round: 95		accuracy = 0.6588405966758728
Training round: 96		accuracy = 0.6576811671257019
Training round: 97		accuracy = 0.6553623080253601
Training round: 98		accuracy = 0.6547825932502747
Training round: 99		accuracy = 0.6594203114509583
Training round: 100		accuracy = 0.6588405966758728
Training duration 4690.122368812561
