2021-08-23 17:38:55.869981: I tensorflow/stream_executor/platform/default/dso_loader.cc:49] Successfully opened dynamic library libcudart.so.11.0
2021-08-23 17:39:22.642281: I tensorflow/compiler/jit/xla_cpu_device.cc:41] Not creating XLA devices, tf_xla_enable_xla_devices not set
2021-08-23 17:39:22.647768: I tensorflow/stream_executor/platform/default/dso_loader.cc:49] Successfully opened dynamic library libcuda.so.1
2021-08-23 17:39:22.692227: I tensorflow/core/common_runtime/gpu/gpu_device.cc:1720] Found device 0 with properties: 
pciBusID: 0000:03:00.0 name: Tesla P100-PCIE-12GB computeCapability: 6.0
coreClock: 1.3285GHz coreCount: 56 deviceMemorySize: 11.91GiB deviceMemoryBandwidth: 511.41GiB/s
2021-08-23 17:39:22.692642: I tensorflow/stream_executor/platform/default/dso_loader.cc:49] Successfully opened dynamic library libcudart.so.11.0
2021-08-23 17:39:22.703373: I tensorflow/stream_executor/platform/default/dso_loader.cc:49] Successfully opened dynamic library libcublas.so.11
2021-08-23 17:39:22.703527: I tensorflow/stream_executor/platform/default/dso_loader.cc:49] Successfully opened dynamic library libcublasLt.so.11
2021-08-23 17:39:22.709534: I tensorflow/stream_executor/platform/default/dso_loader.cc:49] Successfully opened dynamic library libcufft.so.10
2021-08-23 17:39:22.712249: I tensorflow/stream_executor/platform/default/dso_loader.cc:49] Successfully opened dynamic library libcurand.so.10
2021-08-23 17:39:22.720760: I tensorflow/stream_executor/platform/default/dso_loader.cc:49] Successfully opened dynamic library libcusolver.so.10
2021-08-23 17:39:22.723026: I tensorflow/stream_executor/platform/default/dso_loader.cc:49] Successfully opened dynamic library libcusparse.so.11
2021-08-23 17:39:22.724179: I tensorflow/stream_executor/platform/default/dso_loader.cc:49] Successfully opened dynamic library libcudnn.so.8
2021-08-23 17:39:22.726891: I tensorflow/core/common_runtime/gpu/gpu_device.cc:1862] Adding visible gpu devices: 0
2021-08-23 17:39:22.730267: I tensorflow/core/platform/cpu_feature_guard.cc:142] This TensorFlow binary is optimized with oneAPI Deep Neural Network Library (oneDNN) to use the following CPU instructions in performance-critical operations:  AVX2 FMA
To enable them in other operations, rebuild TensorFlow with the appropriate compiler flags.
2021-08-23 17:39:22.730598: I tensorflow/compiler/jit/xla_gpu_device.cc:99] Not creating XLA devices, tf_xla_enable_xla_devices not set
2021-08-23 17:39:22.731926: I tensorflow/core/common_runtime/gpu/gpu_device.cc:1720] Found device 0 with properties: 
pciBusID: 0000:03:00.0 name: Tesla P100-PCIE-12GB computeCapability: 6.0
coreClock: 1.3285GHz coreCount: 56 deviceMemorySize: 11.91GiB deviceMemoryBandwidth: 511.41GiB/s
2021-08-23 17:39:22.732011: I tensorflow/stream_executor/platform/default/dso_loader.cc:49] Successfully opened dynamic library libcudart.so.11.0
2021-08-23 17:39:22.732115: I tensorflow/stream_executor/platform/default/dso_loader.cc:49] Successfully opened dynamic library libcublas.so.11
2021-08-23 17:39:22.732180: I tensorflow/stream_executor/platform/default/dso_loader.cc:49] Successfully opened dynamic library libcublasLt.so.11
2021-08-23 17:39:22.732275: I tensorflow/stream_executor/platform/default/dso_loader.cc:49] Successfully opened dynamic library libcufft.so.10
2021-08-23 17:39:22.732342: I tensorflow/stream_executor/platform/default/dso_loader.cc:49] Successfully opened dynamic library libcurand.so.10
2021-08-23 17:39:22.732402: I tensorflow/stream_executor/platform/default/dso_loader.cc:49] Successfully opened dynamic library libcusolver.so.10
2021-08-23 17:39:22.732508: I tensorflow/stream_executor/platform/default/dso_loader.cc:49] Successfully opened dynamic library libcusparse.so.11
2021-08-23 17:39:22.732605: I tensorflow/stream_executor/platform/default/dso_loader.cc:49] Successfully opened dynamic library libcudnn.so.8
2021-08-23 17:39:22.734886: I tensorflow/core/common_runtime/gpu/gpu_device.cc:1862] Adding visible gpu devices: 0
2021-08-23 17:39:22.735033: I tensorflow/stream_executor/platform/default/dso_loader.cc:49] Successfully opened dynamic library libcudart.so.11.0
2021-08-23 17:39:23.866734: I tensorflow/core/common_runtime/gpu/gpu_device.cc:1261] Device interconnect StreamExecutor with strength 1 edge matrix:
2021-08-23 17:39:23.866942: I tensorflow/core/common_runtime/gpu/gpu_device.cc:1267]      0 
2021-08-23 17:39:23.867086: I tensorflow/core/common_runtime/gpu/gpu_device.cc:1280] 0:   N 
2021-08-23 17:39:23.873409: I tensorflow/core/common_runtime/gpu/gpu_device.cc:1406] Created TensorFlow device (/job:localhost/replica:0/task:0/device:GPU:0 with 11119 MB memory) -> physical GPU (device: 0, name: Tesla P100-PCIE-12GB, pci bus id: 0000:03:00.0, compute capability: 6.0)
2021-08-23 17:39:34.473904: I tensorflow/compiler/mlir/mlir_graph_optimization_pass.cc:116] None of the MLIR optimization passes are enabled (registered 2)
2021-08-23 17:39:34.477582: I tensorflow/core/platform/profile_utils/cpu_utils.cc:112] CPU Frequency: 2200005000 Hz
2021-08-23 17:39:34.559111: I tensorflow/stream_executor/platform/default/dso_loader.cc:49] Successfully opened dynamic library libcublas.so.11
2021-08-23 17:39:34.980727: I tensorflow/stream_executor/platform/default/dso_loader.cc:49] Successfully opened dynamic library libcublasLt.so.11
2021-08-23 17:39:34.988279: I tensorflow/stream_executor/platform/default/dso_loader.cc:49] Successfully opened dynamic library libcudnn.so.8
2021-08-23 17:39:36.874359: W tensorflow/stream_executor/gpu/asm_compiler.cc:63] Running ptxas --version returned 256
2021-08-23 17:39:37.124205: W tensorflow/stream_executor/gpu/redzone_allocator.cc:314] Internal: ptxas exited with non-zero error code 256, output: 
Relying on driver to perform ptx compilation. 
Modify $PATH to customize ptxas location.
This message will be only logged once.
Training round: 1		accuracy = 0.5837681293487549
Training round: 2		accuracy = 0.5840579867362976
Training round: 3		accuracy = 0.5918840765953064
Training round: 4		accuracy = 0.5953623056411743
Training round: 5		accuracy = 0.6336231827735901
Training round: 6		accuracy = 0.647826075553894
Training round: 7		accuracy = 0.6431884169578552
Training round: 8		accuracy = 0.6463767886161804
Training round: 9		accuracy = 0.6701449155807495
Training round: 10		accuracy = 0.6608695387840271
Training round: 11		accuracy = 0.6846376657485962
Training round: 12		accuracy = 0.6562318801879883
Training round: 13		accuracy = 0.6889855265617371
Training round: 14		accuracy = 0.6857970952987671
Training round: 15		accuracy = 0.6921738982200623
Training round: 16		accuracy = 0.6947826147079468
Training round: 17		accuracy = 0.6950724720954895
Training round: 18		accuracy = 0.6971014738082886
Training round: 19		accuracy = 0.6892753839492798
Training round: 20		accuracy = 0.7069565057754517
Training round: 21		accuracy = 0.6988405585289001
Training round: 22		accuracy = 0.6669565439224243
Training round: 23		accuracy = 0.6997101306915283
Training round: 24		accuracy = 0.7026087045669556
Training round: 25		accuracy = 0.6872463822364807
Training round: 26		accuracy = 0.6834782361984253
Training round: 27		accuracy = 0.697681188583374
Training round: 28		accuracy = 0.7008695602416992
Training round: 29		accuracy = 0.7005797028541565
Training round: 30		accuracy = 0.7037681341171265
Training round: 31		accuracy = 0.7049275636672974
Training round: 32		accuracy = 0.7110145092010498
Training round: 33		accuracy = 0.7081159353256226
Training round: 34		accuracy = 0.6962319016456604
Training round: 35		accuracy = 0.7028985619544983
Training round: 36		accuracy = 0.7101449370384216
Training round: 37		accuracy = 0.7014492750167847
Training round: 38		accuracy = 0.703188419342041
Training round: 39		accuracy = 0.7069565057754517
Training round: 40		accuracy = 0.703188419342041
Training round: 41		accuracy = 0.7078260779380798
Training round: 42		accuracy = 0.7066666483879089
Training round: 43		accuracy = 0.7057970762252808
Training round: 44		accuracy = 0.7127535939216614
Training round: 45		accuracy = 0.7144927382469177
Training round: 46		accuracy = 0.703188419342041
Training round: 47		accuracy = 0.7165217399597168
Training round: 48		accuracy = 0.7037681341171265
Training round: 49		accuracy = 0.7037681341171265
Training round: 50		accuracy = 0.7107246518135071
Training round: 51		accuracy = 0.7081159353256226
Training round: 52		accuracy = 0.7072463631629944
Training round: 53		accuracy = 0.7121739387512207
Training round: 54		accuracy = 0.7063767910003662
Training round: 55		accuracy = 0.708695650100708
Training round: 56		accuracy = 0.7078260779380798
Training round: 57		accuracy = 0.7107246518135071
Training round: 58		accuracy = 0.7113043665885925
Training round: 59		accuracy = 0.7072463631629944
Training round: 60		accuracy = 0.7078260779380798
Training round: 61		accuracy = 0.7098550796508789
Training round: 62		accuracy = 0.7049275636672974
Training round: 63		accuracy = 0.7063767910003662
Training round: 64		accuracy = 0.7069565057754517
Training round: 65		accuracy = 0.7078260779380798
Training round: 66		accuracy = 0.7095652222633362
Training round: 67		accuracy = 0.7110145092010498
Training round: 68		accuracy = 0.7110145092010498
Training round: 69		accuracy = 0.7150724530220032
Training round: 70		accuracy = 0.7113043665885925
Training round: 71		accuracy = 0.7130434513092041
Training round: 72		accuracy = 0.714202880859375
Training round: 73		accuracy = 0.7130434513092041
Training round: 74		accuracy = 0.7107246518135071
Training round: 75		accuracy = 0.7113043665885925
Training round: 76		accuracy = 0.7124637961387634
Training round: 77		accuracy = 0.7150724530220032
Training round: 78		accuracy = 0.7139130234718323
Training round: 79		accuracy = 0.7115942239761353
Training round: 80		accuracy = 0.7124637961387634
Training round: 81		accuracy = 0.7101449370384216
Training round: 82		accuracy = 0.7095652222633362
Training round: 83		accuracy = 0.711884081363678
Training round: 84		accuracy = 0.708695650100708
Training round: 85		accuracy = 0.7101449370384216
Training round: 86		accuracy = 0.7089855074882507
Training round: 87		accuracy = 0.7159420251846313
Training round: 88		accuracy = 0.7133333086967468
Training round: 89		accuracy = 0.7084057927131653
Training round: 90		accuracy = 0.7168115973472595
Training round: 91		accuracy = 0.7124637961387634
Training round: 92		accuracy = 0.7144927382469177
Training round: 93		accuracy = 0.7139130234718323
Training round: 94		accuracy = 0.7144927382469177
Training round: 95		accuracy = 0.7107246518135071
Training round: 96		accuracy = 0.7139130234718323
Training round: 97		accuracy = 0.7133333086967468
Training round: 98		accuracy = 0.7156521677970886
Training round: 99		accuracy = 0.7144927382469177
Training round: 100		accuracy = 0.7165217399597168
Training duration 7284.18812417984
