2021-08-11 20:53:38.073074: I tensorflow/stream_executor/platform/default/dso_loader.cc:49] Successfully opened dynamic library libcudart.so.11.0
2021-08-11 20:53:40.987385: I tensorflow/compiler/jit/xla_cpu_device.cc:41] Not creating XLA devices, tf_xla_enable_xla_devices not set
2021-08-11 20:53:40.990223: I tensorflow/stream_executor/platform/default/dso_loader.cc:49] Successfully opened dynamic library libcuda.so.1
2021-08-11 20:53:41.043191: I tensorflow/core/common_runtime/gpu/gpu_device.cc:1720] Found device 0 with properties: 
pciBusID: 0000:1e:00.0 name: Tesla V100-SXM2-16GB computeCapability: 7.0
coreClock: 1.53GHz coreCount: 80 deviceMemorySize: 15.78GiB deviceMemoryBandwidth: 836.37GiB/s
2021-08-11 20:53:41.043256: I tensorflow/stream_executor/platform/default/dso_loader.cc:49] Successfully opened dynamic library libcudart.so.11.0
2021-08-11 20:53:41.060851: I tensorflow/stream_executor/platform/default/dso_loader.cc:49] Successfully opened dynamic library libcublas.so.11
2021-08-11 20:53:41.060955: I tensorflow/stream_executor/platform/default/dso_loader.cc:49] Successfully opened dynamic library libcublasLt.so.11
2021-08-11 20:53:41.067689: I tensorflow/stream_executor/platform/default/dso_loader.cc:49] Successfully opened dynamic library libcufft.so.10
2021-08-11 20:53:41.070398: I tensorflow/stream_executor/platform/default/dso_loader.cc:49] Successfully opened dynamic library libcurand.so.10
2021-08-11 20:53:41.081914: I tensorflow/stream_executor/platform/default/dso_loader.cc:49] Successfully opened dynamic library libcusolver.so.10
2021-08-11 20:53:41.084663: I tensorflow/stream_executor/platform/default/dso_loader.cc:49] Successfully opened dynamic library libcusparse.so.11
2021-08-11 20:53:41.085318: I tensorflow/stream_executor/platform/default/dso_loader.cc:49] Successfully opened dynamic library libcudnn.so.8
2021-08-11 20:53:41.087027: I tensorflow/core/common_runtime/gpu/gpu_device.cc:1862] Adding visible gpu devices: 0
2021-08-11 20:53:41.087767: I tensorflow/core/platform/cpu_feature_guard.cc:142] This TensorFlow binary is optimized with oneAPI Deep Neural Network Library (oneDNN) to use the following CPU instructions in performance-critical operations:  AVX2 AVX512F FMA
To enable them in other operations, rebuild TensorFlow with the appropriate compiler flags.
2021-08-11 20:53:41.087945: I tensorflow/compiler/jit/xla_gpu_device.cc:99] Not creating XLA devices, tf_xla_enable_xla_devices not set
2021-08-11 20:53:41.088919: I tensorflow/core/common_runtime/gpu/gpu_device.cc:1720] Found device 0 with properties: 
pciBusID: 0000:1e:00.0 name: Tesla V100-SXM2-16GB computeCapability: 7.0
coreClock: 1.53GHz coreCount: 80 deviceMemorySize: 15.78GiB deviceMemoryBandwidth: 836.37GiB/s
2021-08-11 20:53:41.088951: I tensorflow/stream_executor/platform/default/dso_loader.cc:49] Successfully opened dynamic library libcudart.so.11.0
2021-08-11 20:53:41.088970: I tensorflow/stream_executor/platform/default/dso_loader.cc:49] Successfully opened dynamic library libcublas.so.11
2021-08-11 20:53:41.088985: I tensorflow/stream_executor/platform/default/dso_loader.cc:49] Successfully opened dynamic library libcublasLt.so.11
2021-08-11 20:53:41.089001: I tensorflow/stream_executor/platform/default/dso_loader.cc:49] Successfully opened dynamic library libcufft.so.10
2021-08-11 20:53:41.089016: I tensorflow/stream_executor/platform/default/dso_loader.cc:49] Successfully opened dynamic library libcurand.so.10
2021-08-11 20:53:41.089031: I tensorflow/stream_executor/platform/default/dso_loader.cc:49] Successfully opened dynamic library libcusolver.so.10
2021-08-11 20:53:41.089046: I tensorflow/stream_executor/platform/default/dso_loader.cc:49] Successfully opened dynamic library libcusparse.so.11
2021-08-11 20:53:41.089062: I tensorflow/stream_executor/platform/default/dso_loader.cc:49] Successfully opened dynamic library libcudnn.so.8
2021-08-11 20:53:41.090624: I tensorflow/core/common_runtime/gpu/gpu_device.cc:1862] Adding visible gpu devices: 0
2021-08-11 20:53:41.090667: I tensorflow/stream_executor/platform/default/dso_loader.cc:49] Successfully opened dynamic library libcudart.so.11.0
2021-08-11 20:53:41.664907: I tensorflow/core/common_runtime/gpu/gpu_device.cc:1261] Device interconnect StreamExecutor with strength 1 edge matrix:
2021-08-11 20:53:41.664994: I tensorflow/core/common_runtime/gpu/gpu_device.cc:1267]      0 
2021-08-11 20:53:41.665008: I tensorflow/core/common_runtime/gpu/gpu_device.cc:1280] 0:   N 
2021-08-11 20:53:41.667526: I tensorflow/core/common_runtime/gpu/gpu_device.cc:1406] Created TensorFlow device (/job:localhost/replica:0/task:0/device:GPU:0 with 14761 MB memory) -> physical GPU (device: 0, name: Tesla V100-SXM2-16GB, pci bus id: 0000:1e:00.0, compute capability: 7.0)
2021-08-11 20:53:42.179244: I tensorflow/compiler/mlir/mlir_graph_optimization_pass.cc:116] None of the MLIR optimization passes are enabled (registered 2)
2021-08-11 20:53:42.179957: I tensorflow/core/platform/profile_utils/cpu_utils.cc:112] CPU Frequency: 2400000000 Hz
2021-08-11 20:53:42.589428: I tensorflow/stream_executor/platform/default/dso_loader.cc:49] Successfully opened dynamic library libcublas.so.11
2021-08-11 20:53:43.067334: I tensorflow/stream_executor/platform/default/dso_loader.cc:49] Successfully opened dynamic library libcublasLt.so.11
2021-08-11 20:53:43.069385: I tensorflow/stream_executor/platform/default/dso_loader.cc:49] Successfully opened dynamic library libcudnn.so.8
2021-08-11 20:53:45.532858: W tensorflow/stream_executor/gpu/asm_compiler.cc:63] Running ptxas --version returned 256
2021-08-11 20:53:45.580554: W tensorflow/stream_executor/gpu/redzone_allocator.cc:314] Internal: ptxas exited with non-zero error code 256, output: 
Relying on driver to perform ptx compilation. 
Modify $PATH to customize ptxas location.
This message will be only logged once.
Training round: 1		accuracy = 0.10369999706745148
Training round: 2		accuracy = 0.10000000149011612
Training round: 3		accuracy = 0.10000000149011612
Training round: 4		accuracy = 0.10000000149011612
Training round: 5		accuracy = 0.10000000149011612
Training round: 6		accuracy = 0.10000000149011612
Training round: 7		accuracy = 0.10000000149011612
Training round: 8		accuracy = 0.10000000149011612
Training round: 9		accuracy = 0.10000000149011612
Training round: 10		accuracy = 0.10000000149011612
Training round: 11		accuracy = 0.10000000149011612
Training round: 12		accuracy = 0.10000000149011612
Training round: 13		accuracy = 0.10000000149011612
Training round: 14		accuracy = 0.10000000149011612
Training round: 15		accuracy = 0.10000000149011612
Training round: 16		accuracy = 0.10000000149011612
Training round: 17		accuracy = 0.10000000149011612
Training round: 18		accuracy = 0.10000000149011612
Training round: 19		accuracy = 0.10000000149011612
Training round: 20		accuracy = 0.10000000149011612
Training round: 21		accuracy = 0.10000000149011612
Training round: 22		accuracy = 0.10000000149011612
Training round: 23		accuracy = 0.10000000149011612
Training round: 24		accuracy = 0.10000000149011612
Training round: 25		accuracy = 0.10000000149011612
Training round: 26		accuracy = 0.10000000149011612
Training round: 27		accuracy = 0.10000000149011612
Training round: 28		accuracy = 0.10000000149011612
Training round: 29		accuracy = 0.10000000149011612
Training round: 30		accuracy = 0.10000000149011612
Training round: 31		accuracy = 0.10000000149011612
Training round: 32		accuracy = 0.10000000149011612
Training round: 33		accuracy = 0.10000000149011612
Training round: 34		accuracy = 0.10000000149011612
Training round: 35		accuracy = 0.10000000149011612
Training round: 36		accuracy = 0.10000000149011612
Training round: 37		accuracy = 0.10000000149011612
Training round: 38		accuracy = 0.10000000149011612
Training round: 39		accuracy = 0.10000000149011612
Training round: 40		accuracy = 0.10000000149011612
Training round: 41		accuracy = 0.10000000149011612
Training round: 42		accuracy = 0.10000000149011612
Training round: 43		accuracy = 0.10000000149011612
Training round: 44		accuracy = 0.10000000149011612
Training round: 45		accuracy = 0.10000000149011612
Training round: 46		accuracy = 0.10000000149011612
Training round: 47		accuracy = 0.10000000149011612
Training round: 48		accuracy = 0.10000000149011612
Training round: 49		accuracy = 0.10000000149011612
Training round: 50		accuracy = 0.10000000149011612
Training round: 51		accuracy = 0.10000000149011612
Training round: 52		accuracy = 0.10000000149011612
Training round: 53		accuracy = 0.10000000149011612
Training round: 54		accuracy = 0.10000000149011612
Training round: 55		accuracy = 0.10000000149011612
Training round: 56		accuracy = 0.10000000149011612
Training round: 57		accuracy = 0.10000000149011612
Training round: 58		accuracy = 0.10000000149011612
Training round: 59		accuracy = 0.10000000149011612
Training round: 60		accuracy = 0.10000000149011612
Training round: 61		accuracy = 0.10000000149011612
Training round: 62		accuracy = 0.10000000149011612
Training round: 63		accuracy = 0.10000000149011612
Training round: 64		accuracy = 0.10000000149011612
Training round: 65		accuracy = 0.10000000149011612
Training round: 66		accuracy = 0.10000000149011612
Training round: 67		accuracy = 0.10000000149011612
Training round: 68		accuracy = 0.10000000149011612
Training round: 69		accuracy = 0.10000000149011612
Training round: 70		accuracy = 0.10000000149011612
Training round: 71		accuracy = 0.10000000149011612
Training round: 72		accuracy = 0.10000000149011612
Training round: 73		accuracy = 0.10000000149011612
Training round: 74		accuracy = 0.10000000149011612
Training round: 75		accuracy = 0.10000000149011612
Training round: 76		accuracy = 0.10000000149011612
Training round: 77		accuracy = 0.10000000149011612
Training round: 78		accuracy = 0.10000000149011612
Training round: 79		accuracy = 0.10000000149011612
Training round: 80		accuracy = 0.10000000149011612
Training round: 81		accuracy = 0.10000000149011612
Training round: 82		accuracy = 0.10000000149011612
Training round: 83		accuracy = 0.10000000149011612
Training round: 84		accuracy = 0.10000000149011612
Training round: 85		accuracy = 0.10000000149011612
Training round: 86		accuracy = 0.10000000149011612
Training round: 87		accuracy = 0.10000000149011612
Training round: 88		accuracy = 0.10000000149011612
Training round: 89		accuracy = 0.10000000149011612
Training round: 90		accuracy = 0.10000000149011612
Training round: 91		accuracy = 0.10000000149011612
Training round: 92		accuracy = 0.10000000149011612
Training round: 93		accuracy = 0.10000000149011612
Training round: 94		accuracy = 0.10000000149011612
Training round: 95		accuracy = 0.10000000149011612
Training round: 96		accuracy = 0.10000000149011612
Training round: 97		accuracy = 0.10000000149011612
Training round: 98		accuracy = 0.10000000149011612
Training round: 99		accuracy = 0.10000000149011612
Training round: 100		accuracy = 0.10000000149011612
Training round: 101		accuracy = 0.10000000149011612
Training round: 102		accuracy = 0.10000000149011612
Training round: 103		accuracy = 0.10000000149011612
Training round: 104		accuracy = 0.10000000149011612
Training round: 105		accuracy = 0.10000000149011612
Training round: 106		accuracy = 0.10000000149011612
Training round: 107		accuracy = 0.10000000149011612
Training round: 108		accuracy = 0.10000000149011612
Training round: 109		accuracy = 0.10000000149011612
Training round: 110		accuracy = 0.10000000149011612
Training round: 111		accuracy = 0.10000000149011612
Training round: 112		accuracy = 0.10000000149011612
Training round: 113		accuracy = 0.10000000149011612
Training round: 114		accuracy = 0.10000000149011612
Training round: 115		accuracy = 0.10000000149011612
Training round: 116		accuracy = 0.10000000149011612
Training round: 117		accuracy = 0.10000000149011612
Training round: 118		accuracy = 0.10000000149011612
Training round: 119		accuracy = 0.10000000149011612
Training round: 120		accuracy = 0.10000000149011612
Training round: 121		accuracy = 0.10000000149011612
Training round: 122		accuracy = 0.10000000149011612
Training round: 123		accuracy = 0.10000000149011612
Training round: 124		accuracy = 0.10000000149011612
Training round: 125		accuracy = 0.10000000149011612
Training round: 126		accuracy = 0.10000000149011612
Training round: 127		accuracy = 0.10000000149011612
Training round: 128		accuracy = 0.10000000149011612
Training round: 129		accuracy = 0.10000000149011612
Training round: 130		accuracy = 0.10000000149011612
Training round: 131		accuracy = 0.10000000149011612
Training round: 132		accuracy = 0.10000000149011612
Training round: 133		accuracy = 0.10000000149011612
Training round: 134		accuracy = 0.10000000149011612
Training round: 135		accuracy = 0.10000000149011612
Training round: 136		accuracy = 0.10000000149011612
Training round: 137		accuracy = 0.10000000149011612
Training round: 138		accuracy = 0.10000000149011612
Training round: 139		accuracy = 0.10000000149011612
Training round: 140		accuracy = 0.10000000149011612
Training round: 141		accuracy = 0.10000000149011612
Training round: 142		accuracy = 0.10000000149011612
Training round: 143		accuracy = 0.10000000149011612
Training round: 144		accuracy = 0.10000000149011612
Training round: 145		accuracy = 0.10000000149011612
Training round: 146		accuracy = 0.10000000149011612
Training round: 147		accuracy = 0.10000000149011612
Training round: 148		accuracy = 0.10000000149011612
Training round: 149		accuracy = 0.10000000149011612
Training round: 150		accuracy = 0.10000000149011612
Training round: 151		accuracy = 0.10000000149011612
Training round: 152		accuracy = 0.10000000149011612
Training round: 153		accuracy = 0.10000000149011612
Training round: 154		accuracy = 0.10000000149011612
Training round: 155		accuracy = 0.10000000149011612
Training round: 156		accuracy = 0.10000000149011612
Training round: 157		accuracy = 0.10000000149011612
Training round: 158		accuracy = 0.10000000149011612
Training round: 159		accuracy = 0.10000000149011612
Training round: 160		accuracy = 0.10000000149011612
Training round: 161		accuracy = 0.10000000149011612
Training round: 162		accuracy = 0.10000000149011612
Training round: 163		accuracy = 0.10000000149011612
Training round: 164		accuracy = 0.10000000149011612
Training round: 165		accuracy = 0.10000000149011612
Training round: 166		accuracy = 0.10000000149011612
Training round: 167		accuracy = 0.10000000149011612
Training round: 168		accuracy = 0.10000000149011612
Training round: 169		accuracy = 0.10000000149011612
Training round: 170		accuracy = 0.10000000149011612
Training round: 171		accuracy = 0.10000000149011612
Training round: 172		accuracy = 0.10000000149011612
Training round: 173		accuracy = 0.10000000149011612
Training round: 174		accuracy = 0.10000000149011612
Training round: 175		accuracy = 0.10000000149011612
Training round: 176		accuracy = 0.10000000149011612
Training round: 177		accuracy = 0.10000000149011612
Training round: 178		accuracy = 0.10000000149011612
Training round: 179		accuracy = 0.10000000149011612
Training round: 180		accuracy = 0.10000000149011612
Training round: 181		accuracy = 0.10000000149011612
Training round: 182		accuracy = 0.10000000149011612
Training round: 183		accuracy = 0.10000000149011612
Training round: 184		accuracy = 0.10000000149011612
Training round: 185		accuracy = 0.10000000149011612
Training round: 186		accuracy = 0.10000000149011612
Training round: 187		accuracy = 0.10000000149011612
Training round: 188		accuracy = 0.10000000149011612
Training round: 189		accuracy = 0.10000000149011612
Training round: 190		accuracy = 0.10000000149011612
Training round: 191		accuracy = 0.10000000149011612
Training round: 192		accuracy = 0.10000000149011612
Training round: 193		accuracy = 0.10000000149011612
Training round: 194		accuracy = 0.10000000149011612
Training round: 195		accuracy = 0.10000000149011612
Training round: 196		accuracy = 0.10000000149011612
Training round: 197		accuracy = 0.10000000149011612
Training round: 198		accuracy = 0.10000000149011612
Training round: 199		accuracy = 0.10000000149011612
Training round: 200		accuracy = 0.10000000149011612
Training round: 201		accuracy = 0.10000000149011612
Training round: 202		accuracy = 0.10000000149011612
Training round: 203		accuracy = 0.10000000149011612
Training round: 204		accuracy = 0.10000000149011612
Training round: 205		accuracy = 0.10000000149011612
Training round: 206		accuracy = 0.10000000149011612
Training round: 207		accuracy = 0.10000000149011612
Training round: 208		accuracy = 0.10000000149011612
Training round: 209		accuracy = 0.10000000149011612
Training round: 210		accuracy = 0.10000000149011612
Training round: 211		accuracy = 0.10000000149011612
Training round: 212		accuracy = 0.10000000149011612
Training round: 213		accuracy = 0.10000000149011612
Training round: 214		accuracy = 0.10000000149011612
Training round: 215		accuracy = 0.10000000149011612
Training round: 216		accuracy = 0.10000000149011612
Training round: 217		accuracy = 0.10000000149011612
Training round: 218		accuracy = 0.10000000149011612
Training round: 219		accuracy = 0.10000000149011612
Training round: 220		accuracy = 0.10000000149011612
Training round: 221		accuracy = 0.10000000149011612
Training round: 222		accuracy = 0.10000000149011612
Training round: 223		accuracy = 0.10000000149011612
Training round: 224		accuracy = 0.10000000149011612
Training round: 225		accuracy = 0.10000000149011612
Training round: 226		accuracy = 0.10000000149011612
Training round: 227		accuracy = 0.10000000149011612
Training round: 228		accuracy = 0.10000000149011612
Training round: 229		accuracy = 0.10000000149011612
Training round: 230		accuracy = 0.10000000149011612
Training round: 231		accuracy = 0.10000000149011612
Training round: 232		accuracy = 0.10000000149011612
Training round: 233		accuracy = 0.10000000149011612
Training round: 234		accuracy = 0.10000000149011612
Training round: 235		accuracy = 0.10000000149011612
Training round: 236		accuracy = 0.10000000149011612
Training round: 237		accuracy = 0.10000000149011612
Training round: 238		accuracy = 0.10000000149011612
Training round: 239		accuracy = 0.10000000149011612
Training round: 240		accuracy = 0.10000000149011612
Training round: 241		accuracy = 0.10000000149011612
Training round: 242		accuracy = 0.10000000149011612
Training round: 243		accuracy = 0.10000000149011612
Training round: 244		accuracy = 0.10000000149011612
Training round: 245		accuracy = 0.10000000149011612
Training round: 246		accuracy = 0.10000000149011612
Training round: 247		accuracy = 0.10000000149011612
Training round: 248		accuracy = 0.10000000149011612
Training round: 249		accuracy = 0.10000000149011612
Training round: 250		accuracy = 0.10000000149011612
Training round: 251		accuracy = 0.10000000149011612
Training round: 252		accuracy = 0.10000000149011612
Training round: 253		accuracy = 0.10000000149011612
Training round: 254		accuracy = 0.10000000149011612
Training round: 255		accuracy = 0.10000000149011612
Training round: 256		accuracy = 0.10000000149011612
Training round: 257		accuracy = 0.10000000149011612
Training round: 258		accuracy = 0.10000000149011612
Training round: 259		accuracy = 0.10000000149011612
Training round: 260		accuracy = 0.10000000149011612
Training round: 261		accuracy = 0.10000000149011612
Training round: 262		accuracy = 0.10000000149011612
Training round: 263		accuracy = 0.10000000149011612
Training round: 264		accuracy = 0.10000000149011612
Training round: 265		accuracy = 0.10000000149011612
Training round: 266		accuracy = 0.10000000149011612
Training round: 267		accuracy = 0.10000000149011612
Training round: 268		accuracy = 0.10000000149011612
Training round: 269		accuracy = 0.10000000149011612
Training round: 270		accuracy = 0.10000000149011612
Training round: 271		accuracy = 0.10000000149011612
Training round: 272		accuracy = 0.10000000149011612
Training round: 273		accuracy = 0.10000000149011612
Training round: 274		accuracy = 0.10000000149011612
Training round: 275		accuracy = 0.10000000149011612
Training round: 276		accuracy = 0.10000000149011612
Training round: 277		accuracy = 0.10000000149011612
Training round: 278		accuracy = 0.10000000149011612
Training round: 279		accuracy = 0.10000000149011612
Training round: 280		accuracy = 0.10000000149011612
Training round: 281		accuracy = 0.10000000149011612
Training round: 282		accuracy = 0.10000000149011612
Training round: 283		accuracy = 0.10000000149011612
Training round: 284		accuracy = 0.10000000149011612
Training round: 285		accuracy = 0.10000000149011612
Training round: 286		accuracy = 0.10000000149011612
Training round: 287		accuracy = 0.10000000149011612
Training round: 288		accuracy = 0.10000000149011612
Training round: 289		accuracy = 0.10000000149011612
Training round: 290		accuracy = 0.10000000149011612
Training round: 291		accuracy = 0.10000000149011612
Training round: 292		accuracy = 0.10000000149011612
Training round: 293		accuracy = 0.10000000149011612
Training round: 294		accuracy = 0.10000000149011612
Training round: 295		accuracy = 0.10000000149011612
Training round: 296		accuracy = 0.10000000149011612
Training round: 297		accuracy = 0.10000000149011612
Training round: 298		accuracy = 0.10000000149011612
Training round: 299		accuracy = 0.10000000149011612
Training round: 300		accuracy = 0.10000000149011612
Training round: 301		accuracy = 0.10000000149011612
Training round: 302		accuracy = 0.10000000149011612
Training round: 303		accuracy = 0.10000000149011612
Training round: 304		accuracy = 0.10000000149011612
Training round: 305		accuracy = 0.10000000149011612
Training round: 306		accuracy = 0.10000000149011612
Training round: 307		accuracy = 0.10000000149011612
Training round: 308		accuracy = 0.10000000149011612
Training round: 309		accuracy = 0.10000000149011612
Training round: 310		accuracy = 0.10000000149011612
Training round: 311		accuracy = 0.10000000149011612
Training round: 312		accuracy = 0.10000000149011612
Training round: 313		accuracy = 0.10000000149011612
Training round: 314		accuracy = 0.10000000149011612
Training round: 315		accuracy = 0.10000000149011612
Training round: 316		accuracy = 0.10000000149011612
Training round: 317		accuracy = 0.10000000149011612
Training round: 318		accuracy = 0.10000000149011612
Training round: 319		accuracy = 0.10000000149011612
Training round: 320		accuracy = 0.10000000149011612
Training round: 321		accuracy = 0.10000000149011612
Training round: 322		accuracy = 0.10000000149011612
Training round: 323		accuracy = 0.10000000149011612
Training round: 324		accuracy = 0.10000000149011612
Training round: 325		accuracy = 0.10000000149011612
Training round: 326		accuracy = 0.10000000149011612
Training round: 327		accuracy = 0.10000000149011612
Training round: 328		accuracy = 0.10000000149011612
Training round: 329		accuracy = 0.10000000149011612
Training round: 330		accuracy = 0.10000000149011612
Training round: 331		accuracy = 0.10000000149011612
Training round: 332		accuracy = 0.10000000149011612
Training round: 333		accuracy = 0.10000000149011612
Training round: 334		accuracy = 0.10000000149011612
Training round: 335		accuracy = 0.10000000149011612
Training round: 336		accuracy = 0.10000000149011612
Training round: 337		accuracy = 0.10000000149011612
Training round: 338		accuracy = 0.10000000149011612
Training round: 339		accuracy = 0.10000000149011612
Training round: 340		accuracy = 0.10000000149011612
Training round: 341		accuracy = 0.10000000149011612
Training round: 342		accuracy = 0.10000000149011612
Training round: 343		accuracy = 0.10000000149011612
Training round: 344		accuracy = 0.10000000149011612
Training round: 345		accuracy = 0.10000000149011612
Training round: 346		accuracy = 0.10000000149011612
Training round: 347		accuracy = 0.10000000149011612
Training round: 348		accuracy = 0.10000000149011612
Training round: 349		accuracy = 0.10000000149011612
Training round: 350		accuracy = 0.10000000149011612
Training round: 351		accuracy = 0.10000000149011612
Training round: 352		accuracy = 0.10000000149011612
Training round: 353		accuracy = 0.10000000149011612
Training round: 354		accuracy = 0.10000000149011612
Training round: 355		accuracy = 0.10000000149011612
Training round: 356		accuracy = 0.10000000149011612
Training round: 357		accuracy = 0.10000000149011612
Training round: 358		accuracy = 0.10000000149011612
Training round: 359		accuracy = 0.10000000149011612
Training round: 360		accuracy = 0.10000000149011612
Training round: 361		accuracy = 0.10000000149011612
Training round: 362		accuracy = 0.10000000149011612
Training round: 363		accuracy = 0.10000000149011612
Training round: 364		accuracy = 0.10000000149011612
Training round: 365		accuracy = 0.10000000149011612
Training round: 366		accuracy = 0.10000000149011612
Training round: 367		accuracy = 0.10000000149011612
Training round: 368		accuracy = 0.10000000149011612
Training round: 369		accuracy = 0.10000000149011612
Training round: 370		accuracy = 0.10000000149011612
Training round: 371		accuracy = 0.10000000149011612
Training round: 372		accuracy = 0.10000000149011612
Training round: 373		accuracy = 0.10000000149011612
Training round: 374		accuracy = 0.10000000149011612
Training round: 375		accuracy = 0.10000000149011612
Training round: 376		accuracy = 0.10000000149011612
Training round: 377		accuracy = 0.10000000149011612
Training round: 378		accuracy = 0.10000000149011612
Training round: 379		accuracy = 0.10000000149011612
Training round: 380		accuracy = 0.10000000149011612
Training round: 381		accuracy = 0.10000000149011612
Training round: 382		accuracy = 0.10000000149011612
Training round: 383		accuracy = 0.10000000149011612
Training round: 384		accuracy = 0.10000000149011612
Training round: 385		accuracy = 0.10000000149011612
Training round: 386		accuracy = 0.10000000149011612
Training round: 387		accuracy = 0.10000000149011612
Training round: 388		accuracy = 0.10000000149011612
Training round: 389		accuracy = 0.10000000149011612
Training round: 390		accuracy = 0.10000000149011612
Training round: 391		accuracy = 0.10000000149011612
Training round: 392		accuracy = 0.10000000149011612
Training round: 393		accuracy = 0.10000000149011612
Training round: 394		accuracy = 0.10000000149011612
Training round: 395		accuracy = 0.10000000149011612
Training round: 396		accuracy = 0.10000000149011612
Training round: 397		accuracy = 0.10000000149011612
Training round: 398		accuracy = 0.10000000149011612
Training round: 399		accuracy = 0.10000000149011612
Training round: 400		accuracy = 0.10000000149011612
Training round: 401		accuracy = 0.10000000149011612
Training round: 402		accuracy = 0.10000000149011612
Training round: 403		accuracy = 0.10000000149011612
Training round: 404		accuracy = 0.10000000149011612
Training round: 405		accuracy = 0.10000000149011612
Training round: 406		accuracy = 0.10000000149011612
Training round: 407		accuracy = 0.10000000149011612
Training round: 408		accuracy = 0.10000000149011612
Training round: 409		accuracy = 0.10000000149011612
Training round: 410		accuracy = 0.10000000149011612
Training round: 411		accuracy = 0.10000000149011612
Training round: 412		accuracy = 0.10000000149011612
Training round: 413		accuracy = 0.10000000149011612
Training round: 414		accuracy = 0.10000000149011612
Training round: 415		accuracy = 0.10000000149011612
Training round: 416		accuracy = 0.10000000149011612
Training round: 417		accuracy = 0.10000000149011612
Training round: 418		accuracy = 0.10000000149011612
Training round: 419		accuracy = 0.10000000149011612
Training round: 420		accuracy = 0.10000000149011612
Training round: 421		accuracy = 0.10000000149011612
Training round: 422		accuracy = 0.10000000149011612
Training round: 423		accuracy = 0.10000000149011612
Training round: 424		accuracy = 0.10000000149011612
Training round: 425		accuracy = 0.10000000149011612
Training round: 426		accuracy = 0.10000000149011612
Training round: 427		accuracy = 0.10000000149011612
Training round: 428		accuracy = 0.10000000149011612
Training round: 429		accuracy = 0.10000000149011612
Training round: 430		accuracy = 0.10000000149011612
Training round: 431		accuracy = 0.10000000149011612
Training round: 432		accuracy = 0.10000000149011612
Training round: 433		accuracy = 0.10000000149011612
Training round: 434		accuracy = 0.10000000149011612
Training round: 435		accuracy = 0.10000000149011612
Training round: 436		accuracy = 0.10000000149011612
Training round: 437		accuracy = 0.10000000149011612
Training round: 438		accuracy = 0.10000000149011612
Training round: 439		accuracy = 0.10000000149011612
Training round: 440		accuracy = 0.10000000149011612
Training round: 441		accuracy = 0.10000000149011612
Training round: 442		accuracy = 0.10000000149011612
Training round: 443		accuracy = 0.10000000149011612
Training round: 444		accuracy = 0.10000000149011612
Training round: 445		accuracy = 0.10000000149011612
Training round: 446		accuracy = 0.10000000149011612
Training round: 447		accuracy = 0.10000000149011612
Training round: 448		accuracy = 0.10000000149011612
Training round: 449		accuracy = 0.10000000149011612
Training round: 450		accuracy = 0.10000000149011612
Training round: 451		accuracy = 0.10000000149011612
Training round: 452		accuracy = 0.10000000149011612
Training round: 453		accuracy = 0.10000000149011612
Training round: 454		accuracy = 0.10000000149011612
Training round: 455		accuracy = 0.10000000149011612
Training round: 456		accuracy = 0.10000000149011612
Training round: 457		accuracy = 0.10000000149011612
Training round: 458		accuracy = 0.10000000149011612
Training round: 459		accuracy = 0.10000000149011612
Training round: 460		accuracy = 0.10000000149011612
Training round: 461		accuracy = 0.10000000149011612
Training round: 462		accuracy = 0.10000000149011612
Training round: 463		accuracy = 0.10000000149011612
Training round: 464		accuracy = 0.10000000149011612
Training round: 465		accuracy = 0.10000000149011612
Training round: 466		accuracy = 0.10000000149011612
Training round: 467		accuracy = 0.10000000149011612
Training round: 468		accuracy = 0.10000000149011612
Training round: 469		accuracy = 0.10000000149011612
Training round: 470		accuracy = 0.10000000149011612
Training round: 471		accuracy = 0.10000000149011612
Training round: 472		accuracy = 0.10000000149011612
Training round: 473		accuracy = 0.10000000149011612
Training round: 474		accuracy = 0.10000000149011612
Training round: 475		accuracy = 0.10000000149011612
Training round: 476		accuracy = 0.10000000149011612
Training round: 477		accuracy = 0.10000000149011612
Training round: 478		accuracy = 0.10000000149011612
Training round: 479		accuracy = 0.10000000149011612
Training round: 480		accuracy = 0.10000000149011612
Training round: 481		accuracy = 0.10000000149011612
Training round: 482		accuracy = 0.10000000149011612
Training round: 483		accuracy = 0.10000000149011612
Training round: 484		accuracy = 0.10000000149011612
Training round: 485		accuracy = 0.10000000149011612
Training round: 486		accuracy = 0.10000000149011612
Training round: 487		accuracy = 0.10000000149011612
Training round: 488		accuracy = 0.10000000149011612
Training round: 489		accuracy = 0.10000000149011612
Training round: 490		accuracy = 0.10000000149011612
Training round: 491		accuracy = 0.10000000149011612
Training round: 492		accuracy = 0.10000000149011612
Training round: 493		accuracy = 0.10000000149011612
Training round: 494		accuracy = 0.10000000149011612
Training round: 495		accuracy = 0.10000000149011612
Training round: 496		accuracy = 0.10000000149011612
Training round: 497		accuracy = 0.10000000149011612
Training round: 498		accuracy = 0.10000000149011612
Training round: 499		accuracy = 0.10000000149011612
Training round: 500		accuracy = 0.10000000149011612
Training round: 501		accuracy = 0.10000000149011612
Training round: 502		accuracy = 0.10000000149011612
Training round: 503		accuracy = 0.10000000149011612
Training round: 504		accuracy = 0.10000000149011612
Training round: 505		accuracy = 0.10000000149011612
Training round: 506		accuracy = 0.10000000149011612
Training round: 507		accuracy = 0.10000000149011612
Training round: 508		accuracy = 0.10000000149011612
Training round: 509		accuracy = 0.10000000149011612
Training round: 510		accuracy = 0.10000000149011612
Training round: 511		accuracy = 0.10000000149011612
Training round: 512		accuracy = 0.10000000149011612
Training round: 513		accuracy = 0.10000000149011612
Training round: 514		accuracy = 0.10000000149011612
Training round: 515		accuracy = 0.10000000149011612
Training round: 516		accuracy = 0.10000000149011612
Training round: 517		accuracy = 0.10000000149011612
Training round: 518		accuracy = 0.10000000149011612
Training round: 519		accuracy = 0.10000000149011612
Training round: 520		accuracy = 0.10000000149011612
Training round: 521		accuracy = 0.10000000149011612
Training round: 522		accuracy = 0.10000000149011612
Training round: 523		accuracy = 0.10000000149011612
Training round: 524		accuracy = 0.10000000149011612
Training round: 525		accuracy = 0.10000000149011612
Training round: 526		accuracy = 0.10000000149011612
Training round: 527		accuracy = 0.10000000149011612
Training round: 528		accuracy = 0.10000000149011612
Training round: 529		accuracy = 0.10000000149011612
Training round: 530		accuracy = 0.10000000149011612
Training round: 531		accuracy = 0.10000000149011612
Training round: 532		accuracy = 0.10000000149011612
Training round: 533		accuracy = 0.10000000149011612
Training round: 534		accuracy = 0.10000000149011612
Training round: 535		accuracy = 0.10000000149011612
Training round: 536		accuracy = 0.10000000149011612
Training round: 537		accuracy = 0.10000000149011612
Training round: 538		accuracy = 0.10000000149011612
Training round: 539		accuracy = 0.10000000149011612
Training round: 540		accuracy = 0.10000000149011612
Training round: 541		accuracy = 0.10000000149011612
Training round: 542		accuracy = 0.10000000149011612
Training round: 543		accuracy = 0.10000000149011612
Training round: 544		accuracy = 0.10000000149011612
Training round: 545		accuracy = 0.10000000149011612
Training round: 546		accuracy = 0.10000000149011612
Training round: 547		accuracy = 0.10000000149011612
Training round: 548		accuracy = 0.10000000149011612
Training round: 549		accuracy = 0.10000000149011612
Training round: 550		accuracy = 0.10000000149011612
Training round: 551		accuracy = 0.10000000149011612
Training round: 552		accuracy = 0.10000000149011612
Training round: 553		accuracy = 0.10000000149011612
Training round: 554		accuracy = 0.10000000149011612
Training round: 555		accuracy = 0.10000000149011612
Training round: 556		accuracy = 0.10000000149011612
Training round: 557		accuracy = 0.10000000149011612
Training round: 558		accuracy = 0.10000000149011612
Training round: 559		accuracy = 0.10000000149011612
Training round: 560		accuracy = 0.10000000149011612
Training round: 561		accuracy = 0.10000000149011612
Training round: 562		accuracy = 0.10000000149011612
Training round: 563		accuracy = 0.10000000149011612
Training round: 564		accuracy = 0.10000000149011612
Training round: 565		accuracy = 0.10000000149011612
Training round: 566		accuracy = 0.10000000149011612
Training round: 567		accuracy = 0.10000000149011612
Training round: 568		accuracy = 0.10000000149011612
Training round: 569		accuracy = 0.10000000149011612
Training round: 570		accuracy = 0.10000000149011612
Training round: 571		accuracy = 0.10000000149011612
Training round: 572		accuracy = 0.10000000149011612
Training round: 573		accuracy = 0.10000000149011612
Training round: 574		accuracy = 0.10000000149011612
Training round: 575		accuracy = 0.10000000149011612
Training round: 576		accuracy = 0.10000000149011612
Training round: 577		accuracy = 0.10000000149011612
Training round: 578		accuracy = 0.10000000149011612
Training round: 579		accuracy = 0.10000000149011612
Training round: 580		accuracy = 0.10000000149011612
Training round: 581		accuracy = 0.10000000149011612
Training round: 582		accuracy = 0.10000000149011612
Training round: 583		accuracy = 0.10000000149011612
Training round: 584		accuracy = 0.10000000149011612
Training round: 585		accuracy = 0.10000000149011612
Training round: 586		accuracy = 0.10000000149011612
Training round: 587		accuracy = 0.10000000149011612
Training round: 588		accuracy = 0.10000000149011612
Training round: 589		accuracy = 0.10000000149011612
Training round: 590		accuracy = 0.10000000149011612
Training round: 591		accuracy = 0.10000000149011612
Training round: 592		accuracy = 0.10000000149011612
Training round: 593		accuracy = 0.10000000149011612
Training round: 594		accuracy = 0.10000000149011612
Training round: 595		accuracy = 0.10000000149011612
Training round: 596		accuracy = 0.10000000149011612
Training round: 597		accuracy = 0.10000000149011612
Training round: 598		accuracy = 0.10000000149011612
Training round: 599		accuracy = 0.10000000149011612
Training round: 600		accuracy = 0.10000000149011612
Training round: 601		accuracy = 0.10000000149011612
Training round: 602		accuracy = 0.10000000149011612
Training round: 603		accuracy = 0.10000000149011612
Training round: 604		accuracy = 0.10000000149011612
Training round: 605		accuracy = 0.10000000149011612
Training round: 606		accuracy = 0.10000000149011612
Training round: 607		accuracy = 0.10000000149011612
Training round: 608		accuracy = 0.10000000149011612
Training round: 609		accuracy = 0.10000000149011612
Training round: 610		accuracy = 0.10000000149011612
Training round: 611		accuracy = 0.10000000149011612
Training round: 612		accuracy = 0.10000000149011612
Training round: 613		accuracy = 0.10000000149011612
Training round: 614		accuracy = 0.10000000149011612
Training round: 615		accuracy = 0.10000000149011612
Training round: 616		accuracy = 0.10000000149011612
Training round: 617		accuracy = 0.10000000149011612
Training round: 618		accuracy = 0.10000000149011612
Training round: 619		accuracy = 0.10000000149011612
Training round: 620		accuracy = 0.10000000149011612
Training round: 621		accuracy = 0.10000000149011612
Training round: 622		accuracy = 0.10000000149011612
Training round: 623		accuracy = 0.10000000149011612
Training round: 624		accuracy = 0.10000000149011612
Training round: 625		accuracy = 0.10000000149011612
Training round: 626		accuracy = 0.10000000149011612
Training round: 627		accuracy = 0.10000000149011612
Training round: 628		accuracy = 0.10000000149011612
Training round: 629		accuracy = 0.10000000149011612
Training round: 630		accuracy = 0.10000000149011612
Training round: 631		accuracy = 0.10000000149011612
Training round: 632		accuracy = 0.10000000149011612
Training round: 633		accuracy = 0.10000000149011612
Training round: 634		accuracy = 0.10000000149011612
Training round: 635		accuracy = 0.10000000149011612
Training round: 636		accuracy = 0.10000000149011612
Training round: 637		accuracy = 0.10000000149011612
Training round: 638		accuracy = 0.10000000149011612
Training round: 639		accuracy = 0.10000000149011612
Training round: 640		accuracy = 0.10000000149011612
Training round: 641		accuracy = 0.10000000149011612
Training round: 642		accuracy = 0.10000000149011612
Training round: 643		accuracy = 0.10000000149011612
Training round: 644		accuracy = 0.10000000149011612
Training round: 645		accuracy = 0.10000000149011612
Training round: 646		accuracy = 0.10000000149011612
Training round: 647		accuracy = 0.10000000149011612
Training round: 648		accuracy = 0.10000000149011612
Training round: 649		accuracy = 0.10000000149011612
Training round: 650		accuracy = 0.10000000149011612
Training round: 651		accuracy = 0.10000000149011612
Training round: 652		accuracy = 0.10000000149011612
Training round: 653		accuracy = 0.10000000149011612
Training round: 654		accuracy = 0.10000000149011612
Training round: 655		accuracy = 0.10000000149011612
Training round: 656		accuracy = 0.10000000149011612
Training round: 657		accuracy = 0.10000000149011612
Training round: 658		accuracy = 0.10000000149011612
Training round: 659		accuracy = 0.10000000149011612
Training round: 660		accuracy = 0.10000000149011612
Training round: 661		accuracy = 0.10000000149011612
Training round: 662		accuracy = 0.10000000149011612
Training round: 663		accuracy = 0.10000000149011612
Training round: 664		accuracy = 0.10000000149011612
Training round: 665		accuracy = 0.10000000149011612
Training round: 666		accuracy = 0.10000000149011612
Training round: 667		accuracy = 0.10000000149011612
Training round: 668		accuracy = 0.10000000149011612
Training round: 669		accuracy = 0.10000000149011612
Training round: 670		accuracy = 0.10000000149011612
Training round: 671		accuracy = 0.10000000149011612
Training round: 672		accuracy = 0.10000000149011612
Training round: 673		accuracy = 0.10000000149011612
Training round: 674		accuracy = 0.10000000149011612
Training round: 675		accuracy = 0.10000000149011612
Training round: 676		accuracy = 0.10000000149011612
Training round: 677		accuracy = 0.10000000149011612
Training round: 678		accuracy = 0.10000000149011612
Training round: 679		accuracy = 0.10000000149011612
Training round: 680		accuracy = 0.10000000149011612
Training round: 681		accuracy = 0.10000000149011612
Training round: 682		accuracy = 0.10000000149011612
Training round: 683		accuracy = 0.10000000149011612
Training round: 684		accuracy = 0.10000000149011612
Training round: 685		accuracy = 0.10000000149011612
Training round: 686		accuracy = 0.10000000149011612
Training round: 687		accuracy = 0.10000000149011612
Training round: 688		accuracy = 0.10000000149011612
Training round: 689		accuracy = 0.10000000149011612
Training round: 690		accuracy = 0.10000000149011612
Training round: 691		accuracy = 0.10000000149011612
Training round: 692		accuracy = 0.10000000149011612
Training round: 693		accuracy = 0.10000000149011612
Training round: 694		accuracy = 0.10000000149011612
Training round: 695		accuracy = 0.10000000149011612
Training round: 696		accuracy = 0.10000000149011612
Training round: 697		accuracy = 0.10000000149011612
Training round: 698		accuracy = 0.10000000149011612
Training round: 699		accuracy = 0.10000000149011612
Training round: 700		accuracy = 0.10000000149011612
Training round: 701		accuracy = 0.10000000149011612
Training round: 702		accuracy = 0.10000000149011612
Training round: 703		accuracy = 0.10000000149011612
Training round: 704		accuracy = 0.10000000149011612
Training round: 705		accuracy = 0.10000000149011612
Training round: 706		accuracy = 0.10000000149011612
Training round: 707		accuracy = 0.10000000149011612
Training round: 708		accuracy = 0.10000000149011612
Training round: 709		accuracy = 0.10000000149011612
Training round: 710		accuracy = 0.10000000149011612
Training round: 711		accuracy = 0.10000000149011612
Training round: 712		accuracy = 0.10000000149011612
Training round: 713		accuracy = 0.10000000149011612
Training round: 714		accuracy = 0.10000000149011612
Training round: 715		accuracy = 0.10000000149011612
Training round: 716		accuracy = 0.10000000149011612
Training round: 717		accuracy = 0.10000000149011612
Training round: 718		accuracy = 0.10000000149011612
Training round: 719		accuracy = 0.10000000149011612
Training round: 720		accuracy = 0.10000000149011612
Training round: 721		accuracy = 0.10000000149011612
Training round: 722		accuracy = 0.10000000149011612
Training round: 723		accuracy = 0.10000000149011612
Training round: 724		accuracy = 0.10000000149011612
Training round: 725		accuracy = 0.10000000149011612
Training round: 726		accuracy = 0.10000000149011612
Training round: 727		accuracy = 0.10000000149011612
Training round: 728		accuracy = 0.10000000149011612
Training round: 729		accuracy = 0.10000000149011612
Training round: 730		accuracy = 0.10000000149011612
Training round: 731		accuracy = 0.10000000149011612
Training round: 732		accuracy = 0.10000000149011612
Training round: 733		accuracy = 0.10000000149011612
Training round: 734		accuracy = 0.10000000149011612
Training round: 735		accuracy = 0.10000000149011612
Training round: 736		accuracy = 0.10000000149011612
Training round: 737		accuracy = 0.10000000149011612
Training round: 738		accuracy = 0.10000000149011612
Training round: 739		accuracy = 0.10000000149011612
Training round: 740		accuracy = 0.10000000149011612
Training round: 741		accuracy = 0.10000000149011612
Training round: 742		accuracy = 0.10000000149011612
Training round: 743		accuracy = 0.10000000149011612
Training round: 744		accuracy = 0.10000000149011612
Training round: 745		accuracy = 0.10000000149011612
Training round: 746		accuracy = 0.10000000149011612
Training round: 747		accuracy = 0.10000000149011612
Training round: 748		accuracy = 0.10000000149011612
Training round: 749		accuracy = 0.10000000149011612
Training round: 750		accuracy = 0.10000000149011612
Training round: 751		accuracy = 0.10000000149011612
Training round: 752		accuracy = 0.10000000149011612
Training round: 753		accuracy = 0.10000000149011612
Training round: 754		accuracy = 0.10000000149011612
Training round: 755		accuracy = 0.10000000149011612
Training round: 756		accuracy = 0.10000000149011612
Training round: 757		accuracy = 0.10000000149011612
Training round: 758		accuracy = 0.10000000149011612
Training round: 759		accuracy = 0.10000000149011612
Training round: 760		accuracy = 0.10000000149011612
Training round: 761		accuracy = 0.10000000149011612
Training round: 762		accuracy = 0.10000000149011612
Training round: 763		accuracy = 0.10000000149011612
Training round: 764		accuracy = 0.10000000149011612
Training round: 765		accuracy = 0.10000000149011612
Training round: 766		accuracy = 0.10000000149011612
Training round: 767		accuracy = 0.10000000149011612
Training round: 768		accuracy = 0.10000000149011612
Training round: 769		accuracy = 0.10000000149011612
Training round: 770		accuracy = 0.10000000149011612
Training round: 771		accuracy = 0.10000000149011612
Training round: 772		accuracy = 0.10000000149011612
Training round: 773		accuracy = 0.10000000149011612
Training round: 774		accuracy = 0.10000000149011612
Training round: 775		accuracy = 0.10000000149011612
Training round: 776		accuracy = 0.10000000149011612
Training round: 777		accuracy = 0.10000000149011612
Training round: 778		accuracy = 0.10000000149011612
Training round: 779		accuracy = 0.10000000149011612
Training round: 780		accuracy = 0.10000000149011612
Training round: 781		accuracy = 0.10000000149011612
Training round: 782		accuracy = 0.10000000149011612
Training round: 783		accuracy = 0.10000000149011612
Training round: 784		accuracy = 0.10000000149011612
Training round: 785		accuracy = 0.10000000149011612
Training round: 786		accuracy = 0.10000000149011612
Training round: 787		accuracy = 0.10000000149011612
Training round: 788		accuracy = 0.10000000149011612
Training round: 789		accuracy = 0.10000000149011612
Training round: 790		accuracy = 0.10000000149011612
Training round: 791		accuracy = 0.10000000149011612
Training round: 792		accuracy = 0.10000000149011612
Training round: 793		accuracy = 0.10000000149011612
Training round: 794		accuracy = 0.10000000149011612
Training round: 795		accuracy = 0.10000000149011612
Training round: 796		accuracy = 0.10000000149011612
Training round: 797		accuracy = 0.10000000149011612
Training round: 798		accuracy = 0.10000000149011612
Training round: 799		accuracy = 0.10000000149011612
Training round: 800		accuracy = 0.10000000149011612
Training round: 801		accuracy = 0.10000000149011612
Training round: 802		accuracy = 0.10000000149011612
Training round: 803		accuracy = 0.10000000149011612
Training round: 804		accuracy = 0.10000000149011612
Training round: 805		accuracy = 0.10000000149011612
Training round: 806		accuracy = 0.10000000149011612
Training round: 807		accuracy = 0.10000000149011612
Training round: 808		accuracy = 0.10000000149011612
Training round: 809		accuracy = 0.10000000149011612
Training round: 810		accuracy = 0.10000000149011612
Training round: 811		accuracy = 0.10000000149011612
Training round: 812		accuracy = 0.10000000149011612
Training round: 813		accuracy = 0.10000000149011612
Training round: 814		accuracy = 0.10000000149011612
Training round: 815		accuracy = 0.10000000149011612
Training round: 816		accuracy = 0.10000000149011612
Training round: 817		accuracy = 0.10000000149011612
Training round: 818		accuracy = 0.10000000149011612
Training round: 819		accuracy = 0.10000000149011612
Training round: 820		accuracy = 0.10000000149011612
Training round: 821		accuracy = 0.10000000149011612
Training round: 822		accuracy = 0.10000000149011612
Training round: 823		accuracy = 0.10000000149011612
Training round: 824		accuracy = 0.10000000149011612
Training round: 825		accuracy = 0.10000000149011612
Training round: 826		accuracy = 0.10000000149011612
Training round: 827		accuracy = 0.10000000149011612
Training round: 828		accuracy = 0.10000000149011612
Training round: 829		accuracy = 0.10000000149011612
Training round: 830		accuracy = 0.10000000149011612
Training round: 831		accuracy = 0.10000000149011612
Training round: 832		accuracy = 0.10000000149011612
Training round: 833		accuracy = 0.10000000149011612
Training round: 834		accuracy = 0.10000000149011612
Training round: 835		accuracy = 0.10000000149011612
Training round: 836		accuracy = 0.10000000149011612
Training round: 837		accuracy = 0.10000000149011612
Training round: 838		accuracy = 0.10000000149011612
Training round: 839		accuracy = 0.10000000149011612
Training round: 840		accuracy = 0.10000000149011612
Training round: 841		accuracy = 0.10000000149011612
Training round: 842		accuracy = 0.10000000149011612
Training round: 843		accuracy = 0.10000000149011612
Training round: 844		accuracy = 0.10000000149011612
Training round: 845		accuracy = 0.10000000149011612
Training round: 846		accuracy = 0.10000000149011612
Training round: 847		accuracy = 0.10000000149011612
Training round: 848		accuracy = 0.10000000149011612
Training round: 849		accuracy = 0.10000000149011612
Training round: 850		accuracy = 0.10000000149011612
Training round: 851		accuracy = 0.10000000149011612
Training round: 852		accuracy = 0.10000000149011612
Training round: 853		accuracy = 0.10000000149011612
Training round: 854		accuracy = 0.10000000149011612
Training round: 855		accuracy = 0.10000000149011612
Training round: 856		accuracy = 0.10000000149011612
Training round: 857		accuracy = 0.10000000149011612
Training round: 858		accuracy = 0.10000000149011612
Training round: 859		accuracy = 0.10000000149011612
Training round: 860		accuracy = 0.10000000149011612
Training round: 861		accuracy = 0.10000000149011612
Training round: 862		accuracy = 0.10000000149011612
Training round: 863		accuracy = 0.10000000149011612
Training round: 864		accuracy = 0.10000000149011612
Training round: 865		accuracy = 0.10000000149011612
Training round: 866		accuracy = 0.10000000149011612
Training round: 867		accuracy = 0.10000000149011612
Training round: 868		accuracy = 0.10000000149011612
Training round: 869		accuracy = 0.10000000149011612
Training round: 870		accuracy = 0.10000000149011612
Training round: 871		accuracy = 0.10000000149011612
Training round: 872		accuracy = 0.10000000149011612
Training round: 873		accuracy = 0.10000000149011612
Training round: 874		accuracy = 0.10000000149011612
Training round: 875		accuracy = 0.10000000149011612
Training round: 876		accuracy = 0.10000000149011612
Training round: 877		accuracy = 0.10000000149011612
Training round: 878		accuracy = 0.10000000149011612
Training round: 879		accuracy = 0.10000000149011612
Training round: 880		accuracy = 0.10000000149011612
Training round: 881		accuracy = 0.10000000149011612
Training round: 882		accuracy = 0.10000000149011612
Training round: 883		accuracy = 0.10000000149011612
Training round: 884		accuracy = 0.10000000149011612
Training round: 885		accuracy = 0.10000000149011612
Training round: 886		accuracy = 0.10000000149011612
Training round: 887		accuracy = 0.10000000149011612
Training round: 888		accuracy = 0.10000000149011612
Training round: 889		accuracy = 0.10000000149011612
Training round: 890		accuracy = 0.10000000149011612
Training round: 891		accuracy = 0.10000000149011612
Training round: 892		accuracy = 0.10000000149011612
Training round: 893		accuracy = 0.10000000149011612
Training round: 894		accuracy = 0.10000000149011612
Training round: 895		accuracy = 0.10000000149011612
Training round: 896		accuracy = 0.10000000149011612
Training round: 897		accuracy = 0.10000000149011612
Training round: 898		accuracy = 0.10000000149011612
Training round: 899		accuracy = 0.10000000149011612
Training round: 900		accuracy = 0.10000000149011612
Training round: 901		accuracy = 0.10000000149011612
Training round: 902		accuracy = 0.10000000149011612
Training round: 903		accuracy = 0.10000000149011612
Training round: 904		accuracy = 0.10000000149011612
Training round: 905		accuracy = 0.10000000149011612
Training round: 906		accuracy = 0.10000000149011612
Training round: 907		accuracy = 0.10000000149011612
Training round: 908		accuracy = 0.10000000149011612
Training round: 909		accuracy = 0.10000000149011612
Training round: 910		accuracy = 0.10000000149011612
Training round: 911		accuracy = 0.10000000149011612
Training round: 912		accuracy = 0.10000000149011612
Training round: 913		accuracy = 0.10000000149011612
Training round: 914		accuracy = 0.10000000149011612
Training round: 915		accuracy = 0.10000000149011612
Training round: 916		accuracy = 0.10000000149011612
Training round: 917		accuracy = 0.10000000149011612
Training round: 918		accuracy = 0.10000000149011612
Training round: 919		accuracy = 0.10000000149011612
Training round: 920		accuracy = 0.10000000149011612
Training round: 921		accuracy = 0.10000000149011612
Training round: 922		accuracy = 0.10000000149011612
Training round: 923		accuracy = 0.10000000149011612
Training round: 924		accuracy = 0.10000000149011612
Training round: 925		accuracy = 0.10000000149011612
Training round: 926		accuracy = 0.10000000149011612
Training round: 927		accuracy = 0.10000000149011612
Training round: 928		accuracy = 0.10000000149011612
Training round: 929		accuracy = 0.10000000149011612
Training round: 930		accuracy = 0.10000000149011612
Training round: 931		accuracy = 0.10000000149011612
Training round: 932		accuracy = 0.10000000149011612
Training round: 933		accuracy = 0.10000000149011612
Training round: 934		accuracy = 0.10000000149011612
Training round: 935		accuracy = 0.10000000149011612
Training round: 936		accuracy = 0.10000000149011612
Training round: 937		accuracy = 0.10000000149011612
Training round: 938		accuracy = 0.10000000149011612
Training round: 939		accuracy = 0.10000000149011612
Training round: 940		accuracy = 0.10000000149011612
Training round: 941		accuracy = 0.10000000149011612
Training round: 942		accuracy = 0.10000000149011612
Training round: 943		accuracy = 0.10000000149011612
Training round: 944		accuracy = 0.10000000149011612
Training round: 945		accuracy = 0.10000000149011612
Training round: 946		accuracy = 0.10000000149011612
Training round: 947		accuracy = 0.10000000149011612
Training round: 948		accuracy = 0.10000000149011612
Training round: 949		accuracy = 0.10000000149011612
Training round: 950		accuracy = 0.10000000149011612
Training round: 951		accuracy = 0.10000000149011612
Training round: 952		accuracy = 0.10000000149011612
Training round: 953		accuracy = 0.10000000149011612
Training round: 954		accuracy = 0.10000000149011612
Training round: 955		accuracy = 0.10000000149011612
Training round: 956		accuracy = 0.10000000149011612
Training round: 957		accuracy = 0.10000000149011612
Training round: 958		accuracy = 0.10000000149011612
Training round: 959		accuracy = 0.10000000149011612
Training round: 960		accuracy = 0.10000000149011612
Training round: 961		accuracy = 0.10000000149011612
Training round: 962		accuracy = 0.10000000149011612
Training round: 963		accuracy = 0.10000000149011612
Training round: 964		accuracy = 0.10000000149011612
Training round: 965		accuracy = 0.10000000149011612
Training round: 966		accuracy = 0.10000000149011612
Training round: 967		accuracy = 0.10000000149011612
Training round: 968		accuracy = 0.10000000149011612
Training round: 969		accuracy = 0.10000000149011612
Training round: 970		accuracy = 0.10000000149011612
Training round: 971		accuracy = 0.10000000149011612
Training round: 972		accuracy = 0.10000000149011612
Training round: 973		accuracy = 0.10000000149011612
Training round: 974		accuracy = 0.10000000149011612
Training round: 975		accuracy = 0.10000000149011612
Training round: 976		accuracy = 0.10000000149011612
Training round: 977		accuracy = 0.10000000149011612
Training round: 978		accuracy = 0.10000000149011612
Training round: 979		accuracy = 0.10000000149011612
Training round: 980		accuracy = 0.10000000149011612
Training round: 981		accuracy = 0.10000000149011612
Training round: 982		accuracy = 0.10000000149011612
Training round: 983		accuracy = 0.10000000149011612
Training round: 984		accuracy = 0.10000000149011612
Training round: 985		accuracy = 0.10000000149011612
Training round: 986		accuracy = 0.10000000149011612
Training round: 987		accuracy = 0.10000000149011612
Training round: 988		accuracy = 0.10000000149011612
Training round: 989		accuracy = 0.10000000149011612
Training round: 990		accuracy = 0.10000000149011612
Training round: 991		accuracy = 0.10000000149011612
Training round: 992		accuracy = 0.10000000149011612
Training round: 993		accuracy = 0.10000000149011612
Training round: 994		accuracy = 0.10000000149011612
Training round: 995		accuracy = 0.10000000149011612
Training round: 996		accuracy = 0.10000000149011612
Training round: 997		accuracy = 0.10000000149011612
Training round: 998		accuracy = 0.10000000149011612
Training round: 999		accuracy = 0.10000000149011612
Training round: 1000		accuracy = 0.10000000149011612
Training duration 7665.893728494644
