2021-08-23 17:15:53.022523: I tensorflow/stream_executor/platform/default/dso_loader.cc:49] Successfully opened dynamic library libcudart.so.11.0
2021-08-23 17:16:20.286590: I tensorflow/compiler/jit/xla_cpu_device.cc:41] Not creating XLA devices, tf_xla_enable_xla_devices not set
2021-08-23 17:16:20.298046: I tensorflow/stream_executor/platform/default/dso_loader.cc:49] Successfully opened dynamic library libcuda.so.1
2021-08-23 17:16:20.342752: I tensorflow/core/common_runtime/gpu/gpu_device.cc:1720] Found device 0 with properties: 
pciBusID: 0000:83:00.0 name: Tesla P100-PCIE-12GB computeCapability: 6.0
coreClock: 1.3285GHz coreCount: 56 deviceMemorySize: 11.91GiB deviceMemoryBandwidth: 511.41GiB/s
2021-08-23 17:16:20.343188: I tensorflow/stream_executor/platform/default/dso_loader.cc:49] Successfully opened dynamic library libcudart.so.11.0
2021-08-23 17:16:20.353740: I tensorflow/stream_executor/platform/default/dso_loader.cc:49] Successfully opened dynamic library libcublas.so.11
2021-08-23 17:16:20.353878: I tensorflow/stream_executor/platform/default/dso_loader.cc:49] Successfully opened dynamic library libcublasLt.so.11
2021-08-23 17:16:20.359222: I tensorflow/stream_executor/platform/default/dso_loader.cc:49] Successfully opened dynamic library libcufft.so.10
2021-08-23 17:16:20.361854: I tensorflow/stream_executor/platform/default/dso_loader.cc:49] Successfully opened dynamic library libcurand.so.10
2021-08-23 17:16:20.370252: I tensorflow/stream_executor/platform/default/dso_loader.cc:49] Successfully opened dynamic library libcusolver.so.10
2021-08-23 17:16:20.372473: I tensorflow/stream_executor/platform/default/dso_loader.cc:49] Successfully opened dynamic library libcusparse.so.11
2021-08-23 17:16:20.373389: I tensorflow/stream_executor/platform/default/dso_loader.cc:49] Successfully opened dynamic library libcudnn.so.8
2021-08-23 17:16:20.375865: I tensorflow/core/common_runtime/gpu/gpu_device.cc:1862] Adding visible gpu devices: 0
2021-08-23 17:16:20.378854: I tensorflow/core/platform/cpu_feature_guard.cc:142] This TensorFlow binary is optimized with oneAPI Deep Neural Network Library (oneDNN) to use the following CPU instructions in performance-critical operations:  AVX2 FMA
To enable them in other operations, rebuild TensorFlow with the appropriate compiler flags.
2021-08-23 17:16:20.379194: I tensorflow/compiler/jit/xla_gpu_device.cc:99] Not creating XLA devices, tf_xla_enable_xla_devices not set
2021-08-23 17:16:20.380328: I tensorflow/core/common_runtime/gpu/gpu_device.cc:1720] Found device 0 with properties: 
pciBusID: 0000:83:00.0 name: Tesla P100-PCIE-12GB computeCapability: 6.0
coreClock: 1.3285GHz coreCount: 56 deviceMemorySize: 11.91GiB deviceMemoryBandwidth: 511.41GiB/s
2021-08-23 17:16:20.380414: I tensorflow/stream_executor/platform/default/dso_loader.cc:49] Successfully opened dynamic library libcudart.so.11.0
2021-08-23 17:16:20.380484: I tensorflow/stream_executor/platform/default/dso_loader.cc:49] Successfully opened dynamic library libcublas.so.11
2021-08-23 17:16:20.380595: I tensorflow/stream_executor/platform/default/dso_loader.cc:49] Successfully opened dynamic library libcublasLt.so.11
2021-08-23 17:16:20.380690: I tensorflow/stream_executor/platform/default/dso_loader.cc:49] Successfully opened dynamic library libcufft.so.10
2021-08-23 17:16:20.380786: I tensorflow/stream_executor/platform/default/dso_loader.cc:49] Successfully opened dynamic library libcurand.so.10
2021-08-23 17:16:20.380885: I tensorflow/stream_executor/platform/default/dso_loader.cc:49] Successfully opened dynamic library libcusolver.so.10
2021-08-23 17:16:20.380976: I tensorflow/stream_executor/platform/default/dso_loader.cc:49] Successfully opened dynamic library libcusparse.so.11
2021-08-23 17:16:20.381067: I tensorflow/stream_executor/platform/default/dso_loader.cc:49] Successfully opened dynamic library libcudnn.so.8
2021-08-23 17:16:20.383280: I tensorflow/core/common_runtime/gpu/gpu_device.cc:1862] Adding visible gpu devices: 0
2021-08-23 17:16:20.383414: I tensorflow/stream_executor/platform/default/dso_loader.cc:49] Successfully opened dynamic library libcudart.so.11.0
2021-08-23 17:16:21.781724: I tensorflow/core/common_runtime/gpu/gpu_device.cc:1261] Device interconnect StreamExecutor with strength 1 edge matrix:
2021-08-23 17:16:21.781908: I tensorflow/core/common_runtime/gpu/gpu_device.cc:1267]      0 
2021-08-23 17:16:21.782033: I tensorflow/core/common_runtime/gpu/gpu_device.cc:1280] 0:   N 
2021-08-23 17:16:21.787159: I tensorflow/core/common_runtime/gpu/gpu_device.cc:1406] Created TensorFlow device (/job:localhost/replica:0/task:0/device:GPU:0 with 11119 MB memory) -> physical GPU (device: 0, name: Tesla P100-PCIE-12GB, pci bus id: 0000:83:00.0, compute capability: 6.0)
2021-08-23 17:16:33.360581: I tensorflow/compiler/mlir/mlir_graph_optimization_pass.cc:116] None of the MLIR optimization passes are enabled (registered 2)
2021-08-23 17:16:33.364807: I tensorflow/core/platform/profile_utils/cpu_utils.cc:112] CPU Frequency: 2199880000 Hz
2021-08-23 17:16:33.453778: I tensorflow/stream_executor/platform/default/dso_loader.cc:49] Successfully opened dynamic library libcublas.so.11
2021-08-23 17:16:33.843744: I tensorflow/stream_executor/platform/default/dso_loader.cc:49] Successfully opened dynamic library libcublasLt.so.11
2021-08-23 17:16:33.853526: I tensorflow/stream_executor/platform/default/dso_loader.cc:49] Successfully opened dynamic library libcudnn.so.8
2021-08-23 17:16:36.125809: W tensorflow/stream_executor/gpu/asm_compiler.cc:63] Running ptxas --version returned 256
2021-08-23 17:16:36.646778: W tensorflow/stream_executor/gpu/redzone_allocator.cc:314] Internal: ptxas exited with non-zero error code 256, output: 
Relying on driver to perform ptx compilation. 
Modify $PATH to customize ptxas location.
This message will be only logged once.
UnbalanceMutator started.
UnbalanceMutator finished.
Training round: 1		accuracy = 0.6544927358627319
Training round: 2		accuracy = 0.6321738958358765
Training round: 3		accuracy = 0.6550724506378174
Training round: 4		accuracy = 0.6568115949630737
Training round: 5		accuracy = 0.6713043451309204
Training round: 6		accuracy = 0.6730434894561768
Training round: 7		accuracy = 0.6773912906646729
Training round: 8		accuracy = 0.6863768100738525
Training round: 9		accuracy = 0.6904347538948059
Training round: 10		accuracy = 0.6959420442581177
Training round: 11		accuracy = 0.7052174210548401
Training round: 12		accuracy = 0.7208695411682129
Training round: 13		accuracy = 0.7005797028541565
Training round: 14		accuracy = 0.7176811695098877
Training round: 15		accuracy = 0.7113043665885925
Training round: 16		accuracy = 0.7171014547348022
Training round: 17		accuracy = 0.7223188281059265
Training round: 18		accuracy = 0.7202898263931274
Training round: 19		accuracy = 0.7144927382469177
Training round: 20		accuracy = 0.7310144901275635
Training round: 21		accuracy = 0.7260869741439819
Training round: 22		accuracy = 0.7342029213905334
Training round: 23		accuracy = 0.7289854884147644
Training round: 24		accuracy = 0.735942006111145
Training round: 25		accuracy = 0.7353622913360596
Training round: 26		accuracy = 0.7397101521492004
Training round: 27		accuracy = 0.7371014356613159
Training round: 28		accuracy = 0.7368115782737732
Training round: 29		accuracy = 0.7365217208862305
Training round: 30		accuracy = 0.7368115782737732
Training round: 31		accuracy = 0.739130437374115
Training round: 32		accuracy = 0.7463768124580383
Training round: 33		accuracy = 0.7397101521492004
Training round: 34		accuracy = 0.7437680959701538
Training round: 35		accuracy = 0.7475362420082092
Training round: 36		accuracy = 0.7434782385826111
Training round: 37		accuracy = 0.7492753863334656
Training round: 38		accuracy = 0.7469565272331238
Training round: 39		accuracy = 0.7495652437210083
Training round: 40		accuracy = 0.749855101108551
Training round: 41		accuracy = 0.7510144710540771
Training round: 42		accuracy = 0.7495652437210083
Training round: 43		accuracy = 0.7515941858291626
Training round: 44		accuracy = 0.7507246136665344
Training round: 45		accuracy = 0.7481159567832947
Training round: 46		accuracy = 0.7492753863334656
Training round: 47		accuracy = 0.750144898891449
Training round: 48		accuracy = 0.752173900604248
Training round: 49		accuracy = 0.752173900604248
Training round: 50		accuracy = 0.7544927597045898
Training round: 51		accuracy = 0.749855101108551
Training round: 52		accuracy = 0.7495652437210083
Training round: 53		accuracy = 0.750144898891449
Training round: 54		accuracy = 0.750144898891449
Training round: 55		accuracy = 0.7475362420082092
Training round: 56		accuracy = 0.7484058141708374
Training round: 57		accuracy = 0.7530434727668762
Training round: 58		accuracy = 0.7515941858291626
Training round: 59		accuracy = 0.7515941858291626
Training round: 60		accuracy = 0.752173900604248
Training round: 61		accuracy = 0.7518840432167053
Training round: 62		accuracy = 0.7510144710540771
Training round: 63		accuracy = 0.7530434727668762
Training round: 64		accuracy = 0.7495652437210083
Training round: 65		accuracy = 0.7513043284416199
Training round: 66		accuracy = 0.750144898891449
Training round: 67		accuracy = 0.7527536153793335
Training round: 68		accuracy = 0.752173900604248
Training round: 69		accuracy = 0.752173900604248
Training round: 70		accuracy = 0.7536231875419617
Training round: 71		accuracy = 0.7510144710540771
Training round: 72		accuracy = 0.7547826170921326
Training round: 73		accuracy = 0.7550724744796753
Training round: 74		accuracy = 0.7539130449295044
Training round: 75		accuracy = 0.7550724744796753
Training round: 76		accuracy = 0.7556521892547607
Training round: 77		accuracy = 0.7559420466423035
Training round: 78		accuracy = 0.7530434727668762
Training round: 79		accuracy = 0.7507246136665344
Training round: 80		accuracy = 0.7510144710540771
Training round: 81		accuracy = 0.7518840432167053
Training round: 82		accuracy = 0.7556521892547607
Training round: 83		accuracy = 0.7530434727668762
Training round: 84		accuracy = 0.7504347562789917
Training round: 85		accuracy = 0.7518840432167053
Training round: 86		accuracy = 0.7527536153793335
Training round: 87		accuracy = 0.752173900604248
Training round: 88		accuracy = 0.7565217614173889
Training round: 89		accuracy = 0.7513043284416199
Training round: 90		accuracy = 0.7550724744796753
Training round: 91		accuracy = 0.7527536153793335
Training round: 92		accuracy = 0.7542029023170471
Training round: 93		accuracy = 0.7536231875419617
Training round: 94		accuracy = 0.7510144710540771
Training round: 95		accuracy = 0.752173900604248
Training round: 96		accuracy = 0.7507246136665344
Training round: 97		accuracy = 0.7481159567832947
Training round: 98		accuracy = 0.749855101108551
Training round: 99		accuracy = 0.7530434727668762
Training round: 100		accuracy = 0.7524637579917908
Training duration 8826.154317617416
