2021-08-23 16:58:12.049006: I tensorflow/stream_executor/platform/default/dso_loader.cc:49] Successfully opened dynamic library libcudart.so.11.0
2021-08-23 16:58:27.572883: I tensorflow/compiler/jit/xla_cpu_device.cc:41] Not creating XLA devices, tf_xla_enable_xla_devices not set
2021-08-23 16:58:27.578549: I tensorflow/stream_executor/platform/default/dso_loader.cc:49] Successfully opened dynamic library libcuda.so.1
2021-08-23 16:58:27.675048: I tensorflow/core/common_runtime/gpu/gpu_device.cc:1720] Found device 0 with properties: 
pciBusID: 0000:3b:00.0 name: Tesla V100-SXM2-32GB computeCapability: 7.0
coreClock: 1.53GHz coreCount: 80 deviceMemorySize: 31.75GiB deviceMemoryBandwidth: 836.37GiB/s
2021-08-23 16:58:27.675809: I tensorflow/stream_executor/platform/default/dso_loader.cc:49] Successfully opened dynamic library libcudart.so.11.0
2021-08-23 16:58:27.692557: I tensorflow/stream_executor/platform/default/dso_loader.cc:49] Successfully opened dynamic library libcublas.so.11
2021-08-23 16:58:27.692791: I tensorflow/stream_executor/platform/default/dso_loader.cc:49] Successfully opened dynamic library libcublasLt.so.11
2021-08-23 16:58:27.699724: I tensorflow/stream_executor/platform/default/dso_loader.cc:49] Successfully opened dynamic library libcufft.so.10
2021-08-23 16:58:27.702806: I tensorflow/stream_executor/platform/default/dso_loader.cc:49] Successfully opened dynamic library libcurand.so.10
2021-08-23 16:58:27.713613: I tensorflow/stream_executor/platform/default/dso_loader.cc:49] Successfully opened dynamic library libcusolver.so.10
2021-08-23 16:58:27.716365: I tensorflow/stream_executor/platform/default/dso_loader.cc:49] Successfully opened dynamic library libcusparse.so.11
2021-08-23 16:58:27.717324: I tensorflow/stream_executor/platform/default/dso_loader.cc:49] Successfully opened dynamic library libcudnn.so.8
2021-08-23 16:58:27.724932: I tensorflow/core/common_runtime/gpu/gpu_device.cc:1862] Adding visible gpu devices: 0
2021-08-23 16:58:27.727911: I tensorflow/core/platform/cpu_feature_guard.cc:142] This TensorFlow binary is optimized with oneAPI Deep Neural Network Library (oneDNN) to use the following CPU instructions in performance-critical operations:  AVX2 AVX512F FMA
To enable them in other operations, rebuild TensorFlow with the appropriate compiler flags.
2021-08-23 16:58:27.728363: I tensorflow/compiler/jit/xla_gpu_device.cc:99] Not creating XLA devices, tf_xla_enable_xla_devices not set
2021-08-23 16:58:27.732121: I tensorflow/core/common_runtime/gpu/gpu_device.cc:1720] Found device 0 with properties: 
pciBusID: 0000:3b:00.0 name: Tesla V100-SXM2-32GB computeCapability: 7.0
coreClock: 1.53GHz coreCount: 80 deviceMemorySize: 31.75GiB deviceMemoryBandwidth: 836.37GiB/s
2021-08-23 16:58:27.732209: I tensorflow/stream_executor/platform/default/dso_loader.cc:49] Successfully opened dynamic library libcudart.so.11.0
2021-08-23 16:58:27.732280: I tensorflow/stream_executor/platform/default/dso_loader.cc:49] Successfully opened dynamic library libcublas.so.11
2021-08-23 16:58:27.732436: I tensorflow/stream_executor/platform/default/dso_loader.cc:49] Successfully opened dynamic library libcublasLt.so.11
2021-08-23 16:58:27.732567: I tensorflow/stream_executor/platform/default/dso_loader.cc:49] Successfully opened dynamic library libcufft.so.10
2021-08-23 16:58:27.732628: I tensorflow/stream_executor/platform/default/dso_loader.cc:49] Successfully opened dynamic library libcurand.so.10
2021-08-23 16:58:27.732764: I tensorflow/stream_executor/platform/default/dso_loader.cc:49] Successfully opened dynamic library libcusolver.so.10
2021-08-23 16:58:27.732837: I tensorflow/stream_executor/platform/default/dso_loader.cc:49] Successfully opened dynamic library libcusparse.so.11
2021-08-23 16:58:27.732969: I tensorflow/stream_executor/platform/default/dso_loader.cc:49] Successfully opened dynamic library libcudnn.so.8
2021-08-23 16:58:27.739880: I tensorflow/core/common_runtime/gpu/gpu_device.cc:1862] Adding visible gpu devices: 0
2021-08-23 16:58:27.740061: I tensorflow/stream_executor/platform/default/dso_loader.cc:49] Successfully opened dynamic library libcudart.so.11.0
2021-08-23 16:58:28.915828: I tensorflow/core/common_runtime/gpu/gpu_device.cc:1261] Device interconnect StreamExecutor with strength 1 edge matrix:
2021-08-23 16:58:28.916039: I tensorflow/core/common_runtime/gpu/gpu_device.cc:1267]      0 
2021-08-23 16:58:28.916181: I tensorflow/core/common_runtime/gpu/gpu_device.cc:1280] 0:   N 
2021-08-23 16:58:28.926493: I tensorflow/core/common_runtime/gpu/gpu_device.cc:1406] Created TensorFlow device (/job:localhost/replica:0/task:0/device:GPU:0 with 30130 MB memory) -> physical GPU (device: 0, name: Tesla V100-SXM2-32GB, pci bus id: 0000:3b:00.0, compute capability: 7.0)
2021-08-23 16:58:35.063988: I tensorflow/compiler/mlir/mlir_graph_optimization_pass.cc:116] None of the MLIR optimization passes are enabled (registered 2)
2021-08-23 16:58:35.068098: I tensorflow/core/platform/profile_utils/cpu_utils.cc:112] CPU Frequency: 2100000000 Hz
2021-08-23 16:58:35.153799: I tensorflow/stream_executor/platform/default/dso_loader.cc:49] Successfully opened dynamic library libcublas.so.11
2021-08-23 16:58:35.732510: I tensorflow/stream_executor/platform/default/dso_loader.cc:49] Successfully opened dynamic library libcublasLt.so.11
2021-08-23 16:58:35.742072: I tensorflow/stream_executor/platform/default/dso_loader.cc:49] Successfully opened dynamic library libcudnn.so.8
2021-08-23 16:58:38.235900: W tensorflow/stream_executor/gpu/asm_compiler.cc:63] Running ptxas --version returned 256
2021-08-23 16:58:38.323098: W tensorflow/stream_executor/gpu/redzone_allocator.cc:314] Internal: ptxas exited with non-zero error code 256, output: 
Relying on driver to perform ptx compilation. 
Modify $PATH to customize ptxas location.
This message will be only logged once.
DeleteMutator started.
DeleteMutator finished.
Training round: 1		accuracy = 0.6530434489250183
Training round: 2		accuracy = 0.6602898836135864
Training round: 3		accuracy = 0.6681159138679504
Training round: 4		accuracy = 0.670724630355835
Training round: 5		accuracy = 0.6797101497650146
Training round: 6		accuracy = 0.6733333468437195
Training round: 7		accuracy = 0.6831883788108826
Training round: 8		accuracy = 0.6802898645401001
Training round: 9		accuracy = 0.6843478083610535
Training round: 10		accuracy = 0.6881159543991089
Training round: 11		accuracy = 0.686956524848938
Training round: 12		accuracy = 0.6886956691741943
Training round: 13		accuracy = 0.6875362396240234
Training round: 14		accuracy = 0.6895652413368225
Training round: 15		accuracy = 0.6930434703826904
Training round: 16		accuracy = 0.6852173805236816
Training round: 17		accuracy = 0.6875362396240234
Training round: 18		accuracy = 0.6962319016456604
Training round: 19		accuracy = 0.6991304159164429
Training round: 20		accuracy = 0.7026087045669556
Training round: 21		accuracy = 0.7057970762252808
Training round: 22		accuracy = 0.6994202733039856
Training round: 23		accuracy = 0.705507218837738
Training round: 24		accuracy = 0.7066666483879089
Training round: 25		accuracy = 0.7072463631629944
Training round: 26		accuracy = 0.7069565057754517
Training round: 27		accuracy = 0.708695650100708
Training round: 28		accuracy = 0.7057970762252808
Training round: 29		accuracy = 0.7043478488922119
Training round: 30		accuracy = 0.7104347944259644
Training round: 31		accuracy = 0.7069565057754517
Training round: 32		accuracy = 0.7075362205505371
Training round: 33		accuracy = 0.7113043665885925
Training round: 34		accuracy = 0.7075362205505371
Training round: 35		accuracy = 0.7124637961387634
Training round: 36		accuracy = 0.7069565057754517
Training round: 37		accuracy = 0.7104347944259644
Training round: 38		accuracy = 0.7095652222633362
Training round: 39		accuracy = 0.7107246518135071
Training round: 40		accuracy = 0.7069565057754517
Training round: 41		accuracy = 0.7115942239761353
Training round: 42		accuracy = 0.7130434513092041
Training round: 43		accuracy = 0.7168115973472595
Training round: 44		accuracy = 0.7136231660842896
Training round: 45		accuracy = 0.7171014547348022
Training round: 46		accuracy = 0.717391312122345
Training round: 47		accuracy = 0.7168115973472595
Training round: 48		accuracy = 0.7168115973472595
Training round: 49		accuracy = 0.7171014547348022
Training round: 50		accuracy = 0.7139130234718323
Training round: 51		accuracy = 0.7153623104095459
Training round: 52		accuracy = 0.7179710268974304
Training round: 53		accuracy = 0.7191304564476013
Training round: 54		accuracy = 0.7182608842849731
Training round: 55		accuracy = 0.7171014547348022
Training round: 56		accuracy = 0.7208695411682129
Training round: 57		accuracy = 0.7191304564476013
Training round: 58		accuracy = 0.7220289707183838
Training round: 59		accuracy = 0.7200000286102295
Training round: 60		accuracy = 0.7211593985557556
Training round: 61		accuracy = 0.7202898263931274
Training round: 62		accuracy = 0.7197101712226868
Training round: 63		accuracy = 0.7171014547348022
Training round: 64		accuracy = 0.7257971167564392
Training round: 65		accuracy = 0.7202898263931274
Training round: 66		accuracy = 0.7223188281059265
Training round: 67		accuracy = 0.7211593985557556
Training round: 68		accuracy = 0.7226086854934692
Training round: 69		accuracy = 0.7211593985557556
Training round: 70		accuracy = 0.7197101712226868
Training round: 71		accuracy = 0.7188405990600586
Training round: 72		accuracy = 0.7211593985557556
Training round: 73		accuracy = 0.7214492559432983
Training round: 74		accuracy = 0.7240579724311829
Training round: 75		accuracy = 0.7197101712226868
Training round: 76		accuracy = 0.7205796837806702
Training round: 77		accuracy = 0.7205796837806702
Training round: 78		accuracy = 0.7200000286102295
Training round: 79		accuracy = 0.7211593985557556
Training round: 80		accuracy = 0.7234782576560974
Training round: 81		accuracy = 0.7237681150436401
Training round: 82		accuracy = 0.7243478298187256
Training round: 83		accuracy = 0.7237681150436401
Training round: 84		accuracy = 0.7231884002685547
Training round: 85		accuracy = 0.7243478298187256
Training round: 86		accuracy = 0.7234782576560974
Training round: 87		accuracy = 0.7255072593688965
Training round: 88		accuracy = 0.7243478298187256
Training round: 89		accuracy = 0.7237681150436401
Training round: 90		accuracy = 0.7255072593688965
Training round: 91		accuracy = 0.7269565463066101
Training round: 92		accuracy = 0.7246376872062683
Training round: 93		accuracy = 0.7243478298187256
Training round: 94		accuracy = 0.7220289707183838
Training round: 95		accuracy = 0.7237681150436401
Training round: 96		accuracy = 0.7263768315315247
Training round: 97		accuracy = 0.7252174019813538
Training round: 98		accuracy = 0.7257971167564392
Training round: 99		accuracy = 0.7257971167564392
Training round: 100		accuracy = 0.7240579724311829
Training duration 4713.677711248398
