2021-08-21 23:49:32.491925: I tensorflow/stream_executor/platform/default/dso_loader.cc:49] Successfully opened dynamic library libcudart.so.11.0
2021-08-21 23:49:55.829805: I tensorflow/compiler/jit/xla_cpu_device.cc:41] Not creating XLA devices, tf_xla_enable_xla_devices not set
2021-08-21 23:49:55.835180: I tensorflow/stream_executor/platform/default/dso_loader.cc:49] Successfully opened dynamic library libcuda.so.1
2021-08-21 23:49:55.898848: I tensorflow/core/common_runtime/gpu/gpu_device.cc:1720] Found device 0 with properties: 
pciBusID: 0000:3b:00.0 name: Tesla V100-SXM2-32GB computeCapability: 7.0
coreClock: 1.53GHz coreCount: 80 deviceMemorySize: 31.75GiB deviceMemoryBandwidth: 836.37GiB/s
2021-08-21 23:49:55.899606: I tensorflow/stream_executor/platform/default/dso_loader.cc:49] Successfully opened dynamic library libcudart.so.11.0
2021-08-21 23:49:55.921360: I tensorflow/stream_executor/platform/default/dso_loader.cc:49] Successfully opened dynamic library libcublas.so.11
2021-08-21 23:49:55.921564: I tensorflow/stream_executor/platform/default/dso_loader.cc:49] Successfully opened dynamic library libcublasLt.so.11
2021-08-21 23:49:55.927403: I tensorflow/stream_executor/platform/default/dso_loader.cc:49] Successfully opened dynamic library libcufft.so.10
2021-08-21 23:49:55.931326: I tensorflow/stream_executor/platform/default/dso_loader.cc:49] Successfully opened dynamic library libcurand.so.10
2021-08-21 23:49:55.940285: I tensorflow/stream_executor/platform/default/dso_loader.cc:49] Successfully opened dynamic library libcusolver.so.10
2021-08-21 23:49:55.942600: I tensorflow/stream_executor/platform/default/dso_loader.cc:49] Successfully opened dynamic library libcusparse.so.11
2021-08-21 23:49:55.943490: I tensorflow/stream_executor/platform/default/dso_loader.cc:49] Successfully opened dynamic library libcudnn.so.8
2021-08-21 23:49:55.948864: I tensorflow/core/common_runtime/gpu/gpu_device.cc:1862] Adding visible gpu devices: 0
2021-08-21 23:49:55.949883: I tensorflow/core/platform/cpu_feature_guard.cc:142] This TensorFlow binary is optimized with oneAPI Deep Neural Network Library (oneDNN) to use the following CPU instructions in performance-critical operations:  AVX2 AVX512F FMA
To enable them in other operations, rebuild TensorFlow with the appropriate compiler flags.
2021-08-21 23:49:55.950338: I tensorflow/compiler/jit/xla_gpu_device.cc:99] Not creating XLA devices, tf_xla_enable_xla_devices not set
2021-08-21 23:49:55.953011: I tensorflow/core/common_runtime/gpu/gpu_device.cc:1720] Found device 0 with properties: 
pciBusID: 0000:3b:00.0 name: Tesla V100-SXM2-32GB computeCapability: 7.0
coreClock: 1.53GHz coreCount: 80 deviceMemorySize: 31.75GiB deviceMemoryBandwidth: 836.37GiB/s
2021-08-21 23:49:55.953169: I tensorflow/stream_executor/platform/default/dso_loader.cc:49] Successfully opened dynamic library libcudart.so.11.0
2021-08-21 23:49:55.953240: I tensorflow/stream_executor/platform/default/dso_loader.cc:49] Successfully opened dynamic library libcublas.so.11
2021-08-21 23:49:55.953296: I tensorflow/stream_executor/platform/default/dso_loader.cc:49] Successfully opened dynamic library libcublasLt.so.11
2021-08-21 23:49:55.953352: I tensorflow/stream_executor/platform/default/dso_loader.cc:49] Successfully opened dynamic library libcufft.so.10
2021-08-21 23:49:55.953408: I tensorflow/stream_executor/platform/default/dso_loader.cc:49] Successfully opened dynamic library libcurand.so.10
2021-08-21 23:49:55.953463: I tensorflow/stream_executor/platform/default/dso_loader.cc:49] Successfully opened dynamic library libcusolver.so.10
2021-08-21 23:49:55.953511: I tensorflow/stream_executor/platform/default/dso_loader.cc:49] Successfully opened dynamic library libcusparse.so.11
2021-08-21 23:49:55.953568: I tensorflow/stream_executor/platform/default/dso_loader.cc:49] Successfully opened dynamic library libcudnn.so.8
2021-08-21 23:49:55.958234: I tensorflow/core/common_runtime/gpu/gpu_device.cc:1862] Adding visible gpu devices: 0
2021-08-21 23:49:55.958510: I tensorflow/stream_executor/platform/default/dso_loader.cc:49] Successfully opened dynamic library libcudart.so.11.0
2021-08-21 23:49:57.162550: I tensorflow/core/common_runtime/gpu/gpu_device.cc:1261] Device interconnect StreamExecutor with strength 1 edge matrix:
2021-08-21 23:49:57.162796: I tensorflow/core/common_runtime/gpu/gpu_device.cc:1267]      0 
2021-08-21 23:49:57.162938: I tensorflow/core/common_runtime/gpu/gpu_device.cc:1280] 0:   N 
2021-08-21 23:49:57.170731: I tensorflow/core/common_runtime/gpu/gpu_device.cc:1406] Created TensorFlow device (/job:localhost/replica:0/task:0/device:GPU:0 with 30130 MB memory) -> physical GPU (device: 0, name: Tesla V100-SXM2-32GB, pci bus id: 0000:3b:00.0, compute capability: 7.0)
2021-08-21 23:50:08.434677: I tensorflow/compiler/mlir/mlir_graph_optimization_pass.cc:116] None of the MLIR optimization passes are enabled (registered 2)
2021-08-21 23:50:08.439137: I tensorflow/core/platform/profile_utils/cpu_utils.cc:112] CPU Frequency: 2100000000 Hz
2021-08-21 23:50:08.515553: I tensorflow/stream_executor/platform/default/dso_loader.cc:49] Successfully opened dynamic library libcublas.so.11
2021-08-21 23:50:09.073268: I tensorflow/stream_executor/platform/default/dso_loader.cc:49] Successfully opened dynamic library libcublasLt.so.11
2021-08-21 23:50:09.082303: I tensorflow/stream_executor/platform/default/dso_loader.cc:49] Successfully opened dynamic library libcudnn.so.8
2021-08-21 23:50:12.142710: W tensorflow/stream_executor/gpu/asm_compiler.cc:63] Running ptxas --version returned 256
2021-08-21 23:50:12.566006: W tensorflow/stream_executor/gpu/redzone_allocator.cc:314] Internal: ptxas exited with non-zero error code 256, output: 
Relying on driver to perform ptx compilation. 
Modify $PATH to customize ptxas location.
This message will be only logged once.
Training round: 1		accuracy = 0.6550724506378174
Training round: 2		accuracy = 0.6550724506378174
Training round: 3		accuracy = 0.6550724506378174
Training round: 4		accuracy = 0.3449275493621826
Training round: 5		accuracy = 0.6550724506378174
Training round: 6		accuracy = 0.6550724506378174
Training round: 7		accuracy = 0.348985493183136
Training round: 8		accuracy = 0.6553623080253601
Training round: 9		accuracy = 0.34521737694740295
Training round: 10		accuracy = 0.35188406705856323
Training round: 11		accuracy = 0.3437681198120117
Training round: 12		accuracy = 0.347246378660202
Training round: 13		accuracy = 0.3846376836299896
Training round: 14		accuracy = 0.4556521773338318
Training round: 15		accuracy = 0.35652172565460205
Training round: 16		accuracy = 0.37710145115852356
Training round: 17		accuracy = 0.6092753410339355
Training round: 18		accuracy = 0.618550717830658
Training round: 19		accuracy = 0.4544927477836609
Training round: 20		accuracy = 0.5228985548019409
Training round: 21		accuracy = 0.6086956262588501
Training round: 22		accuracy = 0.42115941643714905
Training round: 23		accuracy = 0.3913043439388275
Training round: 24		accuracy = 0.598840594291687
Training round: 25		accuracy = 0.6200000047683716
Training round: 26		accuracy = 0.5547826290130615
Training round: 27		accuracy = 0.5849275588989258
Training round: 28		accuracy = 0.6188405752182007
Training round: 29		accuracy = 0.5547826290130615
Training round: 30		accuracy = 0.593623161315918
Training round: 31		accuracy = 0.6017391085624695
Training round: 32		accuracy = 0.6037681102752686
Training round: 33		accuracy = 0.6101449131965637
Training round: 34		accuracy = 0.6147826313972473
Training round: 35		accuracy = 0.5991304516792297
Training round: 36		accuracy = 0.5214492678642273
Training round: 37		accuracy = 0.5017391443252563
Training round: 38		accuracy = 0.5947825908660889
Training round: 39		accuracy = 0.5185507535934448
Training round: 40		accuracy = 0.5124637484550476
Training round: 41		accuracy = 0.5756521821022034
Training round: 42		accuracy = 0.591304361820221
Training round: 43		accuracy = 0.355942040681839
Training round: 44		accuracy = 0.408115953207016
Training round: 45		accuracy = 0.4214492738246918
Training round: 46		accuracy = 0.5446376800537109
Training round: 47		accuracy = 0.5860869288444519
Training round: 48		accuracy = 0.5904347896575928
Training round: 49		accuracy = 0.5947825908660889
Training round: 50		accuracy = 0.5962318778038025
Training round: 51		accuracy = 0.6144927740097046
Training round: 52		accuracy = 0.6115942001342773
Training round: 53		accuracy = 0.6020289659500122
Training round: 54		accuracy = 0.593623161315918
Training round: 55		accuracy = 0.5811594128608704
Training round: 56		accuracy = 0.5944927334785461
Training round: 57		accuracy = 0.5811594128608704
Training round: 58		accuracy = 0.6034782528877258
Training round: 59		accuracy = 0.6052173972129822
Training round: 60		accuracy = 0.5884057879447937
Training round: 61		accuracy = 0.5849275588989258
Training round: 62		accuracy = 0.6104347705841064
Training round: 63		accuracy = 0.6086956262588501
Training round: 64		accuracy = 0.5860869288444519
Training round: 65		accuracy = 0.6110144853591919
Training round: 66		accuracy = 0.6040579676628113
Training round: 67		accuracy = 0.573913037776947
Training round: 68		accuracy = 0.61507248878479
Training round: 69		accuracy = 0.6089854836463928
Training round: 70		accuracy = 0.6173912882804871
Training round: 71		accuracy = 0.6133333444595337
Training round: 72		accuracy = 0.588115930557251
Training round: 73		accuracy = 0.56840580701828
Training round: 74		accuracy = 0.6020289659500122
Training round: 75		accuracy = 0.6133333444595337
Training round: 76		accuracy = 0.6037681102752686
Training round: 77		accuracy = 0.6724637746810913
Training round: 78		accuracy = 0.6704347729682922
Training round: 79		accuracy = 0.6753623485565186
Training round: 80		accuracy = 0.6739130616188049
Training round: 81		accuracy = 0.6591304540634155
Training round: 82		accuracy = 0.6110144853591919
Training round: 83		accuracy = 0.5823188424110413
Training round: 84		accuracy = 0.6063768267631531
Training round: 85		accuracy = 0.5959420204162598
Training round: 86		accuracy = 0.6133333444595337
Training round: 87		accuracy = 0.6063768267631531
Training round: 88		accuracy = 0.6066666841506958
Training round: 89		accuracy = 0.6023188233375549
Training round: 90		accuracy = 0.6118840575218201
Training round: 91		accuracy = 0.5840579867362976
Training round: 92		accuracy = 0.6040579676628113
Training round: 93		accuracy = 0.6115942001342773
Training round: 94		accuracy = 0.6133333444595337
Training round: 95		accuracy = 0.6046376824378967
Training round: 96		accuracy = 0.6147826313972473
Training round: 97		accuracy = 0.6231883764266968
Training round: 98		accuracy = 0.6234782338142395
Training round: 99		accuracy = 0.6104347705841064
Training round: 100		accuracy = 0.6086956262588501
Training duration 4482.334288597107
