2021-08-23 14:33:17.712393: I tensorflow/stream_executor/platform/default/dso_loader.cc:49] Successfully opened dynamic library libcudart.so.11.0
2021-08-23 14:34:00.194473: I tensorflow/compiler/jit/xla_cpu_device.cc:41] Not creating XLA devices, tf_xla_enable_xla_devices not set
2021-08-23 14:34:00.482147: I tensorflow/stream_executor/platform/default/dso_loader.cc:49] Successfully opened dynamic library libcuda.so.1
2021-08-23 14:34:00.533403: I tensorflow/core/common_runtime/gpu/gpu_device.cc:1720] Found device 0 with properties: 
pciBusID: 0000:83:00.0 name: Tesla P100-PCIE-12GB computeCapability: 6.0
coreClock: 1.3285GHz coreCount: 56 deviceMemorySize: 11.91GiB deviceMemoryBandwidth: 511.41GiB/s
2021-08-23 14:34:00.533925: I tensorflow/stream_executor/platform/default/dso_loader.cc:49] Successfully opened dynamic library libcudart.so.11.0
2021-08-23 14:34:00.545157: I tensorflow/stream_executor/platform/default/dso_loader.cc:49] Successfully opened dynamic library libcublas.so.11
2021-08-23 14:34:00.545352: I tensorflow/stream_executor/platform/default/dso_loader.cc:49] Successfully opened dynamic library libcublasLt.so.11
2021-08-23 14:34:00.551804: I tensorflow/stream_executor/platform/default/dso_loader.cc:49] Successfully opened dynamic library libcufft.so.10
2021-08-23 14:34:00.554703: I tensorflow/stream_executor/platform/default/dso_loader.cc:49] Successfully opened dynamic library libcurand.so.10
2021-08-23 14:34:00.564022: I tensorflow/stream_executor/platform/default/dso_loader.cc:49] Successfully opened dynamic library libcusolver.so.10
2021-08-23 14:34:00.566447: I tensorflow/stream_executor/platform/default/dso_loader.cc:49] Successfully opened dynamic library libcusparse.so.11
2021-08-23 14:34:00.567668: I tensorflow/stream_executor/platform/default/dso_loader.cc:49] Successfully opened dynamic library libcudnn.so.8
2021-08-23 14:34:00.570706: I tensorflow/core/common_runtime/gpu/gpu_device.cc:1862] Adding visible gpu devices: 0
2021-08-23 14:34:00.578476: I tensorflow/core/platform/cpu_feature_guard.cc:142] This TensorFlow binary is optimized with oneAPI Deep Neural Network Library (oneDNN) to use the following CPU instructions in performance-critical operations:  AVX2 FMA
To enable them in other operations, rebuild TensorFlow with the appropriate compiler flags.
2021-08-23 14:34:00.578885: I tensorflow/compiler/jit/xla_gpu_device.cc:99] Not creating XLA devices, tf_xla_enable_xla_devices not set
2021-08-23 14:34:00.580223: I tensorflow/core/common_runtime/gpu/gpu_device.cc:1720] Found device 0 with properties: 
pciBusID: 0000:83:00.0 name: Tesla P100-PCIE-12GB computeCapability: 6.0
coreClock: 1.3285GHz coreCount: 56 deviceMemorySize: 11.91GiB deviceMemoryBandwidth: 511.41GiB/s
2021-08-23 14:34:00.580332: I tensorflow/stream_executor/platform/default/dso_loader.cc:49] Successfully opened dynamic library libcudart.so.11.0
2021-08-23 14:34:00.580440: I tensorflow/stream_executor/platform/default/dso_loader.cc:49] Successfully opened dynamic library libcublas.so.11
2021-08-23 14:34:00.580526: I tensorflow/stream_executor/platform/default/dso_loader.cc:49] Successfully opened dynamic library libcublasLt.so.11
2021-08-23 14:34:00.580598: I tensorflow/stream_executor/platform/default/dso_loader.cc:49] Successfully opened dynamic library libcufft.so.10
2021-08-23 14:34:00.580655: I tensorflow/stream_executor/platform/default/dso_loader.cc:49] Successfully opened dynamic library libcurand.so.10
2021-08-23 14:34:00.580768: I tensorflow/stream_executor/platform/default/dso_loader.cc:49] Successfully opened dynamic library libcusolver.so.10
2021-08-23 14:34:00.580872: I tensorflow/stream_executor/platform/default/dso_loader.cc:49] Successfully opened dynamic library libcusparse.so.11
2021-08-23 14:34:00.580939: I tensorflow/stream_executor/platform/default/dso_loader.cc:49] Successfully opened dynamic library libcudnn.so.8
2021-08-23 14:34:00.583243: I tensorflow/core/common_runtime/gpu/gpu_device.cc:1862] Adding visible gpu devices: 0
2021-08-23 14:34:00.583379: I tensorflow/stream_executor/platform/default/dso_loader.cc:49] Successfully opened dynamic library libcudart.so.11.0
2021-08-23 14:34:01.976735: I tensorflow/core/common_runtime/gpu/gpu_device.cc:1261] Device interconnect StreamExecutor with strength 1 edge matrix:
2021-08-23 14:34:01.976924: I tensorflow/core/common_runtime/gpu/gpu_device.cc:1267]      0 
2021-08-23 14:34:01.977063: I tensorflow/core/common_runtime/gpu/gpu_device.cc:1280] 0:   N 
2021-08-23 14:34:01.983584: I tensorflow/core/common_runtime/gpu/gpu_device.cc:1406] Created TensorFlow device (/job:localhost/replica:0/task:0/device:GPU:0 with 11119 MB memory) -> physical GPU (device: 0, name: Tesla P100-PCIE-12GB, pci bus id: 0000:83:00.0, compute capability: 6.0)
2021-08-23 14:34:16.334995: I tensorflow/compiler/mlir/mlir_graph_optimization_pass.cc:116] None of the MLIR optimization passes are enabled (registered 2)
2021-08-23 14:34:16.339367: I tensorflow/core/platform/profile_utils/cpu_utils.cc:112] CPU Frequency: 2199880000 Hz
2021-08-23 14:34:16.433460: I tensorflow/stream_executor/platform/default/dso_loader.cc:49] Successfully opened dynamic library libcublas.so.11
2021-08-23 14:34:16.844279: I tensorflow/stream_executor/platform/default/dso_loader.cc:49] Successfully opened dynamic library libcublasLt.so.11
2021-08-23 14:34:16.854033: I tensorflow/stream_executor/platform/default/dso_loader.cc:49] Successfully opened dynamic library libcudnn.so.8
2021-08-23 14:34:19.111703: W tensorflow/stream_executor/gpu/asm_compiler.cc:63] Running ptxas --version returned 256
2021-08-23 14:34:19.668225: W tensorflow/stream_executor/gpu/redzone_allocator.cc:314] Internal: ptxas exited with non-zero error code 256, output: 
Relying on driver to perform ptx compilation. 
Modify $PATH to customize ptxas location.
This message will be only logged once.
Training round: 1		accuracy = 0.6147826313972473
Training round: 2		accuracy = 0.6495652198791504
Training round: 3		accuracy = 0.6417391300201416
Training round: 4		accuracy = 0.6469565033912659
Training round: 5		accuracy = 0.6440579891204834
Training round: 6		accuracy = 0.6443478465080261
Training round: 7		accuracy = 0.6469565033912659
Training round: 8		accuracy = 0.637971043586731
Training round: 9		accuracy = 0.645797073841095
Training round: 10		accuracy = 0.6466666460037231
Training round: 11		accuracy = 0.6440579891204834
Training round: 12		accuracy = 0.6475362181663513
Training round: 13		accuracy = 0.647826075553894
Training round: 14		accuracy = 0.6507246494293213
Training round: 15		accuracy = 0.6489855051040649
Training round: 16		accuracy = 0.6492753624916077
Training round: 17		accuracy = 0.6498550772666931
Training round: 18		accuracy = 0.6515942215919495
Training round: 19		accuracy = 0.6504347920417786
Training round: 20		accuracy = 0.6484057903289795
Training round: 21		accuracy = 0.6472463607788086
Training round: 22		accuracy = 0.6469565033912659
Training round: 23		accuracy = 0.6498550772666931
Training round: 24		accuracy = 0.6466666460037231
Training round: 25		accuracy = 0.6481159329414368
Training round: 26		accuracy = 0.6484057903289795
Training round: 27		accuracy = 0.6472463607788086
Training round: 28		accuracy = 0.6472463607788086
Training round: 29		accuracy = 0.6484057903289795
Training round: 30		accuracy = 0.6492753624916077
Training round: 31		accuracy = 0.6481159329414368
Training round: 32		accuracy = 0.6489855051040649
Training round: 33		accuracy = 0.6472463607788086
Training round: 34		accuracy = 0.6484057903289795
Training round: 35		accuracy = 0.6481159329414368
Training round: 36		accuracy = 0.6486956477165222
Training round: 37		accuracy = 0.6495652198791504
Training round: 38		accuracy = 0.6489855051040649
Training round: 39		accuracy = 0.6469565033912659
Training round: 40		accuracy = 0.6492753624916077
Training round: 41		accuracy = 0.6507246494293213
Training round: 42		accuracy = 0.6501449346542358
Training round: 43		accuracy = 0.6495652198791504
Training round: 44		accuracy = 0.6486956477165222
Training round: 45		accuracy = 0.6504347920417786
Training round: 46		accuracy = 0.6498550772666931
Training round: 47		accuracy = 0.6466666460037231
Training round: 48		accuracy = 0.6501449346542358
Training round: 49		accuracy = 0.6750724911689758
Training round: 50		accuracy = 0.6600000262260437
Training round: 51		accuracy = 0.6605796813964844
Training round: 52		accuracy = 0.6637681126594543
Training round: 53		accuracy = 0.6657971143722534
Training round: 54		accuracy = 0.6660869717597961
Training round: 55		accuracy = 0.6666666865348816
Training round: 56		accuracy = 0.6875362396240234
Training round: 57		accuracy = 0.6895652413368225
Training round: 58		accuracy = 0.6918840408325195
Training round: 59		accuracy = 0.6910144686698914
Training round: 60		accuracy = 0.6907246112823486
Training round: 61		accuracy = 0.6898550987243652
Training round: 62		accuracy = 0.6889855265617371
Training round: 63		accuracy = 0.6889855265617371
Training round: 64		accuracy = 0.6895652413368225
Training round: 65		accuracy = 0.6904347538948059
Training round: 66		accuracy = 0.6907246112823486
Training round: 67		accuracy = 0.659710168838501
Training round: 68		accuracy = 0.6927536129951477
Training round: 69		accuracy = 0.6907246112823486
Training round: 70		accuracy = 0.6950724720954895
Training round: 71		accuracy = 0.6936231851577759
Training round: 72		accuracy = 0.6933333277702332
Training round: 73		accuracy = 0.6918840408325195
Training round: 74		accuracy = 0.6910144686698914
Training round: 75		accuracy = 0.690144956111908
Training round: 76		accuracy = 0.6863768100738525
Training round: 77		accuracy = 0.6965217590332031
Training round: 78		accuracy = 0.694492757320404
Training round: 79		accuracy = 0.695652186870575
Training round: 80		accuracy = 0.6971014738082886
Training round: 81		accuracy = 0.6994202733039856
Training round: 82		accuracy = 0.6968116164207458
Training round: 83		accuracy = 0.6982608437538147
Training round: 84		accuracy = 0.6985507011413574
Training round: 85		accuracy = 0.697970986366272
Training round: 86		accuracy = 0.697970986366272
Training round: 87		accuracy = 0.6982608437538147
Training round: 88		accuracy = 0.697681188583374
Training round: 89		accuracy = 0.6973913311958313
Training round: 90		accuracy = 0.6997101306915283
Training round: 91		accuracy = 0.7023188471794128
Training round: 92		accuracy = 0.7144927382469177
Training round: 93		accuracy = 0.7092753648757935
Training round: 94		accuracy = 0.7075362205505371
Training round: 95		accuracy = 0.7089855074882507
Training round: 96		accuracy = 0.708695650100708
Training round: 97		accuracy = 0.7081159353256226
Training round: 98		accuracy = 0.7092753648757935
Training round: 99		accuracy = 0.708695650100708
Training round: 100		accuracy = 0.7072463631629944
Training duration 9278.646926879883
