2021-08-21 22:39:51.648506: I tensorflow/stream_executor/platform/default/dso_loader.cc:49] Successfully opened dynamic library libcudart.so.11.0
2021-08-21 22:40:36.473933: I tensorflow/compiler/jit/xla_cpu_device.cc:41] Not creating XLA devices, tf_xla_enable_xla_devices not set
2021-08-21 22:40:36.522471: I tensorflow/stream_executor/platform/default/dso_loader.cc:49] Successfully opened dynamic library libcuda.so.1
2021-08-21 22:40:36.563159: I tensorflow/core/common_runtime/gpu/gpu_device.cc:1720] Found device 0 with properties: 
pciBusID: 0000:03:00.0 name: Tesla P100-PCIE-12GB computeCapability: 6.0
coreClock: 1.3285GHz coreCount: 56 deviceMemorySize: 11.91GiB deviceMemoryBandwidth: 511.41GiB/s
2021-08-21 22:40:36.563862: I tensorflow/stream_executor/platform/default/dso_loader.cc:49] Successfully opened dynamic library libcudart.so.11.0
2021-08-21 22:40:36.577219: I tensorflow/stream_executor/platform/default/dso_loader.cc:49] Successfully opened dynamic library libcublas.so.11
2021-08-21 22:40:36.577409: I tensorflow/stream_executor/platform/default/dso_loader.cc:49] Successfully opened dynamic library libcublasLt.so.11
2021-08-21 22:40:36.584260: I tensorflow/stream_executor/platform/default/dso_loader.cc:49] Successfully opened dynamic library libcufft.so.10
2021-08-21 22:40:36.587194: I tensorflow/stream_executor/platform/default/dso_loader.cc:49] Successfully opened dynamic library libcurand.so.10
2021-08-21 22:40:36.597923: I tensorflow/stream_executor/platform/default/dso_loader.cc:49] Successfully opened dynamic library libcusolver.so.10
2021-08-21 22:40:36.600719: I tensorflow/stream_executor/platform/default/dso_loader.cc:49] Successfully opened dynamic library libcusparse.so.11
2021-08-21 22:40:36.601817: I tensorflow/stream_executor/platform/default/dso_loader.cc:49] Successfully opened dynamic library libcudnn.so.8
2021-08-21 22:40:36.605184: I tensorflow/core/common_runtime/gpu/gpu_device.cc:1862] Adding visible gpu devices: 0
2021-08-21 22:40:36.609917: I tensorflow/core/platform/cpu_feature_guard.cc:142] This TensorFlow binary is optimized with oneAPI Deep Neural Network Library (oneDNN) to use the following CPU instructions in performance-critical operations:  AVX2 FMA
To enable them in other operations, rebuild TensorFlow with the appropriate compiler flags.
2021-08-21 22:40:36.610322: I tensorflow/compiler/jit/xla_gpu_device.cc:99] Not creating XLA devices, tf_xla_enable_xla_devices not set
2021-08-21 22:40:36.612030: I tensorflow/core/common_runtime/gpu/gpu_device.cc:1720] Found device 0 with properties: 
pciBusID: 0000:03:00.0 name: Tesla P100-PCIE-12GB computeCapability: 6.0
coreClock: 1.3285GHz coreCount: 56 deviceMemorySize: 11.91GiB deviceMemoryBandwidth: 511.41GiB/s
2021-08-21 22:40:36.612172: I tensorflow/stream_executor/platform/default/dso_loader.cc:49] Successfully opened dynamic library libcudart.so.11.0
2021-08-21 22:40:36.612288: I tensorflow/stream_executor/platform/default/dso_loader.cc:49] Successfully opened dynamic library libcublas.so.11
2021-08-21 22:40:36.612420: I tensorflow/stream_executor/platform/default/dso_loader.cc:49] Successfully opened dynamic library libcublasLt.so.11
2021-08-21 22:40:36.612534: I tensorflow/stream_executor/platform/default/dso_loader.cc:49] Successfully opened dynamic library libcufft.so.10
2021-08-21 22:40:36.612660: I tensorflow/stream_executor/platform/default/dso_loader.cc:49] Successfully opened dynamic library libcurand.so.10
2021-08-21 22:40:36.612769: I tensorflow/stream_executor/platform/default/dso_loader.cc:49] Successfully opened dynamic library libcusolver.so.10
2021-08-21 22:40:36.612881: I tensorflow/stream_executor/platform/default/dso_loader.cc:49] Successfully opened dynamic library libcusparse.so.11
2021-08-21 22:40:36.612994: I tensorflow/stream_executor/platform/default/dso_loader.cc:49] Successfully opened dynamic library libcudnn.so.8
2021-08-21 22:40:36.615874: I tensorflow/core/common_runtime/gpu/gpu_device.cc:1862] Adding visible gpu devices: 0
2021-08-21 22:40:36.616043: I tensorflow/stream_executor/platform/default/dso_loader.cc:49] Successfully opened dynamic library libcudart.so.11.0
2021-08-21 22:40:38.246890: I tensorflow/core/common_runtime/gpu/gpu_device.cc:1261] Device interconnect StreamExecutor with strength 1 edge matrix:
2021-08-21 22:40:38.247088: I tensorflow/core/common_runtime/gpu/gpu_device.cc:1267]      0 
2021-08-21 22:40:38.247221: I tensorflow/core/common_runtime/gpu/gpu_device.cc:1280] 0:   N 
2021-08-21 22:40:38.252512: I tensorflow/core/common_runtime/gpu/gpu_device.cc:1406] Created TensorFlow device (/job:localhost/replica:0/task:0/device:GPU:0 with 11119 MB memory) -> physical GPU (device: 0, name: Tesla P100-PCIE-12GB, pci bus id: 0000:03:00.0, compute capability: 6.0)
2021-08-21 22:40:49.887452: I tensorflow/compiler/mlir/mlir_graph_optimization_pass.cc:116] None of the MLIR optimization passes are enabled (registered 2)
2021-08-21 22:40:49.894477: I tensorflow/core/platform/profile_utils/cpu_utils.cc:112] CPU Frequency: 2200110000 Hz
2021-08-21 22:40:50.004814: I tensorflow/stream_executor/platform/default/dso_loader.cc:49] Successfully opened dynamic library libcublas.so.11
2021-08-21 22:40:50.389706: I tensorflow/stream_executor/platform/default/dso_loader.cc:49] Successfully opened dynamic library libcublasLt.so.11
2021-08-21 22:40:50.398120: I tensorflow/stream_executor/platform/default/dso_loader.cc:49] Successfully opened dynamic library libcudnn.so.8
2021-08-21 22:40:52.629535: W tensorflow/stream_executor/gpu/asm_compiler.cc:63] Running ptxas --version returned 256
2021-08-21 22:40:53.160555: W tensorflow/stream_executor/gpu/redzone_allocator.cc:314] Internal: ptxas exited with non-zero error code 256, output: 
Relying on driver to perform ptx compilation. 
Modify $PATH to customize ptxas location.
This message will be only logged once.
Training round: 1		accuracy = 0.6362318992614746
Training round: 2		accuracy = 0.6147826313972473
Training round: 3		accuracy = 0.6518840789794922
Training round: 4		accuracy = 0.6872463822364807
Training round: 5		accuracy = 0.6495652198791504
Training round: 6		accuracy = 0.6828985214233398
Training round: 7		accuracy = 0.6939130425453186
Training round: 8		accuracy = 0.705507218837738
Training round: 9		accuracy = 0.714202880859375
Training round: 10		accuracy = 0.6713043451309204
Training round: 11		accuracy = 0.7081159353256226
Training round: 12		accuracy = 0.7113043665885925
Training round: 13		accuracy = 0.7130434513092041
Training round: 14		accuracy = 0.7405797243118286
Training round: 15		accuracy = 0.7310144901275635
Training round: 16		accuracy = 0.7252174019813538
Training round: 17		accuracy = 0.7165217399597168
Training round: 18		accuracy = 0.7327536344528198
Training round: 19		accuracy = 0.7150724530220032
Training round: 20		accuracy = 0.7231884002685547
Training round: 21		accuracy = 0.7397101521492004
Training round: 22		accuracy = 0.744637668132782
Training round: 23		accuracy = 0.735942006111145
Training round: 24		accuracy = 0.7539130449295044
Training round: 25		accuracy = 0.749855101108551
Training round: 26		accuracy = 0.7486956715583801
Training round: 27		accuracy = 0.7411594390869141
Training round: 28		accuracy = 0.7460869550704956
Training round: 29		accuracy = 0.7428985238075256
Training round: 30		accuracy = 0.7518840432167053
Training round: 31		accuracy = 0.7518840432167053
Training round: 32		accuracy = 0.757681131362915
Training round: 33		accuracy = 0.7455072402954102
Training round: 34		accuracy = 0.7544927597045898
Training round: 35		accuracy = 0.7562319040298462
Training round: 36		accuracy = 0.7530434727668762
Training round: 37		accuracy = 0.7507246136665344
Training round: 38		accuracy = 0.7573913335800171
Training round: 39		accuracy = 0.7556521892547607
Training round: 40		accuracy = 0.7544927597045898
Training round: 41		accuracy = 0.7573913335800171
Training round: 42		accuracy = 0.7571014761924744
Training round: 43		accuracy = 0.755362331867218
Training round: 44		accuracy = 0.7547826170921326
Training round: 45		accuracy = 0.7565217614173889
Training round: 46		accuracy = 0.7605797052383423
Training round: 47		accuracy = 0.7568116188049316
Training round: 48		accuracy = 0.7568116188049316
Training round: 49		accuracy = 0.7588405609130859
Training round: 50		accuracy = 0.7582608461380005
Training round: 51		accuracy = 0.7599999904632568
Training round: 52		accuracy = 0.7602898478507996
Training round: 53		accuracy = 0.7579709887504578
Training round: 54		accuracy = 0.7556521892547607
Training round: 55		accuracy = 0.7588405609130859
Training round: 56		accuracy = 0.7588405609130859
Training round: 57		accuracy = 0.7571014761924744
Training round: 58		accuracy = 0.7571014761924744
Training round: 59		accuracy = 0.7565217614173889
Training round: 60		accuracy = 0.7556521892547607
Training round: 61		accuracy = 0.7562319040298462
Training round: 62		accuracy = 0.7556521892547607
Training round: 63		accuracy = 0.7527536153793335
Training round: 64		accuracy = 0.7559420466423035
Training round: 65		accuracy = 0.7527536153793335
Training round: 66		accuracy = 0.7571014761924744
Training round: 67		accuracy = 0.7550724744796753
Training round: 68		accuracy = 0.7568116188049316
Training round: 69		accuracy = 0.7582608461380005
Training round: 70		accuracy = 0.7550724744796753
Training round: 71		accuracy = 0.757681131362915
Training round: 72		accuracy = 0.7559420466423035
Training round: 73		accuracy = 0.7594202756881714
Training round: 74		accuracy = 0.7585507035255432
Training round: 75		accuracy = 0.7562319040298462
Training round: 76		accuracy = 0.7568116188049316
Training round: 77		accuracy = 0.7579709887504578
Training round: 78		accuracy = 0.7594202756881714
Training round: 79		accuracy = 0.7562319040298462
Training round: 80		accuracy = 0.7579709887504578
Training round: 81		accuracy = 0.7591304183006287
Training round: 82		accuracy = 0.7582608461380005
Training round: 83		accuracy = 0.7568116188049316
Training round: 84		accuracy = 0.7594202756881714
Training round: 85		accuracy = 0.7594202756881714
Training round: 86		accuracy = 0.7594202756881714
Training round: 87		accuracy = 0.7585507035255432
Training round: 88		accuracy = 0.760869562625885
Training round: 89		accuracy = 0.760869562625885
Training round: 90		accuracy = 0.757681131362915
Training round: 91		accuracy = 0.7599999904632568
Training round: 92		accuracy = 0.7585507035255432
Training round: 93		accuracy = 0.7591304183006287
Training round: 94		accuracy = 0.7594202756881714
Training round: 95		accuracy = 0.7597101330757141
Training round: 96		accuracy = 0.760869562625885
Training round: 97		accuracy = 0.7623188495635986
Training round: 98		accuracy = 0.760869562625885
Training round: 99		accuracy = 0.7597101330757141
Training round: 100		accuracy = 0.7602898478507996
Training duration 8721.973364830017
