2021-08-12 23:08:50.177057: I tensorflow/stream_executor/platform/default/dso_loader.cc:49] Successfully opened dynamic library libcudart.so.11.0
2021-08-12 23:09:03.282026: I tensorflow/compiler/jit/xla_cpu_device.cc:41] Not creating XLA devices, tf_xla_enable_xla_devices not set
2021-08-12 23:09:03.289757: I tensorflow/stream_executor/platform/default/dso_loader.cc:49] Successfully opened dynamic library libcuda.so.1
2021-08-12 23:09:03.361868: I tensorflow/core/common_runtime/gpu/gpu_device.cc:1720] Found device 0 with properties: 
pciBusID: 0000:18:00.0 name: Tesla V100-SXM2-32GB computeCapability: 7.0
coreClock: 1.53GHz coreCount: 80 deviceMemorySize: 31.75GiB deviceMemoryBandwidth: 836.37GiB/s
2021-08-12 23:09:03.362543: I tensorflow/stream_executor/platform/default/dso_loader.cc:49] Successfully opened dynamic library libcudart.so.11.0
2021-08-12 23:09:03.372020: I tensorflow/stream_executor/platform/default/dso_loader.cc:49] Successfully opened dynamic library libcublas.so.11
2021-08-12 23:09:03.372150: I tensorflow/stream_executor/platform/default/dso_loader.cc:49] Successfully opened dynamic library libcublasLt.so.11
2021-08-12 23:09:03.377165: I tensorflow/stream_executor/platform/default/dso_loader.cc:49] Successfully opened dynamic library libcufft.so.10
2021-08-12 23:09:03.380903: I tensorflow/stream_executor/platform/default/dso_loader.cc:49] Successfully opened dynamic library libcurand.so.10
2021-08-12 23:09:03.388466: I tensorflow/stream_executor/platform/default/dso_loader.cc:49] Successfully opened dynamic library libcusolver.so.10
2021-08-12 23:09:03.391305: I tensorflow/stream_executor/platform/default/dso_loader.cc:49] Successfully opened dynamic library libcusparse.so.11
2021-08-12 23:09:03.392064: I tensorflow/stream_executor/platform/default/dso_loader.cc:49] Successfully opened dynamic library libcudnn.so.8
2021-08-12 23:09:03.397178: I tensorflow/core/common_runtime/gpu/gpu_device.cc:1862] Adding visible gpu devices: 0
2021-08-12 23:09:03.402106: I tensorflow/core/platform/cpu_feature_guard.cc:142] This TensorFlow binary is optimized with oneAPI Deep Neural Network Library (oneDNN) to use the following CPU instructions in performance-critical operations:  AVX2 AVX512F FMA
To enable them in other operations, rebuild TensorFlow with the appropriate compiler flags.
2021-08-12 23:09:03.402564: I tensorflow/compiler/jit/xla_gpu_device.cc:99] Not creating XLA devices, tf_xla_enable_xla_devices not set
2021-08-12 23:09:03.408664: I tensorflow/core/common_runtime/gpu/gpu_device.cc:1720] Found device 0 with properties: 
pciBusID: 0000:18:00.0 name: Tesla V100-SXM2-32GB computeCapability: 7.0
coreClock: 1.53GHz coreCount: 80 deviceMemorySize: 31.75GiB deviceMemoryBandwidth: 836.37GiB/s
2021-08-12 23:09:03.408923: I tensorflow/stream_executor/platform/default/dso_loader.cc:49] Successfully opened dynamic library libcudart.so.11.0
2021-08-12 23:09:03.409098: I tensorflow/stream_executor/platform/default/dso_loader.cc:49] Successfully opened dynamic library libcublas.so.11
2021-08-12 23:09:03.409261: I tensorflow/stream_executor/platform/default/dso_loader.cc:49] Successfully opened dynamic library libcublasLt.so.11
2021-08-12 23:09:03.409352: I tensorflow/stream_executor/platform/default/dso_loader.cc:49] Successfully opened dynamic library libcufft.so.10
2021-08-12 23:09:03.409503: I tensorflow/stream_executor/platform/default/dso_loader.cc:49] Successfully opened dynamic library libcurand.so.10
2021-08-12 23:09:03.409669: I tensorflow/stream_executor/platform/default/dso_loader.cc:49] Successfully opened dynamic library libcusolver.so.10
2021-08-12 23:09:03.409828: I tensorflow/stream_executor/platform/default/dso_loader.cc:49] Successfully opened dynamic library libcusparse.so.11
2021-08-12 23:09:03.409988: I tensorflow/stream_executor/platform/default/dso_loader.cc:49] Successfully opened dynamic library libcudnn.so.8
2021-08-12 23:09:03.420739: I tensorflow/core/common_runtime/gpu/gpu_device.cc:1862] Adding visible gpu devices: 0
2021-08-12 23:09:03.420959: I tensorflow/stream_executor/platform/default/dso_loader.cc:49] Successfully opened dynamic library libcudart.so.11.0
2021-08-12 23:09:04.714220: I tensorflow/core/common_runtime/gpu/gpu_device.cc:1261] Device interconnect StreamExecutor with strength 1 edge matrix:
2021-08-12 23:09:04.714425: I tensorflow/core/common_runtime/gpu/gpu_device.cc:1267]      0 
2021-08-12 23:09:04.714557: I tensorflow/core/common_runtime/gpu/gpu_device.cc:1280] 0:   N 
2021-08-12 23:09:04.724650: I tensorflow/core/common_runtime/gpu/gpu_device.cc:1406] Created TensorFlow device (/job:localhost/replica:0/task:0/device:GPU:0 with 30130 MB memory) -> physical GPU (device: 0, name: Tesla V100-SXM2-32GB, pci bus id: 0000:18:00.0, compute capability: 7.0)
2021-08-12 23:09:05.781882: I tensorflow/compiler/mlir/mlir_graph_optimization_pass.cc:116] None of the MLIR optimization passes are enabled (registered 2)
2021-08-12 23:09:05.782840: I tensorflow/core/platform/profile_utils/cpu_utils.cc:112] CPU Frequency: 2100000000 Hz
2021-08-12 23:09:06.465755: I tensorflow/stream_executor/platform/default/dso_loader.cc:49] Successfully opened dynamic library libcublas.so.11
2021-08-12 23:09:07.072150: I tensorflow/stream_executor/platform/default/dso_loader.cc:49] Successfully opened dynamic library libcublasLt.so.11
2021-08-12 23:09:07.075049: I tensorflow/stream_executor/platform/default/dso_loader.cc:49] Successfully opened dynamic library libcudnn.so.8
2021-08-12 23:09:09.527262: W tensorflow/stream_executor/gpu/asm_compiler.cc:63] Running ptxas --version returned 256
2021-08-12 23:09:09.608833: W tensorflow/stream_executor/gpu/redzone_allocator.cc:314] Internal: ptxas exited with non-zero error code 256, output: 
Relying on driver to perform ptx compilation. 
Modify $PATH to customize ptxas location.
This message will be only logged once.
NoiseMutator started.
NoiseMutator finished.
Training round: 1		accuracy = 0.13750000298023224
Training round: 2		accuracy = 0.12269999831914902
Training round: 3		accuracy = 0.11829999834299088
Training round: 4		accuracy = 0.12720000743865967
Training round: 5		accuracy = 0.1071000024676323
Training round: 6		accuracy = 0.12399999797344208
Training round: 7		accuracy = 0.19009999930858612
Training round: 8		accuracy = 0.21040000021457672
Training round: 9		accuracy = 0.17509999871253967
Training round: 10		accuracy = 0.12219999730587006
Training round: 11		accuracy = 0.21389999985694885
Training round: 12		accuracy = 0.20730000734329224
Training round: 13		accuracy = 0.1973000019788742
Training round: 14		accuracy = 0.2062000036239624
Training round: 15		accuracy = 0.273499995470047
Training round: 16		accuracy = 0.2045000046491623
Training round: 17		accuracy = 0.1745000034570694
Training round: 18		accuracy = 0.22550000250339508
Training round: 19		accuracy = 0.289000004529953
Training round: 20		accuracy = 0.2378000020980835
Training round: 21		accuracy = 0.2529999911785126
Training round: 22		accuracy = 0.2126999944448471
Training round: 23		accuracy = 0.2524000108242035
Training round: 24		accuracy = 0.17479999363422394
Training round: 25		accuracy = 0.2671000063419342
Training round: 26		accuracy = 0.25459998846054077
Training round: 27		accuracy = 0.28529998660087585
Training round: 28		accuracy = 0.30799999833106995
Training round: 29		accuracy = 0.353300005197525
Training round: 30		accuracy = 0.2321999967098236
Training round: 31		accuracy = 0.3569999933242798
Training round: 32		accuracy = 0.27239999175071716
Training round: 33		accuracy = 0.35010001063346863
Training round: 34		accuracy = 0.3093999922275543
Training round: 35		accuracy = 0.3296999931335449
Training round: 36		accuracy = 0.3345000147819519
Training round: 37		accuracy = 0.3312000036239624
Training round: 38		accuracy = 0.28119999170303345
Training round: 39		accuracy = 0.38609999418258667
Training round: 40		accuracy = 0.28119999170303345
Training round: 41		accuracy = 0.29809999465942383
Training round: 42		accuracy = 0.2689000070095062
Training round: 43		accuracy = 0.34439998865127563
Training round: 44		accuracy = 0.2712000012397766
Training round: 45		accuracy = 0.30799999833106995
Training round: 46		accuracy = 0.34689998626708984
Training round: 47		accuracy = 0.32499998807907104
Training round: 48		accuracy = 0.3285999894142151
Training round: 49		accuracy = 0.31470000743865967
Training round: 50		accuracy = 0.4090000092983246
Training round: 51		accuracy = 0.3720000088214874
Training round: 52		accuracy = 0.35120001435279846
Training round: 53		accuracy = 0.34200000762939453
Training round: 54		accuracy = 0.34940001368522644
Training round: 55		accuracy = 0.351500004529953
Training round: 56		accuracy = 0.40779998898506165
Training round: 57		accuracy = 0.36570000648498535
Training round: 58		accuracy = 0.35929998755455017
Training round: 59		accuracy = 0.3312999904155731
Training round: 60		accuracy = 0.35690000653266907
Training round: 61		accuracy = 0.29809999465942383
Training round: 62		accuracy = 0.31859999895095825
Training round: 63		accuracy = 0.3603000044822693
Training round: 64		accuracy = 0.36500000953674316
Training round: 65		accuracy = 0.3122999966144562
Training round: 66		accuracy = 0.4603999853134155
Training round: 67		accuracy = 0.35040000081062317
Training round: 68		accuracy = 0.3621000051498413
Training round: 69		accuracy = 0.39579999446868896
Training round: 70		accuracy = 0.3382999897003174
Training round: 71		accuracy = 0.3082999885082245
Training round: 72		accuracy = 0.385699987411499
Training round: 73		accuracy = 0.3691999912261963
Training round: 74		accuracy = 0.3666999936103821
Training round: 75		accuracy = 0.3675000071525574
Training round: 76		accuracy = 0.27090001106262207
Training round: 77		accuracy = 0.4142000079154968
Training round: 78		accuracy = 0.35359999537467957
Training round: 79		accuracy = 0.4099999964237213
Training round: 80		accuracy = 0.4763000011444092
Training round: 81		accuracy = 0.4278999865055084
Training round: 82		accuracy = 0.2736999988555908
Training round: 83		accuracy = 0.41600000858306885
Training round: 84		accuracy = 0.4404999911785126
Training round: 85		accuracy = 0.3935999870300293
Training round: 86		accuracy = 0.36970001459121704
Training round: 87		accuracy = 0.43290001153945923
Training round: 88		accuracy = 0.3310000002384186
Training round: 89		accuracy = 0.37389999628067017
Training round: 90		accuracy = 0.4198000133037567
Training round: 91		accuracy = 0.37709999084472656
Training round: 92		accuracy = 0.4851999878883362
Training round: 93		accuracy = 0.42989999055862427
Training round: 94		accuracy = 0.4625999927520752
Training round: 95		accuracy = 0.4251999855041504
Training round: 96		accuracy = 0.47519999742507935
Training round: 97		accuracy = 0.46000000834465027
Training round: 98		accuracy = 0.5115000009536743
Training round: 99		accuracy = 0.30140000581741333
Training round: 100		accuracy = 0.4203000068664551
Training round: 101		accuracy = 0.39489999413490295
Training round: 102		accuracy = 0.5299999713897705
Training round: 103		accuracy = 0.5157999992370605
Training round: 104		accuracy = 0.39320001006126404
Training round: 105		accuracy = 0.44679999351501465
Training round: 106		accuracy = 0.4154999852180481
Training round: 107		accuracy = 0.3896999955177307
Training round: 108		accuracy = 0.435699999332428
Training round: 109		accuracy = 0.44339999556541443
Training round: 110		accuracy = 0.3741999864578247
Training round: 111		accuracy = 0.3531999886035919
Training round: 112		accuracy = 0.38260000944137573
Training round: 113		accuracy = 0.48080000281333923
Training round: 114		accuracy = 0.5325999855995178
Training round: 115		accuracy = 0.39660000801086426
Training round: 116		accuracy = 0.3871999979019165
Training round: 117		accuracy = 0.46369999647140503
Training round: 118		accuracy = 0.3885999917984009
Training round: 119		accuracy = 0.4293999969959259
Training round: 120		accuracy = 0.48899999260902405
Training round: 121		accuracy = 0.4377000033855438
Training round: 122		accuracy = 0.4742000102996826
Training round: 123		accuracy = 0.4846000075340271
Training round: 124		accuracy = 0.40149998664855957
Training round: 125		accuracy = 0.41999998688697815
Training round: 126		accuracy = 0.486299991607666
Training round: 127		accuracy = 0.44920000433921814
Training round: 128		accuracy = 0.42590001225471497
Training round: 129		accuracy = 0.38530001044273376
Training round: 130		accuracy = 0.5486999750137329
Training round: 131		accuracy = 0.43459999561309814
Training round: 132		accuracy = 0.3402999937534332
Training round: 133		accuracy = 0.37869998812675476
Training round: 134		accuracy = 0.392300009727478
Training round: 135		accuracy = 0.3856000006198883
Training round: 136		accuracy = 0.4422000050544739
Training round: 137		accuracy = 0.43459999561309814
Training round: 138		accuracy = 0.42570000886917114
Training round: 139		accuracy = 0.42579999566078186
Training round: 140		accuracy = 0.4526999890804291
Training round: 141		accuracy = 0.4404999911785126
Training round: 142		accuracy = 0.4684000015258789
Training round: 143		accuracy = 0.4194999933242798
Training round: 144		accuracy = 0.46149998903274536
Training round: 145		accuracy = 0.40070000290870667
Training round: 146		accuracy = 0.47279998660087585
Training round: 147		accuracy = 0.3610999882221222
Training round: 148		accuracy = 0.4731000065803528
Training round: 149		accuracy = 0.5031999945640564
Training round: 150		accuracy = 0.4440000057220459
Training round: 151		accuracy = 0.48750001192092896
Training round: 152		accuracy = 0.4499000012874603
Training round: 153		accuracy = 0.42500001192092896
Training round: 154		accuracy = 0.5102999806404114
Training round: 155		accuracy = 0.47040000557899475
Training round: 156		accuracy = 0.4848000109195709
Training round: 157		accuracy = 0.4138999879360199
Training round: 158		accuracy = 0.4738999903202057
Training round: 159		accuracy = 0.43050000071525574
Training round: 160		accuracy = 0.38449999690055847
Training round: 161		accuracy = 0.42500001192092896
Training round: 162		accuracy = 0.5145000219345093
Training round: 163		accuracy = 0.5415999889373779
Training round: 164		accuracy = 0.47189998626708984
Training round: 165		accuracy = 0.42730000615119934
Training round: 166		accuracy = 0.4603999853134155
Training round: 167		accuracy = 0.43549999594688416
Training round: 168		accuracy = 0.4779999852180481
Training round: 169		accuracy = 0.46860000491142273
Training round: 170		accuracy = 0.44940000772476196
Training round: 171		accuracy = 0.43320000171661377
Training round: 172		accuracy = 0.44850000739097595
Training round: 173		accuracy = 0.4968999922275543
Training round: 174		accuracy = 0.4887999892234802
Training round: 175		accuracy = 0.43209999799728394
Training round: 176		accuracy = 0.47690001130104065
Training round: 177		accuracy = 0.33329999446868896
Training round: 178		accuracy = 0.4140999913215637
Training round: 179		accuracy = 0.3944000005722046
Training round: 180		accuracy = 0.5249000191688538
Training round: 181		accuracy = 0.4399000108242035
Training round: 182		accuracy = 0.44020000100135803
Training round: 183		accuracy = 0.5005000233650208
Training round: 184		accuracy = 0.4812999963760376
Training round: 185		accuracy = 0.36469998955726624
Training round: 186		accuracy = 0.5109000205993652
Training round: 187		accuracy = 0.3815000057220459
Training round: 188		accuracy = 0.5709999799728394
Training round: 189		accuracy = 0.3741999864578247
Training round: 190		accuracy = 0.5206999778747559
Training round: 191		accuracy = 0.46129998564720154
Training round: 192		accuracy = 0.5072000026702881
Training round: 193		accuracy = 0.5174000263214111
Training round: 194		accuracy = 0.5006999969482422
Training round: 195		accuracy = 0.44940000772476196
Training round: 196		accuracy = 0.4830999970436096
Training round: 197		accuracy = 0.5252000093460083
Training round: 198		accuracy = 0.47380000352859497
Training round: 199		accuracy = 0.49059998989105225
Training round: 200		accuracy = 0.4740000069141388
Training round: 201		accuracy = 0.5282999873161316
Training round: 202		accuracy = 0.49160000681877136
Training round: 203		accuracy = 0.5185999870300293
Training round: 204		accuracy = 0.45019999146461487
Training round: 205		accuracy = 0.5044000148773193
Training round: 206		accuracy = 0.38589999079704285
Training round: 207		accuracy = 0.4715000092983246
Training round: 208		accuracy = 0.4050000011920929
Training round: 209		accuracy = 0.4717000126838684
Training round: 210		accuracy = 0.45179998874664307
Training round: 211		accuracy = 0.47839999198913574
Training round: 212		accuracy = 0.5056999921798706
Training round: 213		accuracy = 0.4120999872684479
Training round: 214		accuracy = 0.3709000051021576
Training round: 215		accuracy = 0.3959999978542328
Training round: 216		accuracy = 0.5023000240325928
Training round: 217		accuracy = 0.46959999203681946
Training round: 218		accuracy = 0.5738999843597412
Training round: 219		accuracy = 0.4343999922275543
Training round: 220		accuracy = 0.4880000054836273
Training round: 221		accuracy = 0.5526999831199646
Training round: 222		accuracy = 0.5216000080108643
Training round: 223		accuracy = 0.420199990272522
Training round: 224		accuracy = 0.45669999718666077
Training round: 225		accuracy = 0.46560001373291016
Training round: 226		accuracy = 0.5602999925613403
Training round: 227		accuracy = 0.5080000162124634
Training round: 228		accuracy = 0.47769999504089355
Training round: 229		accuracy = 0.4498000144958496
Training round: 230		accuracy = 0.3684999942779541
Training round: 231		accuracy = 0.4352000057697296
Training round: 232		accuracy = 0.46299999952316284
Training round: 233		accuracy = 0.47909998893737793
Training round: 234		accuracy = 0.5171999931335449
Training round: 235		accuracy = 0.5353000164031982
Training round: 236		accuracy = 0.41130000352859497
Training round: 237		accuracy = 0.39570000767707825
Training round: 238		accuracy = 0.5909000039100647
Training round: 239		accuracy = 0.43529999256134033
Training round: 240		accuracy = 0.5317999720573425
Training round: 241		accuracy = 0.539900004863739
Training round: 242		accuracy = 0.44029998779296875
Training round: 243		accuracy = 0.4388999938964844
Training round: 244		accuracy = 0.5598999857902527
Training round: 245		accuracy = 0.5192999839782715
Training round: 246		accuracy = 0.49630001187324524
Training round: 247		accuracy = 0.5048999786376953
Training round: 248		accuracy = 0.5572999715805054
Training round: 249		accuracy = 0.5817000269889832
Training round: 250		accuracy = 0.46470001339912415
Training round: 251		accuracy = 0.49709999561309814
Training round: 252		accuracy = 0.31859999895095825
Training round: 253		accuracy = 0.4350000023841858
Training round: 254		accuracy = 0.5152999758720398
Training round: 255		accuracy = 0.5002999901771545
Training round: 256		accuracy = 0.48739999532699585
Training round: 257		accuracy = 0.4973999857902527
Training round: 258		accuracy = 0.5419999957084656
Training round: 259		accuracy = 0.491100013256073
Training round: 260		accuracy = 0.429500013589859
Training round: 261		accuracy = 0.460099995136261
Training round: 262		accuracy = 0.5430999994277954
Training round: 263		accuracy = 0.41990000009536743
Training round: 264		accuracy = 0.5418000221252441
Training round: 265		accuracy = 0.491100013256073
Training round: 266		accuracy = 0.5108000040054321
Training round: 267		accuracy = 0.48249998688697815
Training round: 268		accuracy = 0.508400022983551
Training round: 269		accuracy = 0.588699996471405
Training round: 270		accuracy = 0.5189999938011169
Training round: 271		accuracy = 0.44440001249313354
Training round: 272		accuracy = 0.46050000190734863
Training round: 273		accuracy = 0.49140000343322754
Training round: 274		accuracy = 0.4733999967575073
Training round: 275		accuracy = 0.49390000104904175
Training round: 276		accuracy = 0.5134999752044678
Training round: 277		accuracy = 0.5278000235557556
Training round: 278		accuracy = 0.44269999861717224
Training round: 279		accuracy = 0.42329999804496765
Training round: 280		accuracy = 0.37389999628067017
Training round: 281		accuracy = 0.492900013923645
Training round: 282		accuracy = 0.5741999745368958
Training round: 283		accuracy = 0.5112000107765198
Training round: 284		accuracy = 0.3555999994277954
Training round: 285		accuracy = 0.4546999931335449
Training round: 286		accuracy = 0.4327000081539154
Training round: 287		accuracy = 0.5230000019073486
Training round: 288		accuracy = 0.49070000648498535
Training round: 289		accuracy = 0.5925999879837036
Training round: 290		accuracy = 0.4912000000476837
Training round: 291		accuracy = 0.48089998960494995
Training round: 292		accuracy = 0.4758000075817108
Training round: 293		accuracy = 0.5817000269889832
Training round: 294		accuracy = 0.4397999942302704
Training round: 295		accuracy = 0.5249000191688538
Training round: 296		accuracy = 0.4918999969959259
Training round: 297		accuracy = 0.5309000015258789
Training round: 298		accuracy = 0.44920000433921814
Training round: 299		accuracy = 0.5249999761581421
Training round: 300		accuracy = 0.4593999981880188
Training round: 301		accuracy = 0.5273000001907349
Training round: 302		accuracy = 0.6061000227928162
Training round: 303		accuracy = 0.5993000268936157
Training round: 304		accuracy = 0.520799994468689
Training round: 305		accuracy = 0.5974000096321106
Training round: 306		accuracy = 0.4442000091075897
Training round: 307		accuracy = 0.5248000025749207
Training round: 308		accuracy = 0.49140000343322754
Training round: 309		accuracy = 0.49140000343322754
Training round: 310		accuracy = 0.4059999883174896
Training round: 311		accuracy = 0.460999995470047
Training round: 312		accuracy = 0.5464000105857849
Training round: 313		accuracy = 0.361299991607666
Training round: 314		accuracy = 0.5088000297546387
Training round: 315		accuracy = 0.4011000096797943
Training round: 316		accuracy = 0.5048999786376953
Training round: 317		accuracy = 0.4392000138759613
Training round: 318		accuracy = 0.5454999804496765
Training round: 319		accuracy = 0.5605999827384949
Training round: 320		accuracy = 0.4675999879837036
Training round: 321		accuracy = 0.5331000089645386
Training round: 322		accuracy = 0.3847000002861023
Training round: 323		accuracy = 0.5835999846458435
Training round: 324		accuracy = 0.5769000053405762
Training round: 325		accuracy = 0.6031000018119812
Training round: 326		accuracy = 0.5958999991416931
Training round: 327		accuracy = 0.4754999876022339
Training round: 328		accuracy = 0.4684999883174896
Training round: 329		accuracy = 0.6043999791145325
Training round: 330		accuracy = 0.5925999879837036
Training round: 331		accuracy = 0.5460000038146973
Training round: 332		accuracy = 0.4277999997138977
Training round: 333		accuracy = 0.48350000381469727
Training round: 334		accuracy = 0.4916999936103821
Training round: 335		accuracy = 0.4803999960422516
Training round: 336		accuracy = 0.5846999883651733
Training round: 337		accuracy = 0.5042999982833862
Training round: 338		accuracy = 0.5450999736785889
Training round: 339		accuracy = 0.5228999853134155
Training round: 340		accuracy = 0.5303999781608582
Training round: 341		accuracy = 0.5575000047683716
Training round: 342		accuracy = 0.4932999908924103
Training round: 343		accuracy = 0.4650999903678894
Training round: 344		accuracy = 0.47350001335144043
Training round: 345		accuracy = 0.39419999718666077
Training round: 346		accuracy = 0.5410000085830688
Training round: 347		accuracy = 0.4724000096321106
Training round: 348		accuracy = 0.5223000049591064
Training round: 349		accuracy = 0.5289999842643738
Training round: 350		accuracy = 0.4715999960899353
Training round: 351		accuracy = 0.5206999778747559
Training round: 352		accuracy = 0.43700000643730164
Training round: 353		accuracy = 0.5600000023841858
Training round: 354		accuracy = 0.5023000240325928
Training round: 355		accuracy = 0.5256999731063843
Training round: 356		accuracy = 0.42100000381469727
Training round: 357		accuracy = 0.45320001244544983
Training round: 358		accuracy = 0.41920000314712524
Training round: 359		accuracy = 0.4251999855041504
Training round: 360		accuracy = 0.4643000066280365
Training round: 361		accuracy = 0.5638999938964844
Training round: 362		accuracy = 0.5192000269889832
Training round: 363		accuracy = 0.5232999920845032
Training round: 364		accuracy = 0.5953999757766724
Training round: 365		accuracy = 0.5943999886512756
Training round: 366		accuracy = 0.6211000084877014
Training round: 367		accuracy = 0.5058000087738037
Training round: 368		accuracy = 0.4636000096797943
Training round: 369		accuracy = 0.47780001163482666
Training round: 370		accuracy = 0.5734999775886536
Training round: 371		accuracy = 0.49799999594688416
Training round: 372		accuracy = 0.5320000052452087
Training round: 373		accuracy = 0.5626999735832214
Training round: 374		accuracy = 0.5582000017166138
Training round: 375		accuracy = 0.5099999904632568
Training round: 376		accuracy = 0.5037999749183655
Training round: 377		accuracy = 0.4778999984264374
Training round: 378		accuracy = 0.5634999871253967
Training round: 379		accuracy = 0.6141999959945679
Training round: 380		accuracy = 0.5540000200271606
Training round: 381		accuracy = 0.5206000208854675
Training round: 382		accuracy = 0.5307999849319458
Training round: 383		accuracy = 0.4537000060081482
Training round: 384		accuracy = 0.5992000102996826
Training round: 385		accuracy = 0.5688999891281128
Training round: 386		accuracy = 0.5149999856948853
Training round: 387		accuracy = 0.4072999954223633
Training round: 388		accuracy = 0.4551999866962433
Training round: 389		accuracy = 0.47999998927116394
Training round: 390		accuracy = 0.48510000109672546
Training round: 391		accuracy = 0.29820001125335693
Training round: 392		accuracy = 0.527400016784668
Training round: 393		accuracy = 0.4636000096797943
Training round: 394		accuracy = 0.5163999795913696
Training round: 395		accuracy = 0.47839999198913574
Training round: 396		accuracy = 0.5421000123023987
Training round: 397		accuracy = 0.5263000130653381
Training round: 398		accuracy = 0.37400001287460327
Training round: 399		accuracy = 0.5593000054359436
Training round: 400		accuracy = 0.4794999957084656
Training round: 401		accuracy = 0.5419999957084656
Training round: 402		accuracy = 0.4625000059604645
Training round: 403		accuracy = 0.5630000233650208
Training round: 404		accuracy = 0.582099974155426
Training round: 405		accuracy = 0.49079999327659607
Training round: 406		accuracy = 0.4975999891757965
Training round: 407		accuracy = 0.5198000073432922
Training round: 408		accuracy = 0.5170000195503235
Training round: 409		accuracy = 0.39419999718666077
Training round: 410		accuracy = 0.478300005197525
Training round: 411		accuracy = 0.5748999714851379
Training round: 412		accuracy = 0.498199999332428
Training round: 413		accuracy = 0.45010000467300415
Training round: 414		accuracy = 0.5446000099182129
Training round: 415		accuracy = 0.511900007724762
Training round: 416		accuracy = 0.5353000164031982
Training round: 417		accuracy = 0.5406000018119812
Training round: 418		accuracy = 0.592199981212616
Training round: 419		accuracy = 0.5465999841690063
Training round: 420		accuracy = 0.47099998593330383
Training round: 421		accuracy = 0.4449000060558319
Training round: 422		accuracy = 0.30250000953674316
Training round: 423		accuracy = 0.5654000043869019
Training round: 424		accuracy = 0.3903999924659729
Training round: 425		accuracy = 0.5491999983787537
Training round: 426		accuracy = 0.4700999855995178
Training round: 427		accuracy = 0.5245000123977661
Training round: 428		accuracy = 0.5866000056266785
Training round: 429		accuracy = 0.5974000096321106
Training round: 430		accuracy = 0.5098000168800354
Training round: 431		accuracy = 0.5306000113487244
Training round: 432		accuracy = 0.42480000853538513
Training round: 433		accuracy = 0.5268999934196472
Training round: 434		accuracy = 0.5393999814987183
Training round: 435		accuracy = 0.5494999885559082
Training round: 436		accuracy = 0.4487000107765198
Training round: 437		accuracy = 0.42980000376701355
Training round: 438		accuracy = 0.38760000467300415
Training round: 439		accuracy = 0.5837000012397766
Training round: 440		accuracy = 0.5559999942779541
Training round: 441		accuracy = 0.5356000065803528
Training round: 442		accuracy = 0.6262999773025513
Training round: 443		accuracy = 0.5019999742507935
Training round: 444		accuracy = 0.5446000099182129
Training round: 445		accuracy = 0.5878000259399414
Training round: 446		accuracy = 0.4388999938964844
Training round: 447		accuracy = 0.6237999796867371
Training round: 448		accuracy = 0.544700026512146
Training round: 449		accuracy = 0.47269999980926514
Training round: 450		accuracy = 0.5133000016212463
Training round: 451		accuracy = 0.612500011920929
Training round: 452		accuracy = 0.5087000131607056
Training round: 453		accuracy = 0.47350001335144043
Training round: 454		accuracy = 0.506600022315979
Training round: 455		accuracy = 0.5533000230789185
Training round: 456		accuracy = 0.48660001158714294
Training round: 457		accuracy = 0.5267000198364258
Training round: 458		accuracy = 0.5295000076293945
Training round: 459		accuracy = 0.5152000188827515
Training round: 460		accuracy = 0.6141999959945679
Training round: 461		accuracy = 0.49810001254081726
Training round: 462		accuracy = 0.5113000273704529
Training round: 463		accuracy = 0.5141000151634216
Training round: 464		accuracy = 0.6337000131607056
Training round: 465		accuracy = 0.4916999936103821
Training round: 466		accuracy = 0.487199991941452
Training round: 467		accuracy = 0.578000009059906
Training round: 468		accuracy = 0.49059998989105225
Training round: 469		accuracy = 0.5825999975204468
Training round: 470		accuracy = 0.5213000178337097
Training round: 471		accuracy = 0.557200014591217
Training round: 472		accuracy = 0.5356000065803528
Training round: 473		accuracy = 0.4690000116825104
Training round: 474		accuracy = 0.4456999897956848
Training round: 475		accuracy = 0.5051000118255615
Training round: 476		accuracy = 0.4959999918937683
Training round: 477		accuracy = 0.5270000100135803
Training round: 478		accuracy = 0.510200023651123
Training round: 479		accuracy = 0.5385000109672546
Training round: 480		accuracy = 0.4027999937534332
Training round: 481		accuracy = 0.5264000296592712
Training round: 482		accuracy = 0.597100019454956
Training round: 483		accuracy = 0.6035000085830688
Training round: 484		accuracy = 0.5228000283241272
Training round: 485		accuracy = 0.545199990272522
Training round: 486		accuracy = 0.4433000087738037
Training round: 487		accuracy = 0.5774000287055969
Training round: 488		accuracy = 0.4514999985694885
Training round: 489		accuracy = 0.5734999775886536
Training round: 490		accuracy = 0.47760000824928284
Training round: 491		accuracy = 0.5778999924659729
Training round: 492		accuracy = 0.5358999967575073
Training round: 493		accuracy = 0.4284000098705292
Training round: 494		accuracy = 0.5422999858856201
Training round: 495		accuracy = 0.5875999927520752
Training round: 496		accuracy = 0.46059998869895935
Training round: 497		accuracy = 0.5455999970436096
Training round: 498		accuracy = 0.4814000129699707
Training round: 499		accuracy = 0.5292999744415283
Training round: 500		accuracy = 0.5681999921798706
Training round: 501		accuracy = 0.5907999873161316
Training round: 502		accuracy = 0.5388000011444092
Training round: 503		accuracy = 0.4666999876499176
Training round: 504		accuracy = 0.5094000101089478
Training round: 505		accuracy = 0.5817999839782715
Training round: 506		accuracy = 0.4846000075340271
Training round: 507		accuracy = 0.5268999934196472
Training round: 508		accuracy = 0.5131999850273132
Training round: 509		accuracy = 0.5202000141143799
Training round: 510		accuracy = 0.49160000681877136
Training round: 511		accuracy = 0.6265000104904175
Training round: 512		accuracy = 0.5160999894142151
Training round: 513		accuracy = 0.4754999876022339
Training round: 514		accuracy = 0.498199999332428
Training round: 515		accuracy = 0.4943000078201294
Training round: 516		accuracy = 0.5482000112533569
Training round: 517		accuracy = 0.45840001106262207
Training round: 518		accuracy = 0.5091000199317932
Training round: 519		accuracy = 0.5393000245094299
Training round: 520		accuracy = 0.5799000263214111
Training round: 521		accuracy = 0.4943999946117401
Training round: 522		accuracy = 0.582099974155426
Training round: 523		accuracy = 0.4952999949455261
Training round: 524		accuracy = 0.5026000142097473
Training round: 525		accuracy = 0.5547999739646912
Training round: 526		accuracy = 0.48069998621940613
Training round: 527		accuracy = 0.5924000144004822
Training round: 528		accuracy = 0.5194000005722046
Training round: 529		accuracy = 0.5331000089645386
Training round: 530		accuracy = 0.5333999991416931
Training round: 531		accuracy = 0.3431999981403351
Training round: 532		accuracy = 0.5882999897003174
Training round: 533		accuracy = 0.5113999843597412
Training round: 534		accuracy = 0.4171000123023987
Training round: 535		accuracy = 0.6204000115394592
Training round: 536		accuracy = 0.5636000037193298
Training round: 537		accuracy = 0.5922999978065491
Training round: 538		accuracy = 0.5425999760627747
Training round: 539		accuracy = 0.6414999961853027
Training round: 540		accuracy = 0.5343000292778015
Training round: 541		accuracy = 0.4020000100135803
Training round: 542		accuracy = 0.534500002861023
Training round: 543		accuracy = 0.5109000205993652
Training round: 544		accuracy = 0.47189998626708984
Training round: 545		accuracy = 0.46970000863075256
Training round: 546		accuracy = 0.43070000410079956
Training round: 547		accuracy = 0.5496000051498413
Training round: 548		accuracy = 0.5001999735832214
Training round: 549		accuracy = 0.6464999914169312
Training round: 550		accuracy = 0.5457000136375427
Training round: 551		accuracy = 0.5837000012397766
Training round: 552		accuracy = 0.551800012588501
Training round: 553		accuracy = 0.6044999957084656
Training round: 554		accuracy = 0.48669999837875366
Training round: 555		accuracy = 0.6010000109672546
Training round: 556		accuracy = 0.49000000953674316
Training round: 557		accuracy = 0.5242999792098999
Training round: 558		accuracy = 0.545199990272522
Training round: 559		accuracy = 0.5055000185966492
Training round: 560		accuracy = 0.5360000133514404
Training round: 561		accuracy = 0.5142999887466431
Training round: 562		accuracy = 0.5863000154495239
Training round: 563		accuracy = 0.5228000283241272
Training round: 564		accuracy = 0.5871999859809875
Training round: 565		accuracy = 0.5625
Training round: 566		accuracy = 0.4885999858379364
Training round: 567		accuracy = 0.5586000084877014
Training round: 568		accuracy = 0.4431000053882599
Training round: 569		accuracy = 0.5034000277519226
Training round: 570		accuracy = 0.5803999900817871
Training round: 571		accuracy = 0.6173999905586243
Training round: 572		accuracy = 0.6172999739646912
Training round: 573		accuracy = 0.5241000056266785
Training round: 574		accuracy = 0.41260001063346863
Training round: 575		accuracy = 0.4959000051021576
Training round: 576		accuracy = 0.6015999913215637
Training round: 577		accuracy = 0.503600001335144
Training round: 578		accuracy = 0.3151000142097473
Training round: 579		accuracy = 0.49729999899864197
Training round: 580		accuracy = 0.5651000142097473
Training round: 581		accuracy = 0.43790000677108765
Training round: 582		accuracy = 0.545199990272522
Training round: 583		accuracy = 0.5943999886512756
Training round: 584		accuracy = 0.5040000081062317
Training round: 585		accuracy = 0.6176999807357788
Training round: 586		accuracy = 0.521399974822998
Training round: 587		accuracy = 0.4715999960899353
Training round: 588		accuracy = 0.46720001101493835
Training round: 589		accuracy = 0.4672999978065491
Training round: 590		accuracy = 0.6226999759674072
Training round: 591		accuracy = 0.5910000205039978
Training round: 592		accuracy = 0.44040000438690186
Training round: 593		accuracy = 0.5360000133514404
Training round: 594		accuracy = 0.5712000131607056
Training round: 595		accuracy = 0.5386999845504761
Training round: 596		accuracy = 0.48919999599456787
Training round: 597		accuracy = 0.5684999823570251
Training round: 598		accuracy = 0.5781999826431274
Training round: 599		accuracy = 0.6362000107765198
Training round: 600		accuracy = 0.5156999826431274
Training round: 601		accuracy = 0.5741000175476074
Training round: 602		accuracy = 0.5203999876976013
Training round: 603		accuracy = 0.4871000051498413
Training round: 604		accuracy = 0.4124999940395355
Training round: 605		accuracy = 0.5659000277519226
Training round: 606		accuracy = 0.597599983215332
Training round: 607		accuracy = 0.4447999894618988
Training round: 608		accuracy = 0.5561000108718872
Training round: 609		accuracy = 0.5942000150680542
Training round: 610		accuracy = 0.5534999966621399
Training round: 611		accuracy = 0.4036000072956085
Training round: 612		accuracy = 0.4602000117301941
Training round: 613		accuracy = 0.5202999711036682
Training round: 614		accuracy = 0.5343000292778015
Training round: 615		accuracy = 0.4943999946117401
Training round: 616		accuracy = 0.5734000205993652
Training round: 617		accuracy = 0.5529000163078308
Training round: 618		accuracy = 0.48730000853538513
Training round: 619		accuracy = 0.45559999346733093
Training round: 620		accuracy = 0.5221999883651733
Training round: 621		accuracy = 0.5396000146865845
Training round: 622		accuracy = 0.47839999198913574
Training round: 623		accuracy = 0.5712000131607056
Training round: 624		accuracy = 0.5246999859809875
Training round: 625		accuracy = 0.593500018119812
Training round: 626		accuracy = 0.3937999904155731
Training round: 627		accuracy = 0.48890000581741333
Training round: 628		accuracy = 0.6068000197410583
Training round: 629		accuracy = 0.4887999892234802
Training round: 630		accuracy = 0.5547000169754028
Training round: 631		accuracy = 0.5763999819755554
Training round: 632		accuracy = 0.49639999866485596
Training round: 633		accuracy = 0.5471000075340271
Training round: 634		accuracy = 0.5782999992370605
Training round: 635		accuracy = 0.5414000153541565
Training round: 636		accuracy = 0.5249999761581421
Training round: 637		accuracy = 0.5684999823570251
Training round: 638		accuracy = 0.45320001244544983
Training round: 639		accuracy = 0.5260000228881836
Training round: 640		accuracy = 0.5250999927520752
Training round: 641		accuracy = 0.550599992275238
Training round: 642		accuracy = 0.5482000112533569
Training round: 643		accuracy = 0.6259999871253967
Training round: 644		accuracy = 0.585099995136261
Training round: 645		accuracy = 0.5569999814033508
Training round: 646		accuracy = 0.5874000191688538
Training round: 647		accuracy = 0.5623000264167786
Training round: 648		accuracy = 0.6230000257492065
Training round: 649		accuracy = 0.576200008392334
Training round: 650		accuracy = 0.508899986743927
Training round: 651		accuracy = 0.5358999967575073
Training round: 652		accuracy = 0.4745999872684479
Training round: 653		accuracy = 0.6244000196456909
Training round: 654		accuracy = 0.41510000824928284
Training round: 655		accuracy = 0.5224000215530396
Training round: 656		accuracy = 0.4691999852657318
Training round: 657		accuracy = 0.5806999802589417
Training round: 658		accuracy = 0.5273000001907349
Training round: 659		accuracy = 0.5497999787330627
Training round: 660		accuracy = 0.6266000270843506
Training round: 661		accuracy = 0.6195999979972839
Training round: 662		accuracy = 0.5264000296592712
Training round: 663		accuracy = 0.6308000087738037
Training round: 664		accuracy = 0.557200014591217
Training round: 665		accuracy = 0.5871999859809875
Training round: 666		accuracy = 0.4528000056743622
Training round: 667		accuracy = 0.5927000045776367
Training round: 668		accuracy = 0.4950000047683716
Training round: 669		accuracy = 0.5013999938964844
Training round: 670		accuracy = 0.41510000824928284
Training round: 671		accuracy = 0.5680999755859375
Training round: 672		accuracy = 0.5234000086784363
Training round: 673		accuracy = 0.5892999768257141
Training round: 674		accuracy = 0.6197999715805054
Training round: 675		accuracy = 0.4203000068664551
Training round: 676		accuracy = 0.5769000053405762
Training round: 677		accuracy = 0.5163000226020813
Training round: 678		accuracy = 0.4927999973297119
Training round: 679		accuracy = 0.5515000224113464
Training round: 680		accuracy = 0.5690000057220459
Training round: 681		accuracy = 0.5982000231742859
Training round: 682		accuracy = 0.5537999868392944
Training round: 683		accuracy = 0.4438999891281128
Training round: 684		accuracy = 0.5652999877929688
Training round: 685		accuracy = 0.6223000288009644
Training round: 686		accuracy = 0.5464000105857849
Training round: 687		accuracy = 0.5575000047683716
Training round: 688		accuracy = 0.5703999996185303
Training round: 689		accuracy = 0.5428000092506409
Training round: 690		accuracy = 0.5875999927520752
Training round: 691		accuracy = 0.5573999881744385
Training round: 692		accuracy = 0.6039999723434448
Training round: 693		accuracy = 0.5116000175476074
Training round: 694		accuracy = 0.632099986076355
Training round: 695		accuracy = 0.49470001459121704
Training round: 696		accuracy = 0.5426999926567078
Training round: 697		accuracy = 0.5281999707221985
Training round: 698		accuracy = 0.5950999855995178
Training round: 699		accuracy = 0.5440000295639038
Training round: 700		accuracy = 0.46700000762939453
Training round: 701		accuracy = 0.621399998664856
Training round: 702		accuracy = 0.5526000261306763
Training round: 703		accuracy = 0.6126000285148621
Training round: 704		accuracy = 0.5239999890327454
Training round: 705		accuracy = 0.5907999873161316
Training round: 706		accuracy = 0.5282999873161316
Training round: 707		accuracy = 0.5220000147819519
Training round: 708		accuracy = 0.6133000254631042
Training round: 709		accuracy = 0.5738999843597412
Training round: 710		accuracy = 0.48159998655319214
Training round: 711		accuracy = 0.5835000276565552
Training round: 712		accuracy = 0.5859000086784363
Training round: 713		accuracy = 0.5756999850273132
Training round: 714		accuracy = 0.5701000094413757
Training round: 715		accuracy = 0.5174999833106995
Training round: 716		accuracy = 0.5354999899864197
Training round: 717		accuracy = 0.37709999084472656
Training round: 718		accuracy = 0.5307999849319458
Training round: 719		accuracy = 0.5884000062942505
Training round: 720		accuracy = 0.5954999923706055
Training round: 721		accuracy = 0.546500027179718
Training round: 722		accuracy = 0.5426999926567078
Training round: 723		accuracy = 0.38530001044273376
Training round: 724		accuracy = 0.5388000011444092
Training round: 725		accuracy = 0.5393999814987183
Training round: 726		accuracy = 0.5260000228881836
Training round: 727		accuracy = 0.5432000160217285
Training round: 728		accuracy = 0.6065000295639038
Training round: 729		accuracy = 0.5002999901771545
Training round: 730		accuracy = 0.4629000127315521
Training round: 731		accuracy = 0.5931000113487244
Training round: 732		accuracy = 0.580299973487854
Training round: 733		accuracy = 0.5770999789237976
Training round: 734		accuracy = 0.5573999881744385
Training round: 735		accuracy = 0.5187000036239624
Training round: 736		accuracy = 0.5350000262260437
Training round: 737		accuracy = 0.5454000234603882
Training round: 738		accuracy = 0.51910001039505
Training round: 739		accuracy = 0.5947999954223633
Training round: 740		accuracy = 0.5891000032424927
Training round: 741		accuracy = 0.5253999829292297
Training round: 742		accuracy = 0.5773000121116638
Training round: 743		accuracy = 0.5773000121116638
Training round: 744		accuracy = 0.49900001287460327
Training round: 745		accuracy = 0.5758000016212463
Training round: 746		accuracy = 0.4487000107765198
Training round: 747		accuracy = 0.53329998254776
Training round: 748		accuracy = 0.48080000281333923
Training round: 749		accuracy = 0.5306000113487244
Training round: 750		accuracy = 0.5371999740600586
Training round: 751		accuracy = 0.5755000114440918
Training round: 752		accuracy = 0.5249999761581421
Training round: 753		accuracy = 0.5390999913215637
Training round: 754		accuracy = 0.5961999893188477
Training round: 755		accuracy = 0.5458999872207642
Training round: 756		accuracy = 0.4862000048160553
Training round: 757		accuracy = 0.5577999949455261
Training round: 758		accuracy = 0.5979999899864197
Training round: 759		accuracy = 0.5684000253677368
Training round: 760		accuracy = 0.5954999923706055
Training round: 761		accuracy = 0.5440000295639038
Training round: 762		accuracy = 0.6069999933242798
Training round: 763		accuracy = 0.559499979019165
Training round: 764		accuracy = 0.5853999853134155
Training round: 765		accuracy = 0.5748999714851379
Training round: 766		accuracy = 0.5335000157356262
Training round: 767		accuracy = 0.558899998664856
Training round: 768		accuracy = 0.5511000156402588
Training round: 769		accuracy = 0.6205999851226807
Training round: 770		accuracy = 0.5730999708175659
Training round: 771		accuracy = 0.5329999923706055
Training round: 772		accuracy = 0.5430999994277954
Training round: 773		accuracy = 0.583899974822998
Training round: 774		accuracy = 0.5091000199317932
Training round: 775		accuracy = 0.46299999952316284
Training round: 776		accuracy = 0.5378000140190125
Training round: 777		accuracy = 0.5153999924659729
Training round: 778		accuracy = 0.48649999499320984
Training round: 779		accuracy = 0.517799973487854
Training round: 780		accuracy = 0.5782999992370605
Training round: 781		accuracy = 0.5033000111579895
Training round: 782		accuracy = 0.5566999912261963
Training round: 783		accuracy = 0.4869999885559082
Training round: 784		accuracy = 0.5568000078201294
Training round: 785		accuracy = 0.49239999055862427
Training round: 786		accuracy = 0.6197999715805054
Training round: 787		accuracy = 0.5871000289916992
Training round: 788		accuracy = 0.5174999833106995
Training round: 789		accuracy = 0.5142999887466431
Training round: 790		accuracy = 0.5304999947547913
Training round: 791		accuracy = 0.5228000283241272
Training round: 792		accuracy = 0.5515999794006348
Training round: 793		accuracy = 0.45179998874664307
Training round: 794		accuracy = 0.5473999977111816
Training round: 795		accuracy = 0.6104999780654907
Training round: 796		accuracy = 0.5619999766349792
Training round: 797		accuracy = 0.5929999947547913
Training round: 798		accuracy = 0.5315999984741211
Training round: 799		accuracy = 0.5590999722480774
Training round: 800		accuracy = 0.5443999767303467
Training round: 801		accuracy = 0.44859999418258667
Training round: 802		accuracy = 0.6067000031471252
Training round: 803		accuracy = 0.5956000089645386
Training round: 804		accuracy = 0.522599995136261
Training round: 805		accuracy = 0.5514000058174133
Training round: 806		accuracy = 0.6636999845504761
Training round: 807		accuracy = 0.6101999878883362
Training round: 808		accuracy = 0.5328999757766724
Training round: 809		accuracy = 0.5393000245094299
Training round: 810		accuracy = 0.5831000208854675
Training round: 811		accuracy = 0.5386000275611877
Training round: 812		accuracy = 0.5683000087738037
Training round: 813		accuracy = 0.532800018787384
Training round: 814		accuracy = 0.5133000016212463
Training round: 815		accuracy = 0.5882999897003174
Training round: 816		accuracy = 0.6248000264167786
Training round: 817		accuracy = 0.5252000093460083
Training round: 818		accuracy = 0.6298999786376953
Training round: 819		accuracy = 0.42089998722076416
Training round: 820		accuracy = 0.45879998803138733
Training round: 821		accuracy = 0.6069999933242798
Training round: 822		accuracy = 0.5250999927520752
Training round: 823		accuracy = 0.539900004863739
Training round: 824		accuracy = 0.5817000269889832
Training round: 825		accuracy = 0.5332000255584717
Training round: 826		accuracy = 0.5719000101089478
Training round: 827		accuracy = 0.5307999849319458
Training round: 828		accuracy = 0.5074999928474426
Training round: 829		accuracy = 0.5343999862670898
Training round: 830		accuracy = 0.6402000188827515
Training round: 831		accuracy = 0.6096000075340271
Training round: 832		accuracy = 0.6083999872207642
Training round: 833		accuracy = 0.6173999905586243
Training round: 834		accuracy = 0.600600004196167
Training round: 835		accuracy = 0.5972999930381775
Training round: 836		accuracy = 0.5708000063896179
Training round: 837		accuracy = 0.49709999561309814
Training round: 838		accuracy = 0.5426999926567078
Training round: 839		accuracy = 0.5636000037193298
Training round: 840		accuracy = 0.553600013256073
Training round: 841		accuracy = 0.5133000016212463
Training round: 842		accuracy = 0.5623999834060669
Training round: 843		accuracy = 0.4982999861240387
Training round: 844		accuracy = 0.5720000267028809
Training round: 845		accuracy = 0.616599977016449
Training round: 846		accuracy = 0.5457000136375427
Training round: 847		accuracy = 0.5289000272750854
Training round: 848		accuracy = 0.5098000168800354
Training round: 849		accuracy = 0.6326000094413757
Training round: 850		accuracy = 0.604200005531311
Training round: 851		accuracy = 0.6331999897956848
Training round: 852		accuracy = 0.48350000381469727
Training round: 853		accuracy = 0.5329999923706055
Training round: 854		accuracy = 0.5192000269889832
Training round: 855		accuracy = 0.6101999878883362
Training round: 856		accuracy = 0.6352999806404114
Training round: 857		accuracy = 0.6269999742507935
Training round: 858		accuracy = 0.5918999910354614
Training round: 859		accuracy = 0.583899974822998
Training round: 860		accuracy = 0.5586000084877014
Training round: 861		accuracy = 0.636900007724762
Training round: 862		accuracy = 0.5925999879837036
Training round: 863		accuracy = 0.44429999589920044
Training round: 864		accuracy = 0.5109999775886536
Training round: 865		accuracy = 0.636900007724762
Training round: 866		accuracy = 0.46399998664855957
Training round: 867		accuracy = 0.5824999809265137
Training round: 868		accuracy = 0.6166999936103821
Training round: 869		accuracy = 0.6320000290870667
Training round: 870		accuracy = 0.573199987411499
Training round: 871		accuracy = 0.42890000343322754
Training round: 872		accuracy = 0.6097999811172485
Training round: 873		accuracy = 0.6241999864578247
Training round: 874		accuracy = 0.6532999873161316
Training round: 875		accuracy = 0.5604000091552734
Training round: 876		accuracy = 0.6018999814987183
Training round: 877		accuracy = 0.5314000248908997
Training round: 878		accuracy = 0.5430999994277954
Training round: 879		accuracy = 0.5241000056266785
Training round: 880		accuracy = 0.5590999722480774
Training round: 881		accuracy = 0.5440999865531921
Training round: 882		accuracy = 0.6333000063896179
Training round: 883		accuracy = 0.5455999970436096
Training round: 884		accuracy = 0.5533000230789185
Training round: 885		accuracy = 0.5479999780654907
Training round: 886		accuracy = 0.5153999924659729
Training round: 887		accuracy = 0.5738999843597412
Training round: 888		accuracy = 0.6310999989509583
Training round: 889		accuracy = 0.5694000124931335
Training round: 890		accuracy = 0.5622000098228455
Training round: 891		accuracy = 0.5540000200271606
Training round: 892		accuracy = 0.5785999894142151
Training round: 893		accuracy = 0.51419997215271
Training round: 894		accuracy = 0.5335999727249146
Training round: 895		accuracy = 0.5327000021934509
Training round: 896		accuracy = 0.5471000075340271
Training round: 897		accuracy = 0.49480000138282776
Training round: 898		accuracy = 0.5985000133514404
Training round: 899		accuracy = 0.5787000060081482
Training round: 900		accuracy = 0.5534999966621399
Training round: 901		accuracy = 0.5702999830245972
Training round: 902		accuracy = 0.4645000100135803
Training round: 903		accuracy = 0.6474000215530396
Training round: 904		accuracy = 0.6140999794006348
Training round: 905		accuracy = 0.48829999566078186
Training round: 906		accuracy = 0.5968000292778015
Training round: 907		accuracy = 0.5389999747276306
Training round: 908		accuracy = 0.5188000202178955
Training round: 909		accuracy = 0.6277999877929688
Training round: 910		accuracy = 0.5985999703407288
Training round: 911		accuracy = 0.4465999901294708
Training round: 912		accuracy = 0.5462999939918518
Training round: 913		accuracy = 0.5241000056266785
Training round: 914		accuracy = 0.59579998254776
Training round: 915		accuracy = 0.5288000106811523
Training round: 916		accuracy = 0.5246000289916992
Training round: 917		accuracy = 0.5895000100135803
Training round: 918		accuracy = 0.5508999824523926
Training round: 919		accuracy = 0.5318999886512756
Training round: 920		accuracy = 0.628600001335144
Training round: 921		accuracy = 0.5027999877929688
Training round: 922		accuracy = 0.5633000135421753
Training round: 923		accuracy = 0.5270000100135803
Training round: 924		accuracy = 0.5203999876976013
Training round: 925		accuracy = 0.5723000168800354
Training round: 926		accuracy = 0.5846999883651733
Training round: 927		accuracy = 0.5702000260353088
Training round: 928		accuracy = 0.6144999861717224
Training round: 929		accuracy = 0.5302000045776367
Training round: 930		accuracy = 0.6280999779701233
Training round: 931		accuracy = 0.5928999781608582
Training round: 932		accuracy = 0.4715999960899353
Training round: 933		accuracy = 0.535099983215332
Training round: 934		accuracy = 0.5580999851226807
Training round: 935		accuracy = 0.5909000039100647
Training round: 936		accuracy = 0.588100016117096
Training round: 937		accuracy = 0.5938000082969666
Training round: 938		accuracy = 0.5724999904632568
Training round: 939		accuracy = 0.5497999787330627
Training round: 940		accuracy = 0.5735999941825867
Training round: 941		accuracy = 0.5054000020027161
Training round: 942		accuracy = 0.5945000052452087
Training round: 943		accuracy = 0.59579998254776
Training round: 944		accuracy = 0.6352999806404114
Training round: 945		accuracy = 0.49059998989105225
Training round: 946		accuracy = 0.5835000276565552
Training round: 947		accuracy = 0.5149000287055969
Training round: 948		accuracy = 0.512499988079071
Training round: 949		accuracy = 0.5213000178337097
Training round: 950		accuracy = 0.598800003528595
Training round: 951		accuracy = 0.4745999872684479
Training round: 952		accuracy = 0.5800999999046326
Training round: 953		accuracy = 0.5383999943733215
Training round: 954		accuracy = 0.5496000051498413
Training round: 955		accuracy = 0.5963000059127808
Training round: 956		accuracy = 0.6097999811172485
Training round: 957		accuracy = 0.6392999887466431
Training round: 958		accuracy = 0.5781999826431274
Training round: 959		accuracy = 0.5455999970436096
Training round: 960		accuracy = 0.6571000218391418
Training round: 961		accuracy = 0.5364000201225281
Training round: 962		accuracy = 0.4648999869823456
Training round: 963		accuracy = 0.5149000287055969
Training round: 964		accuracy = 0.6292999982833862
Training round: 965		accuracy = 0.6359000205993652
Training round: 966		accuracy = 0.6068999767303467
Training round: 967		accuracy = 0.614300012588501
Training round: 968		accuracy = 0.6026999950408936
Training round: 969		accuracy = 0.6446999907493591
Training round: 970		accuracy = 0.5979999899864197
Training round: 971		accuracy = 0.6089000105857849
Training round: 972		accuracy = 0.6101999878883362
Training round: 973		accuracy = 0.5630000233650208
Training round: 974		accuracy = 0.5590000152587891
Training round: 975		accuracy = 0.5737000107765198
Training round: 976		accuracy = 0.6147000193595886
Training round: 977		accuracy = 0.5199000239372253
Training round: 978		accuracy = 0.5455999970436096
Training round: 979		accuracy = 0.492000013589859
Training round: 980		accuracy = 0.5475000143051147
Training round: 981		accuracy = 0.5206999778747559
Training round: 982		accuracy = 0.6147000193595886
Training round: 983		accuracy = 0.5720999836921692
Training round: 984		accuracy = 0.6141999959945679
Training round: 985		accuracy = 0.5105999708175659
Training round: 986		accuracy = 0.52920001745224
Training round: 987		accuracy = 0.6161999702453613
Training round: 988		accuracy = 0.6129999756813049
Training round: 989		accuracy = 0.5105000138282776
Training round: 990		accuracy = 0.3953999876976013
Training round: 991		accuracy = 0.5724999904632568
Training round: 992		accuracy = 0.566100001335144
Training round: 993		accuracy = 0.5461999773979187
Training round: 994		accuracy = 0.5447999835014343
Training round: 995		accuracy = 0.607200026512146
Training round: 996		accuracy = 0.5514000058174133
Training round: 997		accuracy = 0.5770000219345093
Training round: 998		accuracy = 0.6445000171661377
Training round: 999		accuracy = 0.5496000051498413
Training round: 1000		accuracy = 0.5954999923706055
Training duration 14744.069252252579
