2021-08-22 23:09:55.544755: I tensorflow/stream_executor/platform/default/dso_loader.cc:49] Successfully opened dynamic library libcudart.so.11.0
2021-08-22 23:10:31.589989: I tensorflow/compiler/jit/xla_cpu_device.cc:41] Not creating XLA devices, tf_xla_enable_xla_devices not set
2021-08-22 23:10:31.747861: I tensorflow/stream_executor/platform/default/dso_loader.cc:49] Successfully opened dynamic library libcuda.so.1
2021-08-22 23:10:31.815332: I tensorflow/core/common_runtime/gpu/gpu_device.cc:1720] Found device 0 with properties: 
pciBusID: 0000:03:00.0 name: Tesla P100-PCIE-12GB computeCapability: 6.0
coreClock: 1.3285GHz coreCount: 56 deviceMemorySize: 11.91GiB deviceMemoryBandwidth: 511.41GiB/s
2021-08-22 23:10:31.815851: I tensorflow/stream_executor/platform/default/dso_loader.cc:49] Successfully opened dynamic library libcudart.so.11.0
2021-08-22 23:10:31.828831: I tensorflow/stream_executor/platform/default/dso_loader.cc:49] Successfully opened dynamic library libcublas.so.11
2021-08-22 23:10:31.829004: I tensorflow/stream_executor/platform/default/dso_loader.cc:49] Successfully opened dynamic library libcublasLt.so.11
2021-08-22 23:10:31.835281: I tensorflow/stream_executor/platform/default/dso_loader.cc:49] Successfully opened dynamic library libcufft.so.10
2021-08-22 23:10:31.838256: I tensorflow/stream_executor/platform/default/dso_loader.cc:49] Successfully opened dynamic library libcurand.so.10
2021-08-22 23:10:31.847751: I tensorflow/stream_executor/platform/default/dso_loader.cc:49] Successfully opened dynamic library libcusolver.so.10
2021-08-22 23:10:31.850334: I tensorflow/stream_executor/platform/default/dso_loader.cc:49] Successfully opened dynamic library libcusparse.so.11
2021-08-22 23:10:31.851379: I tensorflow/stream_executor/platform/default/dso_loader.cc:49] Successfully opened dynamic library libcudnn.so.8
2021-08-22 23:10:31.854400: I tensorflow/core/common_runtime/gpu/gpu_device.cc:1862] Adding visible gpu devices: 0
2021-08-22 23:10:31.856015: I tensorflow/core/platform/cpu_feature_guard.cc:142] This TensorFlow binary is optimized with oneAPI Deep Neural Network Library (oneDNN) to use the following CPU instructions in performance-critical operations:  AVX2 FMA
To enable them in other operations, rebuild TensorFlow with the appropriate compiler flags.
2021-08-22 23:10:31.856387: I tensorflow/compiler/jit/xla_gpu_device.cc:99] Not creating XLA devices, tf_xla_enable_xla_devices not set
2021-08-22 23:10:31.857796: I tensorflow/core/common_runtime/gpu/gpu_device.cc:1720] Found device 0 with properties: 
pciBusID: 0000:03:00.0 name: Tesla P100-PCIE-12GB computeCapability: 6.0
coreClock: 1.3285GHz coreCount: 56 deviceMemorySize: 11.91GiB deviceMemoryBandwidth: 511.41GiB/s
2021-08-22 23:10:31.857919: I tensorflow/stream_executor/platform/default/dso_loader.cc:49] Successfully opened dynamic library libcudart.so.11.0
2021-08-22 23:10:31.858023: I tensorflow/stream_executor/platform/default/dso_loader.cc:49] Successfully opened dynamic library libcublas.so.11
2021-08-22 23:10:31.858126: I tensorflow/stream_executor/platform/default/dso_loader.cc:49] Successfully opened dynamic library libcublasLt.so.11
2021-08-22 23:10:31.858243: I tensorflow/stream_executor/platform/default/dso_loader.cc:49] Successfully opened dynamic library libcufft.so.10
2021-08-22 23:10:31.858359: I tensorflow/stream_executor/platform/default/dso_loader.cc:49] Successfully opened dynamic library libcurand.so.10
2021-08-22 23:10:31.858469: I tensorflow/stream_executor/platform/default/dso_loader.cc:49] Successfully opened dynamic library libcusolver.so.10
2021-08-22 23:10:31.858578: I tensorflow/stream_executor/platform/default/dso_loader.cc:49] Successfully opened dynamic library libcusparse.so.11
2021-08-22 23:10:31.858689: I tensorflow/stream_executor/platform/default/dso_loader.cc:49] Successfully opened dynamic library libcudnn.so.8
2021-08-22 23:10:31.861276: I tensorflow/core/common_runtime/gpu/gpu_device.cc:1862] Adding visible gpu devices: 0
2021-08-22 23:10:31.861398: I tensorflow/stream_executor/platform/default/dso_loader.cc:49] Successfully opened dynamic library libcudart.so.11.0
2021-08-22 23:10:33.058959: I tensorflow/core/common_runtime/gpu/gpu_device.cc:1261] Device interconnect StreamExecutor with strength 1 edge matrix:
2021-08-22 23:10:33.059161: I tensorflow/core/common_runtime/gpu/gpu_device.cc:1267]      0 
2021-08-22 23:10:33.059280: I tensorflow/core/common_runtime/gpu/gpu_device.cc:1280] 0:   N 
2021-08-22 23:10:33.065242: I tensorflow/core/common_runtime/gpu/gpu_device.cc:1406] Created TensorFlow device (/job:localhost/replica:0/task:0/device:GPU:0 with 11119 MB memory) -> physical GPU (device: 0, name: Tesla P100-PCIE-12GB, pci bus id: 0000:03:00.0, compute capability: 6.0)
2021-08-22 23:10:46.098864: I tensorflow/compiler/mlir/mlir_graph_optimization_pass.cc:116] None of the MLIR optimization passes are enabled (registered 2)
2021-08-22 23:10:46.102163: I tensorflow/core/platform/profile_utils/cpu_utils.cc:112] CPU Frequency: 2200130000 Hz
2021-08-22 23:10:46.182807: I tensorflow/stream_executor/platform/default/dso_loader.cc:49] Successfully opened dynamic library libcublas.so.11
2021-08-22 23:10:46.551113: I tensorflow/stream_executor/platform/default/dso_loader.cc:49] Successfully opened dynamic library libcublasLt.so.11
2021-08-22 23:10:46.561323: I tensorflow/stream_executor/platform/default/dso_loader.cc:49] Successfully opened dynamic library libcudnn.so.8
2021-08-22 23:10:48.627201: W tensorflow/stream_executor/gpu/asm_compiler.cc:63] Running ptxas --version returned 256
2021-08-22 23:10:49.045460: W tensorflow/stream_executor/gpu/redzone_allocator.cc:314] Internal: ptxas exited with non-zero error code 256, output: 
Relying on driver to perform ptx compilation. 
Modify $PATH to customize ptxas location.
This message will be only logged once.
Training round: 1		accuracy = 0.613043487071991
Training round: 2		accuracy = 0.6313043236732483
Training round: 3		accuracy = 0.6101449131965637
Training round: 4		accuracy = 0.6321738958358765
Training round: 5		accuracy = 0.6518840789794922
Training round: 6		accuracy = 0.629275381565094
Training round: 7		accuracy = 0.6591304540634155
Training round: 8		accuracy = 0.6614492535591125
Training round: 9		accuracy = 0.667246401309967
Training round: 10		accuracy = 0.6828985214233398
Training round: 11		accuracy = 0.6715942025184631
Training round: 12		accuracy = 0.6744927763938904
Training round: 13		accuracy = 0.6739130616188049
Training round: 14		accuracy = 0.683768093585968
Training round: 15		accuracy = 0.690144956111908
Training round: 16		accuracy = 0.6855072379112244
Training round: 17		accuracy = 0.6797101497650146
Training round: 18		accuracy = 0.6820290088653564
Training round: 19		accuracy = 0.6878260970115662
Training round: 20		accuracy = 0.6936231851577759
Training round: 21		accuracy = 0.6904347538948059
Training round: 22		accuracy = 0.686956524848938
Training round: 23		accuracy = 0.6872463822364807
Training round: 24		accuracy = 0.6915941834449768
Training round: 25		accuracy = 0.692463755607605
Training round: 26		accuracy = 0.6878260970115662
Training round: 27		accuracy = 0.6889855265617371
Training round: 28		accuracy = 0.690144956111908
Training round: 29		accuracy = 0.6889855265617371
Training round: 30		accuracy = 0.6959420442581177
Training round: 31		accuracy = 0.6930434703826904
Training round: 32		accuracy = 0.6936231851577759
Training round: 33		accuracy = 0.6942028999328613
Training round: 34		accuracy = 0.694492757320404
Training round: 35		accuracy = 0.6889855265617371
Training round: 36		accuracy = 0.6962319016456604
Training round: 37		accuracy = 0.697681188583374
Training round: 38		accuracy = 0.6939130425453186
Training round: 39		accuracy = 0.6918840408325195
Training round: 40		accuracy = 0.6965217590332031
Training round: 41		accuracy = 0.7020289897918701
Training round: 42		accuracy = 0.6962319016456604
Training round: 43		accuracy = 0.6959420442581177
Training round: 44		accuracy = 0.697970986366272
Training round: 45		accuracy = 0.6973913311958313
Training round: 46		accuracy = 0.6968116164207458
Training round: 47		accuracy = 0.7014492750167847
Training round: 48		accuracy = 0.7002898454666138
Training round: 49		accuracy = 0.7011594176292419
Training round: 50		accuracy = 0.6997101306915283
Training round: 51		accuracy = 0.6994202733039856
Training round: 52		accuracy = 0.6985507011413574
Training round: 53		accuracy = 0.6982608437538147
Training round: 54		accuracy = 0.697970986366272
Training round: 55		accuracy = 0.7008695602416992
Training round: 56		accuracy = 0.7002898454666138
Training round: 57		accuracy = 0.7005797028541565
Training round: 58		accuracy = 0.703188419342041
Training round: 59		accuracy = 0.7026087045669556
Training round: 60		accuracy = 0.7028985619544983
Training round: 61		accuracy = 0.7040579915046692
Training round: 62		accuracy = 0.7043478488922119
Training round: 63		accuracy = 0.7043478488922119
Training round: 64		accuracy = 0.7037681341171265
Training round: 65		accuracy = 0.7052174210548401
Training round: 66		accuracy = 0.7052174210548401
Training round: 67		accuracy = 0.7057970762252808
Training round: 68		accuracy = 0.7052174210548401
Training round: 69		accuracy = 0.7049275636672974
Training round: 70		accuracy = 0.7057970762252808
Training round: 71		accuracy = 0.7066666483879089
Training round: 72		accuracy = 0.7063767910003662
Training round: 73		accuracy = 0.7063767910003662
Training round: 74		accuracy = 0.705507218837738
Training round: 75		accuracy = 0.7075362205505371
Training round: 76		accuracy = 0.7072463631629944
Training round: 77		accuracy = 0.7089855074882507
Training round: 78		accuracy = 0.7063767910003662
Training round: 79		accuracy = 0.708695650100708
Training round: 80		accuracy = 0.7095652222633362
Training round: 81		accuracy = 0.7092753648757935
Training round: 82		accuracy = 0.7092753648757935
Training round: 83		accuracy = 0.7098550796508789
Training round: 84		accuracy = 0.7101449370384216
Training round: 85		accuracy = 0.7110145092010498
Training round: 86		accuracy = 0.7104347944259644
Training round: 87		accuracy = 0.7110145092010498
Training round: 88		accuracy = 0.7107246518135071
Training round: 89		accuracy = 0.7101449370384216
Training round: 90		accuracy = 0.7092753648757935
Training round: 91		accuracy = 0.7110145092010498
Training round: 92		accuracy = 0.7115942239761353
Training round: 93		accuracy = 0.7107246518135071
Training round: 94		accuracy = 0.711884081363678
Training round: 95		accuracy = 0.7113043665885925
Training round: 96		accuracy = 0.7115942239761353
Training round: 97		accuracy = 0.7121739387512207
Training round: 98		accuracy = 0.7113043665885925
Training round: 99		accuracy = 0.7121739387512207
Training round: 100		accuracy = 0.7121739387512207
Training duration 5791.577632188797
