2021-08-11 19:55:01.886684: I tensorflow/stream_executor/platform/default/dso_loader.cc:49] Successfully opened dynamic library libcudart.so.11.0
2021-08-11 19:55:08.171512: I tensorflow/compiler/jit/xla_cpu_device.cc:41] Not creating XLA devices, tf_xla_enable_xla_devices not set
2021-08-11 19:55:08.178128: I tensorflow/stream_executor/platform/default/dso_loader.cc:49] Successfully opened dynamic library libcuda.so.1
2021-08-11 19:55:08.232698: I tensorflow/core/common_runtime/gpu/gpu_device.cc:1720] Found device 0 with properties: 
pciBusID: 0000:1d:00.0 name: Tesla V100-SXM2-16GB computeCapability: 7.0
coreClock: 1.53GHz coreCount: 80 deviceMemorySize: 15.78GiB deviceMemoryBandwidth: 836.37GiB/s
2021-08-11 19:55:08.232877: I tensorflow/stream_executor/platform/default/dso_loader.cc:49] Successfully opened dynamic library libcudart.so.11.0
2021-08-11 19:55:08.276844: I tensorflow/stream_executor/platform/default/dso_loader.cc:49] Successfully opened dynamic library libcublas.so.11
2021-08-11 19:55:08.276953: I tensorflow/stream_executor/platform/default/dso_loader.cc:49] Successfully opened dynamic library libcublasLt.so.11
2021-08-11 19:55:08.297635: I tensorflow/stream_executor/platform/default/dso_loader.cc:49] Successfully opened dynamic library libcufft.so.10
2021-08-11 19:55:08.314466: I tensorflow/stream_executor/platform/default/dso_loader.cc:49] Successfully opened dynamic library libcurand.so.10
2021-08-11 19:55:08.352924: I tensorflow/stream_executor/platform/default/dso_loader.cc:49] Successfully opened dynamic library libcusolver.so.10
2021-08-11 19:55:08.363448: I tensorflow/stream_executor/platform/default/dso_loader.cc:49] Successfully opened dynamic library libcusparse.so.11
2021-08-11 19:55:08.365689: I tensorflow/stream_executor/platform/default/dso_loader.cc:49] Successfully opened dynamic library libcudnn.so.8
2021-08-11 19:55:08.372787: I tensorflow/core/common_runtime/gpu/gpu_device.cc:1862] Adding visible gpu devices: 0
2021-08-11 19:55:08.382031: I tensorflow/core/platform/cpu_feature_guard.cc:142] This TensorFlow binary is optimized with oneAPI Deep Neural Network Library (oneDNN) to use the following CPU instructions in performance-critical operations:  AVX2 AVX512F FMA
To enable them in other operations, rebuild TensorFlow with the appropriate compiler flags.
2021-08-11 19:55:08.382293: I tensorflow/compiler/jit/xla_gpu_device.cc:99] Not creating XLA devices, tf_xla_enable_xla_devices not set
2021-08-11 19:55:08.383368: I tensorflow/core/common_runtime/gpu/gpu_device.cc:1720] Found device 0 with properties: 
pciBusID: 0000:1d:00.0 name: Tesla V100-SXM2-16GB computeCapability: 7.0
coreClock: 1.53GHz coreCount: 80 deviceMemorySize: 15.78GiB deviceMemoryBandwidth: 836.37GiB/s
2021-08-11 19:55:08.383417: I tensorflow/stream_executor/platform/default/dso_loader.cc:49] Successfully opened dynamic library libcudart.so.11.0
2021-08-11 19:55:08.383442: I tensorflow/stream_executor/platform/default/dso_loader.cc:49] Successfully opened dynamic library libcublas.so.11
2021-08-11 19:55:08.383457: I tensorflow/stream_executor/platform/default/dso_loader.cc:49] Successfully opened dynamic library libcublasLt.so.11
2021-08-11 19:55:08.383471: I tensorflow/stream_executor/platform/default/dso_loader.cc:49] Successfully opened dynamic library libcufft.so.10
2021-08-11 19:55:08.383486: I tensorflow/stream_executor/platform/default/dso_loader.cc:49] Successfully opened dynamic library libcurand.so.10
2021-08-11 19:55:08.383500: I tensorflow/stream_executor/platform/default/dso_loader.cc:49] Successfully opened dynamic library libcusolver.so.10
2021-08-11 19:55:08.383514: I tensorflow/stream_executor/platform/default/dso_loader.cc:49] Successfully opened dynamic library libcusparse.so.11
2021-08-11 19:55:08.383535: I tensorflow/stream_executor/platform/default/dso_loader.cc:49] Successfully opened dynamic library libcudnn.so.8
2021-08-11 19:55:08.385100: I tensorflow/core/common_runtime/gpu/gpu_device.cc:1862] Adding visible gpu devices: 0
2021-08-11 19:55:08.385672: I tensorflow/stream_executor/platform/default/dso_loader.cc:49] Successfully opened dynamic library libcudart.so.11.0
2021-08-11 19:55:09.398525: I tensorflow/core/common_runtime/gpu/gpu_device.cc:1261] Device interconnect StreamExecutor with strength 1 edge matrix:
2021-08-11 19:55:09.398568: I tensorflow/core/common_runtime/gpu/gpu_device.cc:1267]      0 
2021-08-11 19:55:09.398582: I tensorflow/core/common_runtime/gpu/gpu_device.cc:1280] 0:   N 
2021-08-11 19:55:09.405090: I tensorflow/core/common_runtime/gpu/gpu_device.cc:1406] Created TensorFlow device (/job:localhost/replica:0/task:0/device:GPU:0 with 14761 MB memory) -> physical GPU (device: 0, name: Tesla V100-SXM2-16GB, pci bus id: 0000:1d:00.0, compute capability: 7.0)
2021-08-11 19:55:10.271294: I tensorflow/compiler/mlir/mlir_graph_optimization_pass.cc:116] None of the MLIR optimization passes are enabled (registered 2)
2021-08-11 19:55:10.272795: I tensorflow/core/platform/profile_utils/cpu_utils.cc:112] CPU Frequency: 2400000000 Hz
2021-08-11 19:55:10.767755: I tensorflow/stream_executor/platform/default/dso_loader.cc:49] Successfully opened dynamic library libcublas.so.11
2021-08-11 19:55:12.049732: I tensorflow/stream_executor/platform/default/dso_loader.cc:49] Successfully opened dynamic library libcublasLt.so.11
2021-08-11 19:55:12.076945: I tensorflow/stream_executor/platform/default/dso_loader.cc:49] Successfully opened dynamic library libcudnn.so.8
2021-08-11 19:55:17.329911: W tensorflow/stream_executor/gpu/asm_compiler.cc:63] Running ptxas --version returned 256
2021-08-11 19:55:17.425967: W tensorflow/stream_executor/gpu/redzone_allocator.cc:314] Internal: ptxas exited with non-zero error code 256, output: 
Relying on driver to perform ptx compilation. 
Modify $PATH to customize ptxas location.
This message will be only logged once.
UnbalanceMutator started.
UnbalanceMutator finished.
Training round: 1		accuracy = 0.1046999990940094
Training round: 2		accuracy = 0.10000000149011612
Training round: 3		accuracy = 0.10000000149011612
Training round: 4		accuracy = 0.10000000149011612
Training round: 5		accuracy = 0.10000000149011612
Training round: 6		accuracy = 0.10040000081062317
Training round: 7		accuracy = 0.10000000149011612
Training round: 8		accuracy = 0.14589999616146088
Training round: 9		accuracy = 0.10459999740123749
Training round: 10		accuracy = 0.14329999685287476
Training round: 11		accuracy = 0.15629999339580536
Training round: 12		accuracy = 0.16130000352859497
Training round: 13		accuracy = 0.11309999972581863
Training round: 14		accuracy = 0.15559999644756317
Training round: 15		accuracy = 0.17339999973773956
Training round: 16		accuracy = 0.1746000051498413
Training round: 17		accuracy = 0.14249999821186066
Training round: 18		accuracy = 0.10809999704360962
Training round: 19		accuracy = 0.15150000154972076
Training round: 20		accuracy = 0.17579999566078186
Training round: 21		accuracy = 0.16920000314712524
Training round: 22		accuracy = 0.14059999585151672
Training round: 23		accuracy = 0.1972000002861023
Training round: 24		accuracy = 0.17239999771118164
Training round: 25		accuracy = 0.17730000615119934
Training round: 26		accuracy = 0.17829999327659607
Training round: 27		accuracy = 0.17090000212192535
Training round: 28		accuracy = 0.17820000648498535
Training round: 29		accuracy = 0.17489999532699585
Training round: 30		accuracy = 0.14350000023841858
Training round: 31		accuracy = 0.15150000154972076
Training round: 32		accuracy = 0.19920000433921814
Training round: 33		accuracy = 0.22429999709129333
Training round: 34		accuracy = 0.24639999866485596
Training round: 35		accuracy = 0.15729999542236328
Training round: 36		accuracy = 0.19329999387264252
Training round: 37		accuracy = 0.16990000009536743
Training round: 38		accuracy = 0.18400000035762787
Training round: 39		accuracy = 0.19679999351501465
Training round: 40		accuracy = 0.11140000075101852
Training round: 41		accuracy = 0.10040000081062317
Training round: 42		accuracy = 0.2460000067949295
Training round: 43		accuracy = 0.2320999950170517
Training round: 44		accuracy = 0.2786000072956085
Training round: 45		accuracy = 0.2206999957561493
Training round: 46		accuracy = 0.21310000121593475
Training round: 47		accuracy = 0.2678999900817871
Training round: 48		accuracy = 0.22419999539852142
Training round: 49		accuracy = 0.25690001249313354
Training round: 50		accuracy = 0.15770000219345093
Training round: 51		accuracy = 0.265500009059906
Training round: 52		accuracy = 0.24860000610351562
Training round: 53		accuracy = 0.20190000534057617
Training round: 54		accuracy = 0.29089999198913574
Training round: 55		accuracy = 0.22030000388622284
Training round: 56		accuracy = 0.30379998683929443
Training round: 57		accuracy = 0.2361000031232834
Training round: 58		accuracy = 0.2410999983549118
Training round: 59		accuracy = 0.25369998812675476
Training round: 60		accuracy = 0.21940000355243683
Training round: 61		accuracy = 0.21899999678134918
Training round: 62		accuracy = 0.24619999527931213
Training round: 63		accuracy = 0.24420000612735748
Training round: 64		accuracy = 0.23800000548362732
Training round: 65		accuracy = 0.18539999425411224
Training round: 66		accuracy = 0.26440000534057617
Training round: 67		accuracy = 0.22599999606609344
Training round: 68		accuracy = 0.2994999885559082
Training round: 69		accuracy = 0.2957000136375427
Training round: 70		accuracy = 0.18389999866485596
Training round: 71		accuracy = 0.22519999742507935
Training round: 72		accuracy = 0.29809999465942383
Training round: 73		accuracy = 0.1777999997138977
Training round: 74		accuracy = 0.30799999833106995
Training round: 75		accuracy = 0.2071000039577484
Training round: 76		accuracy = 0.3467000126838684
Training round: 77		accuracy = 0.22789999842643738
Training round: 78		accuracy = 0.23579999804496765
Training round: 79		accuracy = 0.2363000065088272
Training round: 80		accuracy = 0.2492000013589859
Training round: 81		accuracy = 0.31119999289512634
Training round: 82		accuracy = 0.2540999948978424
Training round: 83		accuracy = 0.21739999949932098
Training round: 84		accuracy = 0.2824999988079071
Training round: 85		accuracy = 0.24889999628067017
Training round: 86		accuracy = 0.3181999921798706
Training round: 87		accuracy = 0.3093000054359436
Training round: 88		accuracy = 0.20469999313354492
Training round: 89		accuracy = 0.3093000054359436
Training round: 90		accuracy = 0.1843000054359436
Training round: 91		accuracy = 0.2976999878883362
Training round: 92		accuracy = 0.3522999882698059
Training round: 93		accuracy = 0.2921999990940094
Training round: 94		accuracy = 0.29179999232292175
Training round: 95		accuracy = 0.34540000557899475
Training round: 96		accuracy = 0.2117999941110611
Training round: 97		accuracy = 0.30889999866485596
Training round: 98		accuracy = 0.18719999492168427
Training round: 99		accuracy = 0.19679999351501465
Training round: 100		accuracy = 0.27390000224113464
Training round: 101		accuracy = 0.1826000064611435
Training round: 102		accuracy = 0.20160000026226044
Training round: 103		accuracy = 0.22789999842643738
Training round: 104		accuracy = 0.21410000324249268
Training round: 105		accuracy = 0.26260000467300415
Training round: 106		accuracy = 0.2888000011444092
Training round: 107		accuracy = 0.2946999967098236
Training round: 108		accuracy = 0.29019999504089355
Training round: 109		accuracy = 0.2935999929904938
Training round: 110		accuracy = 0.3156999945640564
Training round: 111		accuracy = 0.31630000472068787
Training round: 112		accuracy = 0.23720000684261322
Training round: 113		accuracy = 0.29649999737739563
Training round: 114		accuracy = 0.2467000037431717
Training round: 115		accuracy = 0.313400000333786
Training round: 116		accuracy = 0.24809999763965607
Training round: 117		accuracy = 0.2775000035762787
Training round: 118		accuracy = 0.30820000171661377
Training round: 119		accuracy = 0.2883000075817108
Training round: 120		accuracy = 0.21549999713897705
Training round: 121		accuracy = 0.2143000066280365
Training round: 122		accuracy = 0.20029999315738678
Training round: 123		accuracy = 0.27570000290870667
Training round: 124		accuracy = 0.31850001215934753
Training round: 125		accuracy = 0.3391999900341034
Training round: 126		accuracy = 0.20819999277591705
Training round: 127		accuracy = 0.3418999910354614
Training round: 128		accuracy = 0.30630001425743103
Training round: 129		accuracy = 0.2126999944448471
Training round: 130		accuracy = 0.349700003862381
Training round: 131		accuracy = 0.3395000100135803
Training round: 132		accuracy = 0.3840000033378601
Training round: 133		accuracy = 0.3384000062942505
Training round: 134		accuracy = 0.23829999566078186
Training round: 135		accuracy = 0.3294000029563904
Training round: 136		accuracy = 0.3668999969959259
Training round: 137		accuracy = 0.3443000018596649
Training round: 138		accuracy = 0.3230000138282776
Training round: 139		accuracy = 0.2646999955177307
Training round: 140		accuracy = 0.2142000049352646
Training round: 141		accuracy = 0.3174000084400177
Training round: 142		accuracy = 0.4146000146865845
Training round: 143		accuracy = 0.3921999931335449
Training round: 144		accuracy = 0.3635999858379364
Training round: 145		accuracy = 0.32409998774528503
Training round: 146		accuracy = 0.2078000009059906
Training round: 147		accuracy = 0.3124000132083893
Training round: 148		accuracy = 0.3813000023365021
Training round: 149		accuracy = 0.40119999647140503
Training round: 150		accuracy = 0.38199999928474426
Training round: 151		accuracy = 0.23319999873638153
Training round: 152		accuracy = 0.2085999995470047
Training round: 153		accuracy = 0.2825999855995178
Training round: 154		accuracy = 0.23989999294281006
Training round: 155		accuracy = 0.3481000065803528
Training round: 156		accuracy = 0.35190001130104065
Training round: 157		accuracy = 0.39570000767707825
Training round: 158		accuracy = 0.2287999987602234
Training round: 159		accuracy = 0.3294999897480011
Training round: 160		accuracy = 0.21240000426769257
Training round: 161		accuracy = 0.4083999991416931
Training round: 162		accuracy = 0.35510000586509705
Training round: 163		accuracy = 0.4034000039100647
Training round: 164		accuracy = 0.35679998993873596
Training round: 165		accuracy = 0.41530001163482666
Training round: 166		accuracy = 0.41110000014305115
Training round: 167		accuracy = 0.42590001225471497
Training round: 168		accuracy = 0.3287999927997589
Training round: 169		accuracy = 0.396699994802475
Training round: 170		accuracy = 0.39239999651908875
Training round: 171		accuracy = 0.2134000062942505
Training round: 172		accuracy = 0.21699999272823334
Training round: 173		accuracy = 0.4027999937534332
Training round: 174		accuracy = 0.30399999022483826
Training round: 175		accuracy = 0.4097000062465668
Training round: 176		accuracy = 0.3955000042915344
Training round: 177		accuracy = 0.3147999942302704
Training round: 178		accuracy = 0.3700999915599823
Training round: 179		accuracy = 0.4377000033855438
Training round: 180		accuracy = 0.3871000111103058
Training round: 181		accuracy = 0.36570000648498535
Training round: 182		accuracy = 0.3815999925136566
Training round: 183		accuracy = 0.22630000114440918
Training round: 184		accuracy = 0.42739999294281006
Training round: 185		accuracy = 0.24779999256134033
Training round: 186		accuracy = 0.40959998965263367
Training round: 187		accuracy = 0.30390000343322754
Training round: 188		accuracy = 0.39469999074935913
Training round: 189		accuracy = 0.3840999901294708
Training round: 190		accuracy = 0.26460000872612
Training round: 191		accuracy = 0.33899998664855957
Training round: 192		accuracy = 0.362199991941452
Training round: 193		accuracy = 0.2948000133037567
Training round: 194		accuracy = 0.33379998803138733
Training round: 195		accuracy = 0.3068000078201294
Training round: 196		accuracy = 0.46399998664855957
Training round: 197		accuracy = 0.259799987077713
Training round: 198		accuracy = 0.4065999984741211
Training round: 199		accuracy = 0.35420000553131104
Training round: 200		accuracy = 0.3707999885082245
Training round: 201		accuracy = 0.40849998593330383
Training round: 202		accuracy = 0.29670000076293945
Training round: 203		accuracy = 0.42730000615119934
Training round: 204		accuracy = 0.2483000010251999
Training round: 205		accuracy = 0.3540000021457672
Training round: 206		accuracy = 0.4375999867916107
Training round: 207		accuracy = 0.33629998564720154
Training round: 208		accuracy = 0.34209999442100525
Training round: 209		accuracy = 0.42590001225471497
Training round: 210		accuracy = 0.45969998836517334
Training round: 211		accuracy = 0.4083999991416931
Training round: 212		accuracy = 0.4097000062465668
Training round: 213		accuracy = 0.399399995803833
Training round: 214		accuracy = 0.3977999985218048
Training round: 215		accuracy = 0.2615000009536743
Training round: 216		accuracy = 0.349700003862381
Training round: 217		accuracy = 0.39719998836517334
Training round: 218		accuracy = 0.2759999930858612
Training round: 219		accuracy = 0.2296999990940094
Training round: 220		accuracy = 0.4311000108718872
Training round: 221		accuracy = 0.36419999599456787
Training round: 222		accuracy = 0.421999990940094
Training round: 223		accuracy = 0.40369999408721924
Training round: 224		accuracy = 0.34630000591278076
Training round: 225		accuracy = 0.24979999661445618
Training round: 226		accuracy = 0.4717000126838684
Training round: 227		accuracy = 0.26350000500679016
Training round: 228		accuracy = 0.38260000944137573
Training round: 229		accuracy = 0.4275999963283539
Training round: 230		accuracy = 0.4383000135421753
Training round: 231		accuracy = 0.41119998693466187
Training round: 232		accuracy = 0.4426000118255615
Training round: 233		accuracy = 0.4424999952316284
Training round: 234		accuracy = 0.3970000147819519
Training round: 235		accuracy = 0.24570000171661377
Training round: 236		accuracy = 0.23649999499320984
Training round: 237		accuracy = 0.41019999980926514
Training round: 238		accuracy = 0.3212999999523163
Training round: 239		accuracy = 0.414000004529953
Training round: 240		accuracy = 0.4341000020503998
Training round: 241		accuracy = 0.41449999809265137
Training round: 242		accuracy = 0.44429999589920044
Training round: 243		accuracy = 0.420199990272522
Training round: 244		accuracy = 0.41690000891685486
Training round: 245		accuracy = 0.4528000056743622
Training round: 246		accuracy = 0.4250999987125397
Training round: 247		accuracy = 0.44769999384880066
Training round: 248		accuracy = 0.46720001101493835
Training round: 249		accuracy = 0.42149999737739563
Training round: 250		accuracy = 0.4343000054359436
Training round: 251		accuracy = 0.2387000024318695
Training round: 252		accuracy = 0.4481000006198883
Training round: 253		accuracy = 0.3197999894618988
Training round: 254		accuracy = 0.4422000050544739
Training round: 255		accuracy = 0.43939998745918274
Training round: 256		accuracy = 0.4763000011444092
Training round: 257		accuracy = 0.4343000054359436
Training round: 258		accuracy = 0.3228999972343445
Training round: 259		accuracy = 0.453900009393692
Training round: 260		accuracy = 0.2660999894142151
Training round: 261		accuracy = 0.3345000147819519
Training round: 262		accuracy = 0.4505000114440918
Training round: 263		accuracy = 0.48660001158714294
Training round: 264		accuracy = 0.4643000066280365
Training round: 265		accuracy = 0.3472000062465668
Training round: 266		accuracy = 0.3395000100135803
Training round: 267		accuracy = 0.26499998569488525
Training round: 268		accuracy = 0.45730000734329224
Training round: 269		accuracy = 0.41609999537467957
Training round: 270		accuracy = 0.3391000032424927
Training round: 271		accuracy = 0.4636000096797943
Training round: 272		accuracy = 0.2590999901294708
Training round: 273		accuracy = 0.4489000141620636
Training round: 274		accuracy = 0.2856000065803528
Training round: 275		accuracy = 0.477400004863739
Training round: 276		accuracy = 0.3653999865055084
Training round: 277		accuracy = 0.48399999737739563
Training round: 278		accuracy = 0.4528999924659729
Training round: 279		accuracy = 0.48649999499320984
Training round: 280		accuracy = 0.2775000035762787
Training round: 281		accuracy = 0.484499990940094
Training round: 282		accuracy = 0.3903000056743622
Training round: 283		accuracy = 0.48350000381469727
Training round: 284		accuracy = 0.35190001130104065
Training round: 285		accuracy = 0.3499000072479248
Training round: 286		accuracy = 0.31139999628067017
Training round: 287		accuracy = 0.43700000643730164
Training round: 288		accuracy = 0.4251999855041504
Training round: 289		accuracy = 0.45579999685287476
Training round: 290		accuracy = 0.49639999866485596
Training round: 291		accuracy = 0.47350001335144043
Training round: 292		accuracy = 0.44589999318122864
Training round: 293		accuracy = 0.49950000643730164
Training round: 294		accuracy = 0.4814000129699707
Training round: 295		accuracy = 0.3970000147819519
Training round: 296		accuracy = 0.48089998960494995
Training round: 297		accuracy = 0.4562000036239624
Training round: 298		accuracy = 0.3693999946117401
Training round: 299		accuracy = 0.3709999918937683
Training round: 300		accuracy = 0.4697999954223633
Training round: 301		accuracy = 0.4781999886035919
Training round: 302		accuracy = 0.46480000019073486
Training round: 303		accuracy = 0.4645000100135803
Training round: 304		accuracy = 0.30720001459121704
Training round: 305		accuracy = 0.46560001373291016
Training round: 306		accuracy = 0.3709999918937683
Training round: 307		accuracy = 0.47609999775886536
Training round: 308		accuracy = 0.41510000824928284
Training round: 309		accuracy = 0.478300005197525
Training round: 310		accuracy = 0.32440000772476196
Training round: 311		accuracy = 0.3176000118255615
Training round: 312		accuracy = 0.4661000072956085
Training round: 313		accuracy = 0.36039999127388
Training round: 314		accuracy = 0.3562000095844269
Training round: 315		accuracy = 0.2630000114440918
Training round: 316		accuracy = 0.2696000039577484
Training round: 317		accuracy = 0.4968000054359436
Training round: 318		accuracy = 0.2921999990940094
Training round: 319		accuracy = 0.47189998626708984
Training round: 320		accuracy = 0.32359999418258667
Training round: 321		accuracy = 0.5182999968528748
Training round: 322		accuracy = 0.2939000129699707
Training round: 323		accuracy = 0.42149999737739563
Training round: 324		accuracy = 0.43619999289512634
Training round: 325		accuracy = 0.30309998989105225
Training round: 326		accuracy = 0.4302999973297119
Training round: 327		accuracy = 0.4503999948501587
Training round: 328		accuracy = 0.46380001306533813
Training round: 329		accuracy = 0.4629000127315521
Training round: 330		accuracy = 0.4966999888420105
Training round: 331		accuracy = 0.42149999737739563
Training round: 332		accuracy = 0.46970000863075256
Training round: 333		accuracy = 0.3944999873638153
Training round: 334		accuracy = 0.35429999232292175
Training round: 335		accuracy = 0.27000001072883606
Training round: 336		accuracy = 0.4909999966621399
Training round: 337		accuracy = 0.5008999705314636
Training round: 338		accuracy = 0.45669999718666077
Training round: 339		accuracy = 0.3172999918460846
Training round: 340		accuracy = 0.46560001373291016
Training round: 341		accuracy = 0.4474000036716461
Training round: 342		accuracy = 0.3601999878883362
Training round: 343		accuracy = 0.3831999897956848
Training round: 344		accuracy = 0.517799973487854
Training round: 345		accuracy = 0.4943000078201294
Training round: 346		accuracy = 0.47929999232292175
Training round: 347		accuracy = 0.42969998717308044
Training round: 348		accuracy = 0.5156000256538391
Training round: 349		accuracy = 0.5113999843597412
Training round: 350		accuracy = 0.475600004196167
Training round: 351		accuracy = 0.49810001254081726
Training round: 352		accuracy = 0.42879998683929443
Training round: 353		accuracy = 0.48350000381469727
Training round: 354		accuracy = 0.4146000146865845
Training round: 355		accuracy = 0.35420000553131104
Training round: 356		accuracy = 0.4221000075340271
Training round: 357		accuracy = 0.4244999885559082
Training round: 358		accuracy = 0.5139999985694885
Training round: 359		accuracy = 0.5038999915122986
Training round: 360		accuracy = 0.5011000037193298
Training round: 361		accuracy = 0.47760000824928284
Training round: 362		accuracy = 0.47600001096725464
Training round: 363		accuracy = 0.5149999856948853
Training round: 364		accuracy = 0.477400004863739
Training round: 365		accuracy = 0.4643000066280365
Training round: 366		accuracy = 0.5184000134468079
Training round: 367		accuracy = 0.5080000162124634
Training round: 368		accuracy = 0.5450000166893005
Training round: 369		accuracy = 0.46459999680519104
Training round: 370		accuracy = 0.4546000063419342
Training round: 371		accuracy = 0.48159998655319214
Training round: 372		accuracy = 0.4569000005722046
Training round: 373		accuracy = 0.44690001010894775
Training round: 374		accuracy = 0.45980000495910645
Training round: 375		accuracy = 0.30320000648498535
Training round: 376		accuracy = 0.4625999927520752
Training round: 377		accuracy = 0.4625999927520752
Training round: 378		accuracy = 0.45570001006126404
Training round: 379		accuracy = 0.47099998593330383
Training round: 380		accuracy = 0.44670000672340393
Training round: 381		accuracy = 0.4943999946117401
Training round: 382		accuracy = 0.5214999914169312
Training round: 383		accuracy = 0.33799999952316284
Training round: 384		accuracy = 0.5278000235557556
Training round: 385		accuracy = 0.3862000107765198
Training round: 386		accuracy = 0.37790000438690186
Training round: 387		accuracy = 0.4936999976634979
Training round: 388		accuracy = 0.5164999961853027
Training round: 389		accuracy = 0.5238999724388123
Training round: 390		accuracy = 0.5069000124931335
Training round: 391		accuracy = 0.3375000059604645
Training round: 392		accuracy = 0.49320000410079956
Training round: 393		accuracy = 0.541700005531311
Training round: 394		accuracy = 0.5131000280380249
Training round: 395		accuracy = 0.51910001039505
Training round: 396		accuracy = 0.3659999966621399
Training round: 397		accuracy = 0.31029999256134033
Training round: 398		accuracy = 0.49869999289512634
Training round: 399		accuracy = 0.32269999384880066
Training round: 400		accuracy = 0.5001999735832214
Training round: 401		accuracy = 0.5016000270843506
Training round: 402		accuracy = 0.4706000089645386
Training round: 403		accuracy = 0.375900000333786
Training round: 404		accuracy = 0.5494999885559082
Training round: 405		accuracy = 0.477400004863739
Training round: 406		accuracy = 0.4361000061035156
Training round: 407		accuracy = 0.4894999861717224
Training round: 408		accuracy = 0.4666000008583069
Training round: 409		accuracy = 0.5030999779701233
Training round: 410		accuracy = 0.49079999327659607
Training round: 411		accuracy = 0.5275999903678894
Training round: 412		accuracy = 0.5289000272750854
Training round: 413		accuracy = 0.3041999936103821
Training round: 414		accuracy = 0.4221000075340271
Training round: 415		accuracy = 0.49000000953674316
Training round: 416		accuracy = 0.4690000116825104
Training round: 417		accuracy = 0.4999000132083893
Training round: 418		accuracy = 0.4169999957084656
Training round: 419		accuracy = 0.29829999804496765
Training round: 420		accuracy = 0.29910001158714294
Training round: 421		accuracy = 0.49470001459121704
Training round: 422		accuracy = 0.42739999294281006
Training round: 423		accuracy = 0.4699999988079071
Training round: 424		accuracy = 0.3409999907016754
Training round: 425		accuracy = 0.5422999858856201
Training round: 426		accuracy = 0.5080999732017517
Training round: 427		accuracy = 0.5152000188827515
Training round: 428		accuracy = 0.41119998693466187
Training round: 429		accuracy = 0.4767000079154968
Training round: 430		accuracy = 0.49480000138282776
Training round: 431		accuracy = 0.559499979019165
Training round: 432		accuracy = 0.3619999885559082
Training round: 433		accuracy = 0.5170999765396118
Training round: 434		accuracy = 0.5430999994277954
Training round: 435		accuracy = 0.5625
Training round: 436		accuracy = 0.4424999952316284
Training round: 437		accuracy = 0.3091999888420105
Training round: 438		accuracy = 0.521399974822998
Training round: 439		accuracy = 0.5288000106811523
Training round: 440		accuracy = 0.35830000042915344
Training round: 441		accuracy = 0.49889999628067017
Training round: 442		accuracy = 0.5393999814987183
Training round: 443		accuracy = 0.536899983882904
Training round: 444		accuracy = 0.49459999799728394
Training round: 445		accuracy = 0.5278000235557556
Training round: 446		accuracy = 0.35260000824928284
Training round: 447		accuracy = 0.4625000059604645
Training round: 448		accuracy = 0.45570001006126404
Training round: 449		accuracy = 0.5149999856948853
Training round: 450		accuracy = 0.5579000115394592
Training round: 451		accuracy = 0.3626999855041504
Training round: 452		accuracy = 0.5031999945640564
Training round: 453		accuracy = 0.5044000148773193
Training round: 454		accuracy = 0.38999998569488525
Training round: 455		accuracy = 0.5200999975204468
Training round: 456		accuracy = 0.382999986410141
Training round: 457		accuracy = 0.5206999778747559
Training round: 458		accuracy = 0.5867000222206116
Training round: 459		accuracy = 0.5321000218391418
Training round: 460		accuracy = 0.5533999800682068
Training round: 461		accuracy = 0.5309000015258789
Training round: 462		accuracy = 0.5094000101089478
Training round: 463		accuracy = 0.4544000029563904
Training round: 464		accuracy = 0.5080999732017517
Training round: 465		accuracy = 0.397599995136261
Training round: 466		accuracy = 0.5360000133514404
Training round: 467		accuracy = 0.5602999925613403
Training round: 468		accuracy = 0.534600019454956
Training round: 469		accuracy = 0.531000018119812
Training round: 470		accuracy = 0.5839999914169312
Training round: 471		accuracy = 0.5027999877929688
Training round: 472		accuracy = 0.5533000230789185
Training round: 473		accuracy = 0.5515000224113464
Training round: 474		accuracy = 0.5289999842643738
Training round: 475		accuracy = 0.5336999893188477
Training round: 476		accuracy = 0.5697000026702881
Training round: 477		accuracy = 0.48420000076293945
Training round: 478		accuracy = 0.3926999866962433
Training round: 479		accuracy = 0.5123000144958496
Training round: 480		accuracy = 0.5029000043869019
Training round: 481		accuracy = 0.5357999801635742
Training round: 482		accuracy = 0.3912000060081482
Training round: 483		accuracy = 0.3052000105381012
Training round: 484		accuracy = 0.4011000096797943
Training round: 485		accuracy = 0.4009999930858612
Training round: 486		accuracy = 0.38359999656677246
Training round: 487		accuracy = 0.384799987077713
Training round: 488		accuracy = 0.36160001158714294
Training round: 489		accuracy = 0.36489999294281006
Training round: 490		accuracy = 0.3930000066757202
Training round: 491		accuracy = 0.511900007724762
Training round: 492		accuracy = 0.4880000054836273
Training round: 493		accuracy = 0.3587000072002411
Training round: 494		accuracy = 0.5109999775886536
Training round: 495		accuracy = 0.3668999969959259
Training round: 496		accuracy = 0.44279998540878296
Training round: 497		accuracy = 0.49889999628067017
Training round: 498		accuracy = 0.5044000148773193
Training round: 499		accuracy = 0.5745000243186951
Training round: 500		accuracy = 0.362199991941452
Training round: 501		accuracy = 0.3440000116825104
Training round: 502		accuracy = 0.5439000129699707
Training round: 503		accuracy = 0.37599998712539673
Training round: 504		accuracy = 0.4023999869823456
Training round: 505		accuracy = 0.5185999870300293
Training round: 506		accuracy = 0.5005999803543091
Training round: 507		accuracy = 0.5087000131607056
Training round: 508		accuracy = 0.5271999835968018
Training round: 509		accuracy = 0.4885999858379364
Training round: 510		accuracy = 0.510200023651123
Training round: 511		accuracy = 0.3968999981880188
Training round: 512		accuracy = 0.48890000581741333
Training round: 513		accuracy = 0.5698999762535095
Training round: 514		accuracy = 0.36890000104904175
Training round: 515		accuracy = 0.5406000018119812
Training round: 516		accuracy = 0.38589999079704285
Training round: 517		accuracy = 0.5182999968528748
Training round: 518		accuracy = 0.5095999836921692
Training round: 519		accuracy = 0.5058000087738037
Training round: 520		accuracy = 0.545799970626831
Training round: 521		accuracy = 0.5331000089645386
Training round: 522		accuracy = 0.4560999870300293
Training round: 523		accuracy = 0.5735999941825867
Training round: 524		accuracy = 0.4569999873638153
Training round: 525		accuracy = 0.527899980545044
Training round: 526		accuracy = 0.5318999886512756
Training round: 527		accuracy = 0.46950000524520874
Training round: 528		accuracy = 0.35920000076293945
Training round: 529		accuracy = 0.52920001745224
Training round: 530		accuracy = 0.453900009393692
Training round: 531		accuracy = 0.5263000130653381
Training round: 532		accuracy = 0.5605999827384949
Training round: 533		accuracy = 0.5569999814033508
Training round: 534		accuracy = 0.5394999980926514
Training round: 535		accuracy = 0.43059998750686646
Training round: 536		accuracy = 0.5569000244140625
Training round: 537		accuracy = 0.4814000129699707
Training round: 538		accuracy = 0.5490000247955322
Training round: 539		accuracy = 0.3959999978542328
Training round: 540		accuracy = 0.5489000082015991
Training round: 541		accuracy = 0.5654000043869019
Training round: 542		accuracy = 0.4043000042438507
Training round: 543		accuracy = 0.5911999940872192
Training round: 544		accuracy = 0.5038999915122986
Training round: 545		accuracy = 0.41440001130104065
Training round: 546		accuracy = 0.5490999817848206
Training round: 547		accuracy = 0.531000018119812
Training round: 548		accuracy = 0.36980000138282776
Training round: 549		accuracy = 0.5275999903678894
Training round: 550		accuracy = 0.4262999892234802
Training round: 551		accuracy = 0.5703999996185303
Training round: 552		accuracy = 0.515999972820282
Training round: 553		accuracy = 0.49149999022483826
Training round: 554		accuracy = 0.5439000129699707
Training round: 555		accuracy = 0.49140000343322754
Training round: 556		accuracy = 0.5372999906539917
Training round: 557		accuracy = 0.4140999913215637
Training round: 558		accuracy = 0.4099999964237213
Training round: 559		accuracy = 0.3978999853134155
Training round: 560		accuracy = 0.44920000433921814
Training round: 561		accuracy = 0.3352000117301941
Training round: 562		accuracy = 0.3246000111103058
Training round: 563		accuracy = 0.54830002784729
Training round: 564		accuracy = 0.42149999737739563
Training round: 565		accuracy = 0.5268999934196472
Training round: 566		accuracy = 0.5842000246047974
Training round: 567		accuracy = 0.5631999969482422
Training round: 568		accuracy = 0.5343000292778015
Training round: 569		accuracy = 0.5347999930381775
Training round: 570		accuracy = 0.4456999897956848
Training round: 571		accuracy = 0.4293000102043152
Training round: 572		accuracy = 0.5184999704360962
Training round: 573		accuracy = 0.39649999141693115
Training round: 574		accuracy = 0.5083000063896179
Training round: 575		accuracy = 0.5715000033378601
Training round: 576		accuracy = 0.510699987411499
Training round: 577		accuracy = 0.5108000040054321
Training round: 578		accuracy = 0.5081999897956848
Training round: 579		accuracy = 0.4059999883174896
Training round: 580		accuracy = 0.5601999759674072
Training round: 581		accuracy = 0.5490000247955322
Training round: 582		accuracy = 0.5447999835014343
Training round: 583		accuracy = 0.5199999809265137
Training round: 584		accuracy = 0.3790000081062317
Training round: 585		accuracy = 0.36899998784065247
Training round: 586		accuracy = 0.5730000138282776
Training round: 587		accuracy = 0.43639999628067017
Training round: 588		accuracy = 0.3734999895095825
Training round: 589		accuracy = 0.5120000243186951
Training round: 590		accuracy = 0.35179999470710754
Training round: 591		accuracy = 0.5454000234603882
Training round: 592		accuracy = 0.5677000284194946
Training round: 593		accuracy = 0.45239999890327454
Training round: 594		accuracy = 0.5920000076293945
Training round: 595		accuracy = 0.38420000672340393
Training round: 596		accuracy = 0.5236999988555908
Training round: 597		accuracy = 0.5320000052452087
Training round: 598		accuracy = 0.46860000491142273
Training round: 599		accuracy = 0.399399995803833
Training round: 600		accuracy = 0.5321999788284302
Training round: 601		accuracy = 0.532800018787384
Training round: 602		accuracy = 0.39309999346733093
Training round: 603		accuracy = 0.5424000024795532
Training round: 604		accuracy = 0.42289999127388
Training round: 605		accuracy = 0.539900004863739
Training round: 606		accuracy = 0.5878999829292297
Training round: 607		accuracy = 0.43369999527931213
Training round: 608		accuracy = 0.40230000019073486
Training round: 609		accuracy = 0.5238000154495239
Training round: 610		accuracy = 0.4596000015735626
Training round: 611		accuracy = 0.5717999935150146
Training round: 612		accuracy = 0.44279998540878296
Training round: 613		accuracy = 0.37599998712539673
Training round: 614		accuracy = 0.4171000123023987
Training round: 615		accuracy = 0.46639999747276306
Training round: 616		accuracy = 0.5717999935150146
Training round: 617		accuracy = 0.5110999941825867
Training round: 618		accuracy = 0.44369998574256897
Training round: 619		accuracy = 0.5421000123023987
Training round: 620		accuracy = 0.522599995136261
Training round: 621		accuracy = 0.5554999709129333
Training round: 622		accuracy = 0.5656999945640564
Training round: 623		accuracy = 0.5568000078201294
Training round: 624		accuracy = 0.5691999793052673
Training round: 625		accuracy = 0.5831000208854675
Training round: 626		accuracy = 0.5845999717712402
Training round: 627		accuracy = 0.5529000163078308
Training round: 628		accuracy = 0.5404999852180481
Training round: 629		accuracy = 0.3874000012874603
Training round: 630		accuracy = 0.5390999913215637
Training round: 631		accuracy = 0.5918999910354614
Training round: 632		accuracy = 0.4106999933719635
Training round: 633		accuracy = 0.5060999989509583
Training round: 634		accuracy = 0.5206999778747559
Training round: 635		accuracy = 0.5910999774932861
Training round: 636		accuracy = 0.570900022983551
Training round: 637		accuracy = 0.5654000043869019
Training round: 638		accuracy = 0.4514999985694885
Training round: 639		accuracy = 0.5830000042915344
Training round: 640		accuracy = 0.5626000165939331
Training round: 641		accuracy = 0.4260999858379364
Training round: 642		accuracy = 0.4341000020503998
Training round: 643		accuracy = 0.387800008058548
Training round: 644		accuracy = 0.5336999893188477
Training round: 645		accuracy = 0.5465999841690063
Training round: 646		accuracy = 0.4212999939918518
Training round: 647		accuracy = 0.4961000084877014
Training round: 648		accuracy = 0.5379999876022339
Training round: 649		accuracy = 0.4359999895095825
Training round: 650		accuracy = 0.5235000252723694
Training round: 651		accuracy = 0.5303999781608582
Training round: 652		accuracy = 0.5235999822616577
Training round: 653		accuracy = 0.41600000858306885
Training round: 654		accuracy = 0.43290001153945923
Training round: 655		accuracy = 0.52920001745224
Training round: 656		accuracy = 0.513700008392334
Training round: 657		accuracy = 0.5615000128746033
Training round: 658		accuracy = 0.5853999853134155
Training round: 659		accuracy = 0.5892000198364258
Training round: 660		accuracy = 0.5467000007629395
Training round: 661		accuracy = 0.42559999227523804
Training round: 662		accuracy = 0.5073000192642212
Training round: 663		accuracy = 0.5260999798774719
Training round: 664		accuracy = 0.5791000127792358
Training round: 665		accuracy = 0.5760999917984009
Training round: 666		accuracy = 0.5206000208854675
Training round: 667		accuracy = 0.3986000120639801
Training round: 668		accuracy = 0.3578000068664551
Training round: 669		accuracy = 0.5288000106811523
Training round: 670		accuracy = 0.5777000188827515
Training round: 671		accuracy = 0.4341999888420105
Training round: 672		accuracy = 0.49709999561309814
Training round: 673		accuracy = 0.52920001745224
Training round: 674		accuracy = 0.4205000102519989
Training round: 675		accuracy = 0.5806999802589417
Training round: 676		accuracy = 0.5379999876022339
Training round: 677		accuracy = 0.5676000118255615
Training round: 678		accuracy = 0.5257999897003174
Training round: 679		accuracy = 0.5867000222206116
Training round: 680		accuracy = 0.5494999885559082
Training round: 681		accuracy = 0.5835000276565552
Training round: 682		accuracy = 0.5509999990463257
Training round: 683		accuracy = 0.5073999762535095
Training round: 684		accuracy = 0.5073000192642212
Training round: 685		accuracy = 0.5108000040054321
Training round: 686		accuracy = 0.4587000012397766
Training round: 687		accuracy = 0.4271000027656555
Training round: 688		accuracy = 0.4943999946117401
Training round: 689		accuracy = 0.3822999894618988
Training round: 690		accuracy = 0.4779999852180481
Training round: 691		accuracy = 0.5478000044822693
Training round: 692		accuracy = 0.45080000162124634
Training round: 693		accuracy = 0.42570000886917114
Training round: 694		accuracy = 0.5429999828338623
Training round: 695		accuracy = 0.51910001039505
Training round: 696		accuracy = 0.391400009393692
Training round: 697		accuracy = 0.385699987411499
Training round: 698		accuracy = 0.5745000243186951
Training round: 699		accuracy = 0.40400001406669617
Training round: 700		accuracy = 0.5443000197410583
Training round: 701		accuracy = 0.40540000796318054
Training round: 702		accuracy = 0.4505000114440918
Training round: 703		accuracy = 0.52920001745224
Training round: 704		accuracy = 0.4401000142097473
Training round: 705		accuracy = 0.5547999739646912
Training round: 706		accuracy = 0.5676000118255615
Training round: 707		accuracy = 0.5741999745368958
Training round: 708		accuracy = 0.550000011920929
Training round: 709		accuracy = 0.44179999828338623
Training round: 710		accuracy = 0.5461999773979187
Training round: 711		accuracy = 0.6161999702453613
Training round: 712		accuracy = 0.5392000079154968
Training round: 713		accuracy = 0.5831999778747559
Training round: 714		accuracy = 0.4503999948501587
Training round: 715		accuracy = 0.5282999873161316
Training round: 716		accuracy = 0.5756000280380249
Training round: 717		accuracy = 0.4869999885559082
Training round: 718		accuracy = 0.589900016784668
Training round: 719		accuracy = 0.5340999960899353
Training round: 720		accuracy = 0.5494999885559082
Training round: 721		accuracy = 0.5297999978065491
Training round: 722		accuracy = 0.5450999736785889
Training round: 723		accuracy = 0.5550000071525574
Training round: 724		accuracy = 0.4165000021457672
Training round: 725		accuracy = 0.5562999844551086
Training round: 726		accuracy = 0.5432000160217285
Training round: 727		accuracy = 0.40380001068115234
Training round: 728		accuracy = 0.5371000170707703
Training round: 729		accuracy = 0.5900999903678894
Training round: 730		accuracy = 0.5927000045776367
Training round: 731		accuracy = 0.5799000263214111
Training round: 732		accuracy = 0.5490999817848206
Training round: 733		accuracy = 0.5375999808311462
Training round: 734		accuracy = 0.5040000081062317
Training round: 735		accuracy = 0.5914999842643738
Training round: 736		accuracy = 0.5051000118255615
Training round: 737		accuracy = 0.611299991607666
Training round: 738		accuracy = 0.579800009727478
Training round: 739		accuracy = 0.4417000114917755
Training round: 740		accuracy = 0.5600000023841858
Training round: 741		accuracy = 0.4830999970436096
Training round: 742		accuracy = 0.5471000075340271
Training round: 743		accuracy = 0.550599992275238
Training round: 744		accuracy = 0.4350999891757965
Training round: 745		accuracy = 0.5128999948501587
Training round: 746		accuracy = 0.590399980545044
Training round: 747		accuracy = 0.46299999952316284
Training round: 748		accuracy = 0.3847000002861023
Training round: 749		accuracy = 0.5669000148773193
Training round: 750		accuracy = 0.5730000138282776
Training round: 751		accuracy = 0.544700026512146
Training round: 752		accuracy = 0.5475999712944031
Training round: 753		accuracy = 0.5480999946594238
Training round: 754		accuracy = 0.5666000247001648
Training round: 755		accuracy = 0.5982999801635742
Training round: 756		accuracy = 0.4823000133037567
Training round: 757		accuracy = 0.4553999900817871
Training round: 758		accuracy = 0.5428000092506409
Training round: 759		accuracy = 0.4422999918460846
Training round: 760		accuracy = 0.5339000225067139
Training round: 761		accuracy = 0.5694000124931335
Training round: 762		accuracy = 0.5407000184059143
Training round: 763		accuracy = 0.542900025844574
Training round: 764		accuracy = 0.52920001745224
Training round: 765		accuracy = 0.47290000319480896
Training round: 766		accuracy = 0.5630999803543091
Training round: 767		accuracy = 0.5709999799728394
Training round: 768		accuracy = 0.5922999978065491
Training round: 769		accuracy = 0.47850000858306885
Training round: 770		accuracy = 0.5450000166893005
Training round: 771		accuracy = 0.5583000183105469
Training round: 772		accuracy = 0.5430999994277954
Training round: 773		accuracy = 0.4887000024318695
Training round: 774		accuracy = 0.6043000221252441
Training round: 775		accuracy = 0.5916000008583069
Training round: 776		accuracy = 0.48649999499320984
Training round: 777		accuracy = 0.6140000224113464
Training round: 778		accuracy = 0.6107000112533569
Training round: 779		accuracy = 0.5123000144958496
Training round: 780		accuracy = 0.40880000591278076
Training round: 781		accuracy = 0.5631999969482422
Training round: 782		accuracy = 0.5838000178337097
Training round: 783		accuracy = 0.6000999808311462
Training round: 784		accuracy = 0.4821999967098236
Training round: 785		accuracy = 0.46959999203681946
Training round: 786		accuracy = 0.42089998722076416
Training round: 787		accuracy = 0.5788999795913696
Training round: 788		accuracy = 0.5677000284194946
Training round: 789		accuracy = 0.4797999858856201
Training round: 790		accuracy = 0.5486000180244446
Training round: 791		accuracy = 0.48429998755455017
Training round: 792		accuracy = 0.46560001373291016
Training round: 793		accuracy = 0.5601999759674072
Training round: 794		accuracy = 0.39590001106262207
Training round: 795		accuracy = 0.3921000063419342
Training round: 796		accuracy = 0.35370001196861267
Training round: 797		accuracy = 0.5511000156402588
Training round: 798		accuracy = 0.6171000003814697
Training round: 799		accuracy = 0.557699978351593
Training round: 800		accuracy = 0.5769000053405762
Training round: 801		accuracy = 0.5343999862670898
Training round: 802		accuracy = 0.5230000019073486
Training round: 803		accuracy = 0.6036999821662903
Training round: 804		accuracy = 0.5526000261306763
Training round: 805		accuracy = 0.5741000175476074
Training round: 806		accuracy = 0.5566999912261963
Training round: 807		accuracy = 0.396699994802475
Training round: 808		accuracy = 0.5192999839782715
Training round: 809		accuracy = 0.6220999956130981
Training round: 810		accuracy = 0.617900013923645
Training round: 811		accuracy = 0.5515999794006348
Training round: 812		accuracy = 0.5918999910354614
Training round: 813		accuracy = 0.5945000052452087
Training round: 814		accuracy = 0.5178999900817871
Training round: 815		accuracy = 0.4659999907016754
Training round: 816		accuracy = 0.4390000104904175
Training round: 817		accuracy = 0.597599983215332
Training round: 818		accuracy = 0.4878999888896942
Training round: 819		accuracy = 0.5565999746322632
Training round: 820		accuracy = 0.5507000088691711
Training round: 821		accuracy = 0.41600000858306885
Training round: 822		accuracy = 0.4580000042915344
Training round: 823		accuracy = 0.5565999746322632
Training round: 824		accuracy = 0.5544000267982483
Training round: 825		accuracy = 0.4871000051498413
Training round: 826		accuracy = 0.5493000149726868
Training round: 827		accuracy = 0.5627999901771545
Training round: 828		accuracy = 0.546500027179718
Training round: 829		accuracy = 0.48249998688697815
Training round: 830		accuracy = 0.5677000284194946
Training round: 831		accuracy = 0.5703999996185303
Training round: 832		accuracy = 0.590499997138977
Training round: 833		accuracy = 0.5468999743461609
Training round: 834		accuracy = 0.5329999923706055
Training round: 835		accuracy = 0.49959999322891235
Training round: 836		accuracy = 0.42399999499320984
Training round: 837		accuracy = 0.47269999980926514
Training round: 838		accuracy = 0.5618000030517578
Training round: 839		accuracy = 0.578000009059906
Training round: 840		accuracy = 0.4255000054836273
Training round: 841		accuracy = 0.4074999988079071
Training round: 842		accuracy = 0.40139999985694885
Training round: 843		accuracy = 0.5540000200271606
Training round: 844		accuracy = 0.4611000120639801
Training round: 845		accuracy = 0.5498999953269958
Training round: 846		accuracy = 0.5145999789237976
Training round: 847		accuracy = 0.5927000045776367
Training round: 848		accuracy = 0.6078000068664551
Training round: 849		accuracy = 0.4471000134944916
Training round: 850		accuracy = 0.5788000226020813
Training round: 851		accuracy = 0.5745000243186951
Training round: 852		accuracy = 0.567799985408783
Training round: 853		accuracy = 0.5654000043869019
Training round: 854		accuracy = 0.510200023651123
Training round: 855		accuracy = 0.5723000168800354
Training round: 856		accuracy = 0.47769999504089355
Training round: 857		accuracy = 0.5555999875068665
Training round: 858		accuracy = 0.4632999897003174
Training round: 859		accuracy = 0.5138999819755554
Training round: 860		accuracy = 0.5644000172615051
Training round: 861		accuracy = 0.5958999991416931
Training round: 862		accuracy = 0.6103000044822693
Training round: 863		accuracy = 0.60589998960495
Training round: 864		accuracy = 0.5146999955177307
Training round: 865		accuracy = 0.5683000087738037
Training round: 866		accuracy = 0.5526000261306763
Training round: 867		accuracy = 0.5422999858856201
Training round: 868		accuracy = 0.4345000088214874
Training round: 869		accuracy = 0.6085000038146973
Training round: 870		accuracy = 0.48019999265670776
Training round: 871		accuracy = 0.4731000065803528
Training round: 872		accuracy = 0.4724000096321106
Training round: 873		accuracy = 0.5267000198364258
Training round: 874		accuracy = 0.4147000014781952
Training round: 875		accuracy = 0.4625000059604645
Training round: 876		accuracy = 0.42899999022483826
Training round: 877		accuracy = 0.5139999985694885
Training round: 878		accuracy = 0.5328999757766724
Training round: 879		accuracy = 0.5659000277519226
Training round: 880		accuracy = 0.5673999786376953
Training round: 881		accuracy = 0.5022000074386597
Training round: 882		accuracy = 0.5640000104904175
Training round: 883		accuracy = 0.44119998812675476
Training round: 884		accuracy = 0.4343999922275543
Training round: 885		accuracy = 0.5608000159263611
Training round: 886		accuracy = 0.5285000205039978
Training round: 887		accuracy = 0.5353999733924866
Training round: 888		accuracy = 0.5683000087738037
Training round: 889		accuracy = 0.5867000222206116
Training round: 890		accuracy = 0.5939000248908997
Training round: 891		accuracy = 0.5734999775886536
Training round: 892		accuracy = 0.5620999932289124
Training round: 893		accuracy = 0.5045999884605408
Training round: 894		accuracy = 0.5217999815940857
Training round: 895		accuracy = 0.6057000160217285
Training round: 896		accuracy = 0.5055000185966492
Training round: 897		accuracy = 0.45969998836517334
Training round: 898		accuracy = 0.5400000214576721
Training round: 899		accuracy = 0.5734000205993652
Training round: 900		accuracy = 0.44839999079704285
Training round: 901		accuracy = 0.5547999739646912
Training round: 902		accuracy = 0.5133000016212463
Training round: 903		accuracy = 0.5519999861717224
Training round: 904		accuracy = 0.5537999868392944
Training round: 905		accuracy = 0.5842999815940857
Training round: 906		accuracy = 0.6032000184059143
Training round: 907		accuracy = 0.5884000062942505
Training round: 908		accuracy = 0.5666999816894531
Training round: 909		accuracy = 0.4666000008583069
Training round: 910		accuracy = 0.6141999959945679
Training round: 911		accuracy = 0.6080999970436096
Training round: 912		accuracy = 0.6011999845504761
Training round: 913		accuracy = 0.45579999685287476
Training round: 914		accuracy = 0.5175999999046326
Training round: 915		accuracy = 0.4641000032424927
Training round: 916		accuracy = 0.6064000129699707
Training round: 917		accuracy = 0.5812000036239624
Training round: 918		accuracy = 0.5835000276565552
Training round: 919		accuracy = 0.6208999752998352
Training round: 920		accuracy = 0.5920000076293945
Training round: 921		accuracy = 0.5170999765396118
Training round: 922		accuracy = 0.5555999875068665
Training round: 923		accuracy = 0.4918000102043152
Training round: 924		accuracy = 0.5701000094413757
Training round: 925		accuracy = 0.4973999857902527
Training round: 926		accuracy = 0.5863999724388123
Training round: 927		accuracy = 0.5077999830245972
Training round: 928		accuracy = 0.5648999810218811
Training round: 929		accuracy = 0.5464000105857849
Training round: 930		accuracy = 0.580299973487854
Training round: 931		accuracy = 0.6118000149726868
Training round: 932		accuracy = 0.593500018119812
Training round: 933		accuracy = 0.590499997138977
Training round: 934		accuracy = 0.5539000034332275
Training round: 935		accuracy = 0.5164999961853027
Training round: 936		accuracy = 0.5659999847412109
Training round: 937		accuracy = 0.5189999938011169
Training round: 938		accuracy = 0.41659998893737793
Training round: 939		accuracy = 0.5558000206947327
Training round: 940		accuracy = 0.5683000087738037
Training round: 941		accuracy = 0.5568000078201294
Training round: 942		accuracy = 0.5803999900817871
Training round: 943		accuracy = 0.5670999884605408
Training round: 944		accuracy = 0.5616000294685364
Training round: 945		accuracy = 0.4456999897956848
Training round: 946		accuracy = 0.5773000121116638
Training round: 947		accuracy = 0.5723000168800354
Training round: 948		accuracy = 0.5612999796867371
Training round: 949		accuracy = 0.5932999849319458
Training round: 950		accuracy = 0.5285999774932861
Training round: 951		accuracy = 0.6053000092506409
Training round: 952		accuracy = 0.5777000188827515
Training round: 953		accuracy = 0.572700023651123
Training round: 954		accuracy = 0.6187999844551086
Training round: 955		accuracy = 0.5781999826431274
Training round: 956		accuracy = 0.4993000030517578
Training round: 957		accuracy = 0.5946999788284302
Training round: 958		accuracy = 0.44679999351501465
Training round: 959		accuracy = 0.5324000120162964
Training round: 960		accuracy = 0.5339000225067139
Training round: 961		accuracy = 0.5906000137329102
Training round: 962		accuracy = 0.5619999766349792
Training round: 963		accuracy = 0.5737000107765198
Training round: 964		accuracy = 0.5879999995231628
Training round: 965		accuracy = 0.5835000276565552
Training round: 966		accuracy = 0.49810001254081726
Training round: 967		accuracy = 0.48579999804496765
Training round: 968		accuracy = 0.4758000075817108
Training round: 969		accuracy = 0.5917999744415283
Training round: 970		accuracy = 0.5056999921798706
Training round: 971		accuracy = 0.46700000762939453
Training round: 972		accuracy = 0.5407999753952026
Training round: 973		accuracy = 0.5863999724388123
Training round: 974		accuracy = 0.6111999750137329
Training round: 975		accuracy = 0.6022999882698059
Training round: 976		accuracy = 0.5916000008583069
Training round: 977		accuracy = 0.5238999724388123
Training round: 978		accuracy = 0.43619999289512634
Training round: 979		accuracy = 0.53329998254776
Training round: 980		accuracy = 0.5498999953269958
Training round: 981		accuracy = 0.5685999989509583
Training round: 982		accuracy = 0.6064000129699707
Training round: 983		accuracy = 0.5979999899864197
Training round: 984		accuracy = 0.5911999940872192
Training round: 985		accuracy = 0.5717999935150146
Training round: 986		accuracy = 0.5864999890327454
Training round: 987		accuracy = 0.6003999710083008
Training round: 988		accuracy = 0.6014000177383423
Training round: 989		accuracy = 0.45579999685287476
Training round: 990		accuracy = 0.5871000289916992
Training round: 991		accuracy = 0.604200005531311
Training round: 992		accuracy = 0.5318999886512756
Training round: 993		accuracy = 0.5471000075340271
Training round: 994		accuracy = 0.5843999981880188
Training round: 995		accuracy = 0.5242999792098999
Training round: 996		accuracy = 0.5824000239372253
Training round: 997		accuracy = 0.5676000118255615
Training round: 998		accuracy = 0.46050000190734863
Training round: 999		accuracy = 0.5198000073432922
Training round: 1000		accuracy = 0.4049000144004822
Training duration 11279.308632135391
