2021-08-12 23:02:07.076271: I tensorflow/stream_executor/platform/default/dso_loader.cc:49] Successfully opened dynamic library libcudart.so.11.0
2021-08-12 23:02:20.716342: I tensorflow/compiler/jit/xla_cpu_device.cc:41] Not creating XLA devices, tf_xla_enable_xla_devices not set
2021-08-12 23:02:20.718804: I tensorflow/stream_executor/platform/default/dso_loader.cc:49] Successfully opened dynamic library libcuda.so.1
2021-08-12 23:02:20.759679: I tensorflow/core/common_runtime/gpu/gpu_device.cc:1720] Found device 0 with properties: 
pciBusID: 0000:03:00.0 name: Tesla P100-PCIE-12GB computeCapability: 6.0
coreClock: 1.3285GHz coreCount: 56 deviceMemorySize: 11.91GiB deviceMemoryBandwidth: 511.41GiB/s
2021-08-12 23:02:20.759839: I tensorflow/stream_executor/platform/default/dso_loader.cc:49] Successfully opened dynamic library libcudart.so.11.0
2021-08-12 23:02:20.766568: I tensorflow/stream_executor/platform/default/dso_loader.cc:49] Successfully opened dynamic library libcublas.so.11
2021-08-12 23:02:20.766719: I tensorflow/stream_executor/platform/default/dso_loader.cc:49] Successfully opened dynamic library libcublasLt.so.11
2021-08-12 23:02:20.771235: I tensorflow/stream_executor/platform/default/dso_loader.cc:49] Successfully opened dynamic library libcufft.so.10
2021-08-12 23:02:20.773644: I tensorflow/stream_executor/platform/default/dso_loader.cc:49] Successfully opened dynamic library libcurand.so.10
2021-08-12 23:02:20.782085: I tensorflow/stream_executor/platform/default/dso_loader.cc:49] Successfully opened dynamic library libcusolver.so.10
2021-08-12 23:02:20.784272: I tensorflow/stream_executor/platform/default/dso_loader.cc:49] Successfully opened dynamic library libcusparse.so.11
2021-08-12 23:02:20.785035: I tensorflow/stream_executor/platform/default/dso_loader.cc:49] Successfully opened dynamic library libcudnn.so.8
2021-08-12 23:02:20.789209: I tensorflow/core/common_runtime/gpu/gpu_device.cc:1862] Adding visible gpu devices: 0
2021-08-12 23:02:20.794586: I tensorflow/core/platform/cpu_feature_guard.cc:142] This TensorFlow binary is optimized with oneAPI Deep Neural Network Library (oneDNN) to use the following CPU instructions in performance-critical operations:  AVX2 FMA
To enable them in other operations, rebuild TensorFlow with the appropriate compiler flags.
2021-08-12 23:02:20.794916: I tensorflow/compiler/jit/xla_gpu_device.cc:99] Not creating XLA devices, tf_xla_enable_xla_devices not set
2021-08-12 23:02:20.797954: I tensorflow/core/common_runtime/gpu/gpu_device.cc:1720] Found device 0 with properties: 
pciBusID: 0000:03:00.0 name: Tesla P100-PCIE-12GB computeCapability: 6.0
coreClock: 1.3285GHz coreCount: 56 deviceMemorySize: 11.91GiB deviceMemoryBandwidth: 511.41GiB/s
2021-08-12 23:02:20.798139: I tensorflow/stream_executor/platform/default/dso_loader.cc:49] Successfully opened dynamic library libcudart.so.11.0
2021-08-12 23:02:20.798226: I tensorflow/stream_executor/platform/default/dso_loader.cc:49] Successfully opened dynamic library libcublas.so.11
2021-08-12 23:02:20.798309: I tensorflow/stream_executor/platform/default/dso_loader.cc:49] Successfully opened dynamic library libcublasLt.so.11
2021-08-12 23:02:20.798383: I tensorflow/stream_executor/platform/default/dso_loader.cc:49] Successfully opened dynamic library libcufft.so.10
2021-08-12 23:02:20.798471: I tensorflow/stream_executor/platform/default/dso_loader.cc:49] Successfully opened dynamic library libcurand.so.10
2021-08-12 23:02:20.798545: I tensorflow/stream_executor/platform/default/dso_loader.cc:49] Successfully opened dynamic library libcusolver.so.10
2021-08-12 23:02:20.798637: I tensorflow/stream_executor/platform/default/dso_loader.cc:49] Successfully opened dynamic library libcusparse.so.11
2021-08-12 23:02:20.798794: I tensorflow/stream_executor/platform/default/dso_loader.cc:49] Successfully opened dynamic library libcudnn.so.8
2021-08-12 23:02:20.804494: I tensorflow/core/common_runtime/gpu/gpu_device.cc:1862] Adding visible gpu devices: 0
2021-08-12 23:02:20.804673: I tensorflow/stream_executor/platform/default/dso_loader.cc:49] Successfully opened dynamic library libcudart.so.11.0
2021-08-12 23:02:21.895348: I tensorflow/core/common_runtime/gpu/gpu_device.cc:1261] Device interconnect StreamExecutor with strength 1 edge matrix:
2021-08-12 23:02:21.895490: I tensorflow/core/common_runtime/gpu/gpu_device.cc:1267]      0 
2021-08-12 23:02:21.895599: I tensorflow/core/common_runtime/gpu/gpu_device.cc:1280] 0:   N 
2021-08-12 23:02:21.898692: I tensorflow/core/common_runtime/gpu/gpu_device.cc:1406] Created TensorFlow device (/job:localhost/replica:0/task:0/device:GPU:0 with 11119 MB memory) -> physical GPU (device: 0, name: Tesla P100-PCIE-12GB, pci bus id: 0000:03:00.0, compute capability: 6.0)
2021-08-12 23:02:22.626472: I tensorflow/compiler/mlir/mlir_graph_optimization_pass.cc:116] None of the MLIR optimization passes are enabled (registered 2)
2021-08-12 23:02:22.636216: I tensorflow/core/platform/profile_utils/cpu_utils.cc:112] CPU Frequency: 2200015000 Hz
2021-08-12 23:02:23.259920: I tensorflow/stream_executor/platform/default/dso_loader.cc:49] Successfully opened dynamic library libcublas.so.11
2021-08-12 23:02:23.594649: I tensorflow/stream_executor/platform/default/dso_loader.cc:49] Successfully opened dynamic library libcublasLt.so.11
2021-08-12 23:02:23.601728: I tensorflow/stream_executor/platform/default/dso_loader.cc:49] Successfully opened dynamic library libcudnn.so.8
2021-08-12 23:02:25.303964: W tensorflow/stream_executor/gpu/asm_compiler.cc:63] Running ptxas --version returned 256
2021-08-12 23:02:25.365300: W tensorflow/stream_executor/gpu/redzone_allocator.cc:314] Internal: ptxas exited with non-zero error code 256, output: 
Relying on driver to perform ptx compilation. 
Modify $PATH to customize ptxas location.
This message will be only logged once.
Training round: 1		accuracy = 0.10779999941587448
Training round: 2		accuracy = 0.13680000603199005
Training round: 3		accuracy = 0.17110000550746918
Training round: 4		accuracy = 0.10890000313520432
Training round: 5		accuracy = 0.15060000121593475
Training round: 6		accuracy = 0.1023000031709671
Training round: 7		accuracy = 0.19740000367164612
Training round: 8		accuracy = 0.1890999972820282
Training round: 9		accuracy = 0.1932000070810318
Training round: 10		accuracy = 0.20839999616146088
Training round: 11		accuracy = 0.20059999823570251
Training round: 12		accuracy = 0.18299999833106995
Training round: 13		accuracy = 0.16920000314712524
Training round: 14		accuracy = 0.20569999516010284
Training round: 15		accuracy = 0.17339999973773956
Training round: 16		accuracy = 0.1889999955892563
Training round: 17		accuracy = 0.25220000743865967
Training round: 18		accuracy = 0.20059999823570251
Training round: 19		accuracy = 0.2402999997138977
Training round: 20		accuracy = 0.18019999563694
Training round: 21		accuracy = 0.21690000593662262
Training round: 22		accuracy = 0.25440001487731934
Training round: 23		accuracy = 0.21539999544620514
Training round: 24		accuracy = 0.2786000072956085
Training round: 25		accuracy = 0.2770000100135803
Training round: 26		accuracy = 0.25220000743865967
Training round: 27		accuracy = 0.29660001397132874
Training round: 28		accuracy = 0.23160000145435333
Training round: 29		accuracy = 0.30410000681877136
Training round: 30		accuracy = 0.30230000615119934
Training round: 31		accuracy = 0.2637999951839447
Training round: 32		accuracy = 0.27059999108314514
Training round: 33		accuracy = 0.2572000026702881
Training round: 34		accuracy = 0.20029999315738678
Training round: 35		accuracy = 0.23520000278949738
Training round: 36		accuracy = 0.23479999601840973
Training round: 37		accuracy = 0.28870001435279846
Training round: 38		accuracy = 0.1678999960422516
Training round: 39		accuracy = 0.16910000145435333
Training round: 40		accuracy = 0.25609999895095825
Training round: 41		accuracy = 0.3149000108242035
Training round: 42		accuracy = 0.3377000093460083
Training round: 43		accuracy = 0.24619999527931213
Training round: 44		accuracy = 0.2386000007390976
Training round: 45		accuracy = 0.2337999939918518
Training round: 46		accuracy = 0.3262999951839447
Training round: 47		accuracy = 0.23800000548362732
Training round: 48		accuracy = 0.24279999732971191
Training round: 49		accuracy = 0.36239999532699585
Training round: 50		accuracy = 0.32109999656677246
Training round: 51		accuracy = 0.29660001397132874
Training round: 52		accuracy = 0.31529998779296875
Training round: 53		accuracy = 0.3154999911785126
Training round: 54		accuracy = 0.2922999858856201
Training round: 55		accuracy = 0.3192000091075897
Training round: 56		accuracy = 0.3037000000476837
Training round: 57		accuracy = 0.36899998784065247
Training round: 58		accuracy = 0.27489998936653137
Training round: 59		accuracy = 0.26589998602867126
Training round: 60		accuracy = 0.29660001397132874
Training round: 61		accuracy = 0.33090001344680786
Training round: 62		accuracy = 0.2517000138759613
Training round: 63		accuracy = 0.2522999942302704
Training round: 64		accuracy = 0.38839998841285706
Training round: 65		accuracy = 0.398499995470047
Training round: 66		accuracy = 0.33160001039505005
Training round: 67		accuracy = 0.3084000051021576
Training round: 68		accuracy = 0.414000004529953
Training round: 69		accuracy = 0.28630000352859497
Training round: 70		accuracy = 0.3837999999523163
Training round: 71		accuracy = 0.39739999175071716
Training round: 72		accuracy = 0.34950000047683716
Training round: 73		accuracy = 0.4101000130176544
Training round: 74		accuracy = 0.39079999923706055
Training round: 75		accuracy = 0.27090001106262207
Training round: 76		accuracy = 0.23960000276565552
Training round: 77		accuracy = 0.33730000257492065
Training round: 78		accuracy = 0.37049999833106995
Training round: 79		accuracy = 0.4020000100135803
Training round: 80		accuracy = 0.3971000015735626
Training round: 81		accuracy = 0.3522000014781952
Training round: 82		accuracy = 0.3880000114440918
Training round: 83		accuracy = 0.3452000021934509
Training round: 84		accuracy = 0.45179998874664307
Training round: 85		accuracy = 0.2994999885559082
Training round: 86		accuracy = 0.41929998993873596
Training round: 87		accuracy = 0.32249999046325684
Training round: 88		accuracy = 0.3882000148296356
Training round: 89		accuracy = 0.40560001134872437
Training round: 90		accuracy = 0.3926999866962433
Training round: 91		accuracy = 0.3490000069141388
Training round: 92		accuracy = 0.39559999108314514
Training round: 93		accuracy = 0.4122999906539917
Training round: 94		accuracy = 0.45170000195503235
Training round: 95		accuracy = 0.4205000102519989
Training round: 96		accuracy = 0.3903000056743622
Training round: 97		accuracy = 0.34060001373291016
Training round: 98		accuracy = 0.4374000132083893
Training round: 99		accuracy = 0.3407000005245209
Training round: 100		accuracy = 0.4009000062942505
Training round: 101		accuracy = 0.3785000145435333
Training round: 102		accuracy = 0.3513000011444092
Training round: 103		accuracy = 0.4584999978542328
Training round: 104		accuracy = 0.3831000030040741
Training round: 105		accuracy = 0.4959999918937683
Training round: 106		accuracy = 0.4309999942779541
Training round: 107		accuracy = 0.46549999713897705
Training round: 108		accuracy = 0.45579999685287476
Training round: 109		accuracy = 0.4099000096321106
Training round: 110		accuracy = 0.42649999260902405
Training round: 111		accuracy = 0.4634999930858612
Training round: 112		accuracy = 0.4068000018596649
Training round: 113		accuracy = 0.42489999532699585
Training round: 114		accuracy = 0.4065999984741211
Training round: 115		accuracy = 0.4180999994277954
Training round: 116		accuracy = 0.47780001163482666
Training round: 117		accuracy = 0.4325999915599823
Training round: 118		accuracy = 0.40619999170303345
Training round: 119		accuracy = 0.4307999908924103
Training round: 120		accuracy = 0.41620001196861267
Training round: 121		accuracy = 0.44999998807907104
Training round: 122		accuracy = 0.43299999833106995
Training round: 123		accuracy = 0.3675000071525574
Training round: 124		accuracy = 0.4970000088214874
Training round: 125		accuracy = 0.4700999855995178
Training round: 126		accuracy = 0.4296000003814697
Training round: 127		accuracy = 0.4706999957561493
Training round: 128		accuracy = 0.41130000352859497
Training round: 129		accuracy = 0.4309000074863434
Training round: 130		accuracy = 0.4700999855995178
Training round: 131		accuracy = 0.3749000132083893
Training round: 132		accuracy = 0.39160001277923584
Training round: 133		accuracy = 0.4320000112056732
Training round: 134		accuracy = 0.49059998989105225
Training round: 135		accuracy = 0.4528000056743622
Training round: 136		accuracy = 0.4043000042438507
Training round: 137		accuracy = 0.5126000046730042
Training round: 138		accuracy = 0.43149998784065247
Training round: 139		accuracy = 0.5134999752044678
Training round: 140		accuracy = 0.5293999910354614
Training round: 141		accuracy = 0.47049999237060547
Training round: 142		accuracy = 0.429500013589859
Training round: 143		accuracy = 0.35339999198913574
Training round: 144		accuracy = 0.44749999046325684
Training round: 145		accuracy = 0.44449999928474426
Training round: 146		accuracy = 0.46790000796318054
Training round: 147		accuracy = 0.4359000027179718
Training round: 148		accuracy = 0.4941999912261963
Training round: 149		accuracy = 0.4343000054359436
Training round: 150		accuracy = 0.49900001287460327
Training round: 151		accuracy = 0.5299000144004822
Training round: 152		accuracy = 0.5281999707221985
Training round: 153		accuracy = 0.47769999504089355
Training round: 154		accuracy = 0.567799985408783
Training round: 155		accuracy = 0.5275999903678894
Training round: 156		accuracy = 0.483599990606308
Training round: 157		accuracy = 0.46000000834465027
Training round: 158		accuracy = 0.4481000006198883
Training round: 159		accuracy = 0.5031999945640564
Training round: 160		accuracy = 0.4392000138759613
Training round: 161		accuracy = 0.4828999936580658
Training round: 162		accuracy = 0.5422000288963318
Training round: 163		accuracy = 0.46239998936653137
Training round: 164		accuracy = 0.4927999973297119
Training round: 165		accuracy = 0.4699999988079071
Training round: 166		accuracy = 0.4957999885082245
Training round: 167		accuracy = 0.5066999793052673
Training round: 168		accuracy = 0.3912000060081482
Training round: 169		accuracy = 0.44110000133514404
Training round: 170		accuracy = 0.49720001220703125
Training round: 171		accuracy = 0.5392000079154968
Training round: 172		accuracy = 0.4964999854564667
Training round: 173		accuracy = 0.5095999836921692
Training round: 174		accuracy = 0.5153999924659729
Training round: 175		accuracy = 0.4788999855518341
Training round: 176		accuracy = 0.5633999705314636
Training round: 177		accuracy = 0.5041000247001648
Training round: 178		accuracy = 0.4586000144481659
Training round: 179		accuracy = 0.461899995803833
Training round: 180		accuracy = 0.5304999947547913
Training round: 181		accuracy = 0.46209999918937683
Training round: 182		accuracy = 0.43689998984336853
Training round: 183		accuracy = 0.5156999826431274
Training round: 184		accuracy = 0.5728999972343445
Training round: 185		accuracy = 0.40450000762939453
Training round: 186		accuracy = 0.43799999356269836
Training round: 187		accuracy = 0.5212000012397766
Training round: 188		accuracy = 0.5157999992370605
Training round: 189		accuracy = 0.5691999793052673
Training round: 190		accuracy = 0.49959999322891235
Training round: 191		accuracy = 0.5626000165939331
Training round: 192		accuracy = 0.46700000762939453
Training round: 193		accuracy = 0.501800000667572
Training round: 194		accuracy = 0.4715000092983246
Training round: 195		accuracy = 0.4977000057697296
Training round: 196		accuracy = 0.6029000282287598
Training round: 197		accuracy = 0.5314000248908997
Training round: 198		accuracy = 0.4424999952316284
Training round: 199		accuracy = 0.5120999813079834
Training round: 200		accuracy = 0.43320000171661377
Training round: 201		accuracy = 0.4259999990463257
Training round: 202		accuracy = 0.4742000102996826
Training round: 203		accuracy = 0.43220001459121704
Training round: 204		accuracy = 0.5442000031471252
Training round: 205		accuracy = 0.5041999816894531
Training round: 206		accuracy = 0.5819000005722046
Training round: 207		accuracy = 0.5949000120162964
Training round: 208		accuracy = 0.5242999792098999
Training round: 209		accuracy = 0.47859999537467957
Training round: 210		accuracy = 0.597100019454956
Training round: 211		accuracy = 0.5335999727249146
Training round: 212		accuracy = 0.5439000129699707
Training round: 213		accuracy = 0.4675999879837036
Training round: 214		accuracy = 0.5893999934196472
Training round: 215		accuracy = 0.5916000008583069
Training round: 216		accuracy = 0.5121999979019165
Training round: 217		accuracy = 0.5072000026702881
Training round: 218		accuracy = 0.4893999993801117
Training round: 219		accuracy = 0.44130000472068787
Training round: 220		accuracy = 0.5404000282287598
Training round: 221		accuracy = 0.5152999758720398
Training round: 222		accuracy = 0.5076000094413757
Training round: 223		accuracy = 0.5177000164985657
Training round: 224		accuracy = 0.6018999814987183
Training round: 225		accuracy = 0.5888000130653381
Training round: 226		accuracy = 0.5525000095367432
Training round: 227		accuracy = 0.4968999922275543
Training round: 228		accuracy = 0.41499999165534973
Training round: 229		accuracy = 0.4875999987125397
Training round: 230		accuracy = 0.49950000643730164
Training round: 231		accuracy = 0.5260000228881836
Training round: 232		accuracy = 0.5340999960899353
Training round: 233		accuracy = 0.5734000205993652
Training round: 234		accuracy = 0.4535999894142151
Training round: 235		accuracy = 0.5515999794006348
Training round: 236		accuracy = 0.516700029373169
Training round: 237		accuracy = 0.4449000060558319
Training round: 238		accuracy = 0.5299000144004822
Training round: 239		accuracy = 0.5404999852180481
Training round: 240		accuracy = 0.569599986076355
Training round: 241		accuracy = 0.4560999870300293
Training round: 242		accuracy = 0.5153999924659729
Training round: 243		accuracy = 0.5457000136375427
Training round: 244		accuracy = 0.4936999976634979
Training round: 245		accuracy = 0.6049000024795532
Training round: 246		accuracy = 0.5590000152587891
Training round: 247		accuracy = 0.47350001335144043
Training round: 248		accuracy = 0.486299991607666
Training round: 249		accuracy = 0.5507000088691711
Training round: 250		accuracy = 0.5293999910354614
Training round: 251		accuracy = 0.47839999198913574
Training round: 252		accuracy = 0.4724000096321106
Training round: 253		accuracy = 0.5332000255584717
Training round: 254		accuracy = 0.5110999941825867
Training round: 255		accuracy = 0.4546999931335449
Training round: 256		accuracy = 0.505299985408783
Training round: 257		accuracy = 0.5450999736785889
Training round: 258		accuracy = 0.5449000000953674
Training round: 259		accuracy = 0.5260000228881836
Training round: 260		accuracy = 0.5037999749183655
Training round: 261		accuracy = 0.5852000117301941
Training round: 262		accuracy = 0.5687000155448914
Training round: 263		accuracy = 0.5874000191688538
Training round: 264		accuracy = 0.6175000071525574
Training round: 265		accuracy = 0.5253999829292297
Training round: 266		accuracy = 0.5309000015258789
Training round: 267		accuracy = 0.5375000238418579
Training round: 268		accuracy = 0.5910000205039978
Training round: 269		accuracy = 0.597100019454956
Training round: 270		accuracy = 0.5595999956130981
Training round: 271		accuracy = 0.4948999881744385
Training round: 272		accuracy = 0.4903999865055084
Training round: 273		accuracy = 0.5081999897956848
Training round: 274		accuracy = 0.5852000117301941
Training round: 275		accuracy = 0.6116999983787537
Training round: 276		accuracy = 0.629800021648407
Training round: 277		accuracy = 0.598800003528595
Training round: 278		accuracy = 0.45559999346733093
Training round: 279		accuracy = 0.6219000220298767
Training round: 280		accuracy = 0.49000000953674316
Training round: 281		accuracy = 0.5501000285148621
Training round: 282		accuracy = 0.5828999876976013
Training round: 283		accuracy = 0.5771999955177307
Training round: 284		accuracy = 0.5634999871253967
Training round: 285		accuracy = 0.5060999989509583
Training round: 286		accuracy = 0.5652999877929688
Training round: 287		accuracy = 0.5863999724388123
Training round: 288		accuracy = 0.5551999807357788
Training round: 289		accuracy = 0.45419999957084656
Training round: 290		accuracy = 0.6090999841690063
Training round: 291		accuracy = 0.6026999950408936
Training round: 292		accuracy = 0.6328999996185303
Training round: 293		accuracy = 0.5924000144004822
Training round: 294		accuracy = 0.5759000182151794
Training round: 295		accuracy = 0.4442000091075897
Training round: 296		accuracy = 0.49950000643730164
Training round: 297		accuracy = 0.6004999876022339
Training round: 298		accuracy = 0.6195999979972839
Training round: 299		accuracy = 0.48510000109672546
Training round: 300		accuracy = 0.521399974822998
Training round: 301		accuracy = 0.6040999889373779
Training round: 302		accuracy = 0.5041000247001648
Training round: 303		accuracy = 0.6205000281333923
Training round: 304		accuracy = 0.5726000070571899
Training round: 305		accuracy = 0.5127000212669373
Training round: 306		accuracy = 0.5382999777793884
Training round: 307		accuracy = 0.5414000153541565
Training round: 308		accuracy = 0.5669000148773193
Training round: 309		accuracy = 0.6223999857902527
Training round: 310		accuracy = 0.5070000290870667
Training round: 311		accuracy = 0.5013999938964844
Training round: 312		accuracy = 0.5113999843597412
Training round: 313		accuracy = 0.5823000073432922
Training round: 314		accuracy = 0.5328999757766724
Training round: 315		accuracy = 0.5633000135421753
Training round: 316		accuracy = 0.6159999966621399
Training round: 317		accuracy = 0.6046000123023987
Training round: 318		accuracy = 0.5627999901771545
Training round: 319		accuracy = 0.6481999754905701
Training round: 320		accuracy = 0.5586000084877014
Training round: 321		accuracy = 0.5863999724388123
Training round: 322		accuracy = 0.513700008392334
Training round: 323		accuracy = 0.5795000195503235
Training round: 324		accuracy = 0.4586000144481659
Training round: 325		accuracy = 0.5048999786376953
Training round: 326		accuracy = 0.5799000263214111
Training round: 327		accuracy = 0.560699999332428
Training round: 328		accuracy = 0.6126999855041504
Training round: 329		accuracy = 0.5738999843597412
Training round: 330		accuracy = 0.5302000045776367
Training round: 331		accuracy = 0.5533999800682068
Training round: 332		accuracy = 0.5289000272750854
Training round: 333		accuracy = 0.593999981880188
Training round: 334		accuracy = 0.64410001039505
Training round: 335		accuracy = 0.5993000268936157
Training round: 336		accuracy = 0.5654000043869019
Training round: 337		accuracy = 0.5975000262260437
Training round: 338		accuracy = 0.5612000226974487
Training round: 339		accuracy = 0.590399980545044
Training round: 340		accuracy = 0.6593000292778015
Training round: 341		accuracy = 0.6625999808311462
Training round: 342		accuracy = 0.5626000165939331
Training round: 343		accuracy = 0.5878000259399414
Training round: 344		accuracy = 0.5782999992370605
Training round: 345		accuracy = 0.6046000123023987
Training round: 346		accuracy = 0.5972999930381775
Training round: 347		accuracy = 0.5562999844551086
Training round: 348		accuracy = 0.6306999921798706
Training round: 349		accuracy = 0.6334999799728394
Training round: 350		accuracy = 0.593500018119812
Training round: 351		accuracy = 0.5949000120162964
Training round: 352		accuracy = 0.49810001254081726
Training round: 353		accuracy = 0.6186000108718872
Training round: 354		accuracy = 0.5055000185966492
Training round: 355		accuracy = 0.6191999912261963
Training round: 356		accuracy = 0.5935999751091003
Training round: 357		accuracy = 0.6100999712944031
Training round: 358		accuracy = 0.5789999961853027
Training round: 359		accuracy = 0.597100019454956
Training round: 360		accuracy = 0.5842000246047974
Training round: 361		accuracy = 0.5404999852180481
Training round: 362		accuracy = 0.6410999894142151
Training round: 363		accuracy = 0.6579999923706055
Training round: 364		accuracy = 0.5038999915122986
Training round: 365		accuracy = 0.4625999927520752
Training round: 366		accuracy = 0.5706999897956848
Training round: 367		accuracy = 0.6137999892234802
Training round: 368		accuracy = 0.5496000051498413
Training round: 369		accuracy = 0.5907999873161316
Training round: 370		accuracy = 0.5985000133514404
Training round: 371		accuracy = 0.6467999815940857
Training round: 372		accuracy = 0.6600000262260437
Training round: 373		accuracy = 0.4927999973297119
Training round: 374		accuracy = 0.37459999322891235
Training round: 375		accuracy = 0.5097000002861023
Training round: 376		accuracy = 0.5665000081062317
Training round: 377		accuracy = 0.6241000294685364
Training round: 378		accuracy = 0.5627999901771545
Training round: 379		accuracy = 0.5785999894142151
Training round: 380		accuracy = 0.5950000286102295
Training round: 381		accuracy = 0.5928999781608582
Training round: 382		accuracy = 0.6435999870300293
Training round: 383		accuracy = 0.6198999881744385
Training round: 384		accuracy = 0.566100001335144
Training round: 385		accuracy = 0.5371000170707703
Training round: 386		accuracy = 0.6065999865531921
Training round: 387		accuracy = 0.6503000259399414
Training round: 388		accuracy = 0.5536999702453613
Training round: 389		accuracy = 0.5375999808311462
Training round: 390		accuracy = 0.6226000189781189
Training round: 391		accuracy = 0.5393999814987183
Training round: 392		accuracy = 0.6194999814033508
Training round: 393		accuracy = 0.5529000163078308
Training round: 394		accuracy = 0.5527999997138977
Training round: 395		accuracy = 0.5824000239372253
Training round: 396		accuracy = 0.5202000141143799
Training round: 397		accuracy = 0.6244000196456909
Training round: 398		accuracy = 0.6281999945640564
Training round: 399		accuracy = 0.4878000020980835
Training round: 400		accuracy = 0.6085000038146973
Training round: 401		accuracy = 0.6622999906539917
Training round: 402		accuracy = 0.6136000156402588
Training round: 403		accuracy = 0.6241999864578247
Training round: 404		accuracy = 0.5181000232696533
Training round: 405		accuracy = 0.5916000008583069
Training round: 406		accuracy = 0.5541999936103821
Training round: 407		accuracy = 0.6347000002861023
Training round: 408		accuracy = 0.5843999981880188
Training round: 409		accuracy = 0.604200005531311
Training round: 410		accuracy = 0.5835999846458435
Training round: 411		accuracy = 0.5745000243186951
Training round: 412		accuracy = 0.5304999947547913
Training round: 413		accuracy = 0.5839999914169312
Training round: 414		accuracy = 0.5738000273704529
Training round: 415		accuracy = 0.5687000155448914
Training round: 416		accuracy = 0.618399977684021
Training round: 417		accuracy = 0.5947999954223633
Training round: 418		accuracy = 0.6152999997138977
Training round: 419		accuracy = 0.6152999997138977
Training round: 420		accuracy = 0.6427000164985657
Training round: 421		accuracy = 0.5613999962806702
Training round: 422		accuracy = 0.5622000098228455
Training round: 423		accuracy = 0.5303000211715698
Training round: 424		accuracy = 0.5861999988555908
Training round: 425		accuracy = 0.6218000054359436
Training round: 426		accuracy = 0.5083000063896179
Training round: 427		accuracy = 0.5533999800682068
Training round: 428		accuracy = 0.5733000040054321
Training round: 429		accuracy = 0.6147000193595886
Training round: 430		accuracy = 0.6509000062942505
Training round: 431		accuracy = 0.6276999711990356
Training round: 432		accuracy = 0.5979999899864197
Training round: 433		accuracy = 0.5835000276565552
Training round: 434		accuracy = 0.5805000066757202
Training round: 435		accuracy = 0.6391000151634216
Training round: 436		accuracy = 0.6367999911308289
Training round: 437		accuracy = 0.6259999871253967
Training round: 438		accuracy = 0.5497000217437744
Training round: 439		accuracy = 0.6338000297546387
Training round: 440		accuracy = 0.6298999786376953
Training round: 441		accuracy = 0.49729999899864197
Training round: 442		accuracy = 0.5443999767303467
Training round: 443		accuracy = 0.6040999889373779
Training round: 444		accuracy = 0.603600025177002
Training round: 445		accuracy = 0.629800021648407
Training round: 446		accuracy = 0.6287000179290771
Training round: 447		accuracy = 0.5787000060081482
Training round: 448		accuracy = 0.592199981212616
Training round: 449		accuracy = 0.6075999736785889
Training round: 450		accuracy = 0.4431999921798706
Training round: 451		accuracy = 0.5807999968528748
Training round: 452		accuracy = 0.5059000253677368
Training round: 453		accuracy = 0.5871999859809875
Training round: 454		accuracy = 0.5533000230789185
Training round: 455		accuracy = 0.5634999871253967
Training round: 456		accuracy = 0.5709999799728394
Training round: 457		accuracy = 0.6337000131607056
Training round: 458		accuracy = 0.633899986743927
Training round: 459		accuracy = 0.6154000163078308
Training round: 460		accuracy = 0.6452000141143799
Training round: 461		accuracy = 0.6660000085830688
Training round: 462		accuracy = 0.5497000217437744
Training round: 463		accuracy = 0.5443000197410583
Training round: 464		accuracy = 0.6031000018119812
Training round: 465		accuracy = 0.5893999934196472
Training round: 466		accuracy = 0.6398000121116638
Training round: 467		accuracy = 0.5476999878883362
Training round: 468		accuracy = 0.6266999840736389
Training round: 469		accuracy = 0.6003000140190125
Training round: 470		accuracy = 0.47699999809265137
Training round: 471		accuracy = 0.5809999704360962
Training round: 472		accuracy = 0.6438000202178955
Training round: 473		accuracy = 0.5001000165939331
Training round: 474		accuracy = 0.6276000142097473
Training round: 475		accuracy = 0.5285000205039978
Training round: 476		accuracy = 0.6419000029563904
Training round: 477		accuracy = 0.6000999808311462
Training round: 478		accuracy = 0.597100019454956
Training round: 479		accuracy = 0.61080002784729
Training round: 480		accuracy = 0.635200023651123
Training round: 481		accuracy = 0.5573999881744385
Training round: 482		accuracy = 0.5723999738693237
Training round: 483		accuracy = 0.5716999769210815
Training round: 484		accuracy = 0.6207000017166138
Training round: 485		accuracy = 0.6129999756813049
Training round: 486		accuracy = 0.5680999755859375
Training round: 487		accuracy = 0.5891000032424927
Training round: 488		accuracy = 0.590399980545044
Training round: 489		accuracy = 0.6134999990463257
Training round: 490		accuracy = 0.49239999055862427
Training round: 491		accuracy = 0.6284000277519226
Training round: 492		accuracy = 0.5680999755859375
Training round: 493		accuracy = 0.6481000185012817
Training round: 494		accuracy = 0.6079000234603882
Training round: 495		accuracy = 0.651199996471405
Training round: 496		accuracy = 0.6326000094413757
Training round: 497		accuracy = 0.6523000001907349
Training round: 498		accuracy = 0.638700008392334
Training round: 499		accuracy = 0.6822999715805054
Training round: 500		accuracy = 0.6414999961853027
Training round: 501		accuracy = 0.6495000123977661
Training round: 502		accuracy = 0.5627999901771545
Training round: 503		accuracy = 0.5702000260353088
Training round: 504		accuracy = 0.6222000122070312
Training round: 505		accuracy = 0.542900025844574
Training round: 506		accuracy = 0.6294999718666077
Training round: 507		accuracy = 0.6765999794006348
Training round: 508		accuracy = 0.690500020980835
Training round: 509		accuracy = 0.5633000135421753
Training round: 510		accuracy = 0.5885000228881836
Training round: 511		accuracy = 0.4140999913215637
Training round: 512		accuracy = 0.6032000184059143
Training round: 513		accuracy = 0.5802000164985657
Training round: 514		accuracy = 0.630299985408783
Training round: 515		accuracy = 0.613099992275238
Training round: 516		accuracy = 0.5738000273704529
Training round: 517		accuracy = 0.6233000159263611
Training round: 518		accuracy = 0.569599986076355
Training round: 519		accuracy = 0.5889999866485596
Training round: 520		accuracy = 0.574400007724762
Training round: 521		accuracy = 0.5446000099182129
Training round: 522		accuracy = 0.6065000295639038
Training round: 523		accuracy = 0.6097999811172485
Training round: 524		accuracy = 0.5773000121116638
Training round: 525		accuracy = 0.5667999982833862
Training round: 526		accuracy = 0.6068999767303467
Training round: 527		accuracy = 0.6506999731063843
Training round: 528		accuracy = 0.6385999917984009
Training round: 529		accuracy = 0.5885000228881836
Training round: 530		accuracy = 0.6043000221252441
Training round: 531		accuracy = 0.6247000098228455
Training round: 532		accuracy = 0.6247000098228455
Training round: 533		accuracy = 0.6158999800682068
Training round: 534		accuracy = 0.535099983215332
Training round: 535		accuracy = 0.6033999919891357
Training round: 536		accuracy = 0.6087999939918518
Training round: 537		accuracy = 0.633899986743927
Training round: 538		accuracy = 0.6467999815940857
Training round: 539		accuracy = 0.5514000058174133
Training round: 540		accuracy = 0.6456000208854675
Training round: 541		accuracy = 0.6438000202178955
Training round: 542		accuracy = 0.6193000078201294
Training round: 543		accuracy = 0.6656000018119812
Training round: 544		accuracy = 0.6570000052452087
Training round: 545		accuracy = 0.6029999852180481
Training round: 546		accuracy = 0.4065000116825104
Training round: 547		accuracy = 0.5618000030517578
Training round: 548		accuracy = 0.6730999946594238
Training round: 549		accuracy = 0.6559000015258789
Training round: 550		accuracy = 0.6069999933242798
Training round: 551		accuracy = 0.6288999915122986
Training round: 552		accuracy = 0.6553999781608582
Training round: 553		accuracy = 0.6256999969482422
Training round: 554		accuracy = 0.5551999807357788
Training round: 555		accuracy = 0.6432999968528748
Training round: 556		accuracy = 0.670199990272522
Training round: 557		accuracy = 0.6015999913215637
Training round: 558		accuracy = 0.5960000157356262
Training round: 559		accuracy = 0.5910000205039978
Training round: 560		accuracy = 0.647599995136261
Training round: 561		accuracy = 0.5785999894142151
Training round: 562		accuracy = 0.6050999760627747
Training round: 563		accuracy = 0.6833999752998352
Training round: 564		accuracy = 0.6531999707221985
Training round: 565		accuracy = 0.6128000020980835
Training round: 566		accuracy = 0.6370000243186951
Training round: 567		accuracy = 0.5299999713897705
Training round: 568		accuracy = 0.6274999976158142
Training round: 569		accuracy = 0.6528000235557556
Training round: 570		accuracy = 0.6021000146865845
Training round: 571		accuracy = 0.6205999851226807
Training round: 572		accuracy = 0.6431999802589417
Training round: 573		accuracy = 0.6119999885559082
Training round: 574		accuracy = 0.6711000204086304
Training round: 575		accuracy = 0.6621000170707703
Training round: 576		accuracy = 0.5960999727249146
Training round: 577		accuracy = 0.6165000200271606
Training round: 578		accuracy = 0.5835999846458435
Training round: 579		accuracy = 0.5857999920845032
Training round: 580		accuracy = 0.6036999821662903
Training round: 581		accuracy = 0.638700008392334
Training round: 582		accuracy = 0.45489999651908875
Training round: 583		accuracy = 0.5263000130653381
Training round: 584		accuracy = 0.6402999758720398
Training round: 585		accuracy = 0.6545000076293945
Training round: 586		accuracy = 0.6256999969482422
Training round: 587		accuracy = 0.6381000280380249
Training round: 588		accuracy = 0.6570000052452087
Training round: 589		accuracy = 0.6032999753952026
Training round: 590		accuracy = 0.6144999861717224
Training round: 591		accuracy = 0.6333000063896179
Training round: 592		accuracy = 0.6266000270843506
Training round: 593		accuracy = 0.5867999792098999
Training round: 594		accuracy = 0.6535000205039978
Training round: 595		accuracy = 0.6367999911308289
Training round: 596		accuracy = 0.6741999983787537
Training round: 597		accuracy = 0.6647999882698059
Training round: 598		accuracy = 0.6543999910354614
Training round: 599		accuracy = 0.6082000136375427
Training round: 600		accuracy = 0.5615000128746033
Training round: 601		accuracy = 0.607200026512146
Training round: 602		accuracy = 0.570900022983551
Training round: 603		accuracy = 0.6633999943733215
Training round: 604		accuracy = 0.6097000241279602
Training round: 605		accuracy = 0.6689000129699707
Training round: 606		accuracy = 0.671500027179718
Training round: 607		accuracy = 0.6524999737739563
Training round: 608		accuracy = 0.6564000248908997
Training round: 609		accuracy = 0.5782999992370605
Training round: 610		accuracy = 0.670799970626831
Training round: 611		accuracy = 0.6807000041007996
Training round: 612		accuracy = 0.593500018119812
Training round: 613		accuracy = 0.6575000286102295
Training round: 614		accuracy = 0.6632000207901001
Training round: 615		accuracy = 0.5630000233650208
Training round: 616		accuracy = 0.6851000189781189
Training round: 617		accuracy = 0.6758000254631042
Training round: 618		accuracy = 0.6855000257492065
Training round: 619		accuracy = 0.574999988079071
Training round: 620		accuracy = 0.6456000208854675
Training round: 621		accuracy = 0.6730999946594238
Training round: 622		accuracy = 0.6646999716758728
Training round: 623		accuracy = 0.6292999982833862
Training round: 624		accuracy = 0.6614999771118164
Training round: 625		accuracy = 0.6520000100135803
Training round: 626		accuracy = 0.6571000218391418
Training round: 627		accuracy = 0.5863999724388123
Training round: 628		accuracy = 0.6157000064849854
Training round: 629		accuracy = 0.5871999859809875
Training round: 630		accuracy = 0.6269000172615051
Training round: 631		accuracy = 0.6626999974250793
Training round: 632		accuracy = 0.6141999959945679
Training round: 633		accuracy = 0.6597999930381775
Training round: 634		accuracy = 0.6571000218391418
Training round: 635		accuracy = 0.6384999752044678
Training round: 636		accuracy = 0.6353999972343445
Training round: 637		accuracy = 0.6733999848365784
Training round: 638		accuracy = 0.5889000296592712
Training round: 639		accuracy = 0.6244000196456909
Training round: 640		accuracy = 0.5896000266075134
Training round: 641		accuracy = 0.6299999952316284
Training round: 642		accuracy = 0.6626999974250793
Training round: 643		accuracy = 0.47369998693466187
Training round: 644		accuracy = 0.6414999961853027
Training round: 645		accuracy = 0.6144999861717224
Training round: 646		accuracy = 0.5814999938011169
Training round: 647		accuracy = 0.677299976348877
Training round: 648		accuracy = 0.5871999859809875
Training round: 649		accuracy = 0.6639000177383423
Training round: 650		accuracy = 0.646399974822998
Training round: 651		accuracy = 0.5751000046730042
Training round: 652		accuracy = 0.6413000226020813
Training round: 653		accuracy = 0.6581000089645386
Training round: 654		accuracy = 0.67330002784729
Training round: 655		accuracy = 0.6665999889373779
Training round: 656		accuracy = 0.6923999786376953
Training round: 657		accuracy = 0.6887999773025513
Training round: 658		accuracy = 0.6269000172615051
Training round: 659		accuracy = 0.57669997215271
Training round: 660		accuracy = 0.6395999789237976
Training round: 661		accuracy = 0.6599000096321106
Training round: 662		accuracy = 0.6552000045776367
Training round: 663		accuracy = 0.6690000295639038
Training round: 664		accuracy = 0.5978000164031982
Training round: 665		accuracy = 0.621999979019165
Training round: 666		accuracy = 0.6270999908447266
Training round: 667		accuracy = 0.5956000089645386
Training round: 668		accuracy = 0.6292999982833862
Training round: 669		accuracy = 0.6340000033378601
Training round: 670		accuracy = 0.5781999826431274
Training round: 671		accuracy = 0.6031000018119812
Training round: 672		accuracy = 0.218299999833107
Training round: 673		accuracy = 0.10000000149011612
Training round: 674		accuracy = 0.10000000149011612
Training round: 675		accuracy = 0.10000000149011612
Training round: 676		accuracy = 0.10000000149011612
Training round: 677		accuracy = 0.10000000149011612
Training round: 678		accuracy = 0.10000000149011612
Training round: 679		accuracy = 0.10000000149011612
Training round: 680		accuracy = 0.10000000149011612
Training round: 681		accuracy = 0.10000000149011612
Training round: 682		accuracy = 0.10000000149011612
Training round: 683		accuracy = 0.10000000149011612
Training round: 684		accuracy = 0.10000000149011612
Training round: 685		accuracy = 0.10000000149011612
Training round: 686		accuracy = 0.10000000149011612
Training round: 687		accuracy = 0.10000000149011612
Training round: 688		accuracy = 0.10000000149011612
Training round: 689		accuracy = 0.10000000149011612
Training round: 690		accuracy = 0.10000000149011612
Training round: 691		accuracy = 0.10000000149011612
Training round: 692		accuracy = 0.10000000149011612
Training round: 693		accuracy = 0.10000000149011612
Training round: 694		accuracy = 0.10000000149011612
Training round: 695		accuracy = 0.10000000149011612
Training round: 696		accuracy = 0.10000000149011612
Training round: 697		accuracy = 0.10000000149011612
Training round: 698		accuracy = 0.10000000149011612
Training round: 699		accuracy = 0.10000000149011612
Training round: 700		accuracy = 0.10000000149011612
Training round: 701		accuracy = 0.10000000149011612
Training round: 702		accuracy = 0.10000000149011612
Training round: 703		accuracy = 0.10000000149011612
Training round: 704		accuracy = 0.10000000149011612
Training round: 705		accuracy = 0.10000000149011612
Training round: 706		accuracy = 0.10000000149011612
Training round: 707		accuracy = 0.10000000149011612
Training round: 708		accuracy = 0.10000000149011612
Training round: 709		accuracy = 0.10000000149011612
Training round: 710		accuracy = 0.10000000149011612
Training round: 711		accuracy = 0.10000000149011612
Training round: 712		accuracy = 0.10000000149011612
Training round: 713		accuracy = 0.10000000149011612
Training round: 714		accuracy = 0.10000000149011612
Training round: 715		accuracy = 0.10000000149011612
Training round: 716		accuracy = 0.10000000149011612
Training round: 717		accuracy = 0.10000000149011612
Training round: 718		accuracy = 0.10000000149011612
Training round: 719		accuracy = 0.10000000149011612
Training round: 720		accuracy = 0.10000000149011612
Training round: 721		accuracy = 0.10000000149011612
Training round: 722		accuracy = 0.10000000149011612
Training round: 723		accuracy = 0.10000000149011612
Training round: 724		accuracy = 0.10000000149011612
Training round: 725		accuracy = 0.10000000149011612
Training round: 726		accuracy = 0.10000000149011612
Training round: 727		accuracy = 0.10000000149011612
Training round: 728		accuracy = 0.10000000149011612
Training round: 729		accuracy = 0.10000000149011612
Training round: 730		accuracy = 0.10000000149011612
Training round: 731		accuracy = 0.10000000149011612
Training round: 732		accuracy = 0.10000000149011612
Training round: 733		accuracy = 0.10000000149011612
Training round: 734		accuracy = 0.10000000149011612
Training round: 735		accuracy = 0.10000000149011612
Training round: 736		accuracy = 0.10000000149011612
Training round: 737		accuracy = 0.10000000149011612
Training round: 738		accuracy = 0.10000000149011612
Training round: 739		accuracy = 0.10000000149011612
Training round: 740		accuracy = 0.10000000149011612
Training round: 741		accuracy = 0.10000000149011612
Training round: 742		accuracy = 0.10000000149011612
Training round: 743		accuracy = 0.10000000149011612
Training round: 744		accuracy = 0.10000000149011612
Training round: 745		accuracy = 0.10000000149011612
Training round: 746		accuracy = 0.10000000149011612
Training round: 747		accuracy = 0.10000000149011612
Training round: 748		accuracy = 0.10000000149011612
Training round: 749		accuracy = 0.10000000149011612
Training round: 750		accuracy = 0.10000000149011612
Training round: 751		accuracy = 0.10000000149011612
Training round: 752		accuracy = 0.10000000149011612
Training round: 753		accuracy = 0.10000000149011612
Training round: 754		accuracy = 0.10000000149011612
Training round: 755		accuracy = 0.10000000149011612
Training round: 756		accuracy = 0.10000000149011612
Training round: 757		accuracy = 0.10000000149011612
Training round: 758		accuracy = 0.10000000149011612
Training round: 759		accuracy = 0.10000000149011612
Training round: 760		accuracy = 0.10000000149011612
Training round: 761		accuracy = 0.10000000149011612
Training round: 762		accuracy = 0.10000000149011612
Training round: 763		accuracy = 0.10000000149011612
Training round: 764		accuracy = 0.10000000149011612
Training round: 765		accuracy = 0.10000000149011612
Training round: 766		accuracy = 0.10000000149011612
Training round: 767		accuracy = 0.10000000149011612
Training round: 768		accuracy = 0.10000000149011612
Training round: 769		accuracy = 0.10000000149011612
Training round: 770		accuracy = 0.10000000149011612
Training round: 771		accuracy = 0.10000000149011612
Training round: 772		accuracy = 0.10000000149011612
Training round: 773		accuracy = 0.10000000149011612
Training round: 774		accuracy = 0.10000000149011612
Training round: 775		accuracy = 0.10000000149011612
Training round: 776		accuracy = 0.10000000149011612
Training round: 777		accuracy = 0.10000000149011612
Training round: 778		accuracy = 0.10000000149011612
Training round: 779		accuracy = 0.10000000149011612
Training round: 780		accuracy = 0.10000000149011612
Training round: 781		accuracy = 0.10000000149011612
Training round: 782		accuracy = 0.10000000149011612
Training round: 783		accuracy = 0.10000000149011612
Training round: 784		accuracy = 0.10000000149011612
Training round: 785		accuracy = 0.10000000149011612
Training round: 786		accuracy = 0.10000000149011612
Training round: 787		accuracy = 0.10000000149011612
Training round: 788		accuracy = 0.10000000149011612
Training round: 789		accuracy = 0.10000000149011612
Training round: 790		accuracy = 0.10000000149011612
Training round: 791		accuracy = 0.10000000149011612
Training round: 792		accuracy = 0.10000000149011612
Training round: 793		accuracy = 0.10000000149011612
Training round: 794		accuracy = 0.10000000149011612
Training round: 795		accuracy = 0.10000000149011612
Training round: 796		accuracy = 0.10000000149011612
Training round: 797		accuracy = 0.10000000149011612
Training round: 798		accuracy = 0.10000000149011612
Training round: 799		accuracy = 0.10000000149011612
Training round: 800		accuracy = 0.10000000149011612
Training round: 801		accuracy = 0.10000000149011612
Training round: 802		accuracy = 0.10000000149011612
Training round: 803		accuracy = 0.10000000149011612
Training round: 804		accuracy = 0.10000000149011612
Training round: 805		accuracy = 0.10000000149011612
Training round: 806		accuracy = 0.10000000149011612
Training round: 807		accuracy = 0.10000000149011612
Training round: 808		accuracy = 0.10000000149011612
Training round: 809		accuracy = 0.10000000149011612
Training round: 810		accuracy = 0.10000000149011612
Training round: 811		accuracy = 0.10000000149011612
Training round: 812		accuracy = 0.10000000149011612
Training round: 813		accuracy = 0.10000000149011612
Training round: 814		accuracy = 0.10000000149011612
Training round: 815		accuracy = 0.10000000149011612
Training round: 816		accuracy = 0.10000000149011612
Training round: 817		accuracy = 0.10000000149011612
Training round: 818		accuracy = 0.10000000149011612
Training round: 819		accuracy = 0.10000000149011612
Training round: 820		accuracy = 0.10000000149011612
Training round: 821		accuracy = 0.10000000149011612
Training round: 822		accuracy = 0.10000000149011612
Training round: 823		accuracy = 0.10000000149011612
Training round: 824		accuracy = 0.10000000149011612
Training round: 825		accuracy = 0.10000000149011612
Training round: 826		accuracy = 0.10000000149011612
Training round: 827		accuracy = 0.10000000149011612
Training round: 828		accuracy = 0.10000000149011612
Training round: 829		accuracy = 0.10000000149011612
Training round: 830		accuracy = 0.10000000149011612
Training round: 831		accuracy = 0.10000000149011612
Training round: 832		accuracy = 0.10000000149011612
Training round: 833		accuracy = 0.10000000149011612
Training round: 834		accuracy = 0.10000000149011612
Training round: 835		accuracy = 0.10000000149011612
Training round: 836		accuracy = 0.10000000149011612
Training round: 837		accuracy = 0.10000000149011612
Training round: 838		accuracy = 0.10000000149011612
Training round: 839		accuracy = 0.10000000149011612
Training round: 840		accuracy = 0.10000000149011612
Training round: 841		accuracy = 0.10000000149011612
Training round: 842		accuracy = 0.10000000149011612
Training round: 843		accuracy = 0.10000000149011612
Training round: 844		accuracy = 0.10000000149011612
Training round: 845		accuracy = 0.10000000149011612
Training round: 846		accuracy = 0.10000000149011612
Training round: 847		accuracy = 0.10000000149011612
Training round: 848		accuracy = 0.10000000149011612
Training round: 849		accuracy = 0.10000000149011612
Training round: 850		accuracy = 0.10000000149011612
Training round: 851		accuracy = 0.10000000149011612
Training round: 852		accuracy = 0.10000000149011612
Training round: 853		accuracy = 0.10000000149011612
Training round: 854		accuracy = 0.10000000149011612
Training round: 855		accuracy = 0.10000000149011612
Training round: 856		accuracy = 0.10000000149011612
Training round: 857		accuracy = 0.10000000149011612
Training round: 858		accuracy = 0.10000000149011612
Training round: 859		accuracy = 0.10000000149011612
Training round: 860		accuracy = 0.10000000149011612
Training round: 861		accuracy = 0.10000000149011612
Training round: 862		accuracy = 0.10000000149011612
Training round: 863		accuracy = 0.10000000149011612
Training round: 864		accuracy = 0.10000000149011612
Training round: 865		accuracy = 0.10000000149011612
Training round: 866		accuracy = 0.10000000149011612
Training round: 867		accuracy = 0.10000000149011612
Training round: 868		accuracy = 0.10000000149011612
Training round: 869		accuracy = 0.10000000149011612
Training round: 870		accuracy = 0.10000000149011612
Training round: 871		accuracy = 0.10000000149011612
Training round: 872		accuracy = 0.10000000149011612
Training round: 873		accuracy = 0.10000000149011612
Training round: 874		accuracy = 0.10000000149011612
Training round: 875		accuracy = 0.10000000149011612
Training round: 876		accuracy = 0.10000000149011612
Training round: 877		accuracy = 0.10000000149011612
Training round: 878		accuracy = 0.10000000149011612
Training round: 879		accuracy = 0.10000000149011612
Training round: 880		accuracy = 0.10000000149011612
Training round: 881		accuracy = 0.10000000149011612
Training round: 882		accuracy = 0.10000000149011612
Training round: 883		accuracy = 0.10000000149011612
Training round: 884		accuracy = 0.10000000149011612
Training round: 885		accuracy = 0.10000000149011612
Training round: 886		accuracy = 0.10000000149011612
Training round: 887		accuracy = 0.10000000149011612
Training round: 888		accuracy = 0.10000000149011612
Training round: 889		accuracy = 0.10000000149011612
Training round: 890		accuracy = 0.10000000149011612
Training round: 891		accuracy = 0.10000000149011612
Training round: 892		accuracy = 0.10000000149011612
Training round: 893		accuracy = 0.10000000149011612
Training round: 894		accuracy = 0.10000000149011612
Training round: 895		accuracy = 0.10000000149011612
Training round: 896		accuracy = 0.10000000149011612
Training round: 897		accuracy = 0.10000000149011612
Training round: 898		accuracy = 0.10000000149011612
Training round: 899		accuracy = 0.10000000149011612
Training round: 900		accuracy = 0.10000000149011612
Training round: 901		accuracy = 0.10000000149011612
Training round: 902		accuracy = 0.10000000149011612
Training round: 903		accuracy = 0.10000000149011612
Training round: 904		accuracy = 0.10000000149011612
Training round: 905		accuracy = 0.10000000149011612
Training round: 906		accuracy = 0.10000000149011612
Training round: 907		accuracy = 0.10000000149011612
Training round: 908		accuracy = 0.10000000149011612
Training round: 909		accuracy = 0.10000000149011612
Training round: 910		accuracy = 0.10000000149011612
Training round: 911		accuracy = 0.10000000149011612
Training round: 912		accuracy = 0.10000000149011612
Training round: 913		accuracy = 0.10000000149011612
Training round: 914		accuracy = 0.10000000149011612
Training round: 915		accuracy = 0.10000000149011612
Training round: 916		accuracy = 0.10000000149011612
Training round: 917		accuracy = 0.10000000149011612
Training round: 918		accuracy = 0.10000000149011612
Training round: 919		accuracy = 0.10000000149011612
Training round: 920		accuracy = 0.10000000149011612
Training round: 921		accuracy = 0.10000000149011612
Training round: 922		accuracy = 0.10000000149011612
Training round: 923		accuracy = 0.10000000149011612
Training round: 924		accuracy = 0.10000000149011612
Training round: 925		accuracy = 0.10000000149011612
Training round: 926		accuracy = 0.10000000149011612
Training round: 927		accuracy = 0.10000000149011612
Training round: 928		accuracy = 0.10000000149011612
Training round: 929		accuracy = 0.10000000149011612
Training round: 930		accuracy = 0.10000000149011612
Training round: 931		accuracy = 0.10000000149011612
Training round: 932		accuracy = 0.10000000149011612
Training round: 933		accuracy = 0.10000000149011612
Training round: 934		accuracy = 0.10000000149011612
Training round: 935		accuracy = 0.10000000149011612
Training round: 936		accuracy = 0.10000000149011612
Training round: 937		accuracy = 0.10000000149011612
Training round: 938		accuracy = 0.10000000149011612
Training round: 939		accuracy = 0.10000000149011612
Training round: 940		accuracy = 0.10000000149011612
Training round: 941		accuracy = 0.10000000149011612
Training round: 942		accuracy = 0.10000000149011612
Training round: 943		accuracy = 0.10000000149011612
Training round: 944		accuracy = 0.10000000149011612
Training round: 945		accuracy = 0.10000000149011612
Training round: 946		accuracy = 0.10000000149011612
Training round: 947		accuracy = 0.10000000149011612
Training round: 948		accuracy = 0.10000000149011612
Training round: 949		accuracy = 0.10000000149011612
Training round: 950		accuracy = 0.10000000149011612
Training round: 951		accuracy = 0.10000000149011612
Training round: 952		accuracy = 0.10000000149011612
Training round: 953		accuracy = 0.10000000149011612
Training round: 954		accuracy = 0.10000000149011612
Training round: 955		accuracy = 0.10000000149011612
Training round: 956		accuracy = 0.10000000149011612
Training round: 957		accuracy = 0.10000000149011612
Training round: 958		accuracy = 0.10000000149011612
Training round: 959		accuracy = 0.10000000149011612
Training round: 960		accuracy = 0.10000000149011612
Training round: 961		accuracy = 0.10000000149011612
Training round: 962		accuracy = 0.10000000149011612
Training round: 963		accuracy = 0.10000000149011612
Training round: 964		accuracy = 0.10000000149011612
Training round: 965		accuracy = 0.10000000149011612
Training round: 966		accuracy = 0.10000000149011612
Training round: 967		accuracy = 0.10000000149011612
Training round: 968		accuracy = 0.10000000149011612
Training round: 969		accuracy = 0.10000000149011612
Training round: 970		accuracy = 0.10000000149011612
Training round: 971		accuracy = 0.10000000149011612
Training round: 972		accuracy = 0.10000000149011612
Training round: 973		accuracy = 0.10000000149011612
Training round: 974		accuracy = 0.10000000149011612
Training round: 975		accuracy = 0.10000000149011612
Training round: 976		accuracy = 0.10000000149011612
Training round: 977		accuracy = 0.10000000149011612
Training round: 978		accuracy = 0.10000000149011612
Training round: 979		accuracy = 0.10000000149011612
Training round: 980		accuracy = 0.10000000149011612
Training round: 981		accuracy = 0.10000000149011612
Training round: 982		accuracy = 0.10000000149011612
Training round: 983		accuracy = 0.10000000149011612
Training round: 984		accuracy = 0.10000000149011612
Training round: 985		accuracy = 0.10000000149011612
Training round: 986		accuracy = 0.10000000149011612
Training round: 987		accuracy = 0.10000000149011612
Training round: 988		accuracy = 0.10000000149011612
Training round: 989		accuracy = 0.10000000149011612
Training round: 990		accuracy = 0.10000000149011612
Training round: 991		accuracy = 0.10000000149011612
Training round: 992		accuracy = 0.10000000149011612
Training round: 993		accuracy = 0.10000000149011612
Training round: 994		accuracy = 0.10000000149011612
Training round: 995		accuracy = 0.10000000149011612
Training round: 996		accuracy = 0.10000000149011612
Training round: 997		accuracy = 0.10000000149011612
Training round: 998		accuracy = 0.10000000149011612
Training round: 999		accuracy = 0.10000000149011612
Training round: 1000		accuracy = 0.10000000149011612
Training duration 15002.711894750595
