2021-08-21 23:49:33.353322: I tensorflow/stream_executor/platform/default/dso_loader.cc:49] Successfully opened dynamic library libcudart.so.11.0
2021-08-21 23:49:56.764414: I tensorflow/compiler/jit/xla_cpu_device.cc:41] Not creating XLA devices, tf_xla_enable_xla_devices not set
2021-08-21 23:49:56.769178: I tensorflow/stream_executor/platform/default/dso_loader.cc:49] Successfully opened dynamic library libcuda.so.1
2021-08-21 23:49:56.829516: I tensorflow/core/common_runtime/gpu/gpu_device.cc:1720] Found device 0 with properties: 
pciBusID: 0000:04:00.0 name: Tesla P100-PCIE-12GB computeCapability: 6.0
coreClock: 1.3285GHz coreCount: 56 deviceMemorySize: 11.91GiB deviceMemoryBandwidth: 511.41GiB/s
2021-08-21 23:49:56.830043: I tensorflow/stream_executor/platform/default/dso_loader.cc:49] Successfully opened dynamic library libcudart.so.11.0
2021-08-21 23:49:56.840222: I tensorflow/stream_executor/platform/default/dso_loader.cc:49] Successfully opened dynamic library libcublas.so.11
2021-08-21 23:49:56.840357: I tensorflow/stream_executor/platform/default/dso_loader.cc:49] Successfully opened dynamic library libcublasLt.so.11
2021-08-21 23:49:56.845935: I tensorflow/stream_executor/platform/default/dso_loader.cc:49] Successfully opened dynamic library libcufft.so.10
2021-08-21 23:49:56.848897: I tensorflow/stream_executor/platform/default/dso_loader.cc:49] Successfully opened dynamic library libcurand.so.10
2021-08-21 23:49:56.856981: I tensorflow/stream_executor/platform/default/dso_loader.cc:49] Successfully opened dynamic library libcusolver.so.10
2021-08-21 23:49:56.859101: I tensorflow/stream_executor/platform/default/dso_loader.cc:49] Successfully opened dynamic library libcusparse.so.11
2021-08-21 23:49:56.859931: I tensorflow/stream_executor/platform/default/dso_loader.cc:49] Successfully opened dynamic library libcudnn.so.8
2021-08-21 23:49:56.862377: I tensorflow/core/common_runtime/gpu/gpu_device.cc:1862] Adding visible gpu devices: 0
2021-08-21 23:49:56.863796: I tensorflow/core/platform/cpu_feature_guard.cc:142] This TensorFlow binary is optimized with oneAPI Deep Neural Network Library (oneDNN) to use the following CPU instructions in performance-critical operations:  AVX2 FMA
To enable them in other operations, rebuild TensorFlow with the appropriate compiler flags.
2021-08-21 23:49:56.864082: I tensorflow/compiler/jit/xla_gpu_device.cc:99] Not creating XLA devices, tf_xla_enable_xla_devices not set
2021-08-21 23:49:56.865203: I tensorflow/core/common_runtime/gpu/gpu_device.cc:1720] Found device 0 with properties: 
pciBusID: 0000:04:00.0 name: Tesla P100-PCIE-12GB computeCapability: 6.0
coreClock: 1.3285GHz coreCount: 56 deviceMemorySize: 11.91GiB deviceMemoryBandwidth: 511.41GiB/s
2021-08-21 23:49:56.865286: I tensorflow/stream_executor/platform/default/dso_loader.cc:49] Successfully opened dynamic library libcudart.so.11.0
2021-08-21 23:49:56.865367: I tensorflow/stream_executor/platform/default/dso_loader.cc:49] Successfully opened dynamic library libcublas.so.11
2021-08-21 23:49:56.865418: I tensorflow/stream_executor/platform/default/dso_loader.cc:49] Successfully opened dynamic library libcublasLt.so.11
2021-08-21 23:49:56.865511: I tensorflow/stream_executor/platform/default/dso_loader.cc:49] Successfully opened dynamic library libcufft.so.10
2021-08-21 23:49:56.865584: I tensorflow/stream_executor/platform/default/dso_loader.cc:49] Successfully opened dynamic library libcurand.so.10
2021-08-21 23:49:56.865637: I tensorflow/stream_executor/platform/default/dso_loader.cc:49] Successfully opened dynamic library libcusolver.so.10
2021-08-21 23:49:56.865694: I tensorflow/stream_executor/platform/default/dso_loader.cc:49] Successfully opened dynamic library libcusparse.so.11
2021-08-21 23:49:56.865790: I tensorflow/stream_executor/platform/default/dso_loader.cc:49] Successfully opened dynamic library libcudnn.so.8
2021-08-21 23:49:56.867809: I tensorflow/core/common_runtime/gpu/gpu_device.cc:1862] Adding visible gpu devices: 0
2021-08-21 23:49:56.867942: I tensorflow/stream_executor/platform/default/dso_loader.cc:49] Successfully opened dynamic library libcudart.so.11.0
2021-08-21 23:49:58.208847: I tensorflow/core/common_runtime/gpu/gpu_device.cc:1261] Device interconnect StreamExecutor with strength 1 edge matrix:
2021-08-21 23:49:58.209009: I tensorflow/core/common_runtime/gpu/gpu_device.cc:1267]      0 
2021-08-21 23:49:58.209118: I tensorflow/core/common_runtime/gpu/gpu_device.cc:1280] 0:   N 
2021-08-21 23:49:58.213789: I tensorflow/core/common_runtime/gpu/gpu_device.cc:1406] Created TensorFlow device (/job:localhost/replica:0/task:0/device:GPU:0 with 11119 MB memory) -> physical GPU (device: 0, name: Tesla P100-PCIE-12GB, pci bus id: 0000:04:00.0, compute capability: 6.0)
2021-08-21 23:50:09.184895: I tensorflow/compiler/mlir/mlir_graph_optimization_pass.cc:116] None of the MLIR optimization passes are enabled (registered 2)
2021-08-21 23:50:09.188949: I tensorflow/core/platform/profile_utils/cpu_utils.cc:112] CPU Frequency: 2200035000 Hz
2021-08-21 23:50:09.274926: I tensorflow/stream_executor/platform/default/dso_loader.cc:49] Successfully opened dynamic library libcublas.so.11
2021-08-21 23:50:09.643934: I tensorflow/stream_executor/platform/default/dso_loader.cc:49] Successfully opened dynamic library libcublasLt.so.11
2021-08-21 23:50:09.651300: I tensorflow/stream_executor/platform/default/dso_loader.cc:49] Successfully opened dynamic library libcudnn.so.8
2021-08-21 23:50:11.697276: W tensorflow/stream_executor/gpu/asm_compiler.cc:63] Running ptxas --version returned 256
2021-08-21 23:50:11.988003: W tensorflow/stream_executor/gpu/redzone_allocator.cc:314] Internal: ptxas exited with non-zero error code 256, output: 
Relying on driver to perform ptx compilation. 
Modify $PATH to customize ptxas location.
This message will be only logged once.
Training round: 1		accuracy = 0.4692753553390503
Training round: 2		accuracy = 0.5782608985900879
Training round: 3		accuracy = 0.5104348063468933
Training round: 4		accuracy = 0.6304348111152649
Training round: 5		accuracy = 0.5623188614845276
Training round: 6		accuracy = 0.5686956644058228
Training round: 7		accuracy = 0.5614492893218994
Training round: 8		accuracy = 0.4997101426124573
Training round: 9		accuracy = 0.5637680888175964
Training round: 10		accuracy = 0.5817391276359558
Training round: 11		accuracy = 0.5611594319343567
Training round: 12		accuracy = 0.530434787273407
Training round: 13		accuracy = 0.5779710412025452
Training round: 14		accuracy = 0.5484058260917664
Training round: 15		accuracy = 0.6469565033912659
Training round: 16		accuracy = 0.6182608604431152
Training round: 17		accuracy = 0.6333333253860474
Training round: 18		accuracy = 0.6055072546005249
Training round: 19		accuracy = 0.5855072736740112
Training round: 20		accuracy = 0.5799999833106995
Training round: 21		accuracy = 0.5350724458694458
Training round: 22		accuracy = 0.5802898406982422
Training round: 23		accuracy = 0.5944927334785461
Training round: 24		accuracy = 0.5715941786766052
Training round: 25		accuracy = 0.5121738910675049
Training round: 26		accuracy = 0.6252173781394958
Training round: 27		accuracy = 0.618550717830658
Training round: 28		accuracy = 0.6031883955001831
Training round: 29		accuracy = 0.6214492917060852
Training round: 30		accuracy = 0.5504347681999207
Training round: 31		accuracy = 0.6107246279716492
Training round: 32		accuracy = 0.6228985786437988
Training round: 33		accuracy = 0.6252173781394958
Training round: 34		accuracy = 0.5997101664543152
Training round: 35		accuracy = 0.6243478059768677
Training round: 36		accuracy = 0.6368116140365601
Training round: 37		accuracy = 0.6104347705841064
Training round: 38		accuracy = 0.6243478059768677
Training round: 39		accuracy = 0.6191304326057434
Training round: 40		accuracy = 0.6449275612831116
Training round: 41		accuracy = 0.6078261137008667
Training round: 42		accuracy = 0.6171014308929443
Training round: 43		accuracy = 0.6194202899932861
Training round: 44		accuracy = 0.6278260946273804
Training round: 45		accuracy = 0.6197101473808289
Training round: 46		accuracy = 0.6350724697113037
Training round: 47		accuracy = 0.6118840575218201
Training round: 48		accuracy = 0.6159420013427734
Training round: 49		accuracy = 0.5971014499664307
Training round: 50		accuracy = 0.6405797004699707
Training round: 51		accuracy = 0.6257970929145813
Training round: 52		accuracy = 0.6101449131965637
Training round: 53		accuracy = 0.6391304135322571
Training round: 54		accuracy = 0.6504347920417786
Training round: 55		accuracy = 0.6307246088981628
Training round: 56		accuracy = 0.6214492917060852
Training round: 57		accuracy = 0.6289855241775513
Training round: 58		accuracy = 0.6295652389526367
Training round: 59		accuracy = 0.6431884169578552
Training round: 60		accuracy = 0.629275381565094
Training round: 61		accuracy = 0.6550724506378174
Training round: 62		accuracy = 0.6492753624916077
Training round: 63		accuracy = 0.6307246088981628
Training round: 64		accuracy = 0.5944927334785461
Training round: 65		accuracy = 0.6153623461723328
Training round: 66		accuracy = 0.6504347920417786
Training round: 67		accuracy = 0.629275381565094
Training round: 68		accuracy = 0.6460869312286377
Training round: 69		accuracy = 0.6388405561447144
Training round: 70		accuracy = 0.647826075553894
Training round: 71		accuracy = 0.6307246088981628
Training round: 72		accuracy = 0.631594181060791
Training round: 73		accuracy = 0.6527536511421204
Training round: 74		accuracy = 0.6518840789794922
Training round: 75		accuracy = 0.6585507392883301
Training round: 76		accuracy = 0.6165217161178589
Training round: 77		accuracy = 0.6356521844863892
Training round: 78		accuracy = 0.6234782338142395
Training round: 79		accuracy = 0.634782612323761
Training round: 80		accuracy = 0.6344927549362183
Training round: 81		accuracy = 0.642318844795227
Training round: 82		accuracy = 0.6426087021827698
Training round: 83		accuracy = 0.5910145044326782
Training round: 84		accuracy = 0.607536256313324
Training round: 85		accuracy = 0.6489855051040649
Training round: 86		accuracy = 0.6640579700469971
Training round: 87		accuracy = 0.6350724697113037
Training round: 88		accuracy = 0.6678261160850525
Training round: 89		accuracy = 0.6669565439224243
Training round: 90		accuracy = 0.6460869312286377
Training round: 91		accuracy = 0.6846376657485962
Training round: 92		accuracy = 0.645797073841095
Training round: 93		accuracy = 0.6576811671257019
Training round: 94		accuracy = 0.6747826337814331
Training round: 95		accuracy = 0.6634782552719116
Training round: 96		accuracy = 0.6556521654129028
Training round: 97		accuracy = 0.6289855241775513
Training round: 98		accuracy = 0.6637681126594543
Training round: 99		accuracy = 0.647826075553894
Training round: 100		accuracy = 0.6646376848220825
Training duration 4762.233991384506
