2021-08-23 17:27:47.151192: I tensorflow/stream_executor/platform/default/dso_loader.cc:49] Successfully opened dynamic library libcudart.so.11.0
2021-08-23 17:28:08.045629: I tensorflow/compiler/jit/xla_cpu_device.cc:41] Not creating XLA devices, tf_xla_enable_xla_devices not set
2021-08-23 17:28:08.048698: I tensorflow/stream_executor/platform/default/dso_loader.cc:49] Successfully opened dynamic library libcuda.so.1
2021-08-23 17:28:08.144390: I tensorflow/core/common_runtime/gpu/gpu_device.cc:1720] Found device 0 with properties: 
pciBusID: 0000:18:00.0 name: Tesla V100-SXM2-32GB computeCapability: 7.0
coreClock: 1.53GHz coreCount: 80 deviceMemorySize: 31.75GiB deviceMemoryBandwidth: 836.37GiB/s
2021-08-23 17:28:08.144507: I tensorflow/stream_executor/platform/default/dso_loader.cc:49] Successfully opened dynamic library libcudart.so.11.0
2021-08-23 17:28:08.154266: I tensorflow/stream_executor/platform/default/dso_loader.cc:49] Successfully opened dynamic library libcublas.so.11
2021-08-23 17:28:08.154392: I tensorflow/stream_executor/platform/default/dso_loader.cc:49] Successfully opened dynamic library libcublasLt.so.11
2021-08-23 17:28:08.161636: I tensorflow/stream_executor/platform/default/dso_loader.cc:49] Successfully opened dynamic library libcufft.so.10
2021-08-23 17:28:08.164102: I tensorflow/stream_executor/platform/default/dso_loader.cc:49] Successfully opened dynamic library libcurand.so.10
2021-08-23 17:28:08.174966: I tensorflow/stream_executor/platform/default/dso_loader.cc:49] Successfully opened dynamic library libcusolver.so.10
2021-08-23 17:28:08.177486: I tensorflow/stream_executor/platform/default/dso_loader.cc:49] Successfully opened dynamic library libcusparse.so.11
2021-08-23 17:28:08.178065: I tensorflow/stream_executor/platform/default/dso_loader.cc:49] Successfully opened dynamic library libcudnn.so.8
2021-08-23 17:28:08.190053: I tensorflow/core/common_runtime/gpu/gpu_device.cc:1862] Adding visible gpu devices: 0
2021-08-23 17:28:08.190885: I tensorflow/core/platform/cpu_feature_guard.cc:142] This TensorFlow binary is optimized with oneAPI Deep Neural Network Library (oneDNN) to use the following CPU instructions in performance-critical operations:  AVX2 AVX512F FMA
To enable them in other operations, rebuild TensorFlow with the appropriate compiler flags.
2021-08-23 17:28:08.191199: I tensorflow/compiler/jit/xla_gpu_device.cc:99] Not creating XLA devices, tf_xla_enable_xla_devices not set
2021-08-23 17:28:08.197900: I tensorflow/core/common_runtime/gpu/gpu_device.cc:1720] Found device 0 with properties: 
pciBusID: 0000:18:00.0 name: Tesla V100-SXM2-32GB computeCapability: 7.0
coreClock: 1.53GHz coreCount: 80 deviceMemorySize: 31.75GiB deviceMemoryBandwidth: 836.37GiB/s
2021-08-23 17:28:08.198066: I tensorflow/stream_executor/platform/default/dso_loader.cc:49] Successfully opened dynamic library libcudart.so.11.0
2021-08-23 17:28:08.198200: I tensorflow/stream_executor/platform/default/dso_loader.cc:49] Successfully opened dynamic library libcublas.so.11
2021-08-23 17:28:08.198294: I tensorflow/stream_executor/platform/default/dso_loader.cc:49] Successfully opened dynamic library libcublasLt.so.11
2021-08-23 17:28:08.198380: I tensorflow/stream_executor/platform/default/dso_loader.cc:49] Successfully opened dynamic library libcufft.so.10
2021-08-23 17:28:08.198466: I tensorflow/stream_executor/platform/default/dso_loader.cc:49] Successfully opened dynamic library libcurand.so.10
2021-08-23 17:28:08.198556: I tensorflow/stream_executor/platform/default/dso_loader.cc:49] Successfully opened dynamic library libcusolver.so.10
2021-08-23 17:28:08.198644: I tensorflow/stream_executor/platform/default/dso_loader.cc:49] Successfully opened dynamic library libcusparse.so.11
2021-08-23 17:28:08.198728: I tensorflow/stream_executor/platform/default/dso_loader.cc:49] Successfully opened dynamic library libcudnn.so.8
2021-08-23 17:28:08.246227: I tensorflow/core/common_runtime/gpu/gpu_device.cc:1862] Adding visible gpu devices: 0
2021-08-23 17:28:08.246476: I tensorflow/stream_executor/platform/default/dso_loader.cc:49] Successfully opened dynamic library libcudart.so.11.0
2021-08-23 17:28:09.421970: I tensorflow/core/common_runtime/gpu/gpu_device.cc:1261] Device interconnect StreamExecutor with strength 1 edge matrix:
2021-08-23 17:28:09.422101: I tensorflow/core/common_runtime/gpu/gpu_device.cc:1267]      0 
2021-08-23 17:28:09.422174: I tensorflow/core/common_runtime/gpu/gpu_device.cc:1280] 0:   N 
2021-08-23 17:28:09.429276: I tensorflow/core/common_runtime/gpu/gpu_device.cc:1406] Created TensorFlow device (/job:localhost/replica:0/task:0/device:GPU:0 with 30130 MB memory) -> physical GPU (device: 0, name: Tesla V100-SXM2-32GB, pci bus id: 0000:18:00.0, compute capability: 7.0)
2021-08-23 17:28:21.613547: I tensorflow/compiler/mlir/mlir_graph_optimization_pass.cc:116] None of the MLIR optimization passes are enabled (registered 2)
2021-08-23 17:28:21.621709: I tensorflow/core/platform/profile_utils/cpu_utils.cc:112] CPU Frequency: 2100000000 Hz
2021-08-23 17:28:21.733509: I tensorflow/stream_executor/platform/default/dso_loader.cc:49] Successfully opened dynamic library libcublas.so.11
2021-08-23 17:28:22.336332: I tensorflow/stream_executor/platform/default/dso_loader.cc:49] Successfully opened dynamic library libcublasLt.so.11
2021-08-23 17:28:22.365752: I tensorflow/stream_executor/platform/default/dso_loader.cc:49] Successfully opened dynamic library libcudnn.so.8
2021-08-23 17:28:25.384597: W tensorflow/stream_executor/gpu/asm_compiler.cc:63] Running ptxas --version returned 256
2021-08-23 17:28:25.900299: W tensorflow/stream_executor/gpu/redzone_allocator.cc:314] Internal: ptxas exited with non-zero error code 256, output: 
Relying on driver to perform ptx compilation. 
Modify $PATH to customize ptxas location.
This message will be only logged once.
Training round: 1		accuracy = 0.6191304326057434
Training round: 2		accuracy = 0.5518840551376343
Training round: 3		accuracy = 0.5768116116523743
Training round: 4		accuracy = 0.5968115925788879
Training round: 5		accuracy = 0.6020289659500122
Training round: 6		accuracy = 0.5994203090667725
Training round: 7		accuracy = 0.6113043427467346
Training round: 8		accuracy = 0.6133333444595337
Training round: 9		accuracy = 0.626086950302124
Training round: 10		accuracy = 0.6211594343185425
Training round: 11		accuracy = 0.6231883764266968
Training round: 12		accuracy = 0.6255072355270386
Training round: 13		accuracy = 0.624057948589325
Training round: 14		accuracy = 0.6173912882804871
Training round: 15		accuracy = 0.6179710030555725
Training round: 16		accuracy = 0.6194202899932861
Training round: 17		accuracy = 0.620579719543457
Training round: 18		accuracy = 0.6214492917060852
Training round: 19		accuracy = 0.6226087212562561
Training round: 20		accuracy = 0.6243478059768677
Training round: 21		accuracy = 0.6246376633644104
Training round: 22		accuracy = 0.6220290064811707
Training round: 23		accuracy = 0.6217391490936279
Training round: 24		accuracy = 0.6246376633644104
Training round: 25		accuracy = 0.6275362372398376
Training round: 26		accuracy = 0.6255072355270386
Training round: 27		accuracy = 0.6237680912017822
Training round: 28		accuracy = 0.6257970929145813
Training round: 29		accuracy = 0.6272463798522949
Training round: 30		accuracy = 0.626086950302124
Training round: 31		accuracy = 0.6286956667900085
Training round: 32		accuracy = 0.6281159520149231
Training round: 33		accuracy = 0.6289855241775513
Training round: 34		accuracy = 0.629275381565094
Training round: 35		accuracy = 0.6304348111152649
Training round: 36		accuracy = 0.6295652389526367
Training round: 37		accuracy = 0.6330434679985046
Training round: 38		accuracy = 0.6318840384483337
Training round: 39		accuracy = 0.6321738958358765
Training round: 40		accuracy = 0.6327536106109619
Training round: 41		accuracy = 0.6336231827735901
Training round: 42		accuracy = 0.6318840384483337
Training round: 43		accuracy = 0.6330434679985046
Training round: 44		accuracy = 0.6321738958358765
Training round: 45		accuracy = 0.6327536106109619
Training round: 46		accuracy = 0.6330434679985046
Training round: 47		accuracy = 0.6336231827735901
Training round: 48		accuracy = 0.6333333253860474
Training round: 49		accuracy = 0.6324637532234192
Training round: 50		accuracy = 0.6330434679985046
Training round: 51		accuracy = 0.6336231827735901
Training round: 52		accuracy = 0.6327536106109619
Training round: 53		accuracy = 0.6321738958358765
Training round: 54		accuracy = 0.6321738958358765
Training round: 55		accuracy = 0.6324637532234192
Training round: 56		accuracy = 0.6324637532234192
Training round: 57		accuracy = 0.6327536106109619
Training round: 58		accuracy = 0.6324637532234192
Training round: 59		accuracy = 0.6046376824378967
Training round: 60		accuracy = 0.5895652174949646
Training round: 61		accuracy = 0.5872463583946228
Training round: 62		accuracy = 0.5944927334785461
Training round: 63		accuracy = 0.5968115925788879
Training round: 64		accuracy = 0.5918840765953064
Training round: 65		accuracy = 0.593623161315918
Training round: 66		accuracy = 0.5930435061454773
Training round: 67		accuracy = 0.5921739339828491
Training round: 68		accuracy = 0.5979710221290588
Training round: 69		accuracy = 0.5939130187034607
Training round: 70		accuracy = 0.5982608795166016
Training round: 71		accuracy = 0.5968115925788879
Training round: 72		accuracy = 0.5971014499664307
Training round: 73		accuracy = 0.5985507369041443
Training round: 74		accuracy = 0.5976811647415161
Training round: 75		accuracy = 0.5976811647415161
Training round: 76		accuracy = 0.5976811647415161
Training round: 77		accuracy = 0.5982608795166016
Training round: 78		accuracy = 0.5997101664543152
Training round: 79		accuracy = 0.5976811647415161
Training round: 80		accuracy = 0.5982608795166016
Training round: 81		accuracy = 0.5991304516792297
Training round: 82		accuracy = 0.5994203090667725
Training round: 83		accuracy = 0.5985507369041443
Training round: 84		accuracy = 0.5985507369041443
Training round: 85		accuracy = 0.601159393787384
Training round: 86		accuracy = 0.5994203090667725
Training round: 87		accuracy = 0.6002898812294006
Training round: 88		accuracy = 0.5997101664543152
Training round: 89		accuracy = 0.6000000238418579
Training round: 90		accuracy = 0.5994203090667725
Training round: 91		accuracy = 0.6014492511749268
Training round: 92		accuracy = 0.5994203090667725
Training round: 93		accuracy = 0.598840594291687
Training round: 94		accuracy = 0.601159393787384
Training round: 95		accuracy = 0.6008695363998413
Training round: 96		accuracy = 0.5994203090667725
Training round: 97		accuracy = 0.6000000238418579
Training round: 98		accuracy = 0.5997101664543152
Training round: 99		accuracy = 0.5991304516792297
Training round: 100		accuracy = 0.6005797386169434
Training duration 6837.985193490982
