2021-08-22 20:19:06.476182: I tensorflow/stream_executor/platform/default/dso_loader.cc:49] Successfully opened dynamic library libcudart.so.11.0
2021-08-22 20:19:29.311672: I tensorflow/compiler/jit/xla_cpu_device.cc:41] Not creating XLA devices, tf_xla_enable_xla_devices not set
2021-08-22 20:19:29.318368: I tensorflow/stream_executor/platform/default/dso_loader.cc:49] Successfully opened dynamic library libcuda.so.1
2021-08-22 20:19:29.428462: I tensorflow/core/common_runtime/gpu/gpu_device.cc:1720] Found device 0 with properties: 
pciBusID: 0000:18:00.0 name: Tesla V100-SXM2-32GB computeCapability: 7.0
coreClock: 1.53GHz coreCount: 80 deviceMemorySize: 31.75GiB deviceMemoryBandwidth: 836.37GiB/s
2021-08-22 20:19:29.429152: I tensorflow/stream_executor/platform/default/dso_loader.cc:49] Successfully opened dynamic library libcudart.so.11.0
2021-08-22 20:19:29.443034: I tensorflow/stream_executor/platform/default/dso_loader.cc:49] Successfully opened dynamic library libcublas.so.11
2021-08-22 20:19:29.443234: I tensorflow/stream_executor/platform/default/dso_loader.cc:49] Successfully opened dynamic library libcublasLt.so.11
2021-08-22 20:19:29.449175: I tensorflow/stream_executor/platform/default/dso_loader.cc:49] Successfully opened dynamic library libcufft.so.10
2021-08-22 20:19:29.452651: I tensorflow/stream_executor/platform/default/dso_loader.cc:49] Successfully opened dynamic library libcurand.so.10
2021-08-22 20:19:29.461895: I tensorflow/stream_executor/platform/default/dso_loader.cc:49] Successfully opened dynamic library libcusolver.so.10
2021-08-22 20:19:29.464082: I tensorflow/stream_executor/platform/default/dso_loader.cc:49] Successfully opened dynamic library libcusparse.so.11
2021-08-22 20:19:29.464739: I tensorflow/stream_executor/platform/default/dso_loader.cc:49] Successfully opened dynamic library libcudnn.so.8
2021-08-22 20:19:29.475342: I tensorflow/core/common_runtime/gpu/gpu_device.cc:1862] Adding visible gpu devices: 0
2021-08-22 20:19:29.479031: I tensorflow/core/platform/cpu_feature_guard.cc:142] This TensorFlow binary is optimized with oneAPI Deep Neural Network Library (oneDNN) to use the following CPU instructions in performance-critical operations:  AVX2 AVX512F FMA
To enable them in other operations, rebuild TensorFlow with the appropriate compiler flags.
2021-08-22 20:19:29.479401: I tensorflow/compiler/jit/xla_gpu_device.cc:99] Not creating XLA devices, tf_xla_enable_xla_devices not set
2021-08-22 20:19:29.483006: I tensorflow/core/common_runtime/gpu/gpu_device.cc:1720] Found device 0 with properties: 
pciBusID: 0000:18:00.0 name: Tesla V100-SXM2-32GB computeCapability: 7.0
coreClock: 1.53GHz coreCount: 80 deviceMemorySize: 31.75GiB deviceMemoryBandwidth: 836.37GiB/s
2021-08-22 20:19:29.483152: I tensorflow/stream_executor/platform/default/dso_loader.cc:49] Successfully opened dynamic library libcudart.so.11.0
2021-08-22 20:19:29.483269: I tensorflow/stream_executor/platform/default/dso_loader.cc:49] Successfully opened dynamic library libcublas.so.11
2021-08-22 20:19:29.483391: I tensorflow/stream_executor/platform/default/dso_loader.cc:49] Successfully opened dynamic library libcublasLt.so.11
2021-08-22 20:19:29.483444: I tensorflow/stream_executor/platform/default/dso_loader.cc:49] Successfully opened dynamic library libcufft.so.10
2021-08-22 20:19:29.483497: I tensorflow/stream_executor/platform/default/dso_loader.cc:49] Successfully opened dynamic library libcurand.so.10
2021-08-22 20:19:29.483553: I tensorflow/stream_executor/platform/default/dso_loader.cc:49] Successfully opened dynamic library libcusolver.so.10
2021-08-22 20:19:29.483607: I tensorflow/stream_executor/platform/default/dso_loader.cc:49] Successfully opened dynamic library libcusparse.so.11
2021-08-22 20:19:29.483658: I tensorflow/stream_executor/platform/default/dso_loader.cc:49] Successfully opened dynamic library libcudnn.so.8
2021-08-22 20:19:29.489955: I tensorflow/core/common_runtime/gpu/gpu_device.cc:1862] Adding visible gpu devices: 0
2021-08-22 20:19:29.490142: I tensorflow/stream_executor/platform/default/dso_loader.cc:49] Successfully opened dynamic library libcudart.so.11.0
2021-08-22 20:19:30.935524: I tensorflow/core/common_runtime/gpu/gpu_device.cc:1261] Device interconnect StreamExecutor with strength 1 edge matrix:
2021-08-22 20:19:30.935675: I tensorflow/core/common_runtime/gpu/gpu_device.cc:1267]      0 
2021-08-22 20:19:30.935764: I tensorflow/core/common_runtime/gpu/gpu_device.cc:1280] 0:   N 
2021-08-22 20:19:30.943644: I tensorflow/core/common_runtime/gpu/gpu_device.cc:1406] Created TensorFlow device (/job:localhost/replica:0/task:0/device:GPU:0 with 30130 MB memory) -> physical GPU (device: 0, name: Tesla V100-SXM2-32GB, pci bus id: 0000:18:00.0, compute capability: 7.0)
2021-08-22 20:19:38.982281: I tensorflow/compiler/mlir/mlir_graph_optimization_pass.cc:116] None of the MLIR optimization passes are enabled (registered 2)
2021-08-22 20:19:38.986608: I tensorflow/core/platform/profile_utils/cpu_utils.cc:112] CPU Frequency: 2100000000 Hz
2021-08-22 20:19:39.085987: I tensorflow/stream_executor/platform/default/dso_loader.cc:49] Successfully opened dynamic library libcublas.so.11
2021-08-22 20:19:39.646842: I tensorflow/stream_executor/platform/default/dso_loader.cc:49] Successfully opened dynamic library libcublasLt.so.11
2021-08-22 20:19:39.655520: I tensorflow/stream_executor/platform/default/dso_loader.cc:49] Successfully opened dynamic library libcudnn.so.8
2021-08-22 20:19:41.984622: W tensorflow/stream_executor/gpu/asm_compiler.cc:63] Running ptxas --version returned 256
2021-08-22 20:19:42.095103: W tensorflow/stream_executor/gpu/redzone_allocator.cc:314] Internal: ptxas exited with non-zero error code 256, output: 
Relying on driver to perform ptx compilation. 
Modify $PATH to customize ptxas location.
This message will be only logged once.
UnbalanceMutator started.
UnbalanceMutator finished.
Training round: 1		accuracy = 0.6556521654129028
Training round: 2		accuracy = 0.6550724506378174
Training round: 3		accuracy = 0.6550724506378174
Training round: 4		accuracy = 0.6550724506378174
Training round: 5		accuracy = 0.6550724506378174
Training round: 6		accuracy = 0.6550724506378174
Training round: 7		accuracy = 0.6550724506378174
Training round: 8		accuracy = 0.6550724506378174
Training round: 9		accuracy = 0.6550724506378174
Training round: 10		accuracy = 0.6550724506378174
Training round: 11		accuracy = 0.6550724506378174
Training round: 12		accuracy = 0.6550724506378174
Training round: 13		accuracy = 0.6550724506378174
Training round: 14		accuracy = 0.6550724506378174
Training round: 15		accuracy = 0.6550724506378174
Training round: 16		accuracy = 0.6550724506378174
Training round: 17		accuracy = 0.6550724506378174
Training round: 18		accuracy = 0.6550724506378174
Training round: 19		accuracy = 0.6550724506378174
Training round: 20		accuracy = 0.6547825932502747
Training round: 21		accuracy = 0.6550724506378174
Training round: 22		accuracy = 0.6553623080253601
Training round: 23		accuracy = 0.6550724506378174
Training round: 24		accuracy = 0.6550724506378174
Training round: 25		accuracy = 0.6550724506378174
Training round: 26		accuracy = 0.6550724506378174
Training round: 27		accuracy = 0.6550724506378174
Training round: 28		accuracy = 0.6550724506378174
Training round: 29		accuracy = 0.6550724506378174
Training round: 30		accuracy = 0.6556521654129028
Training round: 31		accuracy = 0.6553623080253601
Training round: 32		accuracy = 0.6556521654129028
Training round: 33		accuracy = 0.6550724506378174
Training round: 34		accuracy = 0.6550724506378174
Training round: 35		accuracy = 0.6553623080253601
Training round: 36		accuracy = 0.6568115949630737
Training round: 37		accuracy = 0.6550724506378174
Training round: 38		accuracy = 0.6550724506378174
Training round: 39		accuracy = 0.6568115949630737
Training round: 40		accuracy = 0.6582608819007874
Training round: 41		accuracy = 0.659710168838501
Training round: 42		accuracy = 0.6550724506378174
Training round: 43		accuracy = 0.6617391109466553
Training round: 44		accuracy = 0.6556521654129028
Training round: 45		accuracy = 0.6550724506378174
Training round: 46		accuracy = 0.6608695387840271
Training round: 47		accuracy = 0.6634782552719116
Training round: 48		accuracy = 0.6663768291473389
Training round: 49		accuracy = 0.6559420228004456
Training round: 50		accuracy = 0.6681159138679504
Training round: 51		accuracy = 0.6715942025184631
Training round: 52		accuracy = 0.6733333468437195
Training round: 53		accuracy = 0.6571014523506165
Training round: 54		accuracy = 0.6579710245132446
Training round: 55		accuracy = 0.667246401309967
Training round: 56		accuracy = 0.6692753434181213
Training round: 57		accuracy = 0.6582608819007874
Training round: 58		accuracy = 0.6794202923774719
Training round: 59		accuracy = 0.6823188662528992
Training round: 60		accuracy = 0.6826087236404419
Training round: 61		accuracy = 0.6594203114509583
Training round: 62		accuracy = 0.6794202923774719
Training round: 63		accuracy = 0.6611593961715698
Training round: 64		accuracy = 0.6591304540634155
Training round: 65		accuracy = 0.6600000262260437
Training round: 66		accuracy = 0.6611593961715698
Training round: 67		accuracy = 0.6840579509735107
Training round: 68		accuracy = 0.6843478083610535
Training round: 69		accuracy = 0.6640579700469971
Training round: 70		accuracy = 0.6828985214233398
Training round: 71		accuracy = 0.6657971143722534
Training round: 72		accuracy = 0.6655072569847107
Training round: 73		accuracy = 0.6808695793151855
Training round: 74		accuracy = 0.667246401309967
Training round: 75		accuracy = 0.6663768291473389
Training round: 76		accuracy = 0.6686956286430359
Training round: 77		accuracy = 0.6886956691741943
Training round: 78		accuracy = 0.6915941834449768
Training round: 79		accuracy = 0.6910144686698914
Training round: 80		accuracy = 0.6692753434181213
Training round: 81		accuracy = 0.683768093585968
Training round: 82		accuracy = 0.6715942025184631
Training round: 83		accuracy = 0.6875362396240234
Training round: 84		accuracy = 0.6715942025184631
Training round: 85		accuracy = 0.6715942025184631
Training round: 86		accuracy = 0.6736232042312622
Training round: 87		accuracy = 0.6892753839492798
Training round: 88		accuracy = 0.6913043260574341
Training round: 89		accuracy = 0.6927536129951477
Training round: 90		accuracy = 0.6750724911689758
Training round: 91		accuracy = 0.6892753839492798
Training round: 92		accuracy = 0.6907246112823486
Training round: 93		accuracy = 0.6759420037269592
Training round: 94		accuracy = 0.6907246112823486
Training round: 95		accuracy = 0.6927536129951477
Training round: 96		accuracy = 0.6947826147079468
Training round: 97		accuracy = 0.6771014332771301
Training round: 98		accuracy = 0.6939130425453186
Training round: 99		accuracy = 0.694492757320404
Training round: 100		accuracy = 0.6794202923774719
Training duration 5657.901478052139
