2021-08-23 15:55:31.132131: I tensorflow/stream_executor/platform/default/dso_loader.cc:49] Successfully opened dynamic library libcudart.so.11.0
2021-08-23 15:56:57.931745: I tensorflow/compiler/jit/xla_cpu_device.cc:41] Not creating XLA devices, tf_xla_enable_xla_devices not set
2021-08-23 15:56:58.062181: I tensorflow/stream_executor/platform/default/dso_loader.cc:49] Successfully opened dynamic library libcuda.so.1
2021-08-23 15:56:58.131606: I tensorflow/core/common_runtime/gpu/gpu_device.cc:1720] Found device 0 with properties: 
pciBusID: 0000:03:00.0 name: Tesla P100-PCIE-12GB computeCapability: 6.0
coreClock: 1.3285GHz coreCount: 56 deviceMemorySize: 11.91GiB deviceMemoryBandwidth: 511.41GiB/s
2021-08-23 15:56:58.132358: I tensorflow/stream_executor/platform/default/dso_loader.cc:49] Successfully opened dynamic library libcudart.so.11.0
2021-08-23 15:56:58.146788: I tensorflow/stream_executor/platform/default/dso_loader.cc:49] Successfully opened dynamic library libcublas.so.11
2021-08-23 15:56:58.146984: I tensorflow/stream_executor/platform/default/dso_loader.cc:49] Successfully opened dynamic library libcublasLt.so.11
2021-08-23 15:56:58.155220: I tensorflow/stream_executor/platform/default/dso_loader.cc:49] Successfully opened dynamic library libcufft.so.10
2021-08-23 15:56:58.158218: I tensorflow/stream_executor/platform/default/dso_loader.cc:49] Successfully opened dynamic library libcurand.so.10
2021-08-23 15:56:58.167917: I tensorflow/stream_executor/platform/default/dso_loader.cc:49] Successfully opened dynamic library libcusolver.so.10
2021-08-23 15:56:58.170643: I tensorflow/stream_executor/platform/default/dso_loader.cc:49] Successfully opened dynamic library libcusparse.so.11
2021-08-23 15:56:58.172874: I tensorflow/stream_executor/platform/default/dso_loader.cc:49] Successfully opened dynamic library libcudnn.so.8
2021-08-23 15:56:58.180054: I tensorflow/core/common_runtime/gpu/gpu_device.cc:1862] Adding visible gpu devices: 0
2021-08-23 15:56:58.202322: I tensorflow/core/platform/cpu_feature_guard.cc:142] This TensorFlow binary is optimized with oneAPI Deep Neural Network Library (oneDNN) to use the following CPU instructions in performance-critical operations:  AVX2 FMA
To enable them in other operations, rebuild TensorFlow with the appropriate compiler flags.
2021-08-23 15:56:58.210405: I tensorflow/compiler/jit/xla_gpu_device.cc:99] Not creating XLA devices, tf_xla_enable_xla_devices not set
2021-08-23 15:56:58.212800: I tensorflow/core/common_runtime/gpu/gpu_device.cc:1720] Found device 0 with properties: 
pciBusID: 0000:03:00.0 name: Tesla P100-PCIE-12GB computeCapability: 6.0
coreClock: 1.3285GHz coreCount: 56 deviceMemorySize: 11.91GiB deviceMemoryBandwidth: 511.41GiB/s
2021-08-23 15:56:58.212920: I tensorflow/stream_executor/platform/default/dso_loader.cc:49] Successfully opened dynamic library libcudart.so.11.0
2021-08-23 15:56:58.213037: I tensorflow/stream_executor/platform/default/dso_loader.cc:49] Successfully opened dynamic library libcublas.so.11
2021-08-23 15:56:58.213120: I tensorflow/stream_executor/platform/default/dso_loader.cc:49] Successfully opened dynamic library libcublasLt.so.11
2021-08-23 15:56:58.213221: I tensorflow/stream_executor/platform/default/dso_loader.cc:49] Successfully opened dynamic library libcufft.so.10
2021-08-23 15:56:58.213300: I tensorflow/stream_executor/platform/default/dso_loader.cc:49] Successfully opened dynamic library libcurand.so.10
2021-08-23 15:56:58.213435: I tensorflow/stream_executor/platform/default/dso_loader.cc:49] Successfully opened dynamic library libcusolver.so.10
2021-08-23 15:56:58.213522: I tensorflow/stream_executor/platform/default/dso_loader.cc:49] Successfully opened dynamic library libcusparse.so.11
2021-08-23 15:56:58.213627: I tensorflow/stream_executor/platform/default/dso_loader.cc:49] Successfully opened dynamic library libcudnn.so.8
2021-08-23 15:56:58.216672: I tensorflow/core/common_runtime/gpu/gpu_device.cc:1862] Adding visible gpu devices: 0
2021-08-23 15:56:58.217543: I tensorflow/stream_executor/platform/default/dso_loader.cc:49] Successfully opened dynamic library libcudart.so.11.0
2021-08-23 15:56:59.587643: I tensorflow/core/common_runtime/gpu/gpu_device.cc:1261] Device interconnect StreamExecutor with strength 1 edge matrix:
2021-08-23 15:56:59.587796: I tensorflow/core/common_runtime/gpu/gpu_device.cc:1267]      0 
2021-08-23 15:56:59.589433: I tensorflow/core/common_runtime/gpu/gpu_device.cc:1280] 0:   N 
2021-08-23 15:56:59.603532: I tensorflow/core/common_runtime/gpu/gpu_device.cc:1406] Created TensorFlow device (/job:localhost/replica:0/task:0/device:GPU:0 with 11119 MB memory) -> physical GPU (device: 0, name: Tesla P100-PCIE-12GB, pci bus id: 0000:03:00.0, compute capability: 6.0)
2021-08-23 15:57:17.021803: I tensorflow/compiler/mlir/mlir_graph_optimization_pass.cc:116] None of the MLIR optimization passes are enabled (registered 2)
2021-08-23 15:57:17.031612: I tensorflow/core/platform/profile_utils/cpu_utils.cc:112] CPU Frequency: 2199990000 Hz
2021-08-23 15:57:17.228424: I tensorflow/stream_executor/platform/default/dso_loader.cc:49] Successfully opened dynamic library libcublas.so.11
2021-08-23 15:57:17.615195: I tensorflow/stream_executor/platform/default/dso_loader.cc:49] Successfully opened dynamic library libcublasLt.so.11
2021-08-23 15:57:17.661385: I tensorflow/stream_executor/platform/default/dso_loader.cc:49] Successfully opened dynamic library libcudnn.so.8
2021-08-23 15:57:19.884044: W tensorflow/stream_executor/gpu/asm_compiler.cc:63] Running ptxas --version returned 256
2021-08-23 15:57:20.413653: W tensorflow/stream_executor/gpu/redzone_allocator.cc:314] Internal: ptxas exited with non-zero error code 256, output: 
Relying on driver to perform ptx compilation. 
Modify $PATH to customize ptxas location.
This message will be only logged once.
NoiseMutator started.
NoiseMutator finished.
Training round: 1		accuracy = 0.6446377038955688
Training round: 2		accuracy = 0.6049275398254395
Training round: 3		accuracy = 0.5695652365684509
Training round: 4		accuracy = 0.5614492893218994
Training round: 5		accuracy = 0.6040579676628113
Training round: 6		accuracy = 0.6107246279716492
Training round: 7		accuracy = 0.6437681317329407
Training round: 8		accuracy = 0.5979710221290588
Training round: 9		accuracy = 0.6057971119880676
Training round: 10		accuracy = 0.6115942001342773
Training round: 11		accuracy = 0.6078261137008667
Training round: 12		accuracy = 0.5933333039283752
Training round: 13		accuracy = 0.618550717830658
Training round: 14		accuracy = 0.6298550963401794
Training round: 15		accuracy = 0.6399999856948853
Training round: 16		accuracy = 0.6356521844863892
Training round: 17		accuracy = 0.6324637532234192
Training round: 18		accuracy = 0.6365217566490173
Training round: 19		accuracy = 0.6411594152450562
Training round: 20		accuracy = 0.6449275612831116
Training round: 21		accuracy = 0.6582608819007874
Training round: 22		accuracy = 0.6504347920417786
Training round: 23		accuracy = 0.6608695387840271
Training round: 24		accuracy = 0.6527536511421204
Training round: 25		accuracy = 0.6771014332771301
Training round: 26		accuracy = 0.6739130616188049
Training round: 27		accuracy = 0.6684057712554932
Training round: 28		accuracy = 0.6797101497650146
Training round: 29		accuracy = 0.6733333468437195
Training round: 30		accuracy = 0.6631883978843689
Training round: 31		accuracy = 0.6811594367027283
Training round: 32		accuracy = 0.6794202923774719
Training round: 33		accuracy = 0.6649275422096252
Training round: 34		accuracy = 0.6739130616188049
Training round: 35		accuracy = 0.6753623485565186
Training round: 36		accuracy = 0.6765217185020447
Training round: 37		accuracy = 0.6802898645401001
Training round: 38		accuracy = 0.6802898645401001
Training round: 39		accuracy = 0.6747826337814331
Training round: 40		accuracy = 0.678260862827301
Training round: 41		accuracy = 0.6649275422096252
Training round: 42		accuracy = 0.6779710054397583
Training round: 43		accuracy = 0.6811594367027283
Training round: 44		accuracy = 0.6704347729682922
Training round: 45		accuracy = 0.6863768100738525
Training round: 46		accuracy = 0.6849275231361389
Training round: 47		accuracy = 0.6800000071525574
Training round: 48		accuracy = 0.6823188662528992
Training round: 49		accuracy = 0.683768093585968
Training round: 50		accuracy = 0.6860869526863098
Training round: 51		accuracy = 0.6686956286430359
Training round: 52		accuracy = 0.676231861114502
Training round: 53		accuracy = 0.6878260970115662
Training round: 54		accuracy = 0.6849275231361389
Training round: 55		accuracy = 0.690144956111908
Training round: 56		accuracy = 0.6860869526863098
Training round: 57		accuracy = 0.6817391514778137
Training round: 58		accuracy = 0.6753623485565186
Training round: 59		accuracy = 0.6840579509735107
Training round: 60		accuracy = 0.6892753839492798
Training round: 61		accuracy = 0.6852173805236816
Training round: 62		accuracy = 0.6828985214233398
Training round: 63		accuracy = 0.6817391514778137
Training round: 64		accuracy = 0.6881159543991089
Training round: 65		accuracy = 0.6831883788108826
Training round: 66		accuracy = 0.6843478083610535
Training round: 67		accuracy = 0.683768093585968
Training round: 68		accuracy = 0.6889855265617371
Training round: 69		accuracy = 0.6843478083610535
Training round: 70		accuracy = 0.686956524848938
Training round: 71		accuracy = 0.6826087236404419
Training round: 72		accuracy = 0.6843478083610535
Training round: 73		accuracy = 0.6823188662528992
Training round: 74		accuracy = 0.6817391514778137
Training round: 75		accuracy = 0.6855072379112244
Training round: 76		accuracy = 0.6808695793151855
Training round: 77		accuracy = 0.6802898645401001
Training round: 78		accuracy = 0.6817391514778137
Training round: 79		accuracy = 0.6811594367027283
Training round: 80		accuracy = 0.6840579509735107
Training round: 81		accuracy = 0.6820290088653564
Training round: 82		accuracy = 0.6826087236404419
Training round: 83		accuracy = 0.6826087236404419
Training round: 84		accuracy = 0.6823188662528992
Training round: 85		accuracy = 0.681449294090271
Training round: 86		accuracy = 0.6817391514778137
Training round: 87		accuracy = 0.6811594367027283
Training round: 88		accuracy = 0.6805797219276428
Training round: 89		accuracy = 0.6808695793151855
Training round: 90		accuracy = 0.6828985214233398
Training round: 91		accuracy = 0.6831883788108826
Training round: 92		accuracy = 0.6808695793151855
Training round: 93		accuracy = 0.6817391514778137
Training round: 94		accuracy = 0.681449294090271
Training round: 95		accuracy = 0.6843478083610535
Training round: 96		accuracy = 0.6826087236404419
Training round: 97		accuracy = 0.6828985214233398
Training round: 98		accuracy = 0.6823188662528992
Training round: 99		accuracy = 0.683768093585968
Training round: 100		accuracy = 0.683768093585968
Training duration 8636.953192949295
