2021-08-21 22:39:51.147089: I tensorflow/stream_executor/platform/default/dso_loader.cc:49] Successfully opened dynamic library libcudart.so.11.0
2021-08-21 22:40:37.243342: I tensorflow/compiler/jit/xla_cpu_device.cc:41] Not creating XLA devices, tf_xla_enable_xla_devices not set
2021-08-21 22:40:37.425106: I tensorflow/stream_executor/platform/default/dso_loader.cc:49] Successfully opened dynamic library libcuda.so.1
2021-08-21 22:40:37.512346: I tensorflow/core/common_runtime/gpu/gpu_device.cc:1720] Found device 0 with properties: 
pciBusID: 0000:03:00.0 name: Tesla P100-PCIE-12GB computeCapability: 6.0
coreClock: 1.3285GHz coreCount: 56 deviceMemorySize: 11.91GiB deviceMemoryBandwidth: 511.41GiB/s
2021-08-21 22:40:37.513998: I tensorflow/stream_executor/platform/default/dso_loader.cc:49] Successfully opened dynamic library libcudart.so.11.0
2021-08-21 22:40:37.528215: I tensorflow/stream_executor/platform/default/dso_loader.cc:49] Successfully opened dynamic library libcublas.so.11
2021-08-21 22:40:37.528388: I tensorflow/stream_executor/platform/default/dso_loader.cc:49] Successfully opened dynamic library libcublasLt.so.11
2021-08-21 22:40:37.535238: I tensorflow/stream_executor/platform/default/dso_loader.cc:49] Successfully opened dynamic library libcufft.so.10
2021-08-21 22:40:37.539515: I tensorflow/stream_executor/platform/default/dso_loader.cc:49] Successfully opened dynamic library libcurand.so.10
2021-08-21 22:40:37.548806: I tensorflow/stream_executor/platform/default/dso_loader.cc:49] Successfully opened dynamic library libcusolver.so.10
2021-08-21 22:40:37.551041: I tensorflow/stream_executor/platform/default/dso_loader.cc:49] Successfully opened dynamic library libcusparse.so.11
2021-08-21 22:40:37.558079: I tensorflow/stream_executor/platform/default/dso_loader.cc:49] Successfully opened dynamic library libcudnn.so.8
2021-08-21 22:40:37.573793: I tensorflow/core/common_runtime/gpu/gpu_device.cc:1862] Adding visible gpu devices: 0
2021-08-21 22:40:37.605494: I tensorflow/core/platform/cpu_feature_guard.cc:142] This TensorFlow binary is optimized with oneAPI Deep Neural Network Library (oneDNN) to use the following CPU instructions in performance-critical operations:  AVX2 FMA
To enable them in other operations, rebuild TensorFlow with the appropriate compiler flags.
2021-08-21 22:40:37.615514: I tensorflow/compiler/jit/xla_gpu_device.cc:99] Not creating XLA devices, tf_xla_enable_xla_devices not set
2021-08-21 22:40:37.618871: I tensorflow/core/common_runtime/gpu/gpu_device.cc:1720] Found device 0 with properties: 
pciBusID: 0000:03:00.0 name: Tesla P100-PCIE-12GB computeCapability: 6.0
coreClock: 1.3285GHz coreCount: 56 deviceMemorySize: 11.91GiB deviceMemoryBandwidth: 511.41GiB/s
2021-08-21 22:40:37.619010: I tensorflow/stream_executor/platform/default/dso_loader.cc:49] Successfully opened dynamic library libcudart.so.11.0
2021-08-21 22:40:37.619104: I tensorflow/stream_executor/platform/default/dso_loader.cc:49] Successfully opened dynamic library libcublas.so.11
2021-08-21 22:40:37.619195: I tensorflow/stream_executor/platform/default/dso_loader.cc:49] Successfully opened dynamic library libcublasLt.so.11
2021-08-21 22:40:37.619311: I tensorflow/stream_executor/platform/default/dso_loader.cc:49] Successfully opened dynamic library libcufft.so.10
2021-08-21 22:40:37.619378: I tensorflow/stream_executor/platform/default/dso_loader.cc:49] Successfully opened dynamic library libcurand.so.10
2021-08-21 22:40:37.619475: I tensorflow/stream_executor/platform/default/dso_loader.cc:49] Successfully opened dynamic library libcusolver.so.10
2021-08-21 22:40:37.619536: I tensorflow/stream_executor/platform/default/dso_loader.cc:49] Successfully opened dynamic library libcusparse.so.11
2021-08-21 22:40:37.619650: I tensorflow/stream_executor/platform/default/dso_loader.cc:49] Successfully opened dynamic library libcudnn.so.8
2021-08-21 22:40:37.622347: I tensorflow/core/common_runtime/gpu/gpu_device.cc:1862] Adding visible gpu devices: 0
2021-08-21 22:40:37.623155: I tensorflow/stream_executor/platform/default/dso_loader.cc:49] Successfully opened dynamic library libcudart.so.11.0
2021-08-21 22:40:39.075493: I tensorflow/core/common_runtime/gpu/gpu_device.cc:1261] Device interconnect StreamExecutor with strength 1 edge matrix:
2021-08-21 22:40:39.075660: I tensorflow/core/common_runtime/gpu/gpu_device.cc:1267]      0 
2021-08-21 22:40:39.076068: I tensorflow/core/common_runtime/gpu/gpu_device.cc:1280] 0:   N 
2021-08-21 22:40:39.094640: I tensorflow/core/common_runtime/gpu/gpu_device.cc:1406] Created TensorFlow device (/job:localhost/replica:0/task:0/device:GPU:0 with 11119 MB memory) -> physical GPU (device: 0, name: Tesla P100-PCIE-12GB, pci bus id: 0000:03:00.0, compute capability: 6.0)
2021-08-21 22:40:47.106616: I tensorflow/compiler/mlir/mlir_graph_optimization_pass.cc:116] None of the MLIR optimization passes are enabled (registered 2)
2021-08-21 22:40:47.115560: I tensorflow/core/platform/profile_utils/cpu_utils.cc:112] CPU Frequency: 2200155000 Hz
2021-08-21 22:40:47.281831: I tensorflow/stream_executor/platform/default/dso_loader.cc:49] Successfully opened dynamic library libcublas.so.11
2021-08-21 22:40:47.656535: I tensorflow/stream_executor/platform/default/dso_loader.cc:49] Successfully opened dynamic library libcublasLt.so.11
2021-08-21 22:40:47.696632: I tensorflow/stream_executor/platform/default/dso_loader.cc:49] Successfully opened dynamic library libcudnn.so.8
2021-08-21 22:40:49.434900: W tensorflow/stream_executor/gpu/asm_compiler.cc:63] Running ptxas --version returned 256
2021-08-21 22:40:49.509340: W tensorflow/stream_executor/gpu/redzone_allocator.cc:314] Internal: ptxas exited with non-zero error code 256, output: 
Relying on driver to perform ptx compilation. 
Modify $PATH to customize ptxas location.
This message will be only logged once.
LabelAttacker started.
LabelAttacker finished.
Training round: 1		accuracy = 0.4333333373069763
Training round: 2		accuracy = 0.4147826135158539
Training round: 3		accuracy = 0.4101449251174927
Training round: 4		accuracy = 0.44173914194107056
Training round: 5		accuracy = 0.44869565963745117
Training round: 6		accuracy = 0.42695653438568115
Training round: 7		accuracy = 0.42811593413352966
Training round: 8		accuracy = 0.4356521666049957
Training round: 9		accuracy = 0.4524637758731842
Training round: 10		accuracy = 0.46000000834465027
Training round: 11		accuracy = 0.44869565963745117
Training round: 12		accuracy = 0.4455072581768036
Training round: 13		accuracy = 0.4536231756210327
Training round: 14		accuracy = 0.4443478286266327
Training round: 15		accuracy = 0.4263768196105957
Training round: 16		accuracy = 0.4704347848892212
Training round: 17		accuracy = 0.46202898025512695
Training round: 18		accuracy = 0.42695653438568115
Training round: 19		accuracy = 0.45855072140693665
Training round: 20		accuracy = 0.4498550593852997
Training round: 21		accuracy = 0.4423188269138336
Training round: 22		accuracy = 0.4365217387676239
Training round: 23		accuracy = 0.4718840718269348
Training round: 24		accuracy = 0.45623189210891724
Training round: 25		accuracy = 0.4568116068840027
Training round: 26		accuracy = 0.4344927668571472
Training round: 27		accuracy = 0.460289865732193
Training round: 28		accuracy = 0.46579709649086
Training round: 29		accuracy = 0.45739129185676575
Training round: 30		accuracy = 0.4501449167728424
Training round: 31		accuracy = 0.43942028284072876
Training round: 32		accuracy = 0.4591304361820221
Training round: 33		accuracy = 0.44956523180007935
Training round: 34		accuracy = 0.4489855170249939
Training round: 35		accuracy = 0.4524637758731842
Training round: 36		accuracy = 0.46202898025512695
Training round: 37		accuracy = 0.46000000834465027
Training round: 38		accuracy = 0.44260868430137634
Training round: 39		accuracy = 0.44028985500335693
Training round: 40		accuracy = 0.4368115961551666
Training round: 41		accuracy = 0.43478259444236755
Training round: 42		accuracy = 0.4455072581768036
Training round: 43		accuracy = 0.4446376860141754
Training round: 44		accuracy = 0.44405797123908997
Training round: 45		accuracy = 0.4397101402282715
Training round: 46		accuracy = 0.4498550593852997
Training round: 47		accuracy = 0.4368115961551666
Training round: 48		accuracy = 0.4469565153121948
Training round: 49		accuracy = 0.4376811683177948
Training round: 50		accuracy = 0.4492753744125366
Training round: 51		accuracy = 0.4434782564640045
Training round: 52		accuracy = 0.4466666579246521
Training round: 53		accuracy = 0.4385507106781006
Training round: 54		accuracy = 0.4466666579246521
Training round: 55		accuracy = 0.44492754340171814
Training round: 56		accuracy = 0.4466666579246521
Training round: 57		accuracy = 0.4399999976158142
Training round: 58		accuracy = 0.4431883990764618
Training round: 59		accuracy = 0.4373913109302521
Training round: 60		accuracy = 0.44057971239089966
Training round: 61		accuracy = 0.4420289993286133
Training round: 62		accuracy = 0.4373913109302521
Training round: 63		accuracy = 0.4333333373069763
Training round: 64		accuracy = 0.43362319469451904
Training round: 65		accuracy = 0.45884057879447937
Training round: 66		accuracy = 0.4463768005371094
Training round: 67		accuracy = 0.45072463154792786
Training round: 68		accuracy = 0.4431883990764618
Training round: 69		accuracy = 0.4443478286266327
Training round: 70		accuracy = 0.43710145354270935
Training round: 71		accuracy = 0.4388405680656433
Training round: 72		accuracy = 0.44173914194107056
Training round: 73		accuracy = 0.43826088309288025
Training round: 74		accuracy = 0.4423188269138336
Training round: 75		accuracy = 0.43942028284072876
Training round: 76		accuracy = 0.44144928455352783
Training round: 77		accuracy = 0.4342029094696045
Training round: 78		accuracy = 0.4356521666049957
Training round: 79		accuracy = 0.4423188269138336
Training round: 80		accuracy = 0.4385507106781006
Training round: 81		accuracy = 0.43014493584632874
Training round: 82		accuracy = 0.43362319469451904
Training round: 83		accuracy = 0.4318840503692627
Training round: 84		accuracy = 0.435362309217453
Training round: 85		accuracy = 0.4344927668571472
Training round: 86		accuracy = 0.4330434799194336
Training round: 87		accuracy = 0.4434782564640045
Training round: 88		accuracy = 0.44608694314956665
Training round: 89		accuracy = 0.4385507106781006
Training round: 90		accuracy = 0.43478259444236755
Training round: 91		accuracy = 0.4385507106781006
Training round: 92		accuracy = 0.44289854168891907
Training round: 93		accuracy = 0.4408695697784424
Training round: 94		accuracy = 0.43246376514434814
Training round: 95		accuracy = 0.4376811683177948
Training round: 96		accuracy = 0.4362318813800812
Training round: 97		accuracy = 0.4385507106781006
Training round: 98		accuracy = 0.43130433559417725
Training round: 99		accuracy = 0.43159419298171997
Training round: 100		accuracy = 0.4263768196105957
Training duration 6636.792834997177
