2021-08-21 23:58:38.015628: I tensorflow/stream_executor/platform/default/dso_loader.cc:49] Successfully opened dynamic library libcudart.so.11.0
2021-08-21 23:59:03.228523: I tensorflow/compiler/jit/xla_cpu_device.cc:41] Not creating XLA devices, tf_xla_enable_xla_devices not set
2021-08-21 23:59:03.235009: I tensorflow/stream_executor/platform/default/dso_loader.cc:49] Successfully opened dynamic library libcuda.so.1
2021-08-21 23:59:03.307699: I tensorflow/core/common_runtime/gpu/gpu_device.cc:1720] Found device 0 with properties: 
pciBusID: 0000:3b:00.0 name: Tesla V100-SXM2-32GB computeCapability: 7.0
coreClock: 1.53GHz coreCount: 80 deviceMemorySize: 31.75GiB deviceMemoryBandwidth: 836.37GiB/s
2021-08-21 23:59:03.308265: I tensorflow/stream_executor/platform/default/dso_loader.cc:49] Successfully opened dynamic library libcudart.so.11.0
2021-08-21 23:59:03.332110: I tensorflow/stream_executor/platform/default/dso_loader.cc:49] Successfully opened dynamic library libcublas.so.11
2021-08-21 23:59:03.332291: I tensorflow/stream_executor/platform/default/dso_loader.cc:49] Successfully opened dynamic library libcublasLt.so.11
2021-08-21 23:59:03.337407: I tensorflow/stream_executor/platform/default/dso_loader.cc:49] Successfully opened dynamic library libcufft.so.10
2021-08-21 23:59:03.339674: I tensorflow/stream_executor/platform/default/dso_loader.cc:49] Successfully opened dynamic library libcurand.so.10
2021-08-21 23:59:03.347608: I tensorflow/stream_executor/platform/default/dso_loader.cc:49] Successfully opened dynamic library libcusolver.so.10
2021-08-21 23:59:03.349406: I tensorflow/stream_executor/platform/default/dso_loader.cc:49] Successfully opened dynamic library libcusparse.so.11
2021-08-21 23:59:03.350015: I tensorflow/stream_executor/platform/default/dso_loader.cc:49] Successfully opened dynamic library libcudnn.so.8
2021-08-21 23:59:03.355120: I tensorflow/core/common_runtime/gpu/gpu_device.cc:1862] Adding visible gpu devices: 0
2021-08-21 23:59:03.355971: I tensorflow/core/platform/cpu_feature_guard.cc:142] This TensorFlow binary is optimized with oneAPI Deep Neural Network Library (oneDNN) to use the following CPU instructions in performance-critical operations:  AVX2 AVX512F FMA
To enable them in other operations, rebuild TensorFlow with the appropriate compiler flags.
2021-08-21 23:59:03.356353: I tensorflow/compiler/jit/xla_gpu_device.cc:99] Not creating XLA devices, tf_xla_enable_xla_devices not set
2021-08-21 23:59:03.362323: I tensorflow/core/common_runtime/gpu/gpu_device.cc:1720] Found device 0 with properties: 
pciBusID: 0000:3b:00.0 name: Tesla V100-SXM2-32GB computeCapability: 7.0
coreClock: 1.53GHz coreCount: 80 deviceMemorySize: 31.75GiB deviceMemoryBandwidth: 836.37GiB/s
2021-08-21 23:59:03.362510: I tensorflow/stream_executor/platform/default/dso_loader.cc:49] Successfully opened dynamic library libcudart.so.11.0
2021-08-21 23:59:03.362619: I tensorflow/stream_executor/platform/default/dso_loader.cc:49] Successfully opened dynamic library libcublas.so.11
2021-08-21 23:59:03.362766: I tensorflow/stream_executor/platform/default/dso_loader.cc:49] Successfully opened dynamic library libcublasLt.so.11
2021-08-21 23:59:03.362908: I tensorflow/stream_executor/platform/default/dso_loader.cc:49] Successfully opened dynamic library libcufft.so.10
2021-08-21 23:59:03.363014: I tensorflow/stream_executor/platform/default/dso_loader.cc:49] Successfully opened dynamic library libcurand.so.10
2021-08-21 23:59:03.363158: I tensorflow/stream_executor/platform/default/dso_loader.cc:49] Successfully opened dynamic library libcusolver.so.10
2021-08-21 23:59:03.363241: I tensorflow/stream_executor/platform/default/dso_loader.cc:49] Successfully opened dynamic library libcusparse.so.11
2021-08-21 23:59:03.363325: I tensorflow/stream_executor/platform/default/dso_loader.cc:49] Successfully opened dynamic library libcudnn.so.8
2021-08-21 23:59:03.373557: I tensorflow/core/common_runtime/gpu/gpu_device.cc:1862] Adding visible gpu devices: 0
2021-08-21 23:59:03.373790: I tensorflow/stream_executor/platform/default/dso_loader.cc:49] Successfully opened dynamic library libcudart.so.11.0
2021-08-21 23:59:04.634455: I tensorflow/core/common_runtime/gpu/gpu_device.cc:1261] Device interconnect StreamExecutor with strength 1 edge matrix:
2021-08-21 23:59:04.634695: I tensorflow/core/common_runtime/gpu/gpu_device.cc:1267]      0 
2021-08-21 23:59:04.634839: I tensorflow/core/common_runtime/gpu/gpu_device.cc:1280] 0:   N 
2021-08-21 23:59:04.645131: I tensorflow/core/common_runtime/gpu/gpu_device.cc:1406] Created TensorFlow device (/job:localhost/replica:0/task:0/device:GPU:0 with 30130 MB memory) -> physical GPU (device: 0, name: Tesla V100-SXM2-32GB, pci bus id: 0000:3b:00.0, compute capability: 7.0)
2021-08-21 23:59:12.663747: I tensorflow/compiler/mlir/mlir_graph_optimization_pass.cc:116] None of the MLIR optimization passes are enabled (registered 2)
2021-08-21 23:59:12.668203: I tensorflow/core/platform/profile_utils/cpu_utils.cc:112] CPU Frequency: 2100000000 Hz
2021-08-21 23:59:12.744450: I tensorflow/stream_executor/platform/default/dso_loader.cc:49] Successfully opened dynamic library libcublas.so.11
2021-08-21 23:59:13.313013: I tensorflow/stream_executor/platform/default/dso_loader.cc:49] Successfully opened dynamic library libcublasLt.so.11
2021-08-21 23:59:13.323803: I tensorflow/stream_executor/platform/default/dso_loader.cc:49] Successfully opened dynamic library libcudnn.so.8
2021-08-21 23:59:16.224301: W tensorflow/stream_executor/gpu/asm_compiler.cc:63] Running ptxas --version returned 256
2021-08-21 23:59:16.584721: W tensorflow/stream_executor/gpu/redzone_allocator.cc:314] Internal: ptxas exited with non-zero error code 256, output: 
Relying on driver to perform ptx compilation. 
Modify $PATH to customize ptxas location.
This message will be only logged once.
Training round: 1		accuracy = 0.6495652198791504
Training round: 2		accuracy = 0.6614492535591125
Training round: 3		accuracy = 0.6202898621559143
Training round: 4		accuracy = 0.6371014714241028
Training round: 5		accuracy = 0.6124637722969055
Training round: 6		accuracy = 0.6527536511421204
Training round: 7		accuracy = 0.6614492535591125
Training round: 8		accuracy = 0.6701449155807495
Training round: 9		accuracy = 0.6521739363670349
Training round: 10		accuracy = 0.6744927763938904
Training round: 11		accuracy = 0.6776811480522156
Training round: 12		accuracy = 0.6701449155807495
Training round: 13		accuracy = 0.6742029190063477
Training round: 14		accuracy = 0.672753632068634
Training round: 15		accuracy = 0.6663768291473389
Training round: 16		accuracy = 0.6773912906646729
Training round: 17		accuracy = 0.6843478083610535
Training round: 18		accuracy = 0.6724637746810913
Training round: 19		accuracy = 0.6692753434181213
Training round: 20		accuracy = 0.6785507202148438
Training round: 21		accuracy = 0.6730434894561768
Training round: 22		accuracy = 0.6828985214233398
Training round: 23		accuracy = 0.6855072379112244
Training round: 24		accuracy = 0.6802898645401001
Training round: 25		accuracy = 0.6881159543991089
Training round: 26		accuracy = 0.6907246112823486
Training round: 27		accuracy = 0.6831883788108826
Training round: 28		accuracy = 0.6962319016456604
Training round: 29		accuracy = 0.6852173805236816
Training round: 30		accuracy = 0.6800000071525574
Training round: 31		accuracy = 0.6817391514778137
Training round: 32		accuracy = 0.6895652413368225
Training round: 33		accuracy = 0.690144956111908
Training round: 34		accuracy = 0.6860869526863098
Training round: 35		accuracy = 0.672753632068634
Training round: 36		accuracy = 0.6857970952987671
Training round: 37		accuracy = 0.6915941834449768
Training round: 38		accuracy = 0.6927536129951477
Training round: 39		accuracy = 0.6863768100738525
Training round: 40		accuracy = 0.6913043260574341
Training round: 41		accuracy = 0.6950724720954895
Training round: 42		accuracy = 0.6939130425453186
Training round: 43		accuracy = 0.6939130425453186
Training round: 44		accuracy = 0.6773912906646729
Training round: 45		accuracy = 0.6872463822364807
Training round: 46		accuracy = 0.686956524848938
Training round: 47		accuracy = 0.6866666674613953
Training round: 48		accuracy = 0.6834782361984253
Training round: 49		accuracy = 0.6788405776023865
Training round: 50		accuracy = 0.6808695793151855
Training round: 51		accuracy = 0.6791304349899292
Training round: 52		accuracy = 0.6878260970115662
Training round: 53		accuracy = 0.6921738982200623
Training round: 54		accuracy = 0.6965217590332031
Training round: 55		accuracy = 0.694492757320404
Training round: 56		accuracy = 0.6857970952987671
Training round: 57		accuracy = 0.665217399597168
Training round: 58		accuracy = 0.6542028784751892
Training round: 59		accuracy = 0.6866666674613953
Training round: 60		accuracy = 0.6849275231361389
Training round: 61		accuracy = 0.6857970952987671
Training round: 62		accuracy = 0.6855072379112244
Training round: 63		accuracy = 0.6892753839492798
Training round: 64		accuracy = 0.6843478083610535
Training round: 65		accuracy = 0.6889855265617371
Training round: 66		accuracy = 0.683768093585968
Training round: 67		accuracy = 0.6863768100738525
Training round: 68		accuracy = 0.6817391514778137
Training round: 69		accuracy = 0.6797101497650146
Training round: 70		accuracy = 0.6724637746810913
Training round: 71		accuracy = 0.6588405966758728
Training round: 72		accuracy = 0.6768115758895874
Training round: 73		accuracy = 0.6855072379112244
Training round: 74		accuracy = 0.6788405776023865
Training round: 75		accuracy = 0.6791304349899292
Training round: 76		accuracy = 0.6678261160850525
Training round: 77		accuracy = 0.6539130210876465
Training round: 78		accuracy = 0.6582608819007874
Training round: 79		accuracy = 0.6675362586975098
Training round: 80		accuracy = 0.6721739172935486
Training round: 81		accuracy = 0.6713043451309204
Training round: 82		accuracy = 0.6759420037269592
Training round: 83		accuracy = 0.6750724911689758
Training round: 84		accuracy = 0.6736232042312622
Training round: 85		accuracy = 0.6678261160850525
Training round: 86		accuracy = 0.6756521463394165
Training round: 87		accuracy = 0.6715942025184631
Training round: 88		accuracy = 0.6614492535591125
Training round: 89		accuracy = 0.6739130616188049
Training round: 90		accuracy = 0.6753623485565186
Training round: 91		accuracy = 0.6759420037269592
Training round: 92		accuracy = 0.6771014332771301
Training round: 93		accuracy = 0.6794202923774719
Training round: 94		accuracy = 0.6788405776023865
Training round: 95		accuracy = 0.6747826337814331
Training round: 96		accuracy = 0.6756521463394165
Training round: 97		accuracy = 0.6771014332771301
Training round: 98		accuracy = 0.6834782361984253
Training round: 99		accuracy = 0.6800000071525574
Training round: 100		accuracy = 0.6391304135322571
Training duration 6732.300806522369
