2021-08-22 19:23:29.414773: I tensorflow/stream_executor/platform/default/dso_loader.cc:49] Successfully opened dynamic library libcudart.so.11.0
2021-08-22 19:24:08.391919: I tensorflow/compiler/jit/xla_cpu_device.cc:41] Not creating XLA devices, tf_xla_enable_xla_devices not set
2021-08-22 19:24:08.397264: I tensorflow/stream_executor/platform/default/dso_loader.cc:49] Successfully opened dynamic library libcuda.so.1
2021-08-22 19:24:08.433741: I tensorflow/core/common_runtime/gpu/gpu_device.cc:1720] Found device 0 with properties: 
pciBusID: 0000:03:00.0 name: Tesla P100-PCIE-12GB computeCapability: 6.0
coreClock: 1.3285GHz coreCount: 56 deviceMemorySize: 11.91GiB deviceMemoryBandwidth: 511.41GiB/s
2021-08-22 19:24:08.437606: I tensorflow/stream_executor/platform/default/dso_loader.cc:49] Successfully opened dynamic library libcudart.so.11.0
2021-08-22 19:24:08.448466: I tensorflow/stream_executor/platform/default/dso_loader.cc:49] Successfully opened dynamic library libcublas.so.11
2021-08-22 19:24:08.448607: I tensorflow/stream_executor/platform/default/dso_loader.cc:49] Successfully opened dynamic library libcublasLt.so.11
2021-08-22 19:24:08.454071: I tensorflow/stream_executor/platform/default/dso_loader.cc:49] Successfully opened dynamic library libcufft.so.10
2021-08-22 19:24:08.458580: I tensorflow/stream_executor/platform/default/dso_loader.cc:49] Successfully opened dynamic library libcurand.so.10
2021-08-22 19:24:08.466844: I tensorflow/stream_executor/platform/default/dso_loader.cc:49] Successfully opened dynamic library libcusolver.so.10
2021-08-22 19:24:08.469116: I tensorflow/stream_executor/platform/default/dso_loader.cc:49] Successfully opened dynamic library libcusparse.so.11
2021-08-22 19:24:08.470056: I tensorflow/stream_executor/platform/default/dso_loader.cc:49] Successfully opened dynamic library libcudnn.so.8
2021-08-22 19:24:08.474857: I tensorflow/core/common_runtime/gpu/gpu_device.cc:1862] Adding visible gpu devices: 0
2021-08-22 19:24:08.481520: I tensorflow/core/platform/cpu_feature_guard.cc:142] This TensorFlow binary is optimized with oneAPI Deep Neural Network Library (oneDNN) to use the following CPU instructions in performance-critical operations:  AVX2 FMA
To enable them in other operations, rebuild TensorFlow with the appropriate compiler flags.
2021-08-22 19:24:08.481868: I tensorflow/compiler/jit/xla_gpu_device.cc:99] Not creating XLA devices, tf_xla_enable_xla_devices not set
2021-08-22 19:24:08.482943: I tensorflow/core/common_runtime/gpu/gpu_device.cc:1720] Found device 0 with properties: 
pciBusID: 0000:03:00.0 name: Tesla P100-PCIE-12GB computeCapability: 6.0
coreClock: 1.3285GHz coreCount: 56 deviceMemorySize: 11.91GiB deviceMemoryBandwidth: 511.41GiB/s
2021-08-22 19:24:08.483055: I tensorflow/stream_executor/platform/default/dso_loader.cc:49] Successfully opened dynamic library libcudart.so.11.0
2021-08-22 19:24:08.483156: I tensorflow/stream_executor/platform/default/dso_loader.cc:49] Successfully opened dynamic library libcublas.so.11
2021-08-22 19:24:08.483263: I tensorflow/stream_executor/platform/default/dso_loader.cc:49] Successfully opened dynamic library libcublasLt.so.11
2021-08-22 19:24:08.483369: I tensorflow/stream_executor/platform/default/dso_loader.cc:49] Successfully opened dynamic library libcufft.so.10
2021-08-22 19:24:08.483468: I tensorflow/stream_executor/platform/default/dso_loader.cc:49] Successfully opened dynamic library libcurand.so.10
2021-08-22 19:24:08.483565: I tensorflow/stream_executor/platform/default/dso_loader.cc:49] Successfully opened dynamic library libcusolver.so.10
2021-08-22 19:24:08.483659: I tensorflow/stream_executor/platform/default/dso_loader.cc:49] Successfully opened dynamic library libcusparse.so.11
2021-08-22 19:24:08.483751: I tensorflow/stream_executor/platform/default/dso_loader.cc:49] Successfully opened dynamic library libcudnn.so.8
2021-08-22 19:24:08.485545: I tensorflow/core/common_runtime/gpu/gpu_device.cc:1862] Adding visible gpu devices: 0
2021-08-22 19:24:08.485675: I tensorflow/stream_executor/platform/default/dso_loader.cc:49] Successfully opened dynamic library libcudart.so.11.0
2021-08-22 19:24:09.808435: I tensorflow/core/common_runtime/gpu/gpu_device.cc:1261] Device interconnect StreamExecutor with strength 1 edge matrix:
2021-08-22 19:24:09.808606: I tensorflow/core/common_runtime/gpu/gpu_device.cc:1267]      0 
2021-08-22 19:24:09.808708: I tensorflow/core/common_runtime/gpu/gpu_device.cc:1280] 0:   N 
2021-08-22 19:24:09.814917: I tensorflow/core/common_runtime/gpu/gpu_device.cc:1406] Created TensorFlow device (/job:localhost/replica:0/task:0/device:GPU:0 with 11119 MB memory) -> physical GPU (device: 0, name: Tesla P100-PCIE-12GB, pci bus id: 0000:03:00.0, compute capability: 6.0)
2021-08-22 19:24:19.990474: I tensorflow/compiler/mlir/mlir_graph_optimization_pass.cc:116] None of the MLIR optimization passes are enabled (registered 2)
2021-08-22 19:24:19.993890: I tensorflow/core/platform/profile_utils/cpu_utils.cc:112] CPU Frequency: 2200095000 Hz
2021-08-22 19:24:20.066405: I tensorflow/stream_executor/platform/default/dso_loader.cc:49] Successfully opened dynamic library libcublas.so.11
2021-08-22 19:24:20.443310: I tensorflow/stream_executor/platform/default/dso_loader.cc:49] Successfully opened dynamic library libcublasLt.so.11
2021-08-22 19:24:20.451950: I tensorflow/stream_executor/platform/default/dso_loader.cc:49] Successfully opened dynamic library libcudnn.so.8
2021-08-22 19:24:22.364910: W tensorflow/stream_executor/gpu/asm_compiler.cc:63] Running ptxas --version returned 256
2021-08-22 19:24:22.619317: W tensorflow/stream_executor/gpu/redzone_allocator.cc:314] Internal: ptxas exited with non-zero error code 256, output: 
Relying on driver to perform ptx compilation. 
Modify $PATH to customize ptxas location.
This message will be only logged once.
LabelAttacker started.
LabelAttacker finished.
Training round: 1		accuracy = 0.5634782314300537
Training round: 2		accuracy = 0.6023188233375549
Training round: 3		accuracy = 0.6179710030555725
Training round: 4		accuracy = 0.6194202899932861
Training round: 5		accuracy = 0.6353623270988464
Training round: 6		accuracy = 0.6336231827735901
Training round: 7		accuracy = 0.642318844795227
Training round: 8		accuracy = 0.653333306312561
Training round: 9		accuracy = 0.6356521844863892
Training round: 10		accuracy = 0.6281159520149231
Training round: 11		accuracy = 0.6173912882804871
Training round: 12		accuracy = 0.631594181060791
Training round: 13		accuracy = 0.6443478465080261
Training round: 14		accuracy = 0.6489855051040649
Training round: 15		accuracy = 0.6202898621559143
Training round: 16		accuracy = 0.6304348111152649
Training round: 17		accuracy = 0.6365217566490173
Training round: 18		accuracy = 0.6321738958358765
Training round: 19		accuracy = 0.6602898836135864
Training round: 20		accuracy = 0.6553623080253601
Training round: 21		accuracy = 0.6637681126594543
Training round: 22		accuracy = 0.656521737575531
Training round: 23		accuracy = 0.656521737575531
Training round: 24		accuracy = 0.6550724506378174
Training round: 25		accuracy = 0.6521739363670349
Training round: 26		accuracy = 0.6568115949630737
Training round: 27		accuracy = 0.6713043451309204
Training round: 28		accuracy = 0.6660869717597961
Training round: 29		accuracy = 0.6666666865348816
Training round: 30		accuracy = 0.6698550581932068
Training round: 31		accuracy = 0.6588405966758728
Training round: 32		accuracy = 0.6605796813964844
Training round: 33		accuracy = 0.6713043451309204
Training round: 34		accuracy = 0.6710144877433777
Training round: 35		accuracy = 0.6759420037269592
Training round: 36		accuracy = 0.6724637746810913
Training round: 37		accuracy = 0.6759420037269592
Training round: 38		accuracy = 0.672753632068634
Training round: 39		accuracy = 0.6730434894561768
Training round: 40		accuracy = 0.6776811480522156
Training round: 41		accuracy = 0.6820290088653564
Training round: 42		accuracy = 0.6640579700469971
Training round: 43		accuracy = 0.681449294090271
Training round: 44		accuracy = 0.6811594367027283
Training round: 45		accuracy = 0.6802898645401001
Training round: 46		accuracy = 0.6808695793151855
Training round: 47		accuracy = 0.6800000071525574
Training round: 48		accuracy = 0.6834782361984253
Training round: 49		accuracy = 0.6849275231361389
Training round: 50		accuracy = 0.678260862827301
Training round: 51		accuracy = 0.6828985214233398
Training round: 52		accuracy = 0.6785507202148438
Training round: 53		accuracy = 0.6889855265617371
Training round: 54		accuracy = 0.6907246112823486
Training round: 55		accuracy = 0.6857970952987671
Training round: 56		accuracy = 0.6808695793151855
Training round: 57		accuracy = 0.6843478083610535
Training round: 58		accuracy = 0.6875362396240234
Training round: 59		accuracy = 0.6884058117866516
Training round: 60		accuracy = 0.6930434703826904
Training round: 61		accuracy = 0.6904347538948059
Training round: 62		accuracy = 0.6918840408325195
Training round: 63		accuracy = 0.6820290088653564
Training round: 64		accuracy = 0.6918840408325195
Training round: 65		accuracy = 0.6884058117866516
Training round: 66		accuracy = 0.6872463822364807
Training round: 67		accuracy = 0.6805797219276428
Training round: 68		accuracy = 0.6930434703826904
Training round: 69		accuracy = 0.697970986366272
Training round: 70		accuracy = 0.6973913311958313
Training round: 71		accuracy = 0.6913043260574341
Training round: 72		accuracy = 0.6918840408325195
Training round: 73		accuracy = 0.690144956111908
Training round: 74		accuracy = 0.6918840408325195
Training round: 75		accuracy = 0.6915941834449768
Training round: 76		accuracy = 0.6910144686698914
Training round: 77		accuracy = 0.6939130425453186
Training round: 78		accuracy = 0.694492757320404
Training round: 79		accuracy = 0.695652186870575
Training round: 80		accuracy = 0.6994202733039856
Training round: 81		accuracy = 0.7008695602416992
Training round: 82		accuracy = 0.697681188583374
Training round: 83		accuracy = 0.6971014738082886
Training round: 84		accuracy = 0.6886956691741943
Training round: 85		accuracy = 0.692463755607605
Training round: 86		accuracy = 0.697970986366272
Training round: 87		accuracy = 0.697970986366272
Training round: 88		accuracy = 0.7020289897918701
Training round: 89		accuracy = 0.697681188583374
Training round: 90		accuracy = 0.6997101306915283
Training round: 91		accuracy = 0.6921738982200623
Training round: 92		accuracy = 0.6820290088653564
Training round: 93		accuracy = 0.6959420442581177
Training round: 94		accuracy = 0.694492757320404
Training round: 95		accuracy = 0.697970986366272
Training round: 96		accuracy = 0.6959420442581177
Training round: 97		accuracy = 0.6947826147079468
Training round: 98		accuracy = 0.6930434703826904
Training round: 99		accuracy = 0.6947826147079468
Training round: 100		accuracy = 0.6982608437538147
Training duration 7629.660559415817
