2021-08-23 17:27:47.151194: I tensorflow/stream_executor/platform/default/dso_loader.cc:49] Successfully opened dynamic library libcudart.so.11.0
2021-08-23 17:28:08.023707: I tensorflow/compiler/jit/xla_cpu_device.cc:41] Not creating XLA devices, tf_xla_enable_xla_devices not set
2021-08-23 17:28:08.028774: I tensorflow/stream_executor/platform/default/dso_loader.cc:49] Successfully opened dynamic library libcuda.so.1
2021-08-23 17:28:08.122286: I tensorflow/core/common_runtime/gpu/gpu_device.cc:1720] Found device 0 with properties: 
pciBusID: 0000:86:00.0 name: Tesla V100-SXM2-32GB computeCapability: 7.0
coreClock: 1.53GHz coreCount: 80 deviceMemorySize: 31.75GiB deviceMemoryBandwidth: 836.37GiB/s
2021-08-23 17:28:08.122730: I tensorflow/stream_executor/platform/default/dso_loader.cc:49] Successfully opened dynamic library libcudart.so.11.0
2021-08-23 17:28:08.138340: I tensorflow/stream_executor/platform/default/dso_loader.cc:49] Successfully opened dynamic library libcublas.so.11
2021-08-23 17:28:08.138531: I tensorflow/stream_executor/platform/default/dso_loader.cc:49] Successfully opened dynamic library libcublasLt.so.11
2021-08-23 17:28:08.144910: I tensorflow/stream_executor/platform/default/dso_loader.cc:49] Successfully opened dynamic library libcufft.so.10
2021-08-23 17:28:08.148597: I tensorflow/stream_executor/platform/default/dso_loader.cc:49] Successfully opened dynamic library libcurand.so.10
2021-08-23 17:28:08.158797: I tensorflow/stream_executor/platform/default/dso_loader.cc:49] Successfully opened dynamic library libcusolver.so.10
2021-08-23 17:28:08.161110: I tensorflow/stream_executor/platform/default/dso_loader.cc:49] Successfully opened dynamic library libcusparse.so.11
2021-08-23 17:28:08.161903: I tensorflow/stream_executor/platform/default/dso_loader.cc:49] Successfully opened dynamic library libcudnn.so.8
2021-08-23 17:28:08.168864: I tensorflow/core/common_runtime/gpu/gpu_device.cc:1862] Adding visible gpu devices: 0
2021-08-23 17:28:08.173400: I tensorflow/core/platform/cpu_feature_guard.cc:142] This TensorFlow binary is optimized with oneAPI Deep Neural Network Library (oneDNN) to use the following CPU instructions in performance-critical operations:  AVX2 AVX512F FMA
To enable them in other operations, rebuild TensorFlow with the appropriate compiler flags.
2021-08-23 17:28:08.173755: I tensorflow/compiler/jit/xla_gpu_device.cc:99] Not creating XLA devices, tf_xla_enable_xla_devices not set
2021-08-23 17:28:08.176954: I tensorflow/core/common_runtime/gpu/gpu_device.cc:1720] Found device 0 with properties: 
pciBusID: 0000:86:00.0 name: Tesla V100-SXM2-32GB computeCapability: 7.0
coreClock: 1.53GHz coreCount: 80 deviceMemorySize: 31.75GiB deviceMemoryBandwidth: 836.37GiB/s
2021-08-23 17:28:08.177047: I tensorflow/stream_executor/platform/default/dso_loader.cc:49] Successfully opened dynamic library libcudart.so.11.0
2021-08-23 17:28:08.177116: I tensorflow/stream_executor/platform/default/dso_loader.cc:49] Successfully opened dynamic library libcublas.so.11
2021-08-23 17:28:08.177177: I tensorflow/stream_executor/platform/default/dso_loader.cc:49] Successfully opened dynamic library libcublasLt.so.11
2021-08-23 17:28:08.177232: I tensorflow/stream_executor/platform/default/dso_loader.cc:49] Successfully opened dynamic library libcufft.so.10
2021-08-23 17:28:08.177290: I tensorflow/stream_executor/platform/default/dso_loader.cc:49] Successfully opened dynamic library libcurand.so.10
2021-08-23 17:28:08.177345: I tensorflow/stream_executor/platform/default/dso_loader.cc:49] Successfully opened dynamic library libcusolver.so.10
2021-08-23 17:28:08.177400: I tensorflow/stream_executor/platform/default/dso_loader.cc:49] Successfully opened dynamic library libcusparse.so.11
2021-08-23 17:28:08.177458: I tensorflow/stream_executor/platform/default/dso_loader.cc:49] Successfully opened dynamic library libcudnn.so.8
2021-08-23 17:28:08.185552: I tensorflow/core/common_runtime/gpu/gpu_device.cc:1862] Adding visible gpu devices: 0
2021-08-23 17:28:08.185657: I tensorflow/stream_executor/platform/default/dso_loader.cc:49] Successfully opened dynamic library libcudart.so.11.0
2021-08-23 17:28:09.396643: I tensorflow/core/common_runtime/gpu/gpu_device.cc:1261] Device interconnect StreamExecutor with strength 1 edge matrix:
2021-08-23 17:28:09.396843: I tensorflow/core/common_runtime/gpu/gpu_device.cc:1267]      0 
2021-08-23 17:28:09.396900: I tensorflow/core/common_runtime/gpu/gpu_device.cc:1280] 0:   N 
2021-08-23 17:28:09.406439: I tensorflow/core/common_runtime/gpu/gpu_device.cc:1406] Created TensorFlow device (/job:localhost/replica:0/task:0/device:GPU:0 with 30130 MB memory) -> physical GPU (device: 0, name: Tesla V100-SXM2-32GB, pci bus id: 0000:86:00.0, compute capability: 7.0)
2021-08-23 17:28:22.935644: I tensorflow/compiler/mlir/mlir_graph_optimization_pass.cc:116] None of the MLIR optimization passes are enabled (registered 2)
2021-08-23 17:28:22.940044: I tensorflow/core/platform/profile_utils/cpu_utils.cc:112] CPU Frequency: 2100000000 Hz
2021-08-23 17:28:23.017036: I tensorflow/stream_executor/platform/default/dso_loader.cc:49] Successfully opened dynamic library libcublas.so.11
2021-08-23 17:28:23.499687: I tensorflow/stream_executor/platform/default/dso_loader.cc:49] Successfully opened dynamic library libcublasLt.so.11
2021-08-23 17:28:23.507556: I tensorflow/stream_executor/platform/default/dso_loader.cc:49] Successfully opened dynamic library libcudnn.so.8
2021-08-23 17:28:26.587856: W tensorflow/stream_executor/gpu/asm_compiler.cc:63] Running ptxas --version returned 256
2021-08-23 17:28:27.111187: W tensorflow/stream_executor/gpu/redzone_allocator.cc:314] Internal: ptxas exited with non-zero error code 256, output: 
Relying on driver to perform ptx compilation. 
Modify $PATH to customize ptxas location.
This message will be only logged once.
Training round: 1		accuracy = 0.6539130210876465
Training round: 2		accuracy = 0.6623188257217407
Training round: 3		accuracy = 0.6513043642044067
Training round: 4		accuracy = 0.6631883978843689
Training round: 5		accuracy = 0.6568115949630737
Training round: 6		accuracy = 0.6840579509735107
Training round: 7		accuracy = 0.6895652413368225
Training round: 8		accuracy = 0.7037681341171265
Training round: 9		accuracy = 0.6710144877433777
Training round: 10		accuracy = 0.7101449370384216
Training round: 11		accuracy = 0.7214492559432983
Training round: 12		accuracy = 0.6918840408325195
Training round: 13		accuracy = 0.7231884002685547
Training round: 14		accuracy = 0.7075362205505371
Training round: 15		accuracy = 0.7017391324043274
Training round: 16		accuracy = 0.7263768315315247
Training round: 17		accuracy = 0.7272464036941528
Training round: 18		accuracy = 0.7211593985557556
Training round: 19		accuracy = 0.7226086854934692
Training round: 20		accuracy = 0.722898542881012
Training round: 21		accuracy = 0.7292753458023071
Training round: 22		accuracy = 0.7243478298187256
Training round: 23		accuracy = 0.7240579724311829
Training round: 24		accuracy = 0.7365217208862305
Training round: 25		accuracy = 0.7289854884147644
Training round: 26		accuracy = 0.7327536344528198
Training round: 27		accuracy = 0.742318868637085
Training round: 28		accuracy = 0.7411594390869141
Training round: 29		accuracy = 0.7353622913360596
Training round: 30		accuracy = 0.7457970976829529
Training round: 31		accuracy = 0.7420290112495422
Training round: 32		accuracy = 0.7504347562789917
Training round: 33		accuracy = 0.7440579533576965
Training round: 34		accuracy = 0.7417391538619995
Training round: 35		accuracy = 0.7426086664199829
Training round: 36		accuracy = 0.7443478107452393
Training round: 37		accuracy = 0.7457970976829529
Training round: 38		accuracy = 0.7443478107452393
Training round: 39		accuracy = 0.749855101108551
Training round: 40		accuracy = 0.7472463846206665
Training round: 41		accuracy = 0.7495652437210083
Training round: 42		accuracy = 0.749855101108551
Training round: 43		accuracy = 0.747826099395752
Training round: 44		accuracy = 0.7484058141708374
Training round: 45		accuracy = 0.7504347562789917
Training round: 46		accuracy = 0.7492753863334656
Training round: 47		accuracy = 0.7507246136665344
Training round: 48		accuracy = 0.7495652437210083
Training round: 49		accuracy = 0.750144898891449
Training round: 50		accuracy = 0.7495652437210083
Training round: 51		accuracy = 0.7504347562789917
Training round: 52		accuracy = 0.7515941858291626
Training round: 53		accuracy = 0.7513043284416199
Training round: 54		accuracy = 0.7518840432167053
Training round: 55		accuracy = 0.7536231875419617
Training round: 56		accuracy = 0.752173900604248
Training round: 57		accuracy = 0.7536231875419617
Training round: 58		accuracy = 0.7530434727668762
Training round: 59		accuracy = 0.7542029023170471
Training round: 60		accuracy = 0.753333330154419
Training round: 61		accuracy = 0.7556521892547607
Training round: 62		accuracy = 0.7542029023170471
Training round: 63		accuracy = 0.7559420466423035
Training round: 64		accuracy = 0.7550724744796753
Training round: 65		accuracy = 0.7579709887504578
Training round: 66		accuracy = 0.7568116188049316
Training round: 67		accuracy = 0.755362331867218
Training round: 68		accuracy = 0.7550724744796753
Training round: 69		accuracy = 0.7559420466423035
Training round: 70		accuracy = 0.7559420466423035
Training round: 71		accuracy = 0.7585507035255432
Training round: 72		accuracy = 0.7568116188049316
Training round: 73		accuracy = 0.7550724744796753
Training round: 74		accuracy = 0.7582608461380005
Training round: 75		accuracy = 0.7588405609130859
Training round: 76		accuracy = 0.7594202756881714
Training round: 77		accuracy = 0.757681131362915
Training round: 78		accuracy = 0.7582608461380005
Training round: 79		accuracy = 0.7594202756881714
Training round: 80		accuracy = 0.7602898478507996
Training round: 81		accuracy = 0.757681131362915
Training round: 82		accuracy = 0.7582608461380005
Training round: 83		accuracy = 0.757681131362915
Training round: 84		accuracy = 0.7599999904632568
Training round: 85		accuracy = 0.7588405609130859
Training round: 86		accuracy = 0.7605797052383423
Training round: 87		accuracy = 0.7599999904632568
Training round: 88		accuracy = 0.7611594200134277
Training round: 89		accuracy = 0.7614492774009705
Training round: 90		accuracy = 0.7599999904632568
Training round: 91		accuracy = 0.7614492774009705
Training round: 92		accuracy = 0.7599999904632568
Training round: 93		accuracy = 0.7602898478507996
Training round: 94		accuracy = 0.7597101330757141
Training round: 95		accuracy = 0.7602898478507996
Training round: 96		accuracy = 0.7602898478507996
Training round: 97		accuracy = 0.7605797052383423
Training round: 98		accuracy = 0.7614492774009705
Training round: 99		accuracy = 0.7620289921760559
Training round: 100		accuracy = 0.7614492774009705
Training duration 6912.908479213715
