2021-08-23 17:26:49.848684: I tensorflow/stream_executor/platform/default/dso_loader.cc:49] Successfully opened dynamic library libcudart.so.11.0
2021-08-23 17:27:17.193717: I tensorflow/compiler/jit/xla_cpu_device.cc:41] Not creating XLA devices, tf_xla_enable_xla_devices not set
2021-08-23 17:27:17.199130: I tensorflow/stream_executor/platform/default/dso_loader.cc:49] Successfully opened dynamic library libcuda.so.1
2021-08-23 17:27:17.236501: I tensorflow/core/common_runtime/gpu/gpu_device.cc:1720] Found device 0 with properties: 
pciBusID: 0000:03:00.0 name: Tesla P100-PCIE-12GB computeCapability: 6.0
coreClock: 1.3285GHz coreCount: 56 deviceMemorySize: 11.91GiB deviceMemoryBandwidth: 511.41GiB/s
2021-08-23 17:27:17.237025: I tensorflow/stream_executor/platform/default/dso_loader.cc:49] Successfully opened dynamic library libcudart.so.11.0
2021-08-23 17:27:17.248794: I tensorflow/stream_executor/platform/default/dso_loader.cc:49] Successfully opened dynamic library libcublas.so.11
2021-08-23 17:27:17.248971: I tensorflow/stream_executor/platform/default/dso_loader.cc:49] Successfully opened dynamic library libcublasLt.so.11
2021-08-23 17:27:17.255512: I tensorflow/stream_executor/platform/default/dso_loader.cc:49] Successfully opened dynamic library libcufft.so.10
2021-08-23 17:27:17.258823: I tensorflow/stream_executor/platform/default/dso_loader.cc:49] Successfully opened dynamic library libcurand.so.10
2021-08-23 17:27:17.269077: I tensorflow/stream_executor/platform/default/dso_loader.cc:49] Successfully opened dynamic library libcusolver.so.10
2021-08-23 17:27:17.271785: I tensorflow/stream_executor/platform/default/dso_loader.cc:49] Successfully opened dynamic library libcusparse.so.11
2021-08-23 17:27:17.273157: I tensorflow/stream_executor/platform/default/dso_loader.cc:49] Successfully opened dynamic library libcudnn.so.8
2021-08-23 17:27:17.276358: I tensorflow/core/common_runtime/gpu/gpu_device.cc:1862] Adding visible gpu devices: 0
2021-08-23 17:27:17.280214: I tensorflow/core/platform/cpu_feature_guard.cc:142] This TensorFlow binary is optimized with oneAPI Deep Neural Network Library (oneDNN) to use the following CPU instructions in performance-critical operations:  AVX2 FMA
To enable them in other operations, rebuild TensorFlow with the appropriate compiler flags.
2021-08-23 17:27:17.280633: I tensorflow/compiler/jit/xla_gpu_device.cc:99] Not creating XLA devices, tf_xla_enable_xla_devices not set
2021-08-23 17:27:17.282152: I tensorflow/core/common_runtime/gpu/gpu_device.cc:1720] Found device 0 with properties: 
pciBusID: 0000:03:00.0 name: Tesla P100-PCIE-12GB computeCapability: 6.0
coreClock: 1.3285GHz coreCount: 56 deviceMemorySize: 11.91GiB deviceMemoryBandwidth: 511.41GiB/s
2021-08-23 17:27:17.282284: I tensorflow/stream_executor/platform/default/dso_loader.cc:49] Successfully opened dynamic library libcudart.so.11.0
2021-08-23 17:27:17.282418: I tensorflow/stream_executor/platform/default/dso_loader.cc:49] Successfully opened dynamic library libcublas.so.11
2021-08-23 17:27:17.282530: I tensorflow/stream_executor/platform/default/dso_loader.cc:49] Successfully opened dynamic library libcublasLt.so.11
2021-08-23 17:27:17.282622: I tensorflow/stream_executor/platform/default/dso_loader.cc:49] Successfully opened dynamic library libcufft.so.10
2021-08-23 17:27:17.282692: I tensorflow/stream_executor/platform/default/dso_loader.cc:49] Successfully opened dynamic library libcurand.so.10
2021-08-23 17:27:17.282814: I tensorflow/stream_executor/platform/default/dso_loader.cc:49] Successfully opened dynamic library libcusolver.so.10
2021-08-23 17:27:17.282919: I tensorflow/stream_executor/platform/default/dso_loader.cc:49] Successfully opened dynamic library libcusparse.so.11
2021-08-23 17:27:17.283029: I tensorflow/stream_executor/platform/default/dso_loader.cc:49] Successfully opened dynamic library libcudnn.so.8
2021-08-23 17:27:17.285805: I tensorflow/core/common_runtime/gpu/gpu_device.cc:1862] Adding visible gpu devices: 0
2021-08-23 17:27:17.285962: I tensorflow/stream_executor/platform/default/dso_loader.cc:49] Successfully opened dynamic library libcudart.so.11.0
2021-08-23 17:27:18.588350: I tensorflow/core/common_runtime/gpu/gpu_device.cc:1261] Device interconnect StreamExecutor with strength 1 edge matrix:
2021-08-23 17:27:18.588550: I tensorflow/core/common_runtime/gpu/gpu_device.cc:1267]      0 
2021-08-23 17:27:18.588656: I tensorflow/core/common_runtime/gpu/gpu_device.cc:1280] 0:   N 
2021-08-23 17:27:18.594413: I tensorflow/core/common_runtime/gpu/gpu_device.cc:1406] Created TensorFlow device (/job:localhost/replica:0/task:0/device:GPU:0 with 11119 MB memory) -> physical GPU (device: 0, name: Tesla P100-PCIE-12GB, pci bus id: 0000:03:00.0, compute capability: 6.0)
2021-08-23 17:27:29.559985: I tensorflow/compiler/mlir/mlir_graph_optimization_pass.cc:116] None of the MLIR optimization passes are enabled (registered 2)
2021-08-23 17:27:29.563769: I tensorflow/core/platform/profile_utils/cpu_utils.cc:112] CPU Frequency: 2200110000 Hz
2021-08-23 17:27:29.644068: I tensorflow/stream_executor/platform/default/dso_loader.cc:49] Successfully opened dynamic library libcublas.so.11
2021-08-23 17:27:30.034493: I tensorflow/stream_executor/platform/default/dso_loader.cc:49] Successfully opened dynamic library libcublasLt.so.11
2021-08-23 17:27:30.043807: I tensorflow/stream_executor/platform/default/dso_loader.cc:49] Successfully opened dynamic library libcudnn.so.8
2021-08-23 17:27:32.191547: W tensorflow/stream_executor/gpu/asm_compiler.cc:63] Running ptxas --version returned 256
2021-08-23 17:27:32.639885: W tensorflow/stream_executor/gpu/redzone_allocator.cc:314] Internal: ptxas exited with non-zero error code 256, output: 
Relying on driver to perform ptx compilation. 
Modify $PATH to customize ptxas location.
This message will be only logged once.
UnbalanceMutator started.
UnbalanceMutator finished.
Training round: 1		accuracy = 0.6553623080253601
Training round: 2		accuracy = 0.6568115949630737
Training round: 3		accuracy = 0.667246401309967
Training round: 4		accuracy = 0.6718840599060059
Training round: 5		accuracy = 0.6724637746810913
Training round: 6		accuracy = 0.6739130616188049
Training round: 7		accuracy = 0.6791304349899292
Training round: 8		accuracy = 0.6750724911689758
Training round: 9		accuracy = 0.678260862827301
Training round: 10		accuracy = 0.6860869526863098
Training round: 11		accuracy = 0.6791304349899292
Training round: 12		accuracy = 0.6942028999328613
Training round: 13		accuracy = 0.6910144686698914
Training round: 14		accuracy = 0.6892753839492798
Training round: 15		accuracy = 0.6959420442581177
Training round: 16		accuracy = 0.6886956691741943
Training round: 17		accuracy = 0.7020289897918701
Training round: 18		accuracy = 0.6994202733039856
Training round: 19		accuracy = 0.6982608437538147
Training round: 20		accuracy = 0.6997101306915283
Training round: 21		accuracy = 0.6895652413368225
Training round: 22		accuracy = 0.7063767910003662
Training round: 23		accuracy = 0.7049275636672974
Training round: 24		accuracy = 0.7037681341171265
Training round: 25		accuracy = 0.7017391324043274
Training round: 26		accuracy = 0.7034782767295837
Training round: 27		accuracy = 0.7165217399597168
Training round: 28		accuracy = 0.7095652222633362
Training round: 29		accuracy = 0.6994202733039856
Training round: 30		accuracy = 0.711884081363678
Training round: 31		accuracy = 0.7095652222633362
Training round: 32		accuracy = 0.7139130234718323
Training round: 33		accuracy = 0.7130434513092041
Training round: 34		accuracy = 0.7095652222633362
Training round: 35		accuracy = 0.7139130234718323
Training round: 36		accuracy = 0.7144927382469177
Training round: 37		accuracy = 0.714202880859375
Training round: 38		accuracy = 0.7179710268974304
Training round: 39		accuracy = 0.7133333086967468
Training round: 40		accuracy = 0.7171014547348022
Training round: 41		accuracy = 0.7162318825721741
Training round: 42		accuracy = 0.7144927382469177
Training round: 43		accuracy = 0.719420313835144
Training round: 44		accuracy = 0.7165217399597168
Training round: 45		accuracy = 0.7281159162521362
Training round: 46		accuracy = 0.7171014547348022
Training round: 47		accuracy = 0.7278260588645935
Training round: 48		accuracy = 0.7182608842849731
Training round: 49		accuracy = 0.7220289707183838
Training round: 50		accuracy = 0.7263768315315247
Training round: 51		accuracy = 0.7260869741439819
Training round: 52		accuracy = 0.7214492559432983
Training round: 53		accuracy = 0.719420313835144
Training round: 54		accuracy = 0.7202898263931274
Training round: 55		accuracy = 0.7202898263931274
Training round: 56		accuracy = 0.7191304564476013
Training round: 57		accuracy = 0.7272464036941528
Training round: 58		accuracy = 0.7188405990600586
Training round: 59		accuracy = 0.7255072593688965
Training round: 60		accuracy = 0.7243478298187256
Training round: 61		accuracy = 0.7263768315315247
Training round: 62		accuracy = 0.724927544593811
Training round: 63		accuracy = 0.7260869741439819
Training round: 64		accuracy = 0.7243478298187256
Training round: 65		accuracy = 0.7217391133308411
Training round: 66		accuracy = 0.7226086854934692
Training round: 67		accuracy = 0.730434775352478
Training round: 68		accuracy = 0.7260869741439819
Training round: 69		accuracy = 0.7266666889190674
Training round: 70		accuracy = 0.7286956310272217
Training round: 71		accuracy = 0.7266666889190674
Training round: 72		accuracy = 0.7278260588645935
Training round: 73		accuracy = 0.7255072593688965
Training round: 74		accuracy = 0.7220289707183838
Training round: 75		accuracy = 0.7286956310272217
Training round: 76		accuracy = 0.7266666889190674
Training round: 77		accuracy = 0.728405773639679
Training round: 78		accuracy = 0.7286956310272217
Training round: 79		accuracy = 0.7307246327400208
Training round: 80		accuracy = 0.7324637770652771
Training round: 81		accuracy = 0.7286956310272217
Training round: 82		accuracy = 0.7272464036941528
Training round: 83		accuracy = 0.7269565463066101
Training round: 84		accuracy = 0.7272464036941528
Training round: 85		accuracy = 0.7266666889190674
Training round: 86		accuracy = 0.7292753458023071
Training round: 87		accuracy = 0.7281159162521362
Training round: 88		accuracy = 0.7324637770652771
Training round: 89		accuracy = 0.7310144901275635
Training round: 90		accuracy = 0.7310144901275635
Training round: 91		accuracy = 0.7295652031898499
Training round: 92		accuracy = 0.7281159162521362
Training round: 93		accuracy = 0.7269565463066101
Training round: 94		accuracy = 0.7281159162521362
Training round: 95		accuracy = 0.730434775352478
Training round: 96		accuracy = 0.7272464036941528
Training round: 97		accuracy = 0.7292753458023071
Training round: 98		accuracy = 0.7275362610816956
Training round: 99		accuracy = 0.7324637770652771
Training round: 100		accuracy = 0.730434775352478
Training duration 7891.861618757248
