2021-08-12 23:10:34.719059: I tensorflow/stream_executor/platform/default/dso_loader.cc:49] Successfully opened dynamic library libcudart.so.11.0
2021-08-12 23:10:40.217613: I tensorflow/compiler/jit/xla_cpu_device.cc:41] Not creating XLA devices, tf_xla_enable_xla_devices not set
2021-08-12 23:10:40.220098: I tensorflow/stream_executor/platform/default/dso_loader.cc:49] Successfully opened dynamic library libcuda.so.1
2021-08-12 23:10:40.242933: I tensorflow/core/common_runtime/gpu/gpu_device.cc:1720] Found device 0 with properties: 
pciBusID: 0000:83:00.0 name: Tesla P100-PCIE-12GB computeCapability: 6.0
coreClock: 1.3285GHz coreCount: 56 deviceMemorySize: 11.91GiB deviceMemoryBandwidth: 511.41GiB/s
2021-08-12 23:10:40.243117: I tensorflow/stream_executor/platform/default/dso_loader.cc:49] Successfully opened dynamic library libcudart.so.11.0
2021-08-12 23:10:40.261475: I tensorflow/stream_executor/platform/default/dso_loader.cc:49] Successfully opened dynamic library libcublas.so.11
2021-08-12 23:10:40.261624: I tensorflow/stream_executor/platform/default/dso_loader.cc:49] Successfully opened dynamic library libcublasLt.so.11
2021-08-12 23:10:40.266815: I tensorflow/stream_executor/platform/default/dso_loader.cc:49] Successfully opened dynamic library libcufft.so.10
2021-08-12 23:10:40.268870: I tensorflow/stream_executor/platform/default/dso_loader.cc:49] Successfully opened dynamic library libcurand.so.10
2021-08-12 23:10:40.276779: I tensorflow/stream_executor/platform/default/dso_loader.cc:49] Successfully opened dynamic library libcusolver.so.10
2021-08-12 23:10:40.278744: I tensorflow/stream_executor/platform/default/dso_loader.cc:49] Successfully opened dynamic library libcusparse.so.11
2021-08-12 23:10:40.279394: I tensorflow/stream_executor/platform/default/dso_loader.cc:49] Successfully opened dynamic library libcudnn.so.8
2021-08-12 23:10:40.281437: I tensorflow/core/common_runtime/gpu/gpu_device.cc:1862] Adding visible gpu devices: 0
2021-08-12 23:10:40.282209: I tensorflow/core/platform/cpu_feature_guard.cc:142] This TensorFlow binary is optimized with oneAPI Deep Neural Network Library (oneDNN) to use the following CPU instructions in performance-critical operations:  AVX2 FMA
To enable them in other operations, rebuild TensorFlow with the appropriate compiler flags.
2021-08-12 23:10:40.282593: I tensorflow/compiler/jit/xla_gpu_device.cc:99] Not creating XLA devices, tf_xla_enable_xla_devices not set
2021-08-12 23:10:40.283778: I tensorflow/core/common_runtime/gpu/gpu_device.cc:1720] Found device 0 with properties: 
pciBusID: 0000:83:00.0 name: Tesla P100-PCIE-12GB computeCapability: 6.0
coreClock: 1.3285GHz coreCount: 56 deviceMemorySize: 11.91GiB deviceMemoryBandwidth: 511.41GiB/s
2021-08-12 23:10:40.283887: I tensorflow/stream_executor/platform/default/dso_loader.cc:49] Successfully opened dynamic library libcudart.so.11.0
2021-08-12 23:10:40.283991: I tensorflow/stream_executor/platform/default/dso_loader.cc:49] Successfully opened dynamic library libcublas.so.11
2021-08-12 23:10:40.284088: I tensorflow/stream_executor/platform/default/dso_loader.cc:49] Successfully opened dynamic library libcublasLt.so.11
2021-08-12 23:10:40.284142: I tensorflow/stream_executor/platform/default/dso_loader.cc:49] Successfully opened dynamic library libcufft.so.10
2021-08-12 23:10:40.284246: I tensorflow/stream_executor/platform/default/dso_loader.cc:49] Successfully opened dynamic library libcurand.so.10
2021-08-12 23:10:40.284323: I tensorflow/stream_executor/platform/default/dso_loader.cc:49] Successfully opened dynamic library libcusolver.so.10
2021-08-12 23:10:40.284378: I tensorflow/stream_executor/platform/default/dso_loader.cc:49] Successfully opened dynamic library libcusparse.so.11
2021-08-12 23:10:40.284445: I tensorflow/stream_executor/platform/default/dso_loader.cc:49] Successfully opened dynamic library libcudnn.so.8
2021-08-12 23:10:40.286330: I tensorflow/core/common_runtime/gpu/gpu_device.cc:1862] Adding visible gpu devices: 0
2021-08-12 23:10:40.286424: I tensorflow/stream_executor/platform/default/dso_loader.cc:49] Successfully opened dynamic library libcudart.so.11.0
2021-08-12 23:10:40.904118: I tensorflow/core/common_runtime/gpu/gpu_device.cc:1261] Device interconnect StreamExecutor with strength 1 edge matrix:
2021-08-12 23:10:40.904346: I tensorflow/core/common_runtime/gpu/gpu_device.cc:1267]      0 
2021-08-12 23:10:40.904462: I tensorflow/core/common_runtime/gpu/gpu_device.cc:1280] 0:   N 
2021-08-12 23:10:40.907688: I tensorflow/core/common_runtime/gpu/gpu_device.cc:1406] Created TensorFlow device (/job:localhost/replica:0/task:0/device:GPU:0 with 11119 MB memory) -> physical GPU (device: 0, name: Tesla P100-PCIE-12GB, pci bus id: 0000:83:00.0, compute capability: 6.0)
2021-08-12 23:10:41.558728: I tensorflow/compiler/mlir/mlir_graph_optimization_pass.cc:116] None of the MLIR optimization passes are enabled (registered 2)
2021-08-12 23:10:41.559716: I tensorflow/core/platform/profile_utils/cpu_utils.cc:112] CPU Frequency: 2200040000 Hz
2021-08-12 23:10:42.163134: I tensorflow/stream_executor/platform/default/dso_loader.cc:49] Successfully opened dynamic library libcublas.so.11
2021-08-12 23:10:42.543084: I tensorflow/stream_executor/platform/default/dso_loader.cc:49] Successfully opened dynamic library libcublasLt.so.11
2021-08-12 23:10:42.545897: I tensorflow/stream_executor/platform/default/dso_loader.cc:49] Successfully opened dynamic library libcudnn.so.8
2021-08-12 23:10:44.254598: W tensorflow/stream_executor/gpu/asm_compiler.cc:63] Running ptxas --version returned 256
2021-08-12 23:10:44.301123: W tensorflow/stream_executor/gpu/redzone_allocator.cc:314] Internal: ptxas exited with non-zero error code 256, output: 
Relying on driver to perform ptx compilation. 
Modify $PATH to customize ptxas location.
This message will be only logged once.
NoiseMutator started.
NoiseMutator finished.
Training round: 1		accuracy = 0.10000000149011612
Training round: 2		accuracy = 0.11990000307559967
Training round: 3		accuracy = 0.10320000350475311
Training round: 4		accuracy = 0.14180000126361847
Training round: 5		accuracy = 0.10729999840259552
Training round: 6		accuracy = 0.20819999277591705
Training round: 7		accuracy = 0.11800000071525574
Training round: 8		accuracy = 0.15379999577999115
Training round: 9		accuracy = 0.21400000154972076
Training round: 10		accuracy = 0.12620000541210175
Training round: 11		accuracy = 0.18870000541210175
Training round: 12		accuracy = 0.20550000667572021
Training round: 13		accuracy = 0.23029999434947968
Training round: 14		accuracy = 0.20319999754428864
Training round: 15		accuracy = 0.164000004529953
Training round: 16		accuracy = 0.12060000002384186
Training round: 17		accuracy = 0.2363000065088272
Training round: 18		accuracy = 0.24070000648498535
Training round: 19		accuracy = 0.17870000004768372
Training round: 20		accuracy = 0.2669000029563904
Training round: 21		accuracy = 0.21490000188350677
Training round: 22		accuracy = 0.258899986743927
Training round: 23		accuracy = 0.19290000200271606
Training round: 24		accuracy = 0.2167000025510788
Training round: 25		accuracy = 0.21979999542236328
Training round: 26		accuracy = 0.23029999434947968
Training round: 27		accuracy = 0.2206999957561493
Training round: 28		accuracy = 0.3149000108242035
Training round: 29		accuracy = 0.2563999891281128
Training round: 30		accuracy = 0.2809000015258789
Training round: 31		accuracy = 0.287200003862381
Training round: 32		accuracy = 0.32199999690055847
Training round: 33		accuracy = 0.26930001378059387
Training round: 34		accuracy = 0.258899986743927
Training round: 35		accuracy = 0.2863999903202057
Training round: 36		accuracy = 0.22550000250339508
Training round: 37		accuracy = 0.2711000144481659
Training round: 38		accuracy = 0.2969000041484833
Training round: 39		accuracy = 0.2890999913215637
Training round: 40		accuracy = 0.3021000027656555
Training round: 41		accuracy = 0.2526000142097473
Training round: 42		accuracy = 0.22990000247955322
Training round: 43		accuracy = 0.3398999869823456
Training round: 44		accuracy = 0.2944999933242798
Training round: 45		accuracy = 0.3059000074863434
Training round: 46		accuracy = 0.2597000002861023
Training round: 47		accuracy = 0.23309999704360962
Training round: 48		accuracy = 0.3107999861240387
Training round: 49		accuracy = 0.33309999108314514
Training round: 50		accuracy = 0.3009999990463257
Training round: 51		accuracy = 0.38989999890327454
Training round: 52		accuracy = 0.287200003862381
Training round: 53		accuracy = 0.3425999879837036
Training round: 54		accuracy = 0.3156999945640564
Training round: 55		accuracy = 0.2797999978065491
Training round: 56		accuracy = 0.31679999828338623
Training round: 57		accuracy = 0.32499998807907104
Training round: 58		accuracy = 0.2971999943256378
Training round: 59		accuracy = 0.3102000057697296
Training round: 60		accuracy = 0.3440999984741211
Training round: 61		accuracy = 0.2842999994754791
Training round: 62		accuracy = 0.3562999963760376
Training round: 63		accuracy = 0.2955000102519989
Training round: 64		accuracy = 0.2644999921321869
Training round: 65		accuracy = 0.2531000077724457
Training round: 66		accuracy = 0.3935999870300293
Training round: 67		accuracy = 0.31470000743865967
Training round: 68		accuracy = 0.30079999566078186
Training round: 69		accuracy = 0.3296000063419342
Training round: 70		accuracy = 0.2621000111103058
Training round: 71		accuracy = 0.26420000195503235
Training round: 72		accuracy = 0.30979999899864197
Training round: 73		accuracy = 0.44200000166893005
Training round: 74		accuracy = 0.39959999918937683
Training round: 75		accuracy = 0.35989999771118164
Training round: 76		accuracy = 0.3930000066757202
Training round: 77		accuracy = 0.3564000129699707
Training round: 78		accuracy = 0.3765999972820282
Training round: 79		accuracy = 0.3643999993801117
Training round: 80		accuracy = 0.3334999978542328
Training round: 81		accuracy = 0.4049000144004822
Training round: 82		accuracy = 0.32839998602867126
Training round: 83		accuracy = 0.3479999899864197
Training round: 84		accuracy = 0.3882000148296356
Training round: 85		accuracy = 0.39809998869895935
Training round: 86		accuracy = 0.36410000920295715
Training round: 87		accuracy = 0.48010000586509705
Training round: 88		accuracy = 0.3767000138759613
Training round: 89		accuracy = 0.4456000030040741
Training round: 90		accuracy = 0.23309999704360962
Training round: 91		accuracy = 0.3321000039577484
Training round: 92		accuracy = 0.4092000126838684
Training round: 93		accuracy = 0.3434999883174896
Training round: 94		accuracy = 0.4828999936580658
Training round: 95		accuracy = 0.4138000011444092
Training round: 96		accuracy = 0.3869999945163727
Training round: 97		accuracy = 0.40709999203681946
Training round: 98		accuracy = 0.4343999922275543
Training round: 99		accuracy = 0.3709999918937683
Training round: 100		accuracy = 0.40790000557899475
Training round: 101		accuracy = 0.37619999051094055
Training round: 102		accuracy = 0.451200008392334
Training round: 103		accuracy = 0.4198000133037567
Training round: 104		accuracy = 0.43709999322891235
Training round: 105		accuracy = 0.4316999912261963
Training round: 106		accuracy = 0.30379998683929443
Training round: 107		accuracy = 0.3797000050544739
Training round: 108		accuracy = 0.3402000069618225
Training round: 109		accuracy = 0.4629000127315521
Training round: 110		accuracy = 0.3946000039577484
Training round: 111		accuracy = 0.4081000089645386
Training round: 112		accuracy = 0.40130001306533813
Training round: 113		accuracy = 0.4562999904155731
Training round: 114		accuracy = 0.3917999863624573
Training round: 115		accuracy = 0.35600000619888306
Training round: 116		accuracy = 0.4514000117778778
Training round: 117		accuracy = 0.4359999895095825
Training round: 118		accuracy = 0.46639999747276306
Training round: 119		accuracy = 0.38920000195503235
Training round: 120		accuracy = 0.4510999917984009
Training round: 121		accuracy = 0.3562999963760376
Training round: 122		accuracy = 0.4763999879360199
Training round: 123		accuracy = 0.3849000036716461
Training round: 124		accuracy = 0.48820000886917114
Training round: 125		accuracy = 0.45509999990463257
Training round: 126		accuracy = 0.5436000227928162
Training round: 127		accuracy = 0.43290001153945923
Training round: 128		accuracy = 0.4316999912261963
Training round: 129		accuracy = 0.375900000333786
Training round: 130		accuracy = 0.48420000076293945
Training round: 131		accuracy = 0.5138000249862671
Training round: 132		accuracy = 0.4830000102519989
Training round: 133		accuracy = 0.508400022983551
Training round: 134		accuracy = 0.4738999903202057
Training round: 135		accuracy = 0.42089998722076416
Training round: 136		accuracy = 0.45080000162124634
Training round: 137		accuracy = 0.4478999972343445
Training round: 138		accuracy = 0.48420000076293945
Training round: 139		accuracy = 0.413100004196167
Training round: 140		accuracy = 0.35030001401901245
Training round: 141		accuracy = 0.45329999923706055
Training round: 142		accuracy = 0.40779998898506165
Training round: 143		accuracy = 0.48969998955726624
Training round: 144		accuracy = 0.47040000557899475
Training round: 145		accuracy = 0.47279998660087585
Training round: 146		accuracy = 0.43529999256134033
Training round: 147		accuracy = 0.3370000123977661
Training round: 148		accuracy = 0.4936999976634979
Training round: 149		accuracy = 0.48739999532699585
Training round: 150		accuracy = 0.5425000190734863
Training round: 151		accuracy = 0.5551000237464905
Training round: 152		accuracy = 0.5063999891281128
Training round: 153		accuracy = 0.5174999833106995
Training round: 154		accuracy = 0.42640000581741333
Training round: 155		accuracy = 0.5216000080108643
Training round: 156		accuracy = 0.5665000081062317
Training round: 157		accuracy = 0.46939998865127563
Training round: 158		accuracy = 0.4474000036716461
Training round: 159		accuracy = 0.5157999992370605
Training round: 160		accuracy = 0.5717999935150146
Training round: 161		accuracy = 0.527999997138977
Training round: 162		accuracy = 0.45399999618530273
Training round: 163		accuracy = 0.47609999775886536
Training round: 164		accuracy = 0.507099986076355
Training round: 165		accuracy = 0.4684000015258789
Training round: 166		accuracy = 0.41440001130104065
Training round: 167		accuracy = 0.45899999141693115
Training round: 168		accuracy = 0.4925999939441681
Training round: 169		accuracy = 0.5489000082015991
Training round: 170		accuracy = 0.5037000179290771
Training round: 171		accuracy = 0.5202999711036682
Training round: 172		accuracy = 0.4903999865055084
Training round: 173		accuracy = 0.4896000027656555
Training round: 174		accuracy = 0.5134000182151794
Training round: 175		accuracy = 0.44040000438690186
Training round: 176		accuracy = 0.4429999887943268
Training round: 177		accuracy = 0.5249000191688538
Training round: 178		accuracy = 0.37070000171661377
Training round: 179		accuracy = 0.5008999705314636
Training round: 180		accuracy = 0.5401999950408936
Training round: 181		accuracy = 0.38760000467300415
Training round: 182		accuracy = 0.5231999754905701
Training round: 183		accuracy = 0.5230000019073486
Training round: 184		accuracy = 0.4982999861240387
Training round: 185		accuracy = 0.5576000213623047
Training round: 186		accuracy = 0.4505999982357025
Training round: 187		accuracy = 0.5730000138282776
Training round: 188		accuracy = 0.5748000144958496
Training round: 189		accuracy = 0.44769999384880066
Training round: 190		accuracy = 0.48179998993873596
Training round: 191		accuracy = 0.48739999532699585
Training round: 192		accuracy = 0.4957999885082245
Training round: 193		accuracy = 0.47519999742507935
Training round: 194		accuracy = 0.5242999792098999
Training round: 195		accuracy = 0.5327000021934509
Training round: 196		accuracy = 0.5184000134468079
Training round: 197		accuracy = 0.5450999736785889
Training round: 198		accuracy = 0.4902999997138977
Training round: 199		accuracy = 0.5019999742507935
Training round: 200		accuracy = 0.4860999882221222
Training round: 201		accuracy = 0.5152000188827515
Training round: 202		accuracy = 0.559499979019165
Training round: 203		accuracy = 0.6072999835014343
Training round: 204		accuracy = 0.48069998621940613
Training round: 205		accuracy = 0.607200026512146
Training round: 206		accuracy = 0.5259000062942505
Training round: 207		accuracy = 0.5325999855995178
Training round: 208		accuracy = 0.5472000241279602
Training round: 209		accuracy = 0.5555999875068665
Training round: 210		accuracy = 0.5266000032424927
Training round: 211		accuracy = 0.5814999938011169
Training round: 212		accuracy = 0.525600016117096
Training round: 213		accuracy = 0.5037000179290771
Training round: 214		accuracy = 0.5465999841690063
Training round: 215		accuracy = 0.4465999901294708
Training round: 216		accuracy = 0.4072999954223633
Training round: 217		accuracy = 0.5072000026702881
Training round: 218		accuracy = 0.46630001068115234
Training round: 219		accuracy = 0.5566999912261963
Training round: 220		accuracy = 0.5081999897956848
Training round: 221		accuracy = 0.5530999898910522
Training round: 222		accuracy = 0.4456999897956848
Training round: 223		accuracy = 0.5892000198364258
Training round: 224		accuracy = 0.5346999764442444
Training round: 225		accuracy = 0.576200008392334
Training round: 226		accuracy = 0.5680000185966492
Training round: 227		accuracy = 0.4887000024318695
Training round: 228		accuracy = 0.4627000093460083
Training round: 229		accuracy = 0.5647000074386597
Training round: 230		accuracy = 0.5268999934196472
Training round: 231		accuracy = 0.5042999982833862
Training round: 232		accuracy = 0.5602999925613403
Training round: 233		accuracy = 0.5849999785423279
Training round: 234		accuracy = 0.5378000140190125
Training round: 235		accuracy = 0.40450000762939453
Training round: 236		accuracy = 0.44530001282691956
Training round: 237		accuracy = 0.43639999628067017
Training round: 238		accuracy = 0.5655999779701233
Training round: 239		accuracy = 0.5655999779701233
Training round: 240		accuracy = 0.5597000122070312
Training round: 241		accuracy = 0.5324000120162964
Training round: 242		accuracy = 0.5406000018119812
Training round: 243		accuracy = 0.5299000144004822
Training round: 244		accuracy = 0.5784000158309937
Training round: 245		accuracy = 0.5411999821662903
Training round: 246		accuracy = 0.49230000376701355
Training round: 247		accuracy = 0.4927000105381012
Training round: 248		accuracy = 0.5742999911308289
Training round: 249		accuracy = 0.5267999768257141
Training round: 250		accuracy = 0.4564000070095062
Training round: 251		accuracy = 0.5246000289916992
Training round: 252		accuracy = 0.5404000282287598
Training round: 253		accuracy = 0.6194999814033508
Training round: 254		accuracy = 0.5692999958992004
Training round: 255		accuracy = 0.5964999794960022
Training round: 256		accuracy = 0.4932999908924103
Training round: 257		accuracy = 0.44029998779296875
Training round: 258		accuracy = 0.48420000076293945
Training round: 259		accuracy = 0.517300009727478
Training round: 260		accuracy = 0.508400022983551
Training round: 261		accuracy = 0.4487000107765198
Training round: 262		accuracy = 0.5192999839782715
Training round: 263		accuracy = 0.4697999954223633
Training round: 264		accuracy = 0.5016000270843506
Training round: 265		accuracy = 0.4999000132083893
Training round: 266		accuracy = 0.6111999750137329
Training round: 267		accuracy = 0.5857999920845032
Training round: 268		accuracy = 0.4934999942779541
Training round: 269		accuracy = 0.5230000019073486
Training round: 270		accuracy = 0.5927000045776367
Training round: 271		accuracy = 0.49410000443458557
Training round: 272		accuracy = 0.5504999756813049
Training round: 273		accuracy = 0.5849999785423279
Training round: 274		accuracy = 0.5152000188827515
Training round: 275		accuracy = 0.450300008058548
Training round: 276		accuracy = 0.5831000208854675
Training round: 277		accuracy = 0.5449000000953674
Training round: 278		accuracy = 0.5526999831199646
Training round: 279		accuracy = 0.522599995136261
Training round: 280		accuracy = 0.5825999975204468
Training round: 281		accuracy = 0.5835999846458435
Training round: 282		accuracy = 0.43209999799728394
Training round: 283		accuracy = 0.6269999742507935
Training round: 284		accuracy = 0.5370000004768372
Training round: 285		accuracy = 0.5080999732017517
Training round: 286		accuracy = 0.5464000105857849
Training round: 287		accuracy = 0.5759000182151794
Training round: 288		accuracy = 0.5813000202178955
Training round: 289		accuracy = 0.5304999947547913
Training round: 290		accuracy = 0.5467000007629395
Training round: 291		accuracy = 0.5188999772071838
Training round: 292		accuracy = 0.5490999817848206
Training round: 293		accuracy = 0.43619999289512634
Training round: 294		accuracy = 0.5572999715805054
Training round: 295		accuracy = 0.613099992275238
Training round: 296		accuracy = 0.49720001220703125
Training round: 297		accuracy = 0.4991999864578247
Training round: 298		accuracy = 0.5501000285148621
Training round: 299		accuracy = 0.517300009727478
Training round: 300		accuracy = 0.46720001101493835
Training round: 301		accuracy = 0.4519999921321869
Training round: 302		accuracy = 0.5579000115394592
Training round: 303		accuracy = 0.5515999794006348
Training round: 304		accuracy = 0.5568000078201294
Training round: 305		accuracy = 0.5378000140190125
Training round: 306		accuracy = 0.6366999745368958
Training round: 307		accuracy = 0.6351000070571899
Training round: 308		accuracy = 0.6304000020027161
Training round: 309		accuracy = 0.588100016117096
Training round: 310		accuracy = 0.6068999767303467
Training round: 311		accuracy = 0.5346999764442444
Training round: 312		accuracy = 0.5379999876022339
Training round: 313		accuracy = 0.6428999900817871
Training round: 314		accuracy = 0.5054000020027161
Training round: 315		accuracy = 0.5443999767303467
Training round: 316		accuracy = 0.5401999950408936
Training round: 317		accuracy = 0.557200014591217
Training round: 318		accuracy = 0.5430999994277954
Training round: 319		accuracy = 0.4487000107765198
Training round: 320		accuracy = 0.4652000069618225
Training round: 321		accuracy = 0.579200029373169
Training round: 322		accuracy = 0.5953999757766724
Training round: 323		accuracy = 0.521399974822998
Training round: 324		accuracy = 0.5109000205993652
Training round: 325		accuracy = 0.5097000002861023
Training round: 326		accuracy = 0.49639999866485596
Training round: 327		accuracy = 0.5843999981880188
Training round: 328		accuracy = 0.5920000076293945
Training round: 329		accuracy = 0.5927000045776367
Training round: 330		accuracy = 0.4749999940395355
Training round: 331		accuracy = 0.5618000030517578
Training round: 332		accuracy = 0.5570999979972839
Training round: 333		accuracy = 0.6107000112533569
Training round: 334		accuracy = 0.5205000042915344
Training round: 335		accuracy = 0.5564000010490417
Training round: 336		accuracy = 0.5392000079154968
Training round: 337		accuracy = 0.6503000259399414
Training round: 338		accuracy = 0.5990999937057495
Training round: 339		accuracy = 0.6521999835968018
Training round: 340		accuracy = 0.6198999881744385
Training round: 341		accuracy = 0.6575000286102295
Training round: 342		accuracy = 0.5845999717712402
Training round: 343		accuracy = 0.5472999811172485
Training round: 344		accuracy = 0.6100999712944031
Training round: 345		accuracy = 0.5773000121116638
Training round: 346		accuracy = 0.6166999936103821
Training round: 347		accuracy = 0.6353999972343445
Training round: 348		accuracy = 0.5807999968528748
Training round: 349		accuracy = 0.5909000039100647
Training round: 350		accuracy = 0.5546000003814697
Training round: 351		accuracy = 0.48089998960494995
Training round: 352		accuracy = 0.42800000309944153
Training round: 353		accuracy = 0.6247000098228455
Training round: 354		accuracy = 0.541100025177002
Training round: 355		accuracy = 0.6068000197410583
Training round: 356		accuracy = 0.5785999894142151
Training round: 357		accuracy = 0.6460999846458435
Training round: 358		accuracy = 0.5817999839782715
Training round: 359		accuracy = 0.5996999740600586
Training round: 360		accuracy = 0.5985999703407288
Training round: 361		accuracy = 0.546500027179718
Training round: 362		accuracy = 0.5752999782562256
Training round: 363		accuracy = 0.5546000003814697
Training round: 364		accuracy = 0.6474999785423279
Training round: 365		accuracy = 0.6190000176429749
Training round: 366		accuracy = 0.4810999929904938
Training round: 367		accuracy = 0.5848000049591064
Training round: 368		accuracy = 0.508400022983551
Training round: 369		accuracy = 0.5213000178337097
Training round: 370		accuracy = 0.6485999822616577
Training round: 371		accuracy = 0.61080002784729
Training round: 372		accuracy = 0.4684000015258789
Training round: 373		accuracy = 0.5789999961853027
Training round: 374		accuracy = 0.5565000176429749
Training round: 375		accuracy = 0.6333000063896179
Training round: 376		accuracy = 0.5509999990463257
Training round: 377		accuracy = 0.5788999795913696
Training round: 378		accuracy = 0.5490999817848206
Training round: 379		accuracy = 0.630299985408783
Training round: 380		accuracy = 0.61080002784729
Training round: 381		accuracy = 0.5710999965667725
Training round: 382		accuracy = 0.6114000082015991
Training round: 383		accuracy = 0.558899998664856
Training round: 384		accuracy = 0.6234999895095825
Training round: 385		accuracy = 0.6510000228881836
Training round: 386		accuracy = 0.5834000110626221
Training round: 387		accuracy = 0.5735999941825867
Training round: 388		accuracy = 0.6297000050544739
Training round: 389		accuracy = 0.6579999923706055
Training round: 390		accuracy = 0.5271999835968018
Training round: 391		accuracy = 0.6227999925613403
Training round: 392		accuracy = 0.6154000163078308
Training round: 393		accuracy = 0.5306000113487244
Training round: 394		accuracy = 0.6000000238418579
Training round: 395		accuracy = 0.5185999870300293
Training round: 396		accuracy = 0.5781999826431274
Training round: 397		accuracy = 0.6065000295639038
Training round: 398		accuracy = 0.5389000177383423
Training round: 399		accuracy = 0.5414999723434448
Training round: 400		accuracy = 0.5340999960899353
Training round: 401		accuracy = 0.590499997138977
Training round: 402		accuracy = 0.5722000002861023
Training round: 403		accuracy = 0.531000018119812
Training round: 404		accuracy = 0.5719000101089478
Training round: 405		accuracy = 0.5210000276565552
Training round: 406		accuracy = 0.5742999911308289
Training round: 407		accuracy = 0.5468999743461609
Training round: 408		accuracy = 0.5785999894142151
Training round: 409		accuracy = 0.6037999987602234
Training round: 410		accuracy = 0.6331999897956848
Training round: 411		accuracy = 0.5870000123977661
Training round: 412		accuracy = 0.619700014591217
Training round: 413		accuracy = 0.6291000247001648
Training round: 414		accuracy = 0.6656000018119812
Training round: 415		accuracy = 0.5530999898910522
Training round: 416		accuracy = 0.5956000089645386
Training round: 417		accuracy = 0.5400999784469604
Training round: 418		accuracy = 0.5645999908447266
Training round: 419		accuracy = 0.5698999762535095
Training round: 420		accuracy = 0.6146000027656555
Training round: 421		accuracy = 0.6057000160217285
Training round: 422		accuracy = 0.5429999828338623
Training round: 423		accuracy = 0.5559999942779541
Training round: 424		accuracy = 0.6687999963760376
Training round: 425		accuracy = 0.6707000136375427
Training round: 426		accuracy = 0.567300021648407
Training round: 427		accuracy = 0.593500018119812
Training round: 428		accuracy = 0.5932000279426575
Training round: 429		accuracy = 0.6280999779701233
Training round: 430		accuracy = 0.6164000034332275
Training round: 431		accuracy = 0.5949000120162964
Training round: 432		accuracy = 0.5956000089645386
Training round: 433		accuracy = 0.6470000147819519
Training round: 434		accuracy = 0.534600019454956
Training round: 435		accuracy = 0.5
Training round: 436		accuracy = 0.6266999840736389
Training round: 437		accuracy = 0.5604000091552734
Training round: 438		accuracy = 0.6157000064849854
Training round: 439		accuracy = 0.590399980545044
Training round: 440		accuracy = 0.5562999844551086
Training round: 441		accuracy = 0.5213000178337097
Training round: 442		accuracy = 0.6018999814987183
Training round: 443		accuracy = 0.6316999793052673
Training round: 444		accuracy = 0.6087999939918518
Training round: 445		accuracy = 0.6083999872207642
Training round: 446		accuracy = 0.6294999718666077
Training round: 447		accuracy = 0.46889999508857727
Training round: 448		accuracy = 0.5116999745368958
Training round: 449		accuracy = 0.5958999991416931
Training round: 450		accuracy = 0.6412000060081482
Training round: 451		accuracy = 0.6482999920845032
Training round: 452		accuracy = 0.5594000220298767
Training round: 453		accuracy = 0.6326000094413757
Training round: 454		accuracy = 0.6692000031471252
Training round: 455		accuracy = 0.6190999746322632
Training round: 456		accuracy = 0.5956000089645386
Training round: 457		accuracy = 0.6211000084877014
Training round: 458		accuracy = 0.6111000180244446
Training round: 459		accuracy = 0.5009999871253967
Training round: 460		accuracy = 0.557699978351593
Training round: 461		accuracy = 0.5764999985694885
Training round: 462		accuracy = 0.5508000254631042
Training round: 463		accuracy = 0.5428000092506409
Training round: 464		accuracy = 0.6119999885559082
Training round: 465		accuracy = 0.6712999939918518
Training round: 466		accuracy = 0.5562000274658203
Training round: 467		accuracy = 0.5460000038146973
Training round: 468		accuracy = 0.6431999802589417
Training round: 469		accuracy = 0.6603000164031982
Training round: 470		accuracy = 0.6031000018119812
Training round: 471		accuracy = 0.5748000144958496
Training round: 472		accuracy = 0.632099986076355
Training round: 473		accuracy = 0.6762999892234802
Training round: 474		accuracy = 0.6032999753952026
Training round: 475		accuracy = 0.6567999720573425
Training round: 476		accuracy = 0.6421999931335449
Training round: 477		accuracy = 0.599399983882904
Training round: 478		accuracy = 0.6280999779701233
Training round: 479		accuracy = 0.6096000075340271
Training round: 480		accuracy = 0.5514000058174133
Training round: 481		accuracy = 0.5870000123977661
Training round: 482		accuracy = 0.6251999735832214
Training round: 483		accuracy = 0.6111000180244446
Training round: 484		accuracy = 0.6001999974250793
Training round: 485		accuracy = 0.6313999891281128
Training round: 486		accuracy = 0.6442999839782715
Training round: 487		accuracy = 0.546500027179718
Training round: 488		accuracy = 0.682200014591217
Training round: 489		accuracy = 0.5943999886512756
Training round: 490		accuracy = 0.6557000279426575
Training round: 491		accuracy = 0.6223000288009644
Training round: 492		accuracy = 0.6736999750137329
Training round: 493		accuracy = 0.5860000252723694
Training round: 494		accuracy = 0.5194000005722046
Training round: 495		accuracy = 0.6297000050544739
Training round: 496		accuracy = 0.6265000104904175
Training round: 497		accuracy = 0.5412999987602234
Training round: 498		accuracy = 0.6438999772071838
Training round: 499		accuracy = 0.66839998960495
Training round: 500		accuracy = 0.6696000099182129
Training round: 501		accuracy = 0.5809999704360962
Training round: 502		accuracy = 0.5802000164985657
Training round: 503		accuracy = 0.6078000068664551
Training round: 504		accuracy = 0.664900004863739
Training round: 505		accuracy = 0.5490000247955322
Training round: 506		accuracy = 0.5860000252723694
Training round: 507		accuracy = 0.6407999992370605
Training round: 508		accuracy = 0.6603999733924866
Training round: 509		accuracy = 0.659600019454956
Training round: 510		accuracy = 0.6448000073432922
Training round: 511		accuracy = 0.6624000072479248
Training round: 512		accuracy = 0.6934999823570251
Training round: 513		accuracy = 0.5763999819755554
Training round: 514		accuracy = 0.5691999793052673
Training round: 515		accuracy = 0.5821999907493591
Training round: 516		accuracy = 0.6323000192642212
Training round: 517		accuracy = 0.5679000020027161
Training round: 518		accuracy = 0.660099983215332
Training round: 519		accuracy = 0.6251999735832214
Training round: 520		accuracy = 0.5936999917030334
Training round: 521		accuracy = 0.6082000136375427
Training round: 522		accuracy = 0.5993000268936157
Training round: 523		accuracy = 0.6611999869346619
Training round: 524		accuracy = 0.6463000178337097
Training round: 525		accuracy = 0.5388000011444092
Training round: 526		accuracy = 0.5638999938964844
Training round: 527		accuracy = 0.6197999715805054
Training round: 528		accuracy = 0.5741999745368958
Training round: 529		accuracy = 0.652899980545044
Training round: 530		accuracy = 0.5458999872207642
Training round: 531		accuracy = 0.6032999753952026
Training round: 532		accuracy = 0.6410999894142151
Training round: 533		accuracy = 0.6518999934196472
Training round: 534		accuracy = 0.6676999926567078
Training round: 535		accuracy = 0.6384999752044678
Training round: 536		accuracy = 0.6603999733924866
Training round: 537		accuracy = 0.6758000254631042
Training round: 538		accuracy = 0.642799973487854
Training round: 539		accuracy = 0.583299994468689
Training round: 540		accuracy = 0.5942000150680542
Training round: 541		accuracy = 0.6216999888420105
Training round: 542		accuracy = 0.6406999826431274
Training round: 543		accuracy = 0.6154999732971191
Training round: 544		accuracy = 0.6973000168800354
Training round: 545		accuracy = 0.6391000151634216
Training round: 546		accuracy = 0.6277999877929688
Training round: 547		accuracy = 0.6840999722480774
Training round: 548		accuracy = 0.6607000231742859
Training round: 549		accuracy = 0.5806999802589417
Training round: 550		accuracy = 0.6166999936103821
Training round: 551		accuracy = 0.6276000142097473
Training round: 552		accuracy = 0.6183000206947327
Training round: 553		accuracy = 0.6717000007629395
Training round: 554		accuracy = 0.6008999943733215
Training round: 555		accuracy = 0.6481000185012817
Training round: 556		accuracy = 0.6787999868392944
Training round: 557		accuracy = 0.5325000286102295
Training round: 558		accuracy = 0.6672000288963318
Training round: 559		accuracy = 0.6711000204086304
Training round: 560		accuracy = 0.6614000201225281
Training round: 561		accuracy = 0.6589000225067139
Training round: 562		accuracy = 0.6046000123023987
Training round: 563		accuracy = 0.5730999708175659
Training round: 564		accuracy = 0.6736000180244446
Training round: 565		accuracy = 0.6128000020980835
Training round: 566		accuracy = 0.6007000207901001
Training round: 567		accuracy = 0.6126999855041504
Training round: 568		accuracy = 0.5760999917984009
Training round: 569		accuracy = 0.6370000243186951
Training round: 570		accuracy = 0.6916999816894531
Training round: 571		accuracy = 0.5532000064849854
Training round: 572		accuracy = 0.4674000144004822
Training round: 573		accuracy = 0.5885000228881836
Training round: 574		accuracy = 0.67330002784729
Training round: 575		accuracy = 0.548799991607666
Training round: 576		accuracy = 0.6628999710083008
Training round: 577		accuracy = 0.640999972820282
Training round: 578		accuracy = 0.676800012588501
Training round: 579		accuracy = 0.6308000087738037
Training round: 580		accuracy = 0.6394000053405762
Training round: 581		accuracy = 0.647599995136261
Training round: 582		accuracy = 0.63919997215271
Training round: 583		accuracy = 0.6585999727249146
Training round: 584		accuracy = 0.5859000086784363
Training round: 585		accuracy = 0.559499979019165
Training round: 586		accuracy = 0.6173999905586243
Training round: 587		accuracy = 0.5734000205993652
Training round: 588		accuracy = 0.5461999773979187
Training round: 589		accuracy = 0.6309999823570251
Training round: 590		accuracy = 0.550000011920929
Training round: 591		accuracy = 0.6563000082969666
Training round: 592		accuracy = 0.669700026512146
Training round: 593		accuracy = 0.5371999740600586
Training round: 594		accuracy = 0.6148999929428101
Training round: 595		accuracy = 0.6588000059127808
Training round: 596		accuracy = 0.6255000233650208
Training round: 597		accuracy = 0.6014000177383423
Training round: 598		accuracy = 0.5967000126838684
Training round: 599		accuracy = 0.5713000297546387
Training round: 600		accuracy = 0.6274999976158142
Training round: 601		accuracy = 0.6439999938011169
Training round: 602		accuracy = 0.588699996471405
Training round: 603		accuracy = 0.5580000281333923
Training round: 604		accuracy = 0.6692000031471252
Training round: 605		accuracy = 0.60589998960495
Training round: 606		accuracy = 0.6482999920845032
Training round: 607		accuracy = 0.6363000273704529
Training round: 608		accuracy = 0.5950999855995178
Training round: 609		accuracy = 0.6608999967575073
Training round: 610		accuracy = 0.652899980545044
Training round: 611		accuracy = 0.6247000098228455
Training round: 612		accuracy = 0.67330002784729
Training round: 613		accuracy = 0.6421999931335449
Training round: 614		accuracy = 0.6488000154495239
Training round: 615		accuracy = 0.6833000183105469
Training round: 616		accuracy = 0.5681999921798706
Training round: 617		accuracy = 0.6359999775886536
Training round: 618		accuracy = 0.5533999800682068
Training round: 619		accuracy = 0.6171000003814697
Training round: 620		accuracy = 0.6290000081062317
Training round: 621		accuracy = 0.5275999903678894
Training round: 622		accuracy = 0.5781999826431274
Training round: 623		accuracy = 0.5687999725341797
Training round: 624		accuracy = 0.5576000213623047
Training round: 625		accuracy = 0.5929999947547913
Training round: 626		accuracy = 0.6565999984741211
Training round: 627		accuracy = 0.5516999959945679
Training round: 628		accuracy = 0.559499979019165
Training round: 629		accuracy = 0.6665999889373779
Training round: 630		accuracy = 0.6676999926567078
Training round: 631		accuracy = 0.6305999755859375
Training round: 632		accuracy = 0.6190999746322632
Training round: 633		accuracy = 0.644599974155426
Training round: 634		accuracy = 0.6085000038146973
Training round: 635		accuracy = 0.5892000198364258
Training round: 636		accuracy = 0.6345999836921692
Training round: 637		accuracy = 0.6715999841690063
Training round: 638		accuracy = 0.6157000064849854
Training round: 639		accuracy = 0.6164000034332275
Training round: 640		accuracy = 0.5958999991416931
Training round: 641		accuracy = 0.6305000185966492
Training round: 642		accuracy = 0.6575999855995178
Training round: 643		accuracy = 0.6365000009536743
Training round: 644		accuracy = 0.6096000075340271
Training round: 645		accuracy = 0.6309000253677368
Training round: 646		accuracy = 0.6471999883651733
Training round: 647		accuracy = 0.6668999791145325
Training round: 648		accuracy = 0.671500027179718
Training round: 649		accuracy = 0.7062000036239624
Training round: 650		accuracy = 0.666700005531311
Training round: 651		accuracy = 0.6586999893188477
Training round: 652		accuracy = 0.5893999934196472
Training round: 653		accuracy = 0.6197999715805054
Training round: 654		accuracy = 0.5916000008583069
Training round: 655		accuracy = 0.589900016784668
Training round: 656		accuracy = 0.6990000009536743
Training round: 657		accuracy = 0.6484000086784363
Training round: 658		accuracy = 0.6449999809265137
Training round: 659		accuracy = 0.6686000227928162
Training round: 660		accuracy = 0.6793000102043152
Training round: 661		accuracy = 0.6531000137329102
Training round: 662		accuracy = 0.6287000179290771
Training round: 663		accuracy = 0.6302000284194946
Training round: 664		accuracy = 0.6115999817848206
Training round: 665		accuracy = 0.6148999929428101
Training round: 666		accuracy = 0.5992000102996826
Training round: 667		accuracy = 0.6545000076293945
Training round: 668		accuracy = 0.6299999952316284
Training round: 669		accuracy = 0.680899977684021
Training round: 670		accuracy = 0.6908000111579895
Training round: 671		accuracy = 0.5925999879837036
Training round: 672		accuracy = 0.680400013923645
Training round: 673		accuracy = 0.6110000014305115
Training round: 674		accuracy = 0.5861999988555908
Training round: 675		accuracy = 0.6708999872207642
Training round: 676		accuracy = 0.6029999852180481
Training round: 677		accuracy = 0.5746999979019165
Training round: 678		accuracy = 0.612500011920929
Training round: 679		accuracy = 0.6173999905586243
Training round: 680		accuracy = 0.6335999965667725
Training round: 681		accuracy = 0.6517000198364258
Training round: 682		accuracy = 0.6582000255584717
Training round: 683		accuracy = 0.6114000082015991
Training round: 684		accuracy = 0.6237000226974487
Training round: 685		accuracy = 0.6050999760627747
Training round: 686		accuracy = 0.6388999819755554
Training round: 687		accuracy = 0.6815999746322632
Training round: 688		accuracy = 0.6446999907493591
Training round: 689		accuracy = 0.5751000046730042
Training round: 690		accuracy = 0.5906999707221985
Training round: 691		accuracy = 0.5845000147819519
Training round: 692		accuracy = 0.6299999952316284
Training round: 693		accuracy = 0.6567000150680542
Training round: 694		accuracy = 0.6391000151634216
Training round: 695		accuracy = 0.6611999869346619
Training round: 696		accuracy = 0.6772000193595886
Training round: 697		accuracy = 0.6395000219345093
Training round: 698		accuracy = 0.6607000231742859
Training round: 699		accuracy = 0.6597999930381775
Training round: 700		accuracy = 0.5662999749183655
Training round: 701		accuracy = 0.6381000280380249
Training round: 702		accuracy = 0.6542999744415283
Training round: 703		accuracy = 0.6891999840736389
Training round: 704		accuracy = 0.6969000101089478
Training round: 705		accuracy = 0.6629999876022339
Training round: 706		accuracy = 0.6624000072479248
Training round: 707		accuracy = 0.5760999917984009
Training round: 708		accuracy = 0.5866000056266785
Training round: 709		accuracy = 0.6618000268936157
Training round: 710		accuracy = 0.5758000016212463
Training round: 711		accuracy = 0.5974000096321106
Training round: 712		accuracy = 0.675599992275238
Training round: 713		accuracy = 0.6381999850273132
Training round: 714		accuracy = 0.640500009059906
Training round: 715		accuracy = 0.659500002861023
Training round: 716		accuracy = 0.6294000148773193
Training round: 717		accuracy = 0.6654999852180481
Training round: 718		accuracy = 0.6854000091552734
Training round: 719		accuracy = 0.6567999720573425
Training round: 720		accuracy = 0.6226000189781189
Training round: 721		accuracy = 0.5842000246047974
Training round: 722		accuracy = 0.6711999773979187
Training round: 723		accuracy = 0.6671000123023987
Training round: 724		accuracy = 0.6261000037193298
Training round: 725		accuracy = 0.6571000218391418
Training round: 726		accuracy = 0.6137999892234802
Training round: 727		accuracy = 0.6470000147819519
Training round: 728		accuracy = 0.6330999732017517
Training round: 729		accuracy = 0.6310999989509583
Training round: 730		accuracy = 0.6535000205039978
Training round: 731		accuracy = 0.6414999961853027
Training round: 732		accuracy = 0.555400013923645
Training round: 733		accuracy = 0.5544000267982483
Training round: 734		accuracy = 0.6176000237464905
Training round: 735		accuracy = 0.6101999878883362
Training round: 736		accuracy = 0.6427000164985657
Training round: 737		accuracy = 0.6904000043869019
Training round: 738		accuracy = 0.5835000276565552
Training round: 739		accuracy = 0.6704000234603882
Training round: 740		accuracy = 0.6448000073432922
Training round: 741		accuracy = 0.6464999914169312
Training round: 742		accuracy = 0.6316999793052673
Training round: 743		accuracy = 0.6872000098228455
Training round: 744		accuracy = 0.6962000131607056
Training round: 745		accuracy = 0.6711999773979187
Training round: 746		accuracy = 0.6972000002861023
Training round: 747		accuracy = 0.6100000143051147
Training round: 748		accuracy = 0.6464999914169312
Training round: 749		accuracy = 0.6820999979972839
Training round: 750		accuracy = 0.6729000210762024
Training round: 751		accuracy = 0.6765999794006348
Training round: 752		accuracy = 0.6442000269889832
Training round: 753		accuracy = 0.6208999752998352
Training round: 754		accuracy = 0.6215999722480774
Training round: 755		accuracy = 0.6348999738693237
Training round: 756		accuracy = 0.5346999764442444
Training round: 757		accuracy = 0.6603000164031982
Training round: 758		accuracy = 0.6087999939918518
Training round: 759		accuracy = 0.6653000116348267
Training round: 760		accuracy = 0.637499988079071
Training round: 761		accuracy = 0.6498000025749207
Training round: 762		accuracy = 0.5360000133514404
Training round: 763		accuracy = 0.5889000296592712
Training round: 764		accuracy = 0.5922999978065491
Training round: 765		accuracy = 0.6464999914169312
Training round: 766		accuracy = 0.6258999705314636
Training round: 767		accuracy = 0.5996000170707703
Training round: 768		accuracy = 0.6322000026702881
Training round: 769		accuracy = 0.6395000219345093
Training round: 770		accuracy = 0.637499988079071
Training round: 771		accuracy = 0.5256999731063843
Training round: 772		accuracy = 0.5964999794960022
Training round: 773		accuracy = 0.631600022315979
Training round: 774		accuracy = 0.699400007724762
Training round: 775		accuracy = 0.6478999853134155
Training round: 776		accuracy = 0.637499988079071
Training round: 777		accuracy = 0.6241000294685364
Training round: 778		accuracy = 0.6563000082969666
Training round: 779		accuracy = 0.6693999767303467
Training round: 780		accuracy = 0.7121000289916992
Training round: 781		accuracy = 0.6764000058174133
Training round: 782		accuracy = 0.6334999799728394
Training round: 783		accuracy = 0.6823999881744385
Training round: 784		accuracy = 0.6100999712944031
Training round: 785		accuracy = 0.6672000288963318
Training round: 786		accuracy = 0.6938999891281128
Training round: 787		accuracy = 0.6837999820709229
Training round: 788		accuracy = 0.6446999907493591
Training round: 789		accuracy = 0.6531000137329102
Training round: 790		accuracy = 0.6194999814033508
Training round: 791		accuracy = 0.6621999740600586
Training round: 792		accuracy = 0.6376000046730042
Training round: 793		accuracy = 0.6301000118255615
Training round: 794		accuracy = 0.6254000067710876
Training round: 795		accuracy = 0.6550999879837036
Training round: 796		accuracy = 0.6244000196456909
Training round: 797		accuracy = 0.592199981212616
Training round: 798		accuracy = 0.5784000158309937
Training round: 799		accuracy = 0.644599974155426
Training round: 800		accuracy = 0.6534000039100647
Training round: 801		accuracy = 0.6571999788284302
Training round: 802		accuracy = 0.6650000214576721
Training round: 803		accuracy = 0.6593000292778015
Training round: 804		accuracy = 0.5981000065803528
Training round: 805		accuracy = 0.5878999829292297
Training round: 806		accuracy = 0.6363000273704529
Training round: 807		accuracy = 0.6226000189781189
Training round: 808		accuracy = 0.7005000114440918
Training round: 809		accuracy = 0.6437000036239624
Training round: 810		accuracy = 0.6811000108718872
Training round: 811		accuracy = 0.6794999837875366
Training round: 812		accuracy = 0.657800018787384
Training round: 813		accuracy = 0.67330002784729
Training round: 814		accuracy = 0.6478000283241272
Training round: 815		accuracy = 0.6671000123023987
Training round: 816		accuracy = 0.5680999755859375
Training round: 817		accuracy = 0.6541000008583069
Training round: 818		accuracy = 0.6347000002861023
Training round: 819		accuracy = 0.6687999963760376
Training round: 820		accuracy = 0.6998000144958496
Training round: 821		accuracy = 0.6841999888420105
Training round: 822		accuracy = 0.6051999926567078
Training round: 823		accuracy = 0.5580000281333923
Training round: 824		accuracy = 0.6567999720573425
Training round: 825		accuracy = 0.650600016117096
Training round: 826		accuracy = 0.6539999842643738
Training round: 827		accuracy = 0.6858999729156494
Training round: 828		accuracy = 0.5803999900817871
Training round: 829		accuracy = 0.6031000018119812
Training round: 830		accuracy = 0.6215999722480774
Training round: 831		accuracy = 0.6340000033378601
Training round: 832		accuracy = 0.6744999885559082
Training round: 833		accuracy = 0.6757000088691711
Training round: 834		accuracy = 0.7005000114440918
Training round: 835		accuracy = 0.6782000064849854
Training round: 836		accuracy = 0.6571999788284302
Training round: 837		accuracy = 0.6351000070571899
Training round: 838		accuracy = 0.6766999959945679
Training round: 839		accuracy = 0.6596999764442444
Training round: 840		accuracy = 0.5666000247001648
Training round: 841		accuracy = 0.6527000069618225
Training round: 842		accuracy = 0.7038999795913696
Training round: 843		accuracy = 0.7001000046730042
Training round: 844		accuracy = 0.6388000249862671
Training round: 845		accuracy = 0.647599995136261
Training round: 846		accuracy = 0.6765999794006348
Training round: 847		accuracy = 0.6883000135421753
Training round: 848		accuracy = 0.6388000249862671
Training round: 849		accuracy = 0.6301000118255615
Training round: 850		accuracy = 0.6273999810218811
Training round: 851		accuracy = 0.5274999737739563
Training round: 852		accuracy = 0.6798999905586243
Training round: 853		accuracy = 0.6450999975204468
Training round: 854		accuracy = 0.6302000284194946
Training round: 855		accuracy = 0.6571000218391418
Training round: 856		accuracy = 0.6376000046730042
Training round: 857		accuracy = 0.6812000274658203
Training round: 858		accuracy = 0.6635000109672546
Training round: 859		accuracy = 0.6819999814033508
Training round: 860		accuracy = 0.6546000242233276
Training round: 861		accuracy = 0.656499981880188
Training round: 862		accuracy = 0.6037999987602234
Training round: 863		accuracy = 0.6220999956130981
Training round: 864		accuracy = 0.5789999961853027
Training round: 865		accuracy = 0.6610999703407288
Training round: 866		accuracy = 0.6998999714851379
Training round: 867		accuracy = 0.6561999917030334
Training round: 868		accuracy = 0.6980999708175659
Training round: 869		accuracy = 0.6208999752998352
Training round: 870		accuracy = 0.644599974155426
Training round: 871		accuracy = 0.6521000266075134
Training round: 872		accuracy = 0.6453999876976013
Training round: 873		accuracy = 0.6503000259399414
Training round: 874		accuracy = 0.6180999875068665
Training round: 875		accuracy = 0.6912000179290771
Training round: 876		accuracy = 0.6444000005722046
Training round: 877		accuracy = 0.6741999983787537
Training round: 878		accuracy = 0.6355999708175659
Training round: 879		accuracy = 0.5885999798774719
Training round: 880		accuracy = 0.6516000032424927
Training round: 881		accuracy = 0.6949999928474426
Training round: 882		accuracy = 0.679099977016449
Training round: 883		accuracy = 0.6439999938011169
Training round: 884		accuracy = 0.6129000186920166
Training round: 885		accuracy = 0.6940000057220459
Training round: 886		accuracy = 0.6169999837875366
Training round: 887		accuracy = 0.6545000076293945
Training round: 888		accuracy = 0.6913999915122986
Training round: 889		accuracy = 0.6492999792098999
Training round: 890		accuracy = 0.7171000242233276
Training round: 891		accuracy = 0.6682999730110168
Training round: 892		accuracy = 0.6510000228881836
Training round: 893		accuracy = 0.6434000134468079
Training round: 894		accuracy = 0.6510000228881836
Training round: 895		accuracy = 0.6477000117301941
Training round: 896		accuracy = 0.6747999787330627
Training round: 897		accuracy = 0.6798999905586243
Training round: 898		accuracy = 0.6628000140190125
Training round: 899		accuracy = 0.7037000060081482
Training round: 900		accuracy = 0.6376000046730042
Training round: 901		accuracy = 0.6743000149726868
Training round: 902		accuracy = 0.704800009727478
Training round: 903		accuracy = 0.6656000018119812
Training round: 904		accuracy = 0.6575999855995178
Training round: 905		accuracy = 0.6060000061988831
Training round: 906		accuracy = 0.616599977016449
Training round: 907		accuracy = 0.5325999855995178
Training round: 908		accuracy = 0.6804999709129333
Training round: 909		accuracy = 0.6830000281333923
Training round: 910		accuracy = 0.6938999891281128
Training round: 911		accuracy = 0.6798999905586243
Training round: 912		accuracy = 0.70169997215271
Training round: 913		accuracy = 0.6776999831199646
Training round: 914		accuracy = 0.628000020980835
Training round: 915		accuracy = 0.6230000257492065
Training round: 916		accuracy = 0.7020999789237976
Training round: 917		accuracy = 0.6807000041007996
Training round: 918		accuracy = 0.6779000163078308
Training round: 919		accuracy = 0.6315000057220459
Training round: 920		accuracy = 0.6836000084877014
Training round: 921		accuracy = 0.6290000081062317
Training round: 922		accuracy = 0.6528000235557556
Training round: 923		accuracy = 0.7174000144004822
Training round: 924		accuracy = 0.5737000107765198
Training round: 925		accuracy = 0.6478999853134155
Training round: 926		accuracy = 0.5982999801635742
Training round: 927		accuracy = 0.6575000286102295
Training round: 928		accuracy = 0.6664000153541565
Training round: 929		accuracy = 0.6126999855041504
Training round: 930		accuracy = 0.6557999849319458
Training round: 931		accuracy = 0.6814000010490417
Training round: 932		accuracy = 0.659500002861023
Training round: 933		accuracy = 0.6237000226974487
Training round: 934		accuracy = 0.6955000162124634
Training round: 935		accuracy = 0.6534000039100647
Training round: 936		accuracy = 0.6740000247955322
Training round: 937		accuracy = 0.6862999796867371
Training round: 938		accuracy = 0.703499972820282
Training round: 939		accuracy = 0.6987000107765198
Training round: 940		accuracy = 0.5861999988555908
Training round: 941		accuracy = 0.6779000163078308
Training round: 942		accuracy = 0.6618000268936157
Training round: 943		accuracy = 0.6334999799728394
Training round: 944		accuracy = 0.6615999937057495
Training round: 945		accuracy = 0.6546000242233276
Training round: 946		accuracy = 0.7010999917984009
Training round: 947		accuracy = 0.6035000085830688
Training round: 948		accuracy = 0.6801999807357788
Training round: 949		accuracy = 0.6227999925613403
Training round: 950		accuracy = 0.6202999949455261
Training round: 951		accuracy = 0.6947000026702881
Training round: 952		accuracy = 0.6823999881744385
Training round: 953		accuracy = 0.6097000241279602
Training round: 954		accuracy = 0.6929000020027161
Training round: 955		accuracy = 0.7127000093460083
Training round: 956		accuracy = 0.6615999937057495
Training round: 957		accuracy = 0.6747999787330627
Training round: 958		accuracy = 0.6140000224113464
Training round: 959		accuracy = 0.6764000058174133
Training round: 960		accuracy = 0.6868000030517578
Training round: 961		accuracy = 0.6420000195503235
Training round: 962		accuracy = 0.7035999894142151
Training round: 963		accuracy = 0.6509000062942505
Training round: 964		accuracy = 0.5996000170707703
Training round: 965		accuracy = 0.6398000121116638
Training round: 966		accuracy = 0.6861000061035156
Training round: 967		accuracy = 0.6782000064849854
Training round: 968		accuracy = 0.6323999762535095
Training round: 969		accuracy = 0.6115999817848206
Training round: 970		accuracy = 0.6029000282287598
Training round: 971		accuracy = 0.6347000002861023
Training round: 972		accuracy = 0.65420001745224
Training round: 973		accuracy = 0.6682999730110168
Training round: 974		accuracy = 0.6812000274658203
Training round: 975		accuracy = 0.6783000230789185
Training round: 976		accuracy = 0.6596999764442444
Training round: 977		accuracy = 0.680400013923645
Training round: 978		accuracy = 0.7142000198364258
Training round: 979		accuracy = 0.6872000098228455
Training round: 980		accuracy = 0.6988000273704529
Training round: 981		accuracy = 0.6459000110626221
Training round: 982		accuracy = 0.6735000014305115
Training round: 983		accuracy = 0.5734000205993652
Training round: 984		accuracy = 0.6294999718666077
Training round: 985		accuracy = 0.6672999858856201
Training round: 986		accuracy = 0.6233999729156494
Training round: 987		accuracy = 0.6341999769210815
Training round: 988		accuracy = 0.6539000272750854
Training round: 989		accuracy = 0.6758999824523926
Training round: 990		accuracy = 0.6866000294685364
Training round: 991		accuracy = 0.6793000102043152
Training round: 992		accuracy = 0.6603999733924866
Training round: 993		accuracy = 0.6428999900817871
Training round: 994		accuracy = 0.6829000115394592
Training round: 995		accuracy = 0.7103000283241272
Training round: 996		accuracy = 0.6563000082969666
Training round: 997		accuracy = 0.5924999713897705
Training round: 998		accuracy = 0.6934000253677368
Training round: 999		accuracy = 0.698199987411499
Training round: 1000		accuracy = 0.6808000206947327
Training duration 15043.899987220764
