2021-08-23 17:26:48.256297: I tensorflow/stream_executor/platform/default/dso_loader.cc:49] Successfully opened dynamic library libcudart.so.11.0
2021-08-23 17:27:13.823914: I tensorflow/compiler/jit/xla_cpu_device.cc:41] Not creating XLA devices, tf_xla_enable_xla_devices not set
2021-08-23 17:27:13.829396: I tensorflow/stream_executor/platform/default/dso_loader.cc:49] Successfully opened dynamic library libcuda.so.1
2021-08-23 17:27:13.870875: I tensorflow/core/common_runtime/gpu/gpu_device.cc:1720] Found device 0 with properties: 
pciBusID: 0000:03:00.0 name: Tesla P100-PCIE-12GB computeCapability: 6.0
coreClock: 1.3285GHz coreCount: 56 deviceMemorySize: 11.91GiB deviceMemoryBandwidth: 511.41GiB/s
2021-08-23 17:27:13.872446: I tensorflow/stream_executor/platform/default/dso_loader.cc:49] Successfully opened dynamic library libcudart.so.11.0
2021-08-23 17:27:13.883765: I tensorflow/stream_executor/platform/default/dso_loader.cc:49] Successfully opened dynamic library libcublas.so.11
2021-08-23 17:27:13.883901: I tensorflow/stream_executor/platform/default/dso_loader.cc:49] Successfully opened dynamic library libcublasLt.so.11
2021-08-23 17:27:13.889790: I tensorflow/stream_executor/platform/default/dso_loader.cc:49] Successfully opened dynamic library libcufft.so.10
2021-08-23 17:27:13.893815: I tensorflow/stream_executor/platform/default/dso_loader.cc:49] Successfully opened dynamic library libcurand.so.10
2021-08-23 17:27:13.902577: I tensorflow/stream_executor/platform/default/dso_loader.cc:49] Successfully opened dynamic library libcusolver.so.10
2021-08-23 17:27:13.904816: I tensorflow/stream_executor/platform/default/dso_loader.cc:49] Successfully opened dynamic library libcusparse.so.11
2021-08-23 17:27:13.905730: I tensorflow/stream_executor/platform/default/dso_loader.cc:49] Successfully opened dynamic library libcudnn.so.8
2021-08-23 17:27:13.908033: I tensorflow/core/common_runtime/gpu/gpu_device.cc:1862] Adding visible gpu devices: 0
2021-08-23 17:27:13.912036: I tensorflow/core/platform/cpu_feature_guard.cc:142] This TensorFlow binary is optimized with oneAPI Deep Neural Network Library (oneDNN) to use the following CPU instructions in performance-critical operations:  AVX2 FMA
To enable them in other operations, rebuild TensorFlow with the appropriate compiler flags.
2021-08-23 17:27:13.912423: I tensorflow/compiler/jit/xla_gpu_device.cc:99] Not creating XLA devices, tf_xla_enable_xla_devices not set
2021-08-23 17:27:13.913580: I tensorflow/core/common_runtime/gpu/gpu_device.cc:1720] Found device 0 with properties: 
pciBusID: 0000:03:00.0 name: Tesla P100-PCIE-12GB computeCapability: 6.0
coreClock: 1.3285GHz coreCount: 56 deviceMemorySize: 11.91GiB deviceMemoryBandwidth: 511.41GiB/s
2021-08-23 17:27:13.913692: I tensorflow/stream_executor/platform/default/dso_loader.cc:49] Successfully opened dynamic library libcudart.so.11.0
2021-08-23 17:27:13.913790: I tensorflow/stream_executor/platform/default/dso_loader.cc:49] Successfully opened dynamic library libcublas.so.11
2021-08-23 17:27:13.913879: I tensorflow/stream_executor/platform/default/dso_loader.cc:49] Successfully opened dynamic library libcublasLt.so.11
2021-08-23 17:27:13.913971: I tensorflow/stream_executor/platform/default/dso_loader.cc:49] Successfully opened dynamic library libcufft.so.10
2021-08-23 17:27:13.914065: I tensorflow/stream_executor/platform/default/dso_loader.cc:49] Successfully opened dynamic library libcurand.so.10
2021-08-23 17:27:13.914178: I tensorflow/stream_executor/platform/default/dso_loader.cc:49] Successfully opened dynamic library libcusolver.so.10
2021-08-23 17:27:13.914283: I tensorflow/stream_executor/platform/default/dso_loader.cc:49] Successfully opened dynamic library libcusparse.so.11
2021-08-23 17:27:13.914374: I tensorflow/stream_executor/platform/default/dso_loader.cc:49] Successfully opened dynamic library libcudnn.so.8
2021-08-23 17:27:13.916114: I tensorflow/core/common_runtime/gpu/gpu_device.cc:1862] Adding visible gpu devices: 0
2021-08-23 17:27:13.916246: I tensorflow/stream_executor/platform/default/dso_loader.cc:49] Successfully opened dynamic library libcudart.so.11.0
2021-08-23 17:27:15.120934: I tensorflow/core/common_runtime/gpu/gpu_device.cc:1261] Device interconnect StreamExecutor with strength 1 edge matrix:
2021-08-23 17:27:15.121151: I tensorflow/core/common_runtime/gpu/gpu_device.cc:1267]      0 
2021-08-23 17:27:15.121296: I tensorflow/core/common_runtime/gpu/gpu_device.cc:1280] 0:   N 
2021-08-23 17:27:15.127115: I tensorflow/core/common_runtime/gpu/gpu_device.cc:1406] Created TensorFlow device (/job:localhost/replica:0/task:0/device:GPU:0 with 11119 MB memory) -> physical GPU (device: 0, name: Tesla P100-PCIE-12GB, pci bus id: 0000:03:00.0, compute capability: 6.0)
2021-08-23 17:27:24.521841: I tensorflow/compiler/mlir/mlir_graph_optimization_pass.cc:116] None of the MLIR optimization passes are enabled (registered 2)
2021-08-23 17:27:24.525266: I tensorflow/core/platform/profile_utils/cpu_utils.cc:112] CPU Frequency: 2199830000 Hz
2021-08-23 17:27:24.600141: I tensorflow/stream_executor/platform/default/dso_loader.cc:49] Successfully opened dynamic library libcublas.so.11
2021-08-23 17:27:24.978648: I tensorflow/stream_executor/platform/default/dso_loader.cc:49] Successfully opened dynamic library libcublasLt.so.11
2021-08-23 17:27:24.987092: I tensorflow/stream_executor/platform/default/dso_loader.cc:49] Successfully opened dynamic library libcudnn.so.8
2021-08-23 17:27:26.932294: W tensorflow/stream_executor/gpu/asm_compiler.cc:63] Running ptxas --version returned 256
2021-08-23 17:27:27.123380: W tensorflow/stream_executor/gpu/redzone_allocator.cc:314] Internal: ptxas exited with non-zero error code 256, output: 
Relying on driver to perform ptx compilation. 
Modify $PATH to customize ptxas location.
This message will be only logged once.
UnbalanceMutator started.
UnbalanceMutator finished.
Training round: 1		accuracy = 0.5640579462051392
Training round: 2		accuracy = 0.6544927358627319
Training round: 3		accuracy = 0.6585507392883301
Training round: 4		accuracy = 0.6623188257217407
Training round: 5		accuracy = 0.6637681126594543
Training round: 6		accuracy = 0.6800000071525574
Training round: 7		accuracy = 0.6704347729682922
Training round: 8		accuracy = 0.6788405776023865
Training round: 9		accuracy = 0.6776811480522156
Training round: 10		accuracy = 0.6785507202148438
Training round: 11		accuracy = 0.6872463822364807
Training round: 12		accuracy = 0.6802898645401001
Training round: 13		accuracy = 0.6927536129951477
Training round: 14		accuracy = 0.6910144686698914
Training round: 15		accuracy = 0.6840579509735107
Training round: 16		accuracy = 0.6973913311958313
Training round: 17		accuracy = 0.6823188662528992
Training round: 18		accuracy = 0.6918840408325195
Training round: 19		accuracy = 0.699999988079071
Training round: 20		accuracy = 0.6973913311958313
Training round: 21		accuracy = 0.699999988079071
Training round: 22		accuracy = 0.7089855074882507
Training round: 23		accuracy = 0.6936231851577759
Training round: 24		accuracy = 0.6962319016456604
Training round: 25		accuracy = 0.7049275636672974
Training round: 26		accuracy = 0.7084057927131653
Training round: 27		accuracy = 0.7092753648757935
Training round: 28		accuracy = 0.7081159353256226
Training round: 29		accuracy = 0.7098550796508789
Training round: 30		accuracy = 0.7255072593688965
Training round: 31		accuracy = 0.6988405585289001
Training round: 32		accuracy = 0.7156521677970886
Training round: 33		accuracy = 0.7162318825721741
Training round: 34		accuracy = 0.7179710268974304
Training round: 35		accuracy = 0.7081159353256226
Training round: 36		accuracy = 0.7176811695098877
Training round: 37		accuracy = 0.717391312122345
Training round: 38		accuracy = 0.7243478298187256
Training round: 39		accuracy = 0.7214492559432983
Training round: 40		accuracy = 0.6997101306915283
Training round: 41		accuracy = 0.722898542881012
Training round: 42		accuracy = 0.7168115973472595
Training round: 43		accuracy = 0.7200000286102295
Training round: 44		accuracy = 0.7150724530220032
Training round: 45		accuracy = 0.7202898263931274
Training round: 46		accuracy = 0.7214492559432983
Training round: 47		accuracy = 0.7275362610816956
Training round: 48		accuracy = 0.7301449179649353
Training round: 49		accuracy = 0.7208695411682129
Training round: 50		accuracy = 0.728405773639679
Training round: 51		accuracy = 0.728405773639679
Training round: 52		accuracy = 0.7307246327400208
Training round: 53		accuracy = 0.7318840622901917
Training round: 54		accuracy = 0.7350724935531616
Training round: 55		accuracy = 0.7234782576560974
Training round: 56		accuracy = 0.7315942049026489
Training round: 57		accuracy = 0.7315942049026489
Training round: 58		accuracy = 0.7330434918403625
Training round: 59		accuracy = 0.7176811695098877
Training round: 60		accuracy = 0.730434775352478
Training round: 61		accuracy = 0.7356521487236023
Training round: 62		accuracy = 0.7373912930488586
Training round: 63		accuracy = 0.7365217208862305
Training round: 64		accuracy = 0.735942006111145
Training round: 65		accuracy = 0.7315942049026489
Training round: 66		accuracy = 0.735942006111145
Training round: 67		accuracy = 0.7353622913360596
Training round: 68		accuracy = 0.7373912930488586
Training round: 69		accuracy = 0.7371014356613159
Training round: 70		accuracy = 0.7362318634986877
Training round: 71		accuracy = 0.7373912930488586
Training round: 72		accuracy = 0.7350724935531616
Training round: 73		accuracy = 0.7339130640029907
Training round: 74		accuracy = 0.739130437374115
Training round: 75		accuracy = 0.7394202947616577
Training round: 76		accuracy = 0.7405797243118286
Training round: 77		accuracy = 0.7344927787780762
Training round: 78		accuracy = 0.7420290112495422
Training round: 79		accuracy = 0.7411594390869141
Training round: 80		accuracy = 0.7400000095367432
Training round: 81		accuracy = 0.7402898669242859
Training round: 82		accuracy = 0.7330434918403625
Training round: 83		accuracy = 0.7431883811950684
Training round: 84		accuracy = 0.7411594390869141
Training round: 85		accuracy = 0.7417391538619995
Training round: 86		accuracy = 0.7420290112495422
Training round: 87		accuracy = 0.7457970976829529
Training round: 88		accuracy = 0.7402898669242859
Training round: 89		accuracy = 0.7449275255203247
Training round: 90		accuracy = 0.7400000095367432
Training round: 91		accuracy = 0.7455072402954102
Training round: 92		accuracy = 0.7440579533576965
Training round: 93		accuracy = 0.7469565272331238
Training round: 94		accuracy = 0.7417391538619995
Training round: 95		accuracy = 0.7437680959701538
Training round: 96		accuracy = 0.7414492964744568
Training round: 97		accuracy = 0.744637668132782
Training round: 98		accuracy = 0.7417391538619995
Training round: 99		accuracy = 0.7443478107452393
Training round: 100		accuracy = 0.7405797243118286
Training duration 6934.261146783829
