2021-08-21 23:41:00.994213: I tensorflow/stream_executor/platform/default/dso_loader.cc:49] Successfully opened dynamic library libcudart.so.11.0
2021-08-21 23:41:28.362825: I tensorflow/compiler/jit/xla_cpu_device.cc:41] Not creating XLA devices, tf_xla_enable_xla_devices not set
2021-08-21 23:41:28.975901: I tensorflow/stream_executor/platform/default/dso_loader.cc:49] Successfully opened dynamic library libcuda.so.1
2021-08-21 23:41:29.061264: I tensorflow/core/common_runtime/gpu/gpu_device.cc:1720] Found device 0 with properties: 
pciBusID: 0000:18:00.0 name: Tesla V100-SXM2-32GB computeCapability: 7.0
coreClock: 1.53GHz coreCount: 80 deviceMemorySize: 31.75GiB deviceMemoryBandwidth: 836.37GiB/s
2021-08-21 23:41:29.062061: I tensorflow/stream_executor/platform/default/dso_loader.cc:49] Successfully opened dynamic library libcudart.so.11.0
2021-08-21 23:41:29.079029: I tensorflow/stream_executor/platform/default/dso_loader.cc:49] Successfully opened dynamic library libcublas.so.11
2021-08-21 23:41:29.079299: I tensorflow/stream_executor/platform/default/dso_loader.cc:49] Successfully opened dynamic library libcublasLt.so.11
2021-08-21 23:41:29.086532: I tensorflow/stream_executor/platform/default/dso_loader.cc:49] Successfully opened dynamic library libcufft.so.10
2021-08-21 23:41:29.089834: I tensorflow/stream_executor/platform/default/dso_loader.cc:49] Successfully opened dynamic library libcurand.so.10
2021-08-21 23:41:29.101572: I tensorflow/stream_executor/platform/default/dso_loader.cc:49] Successfully opened dynamic library libcusolver.so.10
2021-08-21 23:41:29.105323: I tensorflow/stream_executor/platform/default/dso_loader.cc:49] Successfully opened dynamic library libcusparse.so.11
2021-08-21 23:41:29.106474: I tensorflow/stream_executor/platform/default/dso_loader.cc:49] Successfully opened dynamic library libcudnn.so.8
2021-08-21 23:41:29.118146: I tensorflow/core/common_runtime/gpu/gpu_device.cc:1862] Adding visible gpu devices: 0
2021-08-21 23:41:29.121788: I tensorflow/core/platform/cpu_feature_guard.cc:142] This TensorFlow binary is optimized with oneAPI Deep Neural Network Library (oneDNN) to use the following CPU instructions in performance-critical operations:  AVX2 AVX512F FMA
To enable them in other operations, rebuild TensorFlow with the appropriate compiler flags.
2021-08-21 23:41:29.122436: I tensorflow/compiler/jit/xla_gpu_device.cc:99] Not creating XLA devices, tf_xla_enable_xla_devices not set
2021-08-21 23:41:29.127290: I tensorflow/core/common_runtime/gpu/gpu_device.cc:1720] Found device 0 with properties: 
pciBusID: 0000:18:00.0 name: Tesla V100-SXM2-32GB computeCapability: 7.0
coreClock: 1.53GHz coreCount: 80 deviceMemorySize: 31.75GiB deviceMemoryBandwidth: 836.37GiB/s
2021-08-21 23:41:29.127482: I tensorflow/stream_executor/platform/default/dso_loader.cc:49] Successfully opened dynamic library libcudart.so.11.0
2021-08-21 23:41:29.127639: I tensorflow/stream_executor/platform/default/dso_loader.cc:49] Successfully opened dynamic library libcublas.so.11
2021-08-21 23:41:29.127799: I tensorflow/stream_executor/platform/default/dso_loader.cc:49] Successfully opened dynamic library libcublasLt.so.11
2021-08-21 23:41:29.127944: I tensorflow/stream_executor/platform/default/dso_loader.cc:49] Successfully opened dynamic library libcufft.so.10
2021-08-21 23:41:29.128080: I tensorflow/stream_executor/platform/default/dso_loader.cc:49] Successfully opened dynamic library libcurand.so.10
2021-08-21 23:41:29.128154: I tensorflow/stream_executor/platform/default/dso_loader.cc:49] Successfully opened dynamic library libcusolver.so.10
2021-08-21 23:41:29.128244: I tensorflow/stream_executor/platform/default/dso_loader.cc:49] Successfully opened dynamic library libcusparse.so.11
2021-08-21 23:41:29.128394: I tensorflow/stream_executor/platform/default/dso_loader.cc:49] Successfully opened dynamic library libcudnn.so.8
2021-08-21 23:41:29.136940: I tensorflow/core/common_runtime/gpu/gpu_device.cc:1862] Adding visible gpu devices: 0
2021-08-21 23:41:29.137164: I tensorflow/stream_executor/platform/default/dso_loader.cc:49] Successfully opened dynamic library libcudart.so.11.0
2021-08-21 23:41:30.574473: I tensorflow/core/common_runtime/gpu/gpu_device.cc:1261] Device interconnect StreamExecutor with strength 1 edge matrix:
2021-08-21 23:41:30.574680: I tensorflow/core/common_runtime/gpu/gpu_device.cc:1267]      0 
2021-08-21 23:41:30.574823: I tensorflow/core/common_runtime/gpu/gpu_device.cc:1280] 0:   N 
2021-08-21 23:41:30.584733: I tensorflow/core/common_runtime/gpu/gpu_device.cc:1406] Created TensorFlow device (/job:localhost/replica:0/task:0/device:GPU:0 with 30130 MB memory) -> physical GPU (device: 0, name: Tesla V100-SXM2-32GB, pci bus id: 0000:18:00.0, compute capability: 7.0)
2021-08-21 23:41:42.250669: I tensorflow/compiler/mlir/mlir_graph_optimization_pass.cc:116] None of the MLIR optimization passes are enabled (registered 2)
2021-08-21 23:41:42.254983: I tensorflow/core/platform/profile_utils/cpu_utils.cc:112] CPU Frequency: 2100000000 Hz
2021-08-21 23:41:42.345373: I tensorflow/stream_executor/platform/default/dso_loader.cc:49] Successfully opened dynamic library libcublas.so.11
2021-08-21 23:41:42.941675: I tensorflow/stream_executor/platform/default/dso_loader.cc:49] Successfully opened dynamic library libcublasLt.so.11
2021-08-21 23:41:42.952267: I tensorflow/stream_executor/platform/default/dso_loader.cc:49] Successfully opened dynamic library libcudnn.so.8
2021-08-21 23:41:45.744286: W tensorflow/stream_executor/gpu/asm_compiler.cc:63] Running ptxas --version returned 256
2021-08-21 23:41:45.831074: W tensorflow/stream_executor/gpu/redzone_allocator.cc:314] Internal: ptxas exited with non-zero error code 256, output: 
Relying on driver to perform ptx compilation. 
Modify $PATH to customize ptxas location.
This message will be only logged once.
Training round: 1		accuracy = 0.6617391109466553
Training round: 2		accuracy = 0.6527536511421204
Training round: 3		accuracy = 0.6544927358627319
Training round: 4		accuracy = 0.6391304135322571
Training round: 5		accuracy = 0.6678261160850525
Training round: 6		accuracy = 0.6939130425453186
Training round: 7		accuracy = 0.6765217185020447
Training round: 8		accuracy = 0.6730434894561768
Training round: 9		accuracy = 0.6800000071525574
Training round: 10		accuracy = 0.697681188583374
Training round: 11		accuracy = 0.699999988079071
Training round: 12		accuracy = 0.692463755607605
Training round: 13		accuracy = 0.7144927382469177
Training round: 14		accuracy = 0.714202880859375
Training round: 15		accuracy = 0.7037681341171265
Training round: 16		accuracy = 0.7211593985557556
Training round: 17		accuracy = 0.7191304564476013
Training round: 18		accuracy = 0.7208695411682129
Training round: 19		accuracy = 0.703188419342041
Training round: 20		accuracy = 0.717391312122345
Training round: 21		accuracy = 0.705507218837738
Training round: 22		accuracy = 0.7066666483879089
Training round: 23		accuracy = 0.7156521677970886
Training round: 24		accuracy = 0.7162318825721741
Training round: 25		accuracy = 0.7171014547348022
Training round: 26		accuracy = 0.7179710268974304
Training round: 27		accuracy = 0.7208695411682129
Training round: 28		accuracy = 0.7162318825721741
Training round: 29		accuracy = 0.7176811695098877
Training round: 30		accuracy = 0.7136231660842896
Training round: 31		accuracy = 0.7113043665885925
Training round: 32		accuracy = 0.7136231660842896
Training round: 33		accuracy = 0.7133333086967468
Training round: 34		accuracy = 0.7139130234718323
Training round: 35		accuracy = 0.7179710268974304
Training round: 36		accuracy = 0.7159420251846313
Training round: 37		accuracy = 0.7182608842849731
Training round: 38		accuracy = 0.7078260779380798
Training round: 39		accuracy = 0.7121739387512207
Training round: 40		accuracy = 0.7182608842849731
Training round: 41		accuracy = 0.7205796837806702
Training round: 42		accuracy = 0.7165217399597168
Training round: 43		accuracy = 0.7185507416725159
Training round: 44		accuracy = 0.7179710268974304
Training round: 45		accuracy = 0.7197101712226868
Training round: 46		accuracy = 0.7211593985557556
Training round: 47		accuracy = 0.7205796837806702
Training round: 48		accuracy = 0.7205796837806702
Training round: 49		accuracy = 0.7220289707183838
Training round: 50		accuracy = 0.7202898263931274
Training round: 51		accuracy = 0.7214492559432983
Training round: 52		accuracy = 0.7237681150436401
Training round: 53		accuracy = 0.7217391133308411
Training round: 54		accuracy = 0.7202898263931274
Training round: 55		accuracy = 0.7205796837806702
Training round: 56		accuracy = 0.7208695411682129
Training round: 57		accuracy = 0.7246376872062683
Training round: 58		accuracy = 0.7226086854934692
Training round: 59		accuracy = 0.7231884002685547
Training round: 60		accuracy = 0.7260869741439819
Training round: 61		accuracy = 0.7272464036941528
Training round: 62		accuracy = 0.7243478298187256
Training round: 63		accuracy = 0.724927544593811
Training round: 64		accuracy = 0.7263768315315247
Training round: 65		accuracy = 0.724927544593811
Training round: 66		accuracy = 0.7289854884147644
Training round: 67		accuracy = 0.7289854884147644
Training round: 68		accuracy = 0.7281159162521362
Training round: 69		accuracy = 0.7286956310272217
Training round: 70		accuracy = 0.7310144901275635
Training round: 71		accuracy = 0.7301449179649353
Training round: 72		accuracy = 0.7298550605773926
Training round: 73		accuracy = 0.7315942049026489
Training round: 74		accuracy = 0.7286956310272217
Training round: 75		accuracy = 0.7301449179649353
Training round: 76		accuracy = 0.7313043475151062
Training round: 77		accuracy = 0.7292753458023071
Training round: 78		accuracy = 0.7292753458023071
Training round: 79		accuracy = 0.7315942049026489
Training round: 80		accuracy = 0.7330434918403625
Training round: 81		accuracy = 0.7344927787780762
Training round: 82		accuracy = 0.7315942049026489
Training round: 83		accuracy = 0.7327536344528198
Training round: 84		accuracy = 0.7327536344528198
Training round: 85		accuracy = 0.7330434918403625
Training round: 86		accuracy = 0.7339130640029907
Training round: 87		accuracy = 0.7344927787780762
Training round: 88		accuracy = 0.7339130640029907
Training round: 89		accuracy = 0.7342029213905334
Training round: 90		accuracy = 0.7342029213905334
Training round: 91		accuracy = 0.7344927787780762
Training round: 92		accuracy = 0.7333333492279053
Training round: 93		accuracy = 0.7333333492279053
Training round: 94		accuracy = 0.733623206615448
Training round: 95		accuracy = 0.7342029213905334
Training round: 96		accuracy = 0.7344927787780762
Training round: 97		accuracy = 0.7339130640029907
Training round: 98		accuracy = 0.7347826361656189
Training round: 99		accuracy = 0.7353622913360596
Training round: 100		accuracy = 0.7347826361656189
Training duration 4797.953220844269
