2021-08-23 16:43:21.012597: I tensorflow/stream_executor/platform/default/dso_loader.cc:49] Successfully opened dynamic library libcudart.so.11.0
2021-08-23 16:43:55.817316: I tensorflow/compiler/jit/xla_cpu_device.cc:41] Not creating XLA devices, tf_xla_enable_xla_devices not set
2021-08-23 16:43:55.823870: I tensorflow/stream_executor/platform/default/dso_loader.cc:49] Successfully opened dynamic library libcuda.so.1
2021-08-23 16:43:55.882848: I tensorflow/core/common_runtime/gpu/gpu_device.cc:1720] Found device 0 with properties: 
pciBusID: 0000:3b:00.0 name: Tesla V100-SXM2-32GB computeCapability: 7.0
coreClock: 1.53GHz coreCount: 80 deviceMemorySize: 31.75GiB deviceMemoryBandwidth: 836.37GiB/s
2021-08-23 16:43:55.883523: I tensorflow/stream_executor/platform/default/dso_loader.cc:49] Successfully opened dynamic library libcudart.so.11.0
2021-08-23 16:43:55.894393: I tensorflow/stream_executor/platform/default/dso_loader.cc:49] Successfully opened dynamic library libcublas.so.11
2021-08-23 16:43:55.894550: I tensorflow/stream_executor/platform/default/dso_loader.cc:49] Successfully opened dynamic library libcublasLt.so.11
2021-08-23 16:43:55.900154: I tensorflow/stream_executor/platform/default/dso_loader.cc:49] Successfully opened dynamic library libcufft.so.10
2021-08-23 16:43:55.903214: I tensorflow/stream_executor/platform/default/dso_loader.cc:49] Successfully opened dynamic library libcurand.so.10
2021-08-23 16:43:55.911250: I tensorflow/stream_executor/platform/default/dso_loader.cc:49] Successfully opened dynamic library libcusolver.so.10
2021-08-23 16:43:55.913478: I tensorflow/stream_executor/platform/default/dso_loader.cc:49] Successfully opened dynamic library libcusparse.so.11
2021-08-23 16:43:55.914452: I tensorflow/stream_executor/platform/default/dso_loader.cc:49] Successfully opened dynamic library libcudnn.so.8
2021-08-23 16:43:55.920658: I tensorflow/core/common_runtime/gpu/gpu_device.cc:1862] Adding visible gpu devices: 0
2021-08-23 16:43:55.924218: I tensorflow/core/platform/cpu_feature_guard.cc:142] This TensorFlow binary is optimized with oneAPI Deep Neural Network Library (oneDNN) to use the following CPU instructions in performance-critical operations:  AVX2 AVX512F FMA
To enable them in other operations, rebuild TensorFlow with the appropriate compiler flags.
2021-08-23 16:43:55.924675: I tensorflow/compiler/jit/xla_gpu_device.cc:99] Not creating XLA devices, tf_xla_enable_xla_devices not set
2021-08-23 16:43:55.927237: I tensorflow/core/common_runtime/gpu/gpu_device.cc:1720] Found device 0 with properties: 
pciBusID: 0000:3b:00.0 name: Tesla V100-SXM2-32GB computeCapability: 7.0
coreClock: 1.53GHz coreCount: 80 deviceMemorySize: 31.75GiB deviceMemoryBandwidth: 836.37GiB/s
2021-08-23 16:43:55.927389: I tensorflow/stream_executor/platform/default/dso_loader.cc:49] Successfully opened dynamic library libcudart.so.11.0
2021-08-23 16:43:55.927502: I tensorflow/stream_executor/platform/default/dso_loader.cc:49] Successfully opened dynamic library libcublas.so.11
2021-08-23 16:43:55.927610: I tensorflow/stream_executor/platform/default/dso_loader.cc:49] Successfully opened dynamic library libcublasLt.so.11
2021-08-23 16:43:55.927735: I tensorflow/stream_executor/platform/default/dso_loader.cc:49] Successfully opened dynamic library libcufft.so.10
2021-08-23 16:43:55.927860: I tensorflow/stream_executor/platform/default/dso_loader.cc:49] Successfully opened dynamic library libcurand.so.10
2021-08-23 16:43:55.927971: I tensorflow/stream_executor/platform/default/dso_loader.cc:49] Successfully opened dynamic library libcusolver.so.10
2021-08-23 16:43:55.928020: I tensorflow/stream_executor/platform/default/dso_loader.cc:49] Successfully opened dynamic library libcusparse.so.11
2021-08-23 16:43:55.928145: I tensorflow/stream_executor/platform/default/dso_loader.cc:49] Successfully opened dynamic library libcudnn.so.8
2021-08-23 16:43:55.932825: I tensorflow/core/common_runtime/gpu/gpu_device.cc:1862] Adding visible gpu devices: 0
2021-08-23 16:43:55.932940: I tensorflow/stream_executor/platform/default/dso_loader.cc:49] Successfully opened dynamic library libcudart.so.11.0
2021-08-23 16:43:57.298615: I tensorflow/core/common_runtime/gpu/gpu_device.cc:1261] Device interconnect StreamExecutor with strength 1 edge matrix:
2021-08-23 16:43:57.299016: I tensorflow/core/common_runtime/gpu/gpu_device.cc:1267]      0 
2021-08-23 16:43:57.299113: I tensorflow/core/common_runtime/gpu/gpu_device.cc:1280] 0:   N 
2021-08-23 16:43:57.308069: I tensorflow/core/common_runtime/gpu/gpu_device.cc:1406] Created TensorFlow device (/job:localhost/replica:0/task:0/device:GPU:0 with 30130 MB memory) -> physical GPU (device: 0, name: Tesla V100-SXM2-32GB, pci bus id: 0000:3b:00.0, compute capability: 7.0)
2021-08-23 16:44:18.162455: I tensorflow/compiler/mlir/mlir_graph_optimization_pass.cc:116] None of the MLIR optimization passes are enabled (registered 2)
2021-08-23 16:44:18.167134: I tensorflow/core/platform/profile_utils/cpu_utils.cc:112] CPU Frequency: 2100000000 Hz
2021-08-23 16:44:18.259970: I tensorflow/stream_executor/platform/default/dso_loader.cc:49] Successfully opened dynamic library libcublas.so.11
2021-08-23 16:44:18.870579: I tensorflow/stream_executor/platform/default/dso_loader.cc:49] Successfully opened dynamic library libcublasLt.so.11
2021-08-23 16:44:18.881557: I tensorflow/stream_executor/platform/default/dso_loader.cc:49] Successfully opened dynamic library libcudnn.so.8
2021-08-23 16:44:22.213158: W tensorflow/stream_executor/gpu/asm_compiler.cc:63] Running ptxas --version returned 256
2021-08-23 16:44:22.946978: W tensorflow/stream_executor/gpu/redzone_allocator.cc:314] Internal: ptxas exited with non-zero error code 256, output: 
Relying on driver to perform ptx compilation. 
Modify $PATH to customize ptxas location.
This message will be only logged once.
OverlapMutator started.
OverlapMutator finished.
Training round: 1		accuracy = 0.5234782695770264
Training round: 2		accuracy = 0.43159419298171997
Training round: 3		accuracy = 0.46086955070495605
Training round: 4		accuracy = 0.47652173042297363
Training round: 5		accuracy = 0.4466666579246521
Training round: 6		accuracy = 0.43391305208206177
Training round: 7		accuracy = 0.4855072498321533
Training round: 8		accuracy = 0.4463768005371094
Training round: 9		accuracy = 0.46579709649086
Training round: 10		accuracy = 0.5049275159835815
Training round: 11		accuracy = 0.48492753505706787
Training round: 12		accuracy = 0.4646376669406891
Training round: 13		accuracy = 0.5281159281730652
Training round: 14		accuracy = 0.4579710066318512
Training round: 15		accuracy = 0.4715942144393921
Training round: 16		accuracy = 0.4855072498321533
Training round: 17		accuracy = 0.44028985500335693
Training round: 18		accuracy = 0.5011594295501709
Training round: 19		accuracy = 0.4942029118537903
Training round: 20		accuracy = 0.49826085567474365
Training round: 21		accuracy = 0.49362319707870483
Training round: 22		accuracy = 0.45739129185676575
Training round: 23		accuracy = 0.48927536606788635
Training round: 24		accuracy = 0.49391305446624756
Training round: 25		accuracy = 0.48347824811935425
Training round: 26		accuracy = 0.4953623116016388
Training round: 27		accuracy = 0.530434787273407
Training round: 28		accuracy = 0.49391305446624756
Training round: 29		accuracy = 0.5011594295501709
Training round: 30		accuracy = 0.4898550808429718
Training round: 31		accuracy = 0.50318843126297
Training round: 32		accuracy = 0.4942029118537903
Training round: 33		accuracy = 0.4805797040462494
Training round: 34		accuracy = 0.49942028522491455
Training round: 35		accuracy = 0.4907246232032776
Training round: 36		accuracy = 0.5159420371055603
Training round: 37		accuracy = 0.5527536273002625
Training round: 38		accuracy = 0.5547826290130615
Training round: 39		accuracy = 0.5168116092681885
Training round: 40		accuracy = 0.5260869860649109
Training round: 41		accuracy = 0.4979710280895233
Training round: 42		accuracy = 0.49130433797836304
Training round: 43		accuracy = 0.4968115985393524
Training round: 44		accuracy = 0.5226086974143982
Training round: 45		accuracy = 0.541449248790741
Training round: 46		accuracy = 0.5028985738754272
Training round: 47		accuracy = 0.4997101426124573
Training round: 48		accuracy = 0.4965217411518097
Training round: 49		accuracy = 0.48782607913017273
Training round: 50		accuracy = 0.5234782695770264
Training round: 51		accuracy = 0.5228985548019409
Training round: 52		accuracy = 0.5139130353927612
Training round: 53		accuracy = 0.5176811814308167
Training round: 54		accuracy = 0.5307246446609497
Training round: 55		accuracy = 0.52173912525177
Training round: 56		accuracy = 0.5492753386497498
Training round: 57		accuracy = 0.5136231780052185
Training round: 58		accuracy = 0.5208695530891418
Training round: 59		accuracy = 0.5191304087638855
Training round: 60		accuracy = 0.5046376585960388
Training round: 61		accuracy = 0.49826085567474365
Training round: 62		accuracy = 0.5237681269645691
Training round: 63		accuracy = 0.5431883931159973
Training round: 64		accuracy = 0.5202898383140564
Training round: 65		accuracy = 0.5113043189048767
Training round: 66		accuracy = 0.5510144829750061
Training round: 67		accuracy = 0.537971019744873
Training round: 68		accuracy = 0.5310145020484924
Training round: 69		accuracy = 0.5199999809265137
Training round: 70		accuracy = 0.5104348063468933
Training round: 71		accuracy = 0.532463788986206
Training round: 72		accuracy = 0.5191304087638855
Training round: 73		accuracy = 0.5037680864334106
Training round: 74		accuracy = 0.5428985357284546
Training round: 75		accuracy = 0.5405797362327576
Training round: 76		accuracy = 0.5510144829750061
Training round: 77		accuracy = 0.5579710006713867
Training round: 78		accuracy = 0.5284057855606079
Training round: 79		accuracy = 0.5072463750839233
Training round: 80		accuracy = 0.5220289826393127
Training round: 81		accuracy = 0.5017391443252563
Training round: 82		accuracy = 0.5539130568504333
Training round: 83		accuracy = 0.5402898788452148
Training round: 84		accuracy = 0.4921739101409912
Training round: 85		accuracy = 0.5400000214576721
Training round: 86		accuracy = 0.5104348063468933
Training round: 87		accuracy = 0.5246376991271973
Training round: 88		accuracy = 0.5420289635658264
Training round: 89		accuracy = 0.5385507345199585
Training round: 90		accuracy = 0.5281159281730652
Training round: 91		accuracy = 0.5289855003356934
Training round: 92		accuracy = 0.5150724649429321
Training round: 93		accuracy = 0.5159420371055603
Training round: 94		accuracy = 0.49391305446624756
Training round: 95		accuracy = 0.5136231780052185
Training round: 96		accuracy = 0.548985481262207
Training round: 97		accuracy = 0.5115941762924194
Training round: 98		accuracy = 0.5037680864334106
Training round: 99		accuracy = 0.5400000214576721
Training round: 100		accuracy = 0.5220289826393127
Training duration 9747.956949710846
