2021-08-23 15:47:41.934382: I tensorflow/stream_executor/platform/default/dso_loader.cc:49] Successfully opened dynamic library libcudart.so.11.0
2021-08-23 15:49:20.355444: I tensorflow/compiler/jit/xla_cpu_device.cc:41] Not creating XLA devices, tf_xla_enable_xla_devices not set
2021-08-23 15:49:20.562584: I tensorflow/stream_executor/platform/default/dso_loader.cc:49] Successfully opened dynamic library libcuda.so.1
2021-08-23 15:49:20.643468: I tensorflow/core/common_runtime/gpu/gpu_device.cc:1720] Found device 0 with properties: 
pciBusID: 0000:3b:00.0 name: Tesla V100-SXM2-32GB computeCapability: 7.0
coreClock: 1.53GHz coreCount: 80 deviceMemorySize: 31.75GiB deviceMemoryBandwidth: 836.37GiB/s
2021-08-23 15:49:20.645712: I tensorflow/stream_executor/platform/default/dso_loader.cc:49] Successfully opened dynamic library libcudart.so.11.0
2021-08-23 15:49:20.657793: I tensorflow/stream_executor/platform/default/dso_loader.cc:49] Successfully opened dynamic library libcublas.so.11
2021-08-23 15:49:20.657940: I tensorflow/stream_executor/platform/default/dso_loader.cc:49] Successfully opened dynamic library libcublasLt.so.11
2021-08-23 15:49:20.664513: I tensorflow/stream_executor/platform/default/dso_loader.cc:49] Successfully opened dynamic library libcufft.so.10
2021-08-23 15:49:20.666684: I tensorflow/stream_executor/platform/default/dso_loader.cc:49] Successfully opened dynamic library libcurand.so.10
2021-08-23 15:49:20.674042: I tensorflow/stream_executor/platform/default/dso_loader.cc:49] Successfully opened dynamic library libcusolver.so.10
2021-08-23 15:49:20.676122: I tensorflow/stream_executor/platform/default/dso_loader.cc:49] Successfully opened dynamic library libcusparse.so.11
2021-08-23 15:49:20.677766: I tensorflow/stream_executor/platform/default/dso_loader.cc:49] Successfully opened dynamic library libcudnn.so.8
2021-08-23 15:49:20.686748: I tensorflow/core/common_runtime/gpu/gpu_device.cc:1862] Adding visible gpu devices: 0
2021-08-23 15:49:20.714019: I tensorflow/core/platform/cpu_feature_guard.cc:142] This TensorFlow binary is optimized with oneAPI Deep Neural Network Library (oneDNN) to use the following CPU instructions in performance-critical operations:  AVX2 AVX512F FMA
To enable them in other operations, rebuild TensorFlow with the appropriate compiler flags.
2021-08-23 15:49:20.722052: I tensorflow/compiler/jit/xla_gpu_device.cc:99] Not creating XLA devices, tf_xla_enable_xla_devices not set
2021-08-23 15:49:20.727808: I tensorflow/core/common_runtime/gpu/gpu_device.cc:1720] Found device 0 with properties: 
pciBusID: 0000:3b:00.0 name: Tesla V100-SXM2-32GB computeCapability: 7.0
coreClock: 1.53GHz coreCount: 80 deviceMemorySize: 31.75GiB deviceMemoryBandwidth: 836.37GiB/s
2021-08-23 15:49:20.728059: I tensorflow/stream_executor/platform/default/dso_loader.cc:49] Successfully opened dynamic library libcudart.so.11.0
2021-08-23 15:49:20.728209: I tensorflow/stream_executor/platform/default/dso_loader.cc:49] Successfully opened dynamic library libcublas.so.11
2021-08-23 15:49:20.728354: I tensorflow/stream_executor/platform/default/dso_loader.cc:49] Successfully opened dynamic library libcublasLt.so.11
2021-08-23 15:49:20.728468: I tensorflow/stream_executor/platform/default/dso_loader.cc:49] Successfully opened dynamic library libcufft.so.10
2021-08-23 15:49:20.728548: I tensorflow/stream_executor/platform/default/dso_loader.cc:49] Successfully opened dynamic library libcurand.so.10
2021-08-23 15:49:20.728680: I tensorflow/stream_executor/platform/default/dso_loader.cc:49] Successfully opened dynamic library libcusolver.so.10
2021-08-23 15:49:20.728808: I tensorflow/stream_executor/platform/default/dso_loader.cc:49] Successfully opened dynamic library libcusparse.so.11
2021-08-23 15:49:20.728942: I tensorflow/stream_executor/platform/default/dso_loader.cc:49] Successfully opened dynamic library libcudnn.so.8
2021-08-23 15:49:20.737884: I tensorflow/core/common_runtime/gpu/gpu_device.cc:1862] Adding visible gpu devices: 0
2021-08-23 15:49:20.738962: I tensorflow/stream_executor/platform/default/dso_loader.cc:49] Successfully opened dynamic library libcudart.so.11.0
2021-08-23 15:49:22.200661: I tensorflow/core/common_runtime/gpu/gpu_device.cc:1261] Device interconnect StreamExecutor with strength 1 edge matrix:
2021-08-23 15:49:22.200831: I tensorflow/core/common_runtime/gpu/gpu_device.cc:1267]      0 
2021-08-23 15:49:22.202544: I tensorflow/core/common_runtime/gpu/gpu_device.cc:1280] 0:   N 
2021-08-23 15:49:22.222157: I tensorflow/core/common_runtime/gpu/gpu_device.cc:1406] Created TensorFlow device (/job:localhost/replica:0/task:0/device:GPU:0 with 30130 MB memory) -> physical GPU (device: 0, name: Tesla V100-SXM2-32GB, pci bus id: 0000:3b:00.0, compute capability: 7.0)
2021-08-23 15:49:34.669545: I tensorflow/compiler/mlir/mlir_graph_optimization_pass.cc:116] None of the MLIR optimization passes are enabled (registered 2)
2021-08-23 15:49:34.680776: I tensorflow/core/platform/profile_utils/cpu_utils.cc:112] CPU Frequency: 2100000000 Hz
2021-08-23 15:49:34.878916: I tensorflow/stream_executor/platform/default/dso_loader.cc:49] Successfully opened dynamic library libcublas.so.11
2021-08-23 15:49:35.425964: I tensorflow/stream_executor/platform/default/dso_loader.cc:49] Successfully opened dynamic library libcublasLt.so.11
2021-08-23 15:49:35.473681: I tensorflow/stream_executor/platform/default/dso_loader.cc:49] Successfully opened dynamic library libcudnn.so.8
2021-08-23 15:49:37.895816: W tensorflow/stream_executor/gpu/asm_compiler.cc:63] Running ptxas --version returned 256
2021-08-23 15:49:37.991814: W tensorflow/stream_executor/gpu/redzone_allocator.cc:314] Internal: ptxas exited with non-zero error code 256, output: 
Relying on driver to perform ptx compilation. 
Modify $PATH to customize ptxas location.
This message will be only logged once.
NoiseMutator started.
NoiseMutator finished.
Training round: 1		accuracy = 0.5976811647415161
Training round: 2		accuracy = 0.5220289826393127
Training round: 3		accuracy = 0.4976811707019806
Training round: 4		accuracy = 0.4872463643550873
Training round: 5		accuracy = 0.5539130568504333
Training round: 6		accuracy = 0.5402898788452148
Training round: 7		accuracy = 0.562898576259613
Training round: 8		accuracy = 0.5852174162864685
Training round: 9		accuracy = 0.5994203090667725
Training round: 10		accuracy = 0.5721738934516907
Training round: 11		accuracy = 0.5976811647415161
Training round: 12		accuracy = 0.5904347896575928
Training round: 13		accuracy = 0.5872463583946228
Training round: 14		accuracy = 0.6200000047683716
Training round: 15		accuracy = 0.6353623270988464
Training round: 16		accuracy = 0.6330434679985046
Training round: 17		accuracy = 0.6228985786437988
Training round: 18		accuracy = 0.626086950302124
Training round: 19		accuracy = 0.6408695578575134
Training round: 20		accuracy = 0.6579710245132446
Training round: 21		accuracy = 0.6608695387840271
Training round: 22		accuracy = 0.667246401309967
Training round: 23		accuracy = 0.6521739363670349
Training round: 24		accuracy = 0.651014506816864
Training round: 25		accuracy = 0.6136232018470764
Training round: 26		accuracy = 0.6527536511421204
Training round: 27		accuracy = 0.6588405966758728
Training round: 28		accuracy = 0.6449275612831116
Training round: 29		accuracy = 0.6649275422096252
Training round: 30		accuracy = 0.6753623485565186
Training round: 31		accuracy = 0.6733333468437195
Training round: 32		accuracy = 0.6686956286430359
Training round: 33		accuracy = 0.6666666865348816
Training round: 34		accuracy = 0.6513043642044067
Training round: 35		accuracy = 0.6605796813964844
Training round: 36		accuracy = 0.6939130425453186
Training round: 37		accuracy = 0.6715942025184631
Training round: 38		accuracy = 0.6768115758895874
Training round: 39		accuracy = 0.6785507202148438
Training round: 40		accuracy = 0.692463755607605
Training round: 41		accuracy = 0.6843478083610535
Training round: 42		accuracy = 0.6828985214233398
Training round: 43		accuracy = 0.6834782361984253
Training round: 44		accuracy = 0.6939130425453186
Training round: 45		accuracy = 0.6866666674613953
Training round: 46		accuracy = 0.6802898645401001
Training round: 47		accuracy = 0.6942028999328613
Training round: 48		accuracy = 0.686956524848938
Training round: 49		accuracy = 0.690144956111908
Training round: 50		accuracy = 0.6736232042312622
Training round: 51		accuracy = 0.6881159543991089
Training round: 52		accuracy = 0.6875362396240234
Training round: 53		accuracy = 0.6779710054397583
Training round: 54		accuracy = 0.6718840599060059
Training round: 55		accuracy = 0.6640579700469971
Training round: 56		accuracy = 0.6721739172935486
Training round: 57		accuracy = 0.6915941834449768
Training round: 58		accuracy = 0.6872463822364807
Training round: 59		accuracy = 0.692463755607605
Training round: 60		accuracy = 0.6872463822364807
Training round: 61		accuracy = 0.6820290088653564
Training round: 62		accuracy = 0.6791304349899292
Training round: 63		accuracy = 0.6875362396240234
Training round: 64		accuracy = 0.6907246112823486
Training round: 65		accuracy = 0.6953623294830322
Training round: 66		accuracy = 0.6886956691741943
Training round: 67		accuracy = 0.6860869526863098
Training round: 68		accuracy = 0.6843478083610535
Training round: 69		accuracy = 0.686956524848938
Training round: 70		accuracy = 0.6895652413368225
Training round: 71		accuracy = 0.6834782361984253
Training round: 72		accuracy = 0.6866666674613953
Training round: 73		accuracy = 0.6898550987243652
Training round: 74		accuracy = 0.6846376657485962
Training round: 75		accuracy = 0.690144956111908
Training round: 76		accuracy = 0.6947826147079468
Training round: 77		accuracy = 0.6915941834449768
Training round: 78		accuracy = 0.6907246112823486
Training round: 79		accuracy = 0.690144956111908
Training round: 80		accuracy = 0.6910144686698914
Training round: 81		accuracy = 0.6875362396240234
Training round: 82		accuracy = 0.6881159543991089
Training round: 83		accuracy = 0.690144956111908
Training round: 84		accuracy = 0.7011594176292419
Training round: 85		accuracy = 0.7008695602416992
Training round: 86		accuracy = 0.6907246112823486
Training round: 87		accuracy = 0.6985507011413574
Training round: 88		accuracy = 0.6907246112823486
Training round: 89		accuracy = 0.6936231851577759
Training round: 90		accuracy = 0.6918840408325195
Training round: 91		accuracy = 0.6968116164207458
Training round: 92		accuracy = 0.6927536129951477
Training round: 93		accuracy = 0.6933333277702332
Training round: 94		accuracy = 0.6947826147079468
Training round: 95		accuracy = 0.6913043260574341
Training round: 96		accuracy = 0.6973913311958313
Training round: 97		accuracy = 0.6942028999328613
Training round: 98		accuracy = 0.7008695602416992
Training round: 99		accuracy = 0.7005797028541565
Training round: 100		accuracy = 0.7046377062797546
Training duration 5967.973663806915
