2021-08-21 22:57:37.349882: I tensorflow/stream_executor/platform/default/dso_loader.cc:49] Successfully opened dynamic library libcudart.so.11.0
2021-08-21 22:57:59.437711: I tensorflow/compiler/jit/xla_cpu_device.cc:41] Not creating XLA devices, tf_xla_enable_xla_devices not set
2021-08-21 22:57:59.441053: I tensorflow/stream_executor/platform/default/dso_loader.cc:49] Successfully opened dynamic library libcuda.so.1
2021-08-21 22:57:59.496257: I tensorflow/core/common_runtime/gpu/gpu_device.cc:1720] Found device 0 with properties: 
pciBusID: 0000:af:00.0 name: Tesla V100-SXM2-32GB computeCapability: 7.0
coreClock: 1.53GHz coreCount: 80 deviceMemorySize: 31.75GiB deviceMemoryBandwidth: 836.37GiB/s
2021-08-21 22:57:59.496817: I tensorflow/stream_executor/platform/default/dso_loader.cc:49] Successfully opened dynamic library libcudart.so.11.0
2021-08-21 22:57:59.506800: I tensorflow/stream_executor/platform/default/dso_loader.cc:49] Successfully opened dynamic library libcublas.so.11
2021-08-21 22:57:59.506938: I tensorflow/stream_executor/platform/default/dso_loader.cc:49] Successfully opened dynamic library libcublasLt.so.11
2021-08-21 22:57:59.511469: I tensorflow/stream_executor/platform/default/dso_loader.cc:49] Successfully opened dynamic library libcufft.so.10
2021-08-21 22:57:59.513606: I tensorflow/stream_executor/platform/default/dso_loader.cc:49] Successfully opened dynamic library libcurand.so.10
2021-08-21 22:57:59.520286: I tensorflow/stream_executor/platform/default/dso_loader.cc:49] Successfully opened dynamic library libcusolver.so.10
2021-08-21 22:57:59.522269: I tensorflow/stream_executor/platform/default/dso_loader.cc:49] Successfully opened dynamic library libcusparse.so.11
2021-08-21 22:57:59.522996: I tensorflow/stream_executor/platform/default/dso_loader.cc:49] Successfully opened dynamic library libcudnn.so.8
2021-08-21 22:57:59.527993: I tensorflow/core/common_runtime/gpu/gpu_device.cc:1862] Adding visible gpu devices: 0
2021-08-21 22:57:59.529349: I tensorflow/core/platform/cpu_feature_guard.cc:142] This TensorFlow binary is optimized with oneAPI Deep Neural Network Library (oneDNN) to use the following CPU instructions in performance-critical operations:  AVX2 AVX512F FMA
To enable them in other operations, rebuild TensorFlow with the appropriate compiler flags.
2021-08-21 22:57:59.529703: I tensorflow/compiler/jit/xla_gpu_device.cc:99] Not creating XLA devices, tf_xla_enable_xla_devices not set
2021-08-21 22:57:59.532128: I tensorflow/core/common_runtime/gpu/gpu_device.cc:1720] Found device 0 with properties: 
pciBusID: 0000:af:00.0 name: Tesla V100-SXM2-32GB computeCapability: 7.0
coreClock: 1.53GHz coreCount: 80 deviceMemorySize: 31.75GiB deviceMemoryBandwidth: 836.37GiB/s
2021-08-21 22:57:59.532198: I tensorflow/stream_executor/platform/default/dso_loader.cc:49] Successfully opened dynamic library libcudart.so.11.0
2021-08-21 22:57:59.532263: I tensorflow/stream_executor/platform/default/dso_loader.cc:49] Successfully opened dynamic library libcublas.so.11
2021-08-21 22:57:59.532304: I tensorflow/stream_executor/platform/default/dso_loader.cc:49] Successfully opened dynamic library libcublasLt.so.11
2021-08-21 22:57:59.532345: I tensorflow/stream_executor/platform/default/dso_loader.cc:49] Successfully opened dynamic library libcufft.so.10
2021-08-21 22:57:59.532387: I tensorflow/stream_executor/platform/default/dso_loader.cc:49] Successfully opened dynamic library libcurand.so.10
2021-08-21 22:57:59.532498: I tensorflow/stream_executor/platform/default/dso_loader.cc:49] Successfully opened dynamic library libcusolver.so.10
2021-08-21 22:57:59.532539: I tensorflow/stream_executor/platform/default/dso_loader.cc:49] Successfully opened dynamic library libcusparse.so.11
2021-08-21 22:57:59.532580: I tensorflow/stream_executor/platform/default/dso_loader.cc:49] Successfully opened dynamic library libcudnn.so.8
2021-08-21 22:57:59.537147: I tensorflow/core/common_runtime/gpu/gpu_device.cc:1862] Adding visible gpu devices: 0
2021-08-21 22:57:59.537301: I tensorflow/stream_executor/platform/default/dso_loader.cc:49] Successfully opened dynamic library libcudart.so.11.0
2021-08-21 22:58:00.883905: I tensorflow/core/common_runtime/gpu/gpu_device.cc:1261] Device interconnect StreamExecutor with strength 1 edge matrix:
2021-08-21 22:58:00.884138: I tensorflow/core/common_runtime/gpu/gpu_device.cc:1267]      0 
2021-08-21 22:58:00.884231: I tensorflow/core/common_runtime/gpu/gpu_device.cc:1280] 0:   N 
2021-08-21 22:58:00.894141: I tensorflow/core/common_runtime/gpu/gpu_device.cc:1406] Created TensorFlow device (/job:localhost/replica:0/task:0/device:GPU:0 with 30130 MB memory) -> physical GPU (device: 0, name: Tesla V100-SXM2-32GB, pci bus id: 0000:af:00.0, compute capability: 7.0)
2021-08-21 22:58:08.828980: I tensorflow/compiler/mlir/mlir_graph_optimization_pass.cc:116] None of the MLIR optimization passes are enabled (registered 2)
2021-08-21 22:58:08.833237: I tensorflow/core/platform/profile_utils/cpu_utils.cc:112] CPU Frequency: 2100000000 Hz
2021-08-21 22:58:08.919527: I tensorflow/stream_executor/platform/default/dso_loader.cc:49] Successfully opened dynamic library libcublas.so.11
2021-08-21 22:58:09.471501: I tensorflow/stream_executor/platform/default/dso_loader.cc:49] Successfully opened dynamic library libcublasLt.so.11
2021-08-21 22:58:09.482224: I tensorflow/stream_executor/platform/default/dso_loader.cc:49] Successfully opened dynamic library libcudnn.so.8
2021-08-21 22:58:12.170799: W tensorflow/stream_executor/gpu/asm_compiler.cc:63] Running ptxas --version returned 256
2021-08-21 22:58:12.256471: W tensorflow/stream_executor/gpu/redzone_allocator.cc:314] Internal: ptxas exited with non-zero error code 256, output: 
Relying on driver to perform ptx compilation. 
Modify $PATH to customize ptxas location.
This message will be only logged once.
DeleteMutator started.
DeleteMutator finished.
Training round: 1		accuracy = 0.6576811671257019
Training round: 2		accuracy = 0.6823188662528992
Training round: 3		accuracy = 0.6855072379112244
Training round: 4		accuracy = 0.695652186870575
Training round: 5		accuracy = 0.6994202733039856
Training round: 6		accuracy = 0.7049275636672974
Training round: 7		accuracy = 0.7089855074882507
Training round: 8		accuracy = 0.7014492750167847
Training round: 9		accuracy = 0.7092753648757935
Training round: 10		accuracy = 0.7171014547348022
Training round: 11		accuracy = 0.7165217399597168
Training round: 12		accuracy = 0.7159420251846313
Training round: 13		accuracy = 0.7188405990600586
Training round: 14		accuracy = 0.7211593985557556
Training round: 15		accuracy = 0.7127535939216614
Training round: 16		accuracy = 0.7185507416725159
Training round: 17		accuracy = 0.711884081363678
Training round: 18		accuracy = 0.7217391133308411
Training round: 19		accuracy = 0.724927544593811
Training round: 20		accuracy = 0.7257971167564392
Training round: 21		accuracy = 0.7243478298187256
Training round: 22		accuracy = 0.7333333492279053
Training round: 23		accuracy = 0.7321739196777344
Training round: 24		accuracy = 0.7379710078239441
Training round: 25		accuracy = 0.7313043475151062
Training round: 26		accuracy = 0.7347826361656189
Training round: 27		accuracy = 0.7342029213905334
Training round: 28		accuracy = 0.7402898669242859
Training round: 29		accuracy = 0.7353622913360596
Training round: 30		accuracy = 0.7402898669242859
Training round: 31		accuracy = 0.7408695816993713
Training round: 32		accuracy = 0.7463768124580383
Training round: 33		accuracy = 0.7420290112495422
Training round: 34		accuracy = 0.7420290112495422
Training round: 35		accuracy = 0.7486956715583801
Training round: 36		accuracy = 0.7440579533576965
Training round: 37		accuracy = 0.7397101521492004
Training round: 38		accuracy = 0.7397101521492004
Training round: 39		accuracy = 0.7405797243118286
Training round: 40		accuracy = 0.7489855289459229
Training round: 41		accuracy = 0.7402898669242859
Training round: 42		accuracy = 0.7431883811950684
Training round: 43		accuracy = 0.7417391538619995
Training round: 44		accuracy = 0.739130437374115
Training round: 45		accuracy = 0.7452173829078674
Training round: 46		accuracy = 0.7507246136665344
Training round: 47		accuracy = 0.7405797243118286
Training round: 48		accuracy = 0.7475362420082092
Training round: 49		accuracy = 0.7426086664199829
Training round: 50		accuracy = 0.7449275255203247
Training round: 51		accuracy = 0.7449275255203247
Training round: 52		accuracy = 0.7428985238075256
Training round: 53		accuracy = 0.7449275255203247
Training round: 54		accuracy = 0.7382608652114868
Training round: 55		accuracy = 0.7394202947616577
Training round: 56		accuracy = 0.7469565272331238
Training round: 57		accuracy = 0.7449275255203247
Training round: 58		accuracy = 0.744637668132782
Training round: 59		accuracy = 0.7420290112495422
Training round: 60		accuracy = 0.7449275255203247
Training round: 61		accuracy = 0.7408695816993713
Training round: 62		accuracy = 0.7385507225990295
Training round: 63		accuracy = 0.7426086664199829
Training round: 64		accuracy = 0.7469565272331238
Training round: 65		accuracy = 0.7437680959701538
Training round: 66		accuracy = 0.7400000095367432
Training round: 67		accuracy = 0.7455072402954102
Training round: 68		accuracy = 0.7405797243118286
Training round: 69		accuracy = 0.7469565272331238
Training round: 70		accuracy = 0.7431883811950684
Training round: 71		accuracy = 0.7440579533576965
Training round: 72		accuracy = 0.7402898669242859
Training round: 73		accuracy = 0.7463768124580383
Training round: 74		accuracy = 0.7417391538619995
Training round: 75		accuracy = 0.7449275255203247
Training round: 76		accuracy = 0.7408695816993713
Training round: 77		accuracy = 0.746666669845581
Training round: 78		accuracy = 0.7452173829078674
Training round: 79		accuracy = 0.7484058141708374
Training round: 80		accuracy = 0.7469565272331238
Training round: 81		accuracy = 0.7449275255203247
Training round: 82		accuracy = 0.7411594390869141
Training round: 83		accuracy = 0.7463768124580383
Training round: 84		accuracy = 0.7449275255203247
Training round: 85		accuracy = 0.746666669845581
Training round: 86		accuracy = 0.7463768124580383
Training round: 87		accuracy = 0.7434782385826111
Training round: 88		accuracy = 0.7428985238075256
Training round: 89		accuracy = 0.7428985238075256
Training round: 90		accuracy = 0.7484058141708374
Training round: 91		accuracy = 0.744637668132782
Training round: 92		accuracy = 0.7475362420082092
Training round: 93		accuracy = 0.7475362420082092
Training round: 94		accuracy = 0.7431883811950684
Training round: 95		accuracy = 0.746666669845581
Training round: 96		accuracy = 0.7437680959701538
Training round: 97		accuracy = 0.7417391538619995
Training round: 98		accuracy = 0.7420290112495422
Training round: 99		accuracy = 0.7452173829078674
Training round: 100		accuracy = 0.7469565272331238
Training duration 5020.7239718437195
