2021-08-21 22:57:34.104605: I tensorflow/stream_executor/platform/default/dso_loader.cc:49] Successfully opened dynamic library libcudart.so.11.0
2021-08-21 22:58:09.249348: I tensorflow/compiler/jit/xla_cpu_device.cc:41] Not creating XLA devices, tf_xla_enable_xla_devices not set
2021-08-21 22:58:09.260793: I tensorflow/stream_executor/platform/default/dso_loader.cc:49] Successfully opened dynamic library libcuda.so.1
2021-08-21 22:58:09.303102: I tensorflow/core/common_runtime/gpu/gpu_device.cc:1720] Found device 0 with properties: 
pciBusID: 0000:82:00.0 name: Tesla P100-PCIE-12GB computeCapability: 6.0
coreClock: 1.3285GHz coreCount: 56 deviceMemorySize: 11.91GiB deviceMemoryBandwidth: 511.41GiB/s
2021-08-21 22:58:09.303602: I tensorflow/stream_executor/platform/default/dso_loader.cc:49] Successfully opened dynamic library libcudart.so.11.0
2021-08-21 22:58:09.315886: I tensorflow/stream_executor/platform/default/dso_loader.cc:49] Successfully opened dynamic library libcublas.so.11
2021-08-21 22:58:09.316050: I tensorflow/stream_executor/platform/default/dso_loader.cc:49] Successfully opened dynamic library libcublasLt.so.11
2021-08-21 22:58:09.322245: I tensorflow/stream_executor/platform/default/dso_loader.cc:49] Successfully opened dynamic library libcufft.so.10
2021-08-21 22:58:09.325172: I tensorflow/stream_executor/platform/default/dso_loader.cc:49] Successfully opened dynamic library libcurand.so.10
2021-08-21 22:58:09.333823: I tensorflow/stream_executor/platform/default/dso_loader.cc:49] Successfully opened dynamic library libcusolver.so.10
2021-08-21 22:58:09.336005: I tensorflow/stream_executor/platform/default/dso_loader.cc:49] Successfully opened dynamic library libcusparse.so.11
2021-08-21 22:58:09.336945: I tensorflow/stream_executor/platform/default/dso_loader.cc:49] Successfully opened dynamic library libcudnn.so.8
2021-08-21 22:58:09.340676: I tensorflow/core/common_runtime/gpu/gpu_device.cc:1862] Adding visible gpu devices: 0
2021-08-21 22:58:09.342146: I tensorflow/core/platform/cpu_feature_guard.cc:142] This TensorFlow binary is optimized with oneAPI Deep Neural Network Library (oneDNN) to use the following CPU instructions in performance-critical operations:  AVX2 FMA
To enable them in other operations, rebuild TensorFlow with the appropriate compiler flags.
2021-08-21 22:58:09.342552: I tensorflow/compiler/jit/xla_gpu_device.cc:99] Not creating XLA devices, tf_xla_enable_xla_devices not set
2021-08-21 22:58:09.343665: I tensorflow/core/common_runtime/gpu/gpu_device.cc:1720] Found device 0 with properties: 
pciBusID: 0000:82:00.0 name: Tesla P100-PCIE-12GB computeCapability: 6.0
coreClock: 1.3285GHz coreCount: 56 deviceMemorySize: 11.91GiB deviceMemoryBandwidth: 511.41GiB/s
2021-08-21 22:58:09.343773: I tensorflow/stream_executor/platform/default/dso_loader.cc:49] Successfully opened dynamic library libcudart.so.11.0
2021-08-21 22:58:09.343872: I tensorflow/stream_executor/platform/default/dso_loader.cc:49] Successfully opened dynamic library libcublas.so.11
2021-08-21 22:58:09.343998: I tensorflow/stream_executor/platform/default/dso_loader.cc:49] Successfully opened dynamic library libcublasLt.so.11
2021-08-21 22:58:09.344089: I tensorflow/stream_executor/platform/default/dso_loader.cc:49] Successfully opened dynamic library libcufft.so.10
2021-08-21 22:58:09.344187: I tensorflow/stream_executor/platform/default/dso_loader.cc:49] Successfully opened dynamic library libcurand.so.10
2021-08-21 22:58:09.344312: I tensorflow/stream_executor/platform/default/dso_loader.cc:49] Successfully opened dynamic library libcusolver.so.10
2021-08-21 22:58:09.344423: I tensorflow/stream_executor/platform/default/dso_loader.cc:49] Successfully opened dynamic library libcusparse.so.11
2021-08-21 22:58:09.344522: I tensorflow/stream_executor/platform/default/dso_loader.cc:49] Successfully opened dynamic library libcudnn.so.8
2021-08-21 22:58:09.346446: I tensorflow/core/common_runtime/gpu/gpu_device.cc:1862] Adding visible gpu devices: 0
2021-08-21 22:58:09.346583: I tensorflow/stream_executor/platform/default/dso_loader.cc:49] Successfully opened dynamic library libcudart.so.11.0
2021-08-21 22:58:10.677372: I tensorflow/core/common_runtime/gpu/gpu_device.cc:1261] Device interconnect StreamExecutor with strength 1 edge matrix:
2021-08-21 22:58:10.677590: I tensorflow/core/common_runtime/gpu/gpu_device.cc:1267]      0 
2021-08-21 22:58:10.677712: I tensorflow/core/common_runtime/gpu/gpu_device.cc:1280] 0:   N 
2021-08-21 22:58:10.686011: I tensorflow/core/common_runtime/gpu/gpu_device.cc:1406] Created TensorFlow device (/job:localhost/replica:0/task:0/device:GPU:0 with 11119 MB memory) -> physical GPU (device: 0, name: Tesla P100-PCIE-12GB, pci bus id: 0000:82:00.0, compute capability: 6.0)
2021-08-21 22:58:29.889743: I tensorflow/compiler/mlir/mlir_graph_optimization_pass.cc:116] None of the MLIR optimization passes are enabled (registered 2)
2021-08-21 22:58:29.897193: I tensorflow/core/platform/profile_utils/cpu_utils.cc:112] CPU Frequency: 2200040000 Hz
2021-08-21 22:58:30.017113: I tensorflow/stream_executor/platform/default/dso_loader.cc:49] Successfully opened dynamic library libcublas.so.11
2021-08-21 22:58:30.404442: I tensorflow/stream_executor/platform/default/dso_loader.cc:49] Successfully opened dynamic library libcublasLt.so.11
2021-08-21 22:58:30.413288: I tensorflow/stream_executor/platform/default/dso_loader.cc:49] Successfully opened dynamic library libcudnn.so.8
2021-08-21 22:58:32.671333: W tensorflow/stream_executor/gpu/asm_compiler.cc:63] Running ptxas --version returned 256
2021-08-21 22:58:33.238160: W tensorflow/stream_executor/gpu/redzone_allocator.cc:314] Internal: ptxas exited with non-zero error code 256, output: 
Relying on driver to perform ptx compilation. 
Modify $PATH to customize ptxas location.
This message will be only logged once.
OverlapMutator started.
OverlapMutator finished.
Training round: 1		accuracy = 0.5281159281730652
Training round: 2		accuracy = 0.3913043439388275
Training round: 3		accuracy = 0.4205797016620636
Training round: 4		accuracy = 0.4231884181499481
Training round: 5		accuracy = 0.4115942120552063
Training round: 6		accuracy = 0.45159420371055603
Training round: 7		accuracy = 0.41101449728012085
Training round: 8		accuracy = 0.42898550629615784
Training round: 9		accuracy = 0.464057981967926
Training round: 10		accuracy = 0.4489855170249939
Training round: 11		accuracy = 0.4715942144393921
Training round: 12		accuracy = 0.4773913025856018
Training round: 13		accuracy = 0.6307246088981628
Training round: 14		accuracy = 0.4385507106781006
Training round: 15		accuracy = 0.4533333480358124
Training round: 16		accuracy = 0.4579710066318512
Training round: 17		accuracy = 0.45768114924430847
Training round: 18		accuracy = 0.45652174949645996
Training round: 19		accuracy = 0.4544927477836609
Training round: 20		accuracy = 0.469565212726593
Training round: 21		accuracy = 0.5773913264274597
Training round: 22		accuracy = 0.42927536368370056
Training round: 23		accuracy = 0.4356521666049957
Training round: 24		accuracy = 0.43913042545318604
Training round: 25		accuracy = 0.41536232829093933
Training round: 26		accuracy = 0.43130433559417725
Training round: 27		accuracy = 0.45507246255874634
Training round: 28		accuracy = 0.447826087474823
Training round: 29		accuracy = 0.46579709649086
Training round: 30		accuracy = 0.44840580224990845
Training round: 31		accuracy = 0.4547826051712036
Training round: 32		accuracy = 0.4069565236568451
Training round: 33		accuracy = 0.4379710257053375
Training round: 34		accuracy = 0.4240579605102539
Training round: 35		accuracy = 0.4171014428138733
Training round: 36		accuracy = 0.4228985607624054
Training round: 37		accuracy = 0.42434781789779663
Training round: 38		accuracy = 0.4231884181499481
Training round: 39		accuracy = 0.4101449251174927
Training round: 40		accuracy = 0.4113043546676636
Training round: 41		accuracy = 0.4228985607624054
Training round: 42		accuracy = 0.43043479323387146
Training round: 43		accuracy = 0.40405797958374023
Training round: 44		accuracy = 0.40521737933158875
Training round: 45		accuracy = 0.4147826135158539
Training round: 46		accuracy = 0.41217392683029175
Training round: 47		accuracy = 0.41884058713912964
Training round: 48		accuracy = 0.38840579986572266
Training round: 49		accuracy = 0.4237681031227112
Training round: 50		accuracy = 0.4171014428138733
Training round: 51		accuracy = 0.40782609581947327
Training round: 52		accuracy = 0.40782609581947327
Training round: 53		accuracy = 0.4333333373069763
Training round: 54		accuracy = 0.40318840742111206
Training round: 55		accuracy = 0.42695653438568115
Training round: 56		accuracy = 0.41217392683029175
Training round: 57		accuracy = 0.3901449143886566
Training round: 58		accuracy = 0.4240579605102539
Training round: 59		accuracy = 0.413623183965683
Training round: 60		accuracy = 0.41536232829093933
Training round: 61		accuracy = 0.3979710042476654
Training round: 62		accuracy = 0.38608697056770325
Training round: 63		accuracy = 0.3866666555404663
Training round: 64		accuracy = 0.42811593413352966
Training round: 65		accuracy = 0.42260870337486267
Training round: 66		accuracy = 0.41217392683029175
Training round: 67		accuracy = 0.4208695590496063
Training round: 68		accuracy = 0.41101449728012085
Training round: 69		accuracy = 0.42231884598731995
Training round: 70		accuracy = 0.4202898442745209
Training round: 71		accuracy = 0.4095652103424072
Training round: 72		accuracy = 0.4092753529548645
Training round: 73		accuracy = 0.41420289874076843
Training round: 74		accuracy = 0.40434783697128296
Training round: 75		accuracy = 0.3947826027870178
Training round: 76		accuracy = 0.4266666769981384
Training round: 77		accuracy = 0.4000000059604645
Training round: 78		accuracy = 0.42898550629615784
Training round: 79		accuracy = 0.41101449728012085
Training round: 80		accuracy = 0.4266666769981384
Training round: 81		accuracy = 0.4162318706512451
Training round: 82		accuracy = 0.41797101497650146
Training round: 83		accuracy = 0.4162318706512451
Training round: 84		accuracy = 0.5049275159835815
Training round: 85		accuracy = 0.41565218567848206
Training round: 86		accuracy = 0.40637680888175964
Training round: 87		accuracy = 0.4237681031227112
Training round: 88		accuracy = 0.41681158542633057
Training round: 89		accuracy = 0.4147826135158539
Training round: 90		accuracy = 0.41652172803878784
Training round: 91		accuracy = 0.40869563817977905
Training round: 92		accuracy = 0.42463767528533936
Training round: 93		accuracy = 0.4240579605102539
Training round: 94		accuracy = 0.4185507297515869
Training round: 95		accuracy = 0.4182608723640442
Training round: 96		accuracy = 0.4214492738246918
Training round: 97		accuracy = 0.40434783697128296
Training round: 98		accuracy = 0.41333332657814026
Training round: 99		accuracy = 0.41913044452667236
Training round: 100		accuracy = 0.42231884598731995
Training duration 10540.542057037354
