2021-08-22 19:23:32.630526: I tensorflow/stream_executor/platform/default/dso_loader.cc:49] Successfully opened dynamic library libcudart.so.11.0
2021-08-22 19:24:12.677622: I tensorflow/compiler/jit/xla_cpu_device.cc:41] Not creating XLA devices, tf_xla_enable_xla_devices not set
2021-08-22 19:24:12.685711: I tensorflow/stream_executor/platform/default/dso_loader.cc:49] Successfully opened dynamic library libcuda.so.1
2021-08-22 19:24:12.782986: I tensorflow/core/common_runtime/gpu/gpu_device.cc:1720] Found device 0 with properties: 
pciBusID: 0000:af:00.0 name: Tesla V100-SXM2-32GB computeCapability: 7.0
coreClock: 1.53GHz coreCount: 80 deviceMemorySize: 31.75GiB deviceMemoryBandwidth: 836.37GiB/s
2021-08-22 19:24:12.783659: I tensorflow/stream_executor/platform/default/dso_loader.cc:49] Successfully opened dynamic library libcudart.so.11.0
2021-08-22 19:24:12.796766: I tensorflow/stream_executor/platform/default/dso_loader.cc:49] Successfully opened dynamic library libcublas.so.11
2021-08-22 19:24:12.796930: I tensorflow/stream_executor/platform/default/dso_loader.cc:49] Successfully opened dynamic library libcublasLt.so.11
2021-08-22 19:24:12.802551: I tensorflow/stream_executor/platform/default/dso_loader.cc:49] Successfully opened dynamic library libcufft.so.10
2021-08-22 19:24:12.805262: I tensorflow/stream_executor/platform/default/dso_loader.cc:49] Successfully opened dynamic library libcurand.so.10
2021-08-22 19:24:12.813986: I tensorflow/stream_executor/platform/default/dso_loader.cc:49] Successfully opened dynamic library libcusolver.so.10
2021-08-22 19:24:12.816105: I tensorflow/stream_executor/platform/default/dso_loader.cc:49] Successfully opened dynamic library libcusparse.so.11
2021-08-22 19:24:12.816805: I tensorflow/stream_executor/platform/default/dso_loader.cc:49] Successfully opened dynamic library libcudnn.so.8
2021-08-22 19:24:12.822866: I tensorflow/core/common_runtime/gpu/gpu_device.cc:1862] Adding visible gpu devices: 0
2021-08-22 19:24:12.827362: I tensorflow/core/platform/cpu_feature_guard.cc:142] This TensorFlow binary is optimized with oneAPI Deep Neural Network Library (oneDNN) to use the following CPU instructions in performance-critical operations:  AVX2 AVX512F FMA
To enable them in other operations, rebuild TensorFlow with the appropriate compiler flags.
2021-08-22 19:24:12.827815: I tensorflow/compiler/jit/xla_gpu_device.cc:99] Not creating XLA devices, tf_xla_enable_xla_devices not set
2021-08-22 19:24:12.830628: I tensorflow/core/common_runtime/gpu/gpu_device.cc:1720] Found device 0 with properties: 
pciBusID: 0000:af:00.0 name: Tesla V100-SXM2-32GB computeCapability: 7.0
coreClock: 1.53GHz coreCount: 80 deviceMemorySize: 31.75GiB deviceMemoryBandwidth: 836.37GiB/s
2021-08-22 19:24:12.830784: I tensorflow/stream_executor/platform/default/dso_loader.cc:49] Successfully opened dynamic library libcudart.so.11.0
2021-08-22 19:24:12.830920: I tensorflow/stream_executor/platform/default/dso_loader.cc:49] Successfully opened dynamic library libcublas.so.11
2021-08-22 19:24:12.830973: I tensorflow/stream_executor/platform/default/dso_loader.cc:49] Successfully opened dynamic library libcublasLt.so.11
2021-08-22 19:24:12.831027: I tensorflow/stream_executor/platform/default/dso_loader.cc:49] Successfully opened dynamic library libcufft.so.10
2021-08-22 19:24:12.831150: I tensorflow/stream_executor/platform/default/dso_loader.cc:49] Successfully opened dynamic library libcurand.so.10
2021-08-22 19:24:12.831202: I tensorflow/stream_executor/platform/default/dso_loader.cc:49] Successfully opened dynamic library libcusolver.so.10
2021-08-22 19:24:12.831314: I tensorflow/stream_executor/platform/default/dso_loader.cc:49] Successfully opened dynamic library libcusparse.so.11
2021-08-22 19:24:12.831423: I tensorflow/stream_executor/platform/default/dso_loader.cc:49] Successfully opened dynamic library libcudnn.so.8
2021-08-22 19:24:12.836510: I tensorflow/core/common_runtime/gpu/gpu_device.cc:1862] Adding visible gpu devices: 0
2021-08-22 19:24:12.836682: I tensorflow/stream_executor/platform/default/dso_loader.cc:49] Successfully opened dynamic library libcudart.so.11.0
2021-08-22 19:24:14.232440: I tensorflow/core/common_runtime/gpu/gpu_device.cc:1261] Device interconnect StreamExecutor with strength 1 edge matrix:
2021-08-22 19:24:14.232652: I tensorflow/core/common_runtime/gpu/gpu_device.cc:1267]      0 
2021-08-22 19:24:14.232813: I tensorflow/core/common_runtime/gpu/gpu_device.cc:1280] 0:   N 
2021-08-22 19:24:14.241563: I tensorflow/core/common_runtime/gpu/gpu_device.cc:1406] Created TensorFlow device (/job:localhost/replica:0/task:0/device:GPU:0 with 30130 MB memory) -> physical GPU (device: 0, name: Tesla V100-SXM2-32GB, pci bus id: 0000:af:00.0, compute capability: 7.0)
2021-08-22 19:24:23.162305: I tensorflow/compiler/mlir/mlir_graph_optimization_pass.cc:116] None of the MLIR optimization passes are enabled (registered 2)
2021-08-22 19:24:23.166971: I tensorflow/core/platform/profile_utils/cpu_utils.cc:112] CPU Frequency: 2100000000 Hz
2021-08-22 19:24:23.296321: I tensorflow/stream_executor/platform/default/dso_loader.cc:49] Successfully opened dynamic library libcublas.so.11
2021-08-22 19:24:23.866417: I tensorflow/stream_executor/platform/default/dso_loader.cc:49] Successfully opened dynamic library libcublasLt.so.11
2021-08-22 19:24:23.876244: I tensorflow/stream_executor/platform/default/dso_loader.cc:49] Successfully opened dynamic library libcudnn.so.8
2021-08-22 19:24:26.378364: W tensorflow/stream_executor/gpu/asm_compiler.cc:63] Running ptxas --version returned 256
2021-08-22 19:24:26.463430: W tensorflow/stream_executor/gpu/redzone_allocator.cc:314] Internal: ptxas exited with non-zero error code 256, output: 
Relying on driver to perform ptx compilation. 
Modify $PATH to customize ptxas location.
This message will be only logged once.
NoiseMutator started.
NoiseMutator finished.
Training round: 1		accuracy = 0.6159420013427734
Training round: 2		accuracy = 0.5991304516792297
Training round: 3		accuracy = 0.5637680888175964
Training round: 4		accuracy = 0.6257970929145813
Training round: 5		accuracy = 0.5915942192077637
Training round: 6		accuracy = 0.582608699798584
Training round: 7		accuracy = 0.5884057879447937
Training round: 8		accuracy = 0.6211594343185425
Training round: 9		accuracy = 0.6217391490936279
Training round: 10		accuracy = 0.6263768076896667
Training round: 11		accuracy = 0.6284058094024658
Training round: 12		accuracy = 0.6324637532234192
Training round: 13		accuracy = 0.6269565224647522
Training round: 14		accuracy = 0.6356521844863892
Training round: 15		accuracy = 0.6388405561447144
Training round: 16		accuracy = 0.640289843082428
Training round: 17		accuracy = 0.6428985595703125
Training round: 18		accuracy = 0.6486956477165222
Training round: 19		accuracy = 0.6513043642044067
Training round: 20		accuracy = 0.6518840789794922
Training round: 21		accuracy = 0.651014506816864
Training round: 22		accuracy = 0.6524637937545776
Training round: 23		accuracy = 0.6550724506378174
Training round: 24		accuracy = 0.6562318801879883
Training round: 25		accuracy = 0.6573913097381592
Training round: 26		accuracy = 0.6588405966758728
Training round: 27		accuracy = 0.6602898836135864
Training round: 28		accuracy = 0.662028968334198
Training round: 29		accuracy = 0.5820289850234985
Training round: 30		accuracy = 0.6165217161178589
Training round: 31		accuracy = 0.6443478465080261
Training round: 32		accuracy = 0.6527536511421204
Training round: 33		accuracy = 0.6527536511421204
Training round: 34		accuracy = 0.6521739363670349
Training round: 35		accuracy = 0.6657971143722534
Training round: 36		accuracy = 0.6649275422096252
Training round: 37		accuracy = 0.6660869717597961
Training round: 38		accuracy = 0.6660869717597961
Training round: 39		accuracy = 0.6692753434181213
Training round: 40		accuracy = 0.6724637746810913
Training round: 41		accuracy = 0.6695652008056641
Training round: 42		accuracy = 0.6733333468437195
Training round: 43		accuracy = 0.6733333468437195
Training round: 44		accuracy = 0.6139130592346191
Training round: 45		accuracy = 0.6200000047683716
Training round: 46		accuracy = 0.6452174186706543
Training round: 47		accuracy = 0.6576811671257019
Training round: 48		accuracy = 0.6643478274345398
Training round: 49		accuracy = 0.6657971143722534
Training round: 50		accuracy = 0.6744927763938904
Training round: 51		accuracy = 0.6756521463394165
Training round: 52		accuracy = 0.6776811480522156
Training round: 53		accuracy = 0.6776811480522156
Training round: 54		accuracy = 0.6817391514778137
Training round: 55		accuracy = 0.681449294090271
Training round: 56		accuracy = 0.681449294090271
Training round: 57		accuracy = 0.6817391514778137
Training round: 58		accuracy = 0.681449294090271
Training round: 59		accuracy = 0.6823188662528992
Training round: 60		accuracy = 0.6828985214233398
Training round: 61		accuracy = 0.6823188662528992
Training round: 62		accuracy = 0.6339130401611328
Training round: 63		accuracy = 0.667246401309967
Training round: 64		accuracy = 0.6820290088653564
Training round: 65		accuracy = 0.6860869526863098
Training round: 66		accuracy = 0.6872463822364807
Training round: 67		accuracy = 0.6872463822364807
Training round: 68		accuracy = 0.6875362396240234
Training round: 69		accuracy = 0.6872463822364807
Training round: 70		accuracy = 0.6881159543991089
Training round: 71		accuracy = 0.6878260970115662
Training round: 72		accuracy = 0.6881159543991089
Training round: 73		accuracy = 0.6872463822364807
Training round: 74		accuracy = 0.6881159543991089
Training round: 75		accuracy = 0.6881159543991089
Training round: 76		accuracy = 0.6881159543991089
Training round: 77		accuracy = 0.6884058117866516
Training round: 78		accuracy = 0.6886956691741943
Training round: 79		accuracy = 0.6895652413368225
Training round: 80		accuracy = 0.6892753839492798
Training round: 81		accuracy = 0.6886956691741943
Training round: 82		accuracy = 0.6895652413368225
Training round: 83		accuracy = 0.6904347538948059
Training round: 84		accuracy = 0.6910144686698914
Training round: 85		accuracy = 0.6907246112823486
Training round: 86		accuracy = 0.6904347538948059
Training round: 87		accuracy = 0.6904347538948059
Training round: 88		accuracy = 0.5976811647415161
Training round: 89		accuracy = 0.6518840789794922
Training round: 90		accuracy = 0.659710168838501
Training round: 91		accuracy = 0.6655072569847107
Training round: 92		accuracy = 0.6701449155807495
Training round: 93		accuracy = 0.6715942025184631
Training round: 94		accuracy = 0.6750724911689758
Training round: 95		accuracy = 0.6759420037269592
Training round: 96		accuracy = 0.6773912906646729
Training round: 97		accuracy = 0.6785507202148438
Training round: 98		accuracy = 0.6794202923774719
Training round: 99		accuracy = 0.6811594367027283
Training round: 100		accuracy = 0.6805797219276428
Training duration 5837.905345201492
