2021-08-23 15:06:55.553557: I tensorflow/stream_executor/platform/default/dso_loader.cc:49] Successfully opened dynamic library libcudart.so.11.0
2021-08-23 15:07:20.368515: I tensorflow/compiler/jit/xla_cpu_device.cc:41] Not creating XLA devices, tf_xla_enable_xla_devices not set
2021-08-23 15:07:20.373159: I tensorflow/stream_executor/platform/default/dso_loader.cc:49] Successfully opened dynamic library libcuda.so.1
2021-08-23 15:07:20.445935: I tensorflow/core/common_runtime/gpu/gpu_device.cc:1720] Found device 0 with properties: 
pciBusID: 0000:86:00.0 name: Tesla V100-SXM2-32GB computeCapability: 7.0
coreClock: 1.53GHz coreCount: 80 deviceMemorySize: 31.75GiB deviceMemoryBandwidth: 836.37GiB/s
2021-08-23 15:07:20.446553: I tensorflow/stream_executor/platform/default/dso_loader.cc:49] Successfully opened dynamic library libcudart.so.11.0
2021-08-23 15:07:20.456467: I tensorflow/stream_executor/platform/default/dso_loader.cc:49] Successfully opened dynamic library libcublas.so.11
2021-08-23 15:07:20.456601: I tensorflow/stream_executor/platform/default/dso_loader.cc:49] Successfully opened dynamic library libcublasLt.so.11
2021-08-23 15:07:20.461588: I tensorflow/stream_executor/platform/default/dso_loader.cc:49] Successfully opened dynamic library libcufft.so.10
2021-08-23 15:07:20.464045: I tensorflow/stream_executor/platform/default/dso_loader.cc:49] Successfully opened dynamic library libcurand.so.10
2021-08-23 15:07:20.472189: I tensorflow/stream_executor/platform/default/dso_loader.cc:49] Successfully opened dynamic library libcusolver.so.10
2021-08-23 15:07:20.474221: I tensorflow/stream_executor/platform/default/dso_loader.cc:49] Successfully opened dynamic library libcusparse.so.11
2021-08-23 15:07:20.475091: I tensorflow/stream_executor/platform/default/dso_loader.cc:49] Successfully opened dynamic library libcudnn.so.8
2021-08-23 15:07:20.480104: I tensorflow/core/common_runtime/gpu/gpu_device.cc:1862] Adding visible gpu devices: 0
2021-08-23 15:07:20.483465: I tensorflow/core/platform/cpu_feature_guard.cc:142] This TensorFlow binary is optimized with oneAPI Deep Neural Network Library (oneDNN) to use the following CPU instructions in performance-critical operations:  AVX2 AVX512F FMA
To enable them in other operations, rebuild TensorFlow with the appropriate compiler flags.
2021-08-23 15:07:20.483776: I tensorflow/compiler/jit/xla_gpu_device.cc:99] Not creating XLA devices, tf_xla_enable_xla_devices not set
2021-08-23 15:07:20.486221: I tensorflow/core/common_runtime/gpu/gpu_device.cc:1720] Found device 0 with properties: 
pciBusID: 0000:86:00.0 name: Tesla V100-SXM2-32GB computeCapability: 7.0
coreClock: 1.53GHz coreCount: 80 deviceMemorySize: 31.75GiB deviceMemoryBandwidth: 836.37GiB/s
2021-08-23 15:07:20.486298: I tensorflow/stream_executor/platform/default/dso_loader.cc:49] Successfully opened dynamic library libcudart.so.11.0
2021-08-23 15:07:20.486409: I tensorflow/stream_executor/platform/default/dso_loader.cc:49] Successfully opened dynamic library libcublas.so.11
2021-08-23 15:07:20.486512: I tensorflow/stream_executor/platform/default/dso_loader.cc:49] Successfully opened dynamic library libcublasLt.so.11
2021-08-23 15:07:20.486561: I tensorflow/stream_executor/platform/default/dso_loader.cc:49] Successfully opened dynamic library libcufft.so.10
2021-08-23 15:07:20.486612: I tensorflow/stream_executor/platform/default/dso_loader.cc:49] Successfully opened dynamic library libcurand.so.10
2021-08-23 15:07:20.486656: I tensorflow/stream_executor/platform/default/dso_loader.cc:49] Successfully opened dynamic library libcusolver.so.10
2021-08-23 15:07:20.486706: I tensorflow/stream_executor/platform/default/dso_loader.cc:49] Successfully opened dynamic library libcusparse.so.11
2021-08-23 15:07:20.486757: I tensorflow/stream_executor/platform/default/dso_loader.cc:49] Successfully opened dynamic library libcudnn.so.8
2021-08-23 15:07:20.491342: I tensorflow/core/common_runtime/gpu/gpu_device.cc:1862] Adding visible gpu devices: 0
2021-08-23 15:07:20.491487: I tensorflow/stream_executor/platform/default/dso_loader.cc:49] Successfully opened dynamic library libcudart.so.11.0
2021-08-23 15:07:21.847366: I tensorflow/core/common_runtime/gpu/gpu_device.cc:1261] Device interconnect StreamExecutor with strength 1 edge matrix:
2021-08-23 15:07:21.847525: I tensorflow/core/common_runtime/gpu/gpu_device.cc:1267]      0 
2021-08-23 15:07:21.847618: I tensorflow/core/common_runtime/gpu/gpu_device.cc:1280] 0:   N 
2021-08-23 15:07:21.857414: I tensorflow/core/common_runtime/gpu/gpu_device.cc:1406] Created TensorFlow device (/job:localhost/replica:0/task:0/device:GPU:0 with 30130 MB memory) -> physical GPU (device: 0, name: Tesla V100-SXM2-32GB, pci bus id: 0000:86:00.0, compute capability: 7.0)
2021-08-23 15:07:33.971823: I tensorflow/compiler/mlir/mlir_graph_optimization_pass.cc:116] None of the MLIR optimization passes are enabled (registered 2)
2021-08-23 15:07:33.976252: I tensorflow/core/platform/profile_utils/cpu_utils.cc:112] CPU Frequency: 2100000000 Hz
2021-08-23 15:07:34.102681: I tensorflow/stream_executor/platform/default/dso_loader.cc:49] Successfully opened dynamic library libcublas.so.11
2021-08-23 15:07:34.655568: I tensorflow/stream_executor/platform/default/dso_loader.cc:49] Successfully opened dynamic library libcublasLt.so.11
2021-08-23 15:07:34.666289: I tensorflow/stream_executor/platform/default/dso_loader.cc:49] Successfully opened dynamic library libcudnn.so.8
2021-08-23 15:07:36.998265: W tensorflow/stream_executor/gpu/asm_compiler.cc:63] Running ptxas --version returned 256
2021-08-23 15:07:37.096895: W tensorflow/stream_executor/gpu/redzone_allocator.cc:314] Internal: ptxas exited with non-zero error code 256, output: 
Relying on driver to perform ptx compilation. 
Modify $PATH to customize ptxas location.
This message will be only logged once.
LabelAttacker started.
LabelAttacker finished.
Training round: 1		accuracy = 0.5133333206176758
Training round: 2		accuracy = 0.5959420204162598
Training round: 3		accuracy = 0.5878260731697083
Training round: 4		accuracy = 0.585797131061554
Training round: 5		accuracy = 0.5971014499664307
Training round: 6		accuracy = 0.5707246661186218
Training round: 7		accuracy = 0.6069565415382385
Training round: 8		accuracy = 0.5971014499664307
Training round: 9		accuracy = 0.5307246446609497
Training round: 10		accuracy = 0.5681159496307373
Training round: 11		accuracy = 0.5759420394897461
Training round: 12		accuracy = 0.5863767862319946
Training round: 13		accuracy = 0.5982608795166016
Training round: 14		accuracy = 0.5866666436195374
Training round: 15		accuracy = 0.5773913264274597
Training round: 16		accuracy = 0.6014492511749268
Training round: 17		accuracy = 0.5837681293487549
Training round: 18		accuracy = 0.585797131061554
Training round: 19		accuracy = 0.6095651984214783
Training round: 20		accuracy = 0.5886956453323364
Training round: 21		accuracy = 0.5817391276359558
Training round: 22		accuracy = 0.5742028951644897
Training round: 23		accuracy = 0.5965217351913452
Training round: 24		accuracy = 0.5562318563461304
Training round: 25		accuracy = 0.5811594128608704
Training round: 26		accuracy = 0.5655072331428528
Training round: 27		accuracy = 0.5643478035926819
Training round: 28		accuracy = 0.5785506963729858
Training round: 29		accuracy = 0.6081159710884094
Training round: 30		accuracy = 0.5550724864006042
Training round: 31		accuracy = 0.5779710412025452
Training round: 32		accuracy = 0.5736231803894043
Training round: 33		accuracy = 0.5802898406982422
Training round: 34		accuracy = 0.5811594128608704
Training round: 35		accuracy = 0.5446376800537109
Training round: 36		accuracy = 0.530434787273407
Training round: 37		accuracy = 0.5605797171592712
Training round: 38		accuracy = 0.5721738934516907
Training round: 39		accuracy = 0.5643478035926819
Training round: 40		accuracy = 0.5597101449966431
Training round: 41		accuracy = 0.5611594319343567
Training round: 42		accuracy = 0.5385507345199585
Training round: 43		accuracy = 0.5631884336471558
Training round: 44		accuracy = 0.5515941977500916
Training round: 45		accuracy = 0.5669565200805664
Training round: 46		accuracy = 0.5600000023841858
Training round: 47		accuracy = 0.5582608580589294
Training round: 48		accuracy = 0.5449275374412537
Training round: 49		accuracy = 0.5692753791809082
Training round: 50		accuracy = 0.5376811623573303
Training round: 51		accuracy = 0.5878260731697083
Training round: 52		accuracy = 0.5721738934516907
Training round: 53		accuracy = 0.562898576259613
Training round: 54		accuracy = 0.5565217137336731
Training round: 55		accuracy = 0.5620290040969849
Training round: 56		accuracy = 0.5626087188720703
Training round: 57		accuracy = 0.5669565200805664
Training round: 58		accuracy = 0.5602898597717285
Training round: 59		accuracy = 0.5652173757553101
Training round: 60		accuracy = 0.5649275183677673
Training round: 61		accuracy = 0.5637680888175964
Training round: 62		accuracy = 0.5652173757553101
Training round: 63		accuracy = 0.5643478035926819
Training round: 64		accuracy = 0.5542029142379761
Training round: 65		accuracy = 0.5686956644058228
Training round: 66		accuracy = 0.562898576259613
Training round: 67		accuracy = 0.5597101449966431
Training round: 68		accuracy = 0.5631884336471558
Training round: 69		accuracy = 0.5727536082267761
Training round: 70		accuracy = 0.5678260922431946
Training round: 71		accuracy = 0.562898576259613
Training round: 72		accuracy = 0.5626087188720703
Training round: 73		accuracy = 0.5646376609802246
Training round: 74		accuracy = 0.5637680888175964
Training round: 75		accuracy = 0.5588405728340149
Training round: 76		accuracy = 0.5617391467094421
Training round: 77		accuracy = 0.5643478035926819
Training round: 78		accuracy = 0.5623188614845276
Training round: 79		accuracy = 0.5707246661186218
Training round: 80		accuracy = 0.5655072331428528
Training round: 81		accuracy = 0.5652173757553101
Training round: 82		accuracy = 0.560869574546814
Training round: 83		accuracy = 0.5568115711212158
Training round: 84		accuracy = 0.557681143283844
Training round: 85		accuracy = 0.5623188614845276
Training round: 86		accuracy = 0.5643478035926819
Training round: 87		accuracy = 0.5634782314300537
Training round: 88		accuracy = 0.5611594319343567
Training round: 89		accuracy = 0.5666666626930237
Training round: 90		accuracy = 0.5655072331428528
Training round: 91		accuracy = 0.5669565200805664
Training round: 92		accuracy = 0.5666666626930237
Training round: 93		accuracy = 0.5666666626930237
Training round: 94		accuracy = 0.5600000023841858
Training round: 95		accuracy = 0.5600000023841858
Training round: 96		accuracy = 0.56840580701828
Training round: 97		accuracy = 0.5660869479179382
Training round: 98		accuracy = 0.5652173757553101
Training round: 99		accuracy = 0.562898576259613
Training round: 100		accuracy = 0.5657970905303955
Training duration 5770.0623598098755
