2021-08-12 08:59:14.292073: I tensorflow/stream_executor/platform/default/dso_loader.cc:49] Successfully opened dynamic library libcudart.so.11.0
2021-08-12 08:59:20.688884: I tensorflow/compiler/jit/xla_cpu_device.cc:41] Not creating XLA devices, tf_xla_enable_xla_devices not set
2021-08-12 08:59:20.692296: I tensorflow/stream_executor/platform/default/dso_loader.cc:49] Successfully opened dynamic library libcuda.so.1
2021-08-12 08:59:20.745452: I tensorflow/core/common_runtime/gpu/gpu_device.cc:1720] Found device 0 with properties: 
pciBusID: 0000:1e:00.0 name: Tesla V100-SXM2-16GB computeCapability: 7.0
coreClock: 1.53GHz coreCount: 80 deviceMemorySize: 15.78GiB deviceMemoryBandwidth: 836.37GiB/s
2021-08-12 08:59:20.745636: I tensorflow/stream_executor/platform/default/dso_loader.cc:49] Successfully opened dynamic library libcudart.so.11.0
2021-08-12 08:59:20.789956: I tensorflow/stream_executor/platform/default/dso_loader.cc:49] Successfully opened dynamic library libcublas.so.11
2021-08-12 08:59:20.790081: I tensorflow/stream_executor/platform/default/dso_loader.cc:49] Successfully opened dynamic library libcublasLt.so.11
2021-08-12 08:59:20.809726: I tensorflow/stream_executor/platform/default/dso_loader.cc:49] Successfully opened dynamic library libcufft.so.10
2021-08-12 08:59:20.824557: I tensorflow/stream_executor/platform/default/dso_loader.cc:49] Successfully opened dynamic library libcurand.so.10
2021-08-12 08:59:20.863167: I tensorflow/stream_executor/platform/default/dso_loader.cc:49] Successfully opened dynamic library libcusolver.so.10
2021-08-12 08:59:20.872191: I tensorflow/stream_executor/platform/default/dso_loader.cc:49] Successfully opened dynamic library libcusparse.so.11
2021-08-12 08:59:20.874644: I tensorflow/stream_executor/platform/default/dso_loader.cc:49] Successfully opened dynamic library libcudnn.so.8
2021-08-12 08:59:20.877649: I tensorflow/core/common_runtime/gpu/gpu_device.cc:1862] Adding visible gpu devices: 0
2021-08-12 08:59:20.879281: I tensorflow/core/platform/cpu_feature_guard.cc:142] This TensorFlow binary is optimized with oneAPI Deep Neural Network Library (oneDNN) to use the following CPU instructions in performance-critical operations:  AVX2 AVX512F FMA
To enable them in other operations, rebuild TensorFlow with the appropriate compiler flags.
2021-08-12 08:59:20.879549: I tensorflow/compiler/jit/xla_gpu_device.cc:99] Not creating XLA devices, tf_xla_enable_xla_devices not set
2021-08-12 08:59:20.880486: I tensorflow/core/common_runtime/gpu/gpu_device.cc:1720] Found device 0 with properties: 
pciBusID: 0000:1e:00.0 name: Tesla V100-SXM2-16GB computeCapability: 7.0
coreClock: 1.53GHz coreCount: 80 deviceMemorySize: 15.78GiB deviceMemoryBandwidth: 836.37GiB/s
2021-08-12 08:59:20.880521: I tensorflow/stream_executor/platform/default/dso_loader.cc:49] Successfully opened dynamic library libcudart.so.11.0
2021-08-12 08:59:20.880542: I tensorflow/stream_executor/platform/default/dso_loader.cc:49] Successfully opened dynamic library libcublas.so.11
2021-08-12 08:59:20.880555: I tensorflow/stream_executor/platform/default/dso_loader.cc:49] Successfully opened dynamic library libcublasLt.so.11
2021-08-12 08:59:20.880569: I tensorflow/stream_executor/platform/default/dso_loader.cc:49] Successfully opened dynamic library libcufft.so.10
2021-08-12 08:59:20.880583: I tensorflow/stream_executor/platform/default/dso_loader.cc:49] Successfully opened dynamic library libcurand.so.10
2021-08-12 08:59:20.880596: I tensorflow/stream_executor/platform/default/dso_loader.cc:49] Successfully opened dynamic library libcusolver.so.10
2021-08-12 08:59:20.880609: I tensorflow/stream_executor/platform/default/dso_loader.cc:49] Successfully opened dynamic library libcusparse.so.11
2021-08-12 08:59:20.880623: I tensorflow/stream_executor/platform/default/dso_loader.cc:49] Successfully opened dynamic library libcudnn.so.8
2021-08-12 08:59:20.882220: I tensorflow/core/common_runtime/gpu/gpu_device.cc:1862] Adding visible gpu devices: 0
2021-08-12 08:59:20.882670: I tensorflow/stream_executor/platform/default/dso_loader.cc:49] Successfully opened dynamic library libcudart.so.11.0
2021-08-12 08:59:21.885285: I tensorflow/core/common_runtime/gpu/gpu_device.cc:1261] Device interconnect StreamExecutor with strength 1 edge matrix:
2021-08-12 08:59:21.885337: I tensorflow/core/common_runtime/gpu/gpu_device.cc:1267]      0 
2021-08-12 08:59:21.885351: I tensorflow/core/common_runtime/gpu/gpu_device.cc:1280] 0:   N 
2021-08-12 08:59:21.889607: I tensorflow/core/common_runtime/gpu/gpu_device.cc:1406] Created TensorFlow device (/job:localhost/replica:0/task:0/device:GPU:0 with 14761 MB memory) -> physical GPU (device: 0, name: Tesla V100-SXM2-16GB, pci bus id: 0000:1e:00.0, compute capability: 7.0)
2021-08-12 08:59:22.695148: I tensorflow/compiler/mlir/mlir_graph_optimization_pass.cc:116] None of the MLIR optimization passes are enabled (registered 2)
2021-08-12 08:59:22.696501: I tensorflow/core/platform/profile_utils/cpu_utils.cc:112] CPU Frequency: 2400000000 Hz
2021-08-12 08:59:23.157016: I tensorflow/stream_executor/platform/default/dso_loader.cc:49] Successfully opened dynamic library libcublas.so.11
2021-08-12 08:59:24.422774: I tensorflow/stream_executor/platform/default/dso_loader.cc:49] Successfully opened dynamic library libcublasLt.so.11
2021-08-12 08:59:24.433752: I tensorflow/stream_executor/platform/default/dso_loader.cc:49] Successfully opened dynamic library libcudnn.so.8
2021-08-12 08:59:29.567069: W tensorflow/stream_executor/gpu/asm_compiler.cc:63] Running ptxas --version returned 256
2021-08-12 08:59:29.650859: W tensorflow/stream_executor/gpu/redzone_allocator.cc:314] Internal: ptxas exited with non-zero error code 256, output: 
Relying on driver to perform ptx compilation. 
Modify $PATH to customize ptxas location.
This message will be only logged once.
LabelAttacker started.
LabelAttacker finished.
Training round: 1		accuracy = 0.1062999963760376
Training round: 2		accuracy = 0.10130000114440918
Training round: 3		accuracy = 0.12720000743865967
Training round: 4		accuracy = 0.14890000224113464
Training round: 5		accuracy = 0.17800000309944153
Training round: 6		accuracy = 0.13230000436306
Training round: 7		accuracy = 0.13729999959468842
Training round: 8		accuracy = 0.19470000267028809
Training round: 9		accuracy = 0.20980000495910645
Training round: 10		accuracy = 0.20360000431537628
Training round: 11		accuracy = 0.2305999994277954
Training round: 12		accuracy = 0.21699999272823334
Training round: 13		accuracy = 0.2206999957561493
Training round: 14		accuracy = 0.18940000236034393
Training round: 15		accuracy = 0.24549999833106995
Training round: 16		accuracy = 0.24899999797344208
Training round: 17		accuracy = 0.2092999964952469
Training round: 18		accuracy = 0.23469999432563782
Training round: 19		accuracy = 0.2345999926328659
Training round: 20		accuracy = 0.2623000144958496
Training round: 21		accuracy = 0.22499999403953552
Training round: 22		accuracy = 0.2915000021457672
Training round: 23		accuracy = 0.2493000030517578
Training round: 24		accuracy = 0.24079999327659607
Training round: 25		accuracy = 0.22609999775886536
Training round: 26		accuracy = 0.16179999709129333
Training round: 27		accuracy = 0.2354000061750412
Training round: 28		accuracy = 0.266400009393692
Training round: 29		accuracy = 0.24560000002384186
Training round: 30		accuracy = 0.27320000529289246
Training round: 31		accuracy = 0.3052000105381012
Training round: 32		accuracy = 0.22679999470710754
Training round: 33		accuracy = 0.27549999952316284
Training round: 34		accuracy = 0.2547000050544739
Training round: 35		accuracy = 0.304500013589859
Training round: 36		accuracy = 0.2540000081062317
Training round: 37		accuracy = 0.30379998683929443
Training round: 38		accuracy = 0.31279999017715454
Training round: 39		accuracy = 0.28690001368522644
Training round: 40		accuracy = 0.30709999799728394
Training round: 41		accuracy = 0.3264999985694885
Training round: 42		accuracy = 0.27489998936653137
Training round: 43		accuracy = 0.27959999442100525
Training round: 44		accuracy = 0.32359999418258667
Training round: 45		accuracy = 0.30489999055862427
Training round: 46		accuracy = 0.2953000068664551
Training round: 47		accuracy = 0.32280001044273376
Training round: 48		accuracy = 0.3409999907016754
Training round: 49		accuracy = 0.34950000047683716
Training round: 50		accuracy = 0.37049999833106995
Training round: 51		accuracy = 0.3490000069141388
Training round: 52		accuracy = 0.33980000019073486
Training round: 53		accuracy = 0.34880000352859497
Training round: 54		accuracy = 0.3555999994277954
Training round: 55		accuracy = 0.3312000036239624
Training round: 56		accuracy = 0.3727000057697296
Training round: 57		accuracy = 0.32679998874664307
Training round: 58		accuracy = 0.30869999527931213
Training round: 59		accuracy = 0.349700003862381
Training round: 60		accuracy = 0.34380000829696655
Training round: 61		accuracy = 0.3257000148296356
Training round: 62		accuracy = 0.31310001015663147
Training round: 63		accuracy = 0.28220000863075256
Training round: 64		accuracy = 0.3652999997138977
Training round: 65		accuracy = 0.39879998564720154
Training round: 66		accuracy = 0.36629998683929443
Training round: 67		accuracy = 0.3098999857902527
Training round: 68		accuracy = 0.2378000020980835
Training round: 69		accuracy = 0.34769999980926514
Training round: 70		accuracy = 0.4097999930381775
Training round: 71		accuracy = 0.39430001378059387
Training round: 72		accuracy = 0.37790000438690186
Training round: 73		accuracy = 0.3822000026702881
Training round: 74		accuracy = 0.2867000102996826
Training round: 75		accuracy = 0.4106999933719635
Training round: 76		accuracy = 0.4332999885082245
Training round: 77		accuracy = 0.2939000129699707
Training round: 78		accuracy = 0.3822000026702881
Training round: 79		accuracy = 0.4153999984264374
Training round: 80		accuracy = 0.28040000796318054
Training round: 81		accuracy = 0.39259999990463257
Training round: 82		accuracy = 0.42399999499320984
Training round: 83		accuracy = 0.37220001220703125
Training round: 84		accuracy = 0.3601999878883362
Training round: 85		accuracy = 0.4011000096797943
Training round: 86		accuracy = 0.41290000081062317
Training round: 87		accuracy = 0.3921999931335449
Training round: 88		accuracy = 0.39989998936653137
Training round: 89		accuracy = 0.41609999537467957
Training round: 90		accuracy = 0.42750000953674316
Training round: 91		accuracy = 0.42179998755455017
Training round: 92		accuracy = 0.4602999985218048
Training round: 93		accuracy = 0.4115000069141388
Training round: 94		accuracy = 0.4185999929904938
Training round: 95		accuracy = 0.4537000060081482
Training round: 96		accuracy = 0.362199991941452
Training round: 97		accuracy = 0.3831000030040741
Training round: 98		accuracy = 0.42340001463890076
Training round: 99		accuracy = 0.3864000141620636
Training round: 100		accuracy = 0.4097999930381775
Training round: 101		accuracy = 0.4083000123500824
Training round: 102		accuracy = 0.36059999465942383
Training round: 103		accuracy = 0.2937000095844269
Training round: 104		accuracy = 0.2551000118255615
Training round: 105		accuracy = 0.36730000376701355
Training round: 106		accuracy = 0.43130001425743103
Training round: 107		accuracy = 0.36559998989105225
Training round: 108		accuracy = 0.4327999949455261
Training round: 109		accuracy = 0.45809999108314514
Training round: 110		accuracy = 0.4205000102519989
Training round: 111		accuracy = 0.44040000438690186
Training round: 112		accuracy = 0.4383000135421753
Training round: 113		accuracy = 0.4722000062465668
Training round: 114		accuracy = 0.48350000381469727
Training round: 115		accuracy = 0.43160000443458557
Training round: 116		accuracy = 0.44530001282691956
Training round: 117		accuracy = 0.4478999972343445
Training round: 118		accuracy = 0.44920000433921814
Training round: 119		accuracy = 0.44179999828338623
Training round: 120		accuracy = 0.43650001287460327
Training round: 121		accuracy = 0.42010000348091125
Training round: 122		accuracy = 0.38769999146461487
Training round: 123		accuracy = 0.3862999975681305
Training round: 124		accuracy = 0.41929998993873596
Training round: 125		accuracy = 0.4392000138759613
Training round: 126		accuracy = 0.4853000044822693
Training round: 127		accuracy = 0.48100000619888306
Training round: 128		accuracy = 0.4311999976634979
Training round: 129		accuracy = 0.4032999873161316
Training round: 130		accuracy = 0.40540000796318054
Training round: 131		accuracy = 0.47760000824928284
Training round: 132		accuracy = 0.3797999918460846
Training round: 133		accuracy = 0.39100000262260437
Training round: 134		accuracy = 0.45399999618530273
Training round: 135		accuracy = 0.4767000079154968
Training round: 136		accuracy = 0.3977999985218048
Training round: 137		accuracy = 0.4352000057697296
Training round: 138		accuracy = 0.4690999984741211
Training round: 139		accuracy = 0.4620000123977661
Training round: 140		accuracy = 0.3698999881744385
Training round: 141		accuracy = 0.44020000100135803
Training round: 142		accuracy = 0.46540001034736633
Training round: 143		accuracy = 0.46560001373291016
Training round: 144		accuracy = 0.478300005197525
Training round: 145		accuracy = 0.482699990272522
Training round: 146		accuracy = 0.4560000002384186
Training round: 147		accuracy = 0.4392000138759613
Training round: 148		accuracy = 0.4553999900817871
Training round: 149		accuracy = 0.49810001254081726
Training round: 150		accuracy = 0.48069998621940613
Training round: 151		accuracy = 0.49939998984336853
Training round: 152		accuracy = 0.36059999465942383
Training round: 153		accuracy = 0.4717999994754791
Training round: 154		accuracy = 0.41839998960494995
Training round: 155		accuracy = 0.4652999937534332
Training round: 156		accuracy = 0.41339999437332153
Training round: 157		accuracy = 0.46560001373291016
Training round: 158		accuracy = 0.4596000015735626
Training round: 159		accuracy = 0.4968000054359436
Training round: 160		accuracy = 0.492000013589859
Training round: 161		accuracy = 0.5160999894142151
Training round: 162		accuracy = 0.47429999709129333
Training round: 163		accuracy = 0.4966000020503998
Training round: 164		accuracy = 0.4399000108242035
Training round: 165		accuracy = 0.4650000035762787
Training round: 166		accuracy = 0.5113000273704529
Training round: 167		accuracy = 0.5241000056266785
Training round: 168		accuracy = 0.40290001034736633
Training round: 169		accuracy = 0.5246000289916992
Training round: 170		accuracy = 0.491100013256073
Training round: 171		accuracy = 0.49709999561309814
Training round: 172		accuracy = 0.517799973487854
Training round: 173		accuracy = 0.4546999931335449
Training round: 174		accuracy = 0.4645000100135803
Training round: 175		accuracy = 0.4934000074863434
Training round: 176		accuracy = 0.501800000667572
Training round: 177		accuracy = 0.5138000249862671
Training round: 178		accuracy = 0.48069998621940613
Training round: 179		accuracy = 0.48739999532699585
Training round: 180		accuracy = 0.504800021648407
Training round: 181		accuracy = 0.5091999769210815
Training round: 182		accuracy = 0.3418000042438507
Training round: 183		accuracy = 0.45190000534057617
Training round: 184		accuracy = 0.5058000087738037
Training round: 185		accuracy = 0.5192999839782715
Training round: 186		accuracy = 0.5342000126838684
Training round: 187		accuracy = 0.2913999855518341
Training round: 188		accuracy = 0.5072000026702881
Training round: 189		accuracy = 0.5113999843597412
Training round: 190		accuracy = 0.47780001163482666
Training round: 191		accuracy = 0.48730000853538513
Training round: 192		accuracy = 0.4867999851703644
Training round: 193		accuracy = 0.5051000118255615
Training round: 194		accuracy = 0.5091000199317932
Training round: 195		accuracy = 0.5449000000953674
Training round: 196		accuracy = 0.5356000065803528
Training round: 197		accuracy = 0.5309000015258789
Training round: 198		accuracy = 0.5134000182151794
Training round: 199		accuracy = 0.5241000056266785
Training round: 200		accuracy = 0.5016000270843506
Training round: 201		accuracy = 0.5052000284194946
Training round: 202		accuracy = 0.49230000376701355
Training round: 203		accuracy = 0.5005000233650208
Training round: 204		accuracy = 0.5376999974250793
Training round: 205		accuracy = 0.5127999782562256
Training round: 206		accuracy = 0.5112000107765198
Training round: 207		accuracy = 0.5170999765396118
Training round: 208		accuracy = 0.5257999897003174
Training round: 209		accuracy = 0.4724999964237213
Training round: 210		accuracy = 0.5081999897956848
Training round: 211		accuracy = 0.48030000925064087
Training round: 212		accuracy = 0.46230000257492065
Training round: 213		accuracy = 0.517799973487854
Training round: 214		accuracy = 0.5189999938011169
Training round: 215		accuracy = 0.5552999973297119
Training round: 216		accuracy = 0.5325999855995178
Training round: 217		accuracy = 0.4885999858379364
Training round: 218		accuracy = 0.49149999022483826
Training round: 219		accuracy = 0.5054000020027161
Training round: 220		accuracy = 0.5034999847412109
Training round: 221		accuracy = 0.4957999885082245
Training round: 222		accuracy = 0.4627000093460083
Training round: 223		accuracy = 0.3698999881744385
Training round: 224		accuracy = 0.5303000211715698
Training round: 225		accuracy = 0.49970000982284546
Training round: 226		accuracy = 0.5080000162124634
Training round: 227		accuracy = 0.5083000063896179
Training round: 228		accuracy = 0.5188000202178955
Training round: 229		accuracy = 0.5428000092506409
Training round: 230		accuracy = 0.5131999850273132
Training round: 231		accuracy = 0.4936000108718872
Training round: 232		accuracy = 0.4771000146865845
Training round: 233		accuracy = 0.5329999923706055
Training round: 234		accuracy = 0.5286999940872192
Training round: 235		accuracy = 0.5210999846458435
Training round: 236		accuracy = 0.48570001125335693
Training round: 237		accuracy = 0.5390999913215637
Training round: 238		accuracy = 0.5022000074386597
Training round: 239		accuracy = 0.5202000141143799
Training round: 240		accuracy = 0.5335999727249146
Training round: 241		accuracy = 0.5266000032424927
Training round: 242		accuracy = 0.515500009059906
Training round: 243		accuracy = 0.5450999736785889
Training round: 244		accuracy = 0.5626999735832214
Training round: 245		accuracy = 0.5307000279426575
Training round: 246		accuracy = 0.5425000190734863
Training round: 247		accuracy = 0.4959999918937683
Training round: 248		accuracy = 0.5343000292778015
Training round: 249		accuracy = 0.5354999899864197
Training round: 250		accuracy = 0.52920001745224
Training round: 251		accuracy = 0.38370001316070557
Training round: 252		accuracy = 0.5586000084877014
Training round: 253		accuracy = 0.5271000266075134
Training round: 254		accuracy = 0.5327000021934509
Training round: 255		accuracy = 0.5236999988555908
Training round: 256		accuracy = 0.5116999745368958
Training round: 257		accuracy = 0.5156999826431274
Training round: 258		accuracy = 0.49790000915527344
Training round: 259		accuracy = 0.48170000314712524
Training round: 260		accuracy = 0.4880000054836273
Training round: 261		accuracy = 0.5189999938011169
Training round: 262		accuracy = 0.5349000096321106
Training round: 263		accuracy = 0.40959998965263367
Training round: 264		accuracy = 0.4487999975681305
Training round: 265		accuracy = 0.39100000262260437
Training round: 266		accuracy = 0.4925999939441681
Training round: 267		accuracy = 0.5309000015258789
Training round: 268		accuracy = 0.4018000066280365
Training round: 269		accuracy = 0.5230000019073486
Training round: 270		accuracy = 0.4580000042915344
Training round: 271		accuracy = 0.4767000079154968
Training round: 272		accuracy = 0.4499000012874603
Training round: 273		accuracy = 0.4731000065803528
Training round: 274		accuracy = 0.4424999952316284
Training round: 275		accuracy = 0.5038999915122986
Training round: 276		accuracy = 0.5396999716758728
Training round: 277		accuracy = 0.54830002784729
Training round: 278		accuracy = 0.5302000045776367
Training round: 279		accuracy = 0.5733000040054321
Training round: 280		accuracy = 0.5146999955177307
Training round: 281		accuracy = 0.5447999835014343
Training round: 282		accuracy = 0.5297999978065491
Training round: 283		accuracy = 0.5533000230789185
Training round: 284		accuracy = 0.5670999884605408
Training round: 285		accuracy = 0.5217999815940857
Training round: 286		accuracy = 0.5609999895095825
Training round: 287		accuracy = 0.5131000280380249
Training round: 288		accuracy = 0.4368000030517578
Training round: 289		accuracy = 0.5292999744415283
Training round: 290		accuracy = 0.512499988079071
Training round: 291		accuracy = 0.5546000003814697
Training round: 292		accuracy = 0.5360000133514404
Training round: 293		accuracy = 0.5011000037193298
Training round: 294		accuracy = 0.5256999731063843
Training round: 295		accuracy = 0.5221999883651733
Training round: 296		accuracy = 0.5346999764442444
Training round: 297		accuracy = 0.555899977684021
Training round: 298		accuracy = 0.5591999888420105
Training round: 299		accuracy = 0.5289999842643738
Training round: 300		accuracy = 0.5005000233650208
Training round: 301		accuracy = 0.48829999566078186
Training round: 302		accuracy = 0.5550000071525574
Training round: 303		accuracy = 0.5026999711990356
Training round: 304		accuracy = 0.5192000269889832
Training round: 305		accuracy = 0.5291000008583069
Training round: 306		accuracy = 0.48010000586509705
Training round: 307		accuracy = 0.47859999537467957
Training round: 308		accuracy = 0.5133000016212463
Training round: 309		accuracy = 0.51910001039505
Training round: 310		accuracy = 0.46810001134872437
Training round: 311		accuracy = 0.527999997138977
Training round: 312		accuracy = 0.5419999957084656
Training round: 313		accuracy = 0.49810001254081726
Training round: 314		accuracy = 0.5231000185012817
Training round: 315		accuracy = 0.5446000099182129
Training round: 316		accuracy = 0.5652999877929688
Training round: 317		accuracy = 0.5504000186920166
Training round: 318		accuracy = 0.46309998631477356
Training round: 319		accuracy = 0.5412999987602234
Training round: 320		accuracy = 0.5192000269889832
Training round: 321		accuracy = 0.4235000014305115
Training round: 322		accuracy = 0.546999990940094
Training round: 323		accuracy = 0.517300009727478
Training round: 324		accuracy = 0.559499979019165
Training round: 325		accuracy = 0.45879998803138733
Training round: 326		accuracy = 0.5202999711036682
Training round: 327		accuracy = 0.5483999848365784
Training round: 328		accuracy = 0.5716000199317932
Training round: 329		accuracy = 0.5651000142097473
Training round: 330		accuracy = 0.5565999746322632
Training round: 331		accuracy = 0.5415999889373779
Training round: 332		accuracy = 0.5781000256538391
Training round: 333		accuracy = 0.5716000199317932
Training round: 334		accuracy = 0.5386000275611877
Training round: 335		accuracy = 0.5515000224113464
Training round: 336		accuracy = 0.5138999819755554
Training round: 337		accuracy = 0.5426999926567078
Training round: 338		accuracy = 0.4878000020980835
Training round: 339		accuracy = 0.5600000023841858
Training round: 340		accuracy = 0.5651999711990356
Training round: 341		accuracy = 0.5357000231742859
Training round: 342		accuracy = 0.5386000275611877
Training round: 343		accuracy = 0.5321000218391418
Training round: 344		accuracy = 0.558899998664856
Training round: 345		accuracy = 0.545799970626831
Training round: 346		accuracy = 0.557200014591217
Training round: 347		accuracy = 0.5365999937057495
Training round: 348		accuracy = 0.5803999900817871
Training round: 349		accuracy = 0.5644999742507935
Training round: 350		accuracy = 0.5536999702453613
Training round: 351		accuracy = 0.4627000093460083
Training round: 352		accuracy = 0.4334999918937683
Training round: 353		accuracy = 0.5539000034332275
Training round: 354		accuracy = 0.5763000249862671
Training round: 355		accuracy = 0.5776000022888184
Training round: 356		accuracy = 0.541700005531311
Training round: 357		accuracy = 0.5437999963760376
Training round: 358		accuracy = 0.5927000045776367
Training round: 359		accuracy = 0.5013999938964844
Training round: 360		accuracy = 0.5443999767303467
Training round: 361		accuracy = 0.5232999920845032
Training round: 362		accuracy = 0.5407000184059143
Training round: 363		accuracy = 0.5408999919891357
Training round: 364		accuracy = 0.5271999835968018
Training round: 365		accuracy = 0.541100025177002
Training round: 366		accuracy = 0.5687000155448914
Training round: 367		accuracy = 0.5131999850273132
Training round: 368		accuracy = 0.5807999968528748
Training round: 369		accuracy = 0.5408999919891357
Training round: 370		accuracy = 0.5649999976158142
Training round: 371		accuracy = 0.5375000238418579
Training round: 372		accuracy = 0.5587999820709229
Training round: 373		accuracy = 0.5644000172615051
Training round: 374		accuracy = 0.5583999752998352
Training round: 375		accuracy = 0.5692999958992004
Training round: 376		accuracy = 0.5217000246047974
Training round: 377		accuracy = 0.5422999858856201
Training round: 378		accuracy = 0.5529000163078308
Training round: 379		accuracy = 0.554099977016449
Training round: 380		accuracy = 0.5569000244140625
Training round: 381		accuracy = 0.5878999829292297
Training round: 382		accuracy = 0.5439000129699707
Training round: 383		accuracy = 0.5525000095367432
Training round: 384		accuracy = 0.6000999808311462
Training round: 385		accuracy = 0.5705000162124634
Training round: 386		accuracy = 0.5126000046730042
Training round: 387		accuracy = 0.5224000215530396
Training round: 388		accuracy = 0.5590000152587891
Training round: 389		accuracy = 0.5634999871253967
Training round: 390		accuracy = 0.5292999744415283
Training round: 391		accuracy = 0.5634999871253967
Training round: 392		accuracy = 0.5396999716758728
Training round: 393		accuracy = 0.5507000088691711
Training round: 394		accuracy = 0.5300999879837036
Training round: 395		accuracy = 0.5382000207901001
Training round: 396		accuracy = 0.541700005531311
Training round: 397		accuracy = 0.5719000101089478
Training round: 398		accuracy = 0.46650001406669617
Training round: 399		accuracy = 0.5738999843597412
Training round: 400		accuracy = 0.5013999938964844
Training round: 401		accuracy = 0.5070000290870667
Training round: 402		accuracy = 0.5541999936103821
Training round: 403		accuracy = 0.41760000586509705
Training round: 404		accuracy = 0.5011000037193298
Training round: 405		accuracy = 0.503600001335144
Training round: 406		accuracy = 0.5148000121116638
Training round: 407		accuracy = 0.5633999705314636
Training round: 408		accuracy = 0.42969998717308044
Training round: 409		accuracy = 0.5264000296592712
Training round: 410		accuracy = 0.5386000275611877
Training round: 411		accuracy = 0.5357000231742859
Training round: 412		accuracy = 0.5496000051498413
Training round: 413		accuracy = 0.5317000150680542
Training round: 414		accuracy = 0.5436000227928162
Training round: 415		accuracy = 0.5748000144958496
Training round: 416		accuracy = 0.5777999758720398
Training round: 417		accuracy = 0.5734000205993652
Training round: 418		accuracy = 0.5846999883651733
Training round: 419		accuracy = 0.5579000115394592
Training round: 420		accuracy = 0.459199994802475
Training round: 421		accuracy = 0.5796999931335449
Training round: 422		accuracy = 0.5338000059127808
Training round: 423		accuracy = 0.5223000049591064
Training round: 424		accuracy = 0.58160001039505
Training round: 425		accuracy = 0.5659000277519226
Training round: 426		accuracy = 0.5015000104904175
Training round: 427		accuracy = 0.546500027179718
Training round: 428		accuracy = 0.43799999356269836
Training round: 429		accuracy = 0.5088000297546387
Training round: 430		accuracy = 0.5270000100135803
Training round: 431		accuracy = 0.5378999710083008
Training round: 432		accuracy = 0.5737000107765198
Training round: 433		accuracy = 0.5774999856948853
Training round: 434		accuracy = 0.5724999904632568
Training round: 435		accuracy = 0.5608000159263611
Training round: 436		accuracy = 0.5680000185966492
Training round: 437		accuracy = 0.569100022315979
Training round: 438		accuracy = 0.5769000053405762
Training round: 439		accuracy = 0.570900022983551
Training round: 440		accuracy = 0.5218999981880188
Training round: 441		accuracy = 0.5593000054359436
Training round: 442		accuracy = 0.5013999938964844
Training round: 443		accuracy = 0.5633999705314636
Training round: 444		accuracy = 0.5511000156402588
Training round: 445		accuracy = 0.5491999983787537
Training round: 446		accuracy = 0.5214999914169312
Training round: 447		accuracy = 0.5594000220298767
Training round: 448		accuracy = 0.5684000253677368
Training round: 449		accuracy = 0.5375000238418579
Training round: 450		accuracy = 0.5623000264167786
Training round: 451		accuracy = 0.5659999847412109
Training round: 452		accuracy = 0.5532000064849854
Training round: 453		accuracy = 0.5809999704360962
Training round: 454		accuracy = 0.5187000036239624
Training round: 455		accuracy = 0.5703999996185303
Training round: 456		accuracy = 0.5152999758720398
Training round: 457		accuracy = 0.5830000042915344
Training round: 458		accuracy = 0.5799000263214111
Training round: 459		accuracy = 0.5490999817848206
Training round: 460		accuracy = 0.4903999865055084
Training round: 461		accuracy = 0.521399974822998
Training round: 462		accuracy = 0.5023000240325928
Training round: 463		accuracy = 0.4943000078201294
Training round: 464		accuracy = 0.5424000024795532
Training round: 465		accuracy = 0.4702000021934509
Training round: 466		accuracy = 0.5751000046730042
Training round: 467		accuracy = 0.532800018787384
Training round: 468		accuracy = 0.5148000121116638
Training round: 469		accuracy = 0.534600019454956
Training round: 470		accuracy = 0.5134999752044678
Training round: 471		accuracy = 0.5580000281333923
Training round: 472		accuracy = 0.5665000081062317
Training round: 473		accuracy = 0.5687999725341797
Training round: 474		accuracy = 0.5404000282287598
Training round: 475		accuracy = 0.5462999939918518
Training round: 476		accuracy = 0.5892000198364258
Training round: 477		accuracy = 0.5812000036239624
Training round: 478		accuracy = 0.5795000195503235
Training round: 479		accuracy = 0.5223000049591064
Training round: 480		accuracy = 0.5856999754905701
Training round: 481		accuracy = 0.5430999994277954
Training round: 482		accuracy = 0.5238000154495239
Training round: 483		accuracy = 0.499099999666214
Training round: 484		accuracy = 0.5681999921798706
Training round: 485		accuracy = 0.554099977016449
Training round: 486		accuracy = 0.5652999877929688
Training round: 487		accuracy = 0.5777000188827515
Training round: 488		accuracy = 0.5677000284194946
Training round: 489		accuracy = 0.5927000045776367
Training round: 490		accuracy = 0.5932999849319458
Training round: 491		accuracy = 0.5275999903678894
Training round: 492		accuracy = 0.5163999795913696
Training round: 493		accuracy = 0.5134000182151794
Training round: 494		accuracy = 0.5648999810218811
Training round: 495		accuracy = 0.5501999855041504
Training round: 496		accuracy = 0.5601000189781189
Training round: 497		accuracy = 0.5619000196456909
Training round: 498		accuracy = 0.5440000295639038
Training round: 499		accuracy = 0.4948999881744385
Training round: 500		accuracy = 0.5390999913215637
Training round: 501		accuracy = 0.5410000085830688
Training round: 502		accuracy = 0.54830002784729
Training round: 503		accuracy = 0.5648000240325928
Training round: 504		accuracy = 0.5615000128746033
Training round: 505		accuracy = 0.5479999780654907
Training round: 506		accuracy = 0.5525000095367432
Training round: 507		accuracy = 0.5734999775886536
Training round: 508		accuracy = 0.542900025844574
Training round: 509		accuracy = 0.5846999883651733
Training round: 510		accuracy = 0.5702000260353088
Training round: 511		accuracy = 0.5541999936103821
Training round: 512		accuracy = 0.5659000277519226
Training round: 513		accuracy = 0.5587000250816345
Training round: 514		accuracy = 0.5626999735832214
Training round: 515		accuracy = 0.5741000175476074
Training round: 516		accuracy = 0.5418000221252441
Training round: 517		accuracy = 0.5656999945640564
Training round: 518		accuracy = 0.5995000004768372
Training round: 519		accuracy = 0.5716000199317932
Training round: 520		accuracy = 0.5572999715805054
Training round: 521		accuracy = 0.590399980545044
Training round: 522		accuracy = 0.583899974822998
Training round: 523		accuracy = 0.5819000005722046
Training round: 524		accuracy = 0.5526999831199646
Training round: 525		accuracy = 0.5777999758720398
Training round: 526		accuracy = 0.5636000037193298
Training round: 527		accuracy = 0.5382999777793884
Training round: 528		accuracy = 0.5389999747276306
Training round: 529		accuracy = 0.579800009727478
Training round: 530		accuracy = 0.5964000225067139
Training round: 531		accuracy = 0.5807999968528748
Training round: 532		accuracy = 0.5920000076293945
Training round: 533		accuracy = 0.5494999885559082
Training round: 534		accuracy = 0.5350000262260437
Training round: 535		accuracy = 0.5600000023841858
Training round: 536		accuracy = 0.5735999941825867
Training round: 537		accuracy = 0.5654000043869019
Training round: 538		accuracy = 0.5425999760627747
Training round: 539		accuracy = 0.5978000164031982
Training round: 540		accuracy = 0.5605999827384949
Training round: 541		accuracy = 0.476500004529953
Training round: 542		accuracy = 0.5720999836921692
Training round: 543		accuracy = 0.5375999808311462
Training round: 544		accuracy = 0.5102999806404114
Training round: 545		accuracy = 0.5547000169754028
Training round: 546		accuracy = 0.5328999757766724
Training round: 547		accuracy = 0.5723999738693237
Training round: 548		accuracy = 0.54830002784729
Training round: 549		accuracy = 0.5457000136375427
Training round: 550		accuracy = 0.571399986743927
Training round: 551		accuracy = 0.5735999941825867
Training round: 552		accuracy = 0.5343000292778015
Training round: 553		accuracy = 0.5498999953269958
Training round: 554		accuracy = 0.5648000240325928
Training round: 555		accuracy = 0.5424000024795532
Training round: 556		accuracy = 0.5649999976158142
Training round: 557		accuracy = 0.5619999766349792
Training round: 558		accuracy = 0.5414999723434448
Training round: 559		accuracy = 0.5687000155448914
Training round: 560		accuracy = 0.45669999718666077
Training round: 561		accuracy = 0.5572999715805054
Training round: 562		accuracy = 0.519599974155426
Training round: 563		accuracy = 0.5522000193595886
Training round: 564		accuracy = 0.512499988079071
Training round: 565		accuracy = 0.5188999772071838
Training round: 566		accuracy = 0.5633999705314636
Training round: 567		accuracy = 0.5795999765396118
Training round: 568		accuracy = 0.548799991607666
Training round: 569		accuracy = 0.5763000249862671
Training round: 570		accuracy = 0.4717999994754791
Training round: 571		accuracy = 0.5604000091552734
Training round: 572		accuracy = 0.5866000056266785
Training round: 573		accuracy = 0.5662000179290771
Training round: 574		accuracy = 0.5945000052452087
Training round: 575		accuracy = 0.5835999846458435
Training round: 576		accuracy = 0.5467000007629395
Training round: 577		accuracy = 0.576200008392334
Training round: 578		accuracy = 0.5676000118255615
Training round: 579		accuracy = 0.566100001335144
Training round: 580		accuracy = 0.5785999894142151
Training round: 581		accuracy = 0.5637999773025513
Training round: 582		accuracy = 0.558899998664856
Training round: 583		accuracy = 0.5569000244140625
Training round: 584		accuracy = 0.508400022983551
Training round: 585		accuracy = 0.5442000031471252
Training round: 586		accuracy = 0.5680000185966492
Training round: 587		accuracy = 0.5712000131607056
Training round: 588		accuracy = 0.5066999793052673
Training round: 589		accuracy = 0.5746999979019165
Training round: 590		accuracy = 0.5692999958992004
Training round: 591		accuracy = 0.5698000192642212
Training round: 592		accuracy = 0.5552999973297119
Training round: 593		accuracy = 0.5788000226020813
Training round: 594		accuracy = 0.5641999840736389
Training round: 595		accuracy = 0.5972999930381775
Training round: 596		accuracy = 0.5123000144958496
Training round: 597		accuracy = 0.5928000211715698
Training round: 598		accuracy = 0.5601000189781189
Training round: 599		accuracy = 0.5825999975204468
Training round: 600		accuracy = 0.554099977016449
Training round: 601		accuracy = 0.4650000035762787
Training round: 602		accuracy = 0.5170999765396118
Training round: 603		accuracy = 0.47929999232292175
Training round: 604		accuracy = 0.5415999889373779
Training round: 605		accuracy = 0.53329998254776
Training round: 606		accuracy = 0.37630000710487366
Training round: 607		accuracy = 0.4909999966621399
Training round: 608		accuracy = 0.5428000092506409
Training round: 609		accuracy = 0.5562999844551086
Training round: 610		accuracy = 0.5656999945640564
Training round: 611		accuracy = 0.569100022315979
Training round: 612		accuracy = 0.5575000047683716
Training round: 613		accuracy = 0.5961999893188477
Training round: 614		accuracy = 0.5715000033378601
Training round: 615		accuracy = 0.5831999778747559
Training round: 616		accuracy = 0.557699978351593
Training round: 617		accuracy = 0.5408999919891357
Training round: 618		accuracy = 0.5989999771118164
Training round: 619		accuracy = 0.5526000261306763
Training round: 620		accuracy = 0.5295000076293945
Training round: 621		accuracy = 0.5730000138282776
Training round: 622		accuracy = 0.5613999962806702
Training round: 623		accuracy = 0.5552999973297119
Training round: 624		accuracy = 0.5706999897956848
Training round: 625		accuracy = 0.5960000157356262
Training round: 626		accuracy = 0.5719000101089478
Training round: 627		accuracy = 0.5727999806404114
Training round: 628		accuracy = 0.5192000269889832
Training round: 629		accuracy = 0.54830002784729
Training round: 630		accuracy = 0.5558000206947327
Training round: 631		accuracy = 0.6007000207901001
Training round: 632		accuracy = 0.574400007724762
Training round: 633		accuracy = 0.5450999736785889
Training round: 634		accuracy = 0.5684999823570251
Training round: 635		accuracy = 0.4916999936103821
Training round: 636		accuracy = 0.5600000023841858
Training round: 637		accuracy = 0.5511999726295471
Training round: 638		accuracy = 0.5756000280380249
Training round: 639		accuracy = 0.5863000154495239
Training round: 640		accuracy = 0.5889000296592712
Training round: 641		accuracy = 0.5800999999046326
Training round: 642		accuracy = 0.582099974155426
Training round: 643		accuracy = 0.5601000189781189
Training round: 644		accuracy = 0.585099995136261
Training round: 645		accuracy = 0.5690000057220459
Training round: 646		accuracy = 0.5884000062942505
Training round: 647		accuracy = 0.5529999732971191
Training round: 648		accuracy = 0.5529999732971191
Training round: 649		accuracy = 0.5443000197410583
Training round: 650		accuracy = 0.5641999840736389
Training round: 651		accuracy = 0.5651999711990356
Training round: 652		accuracy = 0.5781000256538391
Training round: 653		accuracy = 0.5551000237464905
Training round: 654		accuracy = 0.59579998254776
Training round: 655		accuracy = 0.5982999801635742
Training round: 656		accuracy = 0.5645999908447266
Training round: 657		accuracy = 0.5521000027656555
Training round: 658		accuracy = 0.5608999729156494
Training round: 659		accuracy = 0.5558000206947327
Training round: 660		accuracy = 0.5730000138282776
Training round: 661		accuracy = 0.5094000101089478
Training round: 662		accuracy = 0.5789999961853027
Training round: 663		accuracy = 0.5936999917030334
Training round: 664		accuracy = 0.5580999851226807
Training round: 665		accuracy = 0.5773000121116638
Training round: 666		accuracy = 0.5013999938964844
Training round: 667		accuracy = 0.5788000226020813
Training round: 668		accuracy = 0.5503000020980835
Training round: 669		accuracy = 0.5748999714851379
Training round: 670		accuracy = 0.5680000185966492
Training round: 671		accuracy = 0.5777999758720398
Training round: 672		accuracy = 0.5778999924659729
Training round: 673		accuracy = 0.5601999759674072
Training round: 674		accuracy = 0.5393000245094299
Training round: 675		accuracy = 0.5171999931335449
Training round: 676		accuracy = 0.583899974822998
Training round: 677		accuracy = 0.5360000133514404
Training round: 678		accuracy = 0.5748000144958496
Training round: 679		accuracy = 0.5773000121116638
Training round: 680		accuracy = 0.5878000259399414
Training round: 681		accuracy = 0.5397999882698059
Training round: 682		accuracy = 0.5472999811172485
Training round: 683		accuracy = 0.4968000054359436
Training round: 684		accuracy = 0.5507000088691711
Training round: 685		accuracy = 0.5551999807357788
Training round: 686		accuracy = 0.550000011920929
Training round: 687		accuracy = 0.5659000277519226
Training round: 688		accuracy = 0.5871999859809875
Training round: 689		accuracy = 0.5810999870300293
Training round: 690		accuracy = 0.5649999976158142
Training round: 691		accuracy = 0.5078999996185303
Training round: 692		accuracy = 0.5752999782562256
Training round: 693		accuracy = 0.6004999876022339
Training round: 694		accuracy = 0.5471000075340271
Training round: 695		accuracy = 0.5842999815940857
Training round: 696		accuracy = 0.5792999863624573
Training round: 697		accuracy = 0.5376999974250793
Training round: 698		accuracy = 0.5925999879837036
Training round: 699		accuracy = 0.5825999975204468
Training round: 700		accuracy = 0.5770999789237976
Training round: 701		accuracy = 0.5722000002861023
Training round: 702		accuracy = 0.6031000018119812
Training round: 703		accuracy = 0.5820000171661377
Training round: 704		accuracy = 0.5611000061035156
Training round: 705		accuracy = 0.552299976348877
Training round: 706		accuracy = 0.5993000268936157
Training round: 707		accuracy = 0.58160001039505
Training round: 708		accuracy = 0.5795999765396118
Training round: 709		accuracy = 0.5967000126838684
Training round: 710		accuracy = 0.6037999987602234
Training round: 711		accuracy = 0.611299991607666
Training round: 712		accuracy = 0.5738999843597412
Training round: 713		accuracy = 0.5350000262260437
Training round: 714		accuracy = 0.5418000221252441
Training round: 715		accuracy = 0.597100019454956
Training round: 716		accuracy = 0.5644000172615051
Training round: 717		accuracy = 0.5893999934196472
Training round: 718		accuracy = 0.5794000029563904
Training round: 719		accuracy = 0.508400022983551
Training round: 720		accuracy = 0.579200029373169
Training round: 721		accuracy = 0.5782999992370605
Training round: 722		accuracy = 0.5600000023841858
Training round: 723		accuracy = 0.5770000219345093
Training round: 724		accuracy = 0.5625
Training round: 725		accuracy = 0.5752999782562256
Training round: 726		accuracy = 0.5356000065803528
Training round: 727		accuracy = 0.5751000046730042
Training round: 728		accuracy = 0.5695000290870667
Training round: 729		accuracy = 0.5945000052452087
Training round: 730		accuracy = 0.5781999826431274
Training round: 731		accuracy = 0.5914000272750854
Training round: 732		accuracy = 0.5918999910354614
Training round: 733		accuracy = 0.6014999747276306
Training round: 734		accuracy = 0.5745000243186951
Training round: 735		accuracy = 0.5774000287055969
Training round: 736		accuracy = 0.5242999792098999
Training round: 737		accuracy = 0.5827999711036682
Training round: 738		accuracy = 0.5871999859809875
Training round: 739		accuracy = 0.5418999791145325
Training round: 740		accuracy = 0.5601999759674072
Training round: 741		accuracy = 0.48399999737739563
Training round: 742		accuracy = 0.5654000043869019
Training round: 743		accuracy = 0.5960000157356262
Training round: 744		accuracy = 0.5224999785423279
Training round: 745		accuracy = 0.5734999775886536
Training round: 746		accuracy = 0.5426999926567078
Training round: 747		accuracy = 0.5724999904632568
Training round: 748		accuracy = 0.5608000159263611
Training round: 749		accuracy = 0.5489000082015991
Training round: 750		accuracy = 0.5766000151634216
Training round: 751		accuracy = 0.5885000228881836
Training round: 752		accuracy = 0.57669997215271
Training round: 753		accuracy = 0.5713000297546387
Training round: 754		accuracy = 0.5619999766349792
Training round: 755		accuracy = 0.5400999784469604
Training round: 756		accuracy = 0.4821000099182129
Training round: 757		accuracy = 0.6036999821662903
Training round: 758		accuracy = 0.5834000110626221
Training round: 759		accuracy = 0.534500002861023
Training round: 760		accuracy = 0.5565000176429749
Training round: 761		accuracy = 0.5512999892234802
Training round: 762		accuracy = 0.5612000226974487
Training round: 763		accuracy = 0.5654000043869019
Training round: 764		accuracy = 0.598800003528595
Training round: 765		accuracy = 0.5360999703407288
Training round: 766		accuracy = 0.5842999815940857
Training round: 767		accuracy = 0.5001999735832214
Training round: 768		accuracy = 0.5669000148773193
Training round: 769		accuracy = 0.5771999955177307
Training round: 770		accuracy = 0.5766000151634216
Training round: 771		accuracy = 0.5638999938964844
Training round: 772		accuracy = 0.580299973487854
Training round: 773		accuracy = 0.5727999806404114
Training round: 774		accuracy = 0.597599983215332
Training round: 775		accuracy = 0.5935999751091003
Training round: 776		accuracy = 0.6068999767303467
Training round: 777		accuracy = 0.593500018119812
Training round: 778		accuracy = 0.5590000152587891
Training round: 779		accuracy = 0.5773000121116638
Training round: 780		accuracy = 0.5651000142097473
Training round: 781		accuracy = 0.5831999778747559
Training round: 782		accuracy = 0.6014999747276306
Training round: 783		accuracy = 0.5899999737739563
Training round: 784		accuracy = 0.5861999988555908
Training round: 785		accuracy = 0.5665000081062317
Training round: 786		accuracy = 0.5751000046730042
Training round: 787		accuracy = 0.5706999897956848
Training round: 788		accuracy = 0.5884000062942505
Training round: 789		accuracy = 0.5760999917984009
Training round: 790		accuracy = 0.6226000189781189
Training round: 791		accuracy = 0.5940999984741211
Training round: 792		accuracy = 0.6128000020980835
Training round: 793		accuracy = 0.5960000157356262
Training round: 794		accuracy = 0.611299991607666
Training round: 795		accuracy = 0.6057000160217285
Training round: 796		accuracy = 0.5626000165939331
Training round: 797		accuracy = 0.5809999704360962
Training round: 798		accuracy = 0.6014999747276306
Training round: 799		accuracy = 0.5573999881744385
Training round: 800		accuracy = 0.5931000113487244
Training round: 801		accuracy = 0.5742999911308289
Training round: 802		accuracy = 0.6018000245094299
Training round: 803		accuracy = 0.602400004863739
Training round: 804		accuracy = 0.6062999963760376
Training round: 805		accuracy = 0.5849000215530396
Training round: 806		accuracy = 0.5788999795913696
Training round: 807		accuracy = 0.6223999857902527
Training round: 808		accuracy = 0.5914000272750854
Training round: 809		accuracy = 0.5710999965667725
Training round: 810		accuracy = 0.6146000027656555
Training round: 811		accuracy = 0.6140000224113464
Training round: 812		accuracy = 0.5932000279426575
Training round: 813		accuracy = 0.604200005531311
Training round: 814		accuracy = 0.5870000123977661
Training round: 815		accuracy = 0.5945000052452087
Training round: 816		accuracy = 0.42649999260902405
Training round: 817		accuracy = 0.5516999959945679
Training round: 818		accuracy = 0.5791000127792358
Training round: 819		accuracy = 0.579200029373169
Training round: 820		accuracy = 0.5439000129699707
Training round: 821		accuracy = 0.600600004196167
Training round: 822		accuracy = 0.5271000266075134
Training round: 823		accuracy = 0.580299973487854
Training round: 824		accuracy = 0.5338000059127808
Training round: 825		accuracy = 0.5827999711036682
Training round: 826		accuracy = 0.5978000164031982
Training round: 827		accuracy = 0.5733000040054321
Training round: 828		accuracy = 0.5859000086784363
Training round: 829		accuracy = 0.6000000238418579
Training round: 830		accuracy = 0.616100013256073
Training round: 831		accuracy = 0.5952000021934509
Training round: 832		accuracy = 0.5676000118255615
Training round: 833		accuracy = 0.5087000131607056
Training round: 834		accuracy = 0.5767999887466431
Training round: 835		accuracy = 0.5938000082969666
Training round: 836		accuracy = 0.5978999733924866
Training round: 837		accuracy = 0.5519000291824341
Training round: 838		accuracy = 0.5824000239372253
Training round: 839		accuracy = 0.5526000261306763
Training round: 840		accuracy = 0.5489000082015991
Training round: 841		accuracy = 0.5938000082969666
Training round: 842		accuracy = 0.5260000228881836
Training round: 843		accuracy = 0.5683000087738037
Training round: 844		accuracy = 0.5906999707221985
Training round: 845		accuracy = 0.5436999797821045
Training round: 846		accuracy = 0.5719000101089478
Training round: 847		accuracy = 0.6107000112533569
Training round: 848		accuracy = 0.4952000081539154
Training round: 849		accuracy = 0.595300018787384
Training round: 850		accuracy = 0.588699996471405
Training round: 851		accuracy = 0.6057999730110168
Training round: 852		accuracy = 0.5583999752998352
Training round: 853		accuracy = 0.5817999839782715
Training round: 854		accuracy = 0.5828999876976013
Training round: 855		accuracy = 0.5989999771118164
Training round: 856		accuracy = 0.5831999778747559
Training round: 857		accuracy = 0.5357999801635742
Training round: 858		accuracy = 0.5738000273704529
Training round: 859		accuracy = 0.5774999856948853
Training round: 860		accuracy = 0.5748000144958496
Training round: 861		accuracy = 0.5753999948501587
Training round: 862		accuracy = 0.54830002784729
Training round: 863		accuracy = 0.5849999785423279
Training round: 864		accuracy = 0.5812000036239624
Training round: 865		accuracy = 0.5288000106811523
Training round: 866		accuracy = 0.5564000010490417
Training round: 867		accuracy = 0.5921000242233276
Training round: 868		accuracy = 0.6003999710083008
Training round: 869		accuracy = 0.5900999903678894
Training round: 870		accuracy = 0.6000999808311462
Training round: 871		accuracy = 0.6031000018119812
Training round: 872		accuracy = 0.5900999903678894
Training round: 873		accuracy = 0.5875999927520752
Training round: 874		accuracy = 0.6065999865531921
Training round: 875		accuracy = 0.5666000247001648
Training round: 876		accuracy = 0.5989999771118164
Training round: 877		accuracy = 0.6008999943733215
Training round: 878		accuracy = 0.5667999982833862
Training round: 879		accuracy = 0.5544000267982483
Training round: 880		accuracy = 0.5597000122070312
Training round: 881		accuracy = 0.5339999794960022
Training round: 882		accuracy = 0.5512999892234802
Training round: 883		accuracy = 0.5641000270843506
Training round: 884		accuracy = 0.5756000280380249
Training round: 885		accuracy = 0.5619000196456909
Training round: 886		accuracy = 0.5004000067710876
Training round: 887		accuracy = 0.5351999998092651
Training round: 888		accuracy = 0.5070000290870667
Training round: 889		accuracy = 0.5332000255584717
Training round: 890		accuracy = 0.5138999819755554
Training round: 891		accuracy = 0.5667999982833862
Training round: 892		accuracy = 0.5861999988555908
Training round: 893		accuracy = 0.492000013589859
Training round: 894		accuracy = 0.6151999831199646
Training round: 895		accuracy = 0.5331000089645386
Training round: 896		accuracy = 0.5472999811172485
Training round: 897		accuracy = 0.5803999900817871
Training round: 898		accuracy = 0.6111999750137329
Training round: 899		accuracy = 0.5819000005722046
Training round: 900		accuracy = 0.5910999774932861
Training round: 901		accuracy = 0.6029000282287598
Training round: 902		accuracy = 0.5690000057220459
Training round: 903		accuracy = 0.5663999915122986
Training round: 904		accuracy = 0.5745000243186951
Training round: 905		accuracy = 0.569100022315979
Training round: 906		accuracy = 0.5813000202178955
Training round: 907		accuracy = 0.6158000230789185
Training round: 908		accuracy = 0.6011999845504761
Training round: 909		accuracy = 0.6068999767303467
Training round: 910		accuracy = 0.5945000052452087
Training round: 911		accuracy = 0.49230000376701355
Training round: 912		accuracy = 0.5202999711036682
Training round: 913		accuracy = 0.5702000260353088
Training round: 914		accuracy = 0.5943999886512756
Training round: 915		accuracy = 0.58160001039505
Training round: 916		accuracy = 0.5379999876022339
Training round: 917		accuracy = 0.5902000069618225
Training round: 918		accuracy = 0.5435000061988831
Training round: 919		accuracy = 0.58160001039505
Training round: 920		accuracy = 0.5835000276565552
Training round: 921		accuracy = 0.5324000120162964
Training round: 922		accuracy = 0.5544000267982483
Training round: 923		accuracy = 0.4796999990940094
Training round: 924		accuracy = 0.5935999751091003
Training round: 925		accuracy = 0.6032000184059143
Training round: 926		accuracy = 0.5702999830245972
Training round: 927		accuracy = 0.5990999937057495
Training round: 928		accuracy = 0.5893999934196472
Training round: 929		accuracy = 0.517300009727478
Training round: 930		accuracy = 0.5940999984741211
Training round: 931		accuracy = 0.5598999857902527
Training round: 932		accuracy = 0.609499990940094
Training round: 933		accuracy = 0.5752000212669373
Training round: 934		accuracy = 0.5834000110626221
Training round: 935		accuracy = 0.5900999903678894
Training round: 936		accuracy = 0.5745999813079834
Training round: 937		accuracy = 0.5806000232696533
Training round: 938		accuracy = 0.5814999938011169
Training round: 939		accuracy = 0.5906999707221985
Training round: 940		accuracy = 0.6018999814987183
Training round: 941		accuracy = 0.5730000138282776
Training round: 942		accuracy = 0.5406000018119812
Training round: 943		accuracy = 0.5206000208854675
Training round: 944		accuracy = 0.5611000061035156
Training round: 945		accuracy = 0.5659999847412109
Training round: 946		accuracy = 0.5997999906539917
Training round: 947		accuracy = 0.5570999979972839
Training round: 948		accuracy = 0.5218999981880188
Training round: 949		accuracy = 0.5410000085830688
Training round: 950		accuracy = 0.5644000172615051
Training round: 951		accuracy = 0.5206000208854675
Training round: 952		accuracy = 0.5597000122070312
Training round: 953		accuracy = 0.5565000176429749
Training round: 954		accuracy = 0.5792999863624573
Training round: 955		accuracy = 0.611299991607666
Training round: 956		accuracy = 0.6049000024795532
Training round: 957		accuracy = 0.5794000029563904
Training round: 958		accuracy = 0.6055999994277954
Training round: 959		accuracy = 0.5410000085830688
Training round: 960		accuracy = 0.5698999762535095
Training round: 961		accuracy = 0.5906000137329102
Training round: 962		accuracy = 0.5662999749183655
Training round: 963		accuracy = 0.5978000164031982
Training round: 964		accuracy = 0.5580000281333923
Training round: 965		accuracy = 0.566100001335144
Training round: 966		accuracy = 0.5909000039100647
Training round: 967		accuracy = 0.5931000113487244
Training round: 968		accuracy = 0.6036999821662903
Training round: 969		accuracy = 0.5921000242233276
Training round: 970		accuracy = 0.5378999710083008
Training round: 971		accuracy = 0.5830000042915344
Training round: 972		accuracy = 0.5568000078201294
Training round: 973		accuracy = 0.5878999829292297
Training round: 974		accuracy = 0.42579999566078186
Training round: 975		accuracy = 0.5684999823570251
Training round: 976		accuracy = 0.5895000100135803
Training round: 977		accuracy = 0.5412999987602234
Training round: 978		accuracy = 0.5885000228881836
Training round: 979		accuracy = 0.5936999917030334
Training round: 980		accuracy = 0.5231999754905701
Training round: 981		accuracy = 0.5536999702453613
Training round: 982		accuracy = 0.5688999891281128
Training round: 983		accuracy = 0.5921000242233276
Training round: 984		accuracy = 0.5860999822616577
Training round: 985		accuracy = 0.5999000072479248
Training round: 986		accuracy = 0.5636000037193298
Training round: 987		accuracy = 0.5893999934196472
Training round: 988		accuracy = 0.5627999901771545
Training round: 989		accuracy = 0.5778999924659729
Training round: 990		accuracy = 0.5907999873161316
Training round: 991		accuracy = 0.5652999877929688
Training round: 992		accuracy = 0.5375999808311462
Training round: 993		accuracy = 0.5383999943733215
Training round: 994		accuracy = 0.5511000156402588
Training round: 995		accuracy = 0.5658000111579895
Training round: 996		accuracy = 0.5853999853134155
Training round: 997		accuracy = 0.6029999852180481
Training round: 998		accuracy = 0.5260999798774719
Training round: 999		accuracy = 0.5949000120162964
Training round: 1000		accuracy = 0.5837000012397766
Training duration 10031.577812194824
