2021-08-23 15:21:44.082233: I tensorflow/stream_executor/platform/default/dso_loader.cc:49] Successfully opened dynamic library libcudart.so.11.0
2021-08-23 15:22:38.964285: I tensorflow/compiler/jit/xla_cpu_device.cc:41] Not creating XLA devices, tf_xla_enable_xla_devices not set
2021-08-23 15:22:39.141131: I tensorflow/stream_executor/platform/default/dso_loader.cc:49] Successfully opened dynamic library libcuda.so.1
2021-08-23 15:22:39.183816: I tensorflow/core/common_runtime/gpu/gpu_device.cc:1720] Found device 0 with properties: 
pciBusID: 0000:03:00.0 name: Tesla P100-PCIE-12GB computeCapability: 6.0
coreClock: 1.3285GHz coreCount: 56 deviceMemorySize: 11.91GiB deviceMemoryBandwidth: 511.41GiB/s
2021-08-23 15:22:39.184258: I tensorflow/stream_executor/platform/default/dso_loader.cc:49] Successfully opened dynamic library libcudart.so.11.0
2021-08-23 15:22:39.194859: I tensorflow/stream_executor/platform/default/dso_loader.cc:49] Successfully opened dynamic library libcublas.so.11
2021-08-23 15:22:39.195009: I tensorflow/stream_executor/platform/default/dso_loader.cc:49] Successfully opened dynamic library libcublasLt.so.11
2021-08-23 15:22:39.200935: I tensorflow/stream_executor/platform/default/dso_loader.cc:49] Successfully opened dynamic library libcufft.so.10
2021-08-23 15:22:39.203707: I tensorflow/stream_executor/platform/default/dso_loader.cc:49] Successfully opened dynamic library libcurand.so.10
2021-08-23 15:22:39.212490: I tensorflow/stream_executor/platform/default/dso_loader.cc:49] Successfully opened dynamic library libcusolver.so.10
2021-08-23 15:22:39.214784: I tensorflow/stream_executor/platform/default/dso_loader.cc:49] Successfully opened dynamic library libcusparse.so.11
2021-08-23 15:22:39.215795: I tensorflow/stream_executor/platform/default/dso_loader.cc:49] Successfully opened dynamic library libcudnn.so.8
2021-08-23 15:22:39.218789: I tensorflow/core/common_runtime/gpu/gpu_device.cc:1862] Adding visible gpu devices: 0
2021-08-23 15:22:39.249189: I tensorflow/core/platform/cpu_feature_guard.cc:142] This TensorFlow binary is optimized with oneAPI Deep Neural Network Library (oneDNN) to use the following CPU instructions in performance-critical operations:  AVX2 FMA
To enable them in other operations, rebuild TensorFlow with the appropriate compiler flags.
2021-08-23 15:22:39.249691: I tensorflow/compiler/jit/xla_gpu_device.cc:99] Not creating XLA devices, tf_xla_enable_xla_devices not set
2021-08-23 15:22:39.251616: I tensorflow/core/common_runtime/gpu/gpu_device.cc:1720] Found device 0 with properties: 
pciBusID: 0000:03:00.0 name: Tesla P100-PCIE-12GB computeCapability: 6.0
coreClock: 1.3285GHz coreCount: 56 deviceMemorySize: 11.91GiB deviceMemoryBandwidth: 511.41GiB/s
2021-08-23 15:22:39.251742: I tensorflow/stream_executor/platform/default/dso_loader.cc:49] Successfully opened dynamic library libcudart.so.11.0
2021-08-23 15:22:39.251840: I tensorflow/stream_executor/platform/default/dso_loader.cc:49] Successfully opened dynamic library libcublas.so.11
2021-08-23 15:22:39.251930: I tensorflow/stream_executor/platform/default/dso_loader.cc:49] Successfully opened dynamic library libcublasLt.so.11
2021-08-23 15:22:39.252036: I tensorflow/stream_executor/platform/default/dso_loader.cc:49] Successfully opened dynamic library libcufft.so.10
2021-08-23 15:22:39.252147: I tensorflow/stream_executor/platform/default/dso_loader.cc:49] Successfully opened dynamic library libcurand.so.10
2021-08-23 15:22:39.252275: I tensorflow/stream_executor/platform/default/dso_loader.cc:49] Successfully opened dynamic library libcusolver.so.10
2021-08-23 15:22:39.252386: I tensorflow/stream_executor/platform/default/dso_loader.cc:49] Successfully opened dynamic library libcusparse.so.11
2021-08-23 15:22:39.252475: I tensorflow/stream_executor/platform/default/dso_loader.cc:49] Successfully opened dynamic library libcudnn.so.8
2021-08-23 15:22:39.255876: I tensorflow/core/common_runtime/gpu/gpu_device.cc:1862] Adding visible gpu devices: 0
2021-08-23 15:22:39.256022: I tensorflow/stream_executor/platform/default/dso_loader.cc:49] Successfully opened dynamic library libcudart.so.11.0
2021-08-23 15:22:40.731469: I tensorflow/core/common_runtime/gpu/gpu_device.cc:1261] Device interconnect StreamExecutor with strength 1 edge matrix:
2021-08-23 15:22:40.732027: I tensorflow/core/common_runtime/gpu/gpu_device.cc:1267]      0 
2021-08-23 15:22:40.732195: I tensorflow/core/common_runtime/gpu/gpu_device.cc:1280] 0:   N 
2021-08-23 15:22:40.741235: I tensorflow/core/common_runtime/gpu/gpu_device.cc:1406] Created TensorFlow device (/job:localhost/replica:0/task:0/device:GPU:0 with 11119 MB memory) -> physical GPU (device: 0, name: Tesla P100-PCIE-12GB, pci bus id: 0000:03:00.0, compute capability: 6.0)
2021-08-23 15:22:54.635283: I tensorflow/compiler/mlir/mlir_graph_optimization_pass.cc:116] None of the MLIR optimization passes are enabled (registered 2)
2021-08-23 15:22:54.638685: I tensorflow/core/platform/profile_utils/cpu_utils.cc:112] CPU Frequency: 2200025000 Hz
2021-08-23 15:22:54.718200: I tensorflow/stream_executor/platform/default/dso_loader.cc:49] Successfully opened dynamic library libcublas.so.11
2021-08-23 15:22:55.092931: I tensorflow/stream_executor/platform/default/dso_loader.cc:49] Successfully opened dynamic library libcublasLt.so.11
2021-08-23 15:22:55.102338: I tensorflow/stream_executor/platform/default/dso_loader.cc:49] Successfully opened dynamic library libcudnn.so.8
2021-08-23 15:22:57.245881: W tensorflow/stream_executor/gpu/asm_compiler.cc:63] Running ptxas --version returned 256
2021-08-23 15:22:57.866247: W tensorflow/stream_executor/gpu/redzone_allocator.cc:314] Internal: ptxas exited with non-zero error code 256, output: 
Relying on driver to perform ptx compilation. 
Modify $PATH to customize ptxas location.
This message will be only logged once.
NoiseMutator started.
NoiseMutator finished.
Training round: 1		accuracy = 0.5884057879447937
Training round: 2		accuracy = 0.5371014475822449
Training round: 3		accuracy = 0.5869565010070801
Training round: 4		accuracy = 0.5742028951644897
Training round: 5		accuracy = 0.5681159496307373
Training round: 6		accuracy = 0.5605797171592712
Training round: 7		accuracy = 0.5431883931159973
Training round: 8		accuracy = 0.5742028951644897
Training round: 9		accuracy = 0.5730434656143188
Training round: 10		accuracy = 0.5750724673271179
Training round: 11		accuracy = 0.5736231803894043
Training round: 12		accuracy = 0.5733333230018616
Training round: 13		accuracy = 0.5779710412025452
Training round: 14		accuracy = 0.5698550939559937
Training round: 15		accuracy = 0.5721738934516907
Training round: 16		accuracy = 0.571884036064148
Training round: 17		accuracy = 0.5924637913703918
Training round: 18		accuracy = 0.5910145044326782
Training round: 19		accuracy = 0.5921739339828491
Training round: 20		accuracy = 0.5904347896575928
Training round: 21		accuracy = 0.5968115925788879
Training round: 22		accuracy = 0.5971014499664307
Training round: 23		accuracy = 0.5962318778038025
Training round: 24		accuracy = 0.5959420204162598
Training round: 25		accuracy = 0.5971014499664307
Training round: 26		accuracy = 0.5991304516792297
Training round: 27		accuracy = 0.5994203090667725
Training round: 28		accuracy = 0.5991304516792297
Training round: 29		accuracy = 0.598840594291687
Training round: 30		accuracy = 0.598840594291687
Training round: 31		accuracy = 0.5985507369041443
Training round: 32		accuracy = 0.5973913073539734
Training round: 33		accuracy = 0.5976811647415161
Training round: 34		accuracy = 0.598840594291687
Training round: 35		accuracy = 0.598840594291687
Training round: 36		accuracy = 0.5991304516792297
Training round: 37		accuracy = 0.5991304516792297
Training round: 38		accuracy = 0.6000000238418579
Training round: 39		accuracy = 0.6002898812294006
Training round: 40		accuracy = 0.5997101664543152
Training round: 41		accuracy = 0.6000000238418579
Training round: 42		accuracy = 0.6000000238418579
Training round: 43		accuracy = 0.6000000238418579
Training round: 44		accuracy = 0.5994203090667725
Training round: 45		accuracy = 0.5991304516792297
Training round: 46		accuracy = 0.5991304516792297
Training round: 47		accuracy = 0.6060869693756104
Training round: 48		accuracy = 0.6188405752182007
Training round: 49		accuracy = 0.620579719543457
Training round: 50		accuracy = 0.6202898621559143
Training round: 51		accuracy = 0.6188405752182007
Training round: 52		accuracy = 0.6191304326057434
Training round: 53		accuracy = 0.6182608604431152
Training round: 54		accuracy = 0.6171014308929443
Training round: 55		accuracy = 0.6153623461723328
Training round: 56		accuracy = 0.6144927740097046
Training round: 57		accuracy = 0.6144927740097046
Training round: 58		accuracy = 0.613043487071991
Training round: 59		accuracy = 0.6133333444595337
Training round: 60		accuracy = 0.61507248878479
Training round: 61		accuracy = 0.6147826313972473
Training round: 62		accuracy = 0.6144927740097046
Training round: 63		accuracy = 0.6153623461723328
Training round: 64		accuracy = 0.6350724697113037
Training round: 65		accuracy = 0.6371014714241028
Training round: 66		accuracy = 0.6388405561447144
Training round: 67		accuracy = 0.6397101283073425
Training round: 68		accuracy = 0.6397101283073425
Training round: 69		accuracy = 0.6388405561447144
Training round: 70		accuracy = 0.6382608413696289
Training round: 71		accuracy = 0.6397101283073425
Training round: 72		accuracy = 0.6373913288116455
Training round: 73		accuracy = 0.6359420418739319
Training round: 74		accuracy = 0.6362318992614746
Training round: 75		accuracy = 0.6371014714241028
Training round: 76		accuracy = 0.6368116140365601
Training round: 77		accuracy = 0.6376811861991882
Training round: 78		accuracy = 0.637971043586731
Training round: 79		accuracy = 0.6373913288116455
Training round: 80		accuracy = 0.6388405561447144
Training round: 81		accuracy = 0.6399999856948853
Training round: 82		accuracy = 0.6388405561447144
Training round: 83		accuracy = 0.6388405561447144
Training round: 84		accuracy = 0.6394202709197998
Training round: 85		accuracy = 0.6388405561447144
Training round: 86		accuracy = 0.6394202709197998
Training round: 87		accuracy = 0.6394202709197998
Training round: 88		accuracy = 0.6394202709197998
Training round: 89		accuracy = 0.6385506987571716
Training round: 90		accuracy = 0.6382608413696289
Training round: 91		accuracy = 0.6382608413696289
Training round: 92		accuracy = 0.6385506987571716
Training round: 93		accuracy = 0.6385506987571716
Training round: 94		accuracy = 0.6385506987571716
Training round: 95		accuracy = 0.637971043586731
Training round: 96		accuracy = 0.637971043586731
Training round: 97		accuracy = 0.6376811861991882
Training round: 98		accuracy = 0.6281159520149231
Training round: 99		accuracy = 0.6359420418739319
Training round: 100		accuracy = 0.6339130401611328
Training duration 8590.231707334518
