2021-08-23 17:28:46.765743: I tensorflow/stream_executor/platform/default/dso_loader.cc:49] Successfully opened dynamic library libcudart.so.11.0
2021-08-23 17:29:03.463794: I tensorflow/compiler/jit/xla_cpu_device.cc:41] Not creating XLA devices, tf_xla_enable_xla_devices not set
2021-08-23 17:29:03.468192: I tensorflow/stream_executor/platform/default/dso_loader.cc:49] Successfully opened dynamic library libcuda.so.1
2021-08-23 17:29:03.522043: I tensorflow/core/common_runtime/gpu/gpu_device.cc:1720] Found device 0 with properties: 
pciBusID: 0000:3b:00.0 name: Tesla V100-SXM2-32GB computeCapability: 7.0
coreClock: 1.53GHz coreCount: 80 deviceMemorySize: 31.75GiB deviceMemoryBandwidth: 836.37GiB/s
2021-08-23 17:29:03.522720: I tensorflow/stream_executor/platform/default/dso_loader.cc:49] Successfully opened dynamic library libcudart.so.11.0
2021-08-23 17:29:03.533339: I tensorflow/stream_executor/platform/default/dso_loader.cc:49] Successfully opened dynamic library libcublas.so.11
2021-08-23 17:29:03.533472: I tensorflow/stream_executor/platform/default/dso_loader.cc:49] Successfully opened dynamic library libcublasLt.so.11
2021-08-23 17:29:03.539048: I tensorflow/stream_executor/platform/default/dso_loader.cc:49] Successfully opened dynamic library libcufft.so.10
2021-08-23 17:29:03.541673: I tensorflow/stream_executor/platform/default/dso_loader.cc:49] Successfully opened dynamic library libcurand.so.10
2021-08-23 17:29:03.550070: I tensorflow/stream_executor/platform/default/dso_loader.cc:49] Successfully opened dynamic library libcusolver.so.10
2021-08-23 17:29:03.552366: I tensorflow/stream_executor/platform/default/dso_loader.cc:49] Successfully opened dynamic library libcusparse.so.11
2021-08-23 17:29:03.553465: I tensorflow/stream_executor/platform/default/dso_loader.cc:49] Successfully opened dynamic library libcudnn.so.8
2021-08-23 17:29:03.558617: I tensorflow/core/common_runtime/gpu/gpu_device.cc:1862] Adding visible gpu devices: 0
2021-08-23 17:29:03.560207: I tensorflow/core/platform/cpu_feature_guard.cc:142] This TensorFlow binary is optimized with oneAPI Deep Neural Network Library (oneDNN) to use the following CPU instructions in performance-critical operations:  AVX2 AVX512F FMA
To enable them in other operations, rebuild TensorFlow with the appropriate compiler flags.
2021-08-23 17:29:03.560611: I tensorflow/compiler/jit/xla_gpu_device.cc:99] Not creating XLA devices, tf_xla_enable_xla_devices not set
2021-08-23 17:29:03.563025: I tensorflow/core/common_runtime/gpu/gpu_device.cc:1720] Found device 0 with properties: 
pciBusID: 0000:3b:00.0 name: Tesla V100-SXM2-32GB computeCapability: 7.0
coreClock: 1.53GHz coreCount: 80 deviceMemorySize: 31.75GiB deviceMemoryBandwidth: 836.37GiB/s
2021-08-23 17:29:03.563102: I tensorflow/stream_executor/platform/default/dso_loader.cc:49] Successfully opened dynamic library libcudart.so.11.0
2021-08-23 17:29:03.563160: I tensorflow/stream_executor/platform/default/dso_loader.cc:49] Successfully opened dynamic library libcublas.so.11
2021-08-23 17:29:03.563212: I tensorflow/stream_executor/platform/default/dso_loader.cc:49] Successfully opened dynamic library libcublasLt.so.11
2021-08-23 17:29:03.563265: I tensorflow/stream_executor/platform/default/dso_loader.cc:49] Successfully opened dynamic library libcufft.so.10
2021-08-23 17:29:03.563312: I tensorflow/stream_executor/platform/default/dso_loader.cc:49] Successfully opened dynamic library libcurand.so.10
2021-08-23 17:29:03.563364: I tensorflow/stream_executor/platform/default/dso_loader.cc:49] Successfully opened dynamic library libcusolver.so.10
2021-08-23 17:29:03.563441: I tensorflow/stream_executor/platform/default/dso_loader.cc:49] Successfully opened dynamic library libcusparse.so.11
2021-08-23 17:29:03.563492: I tensorflow/stream_executor/platform/default/dso_loader.cc:49] Successfully opened dynamic library libcudnn.so.8
2021-08-23 17:29:03.568065: I tensorflow/core/common_runtime/gpu/gpu_device.cc:1862] Adding visible gpu devices: 0
2021-08-23 17:29:03.568163: I tensorflow/stream_executor/platform/default/dso_loader.cc:49] Successfully opened dynamic library libcudart.so.11.0
2021-08-23 17:29:04.685957: I tensorflow/core/common_runtime/gpu/gpu_device.cc:1261] Device interconnect StreamExecutor with strength 1 edge matrix:
2021-08-23 17:29:04.686166: I tensorflow/core/common_runtime/gpu/gpu_device.cc:1267]      0 
2021-08-23 17:29:04.686314: I tensorflow/core/common_runtime/gpu/gpu_device.cc:1280] 0:   N 
2021-08-23 17:29:04.697984: I tensorflow/core/common_runtime/gpu/gpu_device.cc:1406] Created TensorFlow device (/job:localhost/replica:0/task:0/device:GPU:0 with 30130 MB memory) -> physical GPU (device: 0, name: Tesla V100-SXM2-32GB, pci bus id: 0000:3b:00.0, compute capability: 7.0)
2021-08-23 17:29:12.267151: I tensorflow/compiler/mlir/mlir_graph_optimization_pass.cc:116] None of the MLIR optimization passes are enabled (registered 2)
2021-08-23 17:29:12.273952: I tensorflow/core/platform/profile_utils/cpu_utils.cc:112] CPU Frequency: 2100000000 Hz
2021-08-23 17:29:12.379290: I tensorflow/stream_executor/platform/default/dso_loader.cc:49] Successfully opened dynamic library libcublas.so.11
2021-08-23 17:29:12.984210: I tensorflow/stream_executor/platform/default/dso_loader.cc:49] Successfully opened dynamic library libcublasLt.so.11
2021-08-23 17:29:13.005874: I tensorflow/stream_executor/platform/default/dso_loader.cc:49] Successfully opened dynamic library libcudnn.so.8
2021-08-23 17:29:15.659771: W tensorflow/stream_executor/gpu/asm_compiler.cc:63] Running ptxas --version returned 256
2021-08-23 17:29:15.778118: W tensorflow/stream_executor/gpu/redzone_allocator.cc:314] Internal: ptxas exited with non-zero error code 256, output: 
Relying on driver to perform ptx compilation. 
Modify $PATH to customize ptxas location.
This message will be only logged once.
Training round: 1		accuracy = 0.5837681293487549
Training round: 2		accuracy = 0.6362318992614746
Training round: 3		accuracy = 0.6159420013427734
Training round: 4		accuracy = 0.6211594343185425
Training round: 5		accuracy = 0.6562318801879883
Training round: 6		accuracy = 0.6547825932502747
Training round: 7		accuracy = 0.6539130210876465
Training round: 8		accuracy = 0.6608695387840271
Training round: 9		accuracy = 0.46753624081611633
Training round: 10		accuracy = 0.6521739363670349
Training round: 11		accuracy = 0.659710168838501
Training round: 12		accuracy = 0.6678261160850525
Training round: 13		accuracy = 0.6846376657485962
Training round: 14		accuracy = 0.6695652008056641
Training round: 15		accuracy = 0.6655072569847107
Training round: 16		accuracy = 0.6747826337814331
Training round: 17		accuracy = 0.678260862827301
Training round: 18		accuracy = 0.5944927334785461
Training round: 19		accuracy = 0.6600000262260437
Training round: 20		accuracy = 0.6681159138679504
Training round: 21		accuracy = 0.6918840408325195
Training round: 22		accuracy = 0.6834782361984253
Training round: 23		accuracy = 0.6910144686698914
Training round: 24		accuracy = 0.6933333277702332
Training round: 25		accuracy = 0.6936231851577759
Training round: 26		accuracy = 0.6915941834449768
Training round: 27		accuracy = 0.692463755607605
Training round: 28		accuracy = 0.5828985571861267
Training round: 29		accuracy = 0.6750724911689758
Training round: 30		accuracy = 0.683768093585968
Training round: 31		accuracy = 0.6898550987243652
Training round: 32		accuracy = 0.6913043260574341
Training round: 33		accuracy = 0.6962319016456604
Training round: 34		accuracy = 0.697970986366272
Training round: 35		accuracy = 0.6997101306915283
Training round: 36		accuracy = 0.7026087045669556
Training round: 37		accuracy = 0.7014492750167847
Training round: 38		accuracy = 0.7017391324043274
Training round: 39		accuracy = 0.703188419342041
Training round: 40		accuracy = 0.7028985619544983
Training round: 41		accuracy = 0.6524637937545776
Training round: 42		accuracy = 0.6942028999328613
Training round: 43		accuracy = 0.7005797028541565
Training round: 44		accuracy = 0.7011594176292419
Training round: 45		accuracy = 0.7069565057754517
Training round: 46		accuracy = 0.7060869336128235
Training round: 47		accuracy = 0.7063767910003662
Training round: 48		accuracy = 0.5828985571861267
Training round: 49		accuracy = 0.6918840408325195
Training round: 50		accuracy = 0.6991304159164429
Training round: 51		accuracy = 0.7043478488922119
Training round: 52		accuracy = 0.7043478488922119
Training round: 53		accuracy = 0.705507218837738
Training round: 54		accuracy = 0.7072463631629944
Training round: 55		accuracy = 0.7110145092010498
Training round: 56		accuracy = 0.7121739387512207
Training round: 57		accuracy = 0.7127535939216614
Training round: 58		accuracy = 0.7139130234718323
Training round: 59		accuracy = 0.7113043665885925
Training round: 60		accuracy = 0.7121739387512207
Training round: 61		accuracy = 0.711884081363678
Training round: 62		accuracy = 0.7127535939216614
Training round: 63		accuracy = 0.7133333086967468
Training round: 64		accuracy = 0.7133333086967468
Training round: 65		accuracy = 0.7136231660842896
Training round: 66		accuracy = 0.7130434513092041
Training round: 67		accuracy = 0.7139130234718323
Training round: 68		accuracy = 0.7147825956344604
Training round: 69		accuracy = 0.7150724530220032
Training round: 70		accuracy = 0.7153623104095459
Training round: 71		accuracy = 0.7156521677970886
Training round: 72		accuracy = 0.7156521677970886
Training round: 73		accuracy = 0.7156521677970886
Training round: 74		accuracy = 0.7147825956344604
Training round: 75		accuracy = 0.7162318825721741
Training round: 76		accuracy = 0.7162318825721741
Training round: 77		accuracy = 0.6008695363998413
Training round: 78		accuracy = 0.7002898454666138
Training round: 79		accuracy = 0.7043478488922119
Training round: 80		accuracy = 0.705507218837738
Training round: 81		accuracy = 0.7078260779380798
Training round: 82		accuracy = 0.7084057927131653
Training round: 83		accuracy = 0.7089855074882507
Training round: 84		accuracy = 0.711884081363678
Training round: 85		accuracy = 0.7121739387512207
Training round: 86		accuracy = 0.7127535939216614
Training round: 87		accuracy = 0.7127535939216614
Training round: 88		accuracy = 0.7124637961387634
Training round: 89		accuracy = 0.7136231660842896
Training round: 90		accuracy = 0.7133333086967468
Training round: 91		accuracy = 0.7144927382469177
Training round: 92		accuracy = 0.7144927382469177
Training round: 93		accuracy = 0.714202880859375
Training round: 94		accuracy = 0.7139130234718323
Training round: 95		accuracy = 0.7130434513092041
Training round: 96		accuracy = 0.7127535939216614
Training round: 97		accuracy = 0.7139130234718323
Training round: 98		accuracy = 0.7136231660842896
Training round: 99		accuracy = 0.6284058094024658
Training round: 100		accuracy = 0.7081159353256226
Training duration 4351.941324710846
