2021-08-22 19:23:29.415386: I tensorflow/stream_executor/platform/default/dso_loader.cc:49] Successfully opened dynamic library libcudart.so.11.0
2021-08-22 19:24:07.688920: I tensorflow/compiler/jit/xla_cpu_device.cc:41] Not creating XLA devices, tf_xla_enable_xla_devices not set
2021-08-22 19:24:07.692791: I tensorflow/stream_executor/platform/default/dso_loader.cc:49] Successfully opened dynamic library libcuda.so.1
2021-08-22 19:24:07.722753: I tensorflow/core/common_runtime/gpu/gpu_device.cc:1720] Found device 0 with properties: 
pciBusID: 0000:03:00.0 name: Tesla P100-PCIE-12GB computeCapability: 6.0
coreClock: 1.3285GHz coreCount: 56 deviceMemorySize: 11.91GiB deviceMemoryBandwidth: 511.41GiB/s
2021-08-22 19:24:07.723260: I tensorflow/stream_executor/platform/default/dso_loader.cc:49] Successfully opened dynamic library libcudart.so.11.0
2021-08-22 19:24:07.734112: I tensorflow/stream_executor/platform/default/dso_loader.cc:49] Successfully opened dynamic library libcublas.so.11
2021-08-22 19:24:07.734255: I tensorflow/stream_executor/platform/default/dso_loader.cc:49] Successfully opened dynamic library libcublasLt.so.11
2021-08-22 19:24:07.739815: I tensorflow/stream_executor/platform/default/dso_loader.cc:49] Successfully opened dynamic library libcufft.so.10
2021-08-22 19:24:07.742238: I tensorflow/stream_executor/platform/default/dso_loader.cc:49] Successfully opened dynamic library libcurand.so.10
2021-08-22 19:24:07.750564: I tensorflow/stream_executor/platform/default/dso_loader.cc:49] Successfully opened dynamic library libcusolver.so.10
2021-08-22 19:24:07.752768: I tensorflow/stream_executor/platform/default/dso_loader.cc:49] Successfully opened dynamic library libcusparse.so.11
2021-08-22 19:24:07.753632: I tensorflow/stream_executor/platform/default/dso_loader.cc:49] Successfully opened dynamic library libcudnn.so.8
2021-08-22 19:24:07.755930: I tensorflow/core/common_runtime/gpu/gpu_device.cc:1862] Adding visible gpu devices: 0
2021-08-22 19:24:07.771925: I tensorflow/core/platform/cpu_feature_guard.cc:142] This TensorFlow binary is optimized with oneAPI Deep Neural Network Library (oneDNN) to use the following CPU instructions in performance-critical operations:  AVX2 FMA
To enable them in other operations, rebuild TensorFlow with the appropriate compiler flags.
2021-08-22 19:24:07.772418: I tensorflow/compiler/jit/xla_gpu_device.cc:99] Not creating XLA devices, tf_xla_enable_xla_devices not set
2021-08-22 19:24:07.773474: I tensorflow/core/common_runtime/gpu/gpu_device.cc:1720] Found device 0 with properties: 
pciBusID: 0000:03:00.0 name: Tesla P100-PCIE-12GB computeCapability: 6.0
coreClock: 1.3285GHz coreCount: 56 deviceMemorySize: 11.91GiB deviceMemoryBandwidth: 511.41GiB/s
2021-08-22 19:24:07.773563: I tensorflow/stream_executor/platform/default/dso_loader.cc:49] Successfully opened dynamic library libcudart.so.11.0
2021-08-22 19:24:07.773668: I tensorflow/stream_executor/platform/default/dso_loader.cc:49] Successfully opened dynamic library libcublas.so.11
2021-08-22 19:24:07.773766: I tensorflow/stream_executor/platform/default/dso_loader.cc:49] Successfully opened dynamic library libcublasLt.so.11
2021-08-22 19:24:07.773869: I tensorflow/stream_executor/platform/default/dso_loader.cc:49] Successfully opened dynamic library libcufft.so.10
2021-08-22 19:24:07.773980: I tensorflow/stream_executor/platform/default/dso_loader.cc:49] Successfully opened dynamic library libcurand.so.10
2021-08-22 19:24:07.774060: I tensorflow/stream_executor/platform/default/dso_loader.cc:49] Successfully opened dynamic library libcusolver.so.10
2021-08-22 19:24:07.774156: I tensorflow/stream_executor/platform/default/dso_loader.cc:49] Successfully opened dynamic library libcusparse.so.11
2021-08-22 19:24:07.774229: I tensorflow/stream_executor/platform/default/dso_loader.cc:49] Successfully opened dynamic library libcudnn.so.8
2021-08-22 19:24:07.776019: I tensorflow/core/common_runtime/gpu/gpu_device.cc:1862] Adding visible gpu devices: 0
2021-08-22 19:24:07.776140: I tensorflow/stream_executor/platform/default/dso_loader.cc:49] Successfully opened dynamic library libcudart.so.11.0
2021-08-22 19:24:09.261238: I tensorflow/core/common_runtime/gpu/gpu_device.cc:1261] Device interconnect StreamExecutor with strength 1 edge matrix:
2021-08-22 19:24:09.261438: I tensorflow/core/common_runtime/gpu/gpu_device.cc:1267]      0 
2021-08-22 19:24:09.261575: I tensorflow/core/common_runtime/gpu/gpu_device.cc:1280] 0:   N 
2021-08-22 19:24:09.281214: I tensorflow/core/common_runtime/gpu/gpu_device.cc:1406] Created TensorFlow device (/job:localhost/replica:0/task:0/device:GPU:0 with 11119 MB memory) -> physical GPU (device: 0, name: Tesla P100-PCIE-12GB, pci bus id: 0000:03:00.0, compute capability: 6.0)
2021-08-22 19:24:22.748682: I tensorflow/compiler/mlir/mlir_graph_optimization_pass.cc:116] None of the MLIR optimization passes are enabled (registered 2)
2021-08-22 19:24:22.752808: I tensorflow/core/platform/profile_utils/cpu_utils.cc:112] CPU Frequency: 2200095000 Hz
2021-08-22 19:24:22.832525: I tensorflow/stream_executor/platform/default/dso_loader.cc:49] Successfully opened dynamic library libcublas.so.11
2021-08-22 19:24:23.216301: I tensorflow/stream_executor/platform/default/dso_loader.cc:49] Successfully opened dynamic library libcublasLt.so.11
2021-08-22 19:24:23.225754: I tensorflow/stream_executor/platform/default/dso_loader.cc:49] Successfully opened dynamic library libcudnn.so.8
2021-08-22 19:24:25.038496: W tensorflow/stream_executor/gpu/asm_compiler.cc:63] Running ptxas --version returned 256
2021-08-22 19:24:25.156902: W tensorflow/stream_executor/gpu/redzone_allocator.cc:314] Internal: ptxas exited with non-zero error code 256, output: 
Relying on driver to perform ptx compilation. 
Modify $PATH to customize ptxas location.
This message will be only logged once.
LabelAttacker started.
LabelAttacker finished.
Training round: 1		accuracy = 0.5060869455337524
Training round: 2		accuracy = 0.4272463619709015
Training round: 3		accuracy = 0.41797101497650146
Training round: 4		accuracy = 0.4104347825050354
Training round: 5		accuracy = 0.3933333456516266
Training round: 6		accuracy = 0.37681159377098083
Training round: 7		accuracy = 0.3715941905975342
Training round: 8		accuracy = 0.36550724506378174
Training round: 9		accuracy = 0.37681159377098083
Training round: 10		accuracy = 0.3744927644729614
Training round: 11		accuracy = 0.3562318980693817
Training round: 12		accuracy = 0.36463767290115356
Training round: 13		accuracy = 0.35884058475494385
Training round: 14		accuracy = 0.3579710125923157
Training round: 15		accuracy = 0.3501449227333069
Training round: 16		accuracy = 0.355942040681839
Training round: 17		accuracy = 0.3524637818336487
Training round: 18		accuracy = 0.3515942096710205
Training round: 19		accuracy = 0.3455072343349457
Training round: 20		accuracy = 0.3466666638851166
Training round: 21		accuracy = 0.3457970917224884
Training round: 22		accuracy = 0.34173911809921265
Training round: 23		accuracy = 0.3414492607116699
Training round: 24		accuracy = 0.514202892780304
Training round: 25		accuracy = 0.5846377015113831
Training round: 26		accuracy = 0.5486956238746643
Training round: 27		accuracy = 0.5944927334785461
Training round: 28		accuracy = 0.6127536296844482
Training round: 29		accuracy = 0.6133333444595337
Training round: 30		accuracy = 0.6002898812294006
Training round: 31		accuracy = 0.6194202899932861
Training round: 32		accuracy = 0.618550717830658
Training round: 33		accuracy = 0.6301449537277222
Training round: 34		accuracy = 0.6281159520149231
Training round: 35		accuracy = 0.6376811861991882
Training round: 36		accuracy = 0.6344927549362183
Training round: 37		accuracy = 0.6417391300201416
Training round: 38		accuracy = 0.6414492726325989
Training round: 39		accuracy = 0.6484057903289795
Training round: 40		accuracy = 0.6484057903289795
Training round: 41		accuracy = 0.647826075553894
Training round: 42		accuracy = 0.6469565033912659
Training round: 43		accuracy = 0.6489855051040649
Training round: 44		accuracy = 0.6507246494293213
Training round: 45		accuracy = 0.651014506816864
Training round: 46		accuracy = 0.6513043642044067
Training round: 47		accuracy = 0.6504347920417786
Training round: 48		accuracy = 0.6498550772666931
Training round: 49		accuracy = 0.6501449346542358
Training round: 50		accuracy = 0.6486956477165222
Training round: 51		accuracy = 0.6492753624916077
Training round: 52		accuracy = 0.6524637937545776
Training round: 53		accuracy = 0.653333306312561
Training round: 54		accuracy = 0.6527536511421204
Training round: 55		accuracy = 0.3811594247817993
Training round: 56		accuracy = 0.5869565010070801
Training round: 57		accuracy = 0.5968115925788879
Training round: 58		accuracy = 0.5994203090667725
Training round: 59		accuracy = 0.6069565415382385
Training round: 60		accuracy = 0.6110144853591919
Training round: 61		accuracy = 0.6228985786437988
Training round: 62		accuracy = 0.6194202899932861
Training round: 63		accuracy = 0.624057948589325
Training round: 64		accuracy = 0.6249275207519531
Training round: 65		accuracy = 0.6249275207519531
Training round: 66		accuracy = 0.6246376633644104
Training round: 67		accuracy = 0.6252173781394958
Training round: 68		accuracy = 0.6272463798522949
Training round: 69		accuracy = 0.6272463798522949
Training round: 70		accuracy = 0.6278260946273804
Training round: 71		accuracy = 0.6263768076896667
Training round: 72		accuracy = 0.37565216422080994
Training round: 73		accuracy = 0.5773913264274597
Training round: 74		accuracy = 0.5802898406982422
Training round: 75		accuracy = 0.5898550748825073
Training round: 76		accuracy = 0.593623161315918
Training round: 77		accuracy = 0.5965217351913452
Training round: 78		accuracy = 0.6000000238418579
Training round: 79		accuracy = 0.45043477416038513
Training round: 80		accuracy = 0.573913037776947
Training round: 81		accuracy = 0.5788405537605286
Training round: 82		accuracy = 0.5808695554733276
Training round: 83		accuracy = 0.5840579867362976
Training round: 84		accuracy = 0.5884057879447937
Training round: 85		accuracy = 0.5886956453323364
Training round: 86		accuracy = 0.5895652174949646
Training round: 87		accuracy = 0.5904347896575928
Training round: 88		accuracy = 0.5918840765953064
Training round: 89		accuracy = 0.5918840765953064
Training round: 90		accuracy = 0.5939130187034607
Training round: 91		accuracy = 0.5950724482536316
Training round: 92		accuracy = 0.595652163028717
Training round: 93		accuracy = 0.5959420204162598
Training round: 94		accuracy = 0.5979710221290588
Training round: 95		accuracy = 0.5973913073539734
Training round: 96		accuracy = 0.5979710221290588
Training round: 97		accuracy = 0.5985507369041443
Training round: 98		accuracy = 0.5985507369041443
Training round: 99		accuracy = 0.42695653438568115
Training round: 100		accuracy = 0.5707246661186218
Training duration 7347.128475427628
