2021-08-22 19:59:17.623401: I tensorflow/stream_executor/platform/default/dso_loader.cc:49] Successfully opened dynamic library libcudart.so.11.0
2021-08-22 19:59:49.834842: I tensorflow/compiler/jit/xla_cpu_device.cc:41] Not creating XLA devices, tf_xla_enable_xla_devices not set
2021-08-22 19:59:49.841605: I tensorflow/stream_executor/platform/default/dso_loader.cc:49] Successfully opened dynamic library libcuda.so.1
2021-08-22 19:59:49.878106: I tensorflow/core/common_runtime/gpu/gpu_device.cc:1720] Found device 0 with properties: 
pciBusID: 0000:04:00.0 name: Tesla P100-PCIE-12GB computeCapability: 6.0
coreClock: 1.3285GHz coreCount: 56 deviceMemorySize: 11.91GiB deviceMemoryBandwidth: 511.41GiB/s
2021-08-22 19:59:49.878544: I tensorflow/stream_executor/platform/default/dso_loader.cc:49] Successfully opened dynamic library libcudart.so.11.0
2021-08-22 19:59:49.889818: I tensorflow/stream_executor/platform/default/dso_loader.cc:49] Successfully opened dynamic library libcublas.so.11
2021-08-22 19:59:49.889952: I tensorflow/stream_executor/platform/default/dso_loader.cc:49] Successfully opened dynamic library libcublasLt.so.11
2021-08-22 19:59:49.895784: I tensorflow/stream_executor/platform/default/dso_loader.cc:49] Successfully opened dynamic library libcufft.so.10
2021-08-22 19:59:49.898591: I tensorflow/stream_executor/platform/default/dso_loader.cc:49] Successfully opened dynamic library libcurand.so.10
2021-08-22 19:59:49.906835: I tensorflow/stream_executor/platform/default/dso_loader.cc:49] Successfully opened dynamic library libcusolver.so.10
2021-08-22 19:59:49.909198: I tensorflow/stream_executor/platform/default/dso_loader.cc:49] Successfully opened dynamic library libcusparse.so.11
2021-08-22 19:59:49.910069: I tensorflow/stream_executor/platform/default/dso_loader.cc:49] Successfully opened dynamic library libcudnn.so.8
2021-08-22 19:59:49.912499: I tensorflow/core/common_runtime/gpu/gpu_device.cc:1862] Adding visible gpu devices: 0
2021-08-22 19:59:49.917235: I tensorflow/core/platform/cpu_feature_guard.cc:142] This TensorFlow binary is optimized with oneAPI Deep Neural Network Library (oneDNN) to use the following CPU instructions in performance-critical operations:  AVX2 FMA
To enable them in other operations, rebuild TensorFlow with the appropriate compiler flags.
2021-08-22 19:59:49.917679: I tensorflow/compiler/jit/xla_gpu_device.cc:99] Not creating XLA devices, tf_xla_enable_xla_devices not set
2021-08-22 19:59:49.918791: I tensorflow/core/common_runtime/gpu/gpu_device.cc:1720] Found device 0 with properties: 
pciBusID: 0000:04:00.0 name: Tesla P100-PCIE-12GB computeCapability: 6.0
coreClock: 1.3285GHz coreCount: 56 deviceMemorySize: 11.91GiB deviceMemoryBandwidth: 511.41GiB/s
2021-08-22 19:59:49.918899: I tensorflow/stream_executor/platform/default/dso_loader.cc:49] Successfully opened dynamic library libcudart.so.11.0
2021-08-22 19:59:49.918995: I tensorflow/stream_executor/platform/default/dso_loader.cc:49] Successfully opened dynamic library libcublas.so.11
2021-08-22 19:59:49.919089: I tensorflow/stream_executor/platform/default/dso_loader.cc:49] Successfully opened dynamic library libcublasLt.so.11
2021-08-22 19:59:49.919178: I tensorflow/stream_executor/platform/default/dso_loader.cc:49] Successfully opened dynamic library libcufft.so.10
2021-08-22 19:59:49.919238: I tensorflow/stream_executor/platform/default/dso_loader.cc:49] Successfully opened dynamic library libcurand.so.10
2021-08-22 19:59:49.919350: I tensorflow/stream_executor/platform/default/dso_loader.cc:49] Successfully opened dynamic library libcusolver.so.10
2021-08-22 19:59:49.919448: I tensorflow/stream_executor/platform/default/dso_loader.cc:49] Successfully opened dynamic library libcusparse.so.11
2021-08-22 19:59:49.919542: I tensorflow/stream_executor/platform/default/dso_loader.cc:49] Successfully opened dynamic library libcudnn.so.8
2021-08-22 19:59:49.921306: I tensorflow/core/common_runtime/gpu/gpu_device.cc:1862] Adding visible gpu devices: 0
2021-08-22 19:59:49.921435: I tensorflow/stream_executor/platform/default/dso_loader.cc:49] Successfully opened dynamic library libcudart.so.11.0
2021-08-22 19:59:51.205869: I tensorflow/core/common_runtime/gpu/gpu_device.cc:1261] Device interconnect StreamExecutor with strength 1 edge matrix:
2021-08-22 19:59:51.206052: I tensorflow/core/common_runtime/gpu/gpu_device.cc:1267]      0 
2021-08-22 19:59:51.206157: I tensorflow/core/common_runtime/gpu/gpu_device.cc:1280] 0:   N 
2021-08-22 19:59:51.215522: I tensorflow/core/common_runtime/gpu/gpu_device.cc:1406] Created TensorFlow device (/job:localhost/replica:0/task:0/device:GPU:0 with 11119 MB memory) -> physical GPU (device: 0, name: Tesla P100-PCIE-12GB, pci bus id: 0000:04:00.0, compute capability: 6.0)
2021-08-22 20:00:05.379715: I tensorflow/compiler/mlir/mlir_graph_optimization_pass.cc:116] None of the MLIR optimization passes are enabled (registered 2)
2021-08-22 20:00:05.383145: I tensorflow/core/platform/profile_utils/cpu_utils.cc:112] CPU Frequency: 2199880000 Hz
2021-08-22 20:00:05.462198: I tensorflow/stream_executor/platform/default/dso_loader.cc:49] Successfully opened dynamic library libcublas.so.11
2021-08-22 20:00:05.867649: I tensorflow/stream_executor/platform/default/dso_loader.cc:49] Successfully opened dynamic library libcublasLt.so.11
2021-08-22 20:00:05.877648: I tensorflow/stream_executor/platform/default/dso_loader.cc:49] Successfully opened dynamic library libcudnn.so.8
2021-08-22 20:00:08.086027: W tensorflow/stream_executor/gpu/asm_compiler.cc:63] Running ptxas --version returned 256
2021-08-22 20:00:08.578513: W tensorflow/stream_executor/gpu/redzone_allocator.cc:314] Internal: ptxas exited with non-zero error code 256, output: 
Relying on driver to perform ptx compilation. 
Modify $PATH to customize ptxas location.
This message will be only logged once.
OverlapMutator started.
OverlapMutator finished.
Training round: 1		accuracy = 0.43159419298171997
Training round: 2		accuracy = 0.3762318789958954
Training round: 3		accuracy = 0.38840579986572266
Training round: 4		accuracy = 0.44956523180007935
Training round: 5		accuracy = 0.4060869514942169
Training round: 6		accuracy = 0.4147826135158539
Training round: 7		accuracy = 0.44521740078926086
Training round: 8		accuracy = 0.47826087474823
Training round: 9		accuracy = 0.4649275243282318
Training round: 10		accuracy = 0.44376811385154724
Training round: 11		accuracy = 0.4284057915210724
Training round: 12		accuracy = 0.4547826051712036
Training round: 13		accuracy = 0.4681159555912018
Training round: 14		accuracy = 0.5026087164878845
Training round: 15		accuracy = 0.4342029094696045
Training round: 16		accuracy = 0.4669565260410309
Training round: 17		accuracy = 0.4611594080924988
Training round: 18		accuracy = 0.47014492750167847
Training round: 19		accuracy = 0.4759420156478882
Training round: 20		accuracy = 0.47130435705184937
Training round: 21		accuracy = 0.46521738171577454
Training round: 22		accuracy = 0.47130435705184937
Training round: 23		accuracy = 0.4724637567996979
Training round: 24		accuracy = 0.5417391061782837
Training round: 25		accuracy = 0.4582608640193939
Training round: 26		accuracy = 0.4762318730354309
Training round: 27		accuracy = 0.4692753553390503
Training round: 28		accuracy = 0.47333332896232605
Training round: 29		accuracy = 0.5052173733711243
Training round: 30		accuracy = 0.4997101426124573
Training round: 31		accuracy = 0.47217389941215515
Training round: 32		accuracy = 0.5313043594360352
Training round: 33		accuracy = 0.5171014666557312
Training round: 34		accuracy = 0.48811593651771545
Training round: 35		accuracy = 0.4953623116016388
Training round: 36		accuracy = 0.4988405704498291
Training round: 37		accuracy = 0.482028990983963
Training round: 38		accuracy = 0.5095652341842651
Training round: 39		accuracy = 0.47884058952331543
Training round: 40		accuracy = 0.5231884121894836
Training round: 41		accuracy = 0.4828985631465912
Training round: 42		accuracy = 0.4759420156478882
Training round: 43		accuracy = 0.46869564056396484
Training round: 44		accuracy = 0.5165217518806458
Training round: 45		accuracy = 0.47913044691085815
Training round: 46		accuracy = 0.5084058046340942
Training round: 47		accuracy = 0.5026087164878845
Training round: 48		accuracy = 0.5382608771324158
Training round: 49		accuracy = 0.4965217411518097
Training round: 50		accuracy = 0.5353623032569885
Training round: 51		accuracy = 0.5397101640701294
Training round: 52		accuracy = 0.5191304087638855
Training round: 53		accuracy = 0.5014492869377136
Training round: 54		accuracy = 0.5043478012084961
Training round: 55		accuracy = 0.5382608771324158
Training round: 56		accuracy = 0.5034782886505127
Training round: 57		accuracy = 0.5191304087638855
Training round: 58		accuracy = 0.5237681269645691
Training round: 59		accuracy = 0.5188405513763428
Training round: 60		accuracy = 0.5165217518806458
Training round: 61		accuracy = 0.5295652151107788
Training round: 62		accuracy = 0.5440579652786255
Training round: 63		accuracy = 0.5084058046340942
Training round: 64		accuracy = 0.5237681269645691
Training round: 65		accuracy = 0.5457971096038818
Training round: 66		accuracy = 0.5301449298858643
Training round: 67		accuracy = 0.5478261113166809
Training round: 68		accuracy = 0.5002898573875427
Training round: 69		accuracy = 0.5237681269645691
Training round: 70		accuracy = 0.4944927394390106
Training round: 71		accuracy = 0.5228985548019409
Training round: 72		accuracy = 0.5159420371055603
Training round: 73		accuracy = 0.5510144829750061
Training round: 74		accuracy = 0.510724663734436
Training round: 75		accuracy = 0.5014492869377136
Training round: 76		accuracy = 0.5327536463737488
Training round: 77		accuracy = 0.5353623032569885
Training round: 78		accuracy = 0.5428985357284546
Training round: 79		accuracy = 0.5431883931159973
Training round: 80		accuracy = 0.5353623032569885
Training round: 81		accuracy = 0.5382608771324158
Training round: 82		accuracy = 0.5504347681999207
Training round: 83		accuracy = 0.541449248790741
Training round: 84		accuracy = 0.5602898597717285
Training round: 85		accuracy = 0.5452173948287964
Training round: 86		accuracy = 0.5286956429481506
Training round: 87		accuracy = 0.5356521606445312
Training round: 88		accuracy = 0.5675362348556519
Training round: 89		accuracy = 0.5405797362327576
Training round: 90		accuracy = 0.5498550534248352
Training round: 91		accuracy = 0.5385507345199585
Training round: 92		accuracy = 0.5292753577232361
Training round: 93		accuracy = 0.5542029142379761
Training round: 94		accuracy = 0.5275362133979797
Training round: 95		accuracy = 0.5394203066825867
Training round: 96		accuracy = 0.582608699798584
Training round: 97		accuracy = 0.5321739315986633
Training round: 98		accuracy = 0.5481159687042236
Training round: 99		accuracy = 0.5237681269645691
Training round: 100		accuracy = 0.5455072522163391
Training duration 9864.136515378952
