2021-08-11 05:51:04.266612: I tensorflow/stream_executor/platform/default/dso_loader.cc:49] Successfully opened dynamic library libcudart.so.11.0
2021-08-11 05:51:10.476183: I tensorflow/compiler/jit/xla_cpu_device.cc:41] Not creating XLA devices, tf_xla_enable_xla_devices not set
2021-08-11 05:51:10.481368: I tensorflow/stream_executor/platform/default/dso_loader.cc:49] Successfully opened dynamic library libcuda.so.1
2021-08-11 05:51:10.565080: I tensorflow/core/common_runtime/gpu/gpu_device.cc:1720] Found device 0 with properties: 
pciBusID: 0000:1e:00.0 name: Tesla V100-SXM2-16GB computeCapability: 7.0
coreClock: 1.53GHz coreCount: 80 deviceMemorySize: 15.78GiB deviceMemoryBandwidth: 836.37GiB/s
2021-08-11 05:51:10.565136: I tensorflow/stream_executor/platform/default/dso_loader.cc:49] Successfully opened dynamic library libcudart.so.11.0
2021-08-11 05:51:10.596772: I tensorflow/stream_executor/platform/default/dso_loader.cc:49] Successfully opened dynamic library libcublas.so.11
2021-08-11 05:51:10.596860: I tensorflow/stream_executor/platform/default/dso_loader.cc:49] Successfully opened dynamic library libcublasLt.so.11
2021-08-11 05:51:10.617859: I tensorflow/stream_executor/platform/default/dso_loader.cc:49] Successfully opened dynamic library libcufft.so.10
2021-08-11 05:51:10.633056: I tensorflow/stream_executor/platform/default/dso_loader.cc:49] Successfully opened dynamic library libcurand.so.10
2021-08-11 05:51:10.668260: I tensorflow/stream_executor/platform/default/dso_loader.cc:49] Successfully opened dynamic library libcusolver.so.10
2021-08-11 05:51:10.677602: I tensorflow/stream_executor/platform/default/dso_loader.cc:49] Successfully opened dynamic library libcusparse.so.11
2021-08-11 05:51:10.681307: I tensorflow/stream_executor/platform/default/dso_loader.cc:49] Successfully opened dynamic library libcudnn.so.8
2021-08-11 05:51:10.686817: I tensorflow/core/common_runtime/gpu/gpu_device.cc:1862] Adding visible gpu devices: 0
2021-08-11 05:51:10.690134: I tensorflow/core/platform/cpu_feature_guard.cc:142] This TensorFlow binary is optimized with oneAPI Deep Neural Network Library (oneDNN) to use the following CPU instructions in performance-critical operations:  AVX2 AVX512F FMA
To enable them in other operations, rebuild TensorFlow with the appropriate compiler flags.
2021-08-11 05:51:10.690376: I tensorflow/compiler/jit/xla_gpu_device.cc:99] Not creating XLA devices, tf_xla_enable_xla_devices not set
2021-08-11 05:51:10.692060: I tensorflow/core/common_runtime/gpu/gpu_device.cc:1720] Found device 0 with properties: 
pciBusID: 0000:1e:00.0 name: Tesla V100-SXM2-16GB computeCapability: 7.0
coreClock: 1.53GHz coreCount: 80 deviceMemorySize: 15.78GiB deviceMemoryBandwidth: 836.37GiB/s
2021-08-11 05:51:10.692092: I tensorflow/stream_executor/platform/default/dso_loader.cc:49] Successfully opened dynamic library libcudart.so.11.0
2021-08-11 05:51:10.692109: I tensorflow/stream_executor/platform/default/dso_loader.cc:49] Successfully opened dynamic library libcublas.so.11
2021-08-11 05:51:10.692122: I tensorflow/stream_executor/platform/default/dso_loader.cc:49] Successfully opened dynamic library libcublasLt.so.11
2021-08-11 05:51:10.692135: I tensorflow/stream_executor/platform/default/dso_loader.cc:49] Successfully opened dynamic library libcufft.so.10
2021-08-11 05:51:10.692148: I tensorflow/stream_executor/platform/default/dso_loader.cc:49] Successfully opened dynamic library libcurand.so.10
2021-08-11 05:51:10.692161: I tensorflow/stream_executor/platform/default/dso_loader.cc:49] Successfully opened dynamic library libcusolver.so.10
2021-08-11 05:51:10.692173: I tensorflow/stream_executor/platform/default/dso_loader.cc:49] Successfully opened dynamic library libcusparse.so.11
2021-08-11 05:51:10.692186: I tensorflow/stream_executor/platform/default/dso_loader.cc:49] Successfully opened dynamic library libcudnn.so.8
2021-08-11 05:51:10.695159: I tensorflow/core/common_runtime/gpu/gpu_device.cc:1862] Adding visible gpu devices: 0
2021-08-11 05:51:10.695654: I tensorflow/stream_executor/platform/default/dso_loader.cc:49] Successfully opened dynamic library libcudart.so.11.0
2021-08-11 05:51:11.617214: I tensorflow/core/common_runtime/gpu/gpu_device.cc:1261] Device interconnect StreamExecutor with strength 1 edge matrix:
2021-08-11 05:51:11.617266: I tensorflow/core/common_runtime/gpu/gpu_device.cc:1267]      0 
2021-08-11 05:51:11.617279: I tensorflow/core/common_runtime/gpu/gpu_device.cc:1280] 0:   N 
2021-08-11 05:51:11.622567: I tensorflow/core/common_runtime/gpu/gpu_device.cc:1406] Created TensorFlow device (/job:localhost/replica:0/task:0/device:GPU:0 with 14761 MB memory) -> physical GPU (device: 0, name: Tesla V100-SXM2-16GB, pci bus id: 0000:1e:00.0, compute capability: 7.0)
2021-08-11 05:51:12.257339: I tensorflow/compiler/mlir/mlir_graph_optimization_pass.cc:116] None of the MLIR optimization passes are enabled (registered 2)
2021-08-11 05:51:12.258771: I tensorflow/core/platform/profile_utils/cpu_utils.cc:112] CPU Frequency: 2400000000 Hz
2021-08-11 05:51:12.728071: I tensorflow/stream_executor/platform/default/dso_loader.cc:49] Successfully opened dynamic library libcublas.so.11
2021-08-11 05:51:13.628334: I tensorflow/stream_executor/platform/default/dso_loader.cc:49] Successfully opened dynamic library libcublasLt.so.11
2021-08-11 05:51:13.638238: I tensorflow/stream_executor/platform/default/dso_loader.cc:49] Successfully opened dynamic library libcudnn.so.8
2021-08-11 05:51:17.909677: W tensorflow/stream_executor/gpu/asm_compiler.cc:63] Running ptxas --version returned 256
2021-08-11 05:51:17.961086: W tensorflow/stream_executor/gpu/redzone_allocator.cc:314] Internal: ptxas exited with non-zero error code 256, output: 
Relying on driver to perform ptx compilation. 
Modify $PATH to customize ptxas location.
This message will be only logged once.
Training round: 1		accuracy = 0.10000000149011612
Training round: 2		accuracy = 0.10170000046491623
Training round: 3		accuracy = 0.10000000149011612
Training round: 4		accuracy = 0.10000000149011612
Training round: 5		accuracy = 0.10000000149011612
Training round: 6		accuracy = 0.10000000149011612
Training round: 7		accuracy = 0.10000000149011612
Training round: 8		accuracy = 0.10949999839067459
Training round: 9		accuracy = 0.0997999981045723
Training round: 10		accuracy = 0.11810000240802765
Training round: 11		accuracy = 0.10379999876022339
Training round: 12		accuracy = 0.10000000149011612
Training round: 13		accuracy = 0.10019999742507935
Training round: 14		accuracy = 0.10000000149011612
Training round: 15		accuracy = 0.10000000149011612
Training round: 16		accuracy = 0.10080000013113022
Training round: 17		accuracy = 0.11460000276565552
Training round: 18		accuracy = 0.10000000149011612
Training round: 19		accuracy = 0.10199999809265137
Training round: 20		accuracy = 0.12269999831914902
Training round: 21		accuracy = 0.12690000236034393
Training round: 22		accuracy = 0.18770000338554382
Training round: 23		accuracy = 0.10170000046491623
Training round: 24		accuracy = 0.1136000007390976
Training round: 25		accuracy = 0.10000000149011612
Training round: 26		accuracy = 0.10000000149011612
Training round: 27		accuracy = 0.12060000002384186
Training round: 28		accuracy = 0.10000000149011612
Training round: 29		accuracy = 0.10000000149011612
Training round: 30		accuracy = 0.11020000278949738
Training round: 31		accuracy = 0.10300000011920929
Training round: 32		accuracy = 0.1005999967455864
Training round: 33		accuracy = 0.10499999672174454
Training round: 34		accuracy = 0.10000000149011612
Training round: 35		accuracy = 0.10159999877214432
Training round: 36		accuracy = 0.10010000318288803
Training round: 37		accuracy = 0.15850000083446503
Training round: 38		accuracy = 0.10300000011920929
Training round: 39		accuracy = 0.16689999401569366
Training round: 40		accuracy = 0.10000000149011612
Training round: 41		accuracy = 0.12250000238418579
Training round: 42		accuracy = 0.10130000114440918
Training round: 43		accuracy = 0.10000000149011612
Training round: 44		accuracy = 0.11299999803304672
Training round: 45		accuracy = 0.13850000500679016
Training round: 46		accuracy = 0.1006999984383583
Training round: 47		accuracy = 0.10029999911785126
Training round: 48		accuracy = 0.13339999318122864
Training round: 49		accuracy = 0.1559000015258789
Training round: 50		accuracy = 0.10589999705553055
Training round: 51		accuracy = 0.149399995803833
Training round: 52		accuracy = 0.12780000269412994
Training round: 53		accuracy = 0.1420000046491623
Training round: 54		accuracy = 0.14139999449253082
Training round: 55		accuracy = 0.1340000033378601
Training round: 56		accuracy = 0.17319999635219574
Training round: 57		accuracy = 0.10329999774694443
Training round: 58		accuracy = 0.1784999966621399
Training round: 59		accuracy = 0.16459999978542328
Training round: 60		accuracy = 0.1615000069141388
Training round: 61		accuracy = 0.1868000030517578
Training round: 62		accuracy = 0.18199999630451202
Training round: 63		accuracy = 0.1006999984383583
Training round: 64		accuracy = 0.17479999363422394
Training round: 65		accuracy = 0.19040000438690186
Training round: 66		accuracy = 0.1446000039577484
Training round: 67		accuracy = 0.19179999828338623
Training round: 68		accuracy = 0.15809999406337738
Training round: 69		accuracy = 0.1890999972820282
Training round: 70		accuracy = 0.1704999953508377
Training round: 71		accuracy = 0.10220000147819519
Training round: 72		accuracy = 0.18449999392032623
Training round: 73		accuracy = 0.1956000030040741
Training round: 74		accuracy = 0.19750000536441803
Training round: 75		accuracy = 0.14920000731945038
Training round: 76		accuracy = 0.12240000069141388
Training round: 77		accuracy = 0.1324000060558319
Training round: 78		accuracy = 0.17839999496936798
Training round: 79		accuracy = 0.19259999692440033
Training round: 80		accuracy = 0.1404000073671341
Training round: 81		accuracy = 0.24089999496936798
Training round: 82		accuracy = 0.18870000541210175
Training round: 83		accuracy = 0.12929999828338623
Training round: 84		accuracy = 0.22550000250339508
Training round: 85		accuracy = 0.2298000007867813
Training round: 86		accuracy = 0.2409999966621399
Training round: 87		accuracy = 0.1889999955892563
Training round: 88		accuracy = 0.163100004196167
Training round: 89		accuracy = 0.22930000722408295
Training round: 90		accuracy = 0.20640000700950623
Training round: 91		accuracy = 0.15690000355243683
Training round: 92		accuracy = 0.1599999964237213
Training round: 93		accuracy = 0.19859999418258667
Training round: 94		accuracy = 0.23270000517368317
Training round: 95		accuracy = 0.21449999511241913
Training round: 96		accuracy = 0.24310000240802765
Training round: 97		accuracy = 0.27970001101493835
Training round: 98		accuracy = 0.1987999975681305
Training round: 99		accuracy = 0.15330000221729279
Training round: 100		accuracy = 0.16380000114440918
Training round: 101		accuracy = 0.27459999918937683
Training round: 102		accuracy = 0.20819999277591705
Training round: 103		accuracy = 0.26080000400543213
Training round: 104		accuracy = 0.25780001282691956
Training round: 105		accuracy = 0.2011999934911728
Training round: 106		accuracy = 0.27880001068115234
Training round: 107		accuracy = 0.23819999396800995
Training round: 108		accuracy = 0.24160000681877136
Training round: 109		accuracy = 0.2232999950647354
Training round: 110		accuracy = 0.2418999969959259
Training round: 111		accuracy = 0.17299999296665192
Training round: 112		accuracy = 0.2603999972343445
Training round: 113		accuracy = 0.26989999413490295
Training round: 114		accuracy = 0.18780000507831573
Training round: 115		accuracy = 0.249099999666214
Training round: 116		accuracy = 0.2721000015735626
Training round: 117		accuracy = 0.21240000426769257
Training round: 118		accuracy = 0.2605000138282776
Training round: 119		accuracy = 0.27970001101493835
Training round: 120		accuracy = 0.2280000001192093
Training round: 121		accuracy = 0.23360000550746918
Training round: 122		accuracy = 0.21950000524520874
Training round: 123		accuracy = 0.20419999957084656
Training round: 124		accuracy = 0.28839999437332153
Training round: 125		accuracy = 0.257999986410141
Training round: 126		accuracy = 0.27059999108314514
Training round: 127		accuracy = 0.273499995470047
Training round: 128		accuracy = 0.2705000042915344
Training round: 129		accuracy = 0.24220000207424164
Training round: 130		accuracy = 0.21209999918937683
Training round: 131		accuracy = 0.2321999967098236
Training round: 132		accuracy = 0.24959999322891235
Training round: 133		accuracy = 0.26109999418258667
Training round: 134		accuracy = 0.24549999833106995
Training round: 135		accuracy = 0.23690000176429749
Training round: 136		accuracy = 0.25999999046325684
Training round: 137		accuracy = 0.2874999940395355
Training round: 138		accuracy = 0.288100004196167
Training round: 139		accuracy = 0.27090001106262207
Training round: 140		accuracy = 0.27000001072883606
Training round: 141		accuracy = 0.2969000041484833
Training round: 142		accuracy = 0.27059999108314514
Training round: 143		accuracy = 0.28870001435279846
Training round: 144		accuracy = 0.29350000619888306
Training round: 145		accuracy = 0.2874000072479248
Training round: 146		accuracy = 0.26499998569488525
Training round: 147		accuracy = 0.28760001063346863
Training round: 148		accuracy = 0.2937999963760376
Training round: 149		accuracy = 0.21040000021457672
Training round: 150		accuracy = 0.22830000519752502
Training round: 151		accuracy = 0.27459999918937683
Training round: 152		accuracy = 0.3082999885082245
Training round: 153		accuracy = 0.25209999084472656
Training round: 154		accuracy = 0.29159998893737793
Training round: 155		accuracy = 0.3149999976158142
Training round: 156		accuracy = 0.30410000681877136
Training round: 157		accuracy = 0.3052999973297119
Training round: 158		accuracy = 0.2971000075340271
Training round: 159		accuracy = 0.30300000309944153
Training round: 160		accuracy = 0.295199990272522
Training round: 161		accuracy = 0.22059999406337738
Training round: 162		accuracy = 0.23319999873638153
Training round: 163		accuracy = 0.2630000114440918
Training round: 164		accuracy = 0.2930999994277954
Training round: 165		accuracy = 0.3133000135421753
Training round: 166		accuracy = 0.30079999566078186
Training round: 167		accuracy = 0.2630000114440918
Training round: 168		accuracy = 0.22599999606609344
Training round: 169		accuracy = 0.25450000166893005
Training round: 170		accuracy = 0.28119999170303345
Training round: 171		accuracy = 0.30550000071525574
Training round: 172		accuracy = 0.3025999963283539
Training round: 173		accuracy = 0.32600000500679016
Training round: 174		accuracy = 0.29429998993873596
Training round: 175		accuracy = 0.2922999858856201
Training round: 176		accuracy = 0.29809999465942383
Training round: 177		accuracy = 0.27239999175071716
Training round: 178		accuracy = 0.3050999939441681
Training round: 179		accuracy = 0.28700000047683716
Training round: 180		accuracy = 0.28220000863075256
Training round: 181		accuracy = 0.3133000135421753
Training round: 182		accuracy = 0.31209999322891235
Training round: 183		accuracy = 0.32089999318122864
Training round: 184		accuracy = 0.3100000023841858
Training round: 185		accuracy = 0.3231000006198883
Training round: 186		accuracy = 0.1987999975681305
Training round: 187		accuracy = 0.30169999599456787
Training round: 188		accuracy = 0.20190000534057617
Training round: 189		accuracy = 0.3059999942779541
Training round: 190		accuracy = 0.29989999532699585
Training round: 191		accuracy = 0.2558000087738037
Training round: 192		accuracy = 0.289900004863739
Training round: 193		accuracy = 0.31709998846054077
Training round: 194		accuracy = 0.3005000054836273
Training round: 195		accuracy = 0.29100000858306885
Training round: 196		accuracy = 0.3391000032424927
Training round: 197		accuracy = 0.31869998574256897
Training round: 198		accuracy = 0.3003999888896942
Training round: 199		accuracy = 0.3255000114440918
Training round: 200		accuracy = 0.3190000057220459
Training round: 201		accuracy = 0.31520000100135803
Training round: 202		accuracy = 0.32330000400543213
Training round: 203		accuracy = 0.32409998774528503
Training round: 204		accuracy = 0.3310999870300293
Training round: 205		accuracy = 0.3434999883174896
Training round: 206		accuracy = 0.3075999915599823
Training round: 207		accuracy = 0.289000004529953
Training round: 208		accuracy = 0.32100000977516174
Training round: 209		accuracy = 0.28929999470710754
Training round: 210		accuracy = 0.3310999870300293
Training round: 211		accuracy = 0.33329999446868896
Training round: 212		accuracy = 0.3422999978065491
Training round: 213		accuracy = 0.2680000066757202
Training round: 214		accuracy = 0.3400000035762787
Training round: 215		accuracy = 0.3156000077724457
Training round: 216		accuracy = 0.32190001010894775
Training round: 217		accuracy = 0.3330000042915344
Training round: 218		accuracy = 0.30399999022483826
Training round: 219		accuracy = 0.3269999921321869
Training round: 220		accuracy = 0.28859999775886536
Training round: 221		accuracy = 0.3133000135421753
Training round: 222		accuracy = 0.3305000066757202
Training round: 223		accuracy = 0.32919999957084656
Training round: 224		accuracy = 0.34209999442100525
Training round: 225		accuracy = 0.34369999170303345
Training round: 226		accuracy = 0.33889999985694885
Training round: 227		accuracy = 0.3061999976634979
Training round: 228		accuracy = 0.32899999618530273
Training round: 229		accuracy = 0.33869999647140503
Training round: 230		accuracy = 0.3391000032424927
Training round: 231		accuracy = 0.29989999532699585
Training round: 232		accuracy = 0.328000009059906
Training round: 233		accuracy = 0.3693999946117401
Training round: 234		accuracy = 0.3037000000476837
Training round: 235		accuracy = 0.349700003862381
Training round: 236		accuracy = 0.34380000829696655
Training round: 237		accuracy = 0.3327000141143799
Training round: 238		accuracy = 0.3264999985694885
Training round: 239		accuracy = 0.2766000032424927
Training round: 240		accuracy = 0.3431999981403351
Training round: 241		accuracy = 0.3003999888896942
Training round: 242		accuracy = 0.35179999470710754
Training round: 243		accuracy = 0.32760000228881836
Training round: 244		accuracy = 0.3253999948501587
Training round: 245		accuracy = 0.3212999999523163
Training round: 246		accuracy = 0.34850001335144043
Training round: 247		accuracy = 0.3522999882698059
Training round: 248		accuracy = 0.34950000047683716
Training round: 249		accuracy = 0.3138999938964844
Training round: 250		accuracy = 0.34860000014305115
Training round: 251		accuracy = 0.3393999934196472
Training round: 252		accuracy = 0.27649998664855957
Training round: 253		accuracy = 0.3190000057220459
Training round: 254		accuracy = 0.33730000257492065
Training round: 255		accuracy = 0.35499998927116394
Training round: 256		accuracy = 0.34299999475479126
Training round: 257		accuracy = 0.34209999442100525
Training round: 258		accuracy = 0.35040000081062317
Training round: 259		accuracy = 0.31529998779296875
Training round: 260		accuracy = 0.3391999900341034
Training round: 261		accuracy = 0.3384999930858612
Training round: 262		accuracy = 0.34360000491142273
Training round: 263		accuracy = 0.3427000045776367
Training round: 264		accuracy = 0.38609999418258667
Training round: 265		accuracy = 0.3249000012874603
Training round: 266		accuracy = 0.3497999906539917
Training round: 267		accuracy = 0.3395000100135803
Training round: 268		accuracy = 0.24869999289512634
Training round: 269		accuracy = 0.34040001034736633
Training round: 270		accuracy = 0.2955000102519989
Training round: 271		accuracy = 0.33070001006126404
Training round: 272		accuracy = 0.33399999141693115
Training round: 273		accuracy = 0.3458999991416931
Training round: 274		accuracy = 0.34389999508857727
Training round: 275		accuracy = 0.3301999866962433
Training round: 276		accuracy = 0.3425000011920929
Training round: 277		accuracy = 0.3441999852657318
Training round: 278		accuracy = 0.36629998683929443
Training round: 279		accuracy = 0.2946999967098236
Training round: 280		accuracy = 0.35120001435279846
Training round: 281		accuracy = 0.36489999294281006
Training round: 282		accuracy = 0.349700003862381
Training round: 283		accuracy = 0.3935000002384186
Training round: 284		accuracy = 0.364300012588501
Training round: 285		accuracy = 0.36250001192092896
Training round: 286		accuracy = 0.2597000002861023
Training round: 287		accuracy = 0.36309999227523804
Training round: 288		accuracy = 0.3495999872684479
Training round: 289		accuracy = 0.23569999635219574
Training round: 290		accuracy = 0.37070000171661377
Training round: 291		accuracy = 0.33820000290870667
Training round: 292		accuracy = 0.3109999895095825
Training round: 293		accuracy = 0.38179999589920044
Training round: 294		accuracy = 0.3544999957084656
Training round: 295		accuracy = 0.3488999903202057
Training round: 296		accuracy = 0.3093999922275543
Training round: 297		accuracy = 0.35120001435279846
Training round: 298		accuracy = 0.3028999865055084
Training round: 299		accuracy = 0.3474999964237213
Training round: 300		accuracy = 0.34439998865127563
Training round: 301		accuracy = 0.33180001378059387
Training round: 302		accuracy = 0.3537999987602234
Training round: 303		accuracy = 0.3513000011444092
Training round: 304		accuracy = 0.35989999771118164
Training round: 305		accuracy = 0.3580000102519989
Training round: 306		accuracy = 0.3199999928474426
Training round: 307		accuracy = 0.3723999857902527
Training round: 308		accuracy = 0.3513999879360199
Training round: 309		accuracy = 0.40070000290870667
Training round: 310		accuracy = 0.3628999888896942
Training round: 311		accuracy = 0.3246000111103058
Training round: 312		accuracy = 0.37059998512268066
Training round: 313		accuracy = 0.3578999936580658
Training round: 314		accuracy = 0.36880001425743103
Training round: 315		accuracy = 0.3513999879360199
Training round: 316		accuracy = 0.33820000290870667
Training round: 317		accuracy = 0.3393000066280365
Training round: 318		accuracy = 0.36820000410079956
Training round: 319		accuracy = 0.36629998683929443
Training round: 320		accuracy = 0.3305000066757202
Training round: 321		accuracy = 0.35670000314712524
Training round: 322		accuracy = 0.36959999799728394
Training round: 323		accuracy = 0.359499990940094
Training round: 324		accuracy = 0.38929998874664307
Training round: 325		accuracy = 0.40639999508857727
Training round: 326		accuracy = 0.34049999713897705
Training round: 327		accuracy = 0.4050000011920929
Training round: 328		accuracy = 0.3650999963283539
Training round: 329		accuracy = 0.3109999895095825
Training round: 330		accuracy = 0.3522000014781952
Training round: 331		accuracy = 0.3601999878883362
Training round: 332		accuracy = 0.3456000089645386
Training round: 333		accuracy = 0.3555000126361847
Training round: 334		accuracy = 0.3529999852180481
Training round: 335		accuracy = 0.35839998722076416
Training round: 336		accuracy = 0.38280001282691956
Training round: 337		accuracy = 0.33079999685287476
Training round: 338		accuracy = 0.3783000111579895
Training round: 339		accuracy = 0.35499998927116394
Training round: 340		accuracy = 0.3723999857902527
Training round: 341		accuracy = 0.36469998955726624
Training round: 342		accuracy = 0.3686000108718872
Training round: 343		accuracy = 0.4016000032424927
Training round: 344		accuracy = 0.3921000063419342
Training round: 345		accuracy = 0.4129999876022339
Training round: 346		accuracy = 0.3917999863624573
Training round: 347		accuracy = 0.36079999804496765
Training round: 348		accuracy = 0.3443000018596649
Training round: 349		accuracy = 0.3840000033378601
Training round: 350		accuracy = 0.37070000171661377
Training round: 351		accuracy = 0.36390000581741333
Training round: 352		accuracy = 0.365200012922287
Training round: 353		accuracy = 0.37070000171661377
Training round: 354		accuracy = 0.3179999887943268
Training round: 355		accuracy = 0.3840000033378601
Training round: 356		accuracy = 0.35839998722076416
Training round: 357		accuracy = 0.37139999866485596
Training round: 358		accuracy = 0.3626999855041504
Training round: 359		accuracy = 0.31779998540878296
Training round: 360		accuracy = 0.40639999508857727
Training round: 361		accuracy = 0.367000013589859
Training round: 362		accuracy = 0.3709999918937683
Training round: 363		accuracy = 0.27959999442100525
Training round: 364		accuracy = 0.39250001311302185
Training round: 365		accuracy = 0.3970000147819519
Training round: 366		accuracy = 0.35850000381469727
Training round: 367		accuracy = 0.36500000953674316
Training round: 368		accuracy = 0.38359999656677246
Training round: 369		accuracy = 0.37059998512268066
Training round: 370		accuracy = 0.36149999499320984
Training round: 371		accuracy = 0.36880001425743103
Training round: 372		accuracy = 0.357699990272522
Training round: 373		accuracy = 0.37459999322891235
Training round: 374		accuracy = 0.3813000023365021
Training round: 375		accuracy = 0.38029998540878296
Training round: 376		accuracy = 0.3758000135421753
Training round: 377		accuracy = 0.37310001254081726
Training round: 378		accuracy = 0.3774000108242035
Training round: 379		accuracy = 0.3172000050544739
Training round: 380		accuracy = 0.388700008392334
Training round: 381		accuracy = 0.3813000023365021
Training round: 382		accuracy = 0.4101000130176544
Training round: 383		accuracy = 0.3741999864578247
Training round: 384		accuracy = 0.3776000142097473
Training round: 385		accuracy = 0.39259999990463257
Training round: 386		accuracy = 0.3652999997138977
Training round: 387		accuracy = 0.4205999970436096
Training round: 388		accuracy = 0.387800008058548
Training round: 389		accuracy = 0.42399999499320984
Training round: 390		accuracy = 0.41589999198913574
Training round: 391		accuracy = 0.39809998869895935
Training round: 392		accuracy = 0.39100000262260437
Training round: 393		accuracy = 0.37299999594688416
Training round: 394		accuracy = 0.3797999918460846
Training round: 395		accuracy = 0.3711000084877014
Training round: 396		accuracy = 0.38760000467300415
Training round: 397		accuracy = 0.33480000495910645
Training round: 398		accuracy = 0.36090001463890076
Training round: 399		accuracy = 0.3758000135421753
Training round: 400		accuracy = 0.357699990272522
Training round: 401		accuracy = 0.41600000858306885
Training round: 402		accuracy = 0.3630000054836273
Training round: 403		accuracy = 0.3538999855518341
Training round: 404		accuracy = 0.3549000024795532
Training round: 405		accuracy = 0.3752000033855438
Training round: 406		accuracy = 0.3968999981880188
Training round: 407		accuracy = 0.43799999356269836
Training round: 408		accuracy = 0.412200003862381
Training round: 409		accuracy = 0.4068000018596649
Training round: 410		accuracy = 0.4007999897003174
Training round: 411		accuracy = 0.40799999237060547
Training round: 412		accuracy = 0.4027999937534332
Training round: 413		accuracy = 0.3776000142097473
Training round: 414		accuracy = 0.4352000057697296
Training round: 415		accuracy = 0.37779998779296875
Training round: 416		accuracy = 0.39399999380111694
Training round: 417		accuracy = 0.3919000029563904
Training round: 418		accuracy = 0.37950000166893005
Training round: 419		accuracy = 0.3855000138282776
Training round: 420		accuracy = 0.2648000121116638
Training round: 421		accuracy = 0.3352999985218048
Training round: 422		accuracy = 0.41679999232292175
Training round: 423		accuracy = 0.42879998683929443
Training round: 424		accuracy = 0.4390000104904175
Training round: 425		accuracy = 0.42340001463890076
Training round: 426		accuracy = 0.39559999108314514
Training round: 427		accuracy = 0.38920000195503235
Training round: 428		accuracy = 0.41519999504089355
Training round: 429		accuracy = 0.45820000767707825
Training round: 430		accuracy = 0.38940000534057617
Training round: 431		accuracy = 0.4016999900341034
Training round: 432		accuracy = 0.38280001282691956
Training round: 433		accuracy = 0.4032000005245209
Training round: 434		accuracy = 0.4138999879360199
Training round: 435		accuracy = 0.3887999951839447
Training round: 436		accuracy = 0.38420000672340393
Training round: 437		accuracy = 0.38769999146461487
Training round: 438		accuracy = 0.39809998869895935
Training round: 439		accuracy = 0.41359999775886536
Training round: 440		accuracy = 0.33959999680519104
Training round: 441		accuracy = 0.4000999927520752
Training round: 442		accuracy = 0.39899998903274536
Training round: 443		accuracy = 0.39160001277923584
Training round: 444		accuracy = 0.4259999990463257
Training round: 445		accuracy = 0.37459999322891235
Training round: 446		accuracy = 0.48190000653266907
Training round: 447		accuracy = 0.4399000108242035
Training round: 448		accuracy = 0.4399999976158142
Training round: 449		accuracy = 0.4108999967575073
Training round: 450		accuracy = 0.5008999705314636
Training round: 451		accuracy = 0.4449999928474426
Training round: 452		accuracy = 0.4187000095844269
Training round: 453		accuracy = 0.4251999855041504
Training round: 454		accuracy = 0.4523000121116638
Training round: 455		accuracy = 0.3718000054359436
Training round: 456		accuracy = 0.3797999918460846
Training round: 457		accuracy = 0.3962000012397766
Training round: 458		accuracy = 0.43689998984336853
Training round: 459		accuracy = 0.39079999923706055
Training round: 460		accuracy = 0.4226999878883362
Training round: 461		accuracy = 0.391400009393692
Training round: 462		accuracy = 0.40880000591278076
Training round: 463		accuracy = 0.43459999561309814
Training round: 464		accuracy = 0.4255000054836273
Training round: 465		accuracy = 0.42309999465942383
Training round: 466		accuracy = 0.40369999408721924
Training round: 467		accuracy = 0.38830000162124634
Training round: 468		accuracy = 0.42890000343322754
Training round: 469		accuracy = 0.501800000667572
Training round: 470		accuracy = 0.3718000054359436
Training round: 471		accuracy = 0.4187000095844269
Training round: 472		accuracy = 0.40389999747276306
Training round: 473		accuracy = 0.3847000002861023
Training round: 474		accuracy = 0.41429999470710754
Training round: 475		accuracy = 0.4399000108242035
Training round: 476		accuracy = 0.4237000048160553
Training round: 477		accuracy = 0.39259999990463257
Training round: 478		accuracy = 0.41620001196861267
Training round: 479		accuracy = 0.4106000065803528
Training round: 480		accuracy = 0.41370001435279846
Training round: 481		accuracy = 0.4429999887943268
Training round: 482		accuracy = 0.41499999165534973
Training round: 483		accuracy = 0.36820000410079956
Training round: 484		accuracy = 0.385699987411499
Training round: 485		accuracy = 0.37790000438690186
Training round: 486		accuracy = 0.41510000824928284
Training round: 487		accuracy = 0.3758000135421753
Training round: 488		accuracy = 0.4090999960899353
Training round: 489		accuracy = 0.387800008058548
Training round: 490		accuracy = 0.36640000343322754
Training round: 491		accuracy = 0.42730000615119934
Training round: 492		accuracy = 0.3871999979019165
Training round: 493		accuracy = 0.36399999260902405
Training round: 494		accuracy = 0.4049000144004822
Training round: 495		accuracy = 0.3822999894618988
Training round: 496		accuracy = 0.42170000076293945
Training round: 497		accuracy = 0.4169999957084656
Training round: 498		accuracy = 0.4287000000476837
Training round: 499		accuracy = 0.3880999982357025
Training round: 500		accuracy = 0.3935999870300293
Training round: 501		accuracy = 0.4318000078201294
Training round: 502		accuracy = 0.43309998512268066
Training round: 503		accuracy = 0.4323999881744385
Training round: 504		accuracy = 0.435699999332428
Training round: 505		accuracy = 0.37380000948905945
Training round: 506		accuracy = 0.4262000024318695
Training round: 507		accuracy = 0.4129999876022339
Training round: 508		accuracy = 0.45579999685287476
Training round: 509		accuracy = 0.3903000056743622
Training round: 510		accuracy = 0.4106000065803528
Training round: 511		accuracy = 0.44209998846054077
Training round: 512		accuracy = 0.42320001125335693
Training round: 513		accuracy = 0.38609999418258667
Training round: 514		accuracy = 0.39809998869895935
Training round: 515		accuracy = 0.4242999851703644
Training round: 516		accuracy = 0.37950000166893005
Training round: 517		accuracy = 0.43560001254081726
Training round: 518		accuracy = 0.4113999903202057
Training round: 519		accuracy = 0.35920000076293945
Training round: 520		accuracy = 0.41119998693466187
Training round: 521		accuracy = 0.4325999915599823
Training round: 522		accuracy = 0.41819998621940613
Training round: 523		accuracy = 0.42750000953674316
Training round: 524		accuracy = 0.3882000148296356
Training round: 525		accuracy = 0.40290001034736633
Training round: 526		accuracy = 0.4043999910354614
Training round: 527		accuracy = 0.4072999954223633
Training round: 528		accuracy = 0.3862000107765198
Training round: 529		accuracy = 0.424699991941452
Training round: 530		accuracy = 0.4099000096321106
Training round: 531		accuracy = 0.4406999945640564
Training round: 532		accuracy = 0.40070000290870667
Training round: 533		accuracy = 0.4023999869823456
Training round: 534		accuracy = 0.39469999074935913
Training round: 535		accuracy = 0.390500009059906
Training round: 536		accuracy = 0.390500009059906
Training round: 537		accuracy = 0.45089998841285706
Training round: 538		accuracy = 0.4074999988079071
Training round: 539		accuracy = 0.41339999437332153
Training round: 540		accuracy = 0.41350001096725464
Training round: 541		accuracy = 0.40860000252723694
Training round: 542		accuracy = 0.4065000116825104
Training round: 543		accuracy = 0.4350000023841858
Training round: 544		accuracy = 0.40149998664855957
Training round: 545		accuracy = 0.4449000060558319
Training round: 546		accuracy = 0.4205000102519989
Training round: 547		accuracy = 0.4056999981403351
Training round: 548		accuracy = 0.4162999987602234
Training round: 549		accuracy = 0.4106999933719635
Training round: 550		accuracy = 0.4553000032901764
Training round: 551		accuracy = 0.4357999861240387
Training round: 552		accuracy = 0.4117000102996826
Training round: 553		accuracy = 0.43160000443458557
Training round: 554		accuracy = 0.4172999858856201
Training round: 555		accuracy = 0.4417000114917755
Training round: 556		accuracy = 0.3783000111579895
Training round: 557		accuracy = 0.3968000113964081
Training round: 558		accuracy = 0.4163999855518341
Training round: 559		accuracy = 0.38109999895095825
Training round: 560		accuracy = 0.4507000148296356
Training round: 561		accuracy = 0.430400013923645
Training round: 562		accuracy = 0.4609000086784363
Training round: 563		accuracy = 0.45500001311302185
Training round: 564		accuracy = 0.42910000681877136
Training round: 565		accuracy = 0.30079999566078186
Training round: 566		accuracy = 0.38019999861717224
Training round: 567		accuracy = 0.38429999351501465
Training round: 568		accuracy = 0.4674000144004822
Training round: 569		accuracy = 0.41040000319480896
Training round: 570		accuracy = 0.45210000872612
Training round: 571		accuracy = 0.41999998688697815
Training round: 572		accuracy = 0.4629000127315521
Training round: 573		accuracy = 0.37470000982284546
Training round: 574		accuracy = 0.4244999885559082
Training round: 575		accuracy = 0.4309999942779541
Training round: 576		accuracy = 0.4009999930858612
Training round: 577		accuracy = 0.39469999074935913
Training round: 578		accuracy = 0.40639999508857727
Training round: 579		accuracy = 0.44699999690055847
Training round: 580		accuracy = 0.44670000672340393
Training round: 581		accuracy = 0.45320001244544983
Training round: 582		accuracy = 0.4413999915122986
Training round: 583		accuracy = 0.45750001072883606
Training round: 584		accuracy = 0.4609000086784363
Training round: 585		accuracy = 0.4388999938964844
Training round: 586		accuracy = 0.4381999969482422
Training round: 587		accuracy = 0.42730000615119934
Training round: 588		accuracy = 0.4553000032901764
Training round: 589		accuracy = 0.41819998621940613
Training round: 590		accuracy = 0.48159998655319214
Training round: 591		accuracy = 0.42149999737739563
Training round: 592		accuracy = 0.45719999074935913
Training round: 593		accuracy = 0.41609999537467957
Training round: 594		accuracy = 0.4101000130176544
Training round: 595		accuracy = 0.4059000015258789
Training round: 596		accuracy = 0.45080000162124634
Training round: 597		accuracy = 0.4359000027179718
Training round: 598		accuracy = 0.4311000108718872
Training round: 599		accuracy = 0.4413999915122986
Training round: 600		accuracy = 0.39739999175071716
Training round: 601		accuracy = 0.4129999876022339
Training round: 602		accuracy = 0.4325999915599823
Training round: 603		accuracy = 0.45989999175071716
Training round: 604		accuracy = 0.4239000082015991
Training round: 605		accuracy = 0.39820000529289246
Training round: 606		accuracy = 0.4032000005245209
Training round: 607		accuracy = 0.40619999170303345
Training round: 608		accuracy = 0.40939998626708984
Training round: 609		accuracy = 0.4323999881744385
Training round: 610		accuracy = 0.428600013256073
Training round: 611		accuracy = 0.4812999963760376
Training round: 612		accuracy = 0.4512999951839447
Training round: 613		accuracy = 0.4302000105381012
Training round: 614		accuracy = 0.40950000286102295
Training round: 615		accuracy = 0.46160000562667847
Training round: 616		accuracy = 0.44670000672340393
Training round: 617		accuracy = 0.43220001459121704
Training round: 618		accuracy = 0.4032999873161316
Training round: 619		accuracy = 0.4129999876022339
Training round: 620		accuracy = 0.3962000012397766
Training round: 621		accuracy = 0.4652999937534332
Training round: 622		accuracy = 0.45840001106262207
Training round: 623		accuracy = 0.4255000054836273
Training round: 624		accuracy = 0.42010000348091125
Training round: 625		accuracy = 0.42579999566078186
Training round: 626		accuracy = 0.45809999108314514
Training round: 627		accuracy = 0.45969998836517334
Training round: 628		accuracy = 0.4327000081539154
Training round: 629		accuracy = 0.49549999833106995
Training round: 630		accuracy = 0.4553000032901764
Training round: 631		accuracy = 0.3962000012397766
Training round: 632		accuracy = 0.38830000162124634
Training round: 633		accuracy = 0.4293999969959259
Training round: 634		accuracy = 0.39070001244544983
Training round: 635		accuracy = 0.4041000008583069
Training round: 636		accuracy = 0.4129999876022339
Training round: 637		accuracy = 0.40149998664855957
Training round: 638		accuracy = 0.4092000126838684
Training round: 639		accuracy = 0.484499990940094
Training round: 640		accuracy = 0.4779999852180481
Training round: 641		accuracy = 0.4880000054836273
Training round: 642		accuracy = 0.4169999957084656
Training round: 643		accuracy = 0.4372999966144562
Training round: 644		accuracy = 0.4032000005245209
Training round: 645		accuracy = 0.4781999886035919
Training round: 646		accuracy = 0.4309999942779541
Training round: 647		accuracy = 0.4300000071525574
Training round: 648		accuracy = 0.4555000066757202
Training round: 649		accuracy = 0.4724000096321106
Training round: 650		accuracy = 0.460999995470047
Training round: 651		accuracy = 0.4650000035762787
Training round: 652		accuracy = 0.45500001311302185
Training round: 653		accuracy = 0.4918000102043152
Training round: 654		accuracy = 0.4717000126838684
Training round: 655		accuracy = 0.44690001010894775
Training round: 656		accuracy = 0.36390000581741333
Training round: 657		accuracy = 0.40369999408721924
Training round: 658		accuracy = 0.3944999873638153
Training round: 659		accuracy = 0.47040000557899475
Training round: 660		accuracy = 0.4514999985694885
Training round: 661		accuracy = 0.42669999599456787
Training round: 662		accuracy = 0.4724999964237213
Training round: 663		accuracy = 0.40849998593330383
Training round: 664		accuracy = 0.48179998993873596
Training round: 665		accuracy = 0.4156999886035919
Training round: 666		accuracy = 0.39590001106262207
Training round: 667		accuracy = 0.4099000096321106
Training round: 668		accuracy = 0.4332999885082245
Training round: 669		accuracy = 0.4717999994754791
Training round: 670		accuracy = 0.4625999927520752
Training round: 671		accuracy = 0.48750001192092896
Training round: 672		accuracy = 0.45410001277923584
Training round: 673		accuracy = 0.4154999852180481
Training round: 674		accuracy = 0.4867999851703644
Training round: 675		accuracy = 0.42260000109672546
Training round: 676		accuracy = 0.4778999984264374
Training round: 677		accuracy = 0.49889999628067017
Training round: 678		accuracy = 0.37959998846054077
Training round: 679		accuracy = 0.5081999897956848
Training round: 680		accuracy = 0.4514000117778778
Training round: 681		accuracy = 0.4456000030040741
Training round: 682		accuracy = 0.39410001039505005
Training round: 683		accuracy = 0.39750000834465027
Training round: 684		accuracy = 0.4219000041484833
Training round: 685		accuracy = 0.4065000116825104
Training round: 686		accuracy = 0.4729999899864197
Training round: 687		accuracy = 0.4440000057220459
Training round: 688		accuracy = 0.4023999869823456
Training round: 689		accuracy = 0.3986000120639801
Training round: 690		accuracy = 0.4074000120162964
Training round: 691		accuracy = 0.4325999915599823
Training round: 692		accuracy = 0.41510000824928284
Training round: 693		accuracy = 0.49549999833106995
Training round: 694		accuracy = 0.4803999960422516
Training round: 695		accuracy = 0.4440999925136566
Training round: 696		accuracy = 0.43369999527931213
Training round: 697		accuracy = 0.42480000853538513
Training round: 698		accuracy = 0.41040000319480896
Training round: 699		accuracy = 0.5206000208854675
Training round: 700		accuracy = 0.4690000116825104
Training round: 701		accuracy = 0.4350000023841858
Training round: 702		accuracy = 0.4871000051498413
Training round: 703		accuracy = 0.4368000030517578
Training round: 704		accuracy = 0.4104999899864197
Training round: 705		accuracy = 0.40630000829696655
Training round: 706		accuracy = 0.44859999418258667
Training round: 707		accuracy = 0.4982999861240387
Training round: 708		accuracy = 0.4650000035762787
Training round: 709		accuracy = 0.46230000257492065
Training round: 710		accuracy = 0.505299985408783
Training round: 711		accuracy = 0.44369998574256897
Training round: 712		accuracy = 0.5131000280380249
Training round: 713		accuracy = 0.512499988079071
Training round: 714		accuracy = 0.47530001401901245
Training round: 715		accuracy = 0.436599999666214
Training round: 716		accuracy = 0.4180000126361847
Training round: 717		accuracy = 0.3896999955177307
Training round: 718		accuracy = 0.40849998593330383
Training round: 719		accuracy = 0.41690000891685486
Training round: 720		accuracy = 0.45899999141693115
Training round: 721		accuracy = 0.4925999939441681
Training round: 722		accuracy = 0.4099999964237213
Training round: 723		accuracy = 0.4334999918937683
Training round: 724		accuracy = 0.42980000376701355
Training round: 725		accuracy = 0.3953000009059906
Training round: 726		accuracy = 0.5044999718666077
Training round: 727		accuracy = 0.4498000144958496
Training round: 728		accuracy = 0.41600000858306885
Training round: 729		accuracy = 0.45249998569488525
Training round: 730		accuracy = 0.427700012922287
Training round: 731		accuracy = 0.42739999294281006
Training round: 732		accuracy = 0.483599990606308
Training round: 733		accuracy = 0.4691999852657318
Training round: 734		accuracy = 0.4499000012874603
Training round: 735		accuracy = 0.48240000009536743
Training round: 736		accuracy = 0.47189998626708984
Training round: 737		accuracy = 0.438400000333786
Training round: 738		accuracy = 0.44200000166893005
Training round: 739		accuracy = 0.46639999747276306
Training round: 740		accuracy = 0.46619999408721924
Training round: 741		accuracy = 0.4648999869823456
Training round: 742		accuracy = 0.4410000145435333
Training round: 743		accuracy = 0.4740000069141388
Training round: 744		accuracy = 0.4596000015735626
Training round: 745		accuracy = 0.4456000030040741
Training round: 746		accuracy = 0.45590001344680786
Training round: 747		accuracy = 0.5008000135421753
Training round: 748		accuracy = 0.4343000054359436
Training round: 749		accuracy = 0.4075999855995178
Training round: 750		accuracy = 0.428600013256073
Training round: 751		accuracy = 0.4293000102043152
Training round: 752		accuracy = 0.3716999888420105
Training round: 753		accuracy = 0.49470001459121704
Training round: 754		accuracy = 0.4587000012397766
Training round: 755		accuracy = 0.41179999709129333
Training round: 756		accuracy = 0.43689998984336853
Training round: 757		accuracy = 0.47780001163482666
Training round: 758		accuracy = 0.4090000092983246
Training round: 759		accuracy = 0.4124000072479248
Training round: 760		accuracy = 0.46299999952316284
Training round: 761		accuracy = 0.4733000099658966
Training round: 762		accuracy = 0.45590001344680786
Training round: 763		accuracy = 0.4578999876976013
Training round: 764		accuracy = 0.46639999747276306
Training round: 765		accuracy = 0.4381999969482422
Training round: 766		accuracy = 0.45820000767707825
Training round: 767		accuracy = 0.4377000033855438
Training round: 768		accuracy = 0.4778999984264374
Training round: 769		accuracy = 0.5059999823570251
Training round: 770		accuracy = 0.4555000066757202
Training round: 771		accuracy = 0.35569998621940613
Training round: 772		accuracy = 0.4650000035762787
Training round: 773		accuracy = 0.45570001006126404
Training round: 774		accuracy = 0.44200000166893005
Training round: 775		accuracy = 0.4722999930381775
Training round: 776		accuracy = 0.4878000020980835
Training round: 777		accuracy = 0.47369998693466187
Training round: 778		accuracy = 0.4620000123977661
Training round: 779		accuracy = 0.44429999589920044
Training round: 780		accuracy = 0.4458000063896179
Training round: 781		accuracy = 0.39800000190734863
Training round: 782		accuracy = 0.4447000026702881
Training round: 783		accuracy = 0.45089998841285706
Training round: 784		accuracy = 0.5303999781608582
Training round: 785		accuracy = 0.5303000211715698
Training round: 786		accuracy = 0.4828000068664551
Training round: 787		accuracy = 0.47769999504089355
Training round: 788		accuracy = 0.4684000015258789
Training round: 789		accuracy = 0.4341000020503998
Training round: 790		accuracy = 0.4690999984741211
Training round: 791		accuracy = 0.5171999931335449
Training round: 792		accuracy = 0.48170000314712524
Training round: 793		accuracy = 0.45159998536109924
Training round: 794		accuracy = 0.46050000190734863
Training round: 795		accuracy = 0.45260000228881836
Training round: 796		accuracy = 0.45879998803138733
Training round: 797		accuracy = 0.4876999855041504
Training round: 798		accuracy = 0.4772000014781952
Training round: 799		accuracy = 0.4708000123500824
Training round: 800		accuracy = 0.4487000107765198
Training round: 801		accuracy = 0.49480000138282776
Training round: 802		accuracy = 0.4609000086784363
Training round: 803		accuracy = 0.47119998931884766
Training round: 804		accuracy = 0.43230000138282776
Training round: 805		accuracy = 0.4343000054359436
Training round: 806		accuracy = 0.45899999141693115
Training round: 807		accuracy = 0.4359000027179718
Training round: 808		accuracy = 0.482699990272522
Training round: 809		accuracy = 0.39070001244544983
Training round: 810		accuracy = 0.4675000011920929
Training round: 811		accuracy = 0.4505999982357025
Training round: 812		accuracy = 0.47099998593330383
Training round: 813		accuracy = 0.5331000089645386
Training round: 814		accuracy = 0.4837999939918518
Training round: 815		accuracy = 0.4571000039577484
Training round: 816		accuracy = 0.4871000051498413
Training round: 817		accuracy = 0.48579999804496765
Training round: 818		accuracy = 0.49149999022483826
Training round: 819		accuracy = 0.4650999903678894
Training round: 820		accuracy = 0.4230000078678131
Training round: 821		accuracy = 0.4627000093460083
Training round: 822		accuracy = 0.4587000012397766
Training round: 823		accuracy = 0.4645000100135803
Training round: 824		accuracy = 0.5202000141143799
Training round: 825		accuracy = 0.4790000021457672
Training round: 826		accuracy = 0.47519999742507935
Training round: 827		accuracy = 0.5045999884605408
Training round: 828		accuracy = 0.4251999855041504
Training round: 829		accuracy = 0.4643999934196472
Training round: 830		accuracy = 0.4657999873161316
Training round: 831		accuracy = 0.3977999985218048
Training round: 832		accuracy = 0.4690999984741211
Training round: 833		accuracy = 0.4763999879360199
Training round: 834		accuracy = 0.4876999855041504
Training round: 835		accuracy = 0.47040000557899475
Training round: 836		accuracy = 0.4968999922275543
Training round: 837		accuracy = 0.47929999232292175
Training round: 838		accuracy = 0.5145000219345093
Training round: 839		accuracy = 0.5067999958992004
Training round: 840		accuracy = 0.519599974155426
Training round: 841		accuracy = 0.46399998664855957
Training round: 842		accuracy = 0.48899999260902405
Training round: 843		accuracy = 0.5083000063896179
Training round: 844		accuracy = 0.5080999732017517
Training round: 845		accuracy = 0.49070000648498535
Training round: 846		accuracy = 0.4839000105857849
Training round: 847		accuracy = 0.45100000500679016
Training round: 848		accuracy = 0.5141000151634216
Training round: 849		accuracy = 0.4902999997138977
Training round: 850		accuracy = 0.506600022315979
Training round: 851		accuracy = 0.503600001335144
Training round: 852		accuracy = 0.4066999852657318
Training round: 853		accuracy = 0.4878000020980835
Training round: 854		accuracy = 0.48750001192092896
Training round: 855		accuracy = 0.4823000133037567
Training round: 856		accuracy = 0.498199999332428
Training round: 857		accuracy = 0.46810001134872437
Training round: 858		accuracy = 0.5005000233650208
Training round: 859		accuracy = 0.4932999908924103
Training round: 860		accuracy = 0.48989999294281006
Training round: 861		accuracy = 0.489300012588501
Training round: 862		accuracy = 0.4120999872684479
Training round: 863		accuracy = 0.4648999869823456
Training round: 864		accuracy = 0.47920000553131104
Training round: 865		accuracy = 0.45820000767707825
Training round: 866		accuracy = 0.5066999793052673
Training round: 867		accuracy = 0.501800000667572
Training round: 868		accuracy = 0.5091000199317932
Training round: 869		accuracy = 0.4507000148296356
Training round: 870		accuracy = 0.49059998989105225
Training round: 871		accuracy = 0.512499988079071
Training round: 872		accuracy = 0.476500004529953
Training round: 873		accuracy = 0.4595000147819519
Training round: 874		accuracy = 0.4903999865055084
Training round: 875		accuracy = 0.4422999918460846
Training round: 876		accuracy = 0.4934999942779541
Training round: 877		accuracy = 0.5004000067710876
Training round: 878		accuracy = 0.47380000352859497
Training round: 879		accuracy = 0.5109000205993652
Training round: 880		accuracy = 0.4609000086784363
Training round: 881		accuracy = 0.47530001401901245
Training round: 882		accuracy = 0.49779999256134033
Training round: 883		accuracy = 0.4810999929904938
Training round: 884		accuracy = 0.4507000148296356
Training round: 885		accuracy = 0.5026000142097473
Training round: 886		accuracy = 0.4862000048160553
Training round: 887		accuracy = 0.46050000190734863
Training round: 888		accuracy = 0.4771000146865845
Training round: 889		accuracy = 0.4812000095844269
Training round: 890		accuracy = 0.4796999990940094
Training round: 891		accuracy = 0.4921000003814697
Training round: 892		accuracy = 0.46869999170303345
Training round: 893		accuracy = 0.49300000071525574
Training round: 894		accuracy = 0.4884999990463257
Training round: 895		accuracy = 0.46619999408721924
Training round: 896		accuracy = 0.47620001435279846
Training round: 897		accuracy = 0.49630001187324524
Training round: 898		accuracy = 0.510699987411499
Training round: 899		accuracy = 0.49480000138282776
Training round: 900		accuracy = 0.4864000082015991
Training round: 901		accuracy = 0.489300012588501
Training round: 902		accuracy = 0.4611000120639801
Training round: 903		accuracy = 0.505299985408783
Training round: 904		accuracy = 0.4706999957561493
Training round: 905		accuracy = 0.5134999752044678
Training round: 906		accuracy = 0.4526999890804291
Training round: 907		accuracy = 0.5151000022888184
Training round: 908		accuracy = 0.4607999920845032
Training round: 909		accuracy = 0.5044999718666077
Training round: 910		accuracy = 0.4641999900341034
Training round: 911		accuracy = 0.5372999906539917
Training round: 912		accuracy = 0.4788999855518341
Training round: 913		accuracy = 0.5490999817848206
Training round: 914		accuracy = 0.48089998960494995
Training round: 915		accuracy = 0.4503999948501587
Training round: 916		accuracy = 0.427700012922287
Training round: 917		accuracy = 0.42579999566078186
Training round: 918		accuracy = 0.49050000309944153
Training round: 919		accuracy = 0.46239998936653137
Training round: 920		accuracy = 0.4374000132083893
Training round: 921		accuracy = 0.5174999833106995
Training round: 922		accuracy = 0.45399999618530273
Training round: 923		accuracy = 0.48010000586509705
Training round: 924		accuracy = 0.4745999872684479
Training round: 925		accuracy = 0.4772000014781952
Training round: 926		accuracy = 0.460999995470047
Training round: 927		accuracy = 0.5040000081062317
Training round: 928		accuracy = 0.5070000290870667
Training round: 929		accuracy = 0.4699999988079071
Training round: 930		accuracy = 0.4575999975204468
Training round: 931		accuracy = 0.4180999994277954
Training round: 932		accuracy = 0.4790000021457672
Training round: 933		accuracy = 0.513700008392334
Training round: 934		accuracy = 0.4982999861240387
Training round: 935		accuracy = 0.4869000017642975
Training round: 936		accuracy = 0.5343000292778015
Training round: 937		accuracy = 0.4553999900817871
Training round: 938		accuracy = 0.4848000109195709
Training round: 939		accuracy = 0.47380000352859497
Training round: 940		accuracy = 0.49570000171661377
Training round: 941		accuracy = 0.46230000257492065
Training round: 942		accuracy = 0.5012000203132629
Training round: 943		accuracy = 0.44530001282691956
Training round: 944		accuracy = 0.5212000012397766
Training round: 945		accuracy = 0.5117999911308289
Training round: 946		accuracy = 0.48899999260902405
Training round: 947		accuracy = 0.4562999904155731
Training round: 948		accuracy = 0.4893999993801117
Training round: 949		accuracy = 0.4819999933242798
Training round: 950		accuracy = 0.47519999742507935
Training round: 951		accuracy = 0.4973999857902527
Training round: 952		accuracy = 0.4636000096797943
Training round: 953		accuracy = 0.4731000065803528
Training round: 954		accuracy = 0.46129998564720154
Training round: 955		accuracy = 0.46399998664855957
Training round: 956		accuracy = 0.4625000059604645
Training round: 957		accuracy = 0.5170999765396118
Training round: 958		accuracy = 0.4657999873161316
Training round: 959		accuracy = 0.5080000162124634
Training round: 960		accuracy = 0.5128999948501587
Training round: 961		accuracy = 0.5253999829292297
Training round: 962		accuracy = 0.47679999470710754
Training round: 963		accuracy = 0.4909000098705292
Training round: 964		accuracy = 0.506600022315979
Training round: 965		accuracy = 0.4966999888420105
Training round: 966		accuracy = 0.4611999988555908
Training round: 967		accuracy = 0.49889999628067017
Training round: 968		accuracy = 0.4864000082015991
Training round: 969		accuracy = 0.4648999869823456
Training round: 970		accuracy = 0.49709999561309814
Training round: 971		accuracy = 0.4708999991416931
Training round: 972		accuracy = 0.4984000027179718
Training round: 973		accuracy = 0.4880000054836273
Training round: 974		accuracy = 0.48410001397132874
Training round: 975		accuracy = 0.4950999915599823
Training round: 976		accuracy = 0.4433000087738037
Training round: 977		accuracy = 0.4399000108242035
Training round: 978		accuracy = 0.4821000099182129
Training round: 979		accuracy = 0.46790000796318054
Training round: 980		accuracy = 0.4408999979496002
Training round: 981		accuracy = 0.5062999725341797
Training round: 982		accuracy = 0.498199999332428
Training round: 983		accuracy = 0.5723000168800354
Training round: 984		accuracy = 0.5235000252723694
Training round: 985		accuracy = 0.5181000232696533
Training round: 986		accuracy = 0.48249998688697815
Training round: 987		accuracy = 0.491100013256073
Training round: 988		accuracy = 0.48660001158714294
Training round: 989		accuracy = 0.5037999749183655
Training round: 990		accuracy = 0.4903999865055084
Training round: 991		accuracy = 0.5105999708175659
Training round: 992		accuracy = 0.527899980545044
Training round: 993		accuracy = 0.5221999883651733
Training round: 994		accuracy = 0.5012000203132629
Training round: 995		accuracy = 0.4837000072002411
Training round: 996		accuracy = 0.487199991941452
Training round: 997		accuracy = 0.4832000136375427
Training round: 998		accuracy = 0.5134000182151794
Training round: 999		accuracy = 0.5016999840736389
Training round: 1000		accuracy = 0.47679999470710754
Training duration 9885.470318078995
