2021-08-21 23:32:51.538807: I tensorflow/stream_executor/platform/default/dso_loader.cc:49] Successfully opened dynamic library libcudart.so.11.0
2021-08-21 23:33:15.613409: I tensorflow/compiler/jit/xla_cpu_device.cc:41] Not creating XLA devices, tf_xla_enable_xla_devices not set
2021-08-21 23:33:15.619034: I tensorflow/stream_executor/platform/default/dso_loader.cc:49] Successfully opened dynamic library libcuda.so.1
2021-08-21 23:33:15.706865: I tensorflow/core/common_runtime/gpu/gpu_device.cc:1720] Found device 0 with properties: 
pciBusID: 0000:af:00.0 name: Tesla V100-SXM2-32GB computeCapability: 7.0
coreClock: 1.53GHz coreCount: 80 deviceMemorySize: 31.75GiB deviceMemoryBandwidth: 836.37GiB/s
2021-08-21 23:33:15.707855: I tensorflow/stream_executor/platform/default/dso_loader.cc:49] Successfully opened dynamic library libcudart.so.11.0
2021-08-21 23:33:15.719396: I tensorflow/stream_executor/platform/default/dso_loader.cc:49] Successfully opened dynamic library libcublas.so.11
2021-08-21 23:33:15.719605: I tensorflow/stream_executor/platform/default/dso_loader.cc:49] Successfully opened dynamic library libcublasLt.so.11
2021-08-21 23:33:15.725665: I tensorflow/stream_executor/platform/default/dso_loader.cc:49] Successfully opened dynamic library libcufft.so.10
2021-08-21 23:33:15.728094: I tensorflow/stream_executor/platform/default/dso_loader.cc:49] Successfully opened dynamic library libcurand.so.10
2021-08-21 23:33:15.737444: I tensorflow/stream_executor/platform/default/dso_loader.cc:49] Successfully opened dynamic library libcusolver.so.10
2021-08-21 23:33:15.739854: I tensorflow/stream_executor/platform/default/dso_loader.cc:49] Successfully opened dynamic library libcusparse.so.11
2021-08-21 23:33:15.740959: I tensorflow/stream_executor/platform/default/dso_loader.cc:49] Successfully opened dynamic library libcudnn.so.8
2021-08-21 23:33:15.749443: I tensorflow/core/common_runtime/gpu/gpu_device.cc:1862] Adding visible gpu devices: 0
2021-08-21 23:33:15.751337: I tensorflow/core/platform/cpu_feature_guard.cc:142] This TensorFlow binary is optimized with oneAPI Deep Neural Network Library (oneDNN) to use the following CPU instructions in performance-critical operations:  AVX2 AVX512F FMA
To enable them in other operations, rebuild TensorFlow with the appropriate compiler flags.
2021-08-21 23:33:15.751777: I tensorflow/compiler/jit/xla_gpu_device.cc:99] Not creating XLA devices, tf_xla_enable_xla_devices not set
2021-08-21 23:33:15.755555: I tensorflow/core/common_runtime/gpu/gpu_device.cc:1720] Found device 0 with properties: 
pciBusID: 0000:af:00.0 name: Tesla V100-SXM2-32GB computeCapability: 7.0
coreClock: 1.53GHz coreCount: 80 deviceMemorySize: 31.75GiB deviceMemoryBandwidth: 836.37GiB/s
2021-08-21 23:33:15.755659: I tensorflow/stream_executor/platform/default/dso_loader.cc:49] Successfully opened dynamic library libcudart.so.11.0
2021-08-21 23:33:15.755726: I tensorflow/stream_executor/platform/default/dso_loader.cc:49] Successfully opened dynamic library libcublas.so.11
2021-08-21 23:33:15.755866: I tensorflow/stream_executor/platform/default/dso_loader.cc:49] Successfully opened dynamic library libcublasLt.so.11
2021-08-21 23:33:15.755921: I tensorflow/stream_executor/platform/default/dso_loader.cc:49] Successfully opened dynamic library libcufft.so.10
2021-08-21 23:33:15.755973: I tensorflow/stream_executor/platform/default/dso_loader.cc:49] Successfully opened dynamic library libcurand.so.10
2021-08-21 23:33:15.756026: I tensorflow/stream_executor/platform/default/dso_loader.cc:49] Successfully opened dynamic library libcusolver.so.10
2021-08-21 23:33:15.756081: I tensorflow/stream_executor/platform/default/dso_loader.cc:49] Successfully opened dynamic library libcusparse.so.11
2021-08-21 23:33:15.756219: I tensorflow/stream_executor/platform/default/dso_loader.cc:49] Successfully opened dynamic library libcudnn.so.8
2021-08-21 23:33:15.763144: I tensorflow/core/common_runtime/gpu/gpu_device.cc:1862] Adding visible gpu devices: 0
2021-08-21 23:33:15.763280: I tensorflow/stream_executor/platform/default/dso_loader.cc:49] Successfully opened dynamic library libcudart.so.11.0
2021-08-21 23:33:17.289180: I tensorflow/core/common_runtime/gpu/gpu_device.cc:1261] Device interconnect StreamExecutor with strength 1 edge matrix:
2021-08-21 23:33:17.289360: I tensorflow/core/common_runtime/gpu/gpu_device.cc:1267]      0 
2021-08-21 23:33:17.289507: I tensorflow/core/common_runtime/gpu/gpu_device.cc:1280] 0:   N 
2021-08-21 23:33:17.298129: I tensorflow/core/common_runtime/gpu/gpu_device.cc:1406] Created TensorFlow device (/job:localhost/replica:0/task:0/device:GPU:0 with 30130 MB memory) -> physical GPU (device: 0, name: Tesla V100-SXM2-32GB, pci bus id: 0000:af:00.0, compute capability: 7.0)
2021-08-21 23:33:27.310699: I tensorflow/compiler/mlir/mlir_graph_optimization_pass.cc:116] None of the MLIR optimization passes are enabled (registered 2)
2021-08-21 23:33:27.319837: I tensorflow/core/platform/profile_utils/cpu_utils.cc:112] CPU Frequency: 2100000000 Hz
2021-08-21 23:33:27.473001: I tensorflow/stream_executor/platform/default/dso_loader.cc:49] Successfully opened dynamic library libcublas.so.11
2021-08-21 23:33:28.048405: I tensorflow/stream_executor/platform/default/dso_loader.cc:49] Successfully opened dynamic library libcublasLt.so.11
2021-08-21 23:33:28.060119: I tensorflow/stream_executor/platform/default/dso_loader.cc:49] Successfully opened dynamic library libcudnn.so.8
2021-08-21 23:33:31.081050: W tensorflow/stream_executor/gpu/asm_compiler.cc:63] Running ptxas --version returned 256
2021-08-21 23:33:31.143634: W tensorflow/stream_executor/gpu/redzone_allocator.cc:314] Internal: ptxas exited with non-zero error code 256, output: 
Relying on driver to perform ptx compilation. 
Modify $PATH to customize ptxas location.
This message will be only logged once.
Training round: 1		accuracy = 0.359710156917572
Training round: 2		accuracy = 0.38695651292800903
Training round: 3		accuracy = 0.5730434656143188
Training round: 4		accuracy = 0.6031883955001831
Training round: 5		accuracy = 0.5704348087310791
Training round: 6		accuracy = 0.6486956477165222
Training round: 7		accuracy = 0.6550724506378174
Training round: 8		accuracy = 0.653333306312561
Training round: 9		accuracy = 0.6023188233375549
Training round: 10		accuracy = 0.6350724697113037
Training round: 11		accuracy = 0.5985507369041443
Training round: 12		accuracy = 0.5495651960372925
Training round: 13		accuracy = 0.6107246279716492
Training round: 14		accuracy = 0.6211594343185425
Training round: 15		accuracy = 0.5356521606445312
Training round: 16		accuracy = 0.585797131061554
Training round: 17		accuracy = 0.5585507154464722
Training round: 18		accuracy = 0.6136232018470764
Training round: 19		accuracy = 0.6202898621559143
Training round: 20		accuracy = 0.5904347896575928
Training round: 21		accuracy = 0.6228985786437988
Training round: 22		accuracy = 0.6426087021827698
Training round: 23		accuracy = 0.5849275588989258
Training round: 24		accuracy = 0.5565217137336731
Training round: 25		accuracy = 0.5953623056411743
Training round: 26		accuracy = 0.651014506816864
Training round: 27		accuracy = 0.6350724697113037
Training round: 28		accuracy = 0.6214492917060852
Training round: 29		accuracy = 0.6333333253860474
Training round: 30		accuracy = 0.656521737575531
Training round: 31		accuracy = 0.6492753624916077
Training round: 32		accuracy = 0.6536231637001038
Training round: 33		accuracy = 0.6028985381126404
Training round: 34		accuracy = 0.6266666650772095
Training round: 35		accuracy = 0.6536231637001038
Training round: 36		accuracy = 0.6550724506378174
Training round: 37		accuracy = 0.6594203114509583
Training round: 38		accuracy = 0.6237680912017822
Training round: 39		accuracy = 0.5968115925788879
Training round: 40		accuracy = 0.5921739339828491
Training round: 41		accuracy = 0.634782612323761
Training round: 42		accuracy = 0.651014506816864
Training round: 43		accuracy = 0.6382608413696289
Training round: 44		accuracy = 0.6344927549362183
Training round: 45		accuracy = 0.642318844795227
Training round: 46		accuracy = 0.6359420418739319
Training round: 47		accuracy = 0.6437681317329407
Training round: 48		accuracy = 0.6231883764266968
Training round: 49		accuracy = 0.6281159520149231
Training round: 50		accuracy = 0.6086956262588501
Training round: 51		accuracy = 0.6368116140365601
Training round: 52		accuracy = 0.6730434894561768
Training round: 53		accuracy = 0.6611593961715698
Training round: 54		accuracy = 0.6637681126594543
Training round: 55		accuracy = 0.6449275612831116
Training round: 56		accuracy = 0.651014506816864
Training round: 57		accuracy = 0.6513043642044067
Training round: 58		accuracy = 0.6368116140365601
Training round: 59		accuracy = 0.6675362586975098
Training round: 60		accuracy = 0.6501449346542358
Training round: 61		accuracy = 0.6684057712554932
Training round: 62		accuracy = 0.6678261160850525
Training round: 63		accuracy = 0.6660869717597961
Training round: 64		accuracy = 0.6385506987571716
Training round: 65		accuracy = 0.6513043642044067
Training round: 66		accuracy = 0.6318840384483337
Training round: 67		accuracy = 0.6571014523506165
Training round: 68		accuracy = 0.6431884169578552
Training round: 69		accuracy = 0.6492753624916077
Training round: 70		accuracy = 0.6472463607788086
Training round: 71		accuracy = 0.6336231827735901
Training round: 72		accuracy = 0.6089854836463928
Training round: 73		accuracy = 0.6368116140365601
Training round: 74		accuracy = 0.6252173781394958
Training round: 75		accuracy = 0.6046376824378967
Training round: 76		accuracy = 0.5968115925788879
Training round: 77		accuracy = 0.5991304516792297
Training round: 78		accuracy = 0.6000000238418579
Training round: 79		accuracy = 0.626086950302124
Training round: 80		accuracy = 0.6556521654129028
Training round: 81		accuracy = 0.6046376824378967
Training round: 82		accuracy = 0.6310144662857056
Training round: 83		accuracy = 0.6046376824378967
Training round: 84		accuracy = 0.620579719543457
Training round: 85		accuracy = 0.6014492511749268
Training round: 86		accuracy = 0.6466666460037231
Training round: 87		accuracy = 0.6582608819007874
Training round: 88		accuracy = 0.6336231827735901
Training round: 89		accuracy = 0.6301449537277222
Training round: 90		accuracy = 0.626086950302124
Training round: 91		accuracy = 0.6536231637001038
Training round: 92		accuracy = 0.6399999856948853
Training round: 93		accuracy = 0.5831884145736694
Training round: 94		accuracy = 0.6382608413696289
Training round: 95		accuracy = 0.6481159329414368
Training round: 96		accuracy = 0.6194202899932861
Training round: 97		accuracy = 0.6231883764266968
Training round: 98		accuracy = 0.6504347920417786
Training round: 99		accuracy = 0.6394202709197998
Training round: 100		accuracy = 0.645797073841095
Training duration 5503.475801229477
