2021-08-21 23:41:02.261597: I tensorflow/stream_executor/platform/default/dso_loader.cc:49] Successfully opened dynamic library libcudart.so.11.0
2021-08-21 23:41:28.360572: I tensorflow/compiler/jit/xla_cpu_device.cc:41] Not creating XLA devices, tf_xla_enable_xla_devices not set
2021-08-21 23:41:28.364184: I tensorflow/stream_executor/platform/default/dso_loader.cc:49] Successfully opened dynamic library libcuda.so.1
2021-08-21 23:41:28.436457: I tensorflow/core/common_runtime/gpu/gpu_device.cc:1720] Found device 0 with properties: 
pciBusID: 0000:18:00.0 name: Tesla V100-SXM2-32GB computeCapability: 7.0
coreClock: 1.53GHz coreCount: 80 deviceMemorySize: 31.75GiB deviceMemoryBandwidth: 836.37GiB/s
2021-08-21 23:41:28.437184: I tensorflow/stream_executor/platform/default/dso_loader.cc:49] Successfully opened dynamic library libcudart.so.11.0
2021-08-21 23:41:28.469800: I tensorflow/stream_executor/platform/default/dso_loader.cc:49] Successfully opened dynamic library libcublas.so.11
2021-08-21 23:41:28.469993: I tensorflow/stream_executor/platform/default/dso_loader.cc:49] Successfully opened dynamic library libcublasLt.so.11
2021-08-21 23:41:28.476341: I tensorflow/stream_executor/platform/default/dso_loader.cc:49] Successfully opened dynamic library libcufft.so.10
2021-08-21 23:41:28.478940: I tensorflow/stream_executor/platform/default/dso_loader.cc:49] Successfully opened dynamic library libcurand.so.10
2021-08-21 23:41:28.488574: I tensorflow/stream_executor/platform/default/dso_loader.cc:49] Successfully opened dynamic library libcusolver.so.10
2021-08-21 23:41:28.490877: I tensorflow/stream_executor/platform/default/dso_loader.cc:49] Successfully opened dynamic library libcusparse.so.11
2021-08-21 23:41:28.491623: I tensorflow/stream_executor/platform/default/dso_loader.cc:49] Successfully opened dynamic library libcudnn.so.8
2021-08-21 23:41:28.507836: I tensorflow/core/common_runtime/gpu/gpu_device.cc:1862] Adding visible gpu devices: 0
2021-08-21 23:41:28.508897: I tensorflow/core/platform/cpu_feature_guard.cc:142] This TensorFlow binary is optimized with oneAPI Deep Neural Network Library (oneDNN) to use the following CPU instructions in performance-critical operations:  AVX2 AVX512F FMA
To enable them in other operations, rebuild TensorFlow with the appropriate compiler flags.
2021-08-21 23:41:28.509262: I tensorflow/compiler/jit/xla_gpu_device.cc:99] Not creating XLA devices, tf_xla_enable_xla_devices not set
2021-08-21 23:41:28.512588: I tensorflow/core/common_runtime/gpu/gpu_device.cc:1720] Found device 0 with properties: 
pciBusID: 0000:18:00.0 name: Tesla V100-SXM2-32GB computeCapability: 7.0
coreClock: 1.53GHz coreCount: 80 deviceMemorySize: 31.75GiB deviceMemoryBandwidth: 836.37GiB/s
2021-08-21 23:41:28.512736: I tensorflow/stream_executor/platform/default/dso_loader.cc:49] Successfully opened dynamic library libcudart.so.11.0
2021-08-21 23:41:28.512804: I tensorflow/stream_executor/platform/default/dso_loader.cc:49] Successfully opened dynamic library libcublas.so.11
2021-08-21 23:41:28.512910: I tensorflow/stream_executor/platform/default/dso_loader.cc:49] Successfully opened dynamic library libcublasLt.so.11
2021-08-21 23:41:28.513021: I tensorflow/stream_executor/platform/default/dso_loader.cc:49] Successfully opened dynamic library libcufft.so.10
2021-08-21 23:41:28.513138: I tensorflow/stream_executor/platform/default/dso_loader.cc:49] Successfully opened dynamic library libcurand.so.10
2021-08-21 23:41:28.513190: I tensorflow/stream_executor/platform/default/dso_loader.cc:49] Successfully opened dynamic library libcusolver.so.10
2021-08-21 23:41:28.513237: I tensorflow/stream_executor/platform/default/dso_loader.cc:49] Successfully opened dynamic library libcusparse.so.11
2021-08-21 23:41:28.513347: I tensorflow/stream_executor/platform/default/dso_loader.cc:49] Successfully opened dynamic library libcudnn.so.8
2021-08-21 23:41:28.520457: I tensorflow/core/common_runtime/gpu/gpu_device.cc:1862] Adding visible gpu devices: 0
2021-08-21 23:41:28.520628: I tensorflow/stream_executor/platform/default/dso_loader.cc:49] Successfully opened dynamic library libcudart.so.11.0
2021-08-21 23:41:29.869390: I tensorflow/core/common_runtime/gpu/gpu_device.cc:1261] Device interconnect StreamExecutor with strength 1 edge matrix:
2021-08-21 23:41:29.869601: I tensorflow/core/common_runtime/gpu/gpu_device.cc:1267]      0 
2021-08-21 23:41:29.869747: I tensorflow/core/common_runtime/gpu/gpu_device.cc:1280] 0:   N 
2021-08-21 23:41:29.877818: I tensorflow/core/common_runtime/gpu/gpu_device.cc:1406] Created TensorFlow device (/job:localhost/replica:0/task:0/device:GPU:0 with 30130 MB memory) -> physical GPU (device: 0, name: Tesla V100-SXM2-32GB, pci bus id: 0000:18:00.0, compute capability: 7.0)
2021-08-21 23:41:38.709768: I tensorflow/compiler/mlir/mlir_graph_optimization_pass.cc:116] None of the MLIR optimization passes are enabled (registered 2)
2021-08-21 23:41:38.714232: I tensorflow/core/platform/profile_utils/cpu_utils.cc:112] CPU Frequency: 2100000000 Hz
2021-08-21 23:41:38.790755: I tensorflow/stream_executor/platform/default/dso_loader.cc:49] Successfully opened dynamic library libcublas.so.11
2021-08-21 23:41:39.369537: I tensorflow/stream_executor/platform/default/dso_loader.cc:49] Successfully opened dynamic library libcublasLt.so.11
2021-08-21 23:41:39.378941: I tensorflow/stream_executor/platform/default/dso_loader.cc:49] Successfully opened dynamic library libcudnn.so.8
2021-08-21 23:41:41.929659: W tensorflow/stream_executor/gpu/asm_compiler.cc:63] Running ptxas --version returned 256
2021-08-21 23:41:42.019239: W tensorflow/stream_executor/gpu/redzone_allocator.cc:314] Internal: ptxas exited with non-zero error code 256, output: 
Relying on driver to perform ptx compilation. 
Modify $PATH to customize ptxas location.
This message will be only logged once.
Training round: 1		accuracy = 0.6495652198791504
Training round: 2		accuracy = 0.645507276058197
Training round: 3		accuracy = 0.5947825908660889
Training round: 4		accuracy = 0.6220290064811707
Training round: 5		accuracy = 0.6104347705841064
Training round: 6		accuracy = 0.5930435061454773
Training round: 7		accuracy = 0.6049275398254395
Training round: 8		accuracy = 0.6263768076896667
Training round: 9		accuracy = 0.6176811456680298
Training round: 10		accuracy = 0.6194202899932861
Training round: 11		accuracy = 0.6182608604431152
Training round: 12		accuracy = 0.6191304326057434
Training round: 13		accuracy = 0.6173912882804871
Training round: 14		accuracy = 0.620579719543457
Training round: 15		accuracy = 0.6208695769309998
Training round: 16		accuracy = 0.6159420013427734
Training round: 17		accuracy = 0.618550717830658
Training round: 18		accuracy = 0.6246376633644104
Training round: 19		accuracy = 0.6231883764266968
Training round: 20		accuracy = 0.6214492917060852
Training round: 21		accuracy = 0.6220290064811707
Training round: 22		accuracy = 0.6228985786437988
Training round: 23		accuracy = 0.6228985786437988
Training round: 24		accuracy = 0.6246376633644104
Training round: 25		accuracy = 0.624057948589325
Training round: 26		accuracy = 0.6228985786437988
Training round: 27		accuracy = 0.6263768076896667
Training round: 28		accuracy = 0.6272463798522949
Training round: 29		accuracy = 0.6269565224647522
Training round: 30		accuracy = 0.6272463798522949
Training round: 31		accuracy = 0.6272463798522949
Training round: 32		accuracy = 0.6266666650772095
Training round: 33		accuracy = 0.6284058094024658
Training round: 34		accuracy = 0.6289855241775513
Training round: 35		accuracy = 0.6304348111152649
Training round: 36		accuracy = 0.6298550963401794
Training round: 37		accuracy = 0.6446377038955688
Training round: 38		accuracy = 0.6440579891204834
Training round: 39		accuracy = 0.6463767886161804
Training round: 40		accuracy = 0.6481159329414368
Training round: 41		accuracy = 0.6472463607788086
Training round: 42		accuracy = 0.6481159329414368
Training round: 43		accuracy = 0.6475362181663513
Training round: 44		accuracy = 0.6492753624916077
Training round: 45		accuracy = 0.6486956477165222
Training round: 46		accuracy = 0.6507246494293213
Training round: 47		accuracy = 0.6507246494293213
Training round: 48		accuracy = 0.6504347920417786
Training round: 49		accuracy = 0.651014506816864
Training round: 50		accuracy = 0.6524637937545776
Training round: 51		accuracy = 0.6513043642044067
Training round: 52		accuracy = 0.6527536511421204
Training round: 53		accuracy = 0.6521739363670349
Training round: 54		accuracy = 0.6518840789794922
Training round: 55		accuracy = 0.6518840789794922
Training round: 56		accuracy = 0.6513043642044067
Training round: 57		accuracy = 0.6524637937545776
Training round: 58		accuracy = 0.653333306312561
Training round: 59		accuracy = 0.6530434489250183
Training round: 60		accuracy = 0.6544927358627319
Training round: 61		accuracy = 0.653333306312561
Training round: 62		accuracy = 0.6536231637001038
Training round: 63		accuracy = 0.6536231637001038
Training round: 64		accuracy = 0.653333306312561
Training round: 65		accuracy = 0.6539130210876465
Training round: 66		accuracy = 0.6553623080253601
Training round: 67		accuracy = 0.6078261137008667
Training round: 68		accuracy = 0.6472463607788086
Training round: 69		accuracy = 0.6489855051040649
Training round: 70		accuracy = 0.6547825932502747
Training round: 71		accuracy = 0.6553623080253601
Training round: 72		accuracy = 0.6573913097381592
Training round: 73		accuracy = 0.6600000262260437
Training round: 74		accuracy = 0.6614492535591125
Training round: 75		accuracy = 0.6602898836135864
Training round: 76		accuracy = 0.659710168838501
Training round: 77		accuracy = 0.6617391109466553
Training round: 78		accuracy = 0.629275381565094
Training round: 79		accuracy = 0.662028968334198
Training round: 80		accuracy = 0.6626086831092834
Training round: 81		accuracy = 0.6660869717597961
Training round: 82		accuracy = 0.6678261160850525
Training round: 83		accuracy = 0.6710144877433777
Training round: 84		accuracy = 0.6730434894561768
Training round: 85		accuracy = 0.6724637746810913
Training round: 86		accuracy = 0.6744927763938904
Training round: 87		accuracy = 0.6747826337814331
Training round: 88		accuracy = 0.6742029190063477
Training round: 89		accuracy = 0.6739130616188049
Training round: 90		accuracy = 0.6223188638687134
Training round: 91		accuracy = 0.6608695387840271
Training round: 92		accuracy = 0.6594203114509583
Training round: 93		accuracy = 0.665217399597168
Training round: 94		accuracy = 0.6689854860305786
Training round: 95		accuracy = 0.6701449155807495
Training round: 96		accuracy = 0.6718840599060059
Training round: 97		accuracy = 0.6739130616188049
Training round: 98		accuracy = 0.6736232042312622
Training round: 99		accuracy = 0.6750724911689758
Training round: 100		accuracy = 0.6742029190063477
Training duration 4024.097979784012
