2021-08-21 22:52:54.968136: I tensorflow/stream_executor/platform/default/dso_loader.cc:49] Successfully opened dynamic library libcudart.so.11.0
2021-08-21 22:53:14.438733: I tensorflow/compiler/jit/xla_cpu_device.cc:41] Not creating XLA devices, tf_xla_enable_xla_devices not set
2021-08-21 22:53:14.444749: I tensorflow/stream_executor/platform/default/dso_loader.cc:49] Successfully opened dynamic library libcuda.so.1
2021-08-21 22:53:14.489057: I tensorflow/core/common_runtime/gpu/gpu_device.cc:1720] Found device 0 with properties: 
pciBusID: 0000:06:00.0 name: Tesla P100-PCIE-16GB computeCapability: 6.0
coreClock: 1.3285GHz coreCount: 56 deviceMemorySize: 15.90GiB deviceMemoryBandwidth: 681.88GiB/s
2021-08-21 22:53:14.489435: I tensorflow/stream_executor/platform/default/dso_loader.cc:49] Successfully opened dynamic library libcudart.so.11.0
2021-08-21 22:53:14.499106: I tensorflow/stream_executor/platform/default/dso_loader.cc:49] Successfully opened dynamic library libcublas.so.11
2021-08-21 22:53:14.499316: I tensorflow/stream_executor/platform/default/dso_loader.cc:49] Successfully opened dynamic library libcublasLt.so.11
2021-08-21 22:53:14.504523: I tensorflow/stream_executor/platform/default/dso_loader.cc:49] Successfully opened dynamic library libcufft.so.10
2021-08-21 22:53:14.506768: I tensorflow/stream_executor/platform/default/dso_loader.cc:49] Successfully opened dynamic library libcurand.so.10
2021-08-21 22:53:14.514654: I tensorflow/stream_executor/platform/default/dso_loader.cc:49] Successfully opened dynamic library libcusolver.so.10
2021-08-21 22:53:14.516812: I tensorflow/stream_executor/platform/default/dso_loader.cc:49] Successfully opened dynamic library libcusparse.so.11
2021-08-21 22:53:14.517638: I tensorflow/stream_executor/platform/default/dso_loader.cc:49] Successfully opened dynamic library libcudnn.so.8
2021-08-21 22:53:14.533217: I tensorflow/core/common_runtime/gpu/gpu_device.cc:1862] Adding visible gpu devices: 0
2021-08-21 22:53:14.535779: I tensorflow/core/platform/cpu_feature_guard.cc:142] This TensorFlow binary is optimized with oneAPI Deep Neural Network Library (oneDNN) to use the following CPU instructions in performance-critical operations:  AVX2 FMA
To enable them in other operations, rebuild TensorFlow with the appropriate compiler flags.
2021-08-21 22:53:14.536614: I tensorflow/compiler/jit/xla_gpu_device.cc:99] Not creating XLA devices, tf_xla_enable_xla_devices not set
2021-08-21 22:53:14.538110: I tensorflow/core/common_runtime/gpu/gpu_device.cc:1720] Found device 0 with properties: 
pciBusID: 0000:06:00.0 name: Tesla P100-PCIE-16GB computeCapability: 6.0
coreClock: 1.3285GHz coreCount: 56 deviceMemorySize: 15.90GiB deviceMemoryBandwidth: 681.88GiB/s
2021-08-21 22:53:14.538237: I tensorflow/stream_executor/platform/default/dso_loader.cc:49] Successfully opened dynamic library libcudart.so.11.0
2021-08-21 22:53:14.538356: I tensorflow/stream_executor/platform/default/dso_loader.cc:49] Successfully opened dynamic library libcublas.so.11
2021-08-21 22:53:14.538419: I tensorflow/stream_executor/platform/default/dso_loader.cc:49] Successfully opened dynamic library libcublasLt.so.11
2021-08-21 22:53:14.538511: I tensorflow/stream_executor/platform/default/dso_loader.cc:49] Successfully opened dynamic library libcufft.so.10
2021-08-21 22:53:14.538577: I tensorflow/stream_executor/platform/default/dso_loader.cc:49] Successfully opened dynamic library libcurand.so.10
2021-08-21 22:53:14.538634: I tensorflow/stream_executor/platform/default/dso_loader.cc:49] Successfully opened dynamic library libcusolver.so.10
2021-08-21 22:53:14.538728: I tensorflow/stream_executor/platform/default/dso_loader.cc:49] Successfully opened dynamic library libcusparse.so.11
2021-08-21 22:53:14.538830: I tensorflow/stream_executor/platform/default/dso_loader.cc:49] Successfully opened dynamic library libcudnn.so.8
2021-08-21 22:53:14.541288: I tensorflow/core/common_runtime/gpu/gpu_device.cc:1862] Adding visible gpu devices: 0
2021-08-21 22:53:14.541420: I tensorflow/stream_executor/platform/default/dso_loader.cc:49] Successfully opened dynamic library libcudart.so.11.0
2021-08-21 22:53:15.741600: I tensorflow/core/common_runtime/gpu/gpu_device.cc:1261] Device interconnect StreamExecutor with strength 1 edge matrix:
2021-08-21 22:53:15.741801: I tensorflow/core/common_runtime/gpu/gpu_device.cc:1267]      0 
2021-08-21 22:53:15.741925: I tensorflow/core/common_runtime/gpu/gpu_device.cc:1280] 0:   N 
2021-08-21 22:53:15.746174: I tensorflow/core/common_runtime/gpu/gpu_device.cc:1406] Created TensorFlow device (/job:localhost/replica:0/task:0/device:GPU:0 with 14957 MB memory) -> physical GPU (device: 0, name: Tesla P100-PCIE-16GB, pci bus id: 0000:06:00.0, compute capability: 6.0)
2021-08-21 22:53:23.948120: I tensorflow/compiler/mlir/mlir_graph_optimization_pass.cc:116] None of the MLIR optimization passes are enabled (registered 2)
2021-08-21 22:53:23.952073: I tensorflow/core/platform/profile_utils/cpu_utils.cc:112] CPU Frequency: 2200185000 Hz
2021-08-21 22:53:24.052827: I tensorflow/stream_executor/platform/default/dso_loader.cc:49] Successfully opened dynamic library libcublas.so.11
2021-08-21 22:53:24.429635: I tensorflow/stream_executor/platform/default/dso_loader.cc:49] Successfully opened dynamic library libcublasLt.so.11
2021-08-21 22:53:24.436515: I tensorflow/stream_executor/platform/default/dso_loader.cc:49] Successfully opened dynamic library libcudnn.so.8
2021-08-21 22:53:26.060683: W tensorflow/stream_executor/gpu/asm_compiler.cc:63] Running ptxas --version returned 256
2021-08-21 22:53:26.120749: W tensorflow/stream_executor/gpu/redzone_allocator.cc:314] Internal: ptxas exited with non-zero error code 256, output: 
Relying on driver to perform ptx compilation. 
Modify $PATH to customize ptxas location.
This message will be only logged once.
OverlapMutator started.
OverlapMutator finished.
Training round: 1		accuracy = 0.5686956644058228
Training round: 2		accuracy = 0.6350724697113037
Training round: 3		accuracy = 0.6269565224647522
Training round: 4		accuracy = 0.6828985214233398
Training round: 5		accuracy = 0.6559420228004456
Training round: 6		accuracy = 0.6481159329414368
Training round: 7		accuracy = 0.7060869336128235
Training round: 8		accuracy = 0.6942028999328613
Training round: 9		accuracy = 0.7092753648757935
Training round: 10		accuracy = 0.7081159353256226
Training round: 11		accuracy = 0.7162318825721741
Training round: 12		accuracy = 0.7315942049026489
Training round: 13		accuracy = 0.7011594176292419
Training round: 14		accuracy = 0.7226086854934692
Training round: 15		accuracy = 0.7147825956344604
Training round: 16		accuracy = 0.7139130234718323
Training round: 17		accuracy = 0.746666669845581
Training round: 18		accuracy = 0.7431883811950684
Training round: 19		accuracy = 0.7333333492279053
Training round: 20		accuracy = 0.7188405990600586
Training round: 21		accuracy = 0.7092753648757935
Training round: 22		accuracy = 0.7489855289459229
Training round: 23		accuracy = 0.7347826361656189
Training round: 24		accuracy = 0.7405797243118286
Training round: 25		accuracy = 0.7130434513092041
Training round: 26		accuracy = 0.7434782385826111
Training round: 27		accuracy = 0.7330434918403625
Training round: 28		accuracy = 0.7373912930488586
Training round: 29		accuracy = 0.7379710078239441
Training round: 30		accuracy = 0.7518840432167053
Training round: 31		accuracy = 0.7579709887504578
Training round: 32		accuracy = 0.7617391347885132
Training round: 33		accuracy = 0.7565217614173889
Training round: 34		accuracy = 0.7417391538619995
Training round: 35		accuracy = 0.7518840432167053
Training round: 36		accuracy = 0.7344927787780762
Training round: 37		accuracy = 0.7353622913360596
Training round: 38		accuracy = 0.7434782385826111
Training round: 39		accuracy = 0.7420290112495422
Training round: 40		accuracy = 0.7495652437210083
Training round: 41		accuracy = 0.7504347562789917
Training round: 42		accuracy = 0.747826099395752
Training round: 43		accuracy = 0.7579709887504578
Training round: 44		accuracy = 0.7484058141708374
Training round: 45		accuracy = 0.750144898891449
Training round: 46		accuracy = 0.7368115782737732
Training round: 47		accuracy = 0.7565217614173889
Training round: 48		accuracy = 0.7513043284416199
Training round: 49		accuracy = 0.7513043284416199
Training round: 50		accuracy = 0.7591304183006287
Training round: 51		accuracy = 0.742318868637085
Training round: 52		accuracy = 0.7542029023170471
Training round: 53		accuracy = 0.7594202756881714
Training round: 54		accuracy = 0.7556521892547607
Training round: 55		accuracy = 0.7547826170921326
Training round: 56		accuracy = 0.7420290112495422
Training round: 57		accuracy = 0.7455072402954102
Training round: 58		accuracy = 0.7452173829078674
Training round: 59		accuracy = 0.746666669845581
Training round: 60		accuracy = 0.7568116188049316
Training round: 61		accuracy = 0.757681131362915
Training round: 62		accuracy = 0.752173900604248
Training round: 63		accuracy = 0.7542029023170471
Training round: 64		accuracy = 0.7544927597045898
Training round: 65		accuracy = 0.747826099395752
Training round: 66		accuracy = 0.7515941858291626
Training round: 67		accuracy = 0.7602898478507996
Training round: 68		accuracy = 0.7565217614173889
Training round: 69		accuracy = 0.7486956715583801
Training round: 70		accuracy = 0.7510144710540771
Training round: 71		accuracy = 0.7599999904632568
Training round: 72		accuracy = 0.7585507035255432
Training round: 73		accuracy = 0.757681131362915
Training round: 74		accuracy = 0.7481159567832947
Training round: 75		accuracy = 0.7562319040298462
Training round: 76		accuracy = 0.753333330154419
Training round: 77		accuracy = 0.7484058141708374
Training round: 78		accuracy = 0.7527536153793335
Training round: 79		accuracy = 0.7585507035255432
Training round: 80		accuracy = 0.753333330154419
Training round: 81		accuracy = 0.7530434727668762
Training round: 82		accuracy = 0.7513043284416199
Training round: 83		accuracy = 0.7527536153793335
Training round: 84		accuracy = 0.7527536153793335
Training round: 85		accuracy = 0.7507246136665344
Training round: 86		accuracy = 0.757681131362915
Training round: 87		accuracy = 0.755362331867218
Training round: 88		accuracy = 0.7542029023170471
Training round: 89		accuracy = 0.7539130449295044
Training round: 90		accuracy = 0.7515941858291626
Training round: 91		accuracy = 0.753333330154419
Training round: 92		accuracy = 0.7539130449295044
Training round: 93		accuracy = 0.7530434727668762
Training round: 94		accuracy = 0.755362331867218
Training round: 95		accuracy = 0.7559420466423035
Training round: 96		accuracy = 0.7518840432167053
Training round: 97		accuracy = 0.753333330154419
Training round: 98		accuracy = 0.7542029023170471
Training round: 99		accuracy = 0.757681131362915
Training round: 100		accuracy = 0.7544927597045898
Training duration 6845.750512123108
