2021-08-21 22:39:51.639503: I tensorflow/stream_executor/platform/default/dso_loader.cc:49] Successfully opened dynamic library libcudart.so.11.0
2021-08-21 22:40:36.788072: I tensorflow/compiler/jit/xla_cpu_device.cc:41] Not creating XLA devices, tf_xla_enable_xla_devices not set
2021-08-21 22:40:37.162571: I tensorflow/stream_executor/platform/default/dso_loader.cc:49] Successfully opened dynamic library libcuda.so.1
2021-08-21 22:40:37.274026: I tensorflow/core/common_runtime/gpu/gpu_device.cc:1720] Found device 0 with properties: 
pciBusID: 0000:03:00.0 name: Tesla P100-PCIE-12GB computeCapability: 6.0
coreClock: 1.3285GHz coreCount: 56 deviceMemorySize: 11.91GiB deviceMemoryBandwidth: 511.41GiB/s
2021-08-21 22:40:37.277073: I tensorflow/stream_executor/platform/default/dso_loader.cc:49] Successfully opened dynamic library libcudart.so.11.0
2021-08-21 22:40:37.297342: I tensorflow/stream_executor/platform/default/dso_loader.cc:49] Successfully opened dynamic library libcublas.so.11
2021-08-21 22:40:37.297550: I tensorflow/stream_executor/platform/default/dso_loader.cc:49] Successfully opened dynamic library libcublasLt.so.11
2021-08-21 22:40:37.304987: I tensorflow/stream_executor/platform/default/dso_loader.cc:49] Successfully opened dynamic library libcufft.so.10
2021-08-21 22:40:37.316589: I tensorflow/stream_executor/platform/default/dso_loader.cc:49] Successfully opened dynamic library libcurand.so.10
2021-08-21 22:40:37.326002: I tensorflow/stream_executor/platform/default/dso_loader.cc:49] Successfully opened dynamic library libcusolver.so.10
2021-08-21 22:40:37.328530: I tensorflow/stream_executor/platform/default/dso_loader.cc:49] Successfully opened dynamic library libcusparse.so.11
2021-08-21 22:40:37.334885: I tensorflow/stream_executor/platform/default/dso_loader.cc:49] Successfully opened dynamic library libcudnn.so.8
2021-08-21 22:40:37.348503: I tensorflow/core/common_runtime/gpu/gpu_device.cc:1862] Adding visible gpu devices: 0
2021-08-21 22:40:37.401205: I tensorflow/core/platform/cpu_feature_guard.cc:142] This TensorFlow binary is optimized with oneAPI Deep Neural Network Library (oneDNN) to use the following CPU instructions in performance-critical operations:  AVX2 FMA
To enable them in other operations, rebuild TensorFlow with the appropriate compiler flags.
2021-08-21 22:40:37.404610: I tensorflow/compiler/jit/xla_gpu_device.cc:99] Not creating XLA devices, tf_xla_enable_xla_devices not set
2021-08-21 22:40:37.407975: I tensorflow/core/common_runtime/gpu/gpu_device.cc:1720] Found device 0 with properties: 
pciBusID: 0000:03:00.0 name: Tesla P100-PCIE-12GB computeCapability: 6.0
coreClock: 1.3285GHz coreCount: 56 deviceMemorySize: 11.91GiB deviceMemoryBandwidth: 511.41GiB/s
2021-08-21 22:40:37.408107: I tensorflow/stream_executor/platform/default/dso_loader.cc:49] Successfully opened dynamic library libcudart.so.11.0
2021-08-21 22:40:37.408237: I tensorflow/stream_executor/platform/default/dso_loader.cc:49] Successfully opened dynamic library libcublas.so.11
2021-08-21 22:40:37.408374: I tensorflow/stream_executor/platform/default/dso_loader.cc:49] Successfully opened dynamic library libcublasLt.so.11
2021-08-21 22:40:37.408497: I tensorflow/stream_executor/platform/default/dso_loader.cc:49] Successfully opened dynamic library libcufft.so.10
2021-08-21 22:40:37.408616: I tensorflow/stream_executor/platform/default/dso_loader.cc:49] Successfully opened dynamic library libcurand.so.10
2021-08-21 22:40:37.408750: I tensorflow/stream_executor/platform/default/dso_loader.cc:49] Successfully opened dynamic library libcusolver.so.10
2021-08-21 22:40:37.408873: I tensorflow/stream_executor/platform/default/dso_loader.cc:49] Successfully opened dynamic library libcusparse.so.11
2021-08-21 22:40:37.408949: I tensorflow/stream_executor/platform/default/dso_loader.cc:49] Successfully opened dynamic library libcudnn.so.8
2021-08-21 22:40:37.411993: I tensorflow/core/common_runtime/gpu/gpu_device.cc:1862] Adding visible gpu devices: 0
2021-08-21 22:40:37.412770: I tensorflow/stream_executor/platform/default/dso_loader.cc:49] Successfully opened dynamic library libcudart.so.11.0
2021-08-21 22:40:39.156019: I tensorflow/core/common_runtime/gpu/gpu_device.cc:1261] Device interconnect StreamExecutor with strength 1 edge matrix:
2021-08-21 22:40:39.156172: I tensorflow/core/common_runtime/gpu/gpu_device.cc:1267]      0 
2021-08-21 22:40:39.156567: I tensorflow/core/common_runtime/gpu/gpu_device.cc:1280] 0:   N 
2021-08-21 22:40:39.174799: I tensorflow/core/common_runtime/gpu/gpu_device.cc:1406] Created TensorFlow device (/job:localhost/replica:0/task:0/device:GPU:0 with 11119 MB memory) -> physical GPU (device: 0, name: Tesla P100-PCIE-12GB, pci bus id: 0000:03:00.0, compute capability: 6.0)
2021-08-21 22:40:50.045324: I tensorflow/compiler/mlir/mlir_graph_optimization_pass.cc:116] None of the MLIR optimization passes are enabled (registered 2)
2021-08-21 22:40:50.056703: I tensorflow/core/platform/profile_utils/cpu_utils.cc:112] CPU Frequency: 2200160000 Hz
2021-08-21 22:40:50.271052: I tensorflow/stream_executor/platform/default/dso_loader.cc:49] Successfully opened dynamic library libcublas.so.11
2021-08-21 22:40:50.662063: I tensorflow/stream_executor/platform/default/dso_loader.cc:49] Successfully opened dynamic library libcublasLt.so.11
2021-08-21 22:40:50.690217: I tensorflow/stream_executor/platform/default/dso_loader.cc:49] Successfully opened dynamic library libcudnn.so.8
2021-08-21 22:40:52.647487: W tensorflow/stream_executor/gpu/asm_compiler.cc:63] Running ptxas --version returned 256
2021-08-21 22:40:52.907415: W tensorflow/stream_executor/gpu/redzone_allocator.cc:314] Internal: ptxas exited with non-zero error code 256, output: 
Relying on driver to perform ptx compilation. 
Modify $PATH to customize ptxas location.
This message will be only logged once.
LabelAttacker started.
LabelAttacker finished.
Training round: 1		accuracy = 0.5376811623573303
Training round: 2		accuracy = 0.49362319707870483
Training round: 3		accuracy = 0.5002898573875427
Training round: 4		accuracy = 0.49942028522491455
Training round: 5		accuracy = 0.5046376585960388
Training round: 6		accuracy = 0.5026087164878845
Training round: 7		accuracy = 0.5292753577232361
Training round: 8		accuracy = 0.5715941786766052
Training round: 9		accuracy = 0.5052173733711243
Training round: 10		accuracy = 0.5515941977500916
Training round: 11		accuracy = 0.4968115985393524
Training round: 12		accuracy = 0.5188405513763428
Training round: 13		accuracy = 0.5150724649429321
Training round: 14		accuracy = 0.5353623032569885
Training round: 15		accuracy = 0.5495651960372925
Training round: 16		accuracy = 0.5228985548019409
Training round: 17		accuracy = 0.5376811623573303
Training round: 18		accuracy = 0.5602898597717285
Training round: 19		accuracy = 0.5388405919075012
Training round: 20		accuracy = 0.5281159281730652
Training round: 21		accuracy = 0.5556522011756897
Training round: 22		accuracy = 0.519710123538971
Training round: 23		accuracy = 0.5260869860649109
Training round: 24		accuracy = 0.5353623032569885
Training round: 25		accuracy = 0.5524637699127197
Training round: 26		accuracy = 0.552173912525177
Training round: 27		accuracy = 0.5292753577232361
Training round: 28		accuracy = 0.5420289635658264
Training round: 29		accuracy = 0.535942018032074
Training round: 30		accuracy = 0.6017391085624695
Training round: 31		accuracy = 0.5269564986228943
Training round: 32		accuracy = 0.5310145020484924
Training round: 33		accuracy = 0.5365217328071594
Training round: 34		accuracy = 0.5394203066825867
Training round: 35		accuracy = 0.5408695936203003
Training round: 36		accuracy = 0.537971019744873
Training round: 37		accuracy = 0.5524637699127197
Training round: 38		accuracy = 0.5585507154464722
Training round: 39		accuracy = 0.5475362539291382
Training round: 40		accuracy = 0.5481159687042236
Training round: 41		accuracy = 0.5478261113166809
Training round: 42		accuracy = 0.5437681078910828
Training round: 43		accuracy = 0.5475362539291382
Training round: 44		accuracy = 0.5457971096038818
Training round: 45		accuracy = 0.5495651960372925
Training round: 46		accuracy = 0.5460869669914246
Training round: 47		accuracy = 0.5455072522163391
Training round: 48		accuracy = 0.5408695936203003
Training round: 49		accuracy = 0.5533333420753479
Training round: 50		accuracy = 0.5530434846878052
Training round: 51		accuracy = 0.5550724864006042
Training round: 52		accuracy = 0.5498550534248352
Training round: 53		accuracy = 0.5573912858963013
Training round: 54		accuracy = 0.5649275183677673
Training round: 55		accuracy = 0.5518840551376343
Training round: 56		accuracy = 0.5504347681999207
Training round: 57		accuracy = 0.5646376609802246
Training round: 58		accuracy = 0.5611594319343567
Training round: 59		accuracy = 0.5544927716255188
Training round: 60		accuracy = 0.5602898597717285
Training round: 61		accuracy = 0.5614492893218994
Training round: 62		accuracy = 0.5600000023841858
Training round: 63		accuracy = 0.5562318563461304
Training round: 64		accuracy = 0.5600000023841858
Training round: 65		accuracy = 0.5605797171592712
Training round: 66		accuracy = 0.566376805305481
Training round: 67		accuracy = 0.5640579462051392
Training round: 68		accuracy = 0.5669565200805664
Training round: 69		accuracy = 0.5727536082267761
Training round: 70		accuracy = 0.5715941786766052
Training round: 71		accuracy = 0.5695652365684509
Training round: 72		accuracy = 0.5704348087310791
Training round: 73		accuracy = 0.5669565200805664
Training round: 74		accuracy = 0.5646376609802246
Training round: 75		accuracy = 0.5657970905303955
Training round: 76		accuracy = 0.5733333230018616
Training round: 77		accuracy = 0.5640579462051392
Training round: 78		accuracy = 0.5646376609802246
Training round: 79		accuracy = 0.5582608580589294
Training round: 80		accuracy = 0.5626087188720703
Training round: 81		accuracy = 0.5742028951644897
Training round: 82		accuracy = 0.5649275183677673
Training round: 83		accuracy = 0.5724637508392334
Training round: 84		accuracy = 0.5730434656143188
Training round: 85		accuracy = 0.573913037776947
Training round: 86		accuracy = 0.5669565200805664
Training round: 87		accuracy = 0.5701449513435364
Training round: 88		accuracy = 0.5686956644058228
Training round: 89		accuracy = 0.5707246661186218
Training round: 90		accuracy = 0.573913037776947
Training round: 91		accuracy = 0.5707246661186218
Training round: 92		accuracy = 0.5695652365684509
Training round: 93		accuracy = 0.5713043212890625
Training round: 94		accuracy = 0.571884036064148
Training round: 95		accuracy = 0.5721738934516907
Training round: 96		accuracy = 0.5692753791809082
Training round: 97		accuracy = 0.5692753791809082
Training round: 98		accuracy = 0.5672463774681091
Training round: 99		accuracy = 0.5666666626930237
Training round: 100		accuracy = 0.5672463774681091
Training duration 7433.140020847321
