2021-08-12 23:05:42.955975: I tensorflow/stream_executor/platform/default/dso_loader.cc:49] Successfully opened dynamic library libcudart.so.11.0
2021-08-12 23:05:54.302687: I tensorflow/compiler/jit/xla_cpu_device.cc:41] Not creating XLA devices, tf_xla_enable_xla_devices not set
2021-08-12 23:05:54.307665: I tensorflow/stream_executor/platform/default/dso_loader.cc:49] Successfully opened dynamic library libcuda.so.1
2021-08-12 23:05:54.342111: I tensorflow/core/common_runtime/gpu/gpu_device.cc:1720] Found device 0 with properties: 
pciBusID: 0000:03:00.0 name: Tesla P100-PCIE-12GB computeCapability: 6.0
coreClock: 1.3285GHz coreCount: 56 deviceMemorySize: 11.91GiB deviceMemoryBandwidth: 511.41GiB/s
2021-08-12 23:05:54.342617: I tensorflow/stream_executor/platform/default/dso_loader.cc:49] Successfully opened dynamic library libcudart.so.11.0
2021-08-12 23:05:54.356081: I tensorflow/stream_executor/platform/default/dso_loader.cc:49] Successfully opened dynamic library libcublas.so.11
2021-08-12 23:05:54.356338: I tensorflow/stream_executor/platform/default/dso_loader.cc:49] Successfully opened dynamic library libcublasLt.so.11
2021-08-12 23:05:54.363034: I tensorflow/stream_executor/platform/default/dso_loader.cc:49] Successfully opened dynamic library libcufft.so.10
2021-08-12 23:05:54.366222: I tensorflow/stream_executor/platform/default/dso_loader.cc:49] Successfully opened dynamic library libcurand.so.10
2021-08-12 23:05:54.376663: I tensorflow/stream_executor/platform/default/dso_loader.cc:49] Successfully opened dynamic library libcusolver.so.10
2021-08-12 23:05:54.379420: I tensorflow/stream_executor/platform/default/dso_loader.cc:49] Successfully opened dynamic library libcusparse.so.11
2021-08-12 23:05:54.380345: I tensorflow/stream_executor/platform/default/dso_loader.cc:49] Successfully opened dynamic library libcudnn.so.8
2021-08-12 23:05:54.383334: I tensorflow/core/common_runtime/gpu/gpu_device.cc:1862] Adding visible gpu devices: 0
2021-08-12 23:05:54.387096: I tensorflow/core/platform/cpu_feature_guard.cc:142] This TensorFlow binary is optimized with oneAPI Deep Neural Network Library (oneDNN) to use the following CPU instructions in performance-critical operations:  AVX2 FMA
To enable them in other operations, rebuild TensorFlow with the appropriate compiler flags.
2021-08-12 23:05:54.387514: I tensorflow/compiler/jit/xla_gpu_device.cc:99] Not creating XLA devices, tf_xla_enable_xla_devices not set
2021-08-12 23:05:54.389680: I tensorflow/core/common_runtime/gpu/gpu_device.cc:1720] Found device 0 with properties: 
pciBusID: 0000:03:00.0 name: Tesla P100-PCIE-12GB computeCapability: 6.0
coreClock: 1.3285GHz coreCount: 56 deviceMemorySize: 11.91GiB deviceMemoryBandwidth: 511.41GiB/s
2021-08-12 23:05:54.389859: I tensorflow/stream_executor/platform/default/dso_loader.cc:49] Successfully opened dynamic library libcudart.so.11.0
2021-08-12 23:05:54.389987: I tensorflow/stream_executor/platform/default/dso_loader.cc:49] Successfully opened dynamic library libcublas.so.11
2021-08-12 23:05:54.390100: I tensorflow/stream_executor/platform/default/dso_loader.cc:49] Successfully opened dynamic library libcublasLt.so.11
2021-08-12 23:05:54.390236: I tensorflow/stream_executor/platform/default/dso_loader.cc:49] Successfully opened dynamic library libcufft.so.10
2021-08-12 23:05:54.390364: I tensorflow/stream_executor/platform/default/dso_loader.cc:49] Successfully opened dynamic library libcurand.so.10
2021-08-12 23:05:54.390491: I tensorflow/stream_executor/platform/default/dso_loader.cc:49] Successfully opened dynamic library libcusolver.so.10
2021-08-12 23:05:54.390619: I tensorflow/stream_executor/platform/default/dso_loader.cc:49] Successfully opened dynamic library libcusparse.so.11
2021-08-12 23:05:54.390746: I tensorflow/stream_executor/platform/default/dso_loader.cc:49] Successfully opened dynamic library libcudnn.so.8
2021-08-12 23:05:54.394292: I tensorflow/core/common_runtime/gpu/gpu_device.cc:1862] Adding visible gpu devices: 0
2021-08-12 23:05:54.394486: I tensorflow/stream_executor/platform/default/dso_loader.cc:49] Successfully opened dynamic library libcudart.so.11.0
2021-08-12 23:05:55.818128: I tensorflow/core/common_runtime/gpu/gpu_device.cc:1261] Device interconnect StreamExecutor with strength 1 edge matrix:
2021-08-12 23:05:55.818284: I tensorflow/core/common_runtime/gpu/gpu_device.cc:1267]      0 
2021-08-12 23:05:55.818436: I tensorflow/core/common_runtime/gpu/gpu_device.cc:1280] 0:   N 
2021-08-12 23:05:55.824091: I tensorflow/core/common_runtime/gpu/gpu_device.cc:1406] Created TensorFlow device (/job:localhost/replica:0/task:0/device:GPU:0 with 11119 MB memory) -> physical GPU (device: 0, name: Tesla P100-PCIE-12GB, pci bus id: 0000:03:00.0, compute capability: 6.0)
2021-08-12 23:05:56.537520: I tensorflow/compiler/mlir/mlir_graph_optimization_pass.cc:116] None of the MLIR optimization passes are enabled (registered 2)
2021-08-12 23:05:56.538931: I tensorflow/core/platform/profile_utils/cpu_utils.cc:112] CPU Frequency: 2200180000 Hz
2021-08-12 23:05:57.148515: I tensorflow/stream_executor/platform/default/dso_loader.cc:49] Successfully opened dynamic library libcublas.so.11
2021-08-12 23:05:57.545933: I tensorflow/stream_executor/platform/default/dso_loader.cc:49] Successfully opened dynamic library libcublasLt.so.11
2021-08-12 23:05:57.548406: I tensorflow/stream_executor/platform/default/dso_loader.cc:49] Successfully opened dynamic library libcudnn.so.8
2021-08-12 23:05:59.394145: W tensorflow/stream_executor/gpu/asm_compiler.cc:63] Running ptxas --version returned 256
2021-08-12 23:05:59.439960: W tensorflow/stream_executor/gpu/redzone_allocator.cc:314] Internal: ptxas exited with non-zero error code 256, output: 
Relying on driver to perform ptx compilation. 
Modify $PATH to customize ptxas location.
This message will be only logged once.
DeleteMutator started.
DeleteMutator finished.
Training round: 1		accuracy = 0.10000000149011612
Training round: 2		accuracy = 0.13619999587535858
Training round: 3		accuracy = 0.10000000149011612
Training round: 4		accuracy = 0.12349999696016312
Training round: 5		accuracy = 0.1445000022649765
Training round: 6		accuracy = 0.13989999890327454
Training round: 7		accuracy = 0.13830000162124634
Training round: 8		accuracy = 0.20479999482631683
Training round: 9		accuracy = 0.18000000715255737
Training round: 10		accuracy = 0.20489999651908875
Training round: 11		accuracy = 0.2287999987602234
Training round: 12		accuracy = 0.1818999946117401
Training round: 13		accuracy = 0.2232999950647354
Training round: 14		accuracy = 0.23350000381469727
Training round: 15		accuracy = 0.12240000069141388
Training round: 16		accuracy = 0.2287999987602234
Training round: 17		accuracy = 0.2387000024318695
Training round: 18		accuracy = 0.25200000405311584
Training round: 19		accuracy = 0.21950000524520874
Training round: 20		accuracy = 0.1931000053882599
Training round: 21		accuracy = 0.11379999667406082
Training round: 22		accuracy = 0.22599999606609344
Training round: 23		accuracy = 0.26159998774528503
Training round: 24		accuracy = 0.29030001163482666
Training round: 25		accuracy = 0.22830000519752502
Training round: 26		accuracy = 0.20919999480247498
Training round: 27		accuracy = 0.23960000276565552
Training round: 28		accuracy = 0.2849999964237213
Training round: 29		accuracy = 0.23770000040531158
Training round: 30		accuracy = 0.2879999876022339
Training round: 31		accuracy = 0.24379999935626984
Training round: 32		accuracy = 0.2921000123023987
Training round: 33		accuracy = 0.2770000100135803
Training round: 34		accuracy = 0.32580000162124634
Training round: 35		accuracy = 0.2782000005245209
Training round: 36		accuracy = 0.21330000460147858
Training round: 37		accuracy = 0.25679999589920044
Training round: 38		accuracy = 0.36309999227523804
Training round: 39		accuracy = 0.2612000107765198
Training round: 40		accuracy = 0.25060001015663147
Training round: 41		accuracy = 0.29989999532699585
Training round: 42		accuracy = 0.2928999960422516
Training round: 43		accuracy = 0.29499998688697815
Training round: 44		accuracy = 0.36469998955726624
Training round: 45		accuracy = 0.3156000077724457
Training round: 46		accuracy = 0.2897000014781952
Training round: 47		accuracy = 0.3553999960422516
Training round: 48		accuracy = 0.30649998784065247
Training round: 49		accuracy = 0.3869999945163727
Training round: 50		accuracy = 0.27320000529289246
Training round: 51		accuracy = 0.29989999532699585
Training round: 52		accuracy = 0.3052000105381012
Training round: 53		accuracy = 0.23090000450611115
Training round: 54		accuracy = 0.3262999951839447
Training round: 55		accuracy = 0.3118000030517578
Training round: 56		accuracy = 0.35760000348091125
Training round: 57		accuracy = 0.3264000117778778
Training round: 58		accuracy = 0.3772999942302704
Training round: 59		accuracy = 0.35359999537467957
Training round: 60		accuracy = 0.3345000147819519
Training round: 61		accuracy = 0.2702000141143799
Training round: 62		accuracy = 0.34389999508857727
Training round: 63		accuracy = 0.2939000129699707
Training round: 64		accuracy = 0.2750999927520752
Training round: 65		accuracy = 0.41429999470710754
Training round: 66		accuracy = 0.30160000920295715
Training round: 67		accuracy = 0.3111000061035156
Training round: 68		accuracy = 0.3880999982357025
Training round: 69		accuracy = 0.3662000000476837
Training round: 70		accuracy = 0.337799996137619
Training round: 71		accuracy = 0.3628000020980835
Training round: 72		accuracy = 0.3474999964237213
Training round: 73		accuracy = 0.3887999951839447
Training round: 74		accuracy = 0.3790999948978424
Training round: 75		accuracy = 0.4226999878883362
Training round: 76		accuracy = 0.415800005197525
Training round: 77		accuracy = 0.42570000886917114
Training round: 78		accuracy = 0.3269999921321869
Training round: 79		accuracy = 0.3393999934196472
Training round: 80		accuracy = 0.32710000872612
Training round: 81		accuracy = 0.38929998874664307
Training round: 82		accuracy = 0.41659998893737793
Training round: 83		accuracy = 0.4018999934196472
Training round: 84		accuracy = 0.3930000066757202
Training round: 85		accuracy = 0.3416999876499176
Training round: 86		accuracy = 0.42260000109672546
Training round: 87		accuracy = 0.34470000863075256
Training round: 88		accuracy = 0.3677000105381012
Training round: 89		accuracy = 0.3750999867916107
Training round: 90		accuracy = 0.31709998846054077
Training round: 91		accuracy = 0.37950000166893005
Training round: 92		accuracy = 0.41839998960494995
Training round: 93		accuracy = 0.42910000681877136
Training round: 94		accuracy = 0.3571999967098236
Training round: 95		accuracy = 0.3718000054359436
Training round: 96		accuracy = 0.3659999966621399
Training round: 97		accuracy = 0.42890000343322754
Training round: 98		accuracy = 0.3497999906539917
Training round: 99		accuracy = 0.3815999925136566
Training round: 100		accuracy = 0.4027000069618225
Training round: 101		accuracy = 0.3686000108718872
Training round: 102		accuracy = 0.4472000002861023
Training round: 103		accuracy = 0.45410001277923584
Training round: 104		accuracy = 0.3140999972820282
Training round: 105		accuracy = 0.4381999969482422
Training round: 106		accuracy = 0.3783999979496002
Training round: 107		accuracy = 0.37720000743865967
Training round: 108		accuracy = 0.4205000102519989
Training round: 109		accuracy = 0.4081999957561493
Training round: 110		accuracy = 0.3582000136375427
Training round: 111		accuracy = 0.4113999903202057
Training round: 112		accuracy = 0.3328999876976013
Training round: 113		accuracy = 0.3937999904155731
Training round: 114		accuracy = 0.40689998865127563
Training round: 115		accuracy = 0.43630000948905945
Training round: 116		accuracy = 0.44510000944137573
Training round: 117		accuracy = 0.4129999876022339
Training round: 118		accuracy = 0.39480000734329224
Training round: 119		accuracy = 0.42289999127388
Training round: 120		accuracy = 0.3749000132083893
Training round: 121		accuracy = 0.4156000018119812
Training round: 122		accuracy = 0.420199990272522
Training round: 123		accuracy = 0.3720000088214874
Training round: 124		accuracy = 0.36070001125335693
Training round: 125		accuracy = 0.3684000074863434
Training round: 126		accuracy = 0.4194999933242798
Training round: 127		accuracy = 0.4625000059604645
Training round: 128		accuracy = 0.4253999888896942
Training round: 129		accuracy = 0.4625000059604645
Training round: 130		accuracy = 0.38530001044273376
Training round: 131		accuracy = 0.4375
Training round: 132		accuracy = 0.48980000615119934
Training round: 133		accuracy = 0.34630000591278076
Training round: 134		accuracy = 0.4189000129699707
Training round: 135		accuracy = 0.38089999556541443
Training round: 136		accuracy = 0.3799999952316284
Training round: 137		accuracy = 0.5113000273704529
Training round: 138		accuracy = 0.4586000144481659
Training round: 139		accuracy = 0.4291999936103821
Training round: 140		accuracy = 0.4221999943256378
Training round: 141		accuracy = 0.34689998626708984
Training round: 142		accuracy = 0.49320000410079956
Training round: 143		accuracy = 0.4429999887943268
Training round: 144		accuracy = 0.53329998254776
Training round: 145		accuracy = 0.4659000039100647
Training round: 146		accuracy = 0.4528999924659729
Training round: 147		accuracy = 0.5333999991416931
Training round: 148		accuracy = 0.39899998903274536
Training round: 149		accuracy = 0.48489999771118164
Training round: 150		accuracy = 0.49540001153945923
Training round: 151		accuracy = 0.4401000142097473
Training round: 152		accuracy = 0.503000020980835
Training round: 153		accuracy = 0.512499988079071
Training round: 154		accuracy = 0.4187000095844269
Training round: 155		accuracy = 0.49869999289512634
Training round: 156		accuracy = 0.44519999623298645
Training round: 157		accuracy = 0.4050999879837036
Training round: 158		accuracy = 0.43959999084472656
Training round: 159		accuracy = 0.4715999960899353
Training round: 160		accuracy = 0.4742000102996826
Training round: 161		accuracy = 0.49639999866485596
Training round: 162		accuracy = 0.4781999886035919
Training round: 163		accuracy = 0.4171000123023987
Training round: 164		accuracy = 0.34549999237060547
Training round: 165		accuracy = 0.3249000012874603
Training round: 166		accuracy = 0.4165000021457672
Training round: 167		accuracy = 0.39340001344680786
Training round: 168		accuracy = 0.42149999737739563
Training round: 169		accuracy = 0.47099998593330383
Training round: 170		accuracy = 0.48919999599456787
Training round: 171		accuracy = 0.5067999958992004
Training round: 172		accuracy = 0.3732999861240387
Training round: 173		accuracy = 0.40709999203681946
Training round: 174		accuracy = 0.43560001254081726
Training round: 175		accuracy = 0.515999972820282
Training round: 176		accuracy = 0.414900004863739
Training round: 177		accuracy = 0.4959000051021576
Training round: 178		accuracy = 0.47209998965263367
Training round: 179		accuracy = 0.41760000586509705
Training round: 180		accuracy = 0.5311999917030334
Training round: 181		accuracy = 0.4490000009536743
Training round: 182		accuracy = 0.46470001339912415
Training round: 183		accuracy = 0.44859999418258667
Training round: 184		accuracy = 0.4072999954223633
Training round: 185		accuracy = 0.4691999852657318
Training round: 186		accuracy = 0.5012999773025513
Training round: 187		accuracy = 0.5078999996185303
Training round: 188		accuracy = 0.5249000191688538
Training round: 189		accuracy = 0.4542999863624573
Training round: 190		accuracy = 0.45320001244544983
Training round: 191		accuracy = 0.4381999969482422
Training round: 192		accuracy = 0.4578000009059906
Training round: 193		accuracy = 0.446399986743927
Training round: 194		accuracy = 0.47510001063346863
Training round: 195		accuracy = 0.41909998655319214
Training round: 196		accuracy = 0.5102999806404114
Training round: 197		accuracy = 0.4726000130176544
Training round: 198		accuracy = 0.40639999508857727
Training round: 199		accuracy = 0.49239999055862427
Training round: 200		accuracy = 0.45329999923706055
Training round: 201		accuracy = 0.5052000284194946
Training round: 202		accuracy = 0.5356000065803528
Training round: 203		accuracy = 0.482699990272522
Training round: 204		accuracy = 0.31369999051094055
Training round: 205		accuracy = 0.4262000024318695
Training round: 206		accuracy = 0.4885999858379364
Training round: 207		accuracy = 0.5357000231742859
Training round: 208		accuracy = 0.44110000133514404
Training round: 209		accuracy = 0.45170000195503235
Training round: 210		accuracy = 0.510699987411499
Training round: 211		accuracy = 0.46790000796318054
Training round: 212		accuracy = 0.430400013923645
Training round: 213		accuracy = 0.4781999886035919
Training round: 214		accuracy = 0.4893999993801117
Training round: 215		accuracy = 0.45730000734329224
Training round: 216		accuracy = 0.4943999946117401
Training round: 217		accuracy = 0.4424999952316284
Training round: 218		accuracy = 0.5056999921798706
Training round: 219		accuracy = 0.48500001430511475
Training round: 220		accuracy = 0.5260999798774719
Training round: 221		accuracy = 0.5249000191688538
Training round: 222		accuracy = 0.48179998993873596
Training round: 223		accuracy = 0.4691999852657318
Training round: 224		accuracy = 0.4287000000476837
Training round: 225		accuracy = 0.5128999948501587
Training round: 226		accuracy = 0.4814999997615814
Training round: 227		accuracy = 0.44339999556541443
Training round: 228		accuracy = 0.4699999988079071
Training round: 229		accuracy = 0.5077000260353088
Training round: 230		accuracy = 0.5038999915122986
Training round: 231		accuracy = 0.4970000088214874
Training round: 232		accuracy = 0.5371999740600586
Training round: 233		accuracy = 0.557699978351593
Training round: 234		accuracy = 0.4650000035762787
Training round: 235		accuracy = 0.444599986076355
Training round: 236		accuracy = 0.4489000141620636
Training round: 237		accuracy = 0.5180000066757202
Training round: 238		accuracy = 0.4950000047683716
Training round: 239		accuracy = 0.5432000160217285
Training round: 240		accuracy = 0.48840001225471497
Training round: 241		accuracy = 0.545199990272522
Training round: 242		accuracy = 0.5205000042915344
Training round: 243		accuracy = 0.41100001335144043
Training round: 244		accuracy = 0.44690001010894775
Training round: 245		accuracy = 0.40939998626708984
Training round: 246		accuracy = 0.5026000142097473
Training round: 247		accuracy = 0.4893999993801117
Training round: 248		accuracy = 0.5241000056266785
Training round: 249		accuracy = 0.5187000036239624
Training round: 250		accuracy = 0.4498000144958496
Training round: 251		accuracy = 0.5658000111579895
Training round: 252		accuracy = 0.5443999767303467
Training round: 253		accuracy = 0.5156000256538391
Training round: 254		accuracy = 0.41600000858306885
Training round: 255		accuracy = 0.48669999837875366
Training round: 256		accuracy = 0.4235999882221222
Training round: 257		accuracy = 0.4934999942779541
Training round: 258		accuracy = 0.5493000149726868
Training round: 259		accuracy = 0.48840001225471497
Training round: 260		accuracy = 0.5157999992370605
Training round: 261		accuracy = 0.4943000078201294
Training round: 262		accuracy = 0.4287000000476837
Training round: 263		accuracy = 0.43070000410079956
Training round: 264		accuracy = 0.4916999936103821
Training round: 265		accuracy = 0.46950000524520874
Training round: 266		accuracy = 0.4715000092983246
Training round: 267		accuracy = 0.5101000070571899
Training round: 268		accuracy = 0.4887000024318695
Training round: 269		accuracy = 0.5425999760627747
Training round: 270		accuracy = 0.5866000056266785
Training round: 271		accuracy = 0.550000011920929
Training round: 272		accuracy = 0.532800018787384
Training round: 273		accuracy = 0.5309000015258789
Training round: 274		accuracy = 0.5602999925613403
Training round: 275		accuracy = 0.559499979019165
Training round: 276		accuracy = 0.5335999727249146
Training round: 277		accuracy = 0.4221000075340271
Training round: 278		accuracy = 0.5565000176429749
Training round: 279		accuracy = 0.46959999203681946
Training round: 280		accuracy = 0.4977000057697296
Training round: 281		accuracy = 0.5073000192642212
Training round: 282		accuracy = 0.5485000014305115
Training round: 283		accuracy = 0.5267000198364258
Training round: 284		accuracy = 0.43160000443458557
Training round: 285		accuracy = 0.5641000270843506
Training round: 286		accuracy = 0.557200014591217
Training round: 287		accuracy = 0.5439000129699707
Training round: 288		accuracy = 0.37959998846054077
Training round: 289		accuracy = 0.5187000036239624
Training round: 290		accuracy = 0.539900004863739
Training round: 291		accuracy = 0.44290000200271606
Training round: 292		accuracy = 0.49559998512268066
Training round: 293		accuracy = 0.5206000208854675
Training round: 294		accuracy = 0.5049999952316284
Training round: 295		accuracy = 0.5379999876022339
Training round: 296		accuracy = 0.552299976348877
Training round: 297		accuracy = 0.5525000095367432
Training round: 298		accuracy = 0.38100001215934753
Training round: 299		accuracy = 0.5440000295639038
Training round: 300		accuracy = 0.5263000130653381
Training round: 301		accuracy = 0.5625
Training round: 302		accuracy = 0.4560000002384186
Training round: 303		accuracy = 0.5289999842643738
Training round: 304		accuracy = 0.5479000210762024
Training round: 305		accuracy = 0.4823000133037567
Training round: 306		accuracy = 0.5404999852180481
Training round: 307		accuracy = 0.49410000443458557
Training round: 308		accuracy = 0.541100025177002
Training round: 309		accuracy = 0.5684000253677368
Training round: 310		accuracy = 0.4578000009059906
Training round: 311		accuracy = 0.5134000182151794
Training round: 312		accuracy = 0.5630000233650208
Training round: 313		accuracy = 0.6017000079154968
Training round: 314		accuracy = 0.5314000248908997
Training round: 315		accuracy = 0.48739999532699585
Training round: 316		accuracy = 0.4507000148296356
Training round: 317		accuracy = 0.5333999991416931
Training round: 318		accuracy = 0.5080000162124634
Training round: 319		accuracy = 0.574400007724762
Training round: 320		accuracy = 0.5354999899864197
Training round: 321		accuracy = 0.4767000079154968
Training round: 322		accuracy = 0.33000001311302185
Training round: 323		accuracy = 0.5239999890327454
Training round: 324		accuracy = 0.5853000283241272
Training round: 325		accuracy = 0.5443000197410583
Training round: 326		accuracy = 0.490200012922287
Training round: 327		accuracy = 0.4634000062942505
Training round: 328		accuracy = 0.5358999967575073
Training round: 329		accuracy = 0.5396000146865845
Training round: 330		accuracy = 0.5198000073432922
Training round: 331		accuracy = 0.5540000200271606
Training round: 332		accuracy = 0.5784000158309937
Training round: 333		accuracy = 0.5522000193595886
Training round: 334		accuracy = 0.589900016784668
Training round: 335		accuracy = 0.5230000019073486
Training round: 336		accuracy = 0.5175999999046326
Training round: 337		accuracy = 0.5401999950408936
Training round: 338		accuracy = 0.48410001397132874
Training round: 339		accuracy = 0.47209998965263367
Training round: 340		accuracy = 0.4616999924182892
Training round: 341		accuracy = 0.4684000015258789
Training round: 342		accuracy = 0.5429999828338623
Training round: 343		accuracy = 0.534600019454956
Training round: 344		accuracy = 0.4056999981403351
Training round: 345		accuracy = 0.4345000088214874
Training round: 346		accuracy = 0.5095000267028809
Training round: 347		accuracy = 0.5156000256538391
Training round: 348		accuracy = 0.5098999738693237
Training round: 349		accuracy = 0.5342000126838684
Training round: 350		accuracy = 0.5184000134468079
Training round: 351		accuracy = 0.5814999938011169
Training round: 352		accuracy = 0.5491999983787537
Training round: 353		accuracy = 0.5188999772071838
Training round: 354		accuracy = 0.43810001015663147
Training round: 355		accuracy = 0.49380001425743103
Training round: 356		accuracy = 0.44269999861717224
Training round: 357		accuracy = 0.5665000081062317
Training round: 358		accuracy = 0.5685999989509583
Training round: 359		accuracy = 0.5149000287055969
Training round: 360		accuracy = 0.588100016117096
Training round: 361		accuracy = 0.567300021648407
Training round: 362		accuracy = 0.49900001287460327
Training round: 363		accuracy = 0.4918000102043152
Training round: 364		accuracy = 0.5914999842643738
Training round: 365		accuracy = 0.5727999806404114
Training round: 366		accuracy = 0.4975999891757965
Training round: 367		accuracy = 0.6272000074386597
Training round: 368		accuracy = 0.4196000099182129
Training round: 369		accuracy = 0.5525000095367432
Training round: 370		accuracy = 0.5835000276565552
Training round: 371		accuracy = 0.5174999833106995
Training round: 372		accuracy = 0.5516999959945679
Training round: 373		accuracy = 0.43320000171661377
Training round: 374		accuracy = 0.4900999963283539
Training round: 375		accuracy = 0.5371999740600586
Training round: 376		accuracy = 0.5924999713897705
Training round: 377		accuracy = 0.5788999795913696
Training round: 378		accuracy = 0.5638999938964844
Training round: 379		accuracy = 0.4993000030517578
Training round: 380		accuracy = 0.5482000112533569
Training round: 381		accuracy = 0.47589999437332153
Training round: 382		accuracy = 0.5419999957084656
Training round: 383		accuracy = 0.48489999771118164
Training round: 384		accuracy = 0.4284000098705292
Training round: 385		accuracy = 0.5108000040054321
Training round: 386		accuracy = 0.5771999955177307
Training round: 387		accuracy = 0.4916999936103821
Training round: 388		accuracy = 0.5472999811172485
Training round: 389		accuracy = 0.5242000222206116
Training round: 390		accuracy = 0.5167999863624573
Training round: 391		accuracy = 0.550000011920929
Training round: 392		accuracy = 0.5720999836921692
Training round: 393		accuracy = 0.544700026512146
Training round: 394		accuracy = 0.5116000175476074
Training round: 395		accuracy = 0.5184999704360962
Training round: 396		accuracy = 0.5242999792098999
Training round: 397		accuracy = 0.5192000269889832
Training round: 398		accuracy = 0.5054000020027161
Training round: 399		accuracy = 0.5281999707221985
Training round: 400		accuracy = 0.5419999957084656
Training round: 401		accuracy = 0.5084999799728394
Training round: 402		accuracy = 0.4120999872684479
Training round: 403		accuracy = 0.5430999994277954
Training round: 404		accuracy = 0.553600013256073
Training round: 405		accuracy = 0.5717999935150146
Training round: 406		accuracy = 0.6013000011444092
Training round: 407		accuracy = 0.597599983215332
Training round: 408		accuracy = 0.5203999876976013
Training round: 409		accuracy = 0.5831000208854675
Training round: 410		accuracy = 0.40849998593330383
Training round: 411		accuracy = 0.5784000158309937
Training round: 412		accuracy = 0.5426999926567078
Training round: 413		accuracy = 0.5587000250816345
Training round: 414		accuracy = 0.5626000165939331
Training round: 415		accuracy = 0.5594000220298767
Training round: 416		accuracy = 0.5324000120162964
Training round: 417		accuracy = 0.5839999914169312
Training round: 418		accuracy = 0.4837999939918518
Training round: 419		accuracy = 0.49390000104904175
Training round: 420		accuracy = 0.6236000061035156
Training round: 421		accuracy = 0.5777000188827515
Training round: 422		accuracy = 0.5386999845504761
Training round: 423		accuracy = 0.6050000190734863
Training round: 424		accuracy = 0.5315999984741211
Training round: 425		accuracy = 0.5976999998092651
Training round: 426		accuracy = 0.5005999803543091
Training round: 427		accuracy = 0.6053000092506409
Training round: 428		accuracy = 0.5289000272750854
Training round: 429		accuracy = 0.582099974155426
Training round: 430		accuracy = 0.5636000037193298
Training round: 431		accuracy = 0.5443999767303467
Training round: 432		accuracy = 0.5440000295639038
Training round: 433		accuracy = 0.454800009727478
Training round: 434		accuracy = 0.5687999725341797
Training round: 435		accuracy = 0.5726000070571899
Training round: 436		accuracy = 0.5508999824523926
Training round: 437		accuracy = 0.5414000153541565
Training round: 438		accuracy = 0.5493000149726868
Training round: 439		accuracy = 0.5123999714851379
Training round: 440		accuracy = 0.607200026512146
Training round: 441		accuracy = 0.6116999983787537
Training round: 442		accuracy = 0.5715000033378601
Training round: 443		accuracy = 0.5558000206947327
Training round: 444		accuracy = 0.6126999855041504
Training round: 445		accuracy = 0.5709999799728394
Training round: 446		accuracy = 0.5648999810218811
Training round: 447		accuracy = 0.6254000067710876
Training round: 448		accuracy = 0.5619999766349792
Training round: 449		accuracy = 0.5389999747276306
Training round: 450		accuracy = 0.4948999881744385
Training round: 451		accuracy = 0.5547999739646912
Training round: 452		accuracy = 0.5838000178337097
Training round: 453		accuracy = 0.572700023651123
Training round: 454		accuracy = 0.570900022983551
Training round: 455		accuracy = 0.5131000280380249
Training round: 456		accuracy = 0.5587000250816345
Training round: 457		accuracy = 0.5871000289916992
Training round: 458		accuracy = 0.5166000127792358
Training round: 459		accuracy = 0.5848000049591064
Training round: 460		accuracy = 0.5526000261306763
Training round: 461		accuracy = 0.4681999981403351
Training round: 462		accuracy = 0.5121999979019165
Training round: 463		accuracy = 0.4237000048160553
Training round: 464		accuracy = 0.6119999885559082
Training round: 465		accuracy = 0.5845999717712402
Training round: 466		accuracy = 0.5964000225067139
Training round: 467		accuracy = 0.5414999723434448
Training round: 468		accuracy = 0.5307000279426575
Training round: 469		accuracy = 0.46320000290870667
Training round: 470		accuracy = 0.5152999758720398
Training round: 471		accuracy = 0.5842999815940857
Training round: 472		accuracy = 0.5748999714851379
Training round: 473		accuracy = 0.4853000044822693
Training round: 474		accuracy = 0.5577999949455261
Training round: 475		accuracy = 0.552299976348877
Training round: 476		accuracy = 0.5299000144004822
Training round: 477		accuracy = 0.578499972820282
Training round: 478		accuracy = 0.61080002784729
Training round: 479		accuracy = 0.5537999868392944
Training round: 480		accuracy = 0.4147000014781952
Training round: 481		accuracy = 0.5067999958992004
Training round: 482		accuracy = 0.5867000222206116
Training round: 483		accuracy = 0.6197999715805054
Training round: 484		accuracy = 0.5091000199317932
Training round: 485		accuracy = 0.5558000206947327
Training round: 486		accuracy = 0.583899974822998
Training round: 487		accuracy = 0.6111999750137329
Training round: 488		accuracy = 0.5823000073432922
Training round: 489		accuracy = 0.5898000001907349
Training round: 490		accuracy = 0.6236000061035156
Training round: 491		accuracy = 0.5659000277519226
Training round: 492		accuracy = 0.5730999708175659
Training round: 493		accuracy = 0.5913000106811523
Training round: 494		accuracy = 0.5424000024795532
Training round: 495		accuracy = 0.538100004196167
Training round: 496		accuracy = 0.5462999939918518
Training round: 497		accuracy = 0.5598000288009644
Training round: 498		accuracy = 0.5275999903678894
Training round: 499		accuracy = 0.5666000247001648
Training round: 500		accuracy = 0.60589998960495
Training round: 501		accuracy = 0.5647000074386597
Training round: 502		accuracy = 0.5823000073432922
Training round: 503		accuracy = 0.5509999990463257
Training round: 504		accuracy = 0.5950999855995178
Training round: 505		accuracy = 0.6234999895095825
Training round: 506		accuracy = 0.5652999877929688
Training round: 507		accuracy = 0.5674999952316284
Training round: 508		accuracy = 0.43880000710487366
Training round: 509		accuracy = 0.5041999816894531
Training round: 510		accuracy = 0.5378999710083008
Training round: 511		accuracy = 0.6115999817848206
Training round: 512		accuracy = 0.5400000214576721
Training round: 513		accuracy = 0.5436999797821045
Training round: 514		accuracy = 0.5819000005722046
Training round: 515		accuracy = 0.6050999760627747
Training round: 516		accuracy = 0.6171000003814697
Training round: 517		accuracy = 0.539900004863739
Training round: 518		accuracy = 0.504800021648407
Training round: 519		accuracy = 0.5468999743461609
Training round: 520		accuracy = 0.5340999960899353
Training round: 521		accuracy = 0.5530999898910522
Training round: 522		accuracy = 0.53329998254776
Training round: 523		accuracy = 0.6007999777793884
Training round: 524		accuracy = 0.6144999861717224
Training round: 525		accuracy = 0.5947999954223633
Training round: 526		accuracy = 0.5773000121116638
Training round: 527		accuracy = 0.6064000129699707
Training round: 528		accuracy = 0.5900999903678894
Training round: 529		accuracy = 0.49399998784065247
Training round: 530		accuracy = 0.5627999901771545
Training round: 531		accuracy = 0.6000000238418579
Training round: 532		accuracy = 0.6083999872207642
Training round: 533		accuracy = 0.6384999752044678
Training round: 534		accuracy = 0.6313999891281128
Training round: 535		accuracy = 0.5724999904632568
Training round: 536		accuracy = 0.5914000272750854
Training round: 537		accuracy = 0.5212000012397766
Training round: 538		accuracy = 0.5447999835014343
Training round: 539		accuracy = 0.6284999847412109
Training round: 540		accuracy = 0.636900007724762
Training round: 541		accuracy = 0.5773000121116638
Training round: 542		accuracy = 0.578000009059906
Training round: 543		accuracy = 0.5651999711990356
Training round: 544		accuracy = 0.5317000150680542
Training round: 545		accuracy = 0.6060000061988831
Training round: 546		accuracy = 0.6172000169754028
Training round: 547		accuracy = 0.5554999709129333
Training round: 548		accuracy = 0.5548999905586243
Training round: 549		accuracy = 0.5867000222206116
Training round: 550		accuracy = 0.5611000061035156
Training round: 551		accuracy = 0.517300009727478
Training round: 552		accuracy = 0.589900016784668
Training round: 553		accuracy = 0.6305999755859375
Training round: 554		accuracy = 0.5264999866485596
Training round: 555		accuracy = 0.5648000240325928
Training round: 556		accuracy = 0.5562000274658203
Training round: 557		accuracy = 0.5812000036239624
Training round: 558		accuracy = 0.5917999744415283
Training round: 559		accuracy = 0.5511000156402588
Training round: 560		accuracy = 0.6033999919891357
Training round: 561		accuracy = 0.5877000093460083
Training round: 562		accuracy = 0.5752000212669373
Training round: 563		accuracy = 0.5612000226974487
Training round: 564		accuracy = 0.6222000122070312
Training round: 565		accuracy = 0.6046000123023987
Training round: 566		accuracy = 0.5823000073432922
Training round: 567		accuracy = 0.5590999722480774
Training round: 568		accuracy = 0.5356000065803528
Training round: 569		accuracy = 0.5654000043869019
Training round: 570		accuracy = 0.5360999703407288
Training round: 571		accuracy = 0.6281999945640564
Training round: 572		accuracy = 0.6399000287055969
Training round: 573		accuracy = 0.6144000291824341
Training round: 574		accuracy = 0.6263999938964844
Training round: 575		accuracy = 0.5764999985694885
Training round: 576		accuracy = 0.5666000247001648
Training round: 577		accuracy = 0.5475000143051147
Training round: 578		accuracy = 0.5597000122070312
Training round: 579		accuracy = 0.6079999804496765
Training round: 580		accuracy = 0.6067000031471252
Training round: 581		accuracy = 0.54830002784729
Training round: 582		accuracy = 0.6047999858856201
Training round: 583		accuracy = 0.5796999931335449
Training round: 584		accuracy = 0.6269000172615051
Training round: 585		accuracy = 0.6269999742507935
Training round: 586		accuracy = 0.5873000025749207
Training round: 587		accuracy = 0.5942999720573425
Training round: 588		accuracy = 0.48539999127388
Training round: 589		accuracy = 0.5490000247955322
Training round: 590		accuracy = 0.5497999787330627
Training round: 591		accuracy = 0.576200008392334
Training round: 592		accuracy = 0.5873000025749207
Training round: 593		accuracy = 0.5920000076293945
Training round: 594		accuracy = 0.5791000127792358
Training round: 595		accuracy = 0.603600025177002
Training round: 596		accuracy = 0.5791000127792358
Training round: 597		accuracy = 0.6309999823570251
Training round: 598		accuracy = 0.519599974155426
Training round: 599		accuracy = 0.6008999943733215
Training round: 600		accuracy = 0.5299999713897705
Training round: 601		accuracy = 0.614300012588501
Training round: 602		accuracy = 0.551800012588501
Training round: 603		accuracy = 0.6446999907493591
Training round: 604		accuracy = 0.604200005531311
Training round: 605		accuracy = 0.5663999915122986
Training round: 606		accuracy = 0.5651000142097473
Training round: 607		accuracy = 0.6302000284194946
Training round: 608		accuracy = 0.5929999947547913
Training round: 609		accuracy = 0.5266000032424927
Training round: 610		accuracy = 0.5932999849319458
Training round: 611		accuracy = 0.5511999726295471
Training round: 612		accuracy = 0.6541000008583069
Training round: 613		accuracy = 0.6241000294685364
Training round: 614		accuracy = 0.6507999897003174
Training round: 615		accuracy = 0.5856000185012817
Training round: 616		accuracy = 0.6089000105857849
Training round: 617		accuracy = 0.5300999879837036
Training round: 618		accuracy = 0.5313000082969666
Training round: 619		accuracy = 0.6182000041007996
Training round: 620		accuracy = 0.5679000020027161
Training round: 621		accuracy = 0.5478000044822693
Training round: 622		accuracy = 0.49889999628067017
Training round: 623		accuracy = 0.5350000262260437
Training round: 624		accuracy = 0.5278000235557556
Training round: 625		accuracy = 0.585099995136261
Training round: 626		accuracy = 0.5292999744415283
Training round: 627		accuracy = 0.5795999765396118
Training round: 628		accuracy = 0.6434000134468079
Training round: 629		accuracy = 0.4553999900817871
Training round: 630		accuracy = 0.483599990606308
Training round: 631		accuracy = 0.6452999711036682
Training round: 632		accuracy = 0.6503999829292297
Training round: 633		accuracy = 0.6182000041007996
Training round: 634		accuracy = 0.5613999962806702
Training round: 635		accuracy = 0.5760999917984009
Training round: 636		accuracy = 0.5490999817848206
Training round: 637		accuracy = 0.5705000162124634
Training round: 638		accuracy = 0.5672000050544739
Training round: 639		accuracy = 0.6212999820709229
Training round: 640		accuracy = 0.6158999800682068
Training round: 641		accuracy = 0.5011000037193298
Training round: 642		accuracy = 0.5310999751091003
Training round: 643		accuracy = 0.5220000147819519
Training round: 644		accuracy = 0.4345000088214874
Training round: 645		accuracy = 0.5464000105857849
Training round: 646		accuracy = 0.5751000046730042
Training round: 647		accuracy = 0.6345000267028809
Training round: 648		accuracy = 0.520799994468689
Training round: 649		accuracy = 0.5684000253677368
Training round: 650		accuracy = 0.5410000085830688
Training round: 651		accuracy = 0.5925999879837036
Training round: 652		accuracy = 0.6198999881744385
Training round: 653		accuracy = 0.6261000037193298
Training round: 654		accuracy = 0.5924000144004822
Training round: 655		accuracy = 0.5771999955177307
Training round: 656		accuracy = 0.5613999962806702
Training round: 657		accuracy = 0.5473999977111816
Training round: 658		accuracy = 0.5943999886512756
Training round: 659		accuracy = 0.633400022983551
Training round: 660		accuracy = 0.5579000115394592
Training round: 661		accuracy = 0.6304000020027161
Training round: 662		accuracy = 0.6371999979019165
Training round: 663		accuracy = 0.5440999865531921
Training round: 664		accuracy = 0.6348999738693237
Training round: 665		accuracy = 0.5789999961853027
Training round: 666		accuracy = 0.5877000093460083
Training round: 667		accuracy = 0.6068999767303467
Training round: 668		accuracy = 0.6104000210762024
Training round: 669		accuracy = 0.6194999814033508
Training round: 670		accuracy = 0.5623000264167786
Training round: 671		accuracy = 0.6180999875068665
Training round: 672		accuracy = 0.5741000175476074
Training round: 673		accuracy = 0.5575000047683716
Training round: 674		accuracy = 0.6317999958992004
Training round: 675		accuracy = 0.6215999722480774
Training round: 676		accuracy = 0.52920001745224
Training round: 677		accuracy = 0.5638999938964844
Training round: 678		accuracy = 0.6668999791145325
Training round: 679		accuracy = 0.6216999888420105
Training round: 680		accuracy = 0.6251000165939331
Training round: 681		accuracy = 0.5906000137329102
Training round: 682		accuracy = 0.6324999928474426
Training round: 683		accuracy = 0.5587999820709229
Training round: 684		accuracy = 0.6186000108718872
Training round: 685		accuracy = 0.5274999737739563
Training round: 686		accuracy = 0.626800000667572
Training round: 687		accuracy = 0.616100013256073
Training round: 688		accuracy = 0.6176000237464905
Training round: 689		accuracy = 0.6243000030517578
Training round: 690		accuracy = 0.6389999985694885
Training round: 691		accuracy = 0.54830002784729
Training round: 692		accuracy = 0.5194000005722046
Training round: 693		accuracy = 0.5297999978065491
Training round: 694		accuracy = 0.5903000235557556
Training round: 695		accuracy = 0.5667999982833862
Training round: 696		accuracy = 0.5837000012397766
Training round: 697		accuracy = 0.6114000082015991
Training round: 698		accuracy = 0.6345999836921692
Training round: 699		accuracy = 0.6665999889373779
Training round: 700		accuracy = 0.6022999882698059
Training round: 701		accuracy = 0.6345000267028809
Training round: 702		accuracy = 0.5392000079154968
Training round: 703		accuracy = 0.6018000245094299
Training round: 704		accuracy = 0.6269999742507935
Training round: 705		accuracy = 0.5806999802589417
Training round: 706		accuracy = 0.6069999933242798
Training round: 707		accuracy = 0.5526999831199646
Training round: 708		accuracy = 0.6389999985694885
Training round: 709		accuracy = 0.6295999884605408
Training round: 710		accuracy = 0.6226000189781189
Training round: 711		accuracy = 0.6008999943733215
Training round: 712		accuracy = 0.5759999752044678
Training round: 713		accuracy = 0.6373000144958496
Training round: 714		accuracy = 0.6376000046730042
Training round: 715		accuracy = 0.6636999845504761
Training round: 716		accuracy = 0.6096000075340271
Training round: 717		accuracy = 0.5920000076293945
Training round: 718		accuracy = 0.6315000057220459
Training round: 719		accuracy = 0.6381000280380249
Training round: 720		accuracy = 0.5985999703407288
Training round: 721		accuracy = 0.6029999852180481
Training round: 722		accuracy = 0.6697999835014343
Training round: 723		accuracy = 0.5511000156402588
Training round: 724		accuracy = 0.5885000228881836
Training round: 725		accuracy = 0.6154000163078308
Training round: 726		accuracy = 0.5756999850273132
Training round: 727		accuracy = 0.6399000287055969
Training round: 728		accuracy = 0.614799976348877
Training round: 729		accuracy = 0.6069999933242798
Training round: 730		accuracy = 0.6402000188827515
Training round: 731		accuracy = 0.5950000286102295
Training round: 732		accuracy = 0.5277000069618225
Training round: 733		accuracy = 0.48910000920295715
Training round: 734		accuracy = 0.560699999332428
Training round: 735		accuracy = 0.6025999784469604
Training round: 736		accuracy = 0.6328999996185303
Training round: 737		accuracy = 0.6618000268936157
Training round: 738		accuracy = 0.5386999845504761
Training round: 739		accuracy = 0.6295999884605408
Training round: 740		accuracy = 0.621399998664856
Training round: 741		accuracy = 0.5641999840736389
Training round: 742		accuracy = 0.6435999870300293
Training round: 743		accuracy = 0.6046000123023987
Training round: 744		accuracy = 0.5893999934196472
Training round: 745		accuracy = 0.5680999755859375
Training round: 746		accuracy = 0.6195999979972839
Training round: 747		accuracy = 0.6546000242233276
Training round: 748		accuracy = 0.5981000065803528
Training round: 749		accuracy = 0.6345999836921692
Training round: 750		accuracy = 0.6110000014305115
Training round: 751		accuracy = 0.6144000291824341
Training round: 752		accuracy = 0.5629000067710876
Training round: 753		accuracy = 0.656499981880188
Training round: 754		accuracy = 0.590499997138977
Training round: 755		accuracy = 0.4722000062465668
Training round: 756		accuracy = 0.520799994468689
Training round: 757		accuracy = 0.6028000116348267
Training round: 758		accuracy = 0.6240000128746033
Training round: 759		accuracy = 0.5389999747276306
Training round: 760		accuracy = 0.6262999773025513
Training round: 761		accuracy = 0.5311999917030334
Training round: 762		accuracy = 0.6520000100135803
Training round: 763		accuracy = 0.5965999960899353
Training round: 764		accuracy = 0.5972999930381775
Training round: 765		accuracy = 0.6018999814987183
Training round: 766		accuracy = 0.5713000297546387
Training round: 767		accuracy = 0.660099983215332
Training round: 768		accuracy = 0.667900025844574
Training round: 769		accuracy = 0.6690000295639038
Training round: 770		accuracy = 0.637499988079071
Training round: 771		accuracy = 0.5677000284194946
Training round: 772		accuracy = 0.5873000025749207
Training round: 773		accuracy = 0.5557000041007996
Training round: 774		accuracy = 0.5906999707221985
Training round: 775		accuracy = 0.6147000193595886
Training round: 776		accuracy = 0.6202999949455261
Training round: 777		accuracy = 0.5460000038146973
Training round: 778		accuracy = 0.4805999994277954
Training round: 779		accuracy = 0.6348000168800354
Training round: 780		accuracy = 0.6331999897956848
Training round: 781		accuracy = 0.5601999759674072
Training round: 782		accuracy = 0.5539000034332275
Training round: 783		accuracy = 0.6036999821662903
Training round: 784		accuracy = 0.6150000095367432
Training round: 785		accuracy = 0.5152999758720398
Training round: 786		accuracy = 0.5566999912261963
Training round: 787		accuracy = 0.6162999868392944
Training round: 788		accuracy = 0.646399974822998
Training round: 789		accuracy = 0.5580999851226807
Training round: 790		accuracy = 0.5623999834060669
Training round: 791		accuracy = 0.5097000002861023
Training round: 792		accuracy = 0.5692999958992004
Training round: 793		accuracy = 0.6204000115394592
Training round: 794		accuracy = 0.5939000248908997
Training round: 795		accuracy = 0.661899983882904
Training round: 796		accuracy = 0.5821999907493591
Training round: 797		accuracy = 0.6657000184059143
Training round: 798		accuracy = 0.5986999869346619
Training round: 799		accuracy = 0.5771999955177307
Training round: 800		accuracy = 0.6363000273704529
Training round: 801		accuracy = 0.637499988079071
Training round: 802		accuracy = 0.5975000262260437
Training round: 803		accuracy = 0.5706999897956848
Training round: 804		accuracy = 0.5489000082015991
Training round: 805		accuracy = 0.6007000207901001
Training round: 806		accuracy = 0.5860999822616577
Training round: 807		accuracy = 0.6557000279426575
Training round: 808		accuracy = 0.45399999618530273
Training round: 809		accuracy = 0.5659999847412109
Training round: 810		accuracy = 0.52920001745224
Training round: 811		accuracy = 0.6089000105857849
Training round: 812		accuracy = 0.6628999710083008
Training round: 813		accuracy = 0.5705999732017517
Training round: 814		accuracy = 0.621999979019165
Training round: 815		accuracy = 0.650600016117096
Training round: 816		accuracy = 0.6370999813079834
Training round: 817		accuracy = 0.5569000244140625
Training round: 818		accuracy = 0.5145999789237976
Training round: 819		accuracy = 0.6312000155448914
Training round: 820		accuracy = 0.6502000093460083
Training round: 821		accuracy = 0.6000000238418579
Training round: 822		accuracy = 0.5656999945640564
Training round: 823		accuracy = 0.6098999977111816
Training round: 824		accuracy = 0.5742999911308289
Training round: 825		accuracy = 0.6651999950408936
Training round: 826		accuracy = 0.6270999908447266
Training round: 827		accuracy = 0.6107000112533569
Training round: 828		accuracy = 0.5493999719619751
Training round: 829		accuracy = 0.6169999837875366
Training round: 830		accuracy = 0.49149999022483826
Training round: 831		accuracy = 0.6219000220298767
Training round: 832		accuracy = 0.5723000168800354
Training round: 833		accuracy = 0.6057999730110168
Training round: 834		accuracy = 0.6414999961853027
Training round: 835		accuracy = 0.5981000065803528
Training round: 836		accuracy = 0.5267999768257141
Training round: 837		accuracy = 0.6377000212669373
Training round: 838		accuracy = 0.6437000036239624
Training round: 839		accuracy = 0.4449999928474426
Training round: 840		accuracy = 0.5698999762535095
Training round: 841		accuracy = 0.5929999947547913
Training round: 842		accuracy = 0.6175000071525574
Training round: 843		accuracy = 0.6499000191688538
Training round: 844		accuracy = 0.6392999887466431
Training round: 845		accuracy = 0.628600001335144
Training round: 846		accuracy = 0.6517999768257141
Training round: 847		accuracy = 0.6215000152587891
Training round: 848		accuracy = 0.5861999988555908
Training round: 849		accuracy = 0.5598999857902527
Training round: 850		accuracy = 0.5076000094413757
Training round: 851		accuracy = 0.5853999853134155
Training round: 852		accuracy = 0.45890000462532043
Training round: 853		accuracy = 0.5849999785423279
Training round: 854		accuracy = 0.567799985408783
Training round: 855		accuracy = 0.6402999758720398
Training round: 856		accuracy = 0.6621000170707703
Training round: 857		accuracy = 0.6074000000953674
Training round: 858		accuracy = 0.5871999859809875
Training round: 859		accuracy = 0.6154999732971191
Training round: 860		accuracy = 0.6237999796867371
Training round: 861		accuracy = 0.6401000022888184
Training round: 862		accuracy = 0.6518999934196472
Training round: 863		accuracy = 0.5946000218391418
Training round: 864		accuracy = 0.5440999865531921
Training round: 865		accuracy = 0.6383000016212463
Training round: 866		accuracy = 0.6331999897956848
Training round: 867		accuracy = 0.6484000086784363
Training round: 868		accuracy = 0.6263999938964844
Training round: 869		accuracy = 0.5827000141143799
Training round: 870		accuracy = 0.6273000240325928
Training round: 871		accuracy = 0.6219000220298767
Training round: 872		accuracy = 0.6277999877929688
Training round: 873		accuracy = 0.625
Training round: 874		accuracy = 0.5974000096321106
Training round: 875		accuracy = 0.5871000289916992
Training round: 876		accuracy = 0.628000020980835
Training round: 877		accuracy = 0.6115999817848206
Training round: 878		accuracy = 0.5379999876022339
Training round: 879		accuracy = 0.5443999767303467
Training round: 880		accuracy = 0.5917999744415283
Training round: 881		accuracy = 0.6047999858856201
Training round: 882		accuracy = 0.5601000189781189
Training round: 883		accuracy = 0.6618000268936157
Training round: 884		accuracy = 0.5924999713897705
Training round: 885		accuracy = 0.6348000168800354
Training round: 886		accuracy = 0.5855000019073486
Training round: 887		accuracy = 0.5465999841690063
Training round: 888		accuracy = 0.6090999841690063
Training round: 889		accuracy = 0.5486999750137329
Training round: 890		accuracy = 0.585099995136261
Training round: 891		accuracy = 0.47130000591278076
Training round: 892		accuracy = 0.6377999782562256
Training round: 893		accuracy = 0.6086000204086304
Training round: 894		accuracy = 0.5864999890327454
Training round: 895		accuracy = 0.6189000010490417
Training round: 896		accuracy = 0.6327000260353088
Training round: 897		accuracy = 0.5590000152587891
Training round: 898		accuracy = 0.6129999756813049
Training round: 899		accuracy = 0.5548999905586243
Training round: 900		accuracy = 0.5867000222206116
Training round: 901		accuracy = 0.6410999894142151
Training round: 902		accuracy = 0.6069999933242798
Training round: 903		accuracy = 0.6481000185012817
Training round: 904		accuracy = 0.6520000100135803
Training round: 905		accuracy = 0.6513000130653381
Training round: 906		accuracy = 0.6212999820709229
Training round: 907		accuracy = 0.5740000009536743
Training round: 908		accuracy = 0.6513000130653381
Training round: 909		accuracy = 0.6697999835014343
Training round: 910		accuracy = 0.47530001401901245
Training round: 911		accuracy = 0.6388000249862671
Training round: 912		accuracy = 0.6169000267982483
Training round: 913		accuracy = 0.5648999810218811
Training round: 914		accuracy = 0.6693999767303467
Training round: 915		accuracy = 0.6516000032424927
Training round: 916		accuracy = 0.656499981880188
Training round: 917		accuracy = 0.5738000273704529
Training round: 918		accuracy = 0.5202999711036682
Training round: 919		accuracy = 0.5932000279426575
Training round: 920		accuracy = 0.5950999855995178
Training round: 921		accuracy = 0.5461999773979187
Training round: 922		accuracy = 0.5695000290870667
Training round: 923		accuracy = 0.6069999933242798
Training round: 924		accuracy = 0.5956000089645386
Training round: 925		accuracy = 0.6446999907493591
Training round: 926		accuracy = 0.6388999819755554
Training round: 927		accuracy = 0.5921000242233276
Training round: 928		accuracy = 0.611299991607666
Training round: 929		accuracy = 0.5462999939918518
Training round: 930		accuracy = 0.6316999793052673
Training round: 931		accuracy = 0.6452000141143799
Training round: 932		accuracy = 0.5825999975204468
Training round: 933		accuracy = 0.6180999875068665
Training round: 934		accuracy = 0.5745000243186951
Training round: 935		accuracy = 0.6004999876022339
Training round: 936		accuracy = 0.6238999962806702
Training round: 937		accuracy = 0.5971999764442444
Training round: 938		accuracy = 0.6021999716758728
Training round: 939		accuracy = 0.5841000080108643
Training round: 940		accuracy = 0.5914999842643738
Training round: 941		accuracy = 0.6165000200271606
Training round: 942		accuracy = 0.6003999710083008
Training round: 943		accuracy = 0.620199978351593
Training round: 944		accuracy = 0.6122000217437744
Training round: 945		accuracy = 0.6431999802589417
Training round: 946		accuracy = 0.6263999938964844
Training round: 947		accuracy = 0.6195999979972839
Training round: 948		accuracy = 0.5960999727249146
Training round: 949		accuracy = 0.6251000165939331
Training round: 950		accuracy = 0.5943999886512756
Training round: 951		accuracy = 0.5971999764442444
Training round: 952		accuracy = 0.5922999978065491
Training round: 953		accuracy = 0.6384999752044678
Training round: 954		accuracy = 0.5999000072479248
Training round: 955		accuracy = 0.6578999757766724
Training round: 956		accuracy = 0.5666999816894531
Training round: 957		accuracy = 0.5249999761581421
Training round: 958		accuracy = 0.5892999768257141
Training round: 959		accuracy = 0.593500018119812
Training round: 960		accuracy = 0.6244999766349792
Training round: 961		accuracy = 0.4424999952316284
Training round: 962		accuracy = 0.6010000109672546
Training round: 963		accuracy = 0.6341000199317932
Training round: 964		accuracy = 0.6633999943733215
Training round: 965		accuracy = 0.6419000029563904
Training round: 966		accuracy = 0.6226000189781189
Training round: 967		accuracy = 0.6204000115394592
Training round: 968		accuracy = 0.6171000003814697
Training round: 969		accuracy = 0.6622999906539917
Training round: 970		accuracy = 0.6097999811172485
Training round: 971		accuracy = 0.664900004863739
Training round: 972		accuracy = 0.6489999890327454
Training round: 973		accuracy = 0.6255000233650208
Training round: 974		accuracy = 0.5795000195503235
Training round: 975		accuracy = 0.6248999834060669
Training round: 976		accuracy = 0.6312999725341797
Training round: 977		accuracy = 0.6674000024795532
Training round: 978		accuracy = 0.5694000124931335
Training round: 979		accuracy = 0.6601999998092651
Training round: 980		accuracy = 0.6401000022888184
Training round: 981		accuracy = 0.6238999962806702
Training round: 982		accuracy = 0.5859000086784363
Training round: 983		accuracy = 0.5960999727249146
Training round: 984		accuracy = 0.6575000286102295
Training round: 985		accuracy = 0.5697000026702881
Training round: 986		accuracy = 0.604200005531311
Training round: 987		accuracy = 0.6144000291824341
Training round: 988		accuracy = 0.6176000237464905
Training round: 989		accuracy = 0.6488999724388123
Training round: 990		accuracy = 0.644599974155426
Training round: 991		accuracy = 0.6485999822616577
Training round: 992		accuracy = 0.6323000192642212
Training round: 993		accuracy = 0.6414999961853027
Training round: 994		accuracy = 0.6248999834060669
Training round: 995		accuracy = 0.621999979019165
Training round: 996		accuracy = 0.5812000036239624
Training round: 997		accuracy = 0.6244999766349792
Training round: 998		accuracy = 0.5891000032424927
Training round: 999		accuracy = 0.5728999972343445
Training round: 1000		accuracy = 0.626800000667572
Training duration 12446.868832826614
