2021-08-21 22:48:15.405302: I tensorflow/stream_executor/platform/default/dso_loader.cc:49] Successfully opened dynamic library libcudart.so.11.0
2021-08-21 22:49:32.918038: I tensorflow/compiler/jit/xla_cpu_device.cc:41] Not creating XLA devices, tf_xla_enable_xla_devices not set
2021-08-21 22:49:33.201139: I tensorflow/stream_executor/platform/default/dso_loader.cc:49] Successfully opened dynamic library libcuda.so.1
2021-08-21 22:49:33.286817: I tensorflow/core/common_runtime/gpu/gpu_device.cc:1720] Found device 0 with properties: 
pciBusID: 0000:af:00.0 name: Tesla V100-SXM2-32GB computeCapability: 7.0
coreClock: 1.53GHz coreCount: 80 deviceMemorySize: 31.75GiB deviceMemoryBandwidth: 836.37GiB/s
2021-08-21 22:49:33.288296: I tensorflow/stream_executor/platform/default/dso_loader.cc:49] Successfully opened dynamic library libcudart.so.11.0
2021-08-21 22:49:33.303129: I tensorflow/stream_executor/platform/default/dso_loader.cc:49] Successfully opened dynamic library libcublas.so.11
2021-08-21 22:49:33.303268: I tensorflow/stream_executor/platform/default/dso_loader.cc:49] Successfully opened dynamic library libcublasLt.so.11
2021-08-21 22:49:33.310506: I tensorflow/stream_executor/platform/default/dso_loader.cc:49] Successfully opened dynamic library libcufft.so.10
2021-08-21 22:49:33.313033: I tensorflow/stream_executor/platform/default/dso_loader.cc:49] Successfully opened dynamic library libcurand.so.10
2021-08-21 22:49:33.321451: I tensorflow/stream_executor/platform/default/dso_loader.cc:49] Successfully opened dynamic library libcusolver.so.10
2021-08-21 22:49:33.323549: I tensorflow/stream_executor/platform/default/dso_loader.cc:49] Successfully opened dynamic library libcusparse.so.11
2021-08-21 22:49:33.325257: I tensorflow/stream_executor/platform/default/dso_loader.cc:49] Successfully opened dynamic library libcudnn.so.8
2021-08-21 22:49:33.333444: I tensorflow/core/common_runtime/gpu/gpu_device.cc:1862] Adding visible gpu devices: 0
2021-08-21 22:49:33.355825: I tensorflow/core/platform/cpu_feature_guard.cc:142] This TensorFlow binary is optimized with oneAPI Deep Neural Network Library (oneDNN) to use the following CPU instructions in performance-critical operations:  AVX2 AVX512F FMA
To enable them in other operations, rebuild TensorFlow with the appropriate compiler flags.
2021-08-21 22:49:33.363626: I tensorflow/compiler/jit/xla_gpu_device.cc:99] Not creating XLA devices, tf_xla_enable_xla_devices not set
2021-08-21 22:49:33.366476: I tensorflow/core/common_runtime/gpu/gpu_device.cc:1720] Found device 0 with properties: 
pciBusID: 0000:af:00.0 name: Tesla V100-SXM2-32GB computeCapability: 7.0
coreClock: 1.53GHz coreCount: 80 deviceMemorySize: 31.75GiB deviceMemoryBandwidth: 836.37GiB/s
2021-08-21 22:49:33.366629: I tensorflow/stream_executor/platform/default/dso_loader.cc:49] Successfully opened dynamic library libcudart.so.11.0
2021-08-21 22:49:33.366759: I tensorflow/stream_executor/platform/default/dso_loader.cc:49] Successfully opened dynamic library libcublas.so.11
2021-08-21 22:49:33.366806: I tensorflow/stream_executor/platform/default/dso_loader.cc:49] Successfully opened dynamic library libcublasLt.so.11
2021-08-21 22:49:33.366854: I tensorflow/stream_executor/platform/default/dso_loader.cc:49] Successfully opened dynamic library libcufft.so.10
2021-08-21 22:49:33.366985: I tensorflow/stream_executor/platform/default/dso_loader.cc:49] Successfully opened dynamic library libcurand.so.10
2021-08-21 22:49:33.367104: I tensorflow/stream_executor/platform/default/dso_loader.cc:49] Successfully opened dynamic library libcusolver.so.10
2021-08-21 22:49:33.367222: I tensorflow/stream_executor/platform/default/dso_loader.cc:49] Successfully opened dynamic library libcusparse.so.11
2021-08-21 22:49:33.367323: I tensorflow/stream_executor/platform/default/dso_loader.cc:49] Successfully opened dynamic library libcudnn.so.8
2021-08-21 22:49:33.371915: I tensorflow/core/common_runtime/gpu/gpu_device.cc:1862] Adding visible gpu devices: 0
2021-08-21 22:49:33.372627: I tensorflow/stream_executor/platform/default/dso_loader.cc:49] Successfully opened dynamic library libcudart.so.11.0
2021-08-21 22:49:34.880285: I tensorflow/core/common_runtime/gpu/gpu_device.cc:1261] Device interconnect StreamExecutor with strength 1 edge matrix:
2021-08-21 22:49:34.880486: I tensorflow/core/common_runtime/gpu/gpu_device.cc:1267]      0 
2021-08-21 22:49:34.881897: I tensorflow/core/common_runtime/gpu/gpu_device.cc:1280] 0:   N 
2021-08-21 22:49:34.903255: I tensorflow/core/common_runtime/gpu/gpu_device.cc:1406] Created TensorFlow device (/job:localhost/replica:0/task:0/device:GPU:0 with 30130 MB memory) -> physical GPU (device: 0, name: Tesla V100-SXM2-32GB, pci bus id: 0000:af:00.0, compute capability: 7.0)
2021-08-21 22:49:44.036030: I tensorflow/compiler/mlir/mlir_graph_optimization_pass.cc:116] None of the MLIR optimization passes are enabled (registered 2)
2021-08-21 22:49:44.045563: I tensorflow/core/platform/profile_utils/cpu_utils.cc:112] CPU Frequency: 2100000000 Hz
2021-08-21 22:49:44.267761: I tensorflow/stream_executor/platform/default/dso_loader.cc:49] Successfully opened dynamic library libcublas.so.11
2021-08-21 22:49:44.833670: I tensorflow/stream_executor/platform/default/dso_loader.cc:49] Successfully opened dynamic library libcublasLt.so.11
2021-08-21 22:49:44.877086: I tensorflow/stream_executor/platform/default/dso_loader.cc:49] Successfully opened dynamic library libcudnn.so.8
2021-08-21 22:49:47.534255: W tensorflow/stream_executor/gpu/asm_compiler.cc:63] Running ptxas --version returned 256
2021-08-21 22:49:47.656764: W tensorflow/stream_executor/gpu/redzone_allocator.cc:314] Internal: ptxas exited with non-zero error code 256, output: 
Relying on driver to perform ptx compilation. 
Modify $PATH to customize ptxas location.
This message will be only logged once.
NoiseMutator started.
NoiseMutator finished.
Training round: 1		accuracy = 0.6069565415382385
Training round: 2		accuracy = 0.557681143283844
Training round: 3		accuracy = 0.537971019744873
Training round: 4		accuracy = 0.5756521821022034
Training round: 5		accuracy = 0.5773913264274597
Training round: 6		accuracy = 0.5785506963729858
Training round: 7		accuracy = 0.6046376824378967
Training round: 8		accuracy = 0.5797101259231567
Training round: 9		accuracy = 0.5698550939559937
Training round: 10		accuracy = 0.6365217566490173
Training round: 11		accuracy = 0.6397101283073425
Training round: 12		accuracy = 0.6257970929145813
Training round: 13		accuracy = 0.624057948589325
Training round: 14		accuracy = 0.5852174162864685
Training round: 15		accuracy = 0.6005797386169434
Training round: 16		accuracy = 0.6121739149093628
Training round: 17		accuracy = 0.6156522035598755
Training round: 18		accuracy = 0.6179710030555725
Training round: 19		accuracy = 0.6304348111152649
Training round: 20		accuracy = 0.6362318992614746
Training round: 21		accuracy = 0.6226087212562561
Training round: 22		accuracy = 0.6385506987571716
Training round: 23		accuracy = 0.6281159520149231
Training round: 24		accuracy = 0.6208695769309998
Training round: 25		accuracy = 0.6182608604431152
Training round: 26		accuracy = 0.642318844795227
Training round: 27		accuracy = 0.6350724697113037
Training round: 28		accuracy = 0.6266666650772095
Training round: 29		accuracy = 0.6266666650772095
Training round: 30		accuracy = 0.6449275612831116
Training round: 31		accuracy = 0.6362318992614746
Training round: 32		accuracy = 0.6428985595703125
Training round: 33		accuracy = 0.6388405561447144
Training round: 34		accuracy = 0.6556521654129028
Training round: 35		accuracy = 0.653333306312561
Training round: 36		accuracy = 0.6449275612831116
Training round: 37		accuracy = 0.645797073841095
Training round: 38		accuracy = 0.6617391109466553
Training round: 39		accuracy = 0.6585507392883301
Training round: 40		accuracy = 0.6515942215919495
Training round: 41		accuracy = 0.6446377038955688
Training round: 42		accuracy = 0.6408695578575134
Training round: 43		accuracy = 0.643478274345398
Training round: 44		accuracy = 0.6571014523506165
Training round: 45		accuracy = 0.6562318801879883
Training round: 46		accuracy = 0.6542028784751892
Training round: 47		accuracy = 0.6536231637001038
Training round: 48		accuracy = 0.656521737575531
Training round: 49		accuracy = 0.6469565033912659
Training round: 50		accuracy = 0.6611593961715698
Training round: 51		accuracy = 0.6452174186706543
Training round: 52		accuracy = 0.653333306312561
Training round: 53		accuracy = 0.6582608819007874
Training round: 54		accuracy = 0.6579710245132446
Training round: 55		accuracy = 0.653333306312561
Training round: 56		accuracy = 0.6556521654129028
Training round: 57		accuracy = 0.6724637746810913
Training round: 58		accuracy = 0.6600000262260437
Training round: 59		accuracy = 0.6617391109466553
Training round: 60		accuracy = 0.6689854860305786
Training round: 61		accuracy = 0.667246401309967
Training round: 62		accuracy = 0.6623188257217407
Training round: 63		accuracy = 0.6602898836135864
Training round: 64		accuracy = 0.6605796813964844
Training round: 65		accuracy = 0.6524637937545776
Training round: 66		accuracy = 0.6579710245132446
Training round: 67		accuracy = 0.653333306312561
Training round: 68		accuracy = 0.6556521654129028
Training round: 69		accuracy = 0.6594203114509583
Training round: 70		accuracy = 0.6579710245132446
Training round: 71		accuracy = 0.6605796813964844
Training round: 72		accuracy = 0.6628985404968262
Training round: 73		accuracy = 0.6643478274345398
Training round: 74		accuracy = 0.6646376848220825
Training round: 75		accuracy = 0.6634782552719116
Training round: 76		accuracy = 0.6614492535591125
Training round: 77		accuracy = 0.6649275422096252
Training round: 78		accuracy = 0.6739130616188049
Training round: 79		accuracy = 0.6628985404968262
Training round: 80		accuracy = 0.6640579700469971
Training round: 81		accuracy = 0.6686956286430359
Training round: 82		accuracy = 0.6718840599060059
Training round: 83		accuracy = 0.6721739172935486
Training round: 84		accuracy = 0.6710144877433777
Training round: 85		accuracy = 0.6721739172935486
Training round: 86		accuracy = 0.6788405776023865
Training round: 87		accuracy = 0.6771014332771301
Training round: 88		accuracy = 0.6768115758895874
Training round: 89		accuracy = 0.6771014332771301
Training round: 90		accuracy = 0.6797101497650146
Training round: 91		accuracy = 0.678260862827301
Training round: 92		accuracy = 0.6768115758895874
Training round: 93		accuracy = 0.6785507202148438
Training round: 94		accuracy = 0.6791304349899292
Training round: 95		accuracy = 0.6759420037269592
Training round: 96		accuracy = 0.6805797219276428
Training round: 97		accuracy = 0.6802898645401001
Training round: 98		accuracy = 0.6811594367027283
Training round: 99		accuracy = 0.6776811480522156
Training round: 100		accuracy = 0.6805797219276428
Training duration 5959.405239582062
