2021-08-12 23:10:51.393602: I tensorflow/stream_executor/platform/default/dso_loader.cc:49] Successfully opened dynamic library libcudart.so.11.0
2021-08-12 23:10:59.317464: I tensorflow/compiler/jit/xla_cpu_device.cc:41] Not creating XLA devices, tf_xla_enable_xla_devices not set
2021-08-12 23:10:59.323980: I tensorflow/stream_executor/platform/default/dso_loader.cc:49] Successfully opened dynamic library libcuda.so.1
2021-08-12 23:10:59.370527: I tensorflow/core/common_runtime/gpu/gpu_device.cc:1720] Found device 0 with properties: 
pciBusID: 0000:03:00.0 name: Tesla P100-PCIE-12GB computeCapability: 6.0
coreClock: 1.3285GHz coreCount: 56 deviceMemorySize: 11.91GiB deviceMemoryBandwidth: 511.41GiB/s
2021-08-12 23:10:59.370928: I tensorflow/stream_executor/platform/default/dso_loader.cc:49] Successfully opened dynamic library libcudart.so.11.0
2021-08-12 23:10:59.381275: I tensorflow/stream_executor/platform/default/dso_loader.cc:49] Successfully opened dynamic library libcublas.so.11
2021-08-12 23:10:59.381401: I tensorflow/stream_executor/platform/default/dso_loader.cc:49] Successfully opened dynamic library libcublasLt.so.11
2021-08-12 23:10:59.385845: I tensorflow/stream_executor/platform/default/dso_loader.cc:49] Successfully opened dynamic library libcufft.so.10
2021-08-12 23:10:59.387837: I tensorflow/stream_executor/platform/default/dso_loader.cc:49] Successfully opened dynamic library libcurand.so.10
2021-08-12 23:10:59.394700: I tensorflow/stream_executor/platform/default/dso_loader.cc:49] Successfully opened dynamic library libcusolver.so.10
2021-08-12 23:10:59.396791: I tensorflow/stream_executor/platform/default/dso_loader.cc:49] Successfully opened dynamic library libcusparse.so.11
2021-08-12 23:10:59.397272: I tensorflow/stream_executor/platform/default/dso_loader.cc:49] Successfully opened dynamic library libcudnn.so.8
2021-08-12 23:10:59.399791: I tensorflow/core/common_runtime/gpu/gpu_device.cc:1862] Adding visible gpu devices: 0
2021-08-12 23:10:59.403791: I tensorflow/core/platform/cpu_feature_guard.cc:142] This TensorFlow binary is optimized with oneAPI Deep Neural Network Library (oneDNN) to use the following CPU instructions in performance-critical operations:  AVX2 FMA
To enable them in other operations, rebuild TensorFlow with the appropriate compiler flags.
2021-08-12 23:10:59.404077: I tensorflow/compiler/jit/xla_gpu_device.cc:99] Not creating XLA devices, tf_xla_enable_xla_devices not set
2021-08-12 23:10:59.406247: I tensorflow/core/common_runtime/gpu/gpu_device.cc:1720] Found device 0 with properties: 
pciBusID: 0000:03:00.0 name: Tesla P100-PCIE-12GB computeCapability: 6.0
coreClock: 1.3285GHz coreCount: 56 deviceMemorySize: 11.91GiB deviceMemoryBandwidth: 511.41GiB/s
2021-08-12 23:10:59.406413: I tensorflow/stream_executor/platform/default/dso_loader.cc:49] Successfully opened dynamic library libcudart.so.11.0
2021-08-12 23:10:59.406507: I tensorflow/stream_executor/platform/default/dso_loader.cc:49] Successfully opened dynamic library libcublas.so.11
2021-08-12 23:10:59.406599: I tensorflow/stream_executor/platform/default/dso_loader.cc:49] Successfully opened dynamic library libcublasLt.so.11
2021-08-12 23:10:59.406693: I tensorflow/stream_executor/platform/default/dso_loader.cc:49] Successfully opened dynamic library libcufft.so.10
2021-08-12 23:10:59.406777: I tensorflow/stream_executor/platform/default/dso_loader.cc:49] Successfully opened dynamic library libcurand.so.10
2021-08-12 23:10:59.406855: I tensorflow/stream_executor/platform/default/dso_loader.cc:49] Successfully opened dynamic library libcusolver.so.10
2021-08-12 23:10:59.406933: I tensorflow/stream_executor/platform/default/dso_loader.cc:49] Successfully opened dynamic library libcusparse.so.11
2021-08-12 23:10:59.407013: I tensorflow/stream_executor/platform/default/dso_loader.cc:49] Successfully opened dynamic library libcudnn.so.8
2021-08-12 23:10:59.410785: I tensorflow/core/common_runtime/gpu/gpu_device.cc:1862] Adding visible gpu devices: 0
2021-08-12 23:10:59.410933: I tensorflow/stream_executor/platform/default/dso_loader.cc:49] Successfully opened dynamic library libcudart.so.11.0
2021-08-12 23:11:00.750095: I tensorflow/core/common_runtime/gpu/gpu_device.cc:1261] Device interconnect StreamExecutor with strength 1 edge matrix:
2021-08-12 23:11:00.750292: I tensorflow/core/common_runtime/gpu/gpu_device.cc:1267]      0 
2021-08-12 23:11:00.750395: I tensorflow/core/common_runtime/gpu/gpu_device.cc:1280] 0:   N 
2021-08-12 23:11:00.759092: I tensorflow/core/common_runtime/gpu/gpu_device.cc:1406] Created TensorFlow device (/job:localhost/replica:0/task:0/device:GPU:0 with 11119 MB memory) -> physical GPU (device: 0, name: Tesla P100-PCIE-12GB, pci bus id: 0000:03:00.0, compute capability: 6.0)
2021-08-12 23:11:01.391266: I tensorflow/compiler/mlir/mlir_graph_optimization_pass.cc:116] None of the MLIR optimization passes are enabled (registered 2)
2021-08-12 23:11:01.392190: I tensorflow/core/platform/profile_utils/cpu_utils.cc:112] CPU Frequency: 2200095000 Hz
2021-08-12 23:11:01.996459: I tensorflow/stream_executor/platform/default/dso_loader.cc:49] Successfully opened dynamic library libcublas.so.11
2021-08-12 23:11:02.340922: I tensorflow/stream_executor/platform/default/dso_loader.cc:49] Successfully opened dynamic library libcublasLt.so.11
2021-08-12 23:11:02.343478: I tensorflow/stream_executor/platform/default/dso_loader.cc:49] Successfully opened dynamic library libcudnn.so.8
2021-08-12 23:11:03.923906: W tensorflow/stream_executor/gpu/asm_compiler.cc:63] Running ptxas --version returned 256
2021-08-12 23:11:03.964356: W tensorflow/stream_executor/gpu/redzone_allocator.cc:314] Internal: ptxas exited with non-zero error code 256, output: 
Relying on driver to perform ptx compilation. 
Modify $PATH to customize ptxas location.
This message will be only logged once.
LabelAttacker started.
LabelAttacker finished.
Training round: 1		accuracy = 0.10520000010728836
Training round: 2		accuracy = 0.10000000149011612
Training round: 3		accuracy = 0.10000000149011612
Training round: 4		accuracy = 0.11949999630451202
Training round: 5		accuracy = 0.13950000703334808
Training round: 6		accuracy = 0.14020000398159027
Training round: 7		accuracy = 0.11339999735355377
Training round: 8		accuracy = 0.13300000131130219
Training round: 9		accuracy = 0.10029999911785126
Training round: 10		accuracy = 0.1054999977350235
Training round: 11		accuracy = 0.15070000290870667
Training round: 12		accuracy = 0.1429000049829483
Training round: 13		accuracy = 0.11509999632835388
Training round: 14		accuracy = 0.1428000032901764
Training round: 15		accuracy = 0.1370999962091446
Training round: 16		accuracy = 0.15880000591278076
Training round: 17		accuracy = 0.15790000557899475
Training round: 18		accuracy = 0.16910000145435333
Training round: 19		accuracy = 0.10660000145435333
Training round: 20		accuracy = 0.17980000376701355
Training round: 21		accuracy = 0.11490000039339066
Training round: 22		accuracy = 0.12540000677108765
Training round: 23		accuracy = 0.1469999998807907
Training round: 24		accuracy = 0.1793999969959259
Training round: 25		accuracy = 0.14090000092983246
Training round: 26		accuracy = 0.15459999442100525
Training round: 27		accuracy = 0.11150000244379044
Training round: 28		accuracy = 0.11140000075101852
Training round: 29		accuracy = 0.1387999951839447
Training round: 30		accuracy = 0.10679999738931656
Training round: 31		accuracy = 0.13359999656677246
Training round: 32		accuracy = 0.1340000033378601
Training round: 33		accuracy = 0.10189999639987946
Training round: 34		accuracy = 0.1388999968767166
Training round: 35		accuracy = 0.08100000023841858
Training round: 36		accuracy = 0.1582999974489212
Training round: 37		accuracy = 0.14270000159740448
Training round: 38		accuracy = 0.10000000149011612
Training round: 39		accuracy = 0.12950000166893005
Training round: 40		accuracy = 0.11410000175237656
Training round: 41		accuracy = 0.11819999665021896
Training round: 42		accuracy = 0.1234000027179718
Training round: 43		accuracy = 0.10000000149011612
Training round: 44		accuracy = 0.2004999965429306
Training round: 45		accuracy = 0.1624000072479248
Training round: 46		accuracy = 0.13369999825954437
Training round: 47		accuracy = 0.14079999923706055
Training round: 48		accuracy = 0.12780000269412994
Training round: 49		accuracy = 0.11980000138282776
Training round: 50		accuracy = 0.13570000231266022
Training round: 51		accuracy = 0.07810000330209732
Training round: 52		accuracy = 0.12690000236034393
Training round: 53		accuracy = 0.09220000356435776
Training round: 54		accuracy = 0.11309999972581863
Training round: 55		accuracy = 0.10000000149011612
Training round: 56		accuracy = 0.14249999821186066
Training round: 57		accuracy = 0.20180000364780426
Training round: 58		accuracy = 0.16539999842643738
Training round: 59		accuracy = 0.17679999768733978
Training round: 60		accuracy = 0.1800999939441681
Training round: 61		accuracy = 0.17339999973773956
Training round: 62		accuracy = 0.22040000557899475
Training round: 63		accuracy = 0.17560000717639923
Training round: 64		accuracy = 0.1404000073671341
Training round: 65		accuracy = 0.10029999911785126
Training round: 66		accuracy = 0.11460000276565552
Training round: 67		accuracy = 0.08110000193119049
Training round: 68		accuracy = 0.0997999981045723
Training round: 69		accuracy = 0.08699999749660492
Training round: 70		accuracy = 0.07569999992847443
Training round: 71		accuracy = 0.1565999984741211
Training round: 72		accuracy = 0.13989999890327454
Training round: 73		accuracy = 0.18000000715255737
Training round: 74		accuracy = 0.12380000203847885
Training round: 75		accuracy = 0.13279999792575836
Training round: 76		accuracy = 0.12759999930858612
Training round: 77		accuracy = 0.120899997651577
Training round: 78		accuracy = 0.10270000249147415
Training round: 79		accuracy = 0.16269999742507935
Training round: 80		accuracy = 0.16609999537467957
Training round: 81		accuracy = 0.1754000037908554
Training round: 82		accuracy = 0.09059999883174896
Training round: 83		accuracy = 0.2029999941587448
Training round: 84		accuracy = 0.10019999742507935
Training round: 85		accuracy = 0.14920000731945038
Training round: 86		accuracy = 0.07419999688863754
Training round: 87		accuracy = 0.13529999554157257
Training round: 88		accuracy = 0.10300000011920929
Training round: 89		accuracy = 0.16910000145435333
Training round: 90		accuracy = 0.15489999949932098
Training round: 91		accuracy = 0.052799999713897705
Training round: 92		accuracy = 0.07580000162124634
Training round: 93		accuracy = 0.131400004029274
Training round: 94		accuracy = 0.10480000078678131
Training round: 95		accuracy = 0.10100000351667404
Training round: 96		accuracy = 0.10109999775886536
Training round: 97		accuracy = 0.10000000149011612
Training round: 98		accuracy = 0.12630000710487366
Training round: 99		accuracy = 0.19750000536441803
Training round: 100		accuracy = 0.17219999432563782
Training round: 101		accuracy = 0.07169999927282333
Training round: 102		accuracy = 0.09309999644756317
Training round: 103		accuracy = 0.13009999692440033
Training round: 104		accuracy = 0.12229999899864197
Training round: 105		accuracy = 0.1371999979019165
Training round: 106		accuracy = 0.1273999959230423
Training round: 107		accuracy = 0.15530000627040863
Training round: 108		accuracy = 0.13850000500679016
Training round: 109		accuracy = 0.1216999962925911
Training round: 110		accuracy = 0.13369999825954437
Training round: 111		accuracy = 0.11490000039339066
Training round: 112		accuracy = 0.10700000077486038
Training round: 113		accuracy = 0.1826999932527542
Training round: 114		accuracy = 0.1348000019788742
Training round: 115		accuracy = 0.09730000048875809
Training round: 116		accuracy = 0.10339999943971634
Training round: 117		accuracy = 0.16009999811649323
Training round: 118		accuracy = 0.09690000116825104
Training round: 119		accuracy = 0.09849999845027924
Training round: 120		accuracy = 0.10589999705553055
Training round: 121		accuracy = 0.20469999313354492
Training round: 122		accuracy = 0.2296999990940094
Training round: 123		accuracy = 0.1451999992132187
Training round: 124		accuracy = 0.1762000024318695
Training round: 125		accuracy = 0.1454000025987625
Training round: 126		accuracy = 0.21960000693798065
Training round: 127		accuracy = 0.1477999985218048
Training round: 128		accuracy = 0.21459999680519104
Training round: 129		accuracy = 0.19189999997615814
Training round: 130		accuracy = 0.17630000412464142
Training round: 131		accuracy = 0.18359999358654022
Training round: 132		accuracy = 0.13899999856948853
Training round: 133		accuracy = 0.11349999904632568
Training round: 134		accuracy = 0.16500000655651093
Training round: 135		accuracy = 0.12939999997615814
Training round: 136		accuracy = 0.10989999771118164
Training round: 137		accuracy = 0.21150000393390656
Training round: 138		accuracy = 0.1362999975681305
Training round: 139		accuracy = 0.17520000040531158
Training round: 140		accuracy = 0.14219999313354492
Training round: 141		accuracy = 0.195700004696846
Training round: 142		accuracy = 0.24390000104904175
Training round: 143		accuracy = 0.21699999272823334
Training round: 144		accuracy = 0.19519999623298645
Training round: 145		accuracy = 0.11810000240802765
Training round: 146		accuracy = 0.18400000035762787
Training round: 147		accuracy = 0.2337999939918518
Training round: 148		accuracy = 0.21410000324249268
Training round: 149		accuracy = 0.20170000195503235
Training round: 150		accuracy = 0.19689999520778656
Training round: 151		accuracy = 0.2176000028848648
Training round: 152		accuracy = 0.10130000114440918
Training round: 153		accuracy = 0.1290999948978424
Training round: 154		accuracy = 0.13300000131130219
Training round: 155		accuracy = 0.18060000240802765
Training round: 156		accuracy = 0.11469999700784683
Training round: 157		accuracy = 0.2460000067949295
Training round: 158		accuracy = 0.22429999709129333
Training round: 159		accuracy = 0.10819999873638153
Training round: 160		accuracy = 0.18690000474452972
Training round: 161		accuracy = 0.15680000185966492
Training round: 162		accuracy = 0.1899999976158142
Training round: 163		accuracy = 0.1688999980688095
Training round: 164		accuracy = 0.1688999980688095
Training round: 165		accuracy = 0.18359999358654022
Training round: 166		accuracy = 0.0869000032544136
Training round: 167		accuracy = 0.19359999895095825
Training round: 168		accuracy = 0.10559999942779541
Training round: 169		accuracy = 0.20080000162124634
Training round: 170		accuracy = 0.2387000024318695
Training round: 171		accuracy = 0.27730000019073486
Training round: 172		accuracy = 0.2655999958515167
Training round: 173		accuracy = 0.24130000174045563
Training round: 174		accuracy = 0.22050000727176666
Training round: 175		accuracy = 0.1817999929189682
Training round: 176		accuracy = 0.15539999306201935
Training round: 177		accuracy = 0.18279999494552612
Training round: 178		accuracy = 0.258899986743927
Training round: 179		accuracy = 0.22990000247955322
Training round: 180		accuracy = 0.18209999799728394
Training round: 181		accuracy = 0.20569999516010284
Training round: 182		accuracy = 0.1777999997138977
Training round: 183		accuracy = 0.21130000054836273
Training round: 184		accuracy = 0.1867000013589859
Training round: 185		accuracy = 0.16779999434947968
Training round: 186		accuracy = 0.22290000319480896
Training round: 187		accuracy = 0.22349999845027924
Training round: 188		accuracy = 0.19619999825954437
Training round: 189		accuracy = 0.13819999992847443
Training round: 190		accuracy = 0.2329999953508377
Training round: 191		accuracy = 0.17389999330043793
Training round: 192		accuracy = 0.18880000710487366
Training round: 193		accuracy = 0.22689999639987946
Training round: 194		accuracy = 0.1379999965429306
Training round: 195		accuracy = 0.17239999771118164
Training round: 196		accuracy = 0.2838999927043915
Training round: 197		accuracy = 0.10369999706745148
Training round: 198		accuracy = 0.14920000731945038
Training round: 199		accuracy = 0.23970000445842743
Training round: 200		accuracy = 0.15870000422000885
Training round: 201		accuracy = 0.17790000140666962
Training round: 202		accuracy = 0.11299999803304672
Training round: 203		accuracy = 0.27219998836517334
Training round: 204		accuracy = 0.20100000500679016
Training round: 205		accuracy = 0.16750000417232513
Training round: 206		accuracy = 0.23399999737739563
Training round: 207		accuracy = 0.20170000195503235
Training round: 208		accuracy = 0.2232999950647354
Training round: 209		accuracy = 0.2809000015258789
Training round: 210		accuracy = 0.14720000326633453
Training round: 211		accuracy = 0.21230000257492065
Training round: 212		accuracy = 0.13369999825954437
Training round: 213		accuracy = 0.24140000343322754
Training round: 214		accuracy = 0.24379999935626984
Training round: 215		accuracy = 0.25859999656677246
Training round: 216		accuracy = 0.16699999570846558
Training round: 217		accuracy = 0.2644999921321869
Training round: 218		accuracy = 0.3050999939441681
Training round: 219		accuracy = 0.24330000579357147
Training round: 220		accuracy = 0.27070000767707825
Training round: 221		accuracy = 0.2524999976158142
Training round: 222		accuracy = 0.18389999866485596
Training round: 223		accuracy = 0.18950000405311584
Training round: 224		accuracy = 0.15880000591278076
Training round: 225		accuracy = 0.17180000245571136
Training round: 226		accuracy = 0.2020999938249588
Training round: 227		accuracy = 0.19429999589920044
Training round: 228		accuracy = 0.22190000116825104
Training round: 229		accuracy = 0.23270000517368317
Training round: 230		accuracy = 0.1598999947309494
Training round: 231		accuracy = 0.24009999632835388
Training round: 232		accuracy = 0.26820001006126404
Training round: 233		accuracy = 0.22699999809265137
Training round: 234		accuracy = 0.22460000216960907
Training round: 235		accuracy = 0.15770000219345093
Training round: 236		accuracy = 0.21130000054836273
Training round: 237		accuracy = 0.2502000033855438
Training round: 238		accuracy = 0.2110999971628189
Training round: 239		accuracy = 0.2493000030517578
Training round: 240		accuracy = 0.21559999883174896
Training round: 241		accuracy = 0.2143000066280365
Training round: 242		accuracy = 0.1754000037908554
Training round: 243		accuracy = 0.1615000069141388
Training round: 244		accuracy = 0.24889999628067017
Training round: 245		accuracy = 0.24529999494552612
Training round: 246		accuracy = 0.20239999890327454
Training round: 247		accuracy = 0.24150000512599945
Training round: 248		accuracy = 0.17589999735355377
Training round: 249		accuracy = 0.24060000479221344
Training round: 250		accuracy = 0.13279999792575836
Training round: 251		accuracy = 0.11649999767541885
Training round: 252		accuracy = 0.19059999287128448
Training round: 253		accuracy = 0.24459999799728394
Training round: 254		accuracy = 0.2897999882698059
Training round: 255		accuracy = 0.17479999363422394
Training round: 256		accuracy = 0.25699999928474426
Training round: 257		accuracy = 0.2273000031709671
Training round: 258		accuracy = 0.24410000443458557
Training round: 259		accuracy = 0.18880000710487366
Training round: 260		accuracy = 0.20270000398159027
Training round: 261		accuracy = 0.27730000019073486
Training round: 262		accuracy = 0.28850001096725464
Training round: 263		accuracy = 0.19359999895095825
Training round: 264		accuracy = 0.2222999930381775
Training round: 265		accuracy = 0.1808999925851822
Training round: 266		accuracy = 0.2280000001192093
Training round: 267		accuracy = 0.20280000567436218
Training round: 268		accuracy = 0.22869999706745148
Training round: 269		accuracy = 0.2773999869823456
Training round: 270		accuracy = 0.2955000102519989
Training round: 271		accuracy = 0.2870999872684479
Training round: 272		accuracy = 0.2280000001192093
Training round: 273		accuracy = 0.3215000033378601
Training round: 274		accuracy = 0.23019999265670776
Training round: 275		accuracy = 0.2076999992132187
Training round: 276		accuracy = 0.25440001487731934
Training round: 277		accuracy = 0.21040000021457672
Training round: 278		accuracy = 0.19519999623298645
Training round: 279		accuracy = 0.25600001215934753
Training round: 280		accuracy = 0.24639999866485596
Training round: 281		accuracy = 0.23019999265670776
Training round: 282		accuracy = 0.20389999449253082
Training round: 283		accuracy = 0.24420000612735748
Training round: 284		accuracy = 0.23229999840259552
Training round: 285		accuracy = 0.23199999332427979
Training round: 286		accuracy = 0.1437000036239624
Training round: 287		accuracy = 0.21780000627040863
Training round: 288		accuracy = 0.24390000104904175
Training round: 289		accuracy = 0.21119999885559082
Training round: 290		accuracy = 0.2125999927520752
Training round: 291		accuracy = 0.2842000126838684
Training round: 292		accuracy = 0.21150000393390656
Training round: 293		accuracy = 0.24320000410079956
Training round: 294		accuracy = 0.21250000596046448
Training round: 295		accuracy = 0.1679999977350235
Training round: 296		accuracy = 0.08879999816417694
Training round: 297		accuracy = 0.24050000309944153
Training round: 298		accuracy = 0.17630000412464142
Training round: 299		accuracy = 0.21639999747276306
Training round: 300		accuracy = 0.19429999589920044
Training round: 301		accuracy = 0.24269999563694
Training round: 302		accuracy = 0.24950000643730164
Training round: 303		accuracy = 0.249099999666214
Training round: 304		accuracy = 0.18880000710487366
Training round: 305		accuracy = 0.17870000004768372
Training round: 306		accuracy = 0.2476000040769577
Training round: 307		accuracy = 0.19269999861717224
Training round: 308		accuracy = 0.20589999854564667
Training round: 309		accuracy = 0.20229999721050262
Training round: 310		accuracy = 0.19200000166893005
Training round: 311		accuracy = 0.18389999866485596
Training round: 312		accuracy = 0.14650000631809235
Training round: 313		accuracy = 0.15850000083446503
Training round: 314		accuracy = 0.23649999499320984
Training round: 315		accuracy = 0.2362000048160553
Training round: 316		accuracy = 0.17870000004768372
Training round: 317		accuracy = 0.1656000018119812
Training round: 318		accuracy = 0.19599999487400055
Training round: 319		accuracy = 0.21809999644756317
Training round: 320		accuracy = 0.23980000615119934
Training round: 321		accuracy = 0.289000004529953
Training round: 322		accuracy = 0.218299999833107
Training round: 323		accuracy = 0.26269999146461487
Training round: 324		accuracy = 0.2784000039100647
Training round: 325		accuracy = 0.24729999899864197
Training round: 326		accuracy = 0.22910000383853912
Training round: 327		accuracy = 0.3025999963283539
Training round: 328		accuracy = 0.30709999799728394
Training round: 329		accuracy = 0.2492000013589859
Training round: 330		accuracy = 0.28450000286102295
Training round: 331		accuracy = 0.2012999951839447
Training round: 332		accuracy = 0.21299999952316284
Training round: 333		accuracy = 0.25049999356269836
Training round: 334		accuracy = 0.29159998893737793
Training round: 335		accuracy = 0.24950000643730164
Training round: 336		accuracy = 0.2824999988079071
Training round: 337		accuracy = 0.22370000183582306
Training round: 338		accuracy = 0.2646999955177307
Training round: 339		accuracy = 0.2386000007390976
Training round: 340		accuracy = 0.26589998602867126
Training round: 341		accuracy = 0.21320000290870667
Training round: 342		accuracy = 0.1834000051021576
Training round: 343		accuracy = 0.23559999465942383
Training round: 344		accuracy = 0.19210000336170197
Training round: 345		accuracy = 0.22040000557899475
Training round: 346		accuracy = 0.2741999924182892
Training round: 347		accuracy = 0.2615000009536743
Training round: 348		accuracy = 0.29120001196861267
Training round: 349		accuracy = 0.27869999408721924
Training round: 350		accuracy = 0.27970001101493835
Training round: 351		accuracy = 0.20679999887943268
Training round: 352		accuracy = 0.20020000636577606
Training round: 353		accuracy = 0.2955000102519989
Training round: 354		accuracy = 0.272599995136261
Training round: 355		accuracy = 0.3140999972820282
Training round: 356		accuracy = 0.25029999017715454
Training round: 357		accuracy = 0.2578999996185303
Training round: 358		accuracy = 0.2703999876976013
Training round: 359		accuracy = 0.22540000081062317
Training round: 360		accuracy = 0.2671999931335449
Training round: 361		accuracy = 0.26820001006126404
Training round: 362		accuracy = 0.2621999979019165
Training round: 363		accuracy = 0.2865999937057495
Training round: 364		accuracy = 0.21819999814033508
Training round: 365		accuracy = 0.24629999697208405
Training round: 366		accuracy = 0.20579999685287476
Training round: 367		accuracy = 0.29440000653266907
Training round: 368		accuracy = 0.328900009393692
Training round: 369		accuracy = 0.2870999872684479
Training round: 370		accuracy = 0.3402000069618225
Training round: 371		accuracy = 0.3061999976634979
Training round: 372		accuracy = 0.2784999907016754
Training round: 373		accuracy = 0.259799987077713
Training round: 374		accuracy = 0.2434999942779541
Training round: 375		accuracy = 0.21649999916553497
Training round: 376		accuracy = 0.21850000321865082
Training round: 377		accuracy = 0.24150000512599945
Training round: 378		accuracy = 0.22619999945163727
Training round: 379		accuracy = 0.24860000610351562
Training round: 380		accuracy = 0.21220000088214874
Training round: 381		accuracy = 0.2387000024318695
Training round: 382		accuracy = 0.218299999833107
Training round: 383		accuracy = 0.1867000013589859
Training round: 384		accuracy = 0.1972000002861023
Training round: 385		accuracy = 0.2037999927997589
Training round: 386		accuracy = 0.24330000579357147
Training round: 387		accuracy = 0.2079000025987625
Training round: 388		accuracy = 0.2517000138759613
Training round: 389		accuracy = 0.17270000278949738
Training round: 390		accuracy = 0.21950000524520874
Training round: 391		accuracy = 0.26649999618530273
Training round: 392		accuracy = 0.29260000586509705
Training round: 393		accuracy = 0.17000000178813934
Training round: 394		accuracy = 0.18880000710487366
Training round: 395		accuracy = 0.21400000154972076
Training round: 396		accuracy = 0.23100000619888306
Training round: 397		accuracy = 0.22669999301433563
Training round: 398		accuracy = 0.2718999981880188
Training round: 399		accuracy = 0.24199999868869781
Training round: 400		accuracy = 0.24130000174045563
Training round: 401		accuracy = 0.23309999704360962
Training round: 402		accuracy = 0.2630999982357025
Training round: 403		accuracy = 0.2240000069141388
Training round: 404		accuracy = 0.17260000109672546
Training round: 405		accuracy = 0.1851000040769577
Training round: 406		accuracy = 0.18690000474452972
Training round: 407		accuracy = 0.2522999942302704
Training round: 408		accuracy = 0.23389999568462372
Training round: 409		accuracy = 0.24709999561309814
Training round: 410		accuracy = 0.3052999973297119
Training round: 411		accuracy = 0.23880000412464142
Training round: 412		accuracy = 0.22519999742507935
Training round: 413		accuracy = 0.17260000109672546
Training round: 414		accuracy = 0.2353000044822693
Training round: 415		accuracy = 0.23980000615119934
Training round: 416		accuracy = 0.24609999358654022
Training round: 417		accuracy = 0.23499999940395355
Training round: 418		accuracy = 0.2363000065088272
Training round: 419		accuracy = 0.31349998712539673
Training round: 420		accuracy = 0.2508000135421753
Training round: 421		accuracy = 0.29490000009536743
Training round: 422		accuracy = 0.22630000114440918
Training round: 423		accuracy = 0.29899999499320984
Training round: 424		accuracy = 0.23389999568462372
Training round: 425		accuracy = 0.24289999902248383
Training round: 426		accuracy = 0.3476000130176544
Training round: 427		accuracy = 0.289000004529953
Training round: 428		accuracy = 0.2558000087738037
Training round: 429		accuracy = 0.22059999406337738
Training round: 430		accuracy = 0.2635999917984009
Training round: 431		accuracy = 0.28929999470710754
Training round: 432		accuracy = 0.15119999647140503
Training round: 433		accuracy = 0.18850000202655792
Training round: 434		accuracy = 0.2151000052690506
Training round: 435		accuracy = 0.28790000081062317
Training round: 436		accuracy = 0.15150000154972076
Training round: 437		accuracy = 0.18209999799728394
Training round: 438		accuracy = 0.21230000257492065
Training round: 439		accuracy = 0.22280000150203705
Training round: 440		accuracy = 0.2653000056743622
Training round: 441		accuracy = 0.2759999930858612
Training round: 442		accuracy = 0.2879999876022339
Training round: 443		accuracy = 0.29109999537467957
Training round: 444		accuracy = 0.250900000333786
Training round: 445		accuracy = 0.2125999927520752
Training round: 446		accuracy = 0.2888000011444092
Training round: 447		accuracy = 0.29510000348091125
Training round: 448		accuracy = 0.30300000309944153
Training round: 449		accuracy = 0.28189998865127563
Training round: 450		accuracy = 0.21930000185966492
Training round: 451		accuracy = 0.17419999837875366
Training round: 452		accuracy = 0.13899999856948853
Training round: 453		accuracy = 0.18860000371932983
Training round: 454		accuracy = 0.28060001134872437
Training round: 455		accuracy = 0.24629999697208405
Training round: 456		accuracy = 0.25690001249313354
Training round: 457		accuracy = 0.26759999990463257
Training round: 458		accuracy = 0.27889999747276306
Training round: 459		accuracy = 0.2754000127315521
Training round: 460		accuracy = 0.2703999876976013
Training round: 461		accuracy = 0.20020000636577606
Training round: 462		accuracy = 0.24979999661445618
Training round: 463		accuracy = 0.2361000031232834
Training round: 464		accuracy = 0.2513999938964844
Training round: 465		accuracy = 0.24699999392032623
Training round: 466		accuracy = 0.25450000166893005
Training round: 467		accuracy = 0.3077000081539154
Training round: 468		accuracy = 0.23639999330043793
Training round: 469		accuracy = 0.28790000081062317
Training round: 470		accuracy = 0.2599000036716461
Training round: 471		accuracy = 0.2831000089645386
Training round: 472		accuracy = 0.3147999942302704
Training round: 473		accuracy = 0.22259999811649323
Training round: 474		accuracy = 0.24729999899864197
Training round: 475		accuracy = 0.2955000102519989
Training round: 476		accuracy = 0.23899999260902405
Training round: 477		accuracy = 0.2702000141143799
Training round: 478		accuracy = 0.28630000352859497
Training round: 479		accuracy = 0.21389999985694885
Training round: 480		accuracy = 0.24660000205039978
Training round: 481		accuracy = 0.26820001006126404
Training round: 482		accuracy = 0.2574999928474426
Training round: 483		accuracy = 0.19789999723434448
Training round: 484		accuracy = 0.21240000426769257
Training round: 485		accuracy = 0.2630000114440918
Training round: 486		accuracy = 0.2630000114440918
Training round: 487		accuracy = 0.2687000036239624
Training round: 488		accuracy = 0.2937000095844269
Training round: 489		accuracy = 0.2957000136375427
Training round: 490		accuracy = 0.2791999876499176
Training round: 491		accuracy = 0.24819999933242798
Training round: 492		accuracy = 0.273499995470047
Training round: 493		accuracy = 0.19990000128746033
Training round: 494		accuracy = 0.24969999492168427
Training round: 495		accuracy = 0.18369999527931213
Training round: 496		accuracy = 0.25850000977516174
Training round: 497		accuracy = 0.22210000455379486
Training round: 498		accuracy = 0.23970000445842743
Training round: 499		accuracy = 0.2671000063419342
Training round: 500		accuracy = 0.2635999917984009
Training round: 501		accuracy = 0.272599995136261
Training round: 502		accuracy = 0.20839999616146088
Training round: 503		accuracy = 0.2101999968290329
Training round: 504		accuracy = 0.25200000405311584
Training round: 505		accuracy = 0.19169999659061432
Training round: 506		accuracy = 0.22609999775886536
Training round: 507		accuracy = 0.15710000693798065
Training round: 508		accuracy = 0.2890999913215637
Training round: 509		accuracy = 0.2736999988555908
Training round: 510		accuracy = 0.22789999842643738
Training round: 511		accuracy = 0.2973000109195709
Training round: 512		accuracy = 0.24210000038146973
Training round: 513		accuracy = 0.26089999079704285
Training round: 514		accuracy = 0.23980000615119934
Training round: 515		accuracy = 0.25760000944137573
Training round: 516		accuracy = 0.28369998931884766
Training round: 517		accuracy = 0.2863999903202057
Training round: 518		accuracy = 0.18790000677108765
Training round: 519		accuracy = 0.2354000061750412
Training round: 520		accuracy = 0.25380000472068787
Training round: 521		accuracy = 0.19429999589920044
Training round: 522		accuracy = 0.2264000028371811
Training round: 523		accuracy = 0.20659999549388885
Training round: 524		accuracy = 0.2770000100135803
Training round: 525		accuracy = 0.25690001249313354
Training round: 526		accuracy = 0.2231999933719635
Training round: 527		accuracy = 0.20340000092983246
Training round: 528		accuracy = 0.262800008058548
Training round: 529		accuracy = 0.29670000076293945
Training round: 530		accuracy = 0.3100000023841858
Training round: 531		accuracy = 0.28839999437332153
Training round: 532		accuracy = 0.25040000677108765
Training round: 533		accuracy = 0.20080000162124634
Training round: 534		accuracy = 0.19359999895095825
Training round: 535		accuracy = 0.22220000624656677
Training round: 536		accuracy = 0.2443999946117401
Training round: 537		accuracy = 0.26249998807907104
Training round: 538		accuracy = 0.2590000033378601
Training round: 539		accuracy = 0.210999995470047
Training round: 540		accuracy = 0.21369999647140503
Training round: 541		accuracy = 0.2705000042915344
Training round: 542		accuracy = 0.2492000013589859
Training round: 543		accuracy = 0.28049999475479126
Training round: 544		accuracy = 0.2515000104904175
Training round: 545		accuracy = 0.29829999804496765
Training round: 546		accuracy = 0.2345000058412552
Training round: 547		accuracy = 0.17139999568462372
Training round: 548		accuracy = 0.2198999971151352
Training round: 549		accuracy = 0.2671999931335449
Training round: 550		accuracy = 0.3109999895095825
Training round: 551		accuracy = 0.26739999651908875
Training round: 552		accuracy = 0.19259999692440033
Training round: 553		accuracy = 0.2076999992132187
Training round: 554		accuracy = 0.25119999051094055
Training round: 555		accuracy = 0.17319999635219574
Training round: 556		accuracy = 0.19789999723434448
Training round: 557		accuracy = 0.19979999959468842
Training round: 558		accuracy = 0.24410000443458557
Training round: 559		accuracy = 0.3005000054836273
Training round: 560		accuracy = 0.296999990940094
Training round: 561		accuracy = 0.2578999996185303
Training round: 562		accuracy = 0.25529998540878296
Training round: 563		accuracy = 0.1899999976158142
Training round: 564		accuracy = 0.1379999965429306
Training round: 565		accuracy = 0.22020000219345093
Training round: 566		accuracy = 0.21739999949932098
Training round: 567		accuracy = 0.226500004529953
Training round: 568		accuracy = 0.2328999936580658
Training round: 569		accuracy = 0.24369999766349792
Training round: 570		accuracy = 0.30709999799728394
Training round: 571		accuracy = 0.30790001153945923
Training round: 572		accuracy = 0.25189998745918274
Training round: 573		accuracy = 0.20149999856948853
Training round: 574		accuracy = 0.21379999816417694
Training round: 575		accuracy = 0.29319998621940613
Training round: 576		accuracy = 0.257099986076355
Training round: 577		accuracy = 0.30410000681877136
Training round: 578		accuracy = 0.21610000729560852
Training round: 579		accuracy = 0.19429999589920044
Training round: 580		accuracy = 0.26660001277923584
Training round: 581		accuracy = 0.2757999897003174
Training round: 582		accuracy = 0.2630000114440918
Training round: 583		accuracy = 0.2387000024318695
Training round: 584		accuracy = 0.2547999918460846
Training round: 585		accuracy = 0.28279998898506165
Training round: 586		accuracy = 0.27459999918937683
Training round: 587		accuracy = 0.2583000063896179
Training round: 588		accuracy = 0.21739999949932098
Training round: 589		accuracy = 0.25859999656677246
Training round: 590		accuracy = 0.16979999840259552
Training round: 591		accuracy = 0.22310000658035278
Training round: 592		accuracy = 0.23430000245571136
Training round: 593		accuracy = 0.2224999964237213
Training round: 594		accuracy = 0.2076999992132187
Training round: 595		accuracy = 0.3098999857902527
Training round: 596		accuracy = 0.24130000174045563
Training round: 597		accuracy = 0.23420000076293945
Training round: 598		accuracy = 0.23600000143051147
Training round: 599		accuracy = 0.23759999871253967
Training round: 600		accuracy = 0.24959999322891235
Training round: 601		accuracy = 0.21899999678134918
Training round: 602		accuracy = 0.22169999778270721
Training round: 603		accuracy = 0.2667999863624573
Training round: 604		accuracy = 0.2818000018596649
Training round: 605		accuracy = 0.24889999628067017
Training round: 606		accuracy = 0.1860000044107437
Training round: 607		accuracy = 0.2526000142097473
Training round: 608		accuracy = 0.2484000027179718
Training round: 609		accuracy = 0.21439999341964722
Training round: 610		accuracy = 0.2451999932527542
Training round: 611		accuracy = 0.26080000400543213
Training round: 612		accuracy = 0.2578999996185303
Training round: 613		accuracy = 0.2709999978542328
Training round: 614		accuracy = 0.26969999074935913
Training round: 615		accuracy = 0.26589998602867126
Training round: 616		accuracy = 0.2354000061750412
Training round: 617		accuracy = 0.20000000298023224
Training round: 618		accuracy = 0.225600004196167
Training round: 619		accuracy = 0.23520000278949738
Training round: 620		accuracy = 0.20190000534057617
Training round: 621		accuracy = 0.2062000036239624
Training round: 622		accuracy = 0.19779999554157257
Training round: 623		accuracy = 0.2459000051021576
Training round: 624		accuracy = 0.24420000612735748
Training round: 625		accuracy = 0.23350000381469727
Training round: 626		accuracy = 0.18549999594688416
Training round: 627		accuracy = 0.23409999907016754
Training round: 628		accuracy = 0.2671999931335449
Training round: 629		accuracy = 0.28839999437332153
Training round: 630		accuracy = 0.20350000262260437
Training round: 631		accuracy = 0.2021999955177307
Training round: 632		accuracy = 0.22130000591278076
Training round: 633		accuracy = 0.1931000053882599
Training round: 634		accuracy = 0.17059999704360962
Training round: 635		accuracy = 0.18780000507831573
Training round: 636		accuracy = 0.22020000219345093
Training round: 637		accuracy = 0.20579999685287476
Training round: 638		accuracy = 0.23589999973773956
Training round: 639		accuracy = 0.2061000019311905
Training round: 640		accuracy = 0.18310000002384186
Training round: 641		accuracy = 0.1800999939441681
Training round: 642		accuracy = 0.2468000054359436
Training round: 643		accuracy = 0.23579999804496765
Training round: 644		accuracy = 0.2092999964952469
Training round: 645		accuracy = 0.17499999701976776
Training round: 646		accuracy = 0.17520000040531158
Training round: 647		accuracy = 0.2020999938249588
Training round: 648		accuracy = 0.17569999396800995
Training round: 649		accuracy = 0.2084999978542328
Training round: 650		accuracy = 0.2671000063419342
Training round: 651		accuracy = 0.18050000071525574
Training round: 652		accuracy = 0.226500004529953
Training round: 653		accuracy = 0.21199999749660492
Training round: 654		accuracy = 0.16599999368190765
Training round: 655		accuracy = 0.17499999701976776
Training round: 656		accuracy = 0.18449999392032623
Training round: 657		accuracy = 0.14010000228881836
Training round: 658		accuracy = 0.18150000274181366
Training round: 659		accuracy = 0.2240999937057495
Training round: 660		accuracy = 0.22990000247955322
Training round: 661		accuracy = 0.19529999792575836
Training round: 662		accuracy = 0.2303999960422516
Training round: 663		accuracy = 0.19089999794960022
Training round: 664		accuracy = 0.2110999971628189
Training round: 665		accuracy = 0.20489999651908875
Training round: 666		accuracy = 0.22509999573230743
Training round: 667		accuracy = 0.25049999356269836
Training round: 668		accuracy = 0.28690001368522644
Training round: 669		accuracy = 0.2784000039100647
Training round: 670		accuracy = 0.18979999423027039
Training round: 671		accuracy = 0.1891999989748001
Training round: 672		accuracy = 0.15719999372959137
Training round: 673		accuracy = 0.18440000712871552
Training round: 674		accuracy = 0.13950000703334808
Training round: 675		accuracy = 0.2092999964952469
Training round: 676		accuracy = 0.18970000743865967
Training round: 677		accuracy = 0.2304999977350235
Training round: 678		accuracy = 0.27959999442100525
Training round: 679		accuracy = 0.16670000553131104
Training round: 680		accuracy = 0.16189999878406525
Training round: 681		accuracy = 0.16259999573230743
Training round: 682		accuracy = 0.24490000307559967
Training round: 683		accuracy = 0.22930000722408295
Training round: 684		accuracy = 0.29490000009536743
Training round: 685		accuracy = 0.2743000090122223
Training round: 686		accuracy = 0.24310000240802765
Training round: 687		accuracy = 0.288100004196167
Training round: 688		accuracy = 0.27649998664855957
Training round: 689		accuracy = 0.24040000140666962
Training round: 690		accuracy = 0.20970000326633453
Training round: 691		accuracy = 0.23170000314712524
Training round: 692		accuracy = 0.28040000796318054
Training round: 693		accuracy = 0.33000001311302185
Training round: 694		accuracy = 0.29249998927116394
Training round: 695		accuracy = 0.27709999680519104
Training round: 696		accuracy = 0.2782999873161316
Training round: 697		accuracy = 0.2493000030517578
Training round: 698		accuracy = 0.2694000005722046
Training round: 699		accuracy = 0.2955000102519989
Training round: 700		accuracy = 0.2980000078678131
Training round: 701		accuracy = 0.2849000096321106
Training round: 702		accuracy = 0.2842999994754791
Training round: 703		accuracy = 0.22550000250339508
Training round: 704		accuracy = 0.24390000104904175
Training round: 705		accuracy = 0.2547000050544739
Training round: 706		accuracy = 0.18299999833106995
Training round: 707		accuracy = 0.23499999940395355
Training round: 708		accuracy = 0.2759000062942505
Training round: 709		accuracy = 0.2671000063419342
Training round: 710		accuracy = 0.22290000319480896
Training round: 711		accuracy = 0.25
Training round: 712		accuracy = 0.21400000154972076
Training round: 713		accuracy = 0.2045000046491623
Training round: 714		accuracy = 0.17020000517368317
Training round: 715		accuracy = 0.22699999809265137
Training round: 716		accuracy = 0.23019999265670776
Training round: 717		accuracy = 0.21040000021457672
Training round: 718		accuracy = 0.21580000221729279
Training round: 719		accuracy = 0.18649999797344208
Training round: 720		accuracy = 0.1973000019788742
Training round: 721		accuracy = 0.2362000048160553
Training round: 722		accuracy = 0.226500004529953
Training round: 723		accuracy = 0.19189999997615814
Training round: 724		accuracy = 0.13210000097751617
Training round: 725		accuracy = 0.17339999973773956
Training round: 726		accuracy = 0.23739999532699585
Training round: 727		accuracy = 0.274399995803833
Training round: 728		accuracy = 0.25119999051094055
Training round: 729		accuracy = 0.19249999523162842
Training round: 730		accuracy = 0.1899999976158142
Training round: 731		accuracy = 0.15530000627040863
Training round: 732		accuracy = 0.21969999372959137
Training round: 733		accuracy = 0.22669999301433563
Training round: 734		accuracy = 0.17970000207424164
Training round: 735		accuracy = 0.13500000536441803
Training round: 736		accuracy = 0.2125999927520752
Training round: 737		accuracy = 0.2069000005722046
Training round: 738		accuracy = 0.22750000655651093
Training round: 739		accuracy = 0.2303999960422516
Training round: 740		accuracy = 0.24269999563694
Training round: 741		accuracy = 0.2630000114440918
Training round: 742		accuracy = 0.2410999983549118
Training round: 743		accuracy = 0.25949999690055847
Training round: 744		accuracy = 0.2802000045776367
Training round: 745		accuracy = 0.2110999971628189
Training round: 746		accuracy = 0.22499999403953552
Training round: 747		accuracy = 0.20270000398159027
Training round: 748		accuracy = 0.20800000429153442
Training round: 749		accuracy = 0.19249999523162842
Training round: 750		accuracy = 0.18479999899864197
Training round: 751		accuracy = 0.17640000581741333
Training round: 752		accuracy = 0.19040000438690186
Training round: 753		accuracy = 0.18129999935626984
Training round: 754		accuracy = 0.1688999980688095
Training round: 755		accuracy = 0.22750000655651093
Training round: 756		accuracy = 0.19750000536441803
Training round: 757		accuracy = 0.17219999432563782
Training round: 758		accuracy = 0.17800000309944153
Training round: 759		accuracy = 0.17949999868869781
Training round: 760		accuracy = 0.22990000247955322
Training round: 761		accuracy = 0.22669999301433563
Training round: 762		accuracy = 0.2547999918460846
Training round: 763		accuracy = 0.2451999932527542
Training round: 764		accuracy = 0.21610000729560852
Training round: 765		accuracy = 0.1923000067472458
Training round: 766		accuracy = 0.22370000183582306
Training round: 767		accuracy = 0.2337999939918518
Training round: 768		accuracy = 0.22699999809265137
Training round: 769		accuracy = 0.2605000138282776
Training round: 770		accuracy = 0.2409999966621399
Training round: 771		accuracy = 0.2476000040769577
Training round: 772		accuracy = 0.23729999363422394
Training round: 773		accuracy = 0.23199999332427979
Training round: 774		accuracy = 0.24969999492168427
Training round: 775		accuracy = 0.19750000536441803
Training round: 776		accuracy = 0.19460000097751617
Training round: 777		accuracy = 0.22920000553131104
Training round: 778		accuracy = 0.28139999508857727
Training round: 779		accuracy = 0.28690001368522644
Training round: 780		accuracy = 0.2371000051498413
Training round: 781		accuracy = 0.17970000207424164
Training round: 782		accuracy = 0.26019999384880066
Training round: 783		accuracy = 0.1914999932050705
Training round: 784		accuracy = 0.18690000474452972
Training round: 785		accuracy = 0.210099995136261
Training round: 786		accuracy = 0.1679999977350235
Training round: 787		accuracy = 0.19760000705718994
Training round: 788		accuracy = 0.2517000138759613
Training round: 789		accuracy = 0.23690000176429749
Training round: 790		accuracy = 0.19189999997615814
Training round: 791		accuracy = 0.19580000638961792
Training round: 792		accuracy = 0.17479999363422394
Training round: 793		accuracy = 0.17329999804496765
Training round: 794		accuracy = 0.23559999465942383
Training round: 795		accuracy = 0.23430000245571136
Training round: 796		accuracy = 0.19169999659061432
Training round: 797		accuracy = 0.2092999964952469
Training round: 798		accuracy = 0.211899995803833
Training round: 799		accuracy = 0.210099995136261
Training round: 800		accuracy = 0.21889999508857727
Training round: 801		accuracy = 0.2004999965429306
Training round: 802		accuracy = 0.18209999799728394
Training round: 803		accuracy = 0.1995999962091446
Training round: 804		accuracy = 0.1964000016450882
Training round: 805		accuracy = 0.22689999639987946
Training round: 806		accuracy = 0.21629999577999115
Training round: 807		accuracy = 0.2296999990940094
Training round: 808		accuracy = 0.23720000684261322
Training round: 809		accuracy = 0.24410000443458557
Training round: 810		accuracy = 0.2851000130176544
Training round: 811		accuracy = 0.28220000863075256
Training round: 812		accuracy = 0.2718999981880188
Training round: 813		accuracy = 0.25920000672340393
Training round: 814		accuracy = 0.23190000653266907
Training round: 815		accuracy = 0.1704999953508377
Training round: 816		accuracy = 0.20739999413490295
Training round: 817		accuracy = 0.24220000207424164
Training round: 818		accuracy = 0.24089999496936798
Training round: 819		accuracy = 0.2418999969959259
Training round: 820		accuracy = 0.2345999926328659
Training round: 821		accuracy = 0.17890000343322754
Training round: 822		accuracy = 0.19339999556541443
Training round: 823		accuracy = 0.22699999809265137
Training round: 824		accuracy = 0.21130000054836273
Training round: 825		accuracy = 0.20309999585151672
Training round: 826		accuracy = 0.23749999701976776
Training round: 827		accuracy = 0.2037000060081482
Training round: 828		accuracy = 0.1932000070810318
Training round: 829		accuracy = 0.16509999334812164
Training round: 830		accuracy = 0.17970000207424164
Training round: 831		accuracy = 0.18559999763965607
Training round: 832		accuracy = 0.18000000715255737
Training round: 833		accuracy = 0.20759999752044678
Training round: 834		accuracy = 0.18129999935626984
Training round: 835		accuracy = 0.18559999763965607
Training round: 836		accuracy = 0.24629999697208405
Training round: 837		accuracy = 0.23399999737739563
Training round: 838		accuracy = 0.22869999706745148
Training round: 839		accuracy = 0.2282000035047531
Training round: 840		accuracy = 0.18490000069141388
Training round: 841		accuracy = 0.18410000205039978
Training round: 842		accuracy = 0.17000000178813934
Training round: 843		accuracy = 0.23559999465942383
Training round: 844		accuracy = 0.2353000044822693
Training round: 845		accuracy = 0.2231999933719635
Training round: 846		accuracy = 0.20100000500679016
Training round: 847		accuracy = 0.20000000298023224
Training round: 848		accuracy = 0.18289999663829803
Training round: 849		accuracy = 0.260699987411499
Training round: 850		accuracy = 0.2500999867916107
Training round: 851		accuracy = 0.26260000467300415
Training round: 852		accuracy = 0.21289999783039093
Training round: 853		accuracy = 0.21719999611377716
Training round: 854		accuracy = 0.24140000343322754
Training round: 855		accuracy = 0.20069999992847443
Training round: 856		accuracy = 0.2619999945163727
Training round: 857		accuracy = 0.22550000250339508
Training round: 858		accuracy = 0.20970000326633453
Training round: 859		accuracy = 0.23319999873638153
Training round: 860		accuracy = 0.2522999942302704
Training round: 861		accuracy = 0.17960000038146973
Training round: 862		accuracy = 0.15680000185966492
Training round: 863		accuracy = 0.2280000001192093
Training round: 864		accuracy = 0.22540000081062317
Training round: 865		accuracy = 0.17329999804496765
Training round: 866		accuracy = 0.19439999759197235
Training round: 867		accuracy = 0.20409999787807465
Training round: 868		accuracy = 0.2378000020980835
Training round: 869		accuracy = 0.2020999938249588
Training round: 870		accuracy = 0.20080000162124634
Training round: 871		accuracy = 0.20100000500679016
Training round: 872		accuracy = 0.2061000019311905
Training round: 873		accuracy = 0.21699999272823334
Training round: 874		accuracy = 0.219200000166893
Training round: 875		accuracy = 0.2214999943971634
Training round: 876		accuracy = 0.22089999914169312
Training round: 877		accuracy = 0.20010000467300415
Training round: 878		accuracy = 0.23890000581741333
Training round: 879		accuracy = 0.24539999663829803
Training round: 880		accuracy = 0.22990000247955322
Training round: 881		accuracy = 0.2442999929189682
Training round: 882		accuracy = 0.21330000460147858
Training round: 883		accuracy = 0.1826999932527542
Training round: 884		accuracy = 0.22849999368190765
Training round: 885		accuracy = 0.23360000550746918
Training round: 886		accuracy = 0.3003999888896942
Training round: 887		accuracy = 0.27900001406669617
Training round: 888		accuracy = 0.26260000467300415
Training round: 889		accuracy = 0.2168000042438507
Training round: 890		accuracy = 0.21289999783039093
Training round: 891		accuracy = 0.2671000063419342
Training round: 892		accuracy = 0.2433999925851822
Training round: 893		accuracy = 0.2303999960422516
Training round: 894		accuracy = 0.23690000176429749
Training round: 895		accuracy = 0.28619998693466187
Training round: 896		accuracy = 0.274399995803833
Training round: 897		accuracy = 0.20389999449253082
Training round: 898		accuracy = 0.226500004529953
Training round: 899		accuracy = 0.18209999799728394
Training round: 900		accuracy = 0.21050000190734863
Training round: 901		accuracy = 0.18479999899864197
Training round: 902		accuracy = 0.22120000422000885
Training round: 903		accuracy = 0.23070000112056732
Training round: 904		accuracy = 0.23819999396800995
Training round: 905		accuracy = 0.24490000307559967
Training round: 906		accuracy = 0.23649999499320984
Training round: 907		accuracy = 0.1891999989748001
Training round: 908		accuracy = 0.22390000522136688
Training round: 909		accuracy = 0.2671999931335449
Training round: 910		accuracy = 0.21529999375343323
Training round: 911		accuracy = 0.22470000386238098
Training round: 912		accuracy = 0.29030001163482666
Training round: 913		accuracy = 0.27489998936653137
Training round: 914		accuracy = 0.23229999840259552
Training round: 915		accuracy = 0.27970001101493835
Training round: 916		accuracy = 0.24220000207424164
Training round: 917		accuracy = 0.250900000333786
Training round: 918		accuracy = 0.31209999322891235
Training round: 919		accuracy = 0.2759999930858612
Training round: 920		accuracy = 0.2623000144958496
Training round: 921		accuracy = 0.22360000014305115
Training round: 922		accuracy = 0.28679999709129333
Training round: 923		accuracy = 0.24279999732971191
Training round: 924		accuracy = 0.2418999969959259
Training round: 925		accuracy = 0.19470000267028809
Training round: 926		accuracy = 0.18230000138282776
Training round: 927		accuracy = 0.21780000627040863
Training round: 928		accuracy = 0.22840000689029694
Training round: 929		accuracy = 0.24070000648498535
Training round: 930		accuracy = 0.19619999825954437
Training round: 931		accuracy = 0.22040000557899475
Training round: 932		accuracy = 0.2567000091075897
Training round: 933		accuracy = 0.28619998693466187
Training round: 934		accuracy = 0.28060001134872437
Training round: 935		accuracy = 0.24079999327659607
Training round: 936		accuracy = 0.24050000309944153
Training round: 937		accuracy = 0.24459999799728394
Training round: 938		accuracy = 0.19609999656677246
Training round: 939		accuracy = 0.21889999508857727
Training round: 940		accuracy = 0.20479999482631683
Training round: 941		accuracy = 0.19760000705718994
Training round: 942		accuracy = 0.2401999980211258
Training round: 943		accuracy = 0.2451000064611435
Training round: 944		accuracy = 0.27810001373291016
Training round: 945		accuracy = 0.23510000109672546
Training round: 946		accuracy = 0.24959999322891235
Training round: 947		accuracy = 0.20990000665187836
Training round: 948		accuracy = 0.211899995803833
Training round: 949		accuracy = 0.23019999265670776
Training round: 950		accuracy = 0.2567000091075897
Training round: 951		accuracy = 0.24639999866485596
Training round: 952		accuracy = 0.22200000286102295
Training round: 953		accuracy = 0.2281000018119812
Training round: 954		accuracy = 0.2248000055551529
Training round: 955		accuracy = 0.23160000145435333
Training round: 956		accuracy = 0.2353000044822693
Training round: 957		accuracy = 0.21150000393390656
Training round: 958		accuracy = 0.2160000056028366
Training round: 959		accuracy = 0.22470000386238098
Training round: 960		accuracy = 0.21459999680519104
Training round: 961		accuracy = 0.20160000026226044
Training round: 962		accuracy = 0.23090000450611115
Training round: 963		accuracy = 0.21240000426769257
Training round: 964		accuracy = 0.2184000015258789
Training round: 965		accuracy = 0.17489999532699585
Training round: 966		accuracy = 0.20270000398159027
Training round: 967		accuracy = 0.2020999938249588
Training round: 968		accuracy = 0.17180000245571136
Training round: 969		accuracy = 0.2168000042438507
Training round: 970		accuracy = 0.2305999994277954
Training round: 971		accuracy = 0.2101999968290329
Training round: 972		accuracy = 0.16740000247955322
Training round: 973		accuracy = 0.18449999392032623
Training round: 974		accuracy = 0.20250000059604645
Training round: 975		accuracy = 0.21400000154972076
Training round: 976		accuracy = 0.22259999811649323
Training round: 977		accuracy = 0.20630000531673431
Training round: 978		accuracy = 0.20469999313354492
Training round: 979		accuracy = 0.21789999306201935
Training round: 980		accuracy = 0.2328999936580658
Training round: 981		accuracy = 0.19210000336170197
Training round: 982		accuracy = 0.17509999871253967
Training round: 983		accuracy = 0.23440000414848328
Training round: 984		accuracy = 0.16619999706745148
Training round: 985		accuracy = 0.23330000042915344
Training round: 986		accuracy = 0.19359999895095825
Training round: 987		accuracy = 0.21250000596046448
Training round: 988		accuracy = 0.19519999623298645
Training round: 989		accuracy = 0.2223999947309494
Training round: 990		accuracy = 0.17790000140666962
Training round: 991		accuracy = 0.219200000166893
Training round: 992		accuracy = 0.22030000388622284
Training round: 993		accuracy = 0.21799999475479126
Training round: 994		accuracy = 0.2011999934911728
Training round: 995		accuracy = 0.18230000138282776
Training round: 996		accuracy = 0.20900000631809235
Training round: 997		accuracy = 0.1590999960899353
Training round: 998		accuracy = 0.16269999742507935
Training round: 999		accuracy = 0.18619999289512634
Training round: 1000		accuracy = 0.19609999656677246
Training duration 14506.422916650772
