2021-08-12 08:59:13.458640: I tensorflow/stream_executor/platform/default/dso_loader.cc:49] Successfully opened dynamic library libcudart.so.11.0
2021-08-12 08:59:20.809717: I tensorflow/compiler/jit/xla_cpu_device.cc:41] Not creating XLA devices, tf_xla_enable_xla_devices not set
2021-08-12 08:59:20.814582: I tensorflow/stream_executor/platform/default/dso_loader.cc:49] Successfully opened dynamic library libcuda.so.1
2021-08-12 08:59:20.871731: I tensorflow/core/common_runtime/gpu/gpu_device.cc:1720] Found device 0 with properties: 
pciBusID: 0000:1c:00.0 name: Tesla V100-SXM2-16GB computeCapability: 7.0
coreClock: 1.53GHz coreCount: 80 deviceMemorySize: 15.78GiB deviceMemoryBandwidth: 836.37GiB/s
2021-08-12 08:59:20.871951: I tensorflow/stream_executor/platform/default/dso_loader.cc:49] Successfully opened dynamic library libcudart.so.11.0
2021-08-12 08:59:20.925304: I tensorflow/stream_executor/platform/default/dso_loader.cc:49] Successfully opened dynamic library libcublas.so.11
2021-08-12 08:59:20.925430: I tensorflow/stream_executor/platform/default/dso_loader.cc:49] Successfully opened dynamic library libcublasLt.so.11
2021-08-12 08:59:20.944011: I tensorflow/stream_executor/platform/default/dso_loader.cc:49] Successfully opened dynamic library libcufft.so.10
2021-08-12 08:59:20.959767: I tensorflow/stream_executor/platform/default/dso_loader.cc:49] Successfully opened dynamic library libcurand.so.10
2021-08-12 08:59:20.999672: I tensorflow/stream_executor/platform/default/dso_loader.cc:49] Successfully opened dynamic library libcusolver.so.10
2021-08-12 08:59:21.009623: I tensorflow/stream_executor/platform/default/dso_loader.cc:49] Successfully opened dynamic library libcusparse.so.11
2021-08-12 08:59:21.011822: I tensorflow/stream_executor/platform/default/dso_loader.cc:49] Successfully opened dynamic library libcudnn.so.8
2021-08-12 08:59:21.015877: I tensorflow/core/common_runtime/gpu/gpu_device.cc:1862] Adding visible gpu devices: 0
2021-08-12 08:59:21.019324: I tensorflow/core/platform/cpu_feature_guard.cc:142] This TensorFlow binary is optimized with oneAPI Deep Neural Network Library (oneDNN) to use the following CPU instructions in performance-critical operations:  AVX2 AVX512F FMA
To enable them in other operations, rebuild TensorFlow with the appropriate compiler flags.
2021-08-12 08:59:21.019686: I tensorflow/compiler/jit/xla_gpu_device.cc:99] Not creating XLA devices, tf_xla_enable_xla_devices not set
2021-08-12 08:59:21.020659: I tensorflow/core/common_runtime/gpu/gpu_device.cc:1720] Found device 0 with properties: 
pciBusID: 0000:1c:00.0 name: Tesla V100-SXM2-16GB computeCapability: 7.0
coreClock: 1.53GHz coreCount: 80 deviceMemorySize: 15.78GiB deviceMemoryBandwidth: 836.37GiB/s
2021-08-12 08:59:21.020696: I tensorflow/stream_executor/platform/default/dso_loader.cc:49] Successfully opened dynamic library libcudart.so.11.0
2021-08-12 08:59:21.020717: I tensorflow/stream_executor/platform/default/dso_loader.cc:49] Successfully opened dynamic library libcublas.so.11
2021-08-12 08:59:21.020732: I tensorflow/stream_executor/platform/default/dso_loader.cc:49] Successfully opened dynamic library libcublasLt.so.11
2021-08-12 08:59:21.020746: I tensorflow/stream_executor/platform/default/dso_loader.cc:49] Successfully opened dynamic library libcufft.so.10
2021-08-12 08:59:21.020768: I tensorflow/stream_executor/platform/default/dso_loader.cc:49] Successfully opened dynamic library libcurand.so.10
2021-08-12 08:59:21.020782: I tensorflow/stream_executor/platform/default/dso_loader.cc:49] Successfully opened dynamic library libcusolver.so.10
2021-08-12 08:59:21.020796: I tensorflow/stream_executor/platform/default/dso_loader.cc:49] Successfully opened dynamic library libcusparse.so.11
2021-08-12 08:59:21.020810: I tensorflow/stream_executor/platform/default/dso_loader.cc:49] Successfully opened dynamic library libcudnn.so.8
2021-08-12 08:59:21.022444: I tensorflow/core/common_runtime/gpu/gpu_device.cc:1862] Adding visible gpu devices: 0
2021-08-12 08:59:21.022935: I tensorflow/stream_executor/platform/default/dso_loader.cc:49] Successfully opened dynamic library libcudart.so.11.0
2021-08-12 08:59:22.034013: I tensorflow/core/common_runtime/gpu/gpu_device.cc:1261] Device interconnect StreamExecutor with strength 1 edge matrix:
2021-08-12 08:59:22.034078: I tensorflow/core/common_runtime/gpu/gpu_device.cc:1267]      0 
2021-08-12 08:59:22.034103: I tensorflow/core/common_runtime/gpu/gpu_device.cc:1280] 0:   N 
2021-08-12 08:59:22.038748: I tensorflow/core/common_runtime/gpu/gpu_device.cc:1406] Created TensorFlow device (/job:localhost/replica:0/task:0/device:GPU:0 with 14761 MB memory) -> physical GPU (device: 0, name: Tesla V100-SXM2-16GB, pci bus id: 0000:1c:00.0, compute capability: 7.0)
2021-08-12 08:59:22.881883: I tensorflow/compiler/mlir/mlir_graph_optimization_pass.cc:116] None of the MLIR optimization passes are enabled (registered 2)
2021-08-12 08:59:22.883615: I tensorflow/core/platform/profile_utils/cpu_utils.cc:112] CPU Frequency: 2400000000 Hz
2021-08-12 08:59:23.381964: I tensorflow/stream_executor/platform/default/dso_loader.cc:49] Successfully opened dynamic library libcublas.so.11
2021-08-12 08:59:24.617590: I tensorflow/stream_executor/platform/default/dso_loader.cc:49] Successfully opened dynamic library libcublasLt.so.11
2021-08-12 08:59:24.627516: I tensorflow/stream_executor/platform/default/dso_loader.cc:49] Successfully opened dynamic library libcudnn.so.8
2021-08-12 08:59:29.924550: W tensorflow/stream_executor/gpu/asm_compiler.cc:63] Running ptxas --version returned 256
2021-08-12 08:59:30.020739: W tensorflow/stream_executor/gpu/redzone_allocator.cc:314] Internal: ptxas exited with non-zero error code 256, output: 
Relying on driver to perform ptx compilation. 
Modify $PATH to customize ptxas location.
This message will be only logged once.
LabelAttacker started.
LabelAttacker finished.
Training round: 1		accuracy = 0.10119999945163727
Training round: 2		accuracy = 0.12409999966621399
Training round: 3		accuracy = 0.13619999587535858
Training round: 4		accuracy = 0.1995999962091446
Training round: 5		accuracy = 0.17030000686645508
Training round: 6		accuracy = 0.24210000038146973
Training round: 7		accuracy = 0.16459999978542328
Training round: 8		accuracy = 0.24690000712871552
Training round: 9		accuracy = 0.2249000072479248
Training round: 10		accuracy = 0.2151000052690506
Training round: 11		accuracy = 0.2671999931335449
Training round: 12		accuracy = 0.2581000030040741
Training round: 13		accuracy = 0.2612000107765198
Training round: 14		accuracy = 0.2540000081062317
Training round: 15		accuracy = 0.23160000145435333
Training round: 16		accuracy = 0.2542000114917755
Training round: 17		accuracy = 0.2791000008583069
Training round: 18		accuracy = 0.3244999945163727
Training round: 19		accuracy = 0.29330000281333923
Training round: 20		accuracy = 0.313400000333786
Training round: 21		accuracy = 0.3098999857902527
Training round: 22		accuracy = 0.26739999651908875
Training round: 23		accuracy = 0.32249999046325684
Training round: 24		accuracy = 0.3066999912261963
Training round: 25		accuracy = 0.3068000078201294
Training round: 26		accuracy = 0.3271999955177307
Training round: 27		accuracy = 0.3206999897956848
Training round: 28		accuracy = 0.3544999957084656
Training round: 29		accuracy = 0.31869998574256897
Training round: 30		accuracy = 0.3199000060558319
Training round: 31		accuracy = 0.35850000381469727
Training round: 32		accuracy = 0.36980000138282776
Training round: 33		accuracy = 0.35120001435279846
Training round: 34		accuracy = 0.3935999870300293
Training round: 35		accuracy = 0.39570000767707825
Training round: 36		accuracy = 0.39250001311302185
Training round: 37		accuracy = 0.3772999942302704
Training round: 38		accuracy = 0.27639999985694885
Training round: 39		accuracy = 0.4212999939918518
Training round: 40		accuracy = 0.39010000228881836
Training round: 41		accuracy = 0.4307999908924103
Training round: 42		accuracy = 0.4004000127315521
Training round: 43		accuracy = 0.3991999924182892
Training round: 44		accuracy = 0.4332999885082245
Training round: 45		accuracy = 0.44110000133514404
Training round: 46		accuracy = 0.4269999861717224
Training round: 47		accuracy = 0.41620001196861267
Training round: 48		accuracy = 0.4381999969482422
Training round: 49		accuracy = 0.4129999876022339
Training round: 50		accuracy = 0.436599999666214
Training round: 51		accuracy = 0.43950000405311584
Training round: 52		accuracy = 0.4595000147819519
Training round: 53		accuracy = 0.45320001244544983
Training round: 54		accuracy = 0.4657000005245209
Training round: 55		accuracy = 0.4465999901294708
Training round: 56		accuracy = 0.45419999957084656
Training round: 57		accuracy = 0.4767000079154968
Training round: 58		accuracy = 0.44110000133514404
Training round: 59		accuracy = 0.4708000123500824
Training round: 60		accuracy = 0.459199994802475
Training round: 61		accuracy = 0.43549999594688416
Training round: 62		accuracy = 0.46639999747276306
Training round: 63		accuracy = 0.4595000147819519
Training round: 64		accuracy = 0.4875999987125397
Training round: 65		accuracy = 0.44920000433921814
Training round: 66		accuracy = 0.5180000066757202
Training round: 67		accuracy = 0.41909998655319214
Training round: 68		accuracy = 0.4885999858379364
Training round: 69		accuracy = 0.49880000948905945
Training round: 70		accuracy = 0.4848000109195709
Training round: 71		accuracy = 0.5133000016212463
Training round: 72		accuracy = 0.5030999779701233
Training round: 73		accuracy = 0.4113999903202057
Training round: 74		accuracy = 0.47850000858306885
Training round: 75		accuracy = 0.47929999232292175
Training round: 76		accuracy = 0.4731000065803528
Training round: 77		accuracy = 0.5175999999046326
Training round: 78		accuracy = 0.5135999917984009
Training round: 79		accuracy = 0.5340999960899353
Training round: 80		accuracy = 0.5009999871253967
Training round: 81		accuracy = 0.5019999742507935
Training round: 82		accuracy = 0.5149000287055969
Training round: 83		accuracy = 0.5145999789237976
Training round: 84		accuracy = 0.5249000191688538
Training round: 85		accuracy = 0.5224999785423279
Training round: 86		accuracy = 0.5156999826431274
Training round: 87		accuracy = 0.5259000062942505
Training round: 88		accuracy = 0.4986000061035156
Training round: 89		accuracy = 0.5540000200271606
Training round: 90		accuracy = 0.51910001039505
Training round: 91		accuracy = 0.546500027179718
Training round: 92		accuracy = 0.5192000269889832
Training round: 93		accuracy = 0.534500002861023
Training round: 94		accuracy = 0.5666999816894531
Training round: 95		accuracy = 0.5238000154495239
Training round: 96		accuracy = 0.5139999985694885
Training round: 97		accuracy = 0.5424000024795532
Training round: 98		accuracy = 0.5490000247955322
Training round: 99		accuracy = 0.5379999876022339
Training round: 100		accuracy = 0.5286999940872192
Training round: 101		accuracy = 0.5284000039100647
Training round: 102		accuracy = 0.559499979019165
Training round: 103		accuracy = 0.5716999769210815
Training round: 104		accuracy = 0.5760999917984009
Training round: 105		accuracy = 0.560699999332428
Training round: 106		accuracy = 0.5825999975204468
Training round: 107		accuracy = 0.5245000123977661
Training round: 108		accuracy = 0.5386000275611877
Training round: 109		accuracy = 0.5552999973297119
Training round: 110		accuracy = 0.4399999976158142
Training round: 111		accuracy = 0.5882999897003174
Training round: 112		accuracy = 0.5950000286102295
Training round: 113		accuracy = 0.5870000123977661
Training round: 114		accuracy = 0.5666000247001648
Training round: 115		accuracy = 0.5893999934196472
Training round: 116		accuracy = 0.5879999995231628
Training round: 117		accuracy = 0.5680999755859375
Training round: 118		accuracy = 0.59170001745224
Training round: 119		accuracy = 0.6144000291824341
Training round: 120		accuracy = 0.5881999731063843
Training round: 121		accuracy = 0.566100001335144
Training round: 122		accuracy = 0.6031000018119812
Training round: 123		accuracy = 0.5990999937057495
Training round: 124		accuracy = 0.5662999749183655
Training round: 125		accuracy = 0.6043000221252441
Training round: 126		accuracy = 0.5979999899864197
Training round: 127		accuracy = 0.5679000020027161
Training round: 128		accuracy = 0.5809000134468079
Training round: 129		accuracy = 0.5800999999046326
Training round: 130		accuracy = 0.5989999771118164
Training round: 131		accuracy = 0.603600025177002
Training round: 132		accuracy = 0.6133000254631042
Training round: 133		accuracy = 0.3736000061035156
Training round: 134		accuracy = 0.5927000045776367
Training round: 135		accuracy = 0.6247000098228455
Training round: 136		accuracy = 0.5997999906539917
Training round: 137		accuracy = 0.6111000180244446
Training round: 138		accuracy = 0.5724999904632568
Training round: 139		accuracy = 0.5490000247955322
Training round: 140		accuracy = 0.578499972820282
Training round: 141		accuracy = 0.3418999910354614
Training round: 142		accuracy = 0.5895000100135803
Training round: 143		accuracy = 0.597599983215332
Training round: 144		accuracy = 0.6154000163078308
Training round: 145		accuracy = 0.6169000267982483
Training round: 146		accuracy = 0.6079999804496765
Training round: 147		accuracy = 0.6144999861717224
Training round: 148		accuracy = 0.5070000290870667
Training round: 149		accuracy = 0.5611000061035156
Training round: 150		accuracy = 0.6276000142097473
Training round: 151		accuracy = 0.3513999879360199
Training round: 152		accuracy = 0.6158000230789185
Training round: 153		accuracy = 0.598800003528595
Training round: 154		accuracy = 0.6236000061035156
Training round: 155		accuracy = 0.6176999807357788
Training round: 156		accuracy = 0.6168000102043152
Training round: 157		accuracy = 0.6193000078201294
Training round: 158		accuracy = 0.6230000257492065
Training round: 159		accuracy = 0.609000027179718
Training round: 160		accuracy = 0.6014999747276306
Training round: 161		accuracy = 0.6244000196456909
Training round: 162		accuracy = 0.6080999970436096
Training round: 163		accuracy = 0.6216999888420105
Training round: 164		accuracy = 0.6226000189781189
Training round: 165		accuracy = 0.6236000061035156
Training round: 166		accuracy = 0.49000000953674316
Training round: 167		accuracy = 0.6320000290870667
Training round: 168		accuracy = 0.5860999822616577
Training round: 169		accuracy = 0.59170001745224
Training round: 170		accuracy = 0.5521000027656555
Training round: 171		accuracy = 0.6298999786376953
Training round: 172		accuracy = 0.6128000020980835
Training round: 173		accuracy = 0.3467000126838684
Training round: 174		accuracy = 0.6385999917984009
Training round: 175		accuracy = 0.5942000150680542
Training round: 176		accuracy = 0.6139000058174133
Training round: 177		accuracy = 0.6197999715805054
Training round: 178		accuracy = 0.6396999955177307
Training round: 179		accuracy = 0.6323999762535095
Training round: 180		accuracy = 0.6478999853134155
Training round: 181		accuracy = 0.6590999960899353
Training round: 182		accuracy = 0.6086000204086304
Training round: 183		accuracy = 0.6420999765396118
Training round: 184		accuracy = 0.6252999901771545
Training round: 185		accuracy = 0.6353999972343445
Training round: 186		accuracy = 0.5719000101089478
Training round: 187		accuracy = 0.6309999823570251
Training round: 188		accuracy = 0.6492999792098999
Training round: 189		accuracy = 0.5861999988555908
Training round: 190		accuracy = 0.5922999978065491
Training round: 191		accuracy = 0.6269000172615051
Training round: 192		accuracy = 0.631600022315979
Training round: 193		accuracy = 0.6317999958992004
Training round: 194		accuracy = 0.5992000102996826
Training round: 195		accuracy = 0.6546000242233276
Training round: 196		accuracy = 0.6561999917030334
Training round: 197		accuracy = 0.6399999856948853
Training round: 198		accuracy = 0.6563000082969666
Training round: 199		accuracy = 0.4778999984264374
Training round: 200		accuracy = 0.6514999866485596
Training round: 201		accuracy = 0.6157000064849854
Training round: 202		accuracy = 0.6391000151634216
Training round: 203		accuracy = 0.6669999957084656
Training round: 204		accuracy = 0.6140000224113464
Training round: 205		accuracy = 0.5275999903678894
Training round: 206		accuracy = 0.6582000255584717
Training round: 207		accuracy = 0.6342999935150146
Training round: 208		accuracy = 0.6047000288963318
Training round: 209		accuracy = 0.6499000191688538
Training round: 210		accuracy = 0.4661000072956085
Training round: 211		accuracy = 0.47200000286102295
Training round: 212		accuracy = 0.6367999911308289
Training round: 213		accuracy = 0.6470999717712402
Training round: 214		accuracy = 0.5673999786376953
Training round: 215		accuracy = 0.6263999938964844
Training round: 216		accuracy = 0.5896000266075134
Training round: 217		accuracy = 0.5712000131607056
Training round: 218		accuracy = 0.6549999713897705
Training round: 219		accuracy = 0.607200026512146
Training round: 220		accuracy = 0.6606000065803528
Training round: 221		accuracy = 0.6603000164031982
Training round: 222		accuracy = 0.6261000037193298
Training round: 223		accuracy = 0.586899995803833
Training round: 224		accuracy = 0.6636000275611877
Training round: 225		accuracy = 0.6474000215530396
Training round: 226		accuracy = 0.6693000197410583
Training round: 227		accuracy = 0.4636000096797943
Training round: 228		accuracy = 0.6650999784469604
Training round: 229		accuracy = 0.6535999774932861
Training round: 230		accuracy = 0.4381999969482422
Training round: 231		accuracy = 0.6453999876976013
Training round: 232		accuracy = 0.6378999948501587
Training round: 233		accuracy = 0.6543999910354614
Training round: 234		accuracy = 0.304500013589859
Training round: 235		accuracy = 0.6581000089645386
Training round: 236		accuracy = 0.6705999970436096
Training round: 237		accuracy = 0.669700026512146
Training round: 238		accuracy = 0.6489999890327454
Training round: 239		accuracy = 0.6650000214576721
Training round: 240		accuracy = 0.645799994468689
Training round: 241		accuracy = 0.6460000276565552
Training round: 242		accuracy = 0.5648999810218811
Training round: 243		accuracy = 0.6367999911308289
Training round: 244		accuracy = 0.576200008392334
Training round: 245		accuracy = 0.666700005531311
Training round: 246		accuracy = 0.6367999911308289
Training round: 247		accuracy = 0.6262000203132629
Training round: 248		accuracy = 0.5782999992370605
Training round: 249		accuracy = 0.6402999758720398
Training round: 250		accuracy = 0.6622999906539917
Training round: 251		accuracy = 0.6171000003814697
Training round: 252		accuracy = 0.669700026512146
Training round: 253		accuracy = 0.6376000046730042
Training round: 254		accuracy = 0.3968999981880188
Training round: 255		accuracy = 0.6549000144004822
Training round: 256		accuracy = 0.5611000061035156
Training round: 257		accuracy = 0.6693999767303467
Training round: 258		accuracy = 0.6822999715805054
Training round: 259		accuracy = 0.635699987411499
Training round: 260		accuracy = 0.6482999920845032
Training round: 261		accuracy = 0.6747999787330627
Training round: 262		accuracy = 0.6340000033378601
Training round: 263		accuracy = 0.6534000039100647
Training round: 264		accuracy = 0.47600001096725464
Training round: 265		accuracy = 0.6611999869346619
Training round: 266		accuracy = 0.42419999837875366
Training round: 267		accuracy = 0.6110000014305115
Training round: 268		accuracy = 0.6610999703407288
Training round: 269		accuracy = 0.5467000007629395
Training round: 270		accuracy = 0.30889999866485596
Training round: 271		accuracy = 0.6626999974250793
Training round: 272		accuracy = 0.5442000031471252
Training round: 273		accuracy = 0.4643000066280365
Training round: 274		accuracy = 0.6543999910354614
Training round: 275		accuracy = 0.6759999990463257
Training round: 276		accuracy = 0.6690000295639038
Training round: 277		accuracy = 0.4235000014305115
Training round: 278		accuracy = 0.6474000215530396
Training round: 279		accuracy = 0.3727000057697296
Training round: 280		accuracy = 0.6825000047683716
Training round: 281		accuracy = 0.531499981880188
Training round: 282		accuracy = 0.6725000143051147
Training round: 283		accuracy = 0.6139000058174133
Training round: 284		accuracy = 0.6154000163078308
Training round: 285		accuracy = 0.24150000512599945
Training round: 286		accuracy = 0.5943999886512756
Training round: 287		accuracy = 0.656499981880188
Training round: 288		accuracy = 0.579800009727478
Training round: 289		accuracy = 0.6492000222206116
Training round: 290		accuracy = 0.28529998660087585
Training round: 291		accuracy = 0.49320000410079956
Training round: 292		accuracy = 0.24789999425411224
Training round: 293		accuracy = 0.4571000039577484
Training round: 294		accuracy = 0.6596999764442444
Training round: 295		accuracy = 0.6521000266075134
Training round: 296		accuracy = 0.5350000262260437
Training round: 297		accuracy = 0.6482999920845032
Training round: 298		accuracy = 0.6306999921798706
Training round: 299		accuracy = 0.6916999816894531
Training round: 300		accuracy = 0.6675000190734863
Training round: 301		accuracy = 0.6736000180244446
Training round: 302		accuracy = 0.5734999775886536
Training round: 303		accuracy = 0.6176999807357788
Training round: 304		accuracy = 0.6693000197410583
Training round: 305		accuracy = 0.4169999957084656
Training round: 306		accuracy = 0.5008999705314636
Training round: 307		accuracy = 0.6480000019073486
Training round: 308		accuracy = 0.6765999794006348
Training round: 309		accuracy = 0.6453999876976013
Training round: 310		accuracy = 0.671999990940094
Training round: 311		accuracy = 0.6751999855041504
Training round: 312		accuracy = 0.6320000290870667
Training round: 313		accuracy = 0.5753999948501587
Training round: 314		accuracy = 0.4733999967575073
Training round: 315		accuracy = 0.6600000262260437
Training round: 316		accuracy = 0.5516999959945679
Training round: 317		accuracy = 0.42890000343322754
Training round: 318		accuracy = 0.6561999917030334
Training round: 319		accuracy = 0.6765000224113464
Training round: 320		accuracy = 0.6685000061988831
Training round: 321		accuracy = 0.652999997138977
Training round: 322		accuracy = 0.640999972820282
Training round: 323		accuracy = 0.6150000095367432
Training round: 324		accuracy = 0.6680999994277954
Training round: 325		accuracy = 0.6299999952316284
Training round: 326		accuracy = 0.5716000199317932
Training round: 327		accuracy = 0.6582000255584717
Training round: 328		accuracy = 0.37070000171661377
Training round: 329		accuracy = 0.5796999931335449
Training round: 330		accuracy = 0.6640999913215637
Training round: 331		accuracy = 0.640500009059906
Training round: 332		accuracy = 0.5325999855995178
Training round: 333		accuracy = 0.6707000136375427
Training round: 334		accuracy = 0.6789000034332275
Training round: 335		accuracy = 0.4519999921321869
Training round: 336		accuracy = 0.5860999822616577
Training round: 337		accuracy = 0.6532999873161316
Training round: 338		accuracy = 0.6388999819755554
Training round: 339		accuracy = 0.682200014591217
Training round: 340		accuracy = 0.6657000184059143
Training round: 341		accuracy = 0.6783999800682068
Training round: 342		accuracy = 0.6693999767303467
Training round: 343		accuracy = 0.6577000021934509
Training round: 344		accuracy = 0.6606000065803528
Training round: 345		accuracy = 0.6852999925613403
Training round: 346		accuracy = 0.6766999959945679
Training round: 347		accuracy = 0.5792999863624573
Training round: 348		accuracy = 0.41269999742507935
Training round: 349		accuracy = 0.6628999710083008
Training round: 350		accuracy = 0.3163999915122986
Training round: 351		accuracy = 0.5914000272750854
Training round: 352		accuracy = 0.6503999829292297
Training round: 353		accuracy = 0.6848000288009644
Training round: 354		accuracy = 0.6930000185966492
Training round: 355		accuracy = 0.5422999858856201
Training round: 356		accuracy = 0.5394999980926514
Training round: 357		accuracy = 0.6879000067710876
Training round: 358		accuracy = 0.555400013923645
Training round: 359		accuracy = 0.6147000193595886
Training round: 360		accuracy = 0.6589999794960022
Training round: 361		accuracy = 0.6503000259399414
Training round: 362		accuracy = 0.6510999798774719
Training round: 363		accuracy = 0.34040001034736633
Training round: 364		accuracy = 0.6678000092506409
Training round: 365		accuracy = 0.6743000149726868
Training round: 366		accuracy = 0.6665999889373779
Training round: 367		accuracy = 0.6284999847412109
Training round: 368		accuracy = 0.6668999791145325
Training round: 369		accuracy = 0.6470999717712402
Training round: 370		accuracy = 0.6388000249862671
Training round: 371		accuracy = 0.650600016117096
Training round: 372		accuracy = 0.35019999742507935
Training round: 373		accuracy = 0.6575000286102295
Training round: 374		accuracy = 0.6736999750137329
Training round: 375		accuracy = 0.6876000165939331
Training round: 376		accuracy = 0.6809999942779541
Training round: 377		accuracy = 0.555400013923645
Training round: 378		accuracy = 0.6832000017166138
Training round: 379		accuracy = 0.6898999810218811
Training round: 380		accuracy = 0.35920000076293945
Training round: 381		accuracy = 0.48100000619888306
Training round: 382		accuracy = 0.6930999755859375
Training round: 383		accuracy = 0.6563000082969666
Training round: 384		accuracy = 0.6830000281333923
Training round: 385		accuracy = 0.25769999623298645
Training round: 386		accuracy = 0.32089999318122864
Training round: 387		accuracy = 0.41519999504089355
Training round: 388		accuracy = 0.6830999851226807
Training round: 389		accuracy = 0.6941999793052673
Training round: 390		accuracy = 0.37950000166893005
Training round: 391		accuracy = 0.7021999955177307
Training round: 392		accuracy = 0.6970999836921692
Training round: 393		accuracy = 0.3449999988079071
Training round: 394		accuracy = 0.691100001335144
Training round: 395		accuracy = 0.5616999864578247
Training round: 396		accuracy = 0.27790001034736633
Training round: 397		accuracy = 0.6614000201225281
Training round: 398		accuracy = 0.6894000172615051
Training round: 399		accuracy = 0.4401000142097473
Training round: 400		accuracy = 0.6901999711990356
Training round: 401		accuracy = 0.6948999762535095
Training round: 402		accuracy = 0.6632999777793884
Training round: 403		accuracy = 0.23360000550746918
Training round: 404		accuracy = 0.6855999827384949
Training round: 405		accuracy = 0.5566999912261963
Training round: 406		accuracy = 0.6588000059127808
Training round: 407		accuracy = 0.6588000059127808
Training round: 408		accuracy = 0.5954999923706055
Training round: 409		accuracy = 0.656000018119812
Training round: 410		accuracy = 0.6614999771118164
Training round: 411		accuracy = 0.6360999941825867
Training round: 412		accuracy = 0.6754000186920166
Training round: 413		accuracy = 0.6949999928474426
Training round: 414		accuracy = 0.6509000062942505
Training round: 415		accuracy = 0.6837000250816345
Training round: 416		accuracy = 0.7008000016212463
Training round: 417		accuracy = 0.5527999997138977
Training round: 418		accuracy = 0.588100016117096
Training round: 419		accuracy = 0.7045999765396118
Training round: 420		accuracy = 0.567799985408783
Training round: 421		accuracy = 0.6906999945640564
Training round: 422		accuracy = 0.6572999954223633
Training round: 423		accuracy = 0.41929998993873596
Training round: 424		accuracy = 0.6797999739646912
Training round: 425		accuracy = 0.6608999967575073
Training round: 426		accuracy = 0.7092000246047974
Training round: 427		accuracy = 0.652899980545044
Training round: 428		accuracy = 0.4846000075340271
Training round: 429		accuracy = 0.6628999710083008
Training round: 430		accuracy = 0.43479999899864197
Training round: 431		accuracy = 0.5799000263214111
Training round: 432		accuracy = 0.6610000133514404
Training round: 433		accuracy = 0.5713000297546387
Training round: 434		accuracy = 0.6762999892234802
Training round: 435		accuracy = 0.5874000191688538
Training round: 436		accuracy = 0.6449000239372253
Training round: 437		accuracy = 0.5770999789237976
Training round: 438		accuracy = 0.6862999796867371
Training round: 439		accuracy = 0.6808000206947327
Training round: 440		accuracy = 0.6902999877929688
Training round: 441		accuracy = 0.6996999979019165
Training round: 442		accuracy = 0.1535000056028366
Training round: 443		accuracy = 0.6983000040054321
Training round: 444		accuracy = 0.6503999829292297
Training round: 445		accuracy = 0.6833000183105469
Training round: 446		accuracy = 0.6431999802589417
Training round: 447		accuracy = 0.569100022315979
Training round: 448		accuracy = 0.21060000360012054
Training round: 449		accuracy = 0.5310999751091003
Training round: 450		accuracy = 0.46810001134872437
Training round: 451		accuracy = 0.690500020980835
Training round: 452		accuracy = 0.5634999871253967
Training round: 453		accuracy = 0.6554999947547913
Training round: 454		accuracy = 0.629800021648407
Training round: 455		accuracy = 0.6557000279426575
Training round: 456		accuracy = 0.6550999879837036
Training round: 457		accuracy = 0.5512999892234802
Training round: 458		accuracy = 0.6061000227928162
Training round: 459		accuracy = 0.4287000000476837
Training round: 460		accuracy = 0.6973000168800354
Training round: 461		accuracy = 0.6431999802589417
Training round: 462		accuracy = 0.6789000034332275
Training round: 463		accuracy = 0.6740999817848206
Training round: 464		accuracy = 0.48570001125335693
Training round: 465		accuracy = 0.5756999850273132
Training round: 466		accuracy = 0.6906999945640564
Training round: 467		accuracy = 0.5547000169754028
Training round: 468		accuracy = 0.6567999720573425
Training round: 469		accuracy = 0.32120001316070557
Training round: 470		accuracy = 0.5654000043869019
Training round: 471		accuracy = 0.4424999952316284
Training round: 472		accuracy = 0.5450999736785889
Training round: 473		accuracy = 0.450300008058548
Training round: 474		accuracy = 0.5598000288009644
Training round: 475		accuracy = 0.5602999925613403
Training round: 476		accuracy = 0.6452999711036682
Training round: 477		accuracy = 0.33329999446868896
Training round: 478		accuracy = 0.2508000135421753
Training round: 479		accuracy = 0.6711999773979187
Training round: 480		accuracy = 0.6919999718666077
Training round: 481		accuracy = 0.5938000082969666
Training round: 482		accuracy = 0.5473999977111816
Training round: 483		accuracy = 0.6875
Training round: 484		accuracy = 0.6924999952316284
Training round: 485		accuracy = 0.6421999931335449
Training round: 486		accuracy = 0.6862000226974487
Training round: 487		accuracy = 0.6973999738693237
Training round: 488		accuracy = 0.7024000287055969
Training round: 489		accuracy = 0.6938999891281128
Training round: 490		accuracy = 0.6805999875068665
Training round: 491		accuracy = 0.6467999815940857
Training round: 492		accuracy = 0.5498999953269958
Training round: 493		accuracy = 0.6686000227928162
Training round: 494		accuracy = 0.5419999957084656
Training round: 495		accuracy = 0.6685000061988831
Training round: 496		accuracy = 0.6769000291824341
Training round: 497		accuracy = 0.6614000201225281
Training round: 498		accuracy = 0.32919999957084656
Training round: 499		accuracy = 0.6851999759674072
Training round: 500		accuracy = 0.6518999934196472
Training round: 501		accuracy = 0.6976000070571899
Training round: 502		accuracy = 0.5048999786376953
Training round: 503		accuracy = 0.5648999810218811
Training round: 504		accuracy = 0.6822999715805054
Training round: 505		accuracy = 0.43549999594688416
Training round: 506		accuracy = 0.6858999729156494
Training round: 507		accuracy = 0.5590000152587891
Training round: 508		accuracy = 0.5688999891281128
Training round: 509		accuracy = 0.7081999778747559
Training round: 510		accuracy = 0.5557000041007996
Training round: 511		accuracy = 0.6718999743461609
Training round: 512		accuracy = 0.5767999887466431
Training round: 513		accuracy = 0.6531999707221985
Training round: 514		accuracy = 0.6990000009536743
Training round: 515		accuracy = 0.6870999932289124
Training round: 516		accuracy = 0.6866000294685364
Training round: 517		accuracy = 0.4327000081539154
Training round: 518		accuracy = 0.6600000262260437
Training round: 519		accuracy = 0.6693999767303467
Training round: 520		accuracy = 0.6980999708175659
Training round: 521		accuracy = 0.695900022983551
Training round: 522		accuracy = 0.6934999823570251
Training round: 523		accuracy = 0.6973000168800354
Training round: 524		accuracy = 0.6808000206947327
Training round: 525		accuracy = 0.6403999924659729
Training round: 526		accuracy = 0.6510999798774719
Training round: 527		accuracy = 0.6966999769210815
Training round: 528		accuracy = 0.6636999845504761
Training round: 529		accuracy = 0.6836000084877014
Training round: 530		accuracy = 0.6937999725341797
Training round: 531		accuracy = 0.6391000151634216
Training round: 532		accuracy = 0.6983000040054321
Training round: 533		accuracy = 0.6933000087738037
Training round: 534		accuracy = 0.7013000249862671
Training round: 535		accuracy = 0.6320000290870667
Training round: 536		accuracy = 0.5343000292778015
Training round: 537		accuracy = 0.59579998254776
Training round: 538		accuracy = 0.5496000051498413
Training round: 539		accuracy = 0.5651000142097473
Training round: 540		accuracy = 0.6635000109672546
Training round: 541		accuracy = 0.7060999870300293
Training round: 542		accuracy = 0.6984000205993652
Training round: 543		accuracy = 0.6218000054359436
Training round: 544		accuracy = 0.6937000155448914
Training round: 545		accuracy = 0.64410001039505
Training round: 546		accuracy = 0.6669999957084656
Training round: 547		accuracy = 0.6920999884605408
Training round: 548		accuracy = 0.6583999991416931
Training round: 549		accuracy = 0.6787999868392944
Training round: 550		accuracy = 0.6888999938964844
Training round: 551		accuracy = 0.5169000029563904
Training round: 552		accuracy = 0.7087000012397766
Training round: 553		accuracy = 0.32030001282691956
Training round: 554		accuracy = 0.7027999758720398
Training round: 555		accuracy = 0.5710999965667725
Training round: 556		accuracy = 0.5945000052452087
Training round: 557		accuracy = 0.4311000108718872
Training round: 558		accuracy = 0.5573999881744385
Training round: 559		accuracy = 0.6171000003814697
Training round: 560		accuracy = 0.5771999955177307
Training round: 561		accuracy = 0.535099983215332
Training round: 562		accuracy = 0.6987000107765198
Training round: 563		accuracy = 0.36059999465942383
Training round: 564		accuracy = 0.6955999732017517
Training round: 565		accuracy = 0.3418999910354614
Training round: 566		accuracy = 0.6116999983787537
Training round: 567		accuracy = 0.35019999742507935
Training round: 568		accuracy = 0.6657000184059143
Training round: 569		accuracy = 0.335999995470047
Training round: 570		accuracy = 0.2793000042438507
Training round: 571		accuracy = 0.6977999806404114
Training round: 572		accuracy = 0.14970000088214874
Training round: 573		accuracy = 0.6995999813079834
Training round: 574		accuracy = 0.6682000160217285
Training round: 575		accuracy = 0.5723999738693237
Training round: 576		accuracy = 0.4117000102996826
Training round: 577		accuracy = 0.6664000153541565
Training round: 578		accuracy = 0.6758999824523926
Training round: 579		accuracy = 0.3978999853134155
Training round: 580		accuracy = 0.3921000063419342
Training round: 581		accuracy = 0.4973999857902527
Training round: 582		accuracy = 0.6563000082969666
Training round: 583		accuracy = 0.6568999886512756
Training round: 584		accuracy = 0.6431999802589417
Training round: 585		accuracy = 0.6500999927520752
Training round: 586		accuracy = 0.7060999870300293
Training round: 587		accuracy = 0.6809999942779541
Training round: 588		accuracy = 0.23430000245571136
Training round: 589		accuracy = 0.5552999973297119
Training round: 590		accuracy = 0.7142000198364258
Training round: 591		accuracy = 0.7092999815940857
Training round: 592		accuracy = 0.7041000127792358
Training round: 593		accuracy = 0.5374000072479248
Training round: 594		accuracy = 0.6797999739646912
Training round: 595		accuracy = 0.7002000212669373
Training round: 596		accuracy = 0.3499999940395355
Training round: 597		accuracy = 0.6801999807357788
Training round: 598		accuracy = 0.6913999915122986
Training round: 599		accuracy = 0.6949999928474426
Training round: 600		accuracy = 0.5443999767303467
Training round: 601		accuracy = 0.673799991607666
Training round: 602		accuracy = 0.6880000233650208
Training round: 603		accuracy = 0.6403999924659729
Training round: 604		accuracy = 0.7111999988555908
Training round: 605		accuracy = 0.6621000170707703
Training round: 606		accuracy = 0.559499979019165
Training round: 607		accuracy = 0.4253999888896942
Training round: 608		accuracy = 0.7024999856948853
Training round: 609		accuracy = 0.6996999979019165
Training round: 610		accuracy = 0.6571000218391418
Training round: 611		accuracy = 0.6534000039100647
Training round: 612		accuracy = 0.5795999765396118
Training round: 613		accuracy = 0.6730999946594238
Training round: 614		accuracy = 0.7149999737739563
Training round: 615		accuracy = 0.3528999984264374
Training round: 616		accuracy = 0.6992999911308289
Training round: 617		accuracy = 0.5098000168800354
Training round: 618		accuracy = 0.6970000267028809
Training round: 619		accuracy = 0.5286999940872192
Training round: 620		accuracy = 0.6255999803543091
Training round: 621		accuracy = 0.6546000242233276
Training round: 622		accuracy = 0.5773000121116638
Training round: 623		accuracy = 0.44600000977516174
Training round: 624		accuracy = 0.5712000131607056
Training round: 625		accuracy = 0.6330000162124634
Training round: 626		accuracy = 0.5544000267982483
Training round: 627		accuracy = 0.6538000106811523
Training round: 628		accuracy = 0.7148000001907349
Training round: 629		accuracy = 0.7159000039100647
Training round: 630		accuracy = 0.7057999968528748
Training round: 631		accuracy = 0.41370001435279846
Training round: 632		accuracy = 0.6751000285148621
Training round: 633		accuracy = 0.6916999816894531
Training round: 634		accuracy = 0.7093999981880188
Training round: 635		accuracy = 0.6660000085830688
Training round: 636		accuracy = 0.5113999843597412
Training round: 637		accuracy = 0.6845999956130981
Training round: 638		accuracy = 0.7156999707221985
Training round: 639		accuracy = 0.6550999879837036
Training round: 640		accuracy = 0.38690000772476196
Training round: 641		accuracy = 0.7013000249862671
Training round: 642		accuracy = 0.5496000051498413
Training round: 643		accuracy = 0.7057999968528748
Training round: 644		accuracy = 0.5112000107765198
Training round: 645		accuracy = 0.5916000008583069
Training round: 646		accuracy = 0.5529000163078308
Training round: 647		accuracy = 0.5830000042915344
Training round: 648		accuracy = 0.5746999979019165
Training round: 649		accuracy = 0.6988999843597412
Training round: 650		accuracy = 0.6899999976158142
Training round: 651		accuracy = 0.6305999755859375
Training round: 652		accuracy = 0.2337999939918518
Training round: 653		accuracy = 0.5999000072479248
Training round: 654		accuracy = 0.49559998512268066
Training round: 655		accuracy = 0.6937000155448914
Training round: 656		accuracy = 0.6233000159263611
Training round: 657		accuracy = 0.5533999800682068
Training round: 658		accuracy = 0.36480000615119934
Training round: 659		accuracy = 0.6862999796867371
Training round: 660		accuracy = 0.6437000036239624
Training round: 661		accuracy = 0.6534000039100647
Training round: 662		accuracy = 0.6995999813079834
Training round: 663		accuracy = 0.697700023651123
Training round: 664		accuracy = 0.633899986743927
Training round: 665		accuracy = 0.6535000205039978
Training round: 666		accuracy = 0.31700000166893005
Training round: 667		accuracy = 0.7009999752044678
Training round: 668		accuracy = 0.7129999995231628
Training round: 669		accuracy = 0.7016000151634216
Training round: 670		accuracy = 0.6507999897003174
Training round: 671		accuracy = 0.6424999833106995
Training round: 672		accuracy = 0.7134000062942505
Training round: 673		accuracy = 0.6639999747276306
Training round: 674		accuracy = 0.7069000005722046
Training round: 675		accuracy = 0.6924999952316284
Training round: 676		accuracy = 0.7008000016212463
Training round: 677		accuracy = 0.5529000163078308
Training round: 678		accuracy = 0.7190999984741211
Training round: 679		accuracy = 0.6664999723434448
Training round: 680		accuracy = 0.29789999127388
Training round: 681		accuracy = 0.7095000147819519
Training round: 682		accuracy = 0.7099999785423279
Training round: 683		accuracy = 0.6665999889373779
Training round: 684		accuracy = 0.6816999912261963
Training round: 685		accuracy = 0.7013999819755554
Training round: 686		accuracy = 0.6886000037193298
Training round: 687		accuracy = 0.5486999750137329
Training round: 688		accuracy = 0.4404999911785126
Training round: 689		accuracy = 0.6863999962806702
Training round: 690		accuracy = 0.6890000104904175
Training round: 691		accuracy = 0.22679999470710754
Training round: 692		accuracy = 0.7150999903678894
Training round: 693		accuracy = 0.7113000154495239
Training round: 694		accuracy = 0.5110999941825867
Training round: 695		accuracy = 0.7063999772071838
Training round: 696		accuracy = 0.6395999789237976
Training round: 697		accuracy = 0.534600019454956
Training round: 698		accuracy = 0.6152999997138977
Training round: 699		accuracy = 0.6650999784469604
Training round: 700		accuracy = 0.6437000036239624
Training round: 701		accuracy = 0.7073000073432922
Training round: 702		accuracy = 0.6615999937057495
Training round: 703		accuracy = 0.7013000249862671
Training round: 704		accuracy = 0.5360000133514404
Training round: 705		accuracy = 0.6952000260353088
Training round: 706		accuracy = 0.3531000018119812
Training round: 707		accuracy = 0.6715999841690063
Training round: 708		accuracy = 0.6970999836921692
Training round: 709		accuracy = 0.699999988079071
Training round: 710		accuracy = 0.6872000098228455
Training round: 711		accuracy = 0.7161999940872192
Training round: 712		accuracy = 0.6819000244140625
Training round: 713		accuracy = 0.7166000008583069
Training round: 714		accuracy = 0.3772999942302704
Training round: 715		accuracy = 0.6632000207901001
Training round: 716		accuracy = 0.5530999898910522
Training round: 717		accuracy = 0.7091000080108643
Training round: 718		accuracy = 0.7116000056266785
Training round: 719		accuracy = 0.5629000067710876
Training round: 720		accuracy = 0.5536999702453613
Training round: 721		accuracy = 0.6714000105857849
Training round: 722		accuracy = 0.569100022315979
Training round: 723		accuracy = 0.7069000005722046
Training round: 724		accuracy = 0.7031999826431274
Training round: 725		accuracy = 0.6262999773025513
Training round: 726		accuracy = 0.6848000288009644
Training round: 727		accuracy = 0.5117999911308289
Training round: 728		accuracy = 0.7132999897003174
Training round: 729		accuracy = 0.6983000040054321
Training round: 730		accuracy = 0.7069000005722046
Training round: 731		accuracy = 0.6754000186920166
Training round: 732		accuracy = 0.5232999920845032
Training round: 733		accuracy = 0.6725999712944031
Training round: 734		accuracy = 0.7019000053405762
Training round: 735		accuracy = 0.723800003528595
Training round: 736		accuracy = 0.3716999888420105
Training round: 737		accuracy = 0.6611999869346619
Training round: 738		accuracy = 0.6930999755859375
Training round: 739		accuracy = 0.699400007724762
Training round: 740		accuracy = 0.6915000081062317
Training round: 741		accuracy = 0.6431999802589417
Training round: 742		accuracy = 0.5774999856948853
Training round: 743		accuracy = 0.6345000267028809
Training round: 744		accuracy = 0.5196999907493591
Training round: 745		accuracy = 0.5972999930381775
Training round: 746		accuracy = 0.7055000066757202
Training round: 747		accuracy = 0.5392000079154968
Training round: 748		accuracy = 0.5375000238418579
Training round: 749		accuracy = 0.6794000267982483
Training round: 750		accuracy = 0.1550000011920929
Training round: 751		accuracy = 0.6521000266075134
Training round: 752		accuracy = 0.5037999749183655
Training round: 753		accuracy = 0.6589999794960022
Training round: 754		accuracy = 0.6572999954223633
Training round: 755		accuracy = 0.679099977016449
Training round: 756		accuracy = 0.6571000218391418
Training round: 757		accuracy = 0.38429999351501465
Training round: 758		accuracy = 0.6690000295639038
Training round: 759		accuracy = 0.5180000066757202
Training round: 760		accuracy = 0.6230999827384949
Training round: 761		accuracy = 0.41909998655319214
Training round: 762		accuracy = 0.6704999804496765
Training round: 763		accuracy = 0.7110000252723694
Training round: 764		accuracy = 0.26820001006126404
Training round: 765		accuracy = 0.703499972820282
Training round: 766		accuracy = 0.6556000113487244
Training round: 767		accuracy = 0.5526000261306763
Training round: 768		accuracy = 0.6862999796867371
Training round: 769		accuracy = 0.7024000287055969
Training round: 770		accuracy = 0.6261000037193298
Training round: 771		accuracy = 0.4041000008583069
Training round: 772		accuracy = 0.6996999979019165
Training round: 773		accuracy = 0.3434999883174896
Training round: 774		accuracy = 0.6662999987602234
Training round: 775		accuracy = 0.646399974822998
Training round: 776		accuracy = 0.6464999914169312
Training round: 777		accuracy = 0.6922000050544739
Training round: 778		accuracy = 0.541100025177002
Training round: 779		accuracy = 0.5497999787330627
Training round: 780		accuracy = 0.5677000284194946
Training round: 781		accuracy = 0.6682000160217285
Training round: 782		accuracy = 0.65829998254776
Training round: 783		accuracy = 0.6632999777793884
Training round: 784		accuracy = 0.5349000096321106
Training round: 785		accuracy = 0.7148000001907349
Training round: 786		accuracy = 0.7052000164985657
Training round: 787		accuracy = 0.5228000283241272
Training round: 788		accuracy = 0.23070000112056732
Training round: 789		accuracy = 0.6087999939918518
Training round: 790		accuracy = 0.6588000059127808
Training round: 791		accuracy = 0.6995000243186951
Training round: 792		accuracy = 0.4684999883174896
Training round: 793		accuracy = 0.6927000284194946
Training round: 794		accuracy = 0.6924999952316284
Training round: 795		accuracy = 0.520799994468689
Training round: 796		accuracy = 0.250900000333786
Training round: 797		accuracy = 0.697700023651123
Training round: 798		accuracy = 0.6499000191688538
Training round: 799		accuracy = 0.6395000219345093
Training round: 800		accuracy = 0.6978999972343445
Training round: 801		accuracy = 0.6358000040054321
Training round: 802		accuracy = 0.7157999873161316
Training round: 803		accuracy = 0.5490000247955322
Training round: 804		accuracy = 0.7073000073432922
Training round: 805		accuracy = 0.5619000196456909
Training round: 806		accuracy = 0.39820000529289246
Training round: 807		accuracy = 0.6337000131607056
Training round: 808		accuracy = 0.5512999892234802
Training round: 809		accuracy = 0.6579999923706055
Training round: 810		accuracy = 0.6977999806404114
Training round: 811		accuracy = 0.4708000123500824
Training round: 812		accuracy = 0.7139000296592712
Training round: 813		accuracy = 0.7085999846458435
Training round: 814		accuracy = 0.22439999878406525
Training round: 815		accuracy = 0.7003999948501587
Training round: 816		accuracy = 0.6593999862670898
Training round: 817		accuracy = 0.6488000154495239
Training round: 818		accuracy = 0.637499988079071
Training round: 819		accuracy = 0.7031999826431274
Training round: 820		accuracy = 0.5139999985694885
Training round: 821		accuracy = 0.7060999870300293
Training round: 822		accuracy = 0.6948000192642212
Training round: 823		accuracy = 0.5203999876976013
Training round: 824		accuracy = 0.6603000164031982
Training round: 825		accuracy = 0.7002999782562256
Training round: 826		accuracy = 0.5379999876022339
Training round: 827		accuracy = 0.7067999839782715
Training round: 828		accuracy = 0.6913999915122986
Training round: 829		accuracy = 0.4250999987125397
Training round: 830		accuracy = 0.2393999993801117
Training round: 831		accuracy = 0.5767999887466431
Training round: 832		accuracy = 0.560699999332428
Training round: 833		accuracy = 0.6639000177383423
Training round: 834		accuracy = 0.6922000050544739
Training round: 835		accuracy = 0.6039000153541565
Training round: 836		accuracy = 0.3750999867916107
Training round: 837		accuracy = 0.6919999718666077
Training round: 838		accuracy = 0.713699996471405
Training round: 839		accuracy = 0.7171000242233276
Training round: 840		accuracy = 0.7138000130653381
Training round: 841		accuracy = 0.6967999935150146
Training round: 842		accuracy = 0.5755000114440918
Training round: 843		accuracy = 0.6985999941825867
Training round: 844		accuracy = 0.49799999594688416
Training round: 845		accuracy = 0.6582000255584717
Training round: 846		accuracy = 0.5742999911308289
Training round: 847		accuracy = 0.2547999918460846
Training round: 848		accuracy = 0.5735999941825867
Training round: 849		accuracy = 0.5849000215530396
Training round: 850		accuracy = 0.535099983215332
Training round: 851		accuracy = 0.6504999995231628
Training round: 852		accuracy = 0.5320000052452087
Training round: 853		accuracy = 0.651199996471405
Training round: 854		accuracy = 0.7239000201225281
Training round: 855		accuracy = 0.3950999975204468
Training round: 856		accuracy = 0.7145000100135803
Training round: 857		accuracy = 0.6995999813079834
Training round: 858		accuracy = 0.5558000206947327
Training round: 859		accuracy = 0.6640999913215637
Training round: 860		accuracy = 0.5419999957084656
Training round: 861		accuracy = 0.5751000046730042
Training round: 862		accuracy = 0.6736000180244446
Training round: 863		accuracy = 0.5455999970436096
Training round: 864		accuracy = 0.6668999791145325
Training round: 865		accuracy = 0.6741999983787537
Training round: 866		accuracy = 0.7046999931335449
Training round: 867		accuracy = 0.7013999819755554
Training round: 868		accuracy = 0.6934999823570251
Training round: 869		accuracy = 0.5151000022888184
Training round: 870		accuracy = 0.6514000296592712
Training round: 871		accuracy = 0.5180000066757202
Training round: 872		accuracy = 0.29269999265670776
Training round: 873		accuracy = 0.7085999846458435
Training round: 874		accuracy = 0.5591999888420105
Training round: 875		accuracy = 0.43860000371932983
Training round: 876		accuracy = 0.6748999953269958
Training round: 877		accuracy = 0.2517000138759613
Training round: 878		accuracy = 0.5763999819755554
Training round: 879		accuracy = 0.14869999885559082
Training round: 880		accuracy = 0.6714000105857849
Training round: 881		accuracy = 0.6539000272750854
Training round: 882		accuracy = 0.6396999955177307
Training round: 883		accuracy = 0.39149999618530273
Training round: 884		accuracy = 0.6962000131607056
Training round: 885		accuracy = 0.28859999775886536
Training round: 886		accuracy = 0.6940000057220459
Training round: 887		accuracy = 0.3490000069141388
Training round: 888		accuracy = 0.7059000134468079
Training round: 889		accuracy = 0.5795000195503235
Training round: 890		accuracy = 0.5320000052452087
Training round: 891		accuracy = 0.24390000104904175
Training round: 892		accuracy = 0.6769999861717224
Training round: 893		accuracy = 0.695900022983551
Training round: 894		accuracy = 0.46389999985694885
Training round: 895		accuracy = 0.7135999798774719
Training round: 896		accuracy = 0.7023000121116638
Training round: 897		accuracy = 0.6360999941825867
Training round: 898		accuracy = 0.6450999975204468
Training round: 899		accuracy = 0.6880999803543091
Training round: 900		accuracy = 0.70169997215271
Training round: 901		accuracy = 0.37459999322891235
Training round: 902		accuracy = 0.5479999780654907
Training round: 903		accuracy = 0.7099999785423279
Training round: 904		accuracy = 0.6434000134468079
Training round: 905		accuracy = 0.5048999786376953
Training round: 906		accuracy = 0.659500002861023
Training round: 907		accuracy = 0.5078999996185303
Training round: 908		accuracy = 0.7095000147819519
Training round: 909		accuracy = 0.7055000066757202
Training round: 910		accuracy = 0.6028000116348267
Training round: 911		accuracy = 0.6600000262260437
Training round: 912		accuracy = 0.5065000057220459
Training round: 913		accuracy = 0.5958999991416931
Training round: 914		accuracy = 0.23880000412464142
Training round: 915		accuracy = 0.7056999802589417
Training round: 916		accuracy = 0.6523000001907349
Training round: 917		accuracy = 0.5566999912261963
Training round: 918		accuracy = 0.5583999752998352
Training round: 919		accuracy = 0.6567000150680542
Training round: 920		accuracy = 0.5012999773025513
Training round: 921		accuracy = 0.7146000266075134
Training round: 922		accuracy = 0.5641999840736389
Training round: 923		accuracy = 0.5708000063896179
Training round: 924		accuracy = 0.6687999963760376
Training round: 925		accuracy = 0.38119998574256897
Training round: 926		accuracy = 0.4262999892234802
Training round: 927		accuracy = 0.6764000058174133
Training round: 928		accuracy = 0.5121999979019165
Training round: 929		accuracy = 0.705299973487854
Training round: 930		accuracy = 0.7046999931335449
Training round: 931		accuracy = 0.3571999967098236
Training round: 932		accuracy = 0.6565999984741211
Training round: 933		accuracy = 0.7197999954223633
Training round: 934		accuracy = 0.6632999777793884
Training round: 935		accuracy = 0.5317000150680542
Training round: 936		accuracy = 0.7092000246047974
Training round: 937		accuracy = 0.6572999954223633
Training round: 938		accuracy = 0.24709999561309814
Training round: 939		accuracy = 0.6349999904632568
Training round: 940		accuracy = 0.2004999965429306
Training round: 941		accuracy = 0.6969000101089478
Training round: 942		accuracy = 0.4903999865055084
Training round: 943		accuracy = 0.7146999835968018
Training round: 944		accuracy = 0.6345999836921692
Training round: 945		accuracy = 0.6897000074386597
Training round: 946		accuracy = 0.6861000061035156
Training round: 947		accuracy = 0.6317999958992004
Training round: 948		accuracy = 0.6895999908447266
Training round: 949		accuracy = 0.19629999995231628
Training round: 950		accuracy = 0.5817999839782715
Training round: 951		accuracy = 0.6807000041007996
Training round: 952		accuracy = 0.7091000080108643
Training round: 953		accuracy = 0.6876999735832214
Training round: 954		accuracy = 0.6974999904632568
Training round: 955		accuracy = 0.6897000074386597
Training round: 956		accuracy = 0.6924999952316284
Training round: 957		accuracy = 0.6438000202178955
Training round: 958		accuracy = 0.6463000178337097
Training round: 959		accuracy = 0.435699999332428
Training round: 960		accuracy = 0.38499999046325684
Training round: 961		accuracy = 0.6579999923706055
Training round: 962		accuracy = 0.36239999532699585
Training round: 963		accuracy = 0.6672999858856201
Training round: 964		accuracy = 0.7210999727249146
Training round: 965		accuracy = 0.6471999883651733
Training round: 966		accuracy = 0.5519000291824341
Training round: 967		accuracy = 0.7009000182151794
Training round: 968		accuracy = 0.6883999705314636
Training round: 969		accuracy = 0.45829999446868896
Training round: 970		accuracy = 0.7105000019073486
Training round: 971		accuracy = 0.6980000138282776
Training round: 972		accuracy = 0.7099999785423279
Training round: 973		accuracy = 0.4975000023841858
Training round: 974		accuracy = 0.7152000069618225
Training round: 975		accuracy = 0.5163999795913696
Training round: 976		accuracy = 0.5444999933242798
Training round: 977		accuracy = 0.6987000107765198
Training round: 978		accuracy = 0.6150000095367432
Training round: 979		accuracy = 0.6531999707221985
Training round: 980		accuracy = 0.6945000290870667
Training round: 981		accuracy = 0.6263999938964844
Training round: 982		accuracy = 0.7038999795913696
Training round: 983		accuracy = 0.6176000237464905
Training round: 984		accuracy = 0.4221999943256378
Training round: 985		accuracy = 0.38510000705718994
Training round: 986		accuracy = 0.7055000066757202
Training round: 987		accuracy = 0.3395000100135803
Training round: 988		accuracy = 0.5388000011444092
Training round: 989		accuracy = 0.5073999762535095
Training round: 990		accuracy = 0.6916000247001648
Training round: 991		accuracy = 0.43860000371932983
Training round: 992		accuracy = 0.7146999835968018
Training round: 993		accuracy = 0.7028999924659729
Training round: 994		accuracy = 0.20909999310970306
Training round: 995		accuracy = 0.4106999933719635
Training round: 996		accuracy = 0.6956999897956848
Training round: 997		accuracy = 0.5985999703407288
Training round: 998		accuracy = 0.49639999866485596
Training round: 999		accuracy = 0.6861000061035156
Training round: 1000		accuracy = 0.694100022315979
Training duration 11041.772352457047
