2021-08-22 20:47:03.337696: I tensorflow/stream_executor/platform/default/dso_loader.cc:49] Successfully opened dynamic library libcudart.so.11.0
2021-08-22 20:47:26.250601: I tensorflow/compiler/jit/xla_cpu_device.cc:41] Not creating XLA devices, tf_xla_enable_xla_devices not set
2021-08-22 20:47:26.256983: I tensorflow/stream_executor/platform/default/dso_loader.cc:49] Successfully opened dynamic library libcuda.so.1
2021-08-22 20:47:26.301253: I tensorflow/core/common_runtime/gpu/gpu_device.cc:1720] Found device 0 with properties: 
pciBusID: 0000:82:00.0 name: Tesla P100-PCIE-12GB computeCapability: 6.0
coreClock: 1.3285GHz coreCount: 56 deviceMemorySize: 11.91GiB deviceMemoryBandwidth: 511.41GiB/s
2021-08-22 20:47:26.301651: I tensorflow/stream_executor/platform/default/dso_loader.cc:49] Successfully opened dynamic library libcudart.so.11.0
2021-08-22 20:47:26.313719: I tensorflow/stream_executor/platform/default/dso_loader.cc:49] Successfully opened dynamic library libcublas.so.11
2021-08-22 20:47:26.313913: I tensorflow/stream_executor/platform/default/dso_loader.cc:49] Successfully opened dynamic library libcublasLt.so.11
2021-08-22 20:47:26.320000: I tensorflow/stream_executor/platform/default/dso_loader.cc:49] Successfully opened dynamic library libcufft.so.10
2021-08-22 20:47:26.322671: I tensorflow/stream_executor/platform/default/dso_loader.cc:49] Successfully opened dynamic library libcurand.so.10
2021-08-22 20:47:26.331524: I tensorflow/stream_executor/platform/default/dso_loader.cc:49] Successfully opened dynamic library libcusolver.so.10
2021-08-22 20:47:26.333845: I tensorflow/stream_executor/platform/default/dso_loader.cc:49] Successfully opened dynamic library libcusparse.so.11
2021-08-22 20:47:26.334744: I tensorflow/stream_executor/platform/default/dso_loader.cc:49] Successfully opened dynamic library libcudnn.so.8
2021-08-22 20:47:26.337650: I tensorflow/core/common_runtime/gpu/gpu_device.cc:1862] Adding visible gpu devices: 0
2021-08-22 20:47:26.341222: I tensorflow/core/platform/cpu_feature_guard.cc:142] This TensorFlow binary is optimized with oneAPI Deep Neural Network Library (oneDNN) to use the following CPU instructions in performance-critical operations:  AVX2 FMA
To enable them in other operations, rebuild TensorFlow with the appropriate compiler flags.
2021-08-22 20:47:26.341589: I tensorflow/compiler/jit/xla_gpu_device.cc:99] Not creating XLA devices, tf_xla_enable_xla_devices not set
2021-08-22 20:47:26.342999: I tensorflow/core/common_runtime/gpu/gpu_device.cc:1720] Found device 0 with properties: 
pciBusID: 0000:82:00.0 name: Tesla P100-PCIE-12GB computeCapability: 6.0
coreClock: 1.3285GHz coreCount: 56 deviceMemorySize: 11.91GiB deviceMemoryBandwidth: 511.41GiB/s
2021-08-22 20:47:26.343111: I tensorflow/stream_executor/platform/default/dso_loader.cc:49] Successfully opened dynamic library libcudart.so.11.0
2021-08-22 20:47:26.343236: I tensorflow/stream_executor/platform/default/dso_loader.cc:49] Successfully opened dynamic library libcublas.so.11
2021-08-22 20:47:26.343340: I tensorflow/stream_executor/platform/default/dso_loader.cc:49] Successfully opened dynamic library libcublasLt.so.11
2021-08-22 20:47:26.343447: I tensorflow/stream_executor/platform/default/dso_loader.cc:49] Successfully opened dynamic library libcufft.so.10
2021-08-22 20:47:26.343541: I tensorflow/stream_executor/platform/default/dso_loader.cc:49] Successfully opened dynamic library libcurand.so.10
2021-08-22 20:47:26.343638: I tensorflow/stream_executor/platform/default/dso_loader.cc:49] Successfully opened dynamic library libcusolver.so.10
2021-08-22 20:47:26.343703: I tensorflow/stream_executor/platform/default/dso_loader.cc:49] Successfully opened dynamic library libcusparse.so.11
2021-08-22 20:47:26.343776: I tensorflow/stream_executor/platform/default/dso_loader.cc:49] Successfully opened dynamic library libcudnn.so.8
2021-08-22 20:47:26.346048: I tensorflow/core/common_runtime/gpu/gpu_device.cc:1862] Adding visible gpu devices: 0
2021-08-22 20:47:26.346189: I tensorflow/stream_executor/platform/default/dso_loader.cc:49] Successfully opened dynamic library libcudart.so.11.0
2021-08-22 20:47:27.740290: I tensorflow/core/common_runtime/gpu/gpu_device.cc:1261] Device interconnect StreamExecutor with strength 1 edge matrix:
2021-08-22 20:47:27.740481: I tensorflow/core/common_runtime/gpu/gpu_device.cc:1267]      0 
2021-08-22 20:47:27.740590: I tensorflow/core/common_runtime/gpu/gpu_device.cc:1280] 0:   N 
2021-08-22 20:47:27.748249: I tensorflow/core/common_runtime/gpu/gpu_device.cc:1406] Created TensorFlow device (/job:localhost/replica:0/task:0/device:GPU:0 with 11119 MB memory) -> physical GPU (device: 0, name: Tesla P100-PCIE-12GB, pci bus id: 0000:82:00.0, compute capability: 6.0)
2021-08-22 20:47:39.560973: I tensorflow/compiler/mlir/mlir_graph_optimization_pass.cc:116] None of the MLIR optimization passes are enabled (registered 2)
2021-08-22 20:47:39.564977: I tensorflow/core/platform/profile_utils/cpu_utils.cc:112] CPU Frequency: 2200025000 Hz
2021-08-22 20:47:39.647382: I tensorflow/stream_executor/platform/default/dso_loader.cc:49] Successfully opened dynamic library libcublas.so.11
2021-08-22 20:47:40.055918: I tensorflow/stream_executor/platform/default/dso_loader.cc:49] Successfully opened dynamic library libcublasLt.so.11
2021-08-22 20:47:40.063051: I tensorflow/stream_executor/platform/default/dso_loader.cc:49] Successfully opened dynamic library libcudnn.so.8
2021-08-22 20:47:42.229777: W tensorflow/stream_executor/gpu/asm_compiler.cc:63] Running ptxas --version returned 256
2021-08-22 20:47:42.561948: W tensorflow/stream_executor/gpu/redzone_allocator.cc:314] Internal: ptxas exited with non-zero error code 256, output: 
Relying on driver to perform ptx compilation. 
Modify $PATH to customize ptxas location.
This message will be only logged once.
Training round: 1		accuracy = 0.5431883931159973
Training round: 2		accuracy = 0.604347825050354
Training round: 3		accuracy = 0.6342028975486755
Training round: 4		accuracy = 0.6501449346542358
Training round: 5		accuracy = 0.5788405537605286
Training round: 6		accuracy = 0.6721739172935486
Training round: 7		accuracy = 0.5904347896575928
Training round: 8		accuracy = 0.6507246494293213
Training round: 9		accuracy = 0.6573913097381592
Training round: 10		accuracy = 0.6547825932502747
Training round: 11		accuracy = 0.6655072569847107
Training round: 12		accuracy = 0.5408695936203003
Training round: 13		accuracy = 0.6823188662528992
Training round: 14		accuracy = 0.5814492702484131
Training round: 15		accuracy = 0.672753632068634
Training round: 16		accuracy = 0.6107246279716492
Training round: 17		accuracy = 0.676231861114502
Training round: 18		accuracy = 0.6800000071525574
Training round: 19		accuracy = 0.6214492917060852
Training round: 20		accuracy = 0.6875362396240234
Training round: 21		accuracy = 0.6263768076896667
Training round: 22		accuracy = 0.681449294090271
Training round: 23		accuracy = 0.690144956111908
Training round: 24		accuracy = 0.6918840408325195
Training round: 25		accuracy = 0.6078261137008667
Training round: 26		accuracy = 0.6828985214233398
Training round: 27		accuracy = 0.6501449346542358
Training round: 28		accuracy = 0.6405797004699707
Training round: 29		accuracy = 0.6915941834449768
Training round: 30		accuracy = 0.6411594152450562
Training round: 31		accuracy = 0.6571014523506165
Training round: 32		accuracy = 0.6884058117866516
Training round: 33		accuracy = 0.6576811671257019
Training round: 34		accuracy = 0.6556521654129028
Training round: 35		accuracy = 0.6962319016456604
Training round: 36		accuracy = 0.6973913311958313
Training round: 37		accuracy = 0.6582608819007874
Training round: 38		accuracy = 0.662028968334198
Training round: 39		accuracy = 0.6971014738082886
Training round: 40		accuracy = 0.662028968334198
Training round: 41		accuracy = 0.6973913311958313
Training round: 42		accuracy = 0.6713043451309204
Training round: 43		accuracy = 0.6744927763938904
Training round: 44		accuracy = 0.6994202733039856
Training round: 45		accuracy = 0.6800000071525574
Training round: 46		accuracy = 0.7005797028541565
Training round: 47		accuracy = 0.7002898454666138
Training round: 48		accuracy = 0.703188419342041
Training round: 49		accuracy = 0.703188419342041
Training round: 50		accuracy = 0.7014492750167847
Training round: 51		accuracy = 0.7028985619544983
Training round: 52		accuracy = 0.7072463631629944
Training round: 53		accuracy = 0.6715942025184631
Training round: 54		accuracy = 0.678260862827301
Training round: 55		accuracy = 0.7049275636672974
Training round: 56		accuracy = 0.6826087236404419
Training round: 57		accuracy = 0.7046377062797546
Training round: 58		accuracy = 0.7057970762252808
Training round: 59		accuracy = 0.6863768100738525
Training round: 60		accuracy = 0.7052174210548401
Training round: 61		accuracy = 0.6918840408325195
Training round: 62		accuracy = 0.694492757320404
Training round: 63		accuracy = 0.7072463631629944
Training round: 64		accuracy = 0.6962319016456604
Training round: 65		accuracy = 0.7063767910003662
Training round: 66		accuracy = 0.7060869336128235
Training round: 67		accuracy = 0.697970986366272
Training round: 68		accuracy = 0.7072463631629944
Training round: 69		accuracy = 0.7049275636672974
Training round: 70		accuracy = 0.6994202733039856
Training round: 71		accuracy = 0.7014492750167847
Training round: 72		accuracy = 0.699999988079071
Training round: 73		accuracy = 0.699999988079071
Training round: 74		accuracy = 0.708695650100708
Training round: 75		accuracy = 0.7023188471794128
Training round: 76		accuracy = 0.7043478488922119
Training round: 77		accuracy = 0.7081159353256226
Training round: 78		accuracy = 0.7040579915046692
Training round: 79		accuracy = 0.7043478488922119
Training round: 80		accuracy = 0.7028985619544983
Training round: 81		accuracy = 0.7072463631629944
Training round: 82		accuracy = 0.7052174210548401
Training round: 83		accuracy = 0.7057970762252808
Training round: 84		accuracy = 0.7052174210548401
Training round: 85		accuracy = 0.7052174210548401
Training round: 86		accuracy = 0.705507218837738
Training round: 87		accuracy = 0.7057970762252808
Training round: 88		accuracy = 0.7069565057754517
Training round: 89		accuracy = 0.7063767910003662
Training round: 90		accuracy = 0.705507218837738
Training round: 91		accuracy = 0.7066666483879089
Training round: 92		accuracy = 0.705507218837738
Training round: 93		accuracy = 0.7052174210548401
Training round: 94		accuracy = 0.7075362205505371
Training round: 95		accuracy = 0.7069565057754517
Training round: 96		accuracy = 0.7066666483879089
Training round: 97		accuracy = 0.7069565057754517
Training round: 98		accuracy = 0.7060869336128235
Training round: 99		accuracy = 0.7066666483879089
Training round: 100		accuracy = 0.7075362205505371
Training duration 5657.051872968674
