2021-08-11 05:51:04.266612: I tensorflow/stream_executor/platform/default/dso_loader.cc:49] Successfully opened dynamic library libcudart.so.11.0
2021-08-11 05:51:10.476182: I tensorflow/compiler/jit/xla_cpu_device.cc:41] Not creating XLA devices, tf_xla_enable_xla_devices not set
2021-08-11 05:51:10.481362: I tensorflow/stream_executor/platform/default/dso_loader.cc:49] Successfully opened dynamic library libcuda.so.1
2021-08-11 05:51:10.545293: I tensorflow/core/common_runtime/gpu/gpu_device.cc:1720] Found device 0 with properties: 
pciBusID: 0000:1d:00.0 name: Tesla V100-SXM2-16GB computeCapability: 7.0
coreClock: 1.53GHz coreCount: 80 deviceMemorySize: 15.78GiB deviceMemoryBandwidth: 836.37GiB/s
2021-08-11 05:51:10.545566: I tensorflow/stream_executor/platform/default/dso_loader.cc:49] Successfully opened dynamic library libcudart.so.11.0
2021-08-11 05:51:10.597048: I tensorflow/stream_executor/platform/default/dso_loader.cc:49] Successfully opened dynamic library libcublas.so.11
2021-08-11 05:51:10.597131: I tensorflow/stream_executor/platform/default/dso_loader.cc:49] Successfully opened dynamic library libcublasLt.so.11
2021-08-11 05:51:10.617838: I tensorflow/stream_executor/platform/default/dso_loader.cc:49] Successfully opened dynamic library libcufft.so.10
2021-08-11 05:51:10.633046: I tensorflow/stream_executor/platform/default/dso_loader.cc:49] Successfully opened dynamic library libcurand.so.10
2021-08-11 05:51:10.668378: I tensorflow/stream_executor/platform/default/dso_loader.cc:49] Successfully opened dynamic library libcusolver.so.10
2021-08-11 05:51:10.677834: I tensorflow/stream_executor/platform/default/dso_loader.cc:49] Successfully opened dynamic library libcusparse.so.11
2021-08-11 05:51:10.681306: I tensorflow/stream_executor/platform/default/dso_loader.cc:49] Successfully opened dynamic library libcudnn.so.8
2021-08-11 05:51:10.686815: I tensorflow/core/common_runtime/gpu/gpu_device.cc:1862] Adding visible gpu devices: 0
2021-08-11 05:51:10.690136: I tensorflow/core/platform/cpu_feature_guard.cc:142] This TensorFlow binary is optimized with oneAPI Deep Neural Network Library (oneDNN) to use the following CPU instructions in performance-critical operations:  AVX2 AVX512F FMA
To enable them in other operations, rebuild TensorFlow with the appropriate compiler flags.
2021-08-11 05:51:10.690436: I tensorflow/compiler/jit/xla_gpu_device.cc:99] Not creating XLA devices, tf_xla_enable_xla_devices not set
2021-08-11 05:51:10.692090: I tensorflow/core/common_runtime/gpu/gpu_device.cc:1720] Found device 0 with properties: 
pciBusID: 0000:1d:00.0 name: Tesla V100-SXM2-16GB computeCapability: 7.0
coreClock: 1.53GHz coreCount: 80 deviceMemorySize: 15.78GiB deviceMemoryBandwidth: 836.37GiB/s
2021-08-11 05:51:10.692121: I tensorflow/stream_executor/platform/default/dso_loader.cc:49] Successfully opened dynamic library libcudart.so.11.0
2021-08-11 05:51:10.692139: I tensorflow/stream_executor/platform/default/dso_loader.cc:49] Successfully opened dynamic library libcublas.so.11
2021-08-11 05:51:10.692153: I tensorflow/stream_executor/platform/default/dso_loader.cc:49] Successfully opened dynamic library libcublasLt.so.11
2021-08-11 05:51:10.692166: I tensorflow/stream_executor/platform/default/dso_loader.cc:49] Successfully opened dynamic library libcufft.so.10
2021-08-11 05:51:10.692180: I tensorflow/stream_executor/platform/default/dso_loader.cc:49] Successfully opened dynamic library libcurand.so.10
2021-08-11 05:51:10.692192: I tensorflow/stream_executor/platform/default/dso_loader.cc:49] Successfully opened dynamic library libcusolver.so.10
2021-08-11 05:51:10.692205: I tensorflow/stream_executor/platform/default/dso_loader.cc:49] Successfully opened dynamic library libcusparse.so.11
2021-08-11 05:51:10.692218: I tensorflow/stream_executor/platform/default/dso_loader.cc:49] Successfully opened dynamic library libcudnn.so.8
2021-08-11 05:51:10.695192: I tensorflow/core/common_runtime/gpu/gpu_device.cc:1862] Adding visible gpu devices: 0
2021-08-11 05:51:10.695656: I tensorflow/stream_executor/platform/default/dso_loader.cc:49] Successfully opened dynamic library libcudart.so.11.0
2021-08-11 05:51:11.639079: I tensorflow/core/common_runtime/gpu/gpu_device.cc:1261] Device interconnect StreamExecutor with strength 1 edge matrix:
2021-08-11 05:51:11.639123: I tensorflow/core/common_runtime/gpu/gpu_device.cc:1267]      0 
2021-08-11 05:51:11.639136: I tensorflow/core/common_runtime/gpu/gpu_device.cc:1280] 0:   N 
2021-08-11 05:51:11.641615: I tensorflow/core/common_runtime/gpu/gpu_device.cc:1406] Created TensorFlow device (/job:localhost/replica:0/task:0/device:GPU:0 with 14761 MB memory) -> physical GPU (device: 0, name: Tesla V100-SXM2-16GB, pci bus id: 0000:1d:00.0, compute capability: 7.0)
2021-08-11 05:51:12.257341: I tensorflow/compiler/mlir/mlir_graph_optimization_pass.cc:116] None of the MLIR optimization passes are enabled (registered 2)
2021-08-11 05:51:12.258769: I tensorflow/core/platform/profile_utils/cpu_utils.cc:112] CPU Frequency: 2400000000 Hz
2021-08-11 05:51:12.728074: I tensorflow/stream_executor/platform/default/dso_loader.cc:49] Successfully opened dynamic library libcublas.so.11
2021-08-11 05:51:13.607261: I tensorflow/stream_executor/platform/default/dso_loader.cc:49] Successfully opened dynamic library libcublasLt.so.11
2021-08-11 05:51:13.638251: I tensorflow/stream_executor/platform/default/dso_loader.cc:49] Successfully opened dynamic library libcudnn.so.8
2021-08-11 05:51:17.909927: W tensorflow/stream_executor/gpu/asm_compiler.cc:63] Running ptxas --version returned 256
2021-08-11 05:51:17.961588: W tensorflow/stream_executor/gpu/redzone_allocator.cc:314] Internal: ptxas exited with non-zero error code 256, output: 
Relying on driver to perform ptx compilation. 
Modify $PATH to customize ptxas location.
This message will be only logged once.
Training round: 1		accuracy = 0.10000000149011612
Training round: 2		accuracy = 0.10010000318288803
Training round: 3		accuracy = 0.10000000149011612
Training round: 4		accuracy = 0.10000000149011612
Training round: 5		accuracy = 0.11640000343322754
Training round: 6		accuracy = 0.12280000001192093
Training round: 7		accuracy = 0.10000000149011612
Training round: 8		accuracy = 0.10000000149011612
Training round: 9		accuracy = 0.10000000149011612
Training round: 10		accuracy = 0.1137000024318695
Training round: 11		accuracy = 0.13519999384880066
Training round: 12		accuracy = 0.10999999940395355
Training round: 13		accuracy = 0.1005999967455864
Training round: 14		accuracy = 0.11729999631643295
Training round: 15		accuracy = 0.10000000149011612
Training round: 16		accuracy = 0.10000000149011612
Training round: 17		accuracy = 0.10000000149011612
Training round: 18		accuracy = 0.10000000149011612
Training round: 19		accuracy = 0.10000000149011612
Training round: 20		accuracy = 0.10000000149011612
Training round: 21		accuracy = 0.09989999979734421
Training round: 22		accuracy = 0.11069999635219574
Training round: 23		accuracy = 0.10000000149011612
Training round: 24		accuracy = 0.10540000349283218
Training round: 25		accuracy = 0.11029999703168869
Training round: 26		accuracy = 0.10189999639987946
Training round: 27		accuracy = 0.11599999666213989
Training round: 28		accuracy = 0.1453000009059906
Training round: 29		accuracy = 0.10019999742507935
Training round: 30		accuracy = 0.09989999979734421
Training round: 31		accuracy = 0.16089999675750732
Training round: 32		accuracy = 0.10369999706745148
Training round: 33		accuracy = 0.10199999809265137
Training round: 34		accuracy = 0.10010000318288803
Training round: 35		accuracy = 0.11509999632835388
Training round: 36		accuracy = 0.10610000044107437
Training round: 37		accuracy = 0.10360000282526016
Training round: 38		accuracy = 0.12030000239610672
Training round: 39		accuracy = 0.10930000245571136
Training round: 40		accuracy = 0.14720000326633453
Training round: 41		accuracy = 0.13989999890327454
Training round: 42		accuracy = 0.1185000017285347
Training round: 43		accuracy = 0.12999999523162842
Training round: 44		accuracy = 0.15410000085830688
Training round: 45		accuracy = 0.10019999742507935
Training round: 46		accuracy = 0.1080000028014183
Training round: 47		accuracy = 0.15569999814033508
Training round: 48		accuracy = 0.10639999806880951
Training round: 49		accuracy = 0.1264999955892563
Training round: 50		accuracy = 0.18310000002384186
Training round: 51		accuracy = 0.14499999582767487
Training round: 52		accuracy = 0.10000000149011612
Training round: 53		accuracy = 0.16130000352859497
Training round: 54		accuracy = 0.10000000149011612
Training round: 55		accuracy = 0.15559999644756317
Training round: 56		accuracy = 0.1687999963760376
Training round: 57		accuracy = 0.10220000147819519
Training round: 58		accuracy = 0.10029999911785126
Training round: 59		accuracy = 0.15139999985694885
Training round: 60		accuracy = 0.1891999989748001
Training round: 61		accuracy = 0.15940000116825104
Training round: 62		accuracy = 0.16140000522136688
Training round: 63		accuracy = 0.18310000002384186
Training round: 64		accuracy = 0.19050000607967377
Training round: 65		accuracy = 0.1298999935388565
Training round: 66		accuracy = 0.14429999887943268
Training round: 67		accuracy = 0.10740000009536743
Training round: 68		accuracy = 0.1265999972820282
Training round: 69		accuracy = 0.210999995470047
Training round: 70		accuracy = 0.17790000140666962
Training round: 71		accuracy = 0.17749999463558197
Training round: 72		accuracy = 0.20110000669956207
Training round: 73		accuracy = 0.1899999976158142
Training round: 74		accuracy = 0.21739999949932098
Training round: 75		accuracy = 0.21330000460147858
Training round: 76		accuracy = 0.17229999601840973
Training round: 77		accuracy = 0.15520000457763672
Training round: 78		accuracy = 0.10010000318288803
Training round: 79		accuracy = 0.15369999408721924
Training round: 80		accuracy = 0.10010000318288803
Training round: 81		accuracy = 0.1745000034570694
Training round: 82		accuracy = 0.10050000250339508
Training round: 83		accuracy = 0.2093999981880188
Training round: 84		accuracy = 0.20589999854564667
Training round: 85		accuracy = 0.17739999294281006
Training round: 86		accuracy = 0.11500000208616257
Training round: 87		accuracy = 0.10750000178813934
Training round: 88		accuracy = 0.18310000002384186
Training round: 89		accuracy = 0.21119999885559082
Training round: 90		accuracy = 0.10209999978542328
Training round: 91		accuracy = 0.20020000636577606
Training round: 92		accuracy = 0.2526000142097473
Training round: 93		accuracy = 0.2215999960899353
Training round: 94		accuracy = 0.18639999628067017
Training round: 95		accuracy = 0.1931000053882599
Training round: 96		accuracy = 0.21400000154972076
Training round: 97		accuracy = 0.1891999989748001
Training round: 98		accuracy = 0.2207999974489212
Training round: 99		accuracy = 0.17489999532699585
Training round: 100		accuracy = 0.2062000036239624
Training round: 101		accuracy = 0.17870000004768372
Training round: 102		accuracy = 0.23409999907016754
Training round: 103		accuracy = 0.17239999771118164
Training round: 104		accuracy = 0.14270000159740448
Training round: 105		accuracy = 0.23330000042915344
Training round: 106		accuracy = 0.21529999375343323
Training round: 107		accuracy = 0.1729000061750412
Training round: 108		accuracy = 0.23019999265670776
Training round: 109		accuracy = 0.20579999685287476
Training round: 110		accuracy = 0.19930000603199005
Training round: 111		accuracy = 0.26330000162124634
Training round: 112		accuracy = 0.21040000021457672
Training round: 113		accuracy = 0.10000000149011612
Training round: 114		accuracy = 0.10000000149011612
Training round: 115		accuracy = 0.10000000149011612
Training round: 116		accuracy = 0.2248000055551529
Training round: 117		accuracy = 0.257999986410141
Training round: 118		accuracy = 0.2442999929189682
Training round: 119		accuracy = 0.22050000727176666
Training round: 120		accuracy = 0.21619999408721924
Training round: 121		accuracy = 0.21879999339580536
Training round: 122		accuracy = 0.10000000149011612
Training round: 123		accuracy = 0.2621000111103058
Training round: 124		accuracy = 0.21770000457763672
Training round: 125		accuracy = 0.23720000684261322
Training round: 126		accuracy = 0.14630000293254852
Training round: 127		accuracy = 0.2653000056743622
Training round: 128		accuracy = 0.2782000005245209
Training round: 129		accuracy = 0.23589999973773956
Training round: 130		accuracy = 0.25270000100135803
Training round: 131		accuracy = 0.23019999265670776
Training round: 132		accuracy = 0.19930000603199005
Training round: 133		accuracy = 0.23999999463558197
Training round: 134		accuracy = 0.24289999902248383
Training round: 135		accuracy = 0.23669999837875366
Training round: 136		accuracy = 0.24009999632835388
Training round: 137		accuracy = 0.21809999644756317
Training round: 138		accuracy = 0.23909999430179596
Training round: 139		accuracy = 0.24779999256134033
Training round: 140		accuracy = 0.2766999900341034
Training round: 141		accuracy = 0.2662999927997589
Training round: 142		accuracy = 0.25369998812675476
Training round: 143		accuracy = 0.2549000084400177
Training round: 144		accuracy = 0.2685000002384186
Training round: 145		accuracy = 0.10130000114440918
Training round: 146		accuracy = 0.2549999952316284
Training round: 147		accuracy = 0.2913999855518341
Training round: 148		accuracy = 0.1987999975681305
Training round: 149		accuracy = 0.2281000018119812
Training round: 150		accuracy = 0.24500000476837158
Training round: 151		accuracy = 0.22010000050067902
Training round: 152		accuracy = 0.22349999845027924
Training round: 153		accuracy = 0.1023000031709671
Training round: 154		accuracy = 0.23520000278949738
Training round: 155		accuracy = 0.27790001034736633
Training round: 156		accuracy = 0.24660000205039978
Training round: 157		accuracy = 0.30000001192092896
Training round: 158		accuracy = 0.26019999384880066
Training round: 159		accuracy = 0.2599000036716461
Training round: 160		accuracy = 0.26489999890327454
Training round: 161		accuracy = 0.19990000128746033
Training round: 162		accuracy = 0.26429998874664307
Training round: 163		accuracy = 0.2572999894618988
Training round: 164		accuracy = 0.2793000042438507
Training round: 165		accuracy = 0.2847999930381775
Training round: 166		accuracy = 0.26269999146461487
Training round: 167		accuracy = 0.2240000069141388
Training round: 168		accuracy = 0.22660000622272491
Training round: 169		accuracy = 0.2955000102519989
Training round: 170		accuracy = 0.10300000011920929
Training round: 171		accuracy = 0.24860000610351562
Training round: 172		accuracy = 0.24330000579357147
Training round: 173		accuracy = 0.24079999327659607
Training round: 174		accuracy = 0.23649999499320984
Training round: 175		accuracy = 0.2387000024318695
Training round: 176		accuracy = 0.2612000107765198
Training round: 177		accuracy = 0.10270000249147415
Training round: 178		accuracy = 0.1890999972820282
Training round: 179		accuracy = 0.26089999079704285
Training round: 180		accuracy = 0.25679999589920044
Training round: 181		accuracy = 0.2696000039577484
Training round: 182		accuracy = 0.26089999079704285
Training round: 183		accuracy = 0.2387000024318695
Training round: 184		accuracy = 0.2459000051021576
Training round: 185		accuracy = 0.22130000591278076
Training round: 186		accuracy = 0.2345999926328659
Training round: 187		accuracy = 0.2410999983549118
Training round: 188		accuracy = 0.2750999927520752
Training round: 189		accuracy = 0.1031000018119812
Training round: 190		accuracy = 0.2874000072479248
Training round: 191		accuracy = 0.2750000059604645
Training round: 192		accuracy = 0.10140000283718109
Training round: 193		accuracy = 0.28519999980926514
Training round: 194		accuracy = 0.28760001063346863
Training round: 195		accuracy = 0.2574000060558319
Training round: 196		accuracy = 0.31139999628067017
Training round: 197		accuracy = 0.24899999797344208
Training round: 198		accuracy = 0.29580000042915344
Training round: 199		accuracy = 0.2743000090122223
Training round: 200		accuracy = 0.262800008058548
Training round: 201		accuracy = 0.25760000944137573
Training round: 202		accuracy = 0.27630001306533813
Training round: 203		accuracy = 0.25540000200271606
Training round: 204		accuracy = 0.24560000002384186
Training round: 205		accuracy = 0.2639999985694885
Training round: 206		accuracy = 0.296099990606308
Training round: 207		accuracy = 0.29679998755455017
Training round: 208		accuracy = 0.21369999647140503
Training round: 209		accuracy = 0.24869999289512634
Training round: 210		accuracy = 0.26660001277923584
Training round: 211		accuracy = 0.10580000281333923
Training round: 212		accuracy = 0.18950000405311584
Training round: 213		accuracy = 0.10570000112056732
Training round: 214		accuracy = 0.2962999939918518
Training round: 215		accuracy = 0.27140000462532043
Training round: 216		accuracy = 0.11060000211000443
Training round: 217		accuracy = 0.27000001072883606
Training round: 218		accuracy = 0.32030001282691956
Training round: 219		accuracy = 0.2802000045776367
Training round: 220		accuracy = 0.29249998927116394
Training round: 221		accuracy = 0.27480000257492065
Training round: 222		accuracy = 0.29330000281333923
Training round: 223		accuracy = 0.2888000011444092
Training round: 224		accuracy = 0.27239999175071716
Training round: 225		accuracy = 0.299699991941452
Training round: 226		accuracy = 0.2802000045776367
Training round: 227		accuracy = 0.2994999885559082
Training round: 228		accuracy = 0.3183000087738037
Training round: 229		accuracy = 0.31299999356269836
Training round: 230		accuracy = 0.3125
Training round: 231		accuracy = 0.2700999975204468
Training round: 232		accuracy = 0.33709999918937683
Training round: 233		accuracy = 0.3125999867916107
Training round: 234		accuracy = 0.10239999741315842
Training round: 235		accuracy = 0.10019999742507935
Training round: 236		accuracy = 0.10019999742507935
Training round: 237		accuracy = 0.31610000133514404
Training round: 238		accuracy = 0.3149000108242035
Training round: 239		accuracy = 0.31529998779296875
Training round: 240		accuracy = 0.2754000127315521
Training round: 241		accuracy = 0.3183000087738037
Training round: 242		accuracy = 0.335099995136261
Training round: 243		accuracy = 0.3391000032424927
Training round: 244		accuracy = 0.24729999899864197
Training round: 245		accuracy = 0.2791000008583069
Training round: 246		accuracy = 0.288100004196167
Training round: 247		accuracy = 0.2831000089645386
Training round: 248		accuracy = 0.2791999876499176
Training round: 249		accuracy = 0.31060001254081726
Training round: 250		accuracy = 0.3328000009059906
Training round: 251		accuracy = 0.32260000705718994
Training round: 252		accuracy = 0.2838999927043915
Training round: 253		accuracy = 0.2727000117301941
Training round: 254		accuracy = 0.3089999854564667
Training round: 255		accuracy = 0.334199994802475
Training round: 256		accuracy = 0.3109000027179718
Training round: 257		accuracy = 0.3183000087738037
Training round: 258		accuracy = 0.3174999952316284
Training round: 259		accuracy = 0.3605000078678131
Training round: 260		accuracy = 0.3294999897480011
Training round: 261		accuracy = 0.334199994802475
Training round: 262		accuracy = 0.311599999666214
Training round: 263		accuracy = 0.31850001215934753
Training round: 264		accuracy = 0.2605000138282776
Training round: 265		accuracy = 0.33379998803138733
Training round: 266		accuracy = 0.3402999937534332
Training round: 267		accuracy = 0.32510000467300415
Training round: 268		accuracy = 0.3434999883174896
Training round: 269		accuracy = 0.35350000858306885
Training round: 270		accuracy = 0.33500000834465027
Training round: 271		accuracy = 0.10209999978542328
Training round: 272		accuracy = 0.28139999508857727
Training round: 273		accuracy = 0.27140000462532043
Training round: 274		accuracy = 0.3212999999523163
Training round: 275		accuracy = 0.3303999900817871
Training round: 276		accuracy = 0.33970001339912415
Training round: 277		accuracy = 0.3553999960422516
Training round: 278		accuracy = 0.33820000290870667
Training round: 279		accuracy = 0.27720001339912415
Training round: 280		accuracy = 0.32440000772476196
Training round: 281		accuracy = 0.31790000200271606
Training round: 282		accuracy = 0.3149999976158142
Training round: 283		accuracy = 0.29030001163482666
Training round: 284		accuracy = 0.34389999508857727
Training round: 285		accuracy = 0.32190001010894775
Training round: 286		accuracy = 0.3538999855518341
Training round: 287		accuracy = 0.2935999929904938
Training round: 288		accuracy = 0.2766000032424927
Training round: 289		accuracy = 0.11599999666213989
Training round: 290		accuracy = 0.3330000042915344
Training round: 291		accuracy = 0.11129999905824661
Training round: 292		accuracy = 0.32260000705718994
Training round: 293		accuracy = 0.29809999465942383
Training round: 294		accuracy = 0.31610000133514404
Training round: 295		accuracy = 0.3361000120639801
Training round: 296		accuracy = 0.3343999981880188
Training round: 297		accuracy = 0.28439998626708984
Training round: 298		accuracy = 0.32499998807907104
Training round: 299		accuracy = 0.3528999984264374
Training round: 300		accuracy = 0.36169999837875366
Training round: 301		accuracy = 0.3443000018596649
Training round: 302		accuracy = 0.36340001225471497
Training round: 303		accuracy = 0.3750999867916107
Training round: 304		accuracy = 0.26510000228881836
Training round: 305		accuracy = 0.3237000107765198
Training round: 306		accuracy = 0.3231000006198883
Training round: 307		accuracy = 0.3041999936103821
Training round: 308		accuracy = 0.3321000039577484
Training round: 309		accuracy = 0.3255999982357025
Training round: 310		accuracy = 0.3869999945163727
Training round: 311		accuracy = 0.3310999870300293
Training round: 312		accuracy = 0.3668000102043152
Training round: 313		accuracy = 0.3269999921321869
Training round: 314		accuracy = 0.2962999939918518
Training round: 315		accuracy = 0.33889999985694885
Training round: 316		accuracy = 0.2996000051498413
Training round: 317		accuracy = 0.3273000121116638
Training round: 318		accuracy = 0.2842999994754791
Training round: 319		accuracy = 0.2775000035762787
Training round: 320		accuracy = 0.3741999864578247
Training round: 321		accuracy = 0.3736000061035156
Training round: 322		accuracy = 0.33570000529289246
Training round: 323		accuracy = 0.3970000147819519
Training round: 324		accuracy = 0.3521000146865845
Training round: 325		accuracy = 0.3278000056743622
Training round: 326		accuracy = 0.38350000977516174
Training round: 327		accuracy = 0.3472999930381775
Training round: 328		accuracy = 0.2915000021457672
Training round: 329		accuracy = 0.37299999594688416
Training round: 330		accuracy = 0.29030001163482666
Training round: 331		accuracy = 0.35199999809265137
Training round: 332		accuracy = 0.3456999957561493
Training round: 333		accuracy = 0.35030001401901245
Training round: 334		accuracy = 0.3052000105381012
Training round: 335		accuracy = 0.350600004196167
Training round: 336		accuracy = 0.29750001430511475
Training round: 337		accuracy = 0.366100013256073
Training round: 338		accuracy = 0.35499998927116394
Training round: 339		accuracy = 0.39239999651908875
Training round: 340		accuracy = 0.37229999899864197
Training round: 341		accuracy = 0.36010000109672546
Training round: 342		accuracy = 0.3799999952316284
Training round: 343		accuracy = 0.31610000133514404
Training round: 344		accuracy = 0.40639999508857727
Training round: 345		accuracy = 0.41110000014305115
Training round: 346		accuracy = 0.3804999887943268
Training round: 347		accuracy = 0.34950000047683716
Training round: 348		accuracy = 0.31349998712539673
Training round: 349		accuracy = 0.3440999984741211
Training round: 350		accuracy = 0.3264999985694885
Training round: 351		accuracy = 0.39399999380111694
Training round: 352		accuracy = 0.3889000117778778
Training round: 353		accuracy = 0.3668999969959259
Training round: 354		accuracy = 0.39989998936653137
Training round: 355		accuracy = 0.36730000376701355
Training round: 356		accuracy = 0.33180001378059387
Training round: 357		accuracy = 0.39660000801086426
Training round: 358		accuracy = 0.3407999873161316
Training round: 359		accuracy = 0.3734999895095825
Training round: 360		accuracy = 0.3179999887943268
Training round: 361		accuracy = 0.3077999949455261
Training round: 362		accuracy = 0.3393999934196472
Training round: 363		accuracy = 0.3384999930858612
Training round: 364		accuracy = 0.35409998893737793
Training round: 365		accuracy = 0.11959999799728394
Training round: 366		accuracy = 0.35260000824928284
Training round: 367		accuracy = 0.3203999996185303
Training round: 368		accuracy = 0.33809998631477356
Training round: 369		accuracy = 0.38179999589920044
Training round: 370		accuracy = 0.35019999742507935
Training round: 371		accuracy = 0.390500009059906
Training round: 372		accuracy = 0.3395000100135803
Training round: 373		accuracy = 0.3749000132083893
Training round: 374		accuracy = 0.3977999985218048
Training round: 375		accuracy = 0.3986000120639801
Training round: 376		accuracy = 0.36390000581741333
Training round: 377		accuracy = 0.3828999996185303
Training round: 378		accuracy = 0.3571999967098236
Training round: 379		accuracy = 0.3797999918460846
Training round: 380		accuracy = 0.3817000091075897
Training round: 381		accuracy = 0.40369999408721924
Training round: 382		accuracy = 0.3711000084877014
Training round: 383		accuracy = 0.3513000011444092
Training round: 384		accuracy = 0.3537999987602234
Training round: 385		accuracy = 0.3646000027656555
Training round: 386		accuracy = 0.3700999915599823
Training round: 387		accuracy = 0.30889999866485596
Training round: 388		accuracy = 0.3522999882698059
Training round: 389		accuracy = 0.4023999869823456
Training round: 390		accuracy = 0.3896999955177307
Training round: 391		accuracy = 0.38199999928474426
Training round: 392		accuracy = 0.4490000009536743
Training round: 393		accuracy = 0.3962000012397766
Training round: 394		accuracy = 0.1242000013589859
Training round: 395		accuracy = 0.11599999666213989
Training round: 396		accuracy = 0.2879999876022339
Training round: 397		accuracy = 0.3531000018119812
Training round: 398		accuracy = 0.3555000126361847
Training round: 399		accuracy = 0.4404999911785126
Training round: 400		accuracy = 0.4058000147342682
Training round: 401		accuracy = 0.4120999872684479
Training round: 402		accuracy = 0.31299999356269836
Training round: 403		accuracy = 0.3619999885559082
Training round: 404		accuracy = 0.376800000667572
Training round: 405		accuracy = 0.3580999970436096
Training round: 406		accuracy = 0.3434000015258789
Training round: 407		accuracy = 0.4113999903202057
Training round: 408		accuracy = 0.4023999869823456
Training round: 409		accuracy = 0.3959999978542328
Training round: 410		accuracy = 0.3555000126361847
Training round: 411		accuracy = 0.32350000739097595
Training round: 412		accuracy = 0.4307999908924103
Training round: 413		accuracy = 0.33739998936653137
Training round: 414		accuracy = 0.398499995470047
Training round: 415		accuracy = 0.32589998841285706
Training round: 416		accuracy = 0.3946000039577484
Training round: 417		accuracy = 0.32659998536109924
Training round: 418		accuracy = 0.3935999870300293
Training round: 419		accuracy = 0.3499000072479248
Training round: 420		accuracy = 0.3522000014781952
Training round: 421		accuracy = 0.3513999879360199
Training round: 422		accuracy = 0.4032999873161316
Training round: 423		accuracy = 0.13040000200271606
Training round: 424		accuracy = 0.42419999837875366
Training round: 425		accuracy = 0.39809998869895935
Training round: 426		accuracy = 0.4293000102043152
Training round: 427		accuracy = 0.15399999916553497
Training round: 428		accuracy = 0.38659998774528503
Training round: 429		accuracy = 0.42160001397132874
Training round: 430		accuracy = 0.4334999918937683
Training round: 431		accuracy = 0.40790000557899475
Training round: 432		accuracy = 0.39430001378059387
Training round: 433		accuracy = 0.44859999418258667
Training round: 434		accuracy = 0.4277999997138977
Training round: 435		accuracy = 0.14480000734329224
Training round: 436		accuracy = 0.335999995470047
Training round: 437		accuracy = 0.40459999442100525
Training round: 438		accuracy = 0.3878999948501587
Training round: 439		accuracy = 0.36559998989105225
Training round: 440		accuracy = 0.36309999227523804
Training round: 441		accuracy = 0.4426000118255615
Training round: 442		accuracy = 0.4334000051021576
Training round: 443		accuracy = 0.43459999561309814
Training round: 444		accuracy = 0.3537999987602234
Training round: 445		accuracy = 0.4368000030517578
Training round: 446		accuracy = 0.3831000030040741
Training round: 447		accuracy = 0.4244999885559082
Training round: 448		accuracy = 0.37130001187324524
Training round: 449		accuracy = 0.3912999927997589
Training round: 450		accuracy = 0.37720000743865967
Training round: 451		accuracy = 0.11330000311136246
Training round: 452		accuracy = 0.39070001244544983
Training round: 453		accuracy = 0.36309999227523804
Training round: 454		accuracy = 0.38940000534057617
Training round: 455		accuracy = 0.39750000834465027
Training round: 456		accuracy = 0.39399999380111694
Training round: 457		accuracy = 0.4212000072002411
Training round: 458		accuracy = 0.41339999437332153
Training round: 459		accuracy = 0.4023999869823456
Training round: 460		accuracy = 0.4171000123023987
Training round: 461		accuracy = 0.3840000033378601
Training round: 462		accuracy = 0.3686999976634979
Training round: 463		accuracy = 0.44769999384880066
Training round: 464		accuracy = 0.3677000105381012
Training round: 465		accuracy = 0.38830000162124634
Training round: 466		accuracy = 0.4180999994277954
Training round: 467		accuracy = 0.4050999879837036
Training round: 468		accuracy = 0.39750000834465027
Training round: 469		accuracy = 0.42010000348091125
Training round: 470		accuracy = 0.3822000026702881
Training round: 471		accuracy = 0.40230000019073486
Training round: 472		accuracy = 0.4180000126361847
Training round: 473		accuracy = 0.336899995803833
Training round: 474		accuracy = 0.3774999976158142
Training round: 475		accuracy = 0.4187000095844269
Training round: 476		accuracy = 0.397599995136261
Training round: 477		accuracy = 0.15880000591278076
Training round: 478		accuracy = 0.41670000553131104
Training round: 479		accuracy = 0.4602999985218048
Training round: 480		accuracy = 0.397599995136261
Training round: 481		accuracy = 0.42559999227523804
Training round: 482		accuracy = 0.38760000467300415
Training round: 483		accuracy = 0.36090001463890076
Training round: 484		accuracy = 0.33079999685287476
Training round: 485		accuracy = 0.39649999141693115
Training round: 486		accuracy = 0.38440001010894775
Training round: 487		accuracy = 0.39309999346733093
Training round: 488		accuracy = 0.3727000057697296
Training round: 489		accuracy = 0.3921000063419342
Training round: 490		accuracy = 0.42879998683929443
Training round: 491		accuracy = 0.3659000098705292
Training round: 492		accuracy = 0.3700000047683716
Training round: 493		accuracy = 0.4140999913215637
Training round: 494		accuracy = 0.4359000027179718
Training round: 495		accuracy = 0.37929999828338623
Training round: 496		accuracy = 0.3425999879837036
Training round: 497		accuracy = 0.14239999651908875
Training round: 498		accuracy = 0.3831000030040741
Training round: 499		accuracy = 0.37310001254081726
Training round: 500		accuracy = 0.3882000148296356
Training round: 501		accuracy = 0.44020000100135803
Training round: 502		accuracy = 0.4544000029563904
Training round: 503		accuracy = 0.4537999927997589
Training round: 504		accuracy = 0.4156999886035919
Training round: 505		accuracy = 0.38190001249313354
Training round: 506		accuracy = 0.3840000033378601
Training round: 507		accuracy = 0.42100000381469727
Training round: 508		accuracy = 0.40619999170303345
Training round: 509		accuracy = 0.4120999872684479
Training round: 510		accuracy = 0.4068000018596649
Training round: 511		accuracy = 0.3361999988555908
Training round: 512		accuracy = 0.45840001106262207
Training round: 513		accuracy = 0.35929998755455017
Training round: 514		accuracy = 0.42800000309944153
Training round: 515		accuracy = 0.3939000070095062
Training round: 516		accuracy = 0.3970000147819519
Training round: 517		accuracy = 0.3950999975204468
Training round: 518		accuracy = 0.376800000667572
Training round: 519		accuracy = 0.39959999918937683
Training round: 520		accuracy = 0.38429999351501465
Training round: 521		accuracy = 0.3357999920845032
Training round: 522		accuracy = 0.14030000567436218
Training round: 523		accuracy = 0.3619000017642975
Training round: 524		accuracy = 0.4027000069618225
Training round: 525		accuracy = 0.367000013589859
Training round: 526		accuracy = 0.41780000925064087
Training round: 527		accuracy = 0.14339999854564667
Training round: 528		accuracy = 0.38370001316070557
Training round: 529		accuracy = 0.3709000051021576
Training round: 530		accuracy = 0.33180001378059387
Training round: 531		accuracy = 0.15610000491142273
Training round: 532		accuracy = 0.39340001344680786
Training round: 533		accuracy = 0.3698999881744385
Training round: 534		accuracy = 0.3346000015735626
Training round: 535		accuracy = 0.3873000144958496
Training round: 536		accuracy = 0.43230000138282776
Training round: 537		accuracy = 0.4246000051498413
Training round: 538		accuracy = 0.37459999322891235
Training round: 539		accuracy = 0.33980000019073486
Training round: 540		accuracy = 0.15950000286102295
Training round: 541		accuracy = 0.44859999418258667
Training round: 542		accuracy = 0.447299987077713
Training round: 543		accuracy = 0.398499995470047
Training round: 544		accuracy = 0.3917999863624573
Training round: 545		accuracy = 0.47350001335144043
Training round: 546		accuracy = 0.3919999897480011
Training round: 547		accuracy = 0.4577000141143799
Training round: 548		accuracy = 0.3804999887943268
Training round: 549		accuracy = 0.38960000872612
Training round: 550		accuracy = 0.38760000467300415
Training round: 551		accuracy = 0.4092999994754791
Training round: 552		accuracy = 0.40720000863075256
Training round: 553		accuracy = 0.39750000834465027
Training round: 554		accuracy = 0.3792000114917755
Training round: 555		accuracy = 0.384799987077713
Training round: 556		accuracy = 0.4296000003814697
Training round: 557		accuracy = 0.43709999322891235
Training round: 558		accuracy = 0.421999990940094
Training round: 559		accuracy = 0.4180000126361847
Training round: 560		accuracy = 0.4115999937057495
Training round: 561		accuracy = 0.41839998960494995
Training round: 562		accuracy = 0.4097000062465668
Training round: 563		accuracy = 0.4350999891757965
Training round: 564		accuracy = 0.390500009059906
Training round: 565		accuracy = 0.4359999895095825
Training round: 566		accuracy = 0.4253999888896942
Training round: 567		accuracy = 0.40310001373291016
Training round: 568		accuracy = 0.4616999924182892
Training round: 569		accuracy = 0.42719998955726624
Training round: 570		accuracy = 0.44830000400543213
Training round: 571		accuracy = 0.3479999899864197
Training round: 572		accuracy = 0.4302999973297119
Training round: 573		accuracy = 0.4025999903678894
Training round: 574		accuracy = 0.1737000048160553
Training round: 575		accuracy = 0.44200000166893005
Training round: 576		accuracy = 0.41350001096725464
Training round: 577		accuracy = 0.4156999886035919
Training round: 578		accuracy = 0.39959999918937683
Training round: 579		accuracy = 0.45890000462532043
Training round: 580		accuracy = 0.41839998960494995
Training round: 581		accuracy = 0.4124000072479248
Training round: 582		accuracy = 0.349700003862381
Training round: 583		accuracy = 0.41119998693466187
Training round: 584		accuracy = 0.33079999685287476
Training round: 585		accuracy = 0.3273000121116638
Training round: 586		accuracy = 0.43470001220703125
Training round: 587		accuracy = 0.4681999981403351
Training round: 588		accuracy = 0.4004000127315521
Training round: 589		accuracy = 0.42320001125335693
Training round: 590		accuracy = 0.4000999927520752
Training round: 591		accuracy = 0.4050000011920929
Training round: 592		accuracy = 0.3296999931335449
Training round: 593		accuracy = 0.4059000015258789
Training round: 594		accuracy = 0.41690000891685486
Training round: 595		accuracy = 0.41040000319480896
Training round: 596		accuracy = 0.1559000015258789
Training round: 597		accuracy = 0.38499999046325684
Training round: 598		accuracy = 0.41929998993873596
Training round: 599		accuracy = 0.4180000126361847
Training round: 600		accuracy = 0.3817000091075897
Training round: 601		accuracy = 0.3736000061035156
Training round: 602		accuracy = 0.38769999146461487
Training round: 603		accuracy = 0.4307999908924103
Training round: 604		accuracy = 0.1996999979019165
Training round: 605		accuracy = 0.427700012922287
Training round: 606		accuracy = 0.4223000109195709
Training round: 607		accuracy = 0.4228000044822693
Training round: 608		accuracy = 0.4327999949455261
Training round: 609		accuracy = 0.40860000252723694
Training round: 610		accuracy = 0.44440001249313354
Training round: 611		accuracy = 0.43459999561309814
Training round: 612		accuracy = 0.38960000872612
Training round: 613		accuracy = 0.42309999465942383
Training round: 614		accuracy = 0.3603000044822693
Training round: 615		accuracy = 0.4196000099182129
Training round: 616		accuracy = 0.3935000002384186
Training round: 617		accuracy = 0.4643000066280365
Training round: 618		accuracy = 0.37630000710487366
Training round: 619		accuracy = 0.4433000087738037
Training round: 620		accuracy = 0.42800000309944153
Training round: 621		accuracy = 0.44110000133514404
Training round: 622		accuracy = 0.48089998960494995
Training round: 623		accuracy = 0.4413999915122986
Training round: 624		accuracy = 0.4163999855518341
Training round: 625		accuracy = 0.4593000113964081
Training round: 626		accuracy = 0.43369999527931213
Training round: 627		accuracy = 0.4478999972343445
Training round: 628		accuracy = 0.41179999709129333
Training round: 629		accuracy = 0.44190001487731934
Training round: 630		accuracy = 0.46059998869895935
Training round: 631		accuracy = 0.4641000032424927
Training round: 632		accuracy = 0.4530999958515167
Training round: 633		accuracy = 0.438400000333786
Training round: 634		accuracy = 0.4250999987125397
Training round: 635		accuracy = 0.46619999408721924
Training round: 636		accuracy = 0.4140999913215637
Training round: 637		accuracy = 0.47290000319480896
Training round: 638		accuracy = 0.43869999051094055
Training round: 639		accuracy = 0.43459999561309814
Training round: 640		accuracy = 0.4489000141620636
Training round: 641		accuracy = 0.39899998903274536
Training round: 642		accuracy = 0.40619999170303345
Training round: 643		accuracy = 0.4564000070095062
Training round: 644		accuracy = 0.42480000853538513
Training round: 645		accuracy = 0.4374000132083893
Training round: 646		accuracy = 0.460999995470047
Training round: 647		accuracy = 0.4560999870300293
Training round: 648		accuracy = 0.4253999888896942
Training round: 649		accuracy = 0.3824999928474426
Training round: 650		accuracy = 0.45590001344680786
Training round: 651		accuracy = 0.4205999970436096
Training round: 652		accuracy = 0.4251999855041504
Training round: 653		accuracy = 0.45500001311302185
Training round: 654		accuracy = 0.3727000057697296
Training round: 655		accuracy = 0.4848000109195709
Training round: 656		accuracy = 0.18160000443458557
Training round: 657		accuracy = 0.45910000801086426
Training round: 658		accuracy = 0.44510000944137573
Training round: 659		accuracy = 0.4000999927520752
Training round: 660		accuracy = 0.45179998874664307
Training round: 661		accuracy = 0.4223000109195709
Training round: 662		accuracy = 0.4510999917984009
Training round: 663		accuracy = 0.43290001153945923
Training round: 664		accuracy = 0.1581999957561493
Training round: 665		accuracy = 0.412200003862381
Training round: 666		accuracy = 0.4462999999523163
Training round: 667		accuracy = 0.44350001215934753
Training round: 668		accuracy = 0.42080000042915344
Training round: 669		accuracy = 0.41260001063346863
Training round: 670		accuracy = 0.423799991607666
Training round: 671		accuracy = 0.41350001096725464
Training round: 672		accuracy = 0.44699999690055847
Training round: 673		accuracy = 0.17219999432563782
Training round: 674		accuracy = 0.43149998784065247
Training round: 675		accuracy = 0.4693000018596649
Training round: 676		accuracy = 0.4235000014305115
Training round: 677		accuracy = 0.4629000127315521
Training round: 678		accuracy = 0.4359000027179718
Training round: 679		accuracy = 0.44999998807907104
Training round: 680		accuracy = 0.41530001163482666
Training round: 681		accuracy = 0.4350999891757965
Training round: 682		accuracy = 0.48510000109672546
Training round: 683		accuracy = 0.43369999527931213
Training round: 684		accuracy = 0.43959999084472656
Training round: 685		accuracy = 0.4399000108242035
Training round: 686		accuracy = 0.4162999987602234
Training round: 687		accuracy = 0.47850000858306885
Training round: 688		accuracy = 0.21559999883174896
Training round: 689		accuracy = 0.19529999792575836
Training round: 690		accuracy = 0.44350001215934753
Training round: 691		accuracy = 0.42160001397132874
Training round: 692		accuracy = 0.2150000035762787
Training round: 693		accuracy = 0.4837999939918518
Training round: 694		accuracy = 0.42170000076293945
Training round: 695		accuracy = 0.48159998655319214
Training round: 696		accuracy = 0.4611999988555908
Training round: 697		accuracy = 0.47189998626708984
Training round: 698		accuracy = 0.43470001220703125
Training round: 699		accuracy = 0.49129998683929443
Training round: 700		accuracy = 0.4302999973297119
Training round: 701		accuracy = 0.4853000044822693
Training round: 702		accuracy = 0.2298000007867813
Training round: 703		accuracy = 0.4936999976634979
Training round: 704		accuracy = 0.48100000619888306
Training round: 705		accuracy = 0.44190001487731934
Training round: 706		accuracy = 0.4207000136375427
Training round: 707		accuracy = 0.38600000739097595
Training round: 708		accuracy = 0.46549999713897705
Training round: 709		accuracy = 0.4569999873638153
Training round: 710		accuracy = 0.4584999978542328
Training round: 711		accuracy = 0.45579999685287476
Training round: 712		accuracy = 0.42010000348091125
Training round: 713		accuracy = 0.4839000105857849
Training round: 714		accuracy = 0.45660001039505005
Training round: 715		accuracy = 0.44510000944137573
Training round: 716		accuracy = 0.3937000036239624
Training round: 717		accuracy = 0.3986999988555908
Training round: 718		accuracy = 0.40560001134872437
Training round: 719		accuracy = 0.43299999833106995
Training round: 720		accuracy = 0.4399000108242035
Training round: 721		accuracy = 0.46860000491142273
Training round: 722		accuracy = 0.45579999685287476
Training round: 723		accuracy = 0.42649999260902405
Training round: 724		accuracy = 0.38659998774528503
Training round: 725		accuracy = 0.4449000060558319
Training round: 726		accuracy = 0.43309998512268066
Training round: 727		accuracy = 0.41990000009536743
Training round: 728		accuracy = 0.4537999927997589
Training round: 729		accuracy = 0.43070000410079956
Training round: 730		accuracy = 0.444599986076355
Training round: 731		accuracy = 0.42910000681877136
Training round: 732		accuracy = 0.41909998655319214
Training round: 733		accuracy = 0.4514000117778778
Training round: 734		accuracy = 0.4392000138759613
Training round: 735		accuracy = 0.45399999618530273
Training round: 736		accuracy = 0.4212999939918518
Training round: 737		accuracy = 0.45260000228881836
Training round: 738		accuracy = 0.43849998712539673
Training round: 739		accuracy = 0.45350000262260437
Training round: 740		accuracy = 0.448199987411499
Training round: 741		accuracy = 0.4456999897956848
Training round: 742		accuracy = 0.4065999984741211
Training round: 743		accuracy = 0.4609000086784363
Training round: 744		accuracy = 0.4657999873161316
Training round: 745		accuracy = 0.4722000062465668
Training round: 746		accuracy = 0.4246000051498413
Training round: 747		accuracy = 0.17329999804496765
Training round: 748		accuracy = 0.435699999332428
Training round: 749		accuracy = 0.36980000138282776
Training round: 750		accuracy = 0.44600000977516174
Training round: 751		accuracy = 0.4699999988079071
Training round: 752		accuracy = 0.4717999994754791
Training round: 753		accuracy = 0.44859999418258667
Training round: 754		accuracy = 0.4207000136375427
Training round: 755		accuracy = 0.4537000060081482
Training round: 756		accuracy = 0.460099995136261
Training round: 757		accuracy = 0.32820001244544983
Training round: 758		accuracy = 0.448199987411499
Training round: 759		accuracy = 0.4851999878883362
Training round: 760		accuracy = 0.435699999332428
Training round: 761		accuracy = 0.44760000705718994
Training round: 762		accuracy = 0.4410000145435333
Training round: 763		accuracy = 0.4632999897003174
Training round: 764		accuracy = 0.4507000148296356
Training round: 765		accuracy = 0.4088999927043915
Training round: 766		accuracy = 0.4293999969959259
Training round: 767		accuracy = 0.4410000145435333
Training round: 768		accuracy = 0.4399999976158142
Training round: 769		accuracy = 0.5062000155448914
Training round: 770		accuracy = 0.43529999256134033
Training round: 771		accuracy = 0.4871000051498413
Training round: 772		accuracy = 0.4629000127315521
Training round: 773		accuracy = 0.4530999958515167
Training round: 774		accuracy = 0.45500001311302185
Training round: 775		accuracy = 0.49059998989105225
Training round: 776		accuracy = 0.35749998688697815
Training round: 777		accuracy = 0.4415999948978424
Training round: 778		accuracy = 0.4715000092983246
Training round: 779		accuracy = 0.4350999891757965
Training round: 780		accuracy = 0.42100000381469727
Training round: 781		accuracy = 0.39079999923706055
Training round: 782		accuracy = 0.4514000117778778
Training round: 783		accuracy = 0.46299999952316284
Training round: 784		accuracy = 0.49399998784065247
Training round: 785		accuracy = 0.4325999915599823
Training round: 786		accuracy = 0.42820000648498535
Training round: 787		accuracy = 0.42890000343322754
Training round: 788		accuracy = 0.40959998965263367
Training round: 789		accuracy = 0.4551999866962433
Training round: 790		accuracy = 0.4681999981403351
Training round: 791		accuracy = 0.3871000111103058
Training round: 792		accuracy = 0.4325000047683716
Training round: 793		accuracy = 0.49079999327659607
Training round: 794		accuracy = 0.21529999375343323
Training round: 795		accuracy = 0.4742000102996826
Training round: 796		accuracy = 0.4700999855995178
Training round: 797		accuracy = 0.44040000438690186
Training round: 798		accuracy = 0.4235999882221222
Training round: 799		accuracy = 0.4636000096797943
Training round: 800		accuracy = 0.18860000371932983
Training round: 801		accuracy = 0.47940000891685486
Training round: 802		accuracy = 0.4449999928474426
Training round: 803		accuracy = 0.4616999924182892
Training round: 804		accuracy = 0.46790000796318054
Training round: 805		accuracy = 0.4544999897480011
Training round: 806		accuracy = 0.46810001134872437
Training round: 807		accuracy = 0.4250999987125397
Training round: 808		accuracy = 0.4690000116825104
Training round: 809		accuracy = 0.43790000677108765
Training round: 810		accuracy = 0.5051000118255615
Training round: 811		accuracy = 0.4875999987125397
Training round: 812		accuracy = 0.49950000643730164
Training round: 813		accuracy = 0.47920000553131104
Training round: 814		accuracy = 0.227400004863739
Training round: 815		accuracy = 0.515999972820282
Training round: 816		accuracy = 0.5123999714851379
Training round: 817		accuracy = 0.4781999886035919
Training round: 818		accuracy = 0.3702000081539154
Training round: 819		accuracy = 0.4293999969959259
Training round: 820		accuracy = 0.4659000039100647
Training round: 821		accuracy = 0.4496000111103058
Training round: 822		accuracy = 0.44530001282691956
Training round: 823		accuracy = 0.534600019454956
Training round: 824		accuracy = 0.5110999941825867
Training round: 825		accuracy = 0.48919999599456787
Training round: 826		accuracy = 0.42739999294281006
Training round: 827		accuracy = 0.4259999990463257
Training round: 828		accuracy = 0.4499000012874603
Training round: 829		accuracy = 0.46399998664855957
Training round: 830		accuracy = 0.47530001401901245
Training round: 831		accuracy = 0.42969998717308044
Training round: 832		accuracy = 0.42969998717308044
Training round: 833		accuracy = 0.41920000314712524
Training round: 834		accuracy = 0.4343000054359436
Training round: 835		accuracy = 0.46369999647140503
Training round: 836		accuracy = 0.4521999955177307
Training round: 837		accuracy = 0.48820000886917114
Training round: 838		accuracy = 0.4683000147342682
Training round: 839		accuracy = 0.45809999108314514
Training round: 840		accuracy = 0.5034000277519226
Training round: 841		accuracy = 0.399399995803833
Training round: 842		accuracy = 0.44620001316070557
Training round: 843		accuracy = 0.48249998688697815
Training round: 844		accuracy = 0.24719999730587006
Training round: 845		accuracy = 0.49059998989105225
Training round: 846		accuracy = 0.5142999887466431
Training round: 847		accuracy = 0.44040000438690186
Training round: 848		accuracy = 0.44909998774528503
Training round: 849		accuracy = 0.46209999918937683
Training round: 850		accuracy = 0.44290000200271606
Training round: 851		accuracy = 0.3725999891757965
Training round: 852		accuracy = 0.4343000054359436
Training round: 853		accuracy = 0.506600022315979
Training round: 854		accuracy = 0.4754999876022339
Training round: 855		accuracy = 0.45350000262260437
Training round: 856		accuracy = 0.4244000017642975
Training round: 857		accuracy = 0.4869999885559082
Training round: 858		accuracy = 0.47110000252723694
Training round: 859		accuracy = 0.48339998722076416
Training round: 860		accuracy = 0.46810001134872437
Training round: 861		accuracy = 0.5080000162124634
Training round: 862		accuracy = 0.3968999981880188
Training round: 863		accuracy = 0.48809999227523804
Training round: 864		accuracy = 0.47920000553131104
Training round: 865		accuracy = 0.4837999939918518
Training round: 866		accuracy = 0.4011000096797943
Training round: 867		accuracy = 0.5187000036239624
Training round: 868		accuracy = 0.43309998512268066
Training round: 869		accuracy = 0.499099999666214
Training round: 870		accuracy = 0.4323999881744385
Training round: 871		accuracy = 0.4796000123023987
Training round: 872		accuracy = 0.4708000123500824
Training round: 873		accuracy = 0.503600001335144
Training round: 874		accuracy = 0.4993000030517578
Training round: 875		accuracy = 0.5020999908447266
Training round: 876		accuracy = 0.47839999198913574
Training round: 877		accuracy = 0.4629000127315521
Training round: 878		accuracy = 0.462799996137619
Training round: 879		accuracy = 0.49779999256134033
Training round: 880		accuracy = 0.3917999863624573
Training round: 881		accuracy = 0.5059999823570251
Training round: 882		accuracy = 0.5042999982833862
Training round: 883		accuracy = 0.501800000667572
Training round: 884		accuracy = 0.41909998655319214
Training round: 885		accuracy = 0.4542999863624573
Training round: 886		accuracy = 0.4916999936103821
Training round: 887		accuracy = 0.4853000044822693
Training round: 888		accuracy = 0.44279998540878296
Training round: 889		accuracy = 0.492000013589859
Training round: 890		accuracy = 0.4763000011444092
Training round: 891		accuracy = 0.4438000023365021
Training round: 892		accuracy = 0.46799999475479126
Training round: 893		accuracy = 0.5047000050544739
Training round: 894		accuracy = 0.47769999504089355
Training round: 895		accuracy = 0.4909000098705292
Training round: 896		accuracy = 0.460099995136261
Training round: 897		accuracy = 0.4959000051021576
Training round: 898		accuracy = 0.49380001425743103
Training round: 899		accuracy = 0.4885999858379364
Training round: 900		accuracy = 0.4507000148296356
Training round: 901		accuracy = 0.48669999837875366
Training round: 902		accuracy = 0.46129998564720154
Training round: 903		accuracy = 0.43869999051094055
Training round: 904		accuracy = 0.43140000104904175
Training round: 905		accuracy = 0.44679999351501465
Training round: 906		accuracy = 0.47839999198913574
Training round: 907		accuracy = 0.4810999929904938
Training round: 908		accuracy = 0.44620001316070557
Training round: 909		accuracy = 0.48100000619888306
Training round: 910		accuracy = 0.43470001220703125
Training round: 911		accuracy = 0.4848000109195709
Training round: 912		accuracy = 0.48429998755455017
Training round: 913		accuracy = 0.448199987411499
Training round: 914		accuracy = 0.46399998664855957
Training round: 915		accuracy = 0.491100013256073
Training round: 916		accuracy = 0.47589999437332153
Training round: 917		accuracy = 0.4823000133037567
Training round: 918		accuracy = 0.459199994802475
Training round: 919		accuracy = 0.5230000019073486
Training round: 920		accuracy = 0.5310999751091003
Training round: 921		accuracy = 0.5133000016212463
Training round: 922		accuracy = 0.4345000088214874
Training round: 923		accuracy = 0.47200000286102295
Training round: 924		accuracy = 0.48339998722076416
Training round: 925		accuracy = 0.5127000212669373
Training round: 926		accuracy = 0.4648999869823456
Training round: 927		accuracy = 0.5049999952316284
Training round: 928		accuracy = 0.4726000130176544
Training round: 929		accuracy = 0.503000020980835
Training round: 930		accuracy = 0.4691999852657318
Training round: 931		accuracy = 0.49639999866485596
Training round: 932		accuracy = 0.5105999708175659
Training round: 933		accuracy = 0.4903999865055084
Training round: 934		accuracy = 0.4943999946117401
Training round: 935		accuracy = 0.47049999237060547
Training round: 936		accuracy = 0.45719999074935913
Training round: 937		accuracy = 0.4945000112056732
Training round: 938		accuracy = 0.4871000051498413
Training round: 939		accuracy = 0.5059000253677368
Training round: 940		accuracy = 0.21160000562667847
Training round: 941		accuracy = 0.47029998898506165
Training round: 942		accuracy = 0.47119998931884766
Training round: 943		accuracy = 0.5009999871253967
Training round: 944		accuracy = 0.501800000667572
Training round: 945		accuracy = 0.48899999260902405
Training round: 946		accuracy = 0.4544999897480011
Training round: 947		accuracy = 0.45080000162124634
Training round: 948		accuracy = 0.4399000108242035
Training round: 949		accuracy = 0.4521999955177307
Training round: 950		accuracy = 0.4302000105381012
Training round: 951		accuracy = 0.4900999963283539
Training round: 952		accuracy = 0.46619999408721924
Training round: 953		accuracy = 0.48739999532699585
Training round: 954		accuracy = 0.4514000117778778
Training round: 955		accuracy = 0.4706999957561493
Training round: 956		accuracy = 0.4564000070095062
Training round: 957		accuracy = 0.491100013256073
Training round: 958		accuracy = 0.4909000098705292
Training round: 959		accuracy = 0.4823000133037567
Training round: 960		accuracy = 0.49149999022483826
Training round: 961		accuracy = 0.4819999933242798
Training round: 962		accuracy = 0.5052000284194946
Training round: 963		accuracy = 0.48240000009536743
Training round: 964		accuracy = 0.43299999833106995
Training round: 965		accuracy = 0.4749999940395355
Training round: 966		accuracy = 0.49160000681877136
Training round: 967		accuracy = 0.499099999666214
Training round: 968		accuracy = 0.4578000009059906
Training round: 969		accuracy = 0.45980000495910645
Training round: 970		accuracy = 0.5070000290870667
Training round: 971		accuracy = 0.504800021648407
Training round: 972		accuracy = 0.49709999561309814
Training round: 973		accuracy = 0.453000009059906
Training round: 974		accuracy = 0.5353999733924866
Training round: 975		accuracy = 0.526199996471405
Training round: 976		accuracy = 0.5360999703407288
Training round: 977		accuracy = 0.43560001254081726
Training round: 978		accuracy = 0.4666999876499176
Training round: 979		accuracy = 0.48489999771118164
Training round: 980		accuracy = 0.47519999742507935
Training round: 981		accuracy = 0.5005999803543091
Training round: 982		accuracy = 0.45080000162124634
Training round: 983		accuracy = 0.48539999127388
Training round: 984		accuracy = 0.4749999940395355
Training round: 985		accuracy = 0.5174000263214111
Training round: 986		accuracy = 0.5128999948501587
Training round: 987		accuracy = 0.41119998693466187
Training round: 988		accuracy = 0.4715000092983246
Training round: 989		accuracy = 0.46860000491142273
Training round: 990		accuracy = 0.45829999446868896
Training round: 991		accuracy = 0.49230000376701355
Training round: 992		accuracy = 0.5016000270843506
Training round: 993		accuracy = 0.45500001311302185
Training round: 994		accuracy = 0.4787999987602234
Training round: 995		accuracy = 0.4611999988555908
Training round: 996		accuracy = 0.5206999778747559
Training round: 997		accuracy = 0.5217999815940857
Training round: 998		accuracy = 0.491100013256073
Training round: 999		accuracy = 0.4659000039100647
Training round: 1000		accuracy = 0.5220999717712402
Training duration 9939.405626296997
