2021-08-22 19:43:00.729512: I tensorflow/stream_executor/platform/default/dso_loader.cc:49] Successfully opened dynamic library libcudart.so.11.0
2021-08-22 19:43:58.101141: I tensorflow/compiler/jit/xla_cpu_device.cc:41] Not creating XLA devices, tf_xla_enable_xla_devices not set
2021-08-22 19:43:59.001045: I tensorflow/stream_executor/platform/default/dso_loader.cc:49] Successfully opened dynamic library libcuda.so.1
2021-08-22 19:43:59.087720: I tensorflow/core/common_runtime/gpu/gpu_device.cc:1720] Found device 0 with properties: 
pciBusID: 0000:86:00.0 name: Tesla V100-SXM2-32GB computeCapability: 7.0
coreClock: 1.53GHz coreCount: 80 deviceMemorySize: 31.75GiB deviceMemoryBandwidth: 836.37GiB/s
2021-08-22 19:43:59.089004: I tensorflow/stream_executor/platform/default/dso_loader.cc:49] Successfully opened dynamic library libcudart.so.11.0
2021-08-22 19:43:59.103202: I tensorflow/stream_executor/platform/default/dso_loader.cc:49] Successfully opened dynamic library libcublas.so.11
2021-08-22 19:43:59.103328: I tensorflow/stream_executor/platform/default/dso_loader.cc:49] Successfully opened dynamic library libcublasLt.so.11
2021-08-22 19:43:59.111160: I tensorflow/stream_executor/platform/default/dso_loader.cc:49] Successfully opened dynamic library libcufft.so.10
2021-08-22 19:43:59.114781: I tensorflow/stream_executor/platform/default/dso_loader.cc:49] Successfully opened dynamic library libcurand.so.10
2021-08-22 19:43:59.123250: I tensorflow/stream_executor/platform/default/dso_loader.cc:49] Successfully opened dynamic library libcusolver.so.10
2021-08-22 19:43:59.125297: I tensorflow/stream_executor/platform/default/dso_loader.cc:49] Successfully opened dynamic library libcusparse.so.11
2021-08-22 19:43:59.126791: I tensorflow/stream_executor/platform/default/dso_loader.cc:49] Successfully opened dynamic library libcudnn.so.8
2021-08-22 19:43:59.138047: I tensorflow/core/common_runtime/gpu/gpu_device.cc:1862] Adding visible gpu devices: 0
2021-08-22 19:43:59.163667: I tensorflow/core/platform/cpu_feature_guard.cc:142] This TensorFlow binary is optimized with oneAPI Deep Neural Network Library (oneDNN) to use the following CPU instructions in performance-critical operations:  AVX2 AVX512F FMA
To enable them in other operations, rebuild TensorFlow with the appropriate compiler flags.
2021-08-22 19:43:59.171005: I tensorflow/compiler/jit/xla_gpu_device.cc:99] Not creating XLA devices, tf_xla_enable_xla_devices not set
2021-08-22 19:43:59.173745: I tensorflow/core/common_runtime/gpu/gpu_device.cc:1720] Found device 0 with properties: 
pciBusID: 0000:86:00.0 name: Tesla V100-SXM2-32GB computeCapability: 7.0
coreClock: 1.53GHz coreCount: 80 deviceMemorySize: 31.75GiB deviceMemoryBandwidth: 836.37GiB/s
2021-08-22 19:43:59.173818: I tensorflow/stream_executor/platform/default/dso_loader.cc:49] Successfully opened dynamic library libcudart.so.11.0
2021-08-22 19:43:59.173965: I tensorflow/stream_executor/platform/default/dso_loader.cc:49] Successfully opened dynamic library libcublas.so.11
2021-08-22 19:43:59.174015: I tensorflow/stream_executor/platform/default/dso_loader.cc:49] Successfully opened dynamic library libcublasLt.so.11
2021-08-22 19:43:59.174130: I tensorflow/stream_executor/platform/default/dso_loader.cc:49] Successfully opened dynamic library libcufft.so.10
2021-08-22 19:43:59.174176: I tensorflow/stream_executor/platform/default/dso_loader.cc:49] Successfully opened dynamic library libcurand.so.10
2021-08-22 19:43:59.174277: I tensorflow/stream_executor/platform/default/dso_loader.cc:49] Successfully opened dynamic library libcusolver.so.10
2021-08-22 19:43:59.174348: I tensorflow/stream_executor/platform/default/dso_loader.cc:49] Successfully opened dynamic library libcusparse.so.11
2021-08-22 19:43:59.174398: I tensorflow/stream_executor/platform/default/dso_loader.cc:49] Successfully opened dynamic library libcudnn.so.8
2021-08-22 19:43:59.178979: I tensorflow/core/common_runtime/gpu/gpu_device.cc:1862] Adding visible gpu devices: 0
2021-08-22 19:43:59.179628: I tensorflow/stream_executor/platform/default/dso_loader.cc:49] Successfully opened dynamic library libcudart.so.11.0
2021-08-22 19:44:00.625995: I tensorflow/core/common_runtime/gpu/gpu_device.cc:1261] Device interconnect StreamExecutor with strength 1 edge matrix:
2021-08-22 19:44:00.626202: I tensorflow/core/common_runtime/gpu/gpu_device.cc:1267]      0 
2021-08-22 19:44:00.627696: I tensorflow/core/common_runtime/gpu/gpu_device.cc:1280] 0:   N 
2021-08-22 19:44:00.648704: I tensorflow/core/common_runtime/gpu/gpu_device.cc:1406] Created TensorFlow device (/job:localhost/replica:0/task:0/device:GPU:0 with 30130 MB memory) -> physical GPU (device: 0, name: Tesla V100-SXM2-32GB, pci bus id: 0000:86:00.0, compute capability: 7.0)
2021-08-22 19:44:09.594790: I tensorflow/compiler/mlir/mlir_graph_optimization_pass.cc:116] None of the MLIR optimization passes are enabled (registered 2)
2021-08-22 19:44:09.604381: I tensorflow/core/platform/profile_utils/cpu_utils.cc:112] CPU Frequency: 2100000000 Hz
2021-08-22 19:44:09.796261: I tensorflow/stream_executor/platform/default/dso_loader.cc:49] Successfully opened dynamic library libcublas.so.11
2021-08-22 19:44:10.392980: I tensorflow/stream_executor/platform/default/dso_loader.cc:49] Successfully opened dynamic library libcublasLt.so.11
2021-08-22 19:44:10.437379: I tensorflow/stream_executor/platform/default/dso_loader.cc:49] Successfully opened dynamic library libcudnn.so.8
2021-08-22 19:44:13.012265: W tensorflow/stream_executor/gpu/asm_compiler.cc:63] Running ptxas --version returned 256
2021-08-22 19:44:13.123645: W tensorflow/stream_executor/gpu/redzone_allocator.cc:314] Internal: ptxas exited with non-zero error code 256, output: 
Relying on driver to perform ptx compilation. 
Modify $PATH to customize ptxas location.
This message will be only logged once.
NoiseMutator started.
NoiseMutator finished.
Training round: 1		accuracy = 0.6368116140365601
Training round: 2		accuracy = 0.6171014308929443
Training round: 3		accuracy = 0.6220290064811707
Training round: 4		accuracy = 0.629275381565094
Training round: 5		accuracy = 0.6539130210876465
Training round: 6		accuracy = 0.6272463798522949
Training round: 7		accuracy = 0.6524637937545776
Training round: 8		accuracy = 0.6550724506378174
Training round: 9		accuracy = 0.6550724506378174
Training round: 10		accuracy = 0.6765217185020447
Training round: 11		accuracy = 0.6843478083610535
Training round: 12		accuracy = 0.6588405966758728
Training round: 13		accuracy = 0.672753632068634
Training round: 14		accuracy = 0.6655072569847107
Training round: 15		accuracy = 0.6765217185020447
Training round: 16		accuracy = 0.6904347538948059
Training round: 17		accuracy = 0.6739130616188049
Training round: 18		accuracy = 0.6918840408325195
Training round: 19		accuracy = 0.6852173805236816
Training round: 20		accuracy = 0.6904347538948059
Training round: 21		accuracy = 0.6933333277702332
Training round: 22		accuracy = 0.699999988079071
Training round: 23		accuracy = 0.6881159543991089
Training round: 24		accuracy = 0.6965217590332031
Training round: 25		accuracy = 0.6857970952987671
Training round: 26		accuracy = 0.681449294090271
Training round: 27		accuracy = 0.6933333277702332
Training round: 28		accuracy = 0.6927536129951477
Training round: 29		accuracy = 0.7002898454666138
Training round: 30		accuracy = 0.6985507011413574
Training round: 31		accuracy = 0.6927536129951477
Training round: 32		accuracy = 0.697970986366272
Training round: 33		accuracy = 0.7063767910003662
Training round: 34		accuracy = 0.6953623294830322
Training round: 35		accuracy = 0.7028985619544983
Training round: 36		accuracy = 0.7081159353256226
Training round: 37		accuracy = 0.7107246518135071
Training round: 38		accuracy = 0.7023188471794128
Training round: 39		accuracy = 0.7014492750167847
Training round: 40		accuracy = 0.7017391324043274
Training round: 41		accuracy = 0.7011594176292419
Training round: 42		accuracy = 0.703188419342041
Training round: 43		accuracy = 0.7043478488922119
Training round: 44		accuracy = 0.7011594176292419
Training round: 45		accuracy = 0.699999988079071
Training round: 46		accuracy = 0.7020289897918701
Training round: 47		accuracy = 0.697970986366272
Training round: 48		accuracy = 0.7028985619544983
Training round: 49		accuracy = 0.7043478488922119
Training round: 50		accuracy = 0.7043478488922119
Training round: 51		accuracy = 0.6971014738082886
Training round: 52		accuracy = 0.6991304159164429
Training round: 53		accuracy = 0.6959420442581177
Training round: 54		accuracy = 0.7046377062797546
Training round: 55		accuracy = 0.6985507011413574
Training round: 56		accuracy = 0.7002898454666138
Training round: 57		accuracy = 0.6994202733039856
Training round: 58		accuracy = 0.6988405585289001
Training round: 59		accuracy = 0.703188419342041
Training round: 60		accuracy = 0.699999988079071
Training round: 61		accuracy = 0.697681188583374
Training round: 62		accuracy = 0.7040579915046692
Training round: 63		accuracy = 0.697970986366272
Training round: 64		accuracy = 0.7002898454666138
Training round: 65		accuracy = 0.7014492750167847
Training round: 66		accuracy = 0.7043478488922119
Training round: 67		accuracy = 0.7002898454666138
Training round: 68		accuracy = 0.6988405585289001
Training round: 69		accuracy = 0.699999988079071
Training round: 70		accuracy = 0.7069565057754517
Training round: 71		accuracy = 0.7023188471794128
Training round: 72		accuracy = 0.7034782767295837
Training round: 73		accuracy = 0.7043478488922119
Training round: 74		accuracy = 0.7052174210548401
Training round: 75		accuracy = 0.7052174210548401
Training round: 76		accuracy = 0.7037681341171265
Training round: 77		accuracy = 0.6985507011413574
Training round: 78		accuracy = 0.7043478488922119
Training round: 79		accuracy = 0.7081159353256226
Training round: 80		accuracy = 0.7043478488922119
Training round: 81		accuracy = 0.7078260779380798
Training round: 82		accuracy = 0.7040579915046692
Training round: 83		accuracy = 0.7049275636672974
Training round: 84		accuracy = 0.7037681341171265
Training round: 85		accuracy = 0.7037681341171265
Training round: 86		accuracy = 0.7066666483879089
Training round: 87		accuracy = 0.7052174210548401
Training round: 88		accuracy = 0.7089855074882507
Training round: 89		accuracy = 0.7037681341171265
Training round: 90		accuracy = 0.7069565057754517
Training round: 91		accuracy = 0.7075362205505371
Training round: 92		accuracy = 0.7084057927131653
Training round: 93		accuracy = 0.7110145092010498
Training round: 94		accuracy = 0.7092753648757935
Training round: 95		accuracy = 0.7133333086967468
Training round: 96		accuracy = 0.7127535939216614
Training round: 97		accuracy = 0.7095652222633362
Training round: 98		accuracy = 0.7110145092010498
Training round: 99		accuracy = 0.7124637961387634
Training round: 100		accuracy = 0.7115942239761353
Training duration 5916.29101061821
