2021-08-22 19:23:32.809785: I tensorflow/stream_executor/platform/default/dso_loader.cc:49] Successfully opened dynamic library libcudart.so.11.0
2021-08-22 19:24:08.424474: I tensorflow/compiler/jit/xla_cpu_device.cc:41] Not creating XLA devices, tf_xla_enable_xla_devices not set
2021-08-22 19:24:08.428767: I tensorflow/stream_executor/platform/default/dso_loader.cc:49] Successfully opened dynamic library libcuda.so.1
2021-08-22 19:24:08.465921: I tensorflow/core/common_runtime/gpu/gpu_device.cc:1720] Found device 0 with properties: 
pciBusID: 0000:03:00.0 name: Tesla P100-PCIE-12GB computeCapability: 6.0
coreClock: 1.3285GHz coreCount: 56 deviceMemorySize: 11.91GiB deviceMemoryBandwidth: 511.41GiB/s
2021-08-22 19:24:08.466436: I tensorflow/stream_executor/platform/default/dso_loader.cc:49] Successfully opened dynamic library libcudart.so.11.0
2021-08-22 19:24:08.477870: I tensorflow/stream_executor/platform/default/dso_loader.cc:49] Successfully opened dynamic library libcublas.so.11
2021-08-22 19:24:08.478026: I tensorflow/stream_executor/platform/default/dso_loader.cc:49] Successfully opened dynamic library libcublasLt.so.11
2021-08-22 19:24:08.484185: I tensorflow/stream_executor/platform/default/dso_loader.cc:49] Successfully opened dynamic library libcufft.so.10
2021-08-22 19:24:08.487723: I tensorflow/stream_executor/platform/default/dso_loader.cc:49] Successfully opened dynamic library libcurand.so.10
2021-08-22 19:24:08.496968: I tensorflow/stream_executor/platform/default/dso_loader.cc:49] Successfully opened dynamic library libcusolver.so.10
2021-08-22 19:24:08.499249: I tensorflow/stream_executor/platform/default/dso_loader.cc:49] Successfully opened dynamic library libcusparse.so.11
2021-08-22 19:24:08.500369: I tensorflow/stream_executor/platform/default/dso_loader.cc:49] Successfully opened dynamic library libcudnn.so.8
2021-08-22 19:24:08.503087: I tensorflow/core/common_runtime/gpu/gpu_device.cc:1862] Adding visible gpu devices: 0
2021-08-22 19:24:08.509189: I tensorflow/core/platform/cpu_feature_guard.cc:142] This TensorFlow binary is optimized with oneAPI Deep Neural Network Library (oneDNN) to use the following CPU instructions in performance-critical operations:  AVX2 FMA
To enable them in other operations, rebuild TensorFlow with the appropriate compiler flags.
2021-08-22 19:24:08.509596: I tensorflow/compiler/jit/xla_gpu_device.cc:99] Not creating XLA devices, tf_xla_enable_xla_devices not set
2021-08-22 19:24:08.511016: I tensorflow/core/common_runtime/gpu/gpu_device.cc:1720] Found device 0 with properties: 
pciBusID: 0000:03:00.0 name: Tesla P100-PCIE-12GB computeCapability: 6.0
coreClock: 1.3285GHz coreCount: 56 deviceMemorySize: 11.91GiB deviceMemoryBandwidth: 511.41GiB/s
2021-08-22 19:24:08.511141: I tensorflow/stream_executor/platform/default/dso_loader.cc:49] Successfully opened dynamic library libcudart.so.11.0
2021-08-22 19:24:08.511250: I tensorflow/stream_executor/platform/default/dso_loader.cc:49] Successfully opened dynamic library libcublas.so.11
2021-08-22 19:24:08.511347: I tensorflow/stream_executor/platform/default/dso_loader.cc:49] Successfully opened dynamic library libcublasLt.so.11
2021-08-22 19:24:08.511451: I tensorflow/stream_executor/platform/default/dso_loader.cc:49] Successfully opened dynamic library libcufft.so.10
2021-08-22 19:24:08.511566: I tensorflow/stream_executor/platform/default/dso_loader.cc:49] Successfully opened dynamic library libcurand.so.10
2021-08-22 19:24:08.511676: I tensorflow/stream_executor/platform/default/dso_loader.cc:49] Successfully opened dynamic library libcusolver.so.10
2021-08-22 19:24:08.511776: I tensorflow/stream_executor/platform/default/dso_loader.cc:49] Successfully opened dynamic library libcusparse.so.11
2021-08-22 19:24:08.511888: I tensorflow/stream_executor/platform/default/dso_loader.cc:49] Successfully opened dynamic library libcudnn.so.8
2021-08-22 19:24:08.514186: I tensorflow/core/common_runtime/gpu/gpu_device.cc:1862] Adding visible gpu devices: 0
2021-08-22 19:24:08.514330: I tensorflow/stream_executor/platform/default/dso_loader.cc:49] Successfully opened dynamic library libcudart.so.11.0
2021-08-22 19:24:09.903194: I tensorflow/core/common_runtime/gpu/gpu_device.cc:1261] Device interconnect StreamExecutor with strength 1 edge matrix:
2021-08-22 19:24:09.903387: I tensorflow/core/common_runtime/gpu/gpu_device.cc:1267]      0 
2021-08-22 19:24:09.903526: I tensorflow/core/common_runtime/gpu/gpu_device.cc:1280] 0:   N 
2021-08-22 19:24:09.925725: I tensorflow/core/common_runtime/gpu/gpu_device.cc:1406] Created TensorFlow device (/job:localhost/replica:0/task:0/device:GPU:0 with 11119 MB memory) -> physical GPU (device: 0, name: Tesla P100-PCIE-12GB, pci bus id: 0000:03:00.0, compute capability: 6.0)
2021-08-22 19:24:20.255246: I tensorflow/compiler/mlir/mlir_graph_optimization_pass.cc:116] None of the MLIR optimization passes are enabled (registered 2)
2021-08-22 19:24:20.258949: I tensorflow/core/platform/profile_utils/cpu_utils.cc:112] CPU Frequency: 2200155000 Hz
2021-08-22 19:24:20.338835: I tensorflow/stream_executor/platform/default/dso_loader.cc:49] Successfully opened dynamic library libcublas.so.11
2021-08-22 19:24:20.715162: I tensorflow/stream_executor/platform/default/dso_loader.cc:49] Successfully opened dynamic library libcublasLt.so.11
2021-08-22 19:24:20.722744: I tensorflow/stream_executor/platform/default/dso_loader.cc:49] Successfully opened dynamic library libcudnn.so.8
2021-08-22 19:24:22.408687: W tensorflow/stream_executor/gpu/asm_compiler.cc:63] Running ptxas --version returned 256
2021-08-22 19:24:22.472248: W tensorflow/stream_executor/gpu/redzone_allocator.cc:314] Internal: ptxas exited with non-zero error code 256, output: 
Relying on driver to perform ptx compilation. 
Modify $PATH to customize ptxas location.
This message will be only logged once.
LabelAttacker started.
LabelAttacker finished.
Training round: 1		accuracy = 0.6113043427467346
Training round: 2		accuracy = 0.582608699798584
Training round: 3		accuracy = 0.5872463583946228
Training round: 4		accuracy = 0.5889855027198792
Training round: 5		accuracy = 0.5765217542648315
Training round: 6		accuracy = 0.541449248790741
Training round: 7		accuracy = 0.588115930557251
Training round: 8		accuracy = 0.5808695554733276
Training round: 9		accuracy = 0.5976811647415161
Training round: 10		accuracy = 0.5921739339828491
Training round: 11		accuracy = 0.5785506963729858
Training round: 12		accuracy = 0.5997101664543152
Training round: 13		accuracy = 0.5979710221290588
Training round: 14		accuracy = 0.6014492511749268
Training round: 15		accuracy = 0.5976811647415161
Training round: 16		accuracy = 0.5802898406982422
Training round: 17		accuracy = 0.5788405537605286
Training round: 18		accuracy = 0.5831884145736694
Training round: 19		accuracy = 0.5944927334785461
Training round: 20		accuracy = 0.5889855027198792
Training round: 21		accuracy = 0.573913037776947
Training round: 22		accuracy = 0.5779710412025452
Training round: 23		accuracy = 0.5927536487579346
Training round: 24		accuracy = 0.5889855027198792
Training round: 25		accuracy = 0.6040579676628113
Training round: 26		accuracy = 0.5892753601074219
Training round: 27		accuracy = 0.5768116116523743
Training round: 28		accuracy = 0.5724637508392334
Training round: 29		accuracy = 0.5808695554733276
Training round: 30		accuracy = 0.5904347896575928
Training round: 31		accuracy = 0.5837681293487549
Training round: 32		accuracy = 0.573913037776947
Training round: 33		accuracy = 0.5799999833106995
Training round: 34		accuracy = 0.59014493227005
Training round: 35		accuracy = 0.5762318968772888
Training round: 36		accuracy = 0.5799999833106995
Training round: 37		accuracy = 0.5715941786766052
Training round: 38		accuracy = 0.5892753601074219
Training round: 39		accuracy = 0.5895652174949646
Training round: 40		accuracy = 0.5843478441238403
Training round: 41		accuracy = 0.579420268535614
Training round: 42		accuracy = 0.5837681293487549
Training round: 43		accuracy = 0.5773913264274597
Training round: 44		accuracy = 0.5942028760910034
Training round: 45		accuracy = 0.5744927525520325
Training round: 46		accuracy = 0.5756521821022034
Training round: 47		accuracy = 0.5802898406982422
Training round: 48		accuracy = 0.5808695554733276
Training round: 49		accuracy = 0.5791304111480713
Training round: 50		accuracy = 0.5744927525520325
Training round: 51		accuracy = 0.5753623247146606
Training round: 52		accuracy = 0.5689855217933655
Training round: 53		accuracy = 0.5634782314300537
Training round: 54		accuracy = 0.5727536082267761
Training round: 55		accuracy = 0.5744927525520325
Training round: 56		accuracy = 0.577101469039917
Training round: 57		accuracy = 0.5782608985900879
Training round: 58		accuracy = 0.5799999833106995
Training round: 59		accuracy = 0.5788405537605286
Training round: 60		accuracy = 0.5765217542648315
Training round: 61		accuracy = 0.5756521821022034
Training round: 62		accuracy = 0.5559420585632324
Training round: 63		accuracy = 0.5672463774681091
Training round: 64		accuracy = 0.5710144639015198
Training round: 65		accuracy = 0.5727536082267761
Training round: 66		accuracy = 0.5721738934516907
Training round: 67		accuracy = 0.5765217542648315
Training round: 68		accuracy = 0.5742028951644897
Training round: 69		accuracy = 0.5704348087310791
Training round: 70		accuracy = 0.5762318968772888
Training round: 71		accuracy = 0.579420268535614
Training round: 72		accuracy = 0.573913037776947
Training round: 73		accuracy = 0.5713043212890625
Training round: 74		accuracy = 0.5669565200805664
Training round: 75		accuracy = 0.5681159496307373
Training round: 76		accuracy = 0.5614492893218994
Training round: 77		accuracy = 0.5573912858963013
Training round: 78		accuracy = 0.5698550939559937
Training round: 79		accuracy = 0.5672463774681091
Training round: 80		accuracy = 0.5678260922431946
Training round: 81		accuracy = 0.5733333230018616
Training round: 82		accuracy = 0.5692753791809082
Training round: 83		accuracy = 0.5646376609802246
Training round: 84		accuracy = 0.5672463774681091
Training round: 85		accuracy = 0.5721738934516907
Training round: 86		accuracy = 0.5666666626930237
Training round: 87		accuracy = 0.56840580701828
Training round: 88		accuracy = 0.5695652365684509
Training round: 89		accuracy = 0.5672463774681091
Training round: 90		accuracy = 0.5678260922431946
Training round: 91		accuracy = 0.5695652365684509
Training round: 92		accuracy = 0.5660869479179382
Training round: 93		accuracy = 0.5626087188720703
Training round: 94		accuracy = 0.5626087188720703
Training round: 95		accuracy = 0.566376805305481
Training round: 96		accuracy = 0.5631884336471558
Training round: 97		accuracy = 0.5602898597717285
Training round: 98		accuracy = 0.5672463774681091
Training round: 99		accuracy = 0.5660869479179382
Training round: 100		accuracy = 0.566376805305481
Training duration 6624.686335325241
