2021-08-23 17:26:48.256283: I tensorflow/stream_executor/platform/default/dso_loader.cc:49] Successfully opened dynamic library libcudart.so.11.0
2021-08-23 17:27:13.375784: I tensorflow/compiler/jit/xla_cpu_device.cc:41] Not creating XLA devices, tf_xla_enable_xla_devices not set
2021-08-23 17:27:13.380554: I tensorflow/stream_executor/platform/default/dso_loader.cc:49] Successfully opened dynamic library libcuda.so.1
2021-08-23 17:27:13.422704: I tensorflow/core/common_runtime/gpu/gpu_device.cc:1720] Found device 0 with properties: 
pciBusID: 0000:03:00.0 name: Tesla P100-PCIE-12GB computeCapability: 6.0
coreClock: 1.3285GHz coreCount: 56 deviceMemorySize: 11.91GiB deviceMemoryBandwidth: 511.41GiB/s
2021-08-23 17:27:13.423156: I tensorflow/stream_executor/platform/default/dso_loader.cc:49] Successfully opened dynamic library libcudart.so.11.0
2021-08-23 17:27:13.433774: I tensorflow/stream_executor/platform/default/dso_loader.cc:49] Successfully opened dynamic library libcublas.so.11
2021-08-23 17:27:13.433885: I tensorflow/stream_executor/platform/default/dso_loader.cc:49] Successfully opened dynamic library libcublasLt.so.11
2021-08-23 17:27:13.439481: I tensorflow/stream_executor/platform/default/dso_loader.cc:49] Successfully opened dynamic library libcufft.so.10
2021-08-23 17:27:13.442023: I tensorflow/stream_executor/platform/default/dso_loader.cc:49] Successfully opened dynamic library libcurand.so.10
2021-08-23 17:27:13.450072: I tensorflow/stream_executor/platform/default/dso_loader.cc:49] Successfully opened dynamic library libcusolver.so.10
2021-08-23 17:27:13.452284: I tensorflow/stream_executor/platform/default/dso_loader.cc:49] Successfully opened dynamic library libcusparse.so.11
2021-08-23 17:27:13.453069: I tensorflow/stream_executor/platform/default/dso_loader.cc:49] Successfully opened dynamic library libcudnn.so.8
2021-08-23 17:27:13.455387: I tensorflow/core/common_runtime/gpu/gpu_device.cc:1862] Adding visible gpu devices: 0
2021-08-23 17:27:13.460398: I tensorflow/core/platform/cpu_feature_guard.cc:142] This TensorFlow binary is optimized with oneAPI Deep Neural Network Library (oneDNN) to use the following CPU instructions in performance-critical operations:  AVX2 FMA
To enable them in other operations, rebuild TensorFlow with the appropriate compiler flags.
2021-08-23 17:27:13.460807: I tensorflow/compiler/jit/xla_gpu_device.cc:99] Not creating XLA devices, tf_xla_enable_xla_devices not set
2021-08-23 17:27:13.461894: I tensorflow/core/common_runtime/gpu/gpu_device.cc:1720] Found device 0 with properties: 
pciBusID: 0000:03:00.0 name: Tesla P100-PCIE-12GB computeCapability: 6.0
coreClock: 1.3285GHz coreCount: 56 deviceMemorySize: 11.91GiB deviceMemoryBandwidth: 511.41GiB/s
2021-08-23 17:27:13.461996: I tensorflow/stream_executor/platform/default/dso_loader.cc:49] Successfully opened dynamic library libcudart.so.11.0
2021-08-23 17:27:13.462096: I tensorflow/stream_executor/platform/default/dso_loader.cc:49] Successfully opened dynamic library libcublas.so.11
2021-08-23 17:27:13.462199: I tensorflow/stream_executor/platform/default/dso_loader.cc:49] Successfully opened dynamic library libcublasLt.so.11
2021-08-23 17:27:13.462298: I tensorflow/stream_executor/platform/default/dso_loader.cc:49] Successfully opened dynamic library libcufft.so.10
2021-08-23 17:27:13.462365: I tensorflow/stream_executor/platform/default/dso_loader.cc:49] Successfully opened dynamic library libcurand.so.10
2021-08-23 17:27:13.462438: I tensorflow/stream_executor/platform/default/dso_loader.cc:49] Successfully opened dynamic library libcusolver.so.10
2021-08-23 17:27:13.462516: I tensorflow/stream_executor/platform/default/dso_loader.cc:49] Successfully opened dynamic library libcusparse.so.11
2021-08-23 17:27:13.462608: I tensorflow/stream_executor/platform/default/dso_loader.cc:49] Successfully opened dynamic library libcudnn.so.8
2021-08-23 17:27:13.464522: I tensorflow/core/common_runtime/gpu/gpu_device.cc:1862] Adding visible gpu devices: 0
2021-08-23 17:27:13.464647: I tensorflow/stream_executor/platform/default/dso_loader.cc:49] Successfully opened dynamic library libcudart.so.11.0
2021-08-23 17:27:14.723098: I tensorflow/core/common_runtime/gpu/gpu_device.cc:1261] Device interconnect StreamExecutor with strength 1 edge matrix:
2021-08-23 17:27:14.723355: I tensorflow/core/common_runtime/gpu/gpu_device.cc:1267]      0 
2021-08-23 17:27:14.723482: I tensorflow/core/common_runtime/gpu/gpu_device.cc:1280] 0:   N 
2021-08-23 17:27:14.732638: I tensorflow/core/common_runtime/gpu/gpu_device.cc:1406] Created TensorFlow device (/job:localhost/replica:0/task:0/device:GPU:0 with 11119 MB memory) -> physical GPU (device: 0, name: Tesla P100-PCIE-12GB, pci bus id: 0000:03:00.0, compute capability: 6.0)
2021-08-23 17:27:23.285739: I tensorflow/compiler/mlir/mlir_graph_optimization_pass.cc:116] None of the MLIR optimization passes are enabled (registered 2)
2021-08-23 17:27:23.289443: I tensorflow/core/platform/profile_utils/cpu_utils.cc:112] CPU Frequency: 2200095000 Hz
2021-08-23 17:27:23.369123: I tensorflow/stream_executor/platform/default/dso_loader.cc:49] Successfully opened dynamic library libcublas.so.11
2021-08-23 17:27:23.746991: I tensorflow/stream_executor/platform/default/dso_loader.cc:49] Successfully opened dynamic library libcublasLt.so.11
2021-08-23 17:27:23.756451: I tensorflow/stream_executor/platform/default/dso_loader.cc:49] Successfully opened dynamic library libcudnn.so.8
2021-08-23 17:27:25.692749: W tensorflow/stream_executor/gpu/asm_compiler.cc:63] Running ptxas --version returned 256
2021-08-23 17:27:25.990267: W tensorflow/stream_executor/gpu/redzone_allocator.cc:314] Internal: ptxas exited with non-zero error code 256, output: 
Relying on driver to perform ptx compilation. 
Modify $PATH to customize ptxas location.
This message will be only logged once.
Training round: 1		accuracy = 0.6066666841506958
Training round: 2		accuracy = 0.41449275612831116
Training round: 3		accuracy = 0.5081159472465515
Training round: 4		accuracy = 0.5292753577232361
Training round: 5		accuracy = 0.6081159710884094
Training round: 6		accuracy = 0.5643478035926819
Training round: 7		accuracy = 0.5768116116523743
Training round: 8		accuracy = 0.5594202876091003
Training round: 9		accuracy = 0.5605797171592712
Training round: 10		accuracy = 0.6000000238418579
Training round: 11		accuracy = 0.5034782886505127
Training round: 12		accuracy = 0.5507246255874634
Training round: 13		accuracy = 0.5904347896575928
Training round: 14		accuracy = 0.5655072331428528
Training round: 15		accuracy = 0.6139130592346191
Training round: 16		accuracy = 0.5997101664543152
Training round: 17		accuracy = 0.5921739339828491
Training round: 18		accuracy = 0.604347825050354
Training round: 19		accuracy = 0.5776811838150024
Training round: 20		accuracy = 0.5681159496307373
Training round: 21		accuracy = 0.6269565224647522
Training round: 22		accuracy = 0.6113043427467346
Training round: 23		accuracy = 0.6344927549362183
Training round: 24		accuracy = 0.6342028975486755
Training round: 25		accuracy = 0.6144927740097046
Training round: 26		accuracy = 0.6339130401611328
Training round: 27		accuracy = 0.6124637722969055
Training round: 28		accuracy = 0.6173912882804871
Training round: 29		accuracy = 0.5756521821022034
Training round: 30		accuracy = 0.5715941786766052
Training round: 31		accuracy = 0.5875362157821655
Training round: 32		accuracy = 0.6069565415382385
Training round: 33		accuracy = 0.5640579462051392
Training round: 34		accuracy = 0.5979710221290588
Training round: 35		accuracy = 0.6611593961715698
Training round: 36		accuracy = 0.640289843082428
Training round: 37		accuracy = 0.6231883764266968
Training round: 38		accuracy = 0.5811594128608704
Training round: 39		accuracy = 0.5686956644058228
Training round: 40		accuracy = 0.6428985595703125
Training round: 41		accuracy = 0.6255072355270386
Training round: 42		accuracy = 0.6452174186706543
Training round: 43		accuracy = 0.6376811861991882
Training round: 44		accuracy = 0.6168115735054016
Training round: 45		accuracy = 0.6342028975486755
Training round: 46		accuracy = 0.6040579676628113
Training round: 47		accuracy = 0.6124637722969055
Training round: 48		accuracy = 0.6057971119880676
Training round: 49		accuracy = 0.624057948589325
Training round: 50		accuracy = 0.5727536082267761
Training round: 51		accuracy = 0.620579719543457
Training round: 52		accuracy = 0.6165217161178589
Training round: 53		accuracy = 0.5591304302215576
Training round: 54		accuracy = 0.591304361820221
Training round: 55		accuracy = 0.624057948589325
Training round: 56		accuracy = 0.6147826313972473
Training round: 57		accuracy = 0.647826075553894
Training round: 58		accuracy = 0.6295652389526367
Training round: 59		accuracy = 0.588115930557251
Training round: 60		accuracy = 0.624057948589325
Training round: 61		accuracy = 0.6217391490936279
Training round: 62		accuracy = 0.6649275422096252
Training round: 63		accuracy = 0.6539130210876465
Training round: 64		accuracy = 0.6368116140365601
Training round: 65		accuracy = 0.6194202899932861
Training round: 66		accuracy = 0.6399999856948853
Training round: 67		accuracy = 0.6156522035598755
Training round: 68		accuracy = 0.6055072546005249
Training round: 69		accuracy = 0.6023188233375549
Training round: 70		accuracy = 0.6078261137008667
Training round: 71		accuracy = 0.6295652389526367
Training round: 72		accuracy = 0.5802898406982422
Training round: 73		accuracy = 0.626086950302124
Training round: 74		accuracy = 0.6086956262588501
Training round: 75		accuracy = 0.6249275207519531
Training round: 76		accuracy = 0.579420268535614
Training round: 77		accuracy = 0.6176811456680298
Training round: 78		accuracy = 0.6252173781394958
Training round: 79		accuracy = 0.5915942192077637
Training round: 80		accuracy = 0.6052173972129822
Training round: 81		accuracy = 0.6249275207519531
Training round: 82		accuracy = 0.637971043586731
Training round: 83		accuracy = 0.6289855241775513
Training round: 84		accuracy = 0.6501449346542358
Training round: 85		accuracy = 0.6344927549362183
Training round: 86		accuracy = 0.6133333444595337
Training round: 87		accuracy = 0.5802898406982422
Training round: 88		accuracy = 0.6046376824378967
Training round: 89		accuracy = 0.6420289874076843
Training round: 90		accuracy = 0.6391304135322571
Training round: 91		accuracy = 0.6110144853591919
Training round: 92		accuracy = 0.6342028975486755
Training round: 93		accuracy = 0.5933333039283752
Training round: 94		accuracy = 0.5947825908660889
Training round: 95		accuracy = 0.6069565415382385
Training round: 96		accuracy = 0.6362318992614746
Training round: 97		accuracy = 0.6544927358627319
Training round: 98		accuracy = 0.6440579891204834
Training round: 99		accuracy = 0.6089854836463928
Training round: 100		accuracy = 0.6275362372398376
Training duration 6810.291783332825
