2021-08-21 23:32:49.928420: I tensorflow/stream_executor/platform/default/dso_loader.cc:49] Successfully opened dynamic library libcudart.so.11.0
2021-08-21 23:33:14.965871: I tensorflow/compiler/jit/xla_cpu_device.cc:41] Not creating XLA devices, tf_xla_enable_xla_devices not set
2021-08-21 23:33:14.971842: I tensorflow/stream_executor/platform/default/dso_loader.cc:49] Successfully opened dynamic library libcuda.so.1
2021-08-21 23:33:15.074044: I tensorflow/core/common_runtime/gpu/gpu_device.cc:1720] Found device 0 with properties: 
pciBusID: 0000:86:00.0 name: Tesla V100-SXM2-32GB computeCapability: 7.0
coreClock: 1.53GHz coreCount: 80 deviceMemorySize: 31.75GiB deviceMemoryBandwidth: 836.37GiB/s
2021-08-21 23:33:15.074193: I tensorflow/stream_executor/platform/default/dso_loader.cc:49] Successfully opened dynamic library libcudart.so.11.0
2021-08-21 23:33:15.084277: I tensorflow/stream_executor/platform/default/dso_loader.cc:49] Successfully opened dynamic library libcublas.so.11
2021-08-21 23:33:15.084446: I tensorflow/stream_executor/platform/default/dso_loader.cc:49] Successfully opened dynamic library libcublasLt.so.11
2021-08-21 23:33:15.090341: I tensorflow/stream_executor/platform/default/dso_loader.cc:49] Successfully opened dynamic library libcufft.so.10
2021-08-21 23:33:15.092364: I tensorflow/stream_executor/platform/default/dso_loader.cc:49] Successfully opened dynamic library libcurand.so.10
2021-08-21 23:33:15.101995: I tensorflow/stream_executor/platform/default/dso_loader.cc:49] Successfully opened dynamic library libcusolver.so.10
2021-08-21 23:33:15.104050: I tensorflow/stream_executor/platform/default/dso_loader.cc:49] Successfully opened dynamic library libcusparse.so.11
2021-08-21 23:33:15.104638: I tensorflow/stream_executor/platform/default/dso_loader.cc:49] Successfully opened dynamic library libcudnn.so.8
2021-08-21 23:33:15.152156: I tensorflow/core/common_runtime/gpu/gpu_device.cc:1862] Adding visible gpu devices: 0
2021-08-21 23:33:15.153829: I tensorflow/core/platform/cpu_feature_guard.cc:142] This TensorFlow binary is optimized with oneAPI Deep Neural Network Library (oneDNN) to use the following CPU instructions in performance-critical operations:  AVX2 AVX512F FMA
To enable them in other operations, rebuild TensorFlow with the appropriate compiler flags.
2021-08-21 23:33:15.154454: I tensorflow/compiler/jit/xla_gpu_device.cc:99] Not creating XLA devices, tf_xla_enable_xla_devices not set
2021-08-21 23:33:15.160502: I tensorflow/core/common_runtime/gpu/gpu_device.cc:1720] Found device 0 with properties: 
pciBusID: 0000:86:00.0 name: Tesla V100-SXM2-32GB computeCapability: 7.0
coreClock: 1.53GHz coreCount: 80 deviceMemorySize: 31.75GiB deviceMemoryBandwidth: 836.37GiB/s
2021-08-21 23:33:15.160698: I tensorflow/stream_executor/platform/default/dso_loader.cc:49] Successfully opened dynamic library libcudart.so.11.0
2021-08-21 23:33:15.160877: I tensorflow/stream_executor/platform/default/dso_loader.cc:49] Successfully opened dynamic library libcublas.so.11
2021-08-21 23:33:15.161060: I tensorflow/stream_executor/platform/default/dso_loader.cc:49] Successfully opened dynamic library libcublasLt.so.11
2021-08-21 23:33:15.161202: I tensorflow/stream_executor/platform/default/dso_loader.cc:49] Successfully opened dynamic library libcufft.so.10
2021-08-21 23:33:15.161363: I tensorflow/stream_executor/platform/default/dso_loader.cc:49] Successfully opened dynamic library libcurand.so.10
2021-08-21 23:33:15.161457: I tensorflow/stream_executor/platform/default/dso_loader.cc:49] Successfully opened dynamic library libcusolver.so.10
2021-08-21 23:33:15.161543: I tensorflow/stream_executor/platform/default/dso_loader.cc:49] Successfully opened dynamic library libcusparse.so.11
2021-08-21 23:33:15.161621: I tensorflow/stream_executor/platform/default/dso_loader.cc:49] Successfully opened dynamic library libcudnn.so.8
2021-08-21 23:33:15.172498: I tensorflow/core/common_runtime/gpu/gpu_device.cc:1862] Adding visible gpu devices: 0
2021-08-21 23:33:15.172708: I tensorflow/stream_executor/platform/default/dso_loader.cc:49] Successfully opened dynamic library libcudart.so.11.0
2021-08-21 23:33:16.278045: I tensorflow/core/common_runtime/gpu/gpu_device.cc:1261] Device interconnect StreamExecutor with strength 1 edge matrix:
2021-08-21 23:33:16.278233: I tensorflow/core/common_runtime/gpu/gpu_device.cc:1267]      0 
2021-08-21 23:33:16.278360: I tensorflow/core/common_runtime/gpu/gpu_device.cc:1280] 0:   N 
2021-08-21 23:33:16.292016: I tensorflow/core/common_runtime/gpu/gpu_device.cc:1406] Created TensorFlow device (/job:localhost/replica:0/task:0/device:GPU:0 with 30130 MB memory) -> physical GPU (device: 0, name: Tesla V100-SXM2-32GB, pci bus id: 0000:86:00.0, compute capability: 7.0)
2021-08-21 23:33:23.857148: I tensorflow/compiler/mlir/mlir_graph_optimization_pass.cc:116] None of the MLIR optimization passes are enabled (registered 2)
2021-08-21 23:33:23.874242: I tensorflow/core/platform/profile_utils/cpu_utils.cc:112] CPU Frequency: 2100000000 Hz
2021-08-21 23:33:24.003807: I tensorflow/stream_executor/platform/default/dso_loader.cc:49] Successfully opened dynamic library libcublas.so.11
2021-08-21 23:33:24.579204: I tensorflow/stream_executor/platform/default/dso_loader.cc:49] Successfully opened dynamic library libcublasLt.so.11
2021-08-21 23:33:24.628328: I tensorflow/stream_executor/platform/default/dso_loader.cc:49] Successfully opened dynamic library libcudnn.so.8
2021-08-21 23:33:27.171174: W tensorflow/stream_executor/gpu/asm_compiler.cc:63] Running ptxas --version returned 256
2021-08-21 23:33:27.282586: W tensorflow/stream_executor/gpu/redzone_allocator.cc:314] Internal: ptxas exited with non-zero error code 256, output: 
Relying on driver to perform ptx compilation. 
Modify $PATH to customize ptxas location.
This message will be only logged once.
Training round: 1		accuracy = 0.6028985381126404
Training round: 2		accuracy = 0.645797073841095
Training round: 3		accuracy = 0.6092753410339355
Training round: 4		accuracy = 0.6713043451309204
Training round: 5		accuracy = 0.6640579700469971
Training round: 6		accuracy = 0.6855072379112244
Training round: 7		accuracy = 0.6889855265617371
Training round: 8		accuracy = 0.6802898645401001
Training round: 9		accuracy = 0.6849275231361389
Training round: 10		accuracy = 0.6855072379112244
Training round: 11		accuracy = 0.7153623104095459
Training round: 12		accuracy = 0.6997101306915283
Training round: 13		accuracy = 0.6968116164207458
Training round: 14		accuracy = 0.7168115973472595
Training round: 15		accuracy = 0.7356521487236023
Training round: 16		accuracy = 0.708695650100708
Training round: 17		accuracy = 0.7255072593688965
Training round: 18		accuracy = 0.7191304564476013
Training round: 19		accuracy = 0.7159420251846313
Training round: 20		accuracy = 0.7231884002685547
Training round: 21		accuracy = 0.7220289707183838
Training round: 22		accuracy = 0.7414492964744568
Training round: 23		accuracy = 0.7420290112495422
Training round: 24		accuracy = 0.7342029213905334
Training round: 25		accuracy = 0.7350724935531616
Training round: 26		accuracy = 0.7344927787780762
Training round: 27		accuracy = 0.7301449179649353
Training round: 28		accuracy = 0.7298550605773926
Training round: 29		accuracy = 0.7434782385826111
Training round: 30		accuracy = 0.7402898669242859
Training round: 31		accuracy = 0.7426086664199829
Training round: 32		accuracy = 0.7440579533576965
Training round: 33		accuracy = 0.7443478107452393
Training round: 34		accuracy = 0.7437680959701538
Training round: 35		accuracy = 0.7411594390869141
Training round: 36		accuracy = 0.7414492964744568
Training round: 37		accuracy = 0.7428985238075256
Training round: 38		accuracy = 0.7437680959701538
Training round: 39		accuracy = 0.7414492964744568
Training round: 40		accuracy = 0.7428985238075256
Training round: 41		accuracy = 0.7411594390869141
Training round: 42		accuracy = 0.7420290112495422
Training round: 43		accuracy = 0.7437680959701538
Training round: 44		accuracy = 0.7417391538619995
Training round: 45		accuracy = 0.739130437374115
Training round: 46		accuracy = 0.7414492964744568
Training round: 47		accuracy = 0.7411594390869141
Training round: 48		accuracy = 0.7426086664199829
Training round: 49		accuracy = 0.7400000095367432
Training round: 50		accuracy = 0.7426086664199829
Training round: 51		accuracy = 0.7426086664199829
Training round: 52		accuracy = 0.7443478107452393
Training round: 53		accuracy = 0.7402898669242859
Training round: 54		accuracy = 0.7431883811950684
Training round: 55		accuracy = 0.7460869550704956
Training round: 56		accuracy = 0.7452173829078674
Training round: 57		accuracy = 0.7455072402954102
Training round: 58		accuracy = 0.746666669845581
Training round: 59		accuracy = 0.7463768124580383
Training round: 60		accuracy = 0.7455072402954102
Training round: 61		accuracy = 0.744637668132782
Training round: 62		accuracy = 0.7463768124580383
Training round: 63		accuracy = 0.746666669845581
Training round: 64		accuracy = 0.7452173829078674
Training round: 65		accuracy = 0.7449275255203247
Training round: 66		accuracy = 0.7469565272331238
Training round: 67		accuracy = 0.7460869550704956
Training round: 68		accuracy = 0.7469565272331238
Training round: 69		accuracy = 0.7457970976829529
Training round: 70		accuracy = 0.7492753863334656
Training round: 71		accuracy = 0.7481159567832947
Training round: 72		accuracy = 0.747826099395752
Training round: 73		accuracy = 0.7481159567832947
Training round: 74		accuracy = 0.7481159567832947
Training round: 75		accuracy = 0.7475362420082092
Training round: 76		accuracy = 0.7457970976829529
Training round: 77		accuracy = 0.7489855289459229
Training round: 78		accuracy = 0.7475362420082092
Training round: 79		accuracy = 0.7504347562789917
Training round: 80		accuracy = 0.7489855289459229
Training round: 81		accuracy = 0.7484058141708374
Training round: 82		accuracy = 0.7463768124580383
Training round: 83		accuracy = 0.750144898891449
Training round: 84		accuracy = 0.7457970976829529
Training round: 85		accuracy = 0.7495652437210083
Training round: 86		accuracy = 0.7486956715583801
Training round: 87		accuracy = 0.7489855289459229
Training round: 88		accuracy = 0.7484058141708374
Training round: 89		accuracy = 0.747826099395752
Training round: 90		accuracy = 0.747826099395752
Training round: 91		accuracy = 0.7486956715583801
Training round: 92		accuracy = 0.7504347562789917
Training round: 93		accuracy = 0.749855101108551
Training round: 94		accuracy = 0.7513043284416199
Training round: 95		accuracy = 0.750144898891449
Training round: 96		accuracy = 0.749855101108551
Training round: 97		accuracy = 0.7504347562789917
Training round: 98		accuracy = 0.7513043284416199
Training round: 99		accuracy = 0.7513043284416199
Training round: 100		accuracy = 0.7542029023170471
Training duration 5344.716348171234
