2021-08-12 09:29:46.830173: I tensorflow/stream_executor/platform/default/dso_loader.cc:49] Successfully opened dynamic library libcudart.so.11.0
2021-08-12 09:29:53.035985: I tensorflow/compiler/jit/xla_cpu_device.cc:41] Not creating XLA devices, tf_xla_enable_xla_devices not set
2021-08-12 09:29:53.038657: I tensorflow/stream_executor/platform/default/dso_loader.cc:49] Successfully opened dynamic library libcuda.so.1
2021-08-12 09:29:53.093636: I tensorflow/core/common_runtime/gpu/gpu_device.cc:1720] Found device 0 with properties: 
pciBusID: 0000:1d:00.0 name: Tesla V100-SXM2-16GB computeCapability: 7.0
coreClock: 1.53GHz coreCount: 80 deviceMemorySize: 15.78GiB deviceMemoryBandwidth: 836.37GiB/s
2021-08-12 09:29:53.093691: I tensorflow/stream_executor/platform/default/dso_loader.cc:49] Successfully opened dynamic library libcudart.so.11.0
2021-08-12 09:29:53.109728: I tensorflow/stream_executor/platform/default/dso_loader.cc:49] Successfully opened dynamic library libcublas.so.11
2021-08-12 09:29:53.109792: I tensorflow/stream_executor/platform/default/dso_loader.cc:49] Successfully opened dynamic library libcublasLt.so.11
2021-08-12 09:29:53.113694: I tensorflow/stream_executor/platform/default/dso_loader.cc:49] Successfully opened dynamic library libcufft.so.10
2021-08-12 09:29:53.115258: I tensorflow/stream_executor/platform/default/dso_loader.cc:49] Successfully opened dynamic library libcurand.so.10
2021-08-12 09:29:53.123259: I tensorflow/stream_executor/platform/default/dso_loader.cc:49] Successfully opened dynamic library libcusolver.so.10
2021-08-12 09:29:53.125062: I tensorflow/stream_executor/platform/default/dso_loader.cc:49] Successfully opened dynamic library libcusparse.so.11
2021-08-12 09:29:53.125531: I tensorflow/stream_executor/platform/default/dso_loader.cc:49] Successfully opened dynamic library libcudnn.so.8
2021-08-12 09:29:53.127191: I tensorflow/core/common_runtime/gpu/gpu_device.cc:1862] Adding visible gpu devices: 0
2021-08-12 09:29:53.127738: I tensorflow/core/platform/cpu_feature_guard.cc:142] This TensorFlow binary is optimized with oneAPI Deep Neural Network Library (oneDNN) to use the following CPU instructions in performance-critical operations:  AVX2 AVX512F FMA
To enable them in other operations, rebuild TensorFlow with the appropriate compiler flags.
2021-08-12 09:29:53.127934: I tensorflow/compiler/jit/xla_gpu_device.cc:99] Not creating XLA devices, tf_xla_enable_xla_devices not set
2021-08-12 09:29:53.128851: I tensorflow/core/common_runtime/gpu/gpu_device.cc:1720] Found device 0 with properties: 
pciBusID: 0000:1d:00.0 name: Tesla V100-SXM2-16GB computeCapability: 7.0
coreClock: 1.53GHz coreCount: 80 deviceMemorySize: 15.78GiB deviceMemoryBandwidth: 836.37GiB/s
2021-08-12 09:29:53.128882: I tensorflow/stream_executor/platform/default/dso_loader.cc:49] Successfully opened dynamic library libcudart.so.11.0
2021-08-12 09:29:53.128899: I tensorflow/stream_executor/platform/default/dso_loader.cc:49] Successfully opened dynamic library libcublas.so.11
2021-08-12 09:29:53.128913: I tensorflow/stream_executor/platform/default/dso_loader.cc:49] Successfully opened dynamic library libcublasLt.so.11
2021-08-12 09:29:53.128926: I tensorflow/stream_executor/platform/default/dso_loader.cc:49] Successfully opened dynamic library libcufft.so.10
2021-08-12 09:29:53.128940: I tensorflow/stream_executor/platform/default/dso_loader.cc:49] Successfully opened dynamic library libcurand.so.10
2021-08-12 09:29:53.128953: I tensorflow/stream_executor/platform/default/dso_loader.cc:49] Successfully opened dynamic library libcusolver.so.10
2021-08-12 09:29:53.128967: I tensorflow/stream_executor/platform/default/dso_loader.cc:49] Successfully opened dynamic library libcusparse.so.11
2021-08-12 09:29:53.128981: I tensorflow/stream_executor/platform/default/dso_loader.cc:49] Successfully opened dynamic library libcudnn.so.8
2021-08-12 09:29:53.130540: I tensorflow/core/common_runtime/gpu/gpu_device.cc:1862] Adding visible gpu devices: 0
2021-08-12 09:29:53.130580: I tensorflow/stream_executor/platform/default/dso_loader.cc:49] Successfully opened dynamic library libcudart.so.11.0
2021-08-12 09:29:53.896880: I tensorflow/core/common_runtime/gpu/gpu_device.cc:1261] Device interconnect StreamExecutor with strength 1 edge matrix:
2021-08-12 09:29:53.896923: I tensorflow/core/common_runtime/gpu/gpu_device.cc:1267]      0 
2021-08-12 09:29:53.896936: I tensorflow/core/common_runtime/gpu/gpu_device.cc:1280] 0:   N 
2021-08-12 09:29:53.899493: I tensorflow/core/common_runtime/gpu/gpu_device.cc:1406] Created TensorFlow device (/job:localhost/replica:0/task:0/device:GPU:0 with 14761 MB memory) -> physical GPU (device: 0, name: Tesla V100-SXM2-16GB, pci bus id: 0000:1d:00.0, compute capability: 7.0)
2021-08-12 09:29:54.407687: I tensorflow/compiler/mlir/mlir_graph_optimization_pass.cc:116] None of the MLIR optimization passes are enabled (registered 2)
2021-08-12 09:29:54.409730: I tensorflow/core/platform/profile_utils/cpu_utils.cc:112] CPU Frequency: 2400000000 Hz
2021-08-12 09:29:54.809184: I tensorflow/stream_executor/platform/default/dso_loader.cc:49] Successfully opened dynamic library libcublas.so.11
2021-08-12 09:29:55.209286: I tensorflow/stream_executor/platform/default/dso_loader.cc:49] Successfully opened dynamic library libcublasLt.so.11
2021-08-12 09:29:55.211678: I tensorflow/stream_executor/platform/default/dso_loader.cc:49] Successfully opened dynamic library libcudnn.so.8
2021-08-12 09:29:57.085844: W tensorflow/stream_executor/gpu/asm_compiler.cc:63] Running ptxas --version returned 256
2021-08-12 09:29:57.135666: W tensorflow/stream_executor/gpu/redzone_allocator.cc:314] Internal: ptxas exited with non-zero error code 256, output: 
Relying on driver to perform ptx compilation. 
Modify $PATH to customize ptxas location.
This message will be only logged once.
OverlapMutator started.
OverlapMutator finished.
Training round: 1		accuracy = 0.1274999976158142
Training round: 2		accuracy = 0.1256999969482422
Training round: 3		accuracy = 0.1696999967098236
Training round: 4		accuracy = 0.16369999945163727
Training round: 5		accuracy = 0.17810000479221344
Training round: 6		accuracy = 0.22179999947547913
Training round: 7		accuracy = 0.22380000352859497
Training round: 8		accuracy = 0.2313999980688095
Training round: 9		accuracy = 0.21780000627040863
Training round: 10		accuracy = 0.2806999981403351
Training round: 11		accuracy = 0.2775999903678894
Training round: 12		accuracy = 0.2678000032901764
Training round: 13		accuracy = 0.28760001063346863
Training round: 14		accuracy = 0.3192000091075897
Training round: 15		accuracy = 0.30649998784065247
Training round: 16		accuracy = 0.2750000059604645
Training round: 17		accuracy = 0.3531000018119812
Training round: 18		accuracy = 0.3440999984741211
Training round: 19		accuracy = 0.35839998722076416
Training round: 20		accuracy = 0.3273000121116638
Training round: 21		accuracy = 0.37540000677108765
Training round: 22		accuracy = 0.37119999527931213
Training round: 23		accuracy = 0.37059998512268066
Training round: 24		accuracy = 0.39169999957084656
Training round: 25		accuracy = 0.35569998621940613
Training round: 26		accuracy = 0.38659998774528503
Training round: 27		accuracy = 0.37630000710487366
Training round: 28		accuracy = 0.4162999987602234
Training round: 29		accuracy = 0.38760000467300415
Training round: 30		accuracy = 0.41100001335144043
Training round: 31		accuracy = 0.4016000032424927
Training round: 32		accuracy = 0.4072999954223633
Training round: 33		accuracy = 0.438400000333786
Training round: 34		accuracy = 0.4643999934196472
Training round: 35		accuracy = 0.462799996137619
Training round: 36		accuracy = 0.42340001463890076
Training round: 37		accuracy = 0.4162999987602234
Training round: 38		accuracy = 0.4287000000476837
Training round: 39		accuracy = 0.43149998784065247
Training round: 40		accuracy = 0.4142000079154968
Training round: 41		accuracy = 0.4546000063419342
Training round: 42		accuracy = 0.39500001072883606
Training round: 43		accuracy = 0.41690000891685486
Training round: 44		accuracy = 0.477400004863739
Training round: 45		accuracy = 0.41260001063346863
Training round: 46		accuracy = 0.4731000065803528
Training round: 47		accuracy = 0.44749999046325684
Training round: 48		accuracy = 0.5009999871253967
Training round: 49		accuracy = 0.46860000491142273
Training round: 50		accuracy = 0.48899999260902405
Training round: 51		accuracy = 0.5009999871253967
Training round: 52		accuracy = 0.4864000082015991
Training round: 53		accuracy = 0.453900009393692
Training round: 54		accuracy = 0.46160000562667847
Training round: 55		accuracy = 0.527400016784668
Training round: 56		accuracy = 0.5098999738693237
Training round: 57		accuracy = 0.5182999968528748
Training round: 58		accuracy = 0.5202999711036682
Training round: 59		accuracy = 0.5006999969482422
Training round: 60		accuracy = 0.5254999995231628
Training round: 61		accuracy = 0.5080999732017517
Training round: 62		accuracy = 0.5097000002861023
Training round: 63		accuracy = 0.5134000182151794
Training round: 64		accuracy = 0.5174999833106995
Training round: 65		accuracy = 0.5256999731063843
Training round: 66		accuracy = 0.5142999887466431
Training round: 67		accuracy = 0.5157999992370605
Training round: 68		accuracy = 0.5586000084877014
Training round: 69		accuracy = 0.5005000233650208
Training round: 70		accuracy = 0.5703999996185303
Training round: 71		accuracy = 0.5357000231742859
Training round: 72		accuracy = 0.5357999801635742
Training round: 73		accuracy = 0.5587999820709229
Training round: 74		accuracy = 0.541100025177002
Training round: 75		accuracy = 0.5101000070571899
Training round: 76		accuracy = 0.5437999963760376
Training round: 77		accuracy = 0.5277000069618225
Training round: 78		accuracy = 0.5544000267982483
Training round: 79		accuracy = 0.5375999808311462
Training round: 80		accuracy = 0.5525000095367432
Training round: 81		accuracy = 0.5564000010490417
Training round: 82		accuracy = 0.5863999724388123
Training round: 83		accuracy = 0.5910999774932861
Training round: 84		accuracy = 0.5597000122070312
Training round: 85		accuracy = 0.588100016117096
Training round: 86		accuracy = 0.5763999819755554
Training round: 87		accuracy = 0.5748000144958496
Training round: 88		accuracy = 0.6062999963760376
Training round: 89		accuracy = 0.5995000004768372
Training round: 90		accuracy = 0.5863000154495239
Training round: 91		accuracy = 0.5640000104904175
Training round: 92		accuracy = 0.5748999714851379
Training round: 93		accuracy = 0.5716999769210815
Training round: 94		accuracy = 0.5830000042915344
Training round: 95		accuracy = 0.6014999747276306
Training round: 96		accuracy = 0.5523999929428101
Training round: 97		accuracy = 0.5625
Training round: 98		accuracy = 0.5971999764442444
Training round: 99		accuracy = 0.6177999973297119
Training round: 100		accuracy = 0.5393999814987183
Training round: 101		accuracy = 0.6037999987602234
Training round: 102		accuracy = 0.5742999911308289
Training round: 103		accuracy = 0.5681999921798706
Training round: 104		accuracy = 0.5631999969482422
Training round: 105		accuracy = 0.5770000219345093
Training round: 106		accuracy = 0.5807999968528748
Training round: 107		accuracy = 0.618399977684021
Training round: 108		accuracy = 0.6186000108718872
Training round: 109		accuracy = 0.5950999855995178
Training round: 110		accuracy = 0.6359999775886536
Training round: 111		accuracy = 0.6092000007629395
Training round: 112		accuracy = 0.6110000014305115
Training round: 113		accuracy = 0.605400025844574
Training round: 114		accuracy = 0.5859000086784363
Training round: 115		accuracy = 0.5357000231742859
Training round: 116		accuracy = 0.6157000064849854
Training round: 117		accuracy = 0.636900007724762
Training round: 118		accuracy = 0.6043000221252441
Training round: 119		accuracy = 0.6092000007629395
Training round: 120		accuracy = 0.5871000289916992
Training round: 121		accuracy = 0.5968999862670898
Training round: 122		accuracy = 0.6276999711990356
Training round: 123		accuracy = 0.6044999957084656
Training round: 124		accuracy = 0.5913000106811523
Training round: 125		accuracy = 0.6182000041007996
Training round: 126		accuracy = 0.6310999989509583
Training round: 127		accuracy = 0.6431000232696533
Training round: 128		accuracy = 0.6273999810218811
Training round: 129		accuracy = 0.597599983215332
Training round: 130		accuracy = 0.607699990272522
Training round: 131		accuracy = 0.6003000140190125
Training round: 132		accuracy = 0.61080002784729
Training round: 133		accuracy = 0.6437000036239624
Training round: 134		accuracy = 0.6399000287055969
Training round: 135		accuracy = 0.6614000201225281
Training round: 136		accuracy = 0.5942999720573425
Training round: 137		accuracy = 0.6438000202178955
Training round: 138		accuracy = 0.6502000093460083
Training round: 139		accuracy = 0.6417999863624573
Training round: 140		accuracy = 0.64410001039505
Training round: 141		accuracy = 0.6115999817848206
Training round: 142		accuracy = 0.6330999732017517
Training round: 143		accuracy = 0.6414999961853027
Training round: 144		accuracy = 0.6646999716758728
Training round: 145		accuracy = 0.6421999931335449
Training round: 146		accuracy = 0.6283000111579895
Training round: 147		accuracy = 0.6334999799728394
Training round: 148		accuracy = 0.6212000250816345
Training round: 149		accuracy = 0.6456999778747559
Training round: 150		accuracy = 0.65420001745224
Training round: 151		accuracy = 0.5819000005722046
Training round: 152		accuracy = 0.6215999722480774
Training round: 153		accuracy = 0.6277999877929688
Training round: 154		accuracy = 0.5993000268936157
Training round: 155		accuracy = 0.6376000046730042
Training round: 156		accuracy = 0.6606000065803528
Training round: 157		accuracy = 0.6467000246047974
Training round: 158		accuracy = 0.6478999853134155
Training round: 159		accuracy = 0.6323000192642212
Training round: 160		accuracy = 0.6086999773979187
Training round: 161		accuracy = 0.6730999946594238
Training round: 162		accuracy = 0.659500002861023
Training round: 163		accuracy = 0.6371999979019165
Training round: 164		accuracy = 0.6277999877929688
Training round: 165		accuracy = 0.678600013256073
Training round: 166		accuracy = 0.6373999714851379
Training round: 167		accuracy = 0.6697999835014343
Training round: 168		accuracy = 0.6486999988555908
Training round: 169		accuracy = 0.6725000143051147
Training round: 170		accuracy = 0.6378999948501587
Training round: 171		accuracy = 0.6604999899864197
Training round: 172		accuracy = 0.6328999996185303
Training round: 173		accuracy = 0.6671000123023987
Training round: 174		accuracy = 0.6718999743461609
Training round: 175		accuracy = 0.6572999954223633
Training round: 176		accuracy = 0.6256999969482422
Training round: 177		accuracy = 0.6384000182151794
Training round: 178		accuracy = 0.6431999802589417
Training round: 179		accuracy = 0.6499000191688538
Training round: 180		accuracy = 0.6729000210762024
Training round: 181		accuracy = 0.6672999858856201
Training round: 182		accuracy = 0.6518999934196472
Training round: 183		accuracy = 0.6377999782562256
Training round: 184		accuracy = 0.6378999948501587
Training round: 185		accuracy = 0.652400016784668
Training round: 186		accuracy = 0.6796000003814697
Training round: 187		accuracy = 0.6389999985694885
Training round: 188		accuracy = 0.6484000086784363
Training round: 189		accuracy = 0.6635000109672546
Training round: 190		accuracy = 0.6765999794006348
Training round: 191		accuracy = 0.673799991607666
Training round: 192		accuracy = 0.6717000007629395
Training round: 193		accuracy = 0.6517999768257141
Training round: 194		accuracy = 0.661300003528595
Training round: 195		accuracy = 0.6639999747276306
Training round: 196		accuracy = 0.660099983215332
Training round: 197		accuracy = 0.6700999736785889
Training round: 198		accuracy = 0.6590999960899353
Training round: 199		accuracy = 0.6599000096321106
Training round: 200		accuracy = 0.6236000061035156
Training round: 201		accuracy = 0.6861000061035156
Training round: 202		accuracy = 0.6611999869346619
Training round: 203		accuracy = 0.6651999950408936
Training round: 204		accuracy = 0.6743000149726868
Training round: 205		accuracy = 0.6503000259399414
Training round: 206		accuracy = 0.6590999960899353
Training round: 207		accuracy = 0.6639999747276306
Training round: 208		accuracy = 0.6560999751091003
Training round: 209		accuracy = 0.6869000196456909
Training round: 210		accuracy = 0.6998999714851379
Training round: 211		accuracy = 0.6941999793052673
Training round: 212		accuracy = 0.6743999719619751
Training round: 213		accuracy = 0.6528000235557556
Training round: 214		accuracy = 0.6744999885559082
Training round: 215		accuracy = 0.6941999793052673
Training round: 216		accuracy = 0.6852999925613403
Training round: 217		accuracy = 0.6766999959945679
Training round: 218		accuracy = 0.6758000254631042
Training round: 219		accuracy = 0.682200014591217
Training round: 220		accuracy = 0.6668000221252441
Training round: 221		accuracy = 0.6243000030517578
Training round: 222		accuracy = 0.6865000128746033
Training round: 223		accuracy = 0.683899998664856
Training round: 224		accuracy = 0.677299976348877
Training round: 225		accuracy = 0.6657000184059143
Training round: 226		accuracy = 0.7019000053405762
Training round: 227		accuracy = 0.670799970626831
Training round: 228		accuracy = 0.682200014591217
Training round: 229		accuracy = 0.680899977684021
Training round: 230		accuracy = 0.6880999803543091
Training round: 231		accuracy = 0.7031000256538391
Training round: 232		accuracy = 0.6988000273704529
Training round: 233		accuracy = 0.6955999732017517
Training round: 234		accuracy = 0.6399000287055969
Training round: 235		accuracy = 0.6953999996185303
Training round: 236		accuracy = 0.6833000183105469
Training round: 237		accuracy = 0.696399986743927
Training round: 238		accuracy = 0.666700005531311
Training round: 239		accuracy = 0.6653000116348267
Training round: 240		accuracy = 0.6858000159263611
Training round: 241		accuracy = 0.6687999963760376
Training round: 242		accuracy = 0.6478000283241272
Training round: 243		accuracy = 0.6969000101089478
Training round: 244		accuracy = 0.7038999795913696
Training round: 245		accuracy = 0.6858000159263611
Training round: 246		accuracy = 0.6830999851226807
Training round: 247		accuracy = 0.6621000170707703
Training round: 248		accuracy = 0.710099995136261
Training round: 249		accuracy = 0.6740000247955322
Training round: 250		accuracy = 0.6748999953269958
Training round: 251		accuracy = 0.6881999969482422
Training round: 252		accuracy = 0.6995000243186951
Training round: 253		accuracy = 0.6840999722480774
Training round: 254		accuracy = 0.6977999806404114
Training round: 255		accuracy = 0.6859999895095825
Training round: 256		accuracy = 0.6848000288009644
Training round: 257		accuracy = 0.6822999715805054
Training round: 258		accuracy = 0.7092999815940857
Training round: 259		accuracy = 0.6976000070571899
Training round: 260		accuracy = 0.6870999932289124
Training round: 261		accuracy = 0.7085999846458435
Training round: 262		accuracy = 0.6746000051498413
Training round: 263		accuracy = 0.7095000147819519
Training round: 264		accuracy = 0.6843000054359436
Training round: 265		accuracy = 0.70169997215271
Training round: 266		accuracy = 0.6832000017166138
Training round: 267		accuracy = 0.7113999724388123
Training round: 268		accuracy = 0.6883999705314636
Training round: 269		accuracy = 0.7014999985694885
Training round: 270		accuracy = 0.703499972820282
Training round: 271		accuracy = 0.694599986076355
Training round: 272		accuracy = 0.7213000059127808
Training round: 273		accuracy = 0.6769000291824341
Training round: 274		accuracy = 0.6970999836921692
Training round: 275		accuracy = 0.6990000009536743
Training round: 276		accuracy = 0.7056000232696533
Training round: 277		accuracy = 0.7141000032424927
Training round: 278		accuracy = 0.724399983882904
Training round: 279		accuracy = 0.7009999752044678
Training round: 280		accuracy = 0.6998999714851379
Training round: 281		accuracy = 0.7245000004768372
Training round: 282		accuracy = 0.7138000130653381
Training round: 283		accuracy = 0.6872000098228455
Training round: 284		accuracy = 0.6680999994277954
Training round: 285		accuracy = 0.7110000252723694
Training round: 286		accuracy = 0.7138000130653381
Training round: 287		accuracy = 0.7159000039100647
Training round: 288		accuracy = 0.7110000252723694
Training round: 289		accuracy = 0.7060999870300293
Training round: 290		accuracy = 0.6779999732971191
Training round: 291		accuracy = 0.7203999757766724
Training round: 292		accuracy = 0.7179999947547913
Training round: 293		accuracy = 0.7148000001907349
Training round: 294		accuracy = 0.6942999958992004
Training round: 295		accuracy = 0.7035999894142151
Training round: 296		accuracy = 0.7064999938011169
Training round: 297		accuracy = 0.7289999723434448
Training round: 298		accuracy = 0.724399983882904
Training round: 299		accuracy = 0.7297999858856201
Training round: 300		accuracy = 0.7261999845504761
Training round: 301		accuracy = 0.652899980545044
Training round: 302		accuracy = 0.718999981880188
Training round: 303		accuracy = 0.7225000262260437
Training round: 304		accuracy = 0.7214000225067139
Training round: 305		accuracy = 0.7021999955177307
Training round: 306		accuracy = 0.7020000219345093
Training round: 307		accuracy = 0.722000002861023
Training round: 308		accuracy = 0.6937999725341797
Training round: 309		accuracy = 0.7182000279426575
Training round: 310		accuracy = 0.7177000045776367
Training round: 311		accuracy = 0.6827999949455261
Training round: 312		accuracy = 0.7181000113487244
Training round: 313		accuracy = 0.7059000134468079
Training round: 314		accuracy = 0.7069000005722046
Training round: 315		accuracy = 0.6790000200271606
Training round: 316		accuracy = 0.7102000117301941
Training round: 317		accuracy = 0.7024999856948853
Training round: 318		accuracy = 0.7110000252723694
Training round: 319		accuracy = 0.7121000289916992
Training round: 320		accuracy = 0.7271999716758728
Training round: 321		accuracy = 0.7175999879837036
Training round: 322		accuracy = 0.7106000185012817
Training round: 323		accuracy = 0.7192999720573425
Training round: 324		accuracy = 0.7080000042915344
Training round: 325		accuracy = 0.7200999855995178
Training round: 326		accuracy = 0.7208999991416931
Training round: 327		accuracy = 0.7228000164031982
Training round: 328		accuracy = 0.7225000262260437
Training round: 329		accuracy = 0.7182999849319458
Training round: 330		accuracy = 0.7124999761581421
Training round: 331		accuracy = 0.7157999873161316
Training round: 332		accuracy = 0.730400025844574
Training round: 333		accuracy = 0.7110000252723694
Training round: 334		accuracy = 0.7222999930381775
Training round: 335		accuracy = 0.6973999738693237
Training round: 336		accuracy = 0.7134000062942505
Training round: 337		accuracy = 0.7215999960899353
Training round: 338		accuracy = 0.708899974822998
Training round: 339		accuracy = 0.7203999757766724
Training round: 340		accuracy = 0.7366999983787537
Training round: 341		accuracy = 0.7028999924659729
Training round: 342		accuracy = 0.7251999974250793
Training round: 343		accuracy = 0.6991999745368958
Training round: 344		accuracy = 0.6955999732017517
Training round: 345		accuracy = 0.7225000262260437
Training round: 346		accuracy = 0.7195000052452087
Training round: 347		accuracy = 0.7106999754905701
Training round: 348		accuracy = 0.7124999761581421
Training round: 349		accuracy = 0.7077999711036682
Training round: 350		accuracy = 0.7135000228881836
Training round: 351		accuracy = 0.71670001745224
Training round: 352		accuracy = 0.7193999886512756
Training round: 353		accuracy = 0.708899974822998
Training round: 354		accuracy = 0.7275999784469604
Training round: 355		accuracy = 0.7195000052452087
Training round: 356		accuracy = 0.7253999710083008
Training round: 357		accuracy = 0.7304999828338623
Training round: 358		accuracy = 0.7275999784469604
Training round: 359		accuracy = 0.7301999926567078
Training round: 360		accuracy = 0.7027000188827515
Training round: 361		accuracy = 0.7281000018119812
Training round: 362		accuracy = 0.7124999761581421
Training round: 363		accuracy = 0.7132999897003174
Training round: 364		accuracy = 0.7264999747276306
Training round: 365		accuracy = 0.7128999829292297
Training round: 366		accuracy = 0.7135999798774719
Training round: 367		accuracy = 0.7282000184059143
Training round: 368		accuracy = 0.7172999978065491
Training round: 369		accuracy = 0.7254999876022339
Training round: 370		accuracy = 0.7361999750137329
Training round: 371		accuracy = 0.7357000112533569
Training round: 372		accuracy = 0.7269999980926514
Training round: 373		accuracy = 0.7275999784469604
Training round: 374		accuracy = 0.7123000025749207
Training round: 375		accuracy = 0.7069000005722046
Training round: 376		accuracy = 0.7315999865531921
Training round: 377		accuracy = 0.7231000065803528
Training round: 378		accuracy = 0.7152000069618225
Training round: 379		accuracy = 0.723800003528595
Training round: 380		accuracy = 0.7301999926567078
Training round: 381		accuracy = 0.7282000184059143
Training round: 382		accuracy = 0.7224000096321106
Training round: 383		accuracy = 0.7294999957084656
Training round: 384		accuracy = 0.7365000247955322
Training round: 385		accuracy = 0.737500011920929
Training round: 386		accuracy = 0.7245000004768372
Training round: 387		accuracy = 0.7239000201225281
Training round: 388		accuracy = 0.694100022315979
Training round: 389		accuracy = 0.7142999768257141
Training round: 390		accuracy = 0.736299991607666
Training round: 391		accuracy = 0.7317000031471252
Training round: 392		accuracy = 0.729200005531311
Training round: 393		accuracy = 0.720300018787384
Training round: 394		accuracy = 0.7444999814033508
Training round: 395		accuracy = 0.7329999804496765
Training round: 396		accuracy = 0.7231000065803528
Training round: 397		accuracy = 0.7075999975204468
Training round: 398		accuracy = 0.7192000150680542
Training round: 399		accuracy = 0.7260000109672546
Training round: 400		accuracy = 0.7206000089645386
Training round: 401		accuracy = 0.7196999788284302
Training round: 402		accuracy = 0.732200026512146
Training round: 403		accuracy = 0.7092999815940857
Training round: 404		accuracy = 0.7164000272750854
Training round: 405		accuracy = 0.7267000079154968
Training round: 406		accuracy = 0.722100019454956
Training round: 407		accuracy = 0.7046999931335449
Training round: 408		accuracy = 0.7311000227928162
Training round: 409		accuracy = 0.7240999937057495
Training round: 410		accuracy = 0.7059999704360962
Training round: 411		accuracy = 0.7372000217437744
Training round: 412		accuracy = 0.7382000088691711
Training round: 413		accuracy = 0.7210000157356262
Training round: 414		accuracy = 0.7429999709129333
Training round: 415		accuracy = 0.7329000234603882
Training round: 416		accuracy = 0.7215999960899353
Training round: 417		accuracy = 0.7328000068664551
Training round: 418		accuracy = 0.7287999987602234
Training round: 419		accuracy = 0.7342000007629395
Training round: 420		accuracy = 0.722599983215332
Training round: 421		accuracy = 0.71670001745224
Training round: 422		accuracy = 0.7174000144004822
Training round: 423		accuracy = 0.7299000024795532
Training round: 424		accuracy = 0.7365000247955322
Training round: 425		accuracy = 0.7260000109672546
Training round: 426		accuracy = 0.7257999777793884
Training round: 427		accuracy = 0.7289999723434448
Training round: 428		accuracy = 0.7285000085830688
Training round: 429		accuracy = 0.7254999876022339
Training round: 430		accuracy = 0.73580002784729
Training round: 431		accuracy = 0.7312999963760376
Training round: 432		accuracy = 0.7113999724388123
Training round: 433		accuracy = 0.7215999960899353
Training round: 434		accuracy = 0.7307999730110168
Training round: 435		accuracy = 0.7378000020980835
Training round: 436		accuracy = 0.7321000099182129
Training round: 437		accuracy = 0.741599977016449
Training round: 438		accuracy = 0.7312999963760376
Training round: 439		accuracy = 0.7186999917030334
Training round: 440		accuracy = 0.7301999926567078
Training round: 441		accuracy = 0.728600025177002
Training round: 442		accuracy = 0.7199000120162964
Training round: 443		accuracy = 0.7293999791145325
Training round: 444		accuracy = 0.7348999977111816
Training round: 445		accuracy = 0.7400000095367432
Training round: 446		accuracy = 0.7278000116348267
Training round: 447		accuracy = 0.7382000088691711
Training round: 448		accuracy = 0.7275000214576721
Training round: 449		accuracy = 0.7275999784469604
Training round: 450		accuracy = 0.7253999710083008
Training round: 451		accuracy = 0.732699990272522
Training round: 452		accuracy = 0.7437000274658203
Training round: 453		accuracy = 0.7458000183105469
Training round: 454		accuracy = 0.7041000127792358
Training round: 455		accuracy = 0.7411999702453613
Training round: 456		accuracy = 0.7348999977111816
Training round: 457		accuracy = 0.7368999719619751
Training round: 458		accuracy = 0.7440999746322632
Training round: 459		accuracy = 0.7459999918937683
Training round: 460		accuracy = 0.7103000283241272
Training round: 461		accuracy = 0.73580002784729
Training round: 462		accuracy = 0.7245000004768372
Training round: 463		accuracy = 0.7434999942779541
Training round: 464		accuracy = 0.7289999723434448
Training round: 465		accuracy = 0.7394000291824341
Training round: 466		accuracy = 0.7152000069618225
Training round: 467		accuracy = 0.7239999771118164
Training round: 468		accuracy = 0.7415000200271606
Training round: 469		accuracy = 0.724399983882904
Training round: 470		accuracy = 0.730400025844574
Training round: 471		accuracy = 0.7221999764442444
Training round: 472		accuracy = 0.7415000200271606
Training round: 473		accuracy = 0.7360000014305115
Training round: 474		accuracy = 0.7394999861717224
Training round: 475		accuracy = 0.7239000201225281
Training round: 476		accuracy = 0.7454000115394592
Training round: 477		accuracy = 0.725600004196167
Training round: 478		accuracy = 0.744700014591217
Training round: 479		accuracy = 0.7182000279426575
Training round: 480		accuracy = 0.7124999761581421
Training round: 481		accuracy = 0.7504000067710876
Training round: 482		accuracy = 0.7379000186920166
Training round: 483		accuracy = 0.7129999995231628
Training round: 484		accuracy = 0.7333999872207642
Training round: 485		accuracy = 0.7321000099182129
Training round: 486		accuracy = 0.7368000149726868
Training round: 487		accuracy = 0.7272999882698059
Training round: 488		accuracy = 0.7457000017166138
Training round: 489		accuracy = 0.7355999946594238
Training round: 490		accuracy = 0.7315999865531921
Training round: 491		accuracy = 0.7486000061035156
Training round: 492		accuracy = 0.7433000206947327
Training round: 493		accuracy = 0.733299970626831
Training round: 494		accuracy = 0.7397000193595886
Training round: 495		accuracy = 0.7466999888420105
Training round: 496		accuracy = 0.7364000082015991
Training round: 497		accuracy = 0.7297999858856201
Training round: 498		accuracy = 0.7361999750137329
Training round: 499		accuracy = 0.718500018119812
Training round: 500		accuracy = 0.7487000226974487
Training round: 501		accuracy = 0.7451000213623047
Training round: 502		accuracy = 0.7407000064849854
Training round: 503		accuracy = 0.7178999781608582
Training round: 504		accuracy = 0.7432000041007996
Training round: 505		accuracy = 0.7361000180244446
Training round: 506		accuracy = 0.7421000003814697
Training round: 507		accuracy = 0.7487000226974487
Training round: 508		accuracy = 0.7261000275611877
Training round: 509		accuracy = 0.733299970626831
Training round: 510		accuracy = 0.7440000176429749
Training round: 511		accuracy = 0.7321000099182129
Training round: 512		accuracy = 0.7127000093460083
Training round: 513		accuracy = 0.7477999925613403
Training round: 514		accuracy = 0.7386999726295471
Training round: 515		accuracy = 0.7437000274658203
Training round: 516		accuracy = 0.7376000285148621
Training round: 517		accuracy = 0.7429999709129333
Training round: 518		accuracy = 0.7203999757766724
Training round: 519		accuracy = 0.7142999768257141
Training round: 520		accuracy = 0.7455000281333923
Training round: 521		accuracy = 0.7429999709129333
Training round: 522		accuracy = 0.7254999876022339
Training round: 523		accuracy = 0.7279999852180481
Training round: 524		accuracy = 0.7408999800682068
Training round: 525		accuracy = 0.7432000041007996
Training round: 526		accuracy = 0.7501999735832214
Training round: 527		accuracy = 0.7317000031471252
Training round: 528		accuracy = 0.7397000193595886
Training round: 529		accuracy = 0.7441999912261963
Training round: 530		accuracy = 0.739799976348877
Training round: 531		accuracy = 0.7278000116348267
Training round: 532		accuracy = 0.7447999715805054
Training round: 533		accuracy = 0.7215999960899353
Training round: 534		accuracy = 0.748199999332428
Training round: 535		accuracy = 0.7360000014305115
Training round: 536		accuracy = 0.739300012588501
Training round: 537		accuracy = 0.7426000237464905
Training round: 538		accuracy = 0.7440000176429749
Training round: 539		accuracy = 0.7315000295639038
Training round: 540		accuracy = 0.7487999796867371
Training round: 541		accuracy = 0.7401999831199646
Training round: 542		accuracy = 0.739799976348877
Training round: 543		accuracy = 0.7451000213623047
Training round: 544		accuracy = 0.7328000068664551
Training round: 545		accuracy = 0.743399977684021
Training round: 546		accuracy = 0.7473000288009644
Training round: 547		accuracy = 0.7411999702453613
Training round: 548		accuracy = 0.7444000244140625
Training round: 549		accuracy = 0.7383000254631042
Training round: 550		accuracy = 0.7548999786376953
Training round: 551		accuracy = 0.7249000072479248
Training round: 552		accuracy = 0.7332000136375427
Training round: 553		accuracy = 0.7458000183105469
Training round: 554		accuracy = 0.7439000010490417
Training round: 555		accuracy = 0.7526000142097473
Training round: 556		accuracy = 0.7350999712944031
Training round: 557		accuracy = 0.733299970626831
Training round: 558		accuracy = 0.7419000267982483
Training round: 559		accuracy = 0.7364000082015991
Training round: 560		accuracy = 0.7454000115394592
Training round: 561		accuracy = 0.7452999949455261
Training round: 562		accuracy = 0.7239000201225281
Training round: 563		accuracy = 0.7411999702453613
Training round: 564		accuracy = 0.7498999834060669
Training round: 565		accuracy = 0.7415000200271606
Training round: 566		accuracy = 0.7290999889373779
Training round: 567		accuracy = 0.7480999827384949
Training round: 568		accuracy = 0.7426000237464905
Training round: 569		accuracy = 0.7275000214576721
Training round: 570		accuracy = 0.7540000081062317
Training round: 571		accuracy = 0.7419000267982483
Training round: 572		accuracy = 0.7452999949455261
Training round: 573		accuracy = 0.748199999332428
Training round: 574		accuracy = 0.7287999987602234
Training round: 575		accuracy = 0.7523000240325928
Training round: 576		accuracy = 0.7494999766349792
Training round: 577		accuracy = 0.7336999773979187
Training round: 578		accuracy = 0.7473000288009644
Training round: 579		accuracy = 0.7427999973297119
Training round: 580		accuracy = 0.7408000230789185
Training round: 581		accuracy = 0.7458000183105469
Training round: 582		accuracy = 0.7332000136375427
Training round: 583		accuracy = 0.7236999869346619
Training round: 584		accuracy = 0.741599977016449
Training round: 585		accuracy = 0.7533000111579895
Training round: 586		accuracy = 0.7475000023841858
Training round: 587		accuracy = 0.7488999962806702
Training round: 588		accuracy = 0.7462000250816345
Training round: 589		accuracy = 0.7530999779701233
Training round: 590		accuracy = 0.7390999794006348
Training round: 591		accuracy = 0.739799976348877
Training round: 592		accuracy = 0.7480000257492065
Training round: 593		accuracy = 0.7519000172615051
Training round: 594		accuracy = 0.7488999962806702
Training round: 595		accuracy = 0.7450000047683716
Training round: 596		accuracy = 0.746999979019165
Training round: 597		accuracy = 0.7490000128746033
Training round: 598		accuracy = 0.7498999834060669
Training round: 599		accuracy = 0.7366999983787537
Training round: 600		accuracy = 0.7408999800682068
Training round: 601		accuracy = 0.7378000020980835
Training round: 602		accuracy = 0.7436000108718872
Training round: 603		accuracy = 0.722100019454956
Training round: 604		accuracy = 0.7538999915122986
Training round: 605		accuracy = 0.7501000165939331
Training round: 606		accuracy = 0.7444999814033508
Training round: 607		accuracy = 0.7523000240325928
Training round: 608		accuracy = 0.7465999722480774
Training round: 609		accuracy = 0.7430999875068665
Training round: 610		accuracy = 0.7282999753952026
Training round: 611		accuracy = 0.7523000240325928
Training round: 612		accuracy = 0.7430999875068665
Training round: 613		accuracy = 0.7577000260353088
Training round: 614		accuracy = 0.7333999872207642
Training round: 615		accuracy = 0.7509999871253967
Training round: 616		accuracy = 0.7512000203132629
Training round: 617		accuracy = 0.7487000226974487
Training round: 618		accuracy = 0.7434999942779541
Training round: 619		accuracy = 0.7527999877929688
Training round: 620		accuracy = 0.7423999905586243
Training round: 621		accuracy = 0.7497000098228455
Training round: 622		accuracy = 0.7613999843597412
Training round: 623		accuracy = 0.7386000156402588
Training round: 624		accuracy = 0.7459999918937683
Training round: 625		accuracy = 0.7157999873161316
Training round: 626		accuracy = 0.7455999851226807
Training round: 627		accuracy = 0.7608000040054321
Training round: 628		accuracy = 0.7407000064849854
Training round: 629		accuracy = 0.7480999827384949
Training round: 630		accuracy = 0.7426999807357788
Training round: 631		accuracy = 0.7415000200271606
Training round: 632		accuracy = 0.7440999746322632
Training round: 633		accuracy = 0.7261999845504761
Training round: 634		accuracy = 0.7551000118255615
Training round: 635		accuracy = 0.7486000061035156
Training round: 636		accuracy = 0.7477999925613403
Training round: 637		accuracy = 0.7465000152587891
Training round: 638		accuracy = 0.7519000172615051
Training round: 639		accuracy = 0.7477999925613403
Training round: 640		accuracy = 0.7558000087738037
Training round: 641		accuracy = 0.7396000027656555
Training round: 642		accuracy = 0.7506999969482422
Training round: 643		accuracy = 0.7504000067710876
Training round: 644		accuracy = 0.756600022315979
Training round: 645		accuracy = 0.7490000128746033
Training round: 646		accuracy = 0.7534000277519226
Training round: 647		accuracy = 0.7319999933242798
Training round: 648		accuracy = 0.7425000071525574
Training round: 649		accuracy = 0.7656999826431274
Training round: 650		accuracy = 0.7584999799728394
Training round: 651		accuracy = 0.7414000034332275
Training round: 652		accuracy = 0.7473999857902527
Training round: 653		accuracy = 0.7544999718666077
Training round: 654		accuracy = 0.7462999820709229
Training round: 655		accuracy = 0.7487000226974487
Training round: 656		accuracy = 0.7386000156402588
Training round: 657		accuracy = 0.7559000253677368
Training round: 658		accuracy = 0.7425000071525574
Training round: 659		accuracy = 0.7522000074386597
Training round: 660		accuracy = 0.7386000156402588
Training round: 661		accuracy = 0.7473999857902527
Training round: 662		accuracy = 0.7577999830245972
Training round: 663		accuracy = 0.7325999736785889
Training round: 664		accuracy = 0.7554000020027161
Training round: 665		accuracy = 0.7402999997138977
Training round: 666		accuracy = 0.75
Training round: 667		accuracy = 0.7386000156402588
Training round: 668		accuracy = 0.7520999908447266
Training round: 669		accuracy = 0.7390999794006348
Training round: 670		accuracy = 0.7378000020980835
Training round: 671		accuracy = 0.7491000294685364
Training round: 672		accuracy = 0.7462000250816345
Training round: 673		accuracy = 0.7502999901771545
Training round: 674		accuracy = 0.7537000179290771
Training round: 675		accuracy = 0.7642999887466431
Training round: 676		accuracy = 0.758400022983551
Training round: 677		accuracy = 0.7190999984741211
Training round: 678		accuracy = 0.7409999966621399
Training round: 679		accuracy = 0.7570000290870667
Training round: 680		accuracy = 0.7372999787330627
Training round: 681		accuracy = 0.7491999864578247
Training round: 682		accuracy = 0.753600001335144
Training round: 683		accuracy = 0.7544999718666077
Training round: 684		accuracy = 0.7419999837875366
Training round: 685		accuracy = 0.7506999969482422
Training round: 686		accuracy = 0.7558000087738037
Training round: 687		accuracy = 0.7347000241279602
Training round: 688		accuracy = 0.7486000061035156
Training round: 689		accuracy = 0.744700014591217
Training round: 690		accuracy = 0.7335000038146973
Training round: 691		accuracy = 0.7480000257492065
Training round: 692		accuracy = 0.7598000168800354
Training round: 693		accuracy = 0.7588000297546387
Training round: 694		accuracy = 0.7549999952316284
Training round: 695		accuracy = 0.7537999749183655
Training round: 696		accuracy = 0.7542999982833862
Training round: 697		accuracy = 0.7555000185966492
Training round: 698		accuracy = 0.7322999835014343
Training round: 699		accuracy = 0.7443000078201294
Training round: 700		accuracy = 0.7354999780654907
Training round: 701		accuracy = 0.756600022315979
Training round: 702		accuracy = 0.7513999938964844
Training round: 703		accuracy = 0.7340999841690063
Training round: 704		accuracy = 0.7278000116348267
Training round: 705		accuracy = 0.7529000043869019
Training round: 706		accuracy = 0.7601000070571899
Training round: 707		accuracy = 0.7583000063896179
Training round: 708		accuracy = 0.7523000240325928
Training round: 709		accuracy = 0.7547000050544739
Training round: 710		accuracy = 0.7617999911308289
Training round: 711		accuracy = 0.760699987411499
Training round: 712		accuracy = 0.7605000138282776
Training round: 713		accuracy = 0.7544999718666077
Training round: 714		accuracy = 0.7551000118255615
Training round: 715		accuracy = 0.7404999732971191
Training round: 716		accuracy = 0.7594000101089478
Training round: 717		accuracy = 0.7572000026702881
Training round: 718		accuracy = 0.7559000253677368
Training round: 719		accuracy = 0.7562000155448914
Training round: 720		accuracy = 0.7387999892234802
Training round: 721		accuracy = 0.7484999895095825
Training round: 722		accuracy = 0.7440000176429749
Training round: 723		accuracy = 0.7540000081062317
Training round: 724		accuracy = 0.7633000016212463
Training round: 725		accuracy = 0.7597000002861023
Training round: 726		accuracy = 0.7394000291824341
Training round: 727		accuracy = 0.757099986076355
Training round: 728		accuracy = 0.7335000038146973
Training round: 729		accuracy = 0.739799976348877
Training round: 730		accuracy = 0.7398999929428101
Training round: 731		accuracy = 0.7426999807357788
Training round: 732		accuracy = 0.7529000043869019
Training round: 733		accuracy = 0.7549999952316284
Training round: 734		accuracy = 0.7493000030517578
Training round: 735		accuracy = 0.7623000144958496
Training round: 736		accuracy = 0.7555999755859375
Training round: 737		accuracy = 0.7440999746322632
Training round: 738		accuracy = 0.7577000260353088
Training round: 739		accuracy = 0.7441999912261963
Training round: 740		accuracy = 0.7534999847412109
Training round: 741		accuracy = 0.7573000192642212
Training round: 742		accuracy = 0.7576000094413757
Training round: 743		accuracy = 0.7468000054359436
Training round: 744		accuracy = 0.7505000233650208
Training round: 745		accuracy = 0.751800000667572
Training round: 746		accuracy = 0.7559999823570251
Training round: 747		accuracy = 0.7376000285148621
Training round: 748		accuracy = 0.7398999929428101
Training round: 749		accuracy = 0.75
Training round: 750		accuracy = 0.7612000107765198
Training round: 751		accuracy = 0.7638000249862671
Training round: 752		accuracy = 0.7598000168800354
Training round: 753		accuracy = 0.7638000249862671
Training round: 754		accuracy = 0.7365999817848206
Training round: 755		accuracy = 0.7526999711990356
Training round: 756		accuracy = 0.722599983215332
Training round: 757		accuracy = 0.7462999820709229
Training round: 758		accuracy = 0.7562000155448914
Training round: 759		accuracy = 0.7418000102043152
Training round: 760		accuracy = 0.7617999911308289
Training round: 761		accuracy = 0.7504000067710876
Training round: 762		accuracy = 0.7554000020027161
Training round: 763		accuracy = 0.7437999844551086
Training round: 764		accuracy = 0.7603999972343445
Training round: 765		accuracy = 0.7580000162124634
Training round: 766		accuracy = 0.7480000257492065
Training round: 767		accuracy = 0.7620999813079834
Training round: 768		accuracy = 0.7612000107765198
Training round: 769		accuracy = 0.7648000121116638
Training round: 770		accuracy = 0.7577000260353088
Training round: 771		accuracy = 0.7490000128746033
Training round: 772		accuracy = 0.7638000249862671
Training round: 773		accuracy = 0.7452999949455261
Training round: 774		accuracy = 0.7530999779701233
Training round: 775		accuracy = 0.7621999979019165
Training round: 776		accuracy = 0.7461000084877014
Training round: 777		accuracy = 0.758899986743927
Training round: 778		accuracy = 0.7641000151634216
Training round: 779		accuracy = 0.7501000165939331
Training round: 780		accuracy = 0.7572000026702881
Training round: 781		accuracy = 0.7540000081062317
Training round: 782		accuracy = 0.7612000107765198
Training round: 783		accuracy = 0.7487000226974487
Training round: 784		accuracy = 0.734000027179718
Training round: 785		accuracy = 0.7657999992370605
Training round: 786		accuracy = 0.7605999708175659
Training round: 787		accuracy = 0.7547000050544739
Training round: 788		accuracy = 0.7538999915122986
Training round: 789		accuracy = 0.76419997215271
Training round: 790		accuracy = 0.7559999823570251
Training round: 791		accuracy = 0.7603999972343445
Training round: 792		accuracy = 0.7562000155448914
Training round: 793		accuracy = 0.7656000256538391
Training round: 794		accuracy = 0.7566999793052673
Training round: 795		accuracy = 0.760200023651123
Training round: 796		accuracy = 0.7527999877929688
Training round: 797		accuracy = 0.7603999972343445
Training round: 798		accuracy = 0.7594000101089478
Training round: 799		accuracy = 0.7556999921798706
Training round: 800		accuracy = 0.7526000142097473
Training round: 801		accuracy = 0.7645000219345093
Training round: 802		accuracy = 0.7584999799728394
Training round: 803		accuracy = 0.7645999789237976
Training round: 804		accuracy = 0.7634999752044678
Training round: 805		accuracy = 0.7425000071525574
Training round: 806		accuracy = 0.7538999915122986
Training round: 807		accuracy = 0.7556999921798706
Training round: 808		accuracy = 0.7572000026702881
Training round: 809		accuracy = 0.7605999708175659
Training round: 810		accuracy = 0.7531999945640564
Training round: 811		accuracy = 0.7605000138282776
Training round: 812		accuracy = 0.7576000094413757
Training round: 813		accuracy = 0.7627999782562256
Training round: 814		accuracy = 0.7585999965667725
Training round: 815		accuracy = 0.7552000284194946
Training round: 816		accuracy = 0.7526000142097473
Training round: 817		accuracy = 0.7685999870300293
Training round: 818		accuracy = 0.7617999911308289
Training round: 819		accuracy = 0.7516999840736389
Training round: 820		accuracy = 0.7440999746322632
Training round: 821		accuracy = 0.7515000104904175
Training round: 822		accuracy = 0.7573999762535095
Training round: 823		accuracy = 0.7409999966621399
Training round: 824		accuracy = 0.7623999714851379
Training round: 825		accuracy = 0.7559999823570251
Training round: 826		accuracy = 0.7592999935150146
Training round: 827		accuracy = 0.7508000135421753
Training round: 828		accuracy = 0.7616999745368958
Training round: 829		accuracy = 0.7473000288009644
Training round: 830		accuracy = 0.751800000667572
Training round: 831		accuracy = 0.7610999941825867
Training round: 832		accuracy = 0.7405999898910522
Training round: 833		accuracy = 0.7459999918937683
Training round: 834		accuracy = 0.7674999833106995
Training round: 835		accuracy = 0.7627999782562256
Training round: 836		accuracy = 0.7542999982833862
Training round: 837		accuracy = 0.7160999774932861
Training round: 838		accuracy = 0.7452999949455261
Training round: 839		accuracy = 0.7602999806404114
Training round: 840		accuracy = 0.7401000261306763
Training round: 841		accuracy = 0.7501000165939331
Training round: 842		accuracy = 0.7638999819755554
Training round: 843		accuracy = 0.7578999996185303
Training round: 844		accuracy = 0.7502999901771545
Training round: 845		accuracy = 0.7555999755859375
Training round: 846		accuracy = 0.7573000192642212
Training round: 847		accuracy = 0.7530999779701233
Training round: 848		accuracy = 0.7519000172615051
Training round: 849		accuracy = 0.7515000104904175
Training round: 850		accuracy = 0.7505999803543091
Training round: 851		accuracy = 0.7376999855041504
Training round: 852		accuracy = 0.7549999952316284
Training round: 853		accuracy = 0.7573999762535095
Training round: 854		accuracy = 0.7556999921798706
Training round: 855		accuracy = 0.7605999708175659
Training round: 856		accuracy = 0.7506999969482422
Training round: 857		accuracy = 0.7577000260353088
Training round: 858		accuracy = 0.7616000175476074
Training round: 859		accuracy = 0.7570000290870667
Training round: 860		accuracy = 0.7609000205993652
Training round: 861		accuracy = 0.7584999799728394
Training round: 862		accuracy = 0.7590000033378601
Training round: 863		accuracy = 0.7634999752044678
Training round: 864		accuracy = 0.7522000074386597
Training round: 865		accuracy = 0.760699987411499
Training round: 866		accuracy = 0.7594000101089478
Training round: 867		accuracy = 0.7541999816894531
Training round: 868		accuracy = 0.7597000002861023
Training round: 869		accuracy = 0.7670000195503235
Training round: 870		accuracy = 0.7699999809265137
Training round: 871		accuracy = 0.7572000026702881
Training round: 872		accuracy = 0.7702999711036682
Training round: 873		accuracy = 0.7551000118255615
Training round: 874		accuracy = 0.7430999875068665
Training round: 875		accuracy = 0.7355999946594238
Training round: 876		accuracy = 0.7339000105857849
Training round: 877		accuracy = 0.7656000256538391
Training round: 878		accuracy = 0.755299985408783
Training round: 879		accuracy = 0.7441999912261963
Training round: 880		accuracy = 0.7520999908447266
Training round: 881		accuracy = 0.7627000212669373
Training round: 882		accuracy = 0.7656999826431274
Training round: 883		accuracy = 0.7509999871253967
Training round: 884		accuracy = 0.7631000280380249
Training round: 885		accuracy = 0.7551000118255615
Training round: 886		accuracy = 0.7616000175476074
Training round: 887		accuracy = 0.7591999769210815
Training round: 888		accuracy = 0.7545999884605408
Training round: 889		accuracy = 0.7554000020027161
Training round: 890		accuracy = 0.7627999782562256
Training round: 891		accuracy = 0.756600022315979
Training round: 892		accuracy = 0.7585999965667725
Training round: 893		accuracy = 0.7623000144958496
Training round: 894		accuracy = 0.7497000098228455
Training round: 895		accuracy = 0.7577000260353088
Training round: 896		accuracy = 0.7602999806404114
Training round: 897		accuracy = 0.753000020980835
Training round: 898		accuracy = 0.761900007724762
Training round: 899		accuracy = 0.7634000182151794
Training round: 900		accuracy = 0.756600022315979
Training round: 901		accuracy = 0.7590000033378601
Training round: 902		accuracy = 0.7572000026702881
Training round: 903		accuracy = 0.7493000030517578
Training round: 904		accuracy = 0.7567999958992004
Training round: 905		accuracy = 0.7612000107765198
Training round: 906		accuracy = 0.762499988079071
Training round: 907		accuracy = 0.7742000222206116
Training round: 908		accuracy = 0.7670000195503235
Training round: 909		accuracy = 0.7591000199317932
Training round: 910		accuracy = 0.758400022983551
Training round: 911		accuracy = 0.7534000277519226
Training round: 912		accuracy = 0.7623000144958496
Training round: 913		accuracy = 0.7488999962806702
Training round: 914		accuracy = 0.7657999992370605
Training round: 915		accuracy = 0.7687000036239624
Training round: 916		accuracy = 0.76419997215271
Training round: 917		accuracy = 0.7519999742507935
Training round: 918		accuracy = 0.7519999742507935
Training round: 919		accuracy = 0.7487000226974487
Training round: 920		accuracy = 0.7620999813079834
Training round: 921		accuracy = 0.758400022983551
Training round: 922		accuracy = 0.7573999762535095
Training round: 923		accuracy = 0.7541000247001648
Training round: 924		accuracy = 0.7548999786376953
Training round: 925		accuracy = 0.7627999782562256
Training round: 926		accuracy = 0.7569000124931335
Training round: 927		accuracy = 0.7663000226020813
Training round: 928		accuracy = 0.7590000033378601
Training round: 929		accuracy = 0.7678999900817871
Training round: 930		accuracy = 0.7454000115394592
Training round: 931		accuracy = 0.7415000200271606
Training round: 932		accuracy = 0.7663000226020813
Training round: 933		accuracy = 0.7530999779701233
Training round: 934		accuracy = 0.7405999898910522
Training round: 935		accuracy = 0.7476000189781189
Training round: 936		accuracy = 0.7657999992370605
Training round: 937		accuracy = 0.7621999979019165
Training round: 938		accuracy = 0.7551000118255615
Training round: 939		accuracy = 0.7577999830245972
Training round: 940		accuracy = 0.7545999884605408
Training round: 941		accuracy = 0.7469000220298767
Training round: 942		accuracy = 0.7522000074386597
Training round: 943		accuracy = 0.7502999901771545
Training round: 944		accuracy = 0.7613999843597412
Training round: 945		accuracy = 0.7652000188827515
Training round: 946		accuracy = 0.7713000178337097
Training round: 947		accuracy = 0.7469000220298767
Training round: 948		accuracy = 0.7674000263214111
Training round: 949		accuracy = 0.7566999793052673
Training round: 950		accuracy = 0.761900007724762
Training round: 951		accuracy = 0.7678999900817871
Training round: 952		accuracy = 0.7569000124931335
Training round: 953		accuracy = 0.7681000232696533
Training round: 954		accuracy = 0.758400022983551
Training round: 955		accuracy = 0.757099986076355
Training round: 956		accuracy = 0.7666000127792358
Training round: 957		accuracy = 0.7601000070571899
Training round: 958		accuracy = 0.7694000005722046
Training round: 959		accuracy = 0.7567999958992004
Training round: 960		accuracy = 0.7597000002861023
Training round: 961		accuracy = 0.7581999897956848
Training round: 962		accuracy = 0.7602999806404114
Training round: 963		accuracy = 0.7713000178337097
Training round: 964		accuracy = 0.7667999863624573
Training round: 965		accuracy = 0.7652000188827515
Training round: 966		accuracy = 0.7583000063896179
Training round: 967		accuracy = 0.7639999985694885
Training round: 968		accuracy = 0.7735999822616577
Training round: 969		accuracy = 0.765500009059906
Training round: 970		accuracy = 0.7572000026702881
Training round: 971		accuracy = 0.7613000273704529
Training round: 972		accuracy = 0.7670000195503235
Training round: 973		accuracy = 0.7621999979019165
Training round: 974		accuracy = 0.7601000070571899
Training round: 975		accuracy = 0.7562000155448914
Training round: 976		accuracy = 0.7649999856948853
Training round: 977		accuracy = 0.756600022315979
Training round: 978		accuracy = 0.7634000182151794
Training round: 979		accuracy = 0.7470999956130981
Training round: 980		accuracy = 0.7616000175476074
Training round: 981		accuracy = 0.7644000053405762
Training round: 982		accuracy = 0.760200023651123
Training round: 983		accuracy = 0.7630000114440918
Training round: 984		accuracy = 0.7709000110626221
Training round: 985		accuracy = 0.7592999935150146
Training round: 986		accuracy = 0.767799973487854
Training round: 987		accuracy = 0.7572000026702881
Training round: 988		accuracy = 0.7638000249862671
Training round: 989		accuracy = 0.7638999819755554
Training round: 990		accuracy = 0.7656000256538391
Training round: 991		accuracy = 0.7666000127792358
Training round: 992		accuracy = 0.760699987411499
Training round: 993		accuracy = 0.7662000060081482
Training round: 994		accuracy = 0.7633000016212463
Training round: 995		accuracy = 0.7649000287055969
Training round: 996		accuracy = 0.7605999708175659
Training round: 997		accuracy = 0.7667999863624573
Training round: 998		accuracy = 0.7641000151634216
Training round: 999		accuracy = 0.7712000012397766
Training round: 1000		accuracy = 0.7648000121116638
Training duration 9875.916157245636
