2021-08-12 08:59:13.030315: I tensorflow/stream_executor/platform/default/dso_loader.cc:49] Successfully opened dynamic library libcudart.so.11.0
2021-08-12 08:59:20.607487: I tensorflow/compiler/jit/xla_cpu_device.cc:41] Not creating XLA devices, tf_xla_enable_xla_devices not set
2021-08-12 08:59:20.611264: I tensorflow/stream_executor/platform/default/dso_loader.cc:49] Successfully opened dynamic library libcuda.so.1
2021-08-12 08:59:20.673372: I tensorflow/core/common_runtime/gpu/gpu_device.cc:1720] Found device 0 with properties: 
pciBusID: 0000:1c:00.0 name: Tesla V100-SXM2-16GB computeCapability: 7.0
coreClock: 1.53GHz coreCount: 80 deviceMemorySize: 15.78GiB deviceMemoryBandwidth: 836.37GiB/s
2021-08-12 08:59:20.673599: I tensorflow/stream_executor/platform/default/dso_loader.cc:49] Successfully opened dynamic library libcudart.so.11.0
2021-08-12 08:59:20.725332: I tensorflow/stream_executor/platform/default/dso_loader.cc:49] Successfully opened dynamic library libcublas.so.11
2021-08-12 08:59:20.725416: I tensorflow/stream_executor/platform/default/dso_loader.cc:49] Successfully opened dynamic library libcublasLt.so.11
2021-08-12 08:59:20.744602: I tensorflow/stream_executor/platform/default/dso_loader.cc:49] Successfully opened dynamic library libcufft.so.10
2021-08-12 08:59:20.760102: I tensorflow/stream_executor/platform/default/dso_loader.cc:49] Successfully opened dynamic library libcurand.so.10
2021-08-12 08:59:20.798367: I tensorflow/stream_executor/platform/default/dso_loader.cc:49] Successfully opened dynamic library libcusolver.so.10
2021-08-12 08:59:20.807936: I tensorflow/stream_executor/platform/default/dso_loader.cc:49] Successfully opened dynamic library libcusparse.so.11
2021-08-12 08:59:20.810386: I tensorflow/stream_executor/platform/default/dso_loader.cc:49] Successfully opened dynamic library libcudnn.so.8
2021-08-12 08:59:20.813328: I tensorflow/core/common_runtime/gpu/gpu_device.cc:1862] Adding visible gpu devices: 0
2021-08-12 08:59:20.815330: I tensorflow/core/platform/cpu_feature_guard.cc:142] This TensorFlow binary is optimized with oneAPI Deep Neural Network Library (oneDNN) to use the following CPU instructions in performance-critical operations:  AVX2 AVX512F FMA
To enable them in other operations, rebuild TensorFlow with the appropriate compiler flags.
2021-08-12 08:59:20.815604: I tensorflow/compiler/jit/xla_gpu_device.cc:99] Not creating XLA devices, tf_xla_enable_xla_devices not set
2021-08-12 08:59:20.817913: I tensorflow/core/common_runtime/gpu/gpu_device.cc:1720] Found device 0 with properties: 
pciBusID: 0000:1c:00.0 name: Tesla V100-SXM2-16GB computeCapability: 7.0
coreClock: 1.53GHz coreCount: 80 deviceMemorySize: 15.78GiB deviceMemoryBandwidth: 836.37GiB/s
2021-08-12 08:59:20.817942: I tensorflow/stream_executor/platform/default/dso_loader.cc:49] Successfully opened dynamic library libcudart.so.11.0
2021-08-12 08:59:20.817959: I tensorflow/stream_executor/platform/default/dso_loader.cc:49] Successfully opened dynamic library libcublas.so.11
2021-08-12 08:59:20.817972: I tensorflow/stream_executor/platform/default/dso_loader.cc:49] Successfully opened dynamic library libcublasLt.so.11
2021-08-12 08:59:20.817985: I tensorflow/stream_executor/platform/default/dso_loader.cc:49] Successfully opened dynamic library libcufft.so.10
2021-08-12 08:59:20.817998: I tensorflow/stream_executor/platform/default/dso_loader.cc:49] Successfully opened dynamic library libcurand.so.10
2021-08-12 08:59:20.818010: I tensorflow/stream_executor/platform/default/dso_loader.cc:49] Successfully opened dynamic library libcusolver.so.10
2021-08-12 08:59:20.818023: I tensorflow/stream_executor/platform/default/dso_loader.cc:49] Successfully opened dynamic library libcusparse.so.11
2021-08-12 08:59:20.818036: I tensorflow/stream_executor/platform/default/dso_loader.cc:49] Successfully opened dynamic library libcudnn.so.8
2021-08-12 08:59:20.823284: I tensorflow/core/common_runtime/gpu/gpu_device.cc:1862] Adding visible gpu devices: 0
2021-08-12 08:59:20.823905: I tensorflow/stream_executor/platform/default/dso_loader.cc:49] Successfully opened dynamic library libcudart.so.11.0
2021-08-12 08:59:21.772186: I tensorflow/core/common_runtime/gpu/gpu_device.cc:1261] Device interconnect StreamExecutor with strength 1 edge matrix:
2021-08-12 08:59:21.772234: I tensorflow/core/common_runtime/gpu/gpu_device.cc:1267]      0 
2021-08-12 08:59:21.772248: I tensorflow/core/common_runtime/gpu/gpu_device.cc:1280] 0:   N 
2021-08-12 08:59:21.776321: I tensorflow/core/common_runtime/gpu/gpu_device.cc:1406] Created TensorFlow device (/job:localhost/replica:0/task:0/device:GPU:0 with 14761 MB memory) -> physical GPU (device: 0, name: Tesla V100-SXM2-16GB, pci bus id: 0000:1c:00.0, compute capability: 7.0)
2021-08-12 08:59:22.455540: I tensorflow/compiler/mlir/mlir_graph_optimization_pass.cc:116] None of the MLIR optimization passes are enabled (registered 2)
2021-08-12 08:59:22.457026: I tensorflow/core/platform/profile_utils/cpu_utils.cc:112] CPU Frequency: 2400000000 Hz
2021-08-12 08:59:22.904205: I tensorflow/stream_executor/platform/default/dso_loader.cc:49] Successfully opened dynamic library libcublas.so.11
2021-08-12 08:59:23.908798: I tensorflow/stream_executor/platform/default/dso_loader.cc:49] Successfully opened dynamic library libcublasLt.so.11
2021-08-12 08:59:23.934206: I tensorflow/stream_executor/platform/default/dso_loader.cc:49] Successfully opened dynamic library libcudnn.so.8
2021-08-12 08:59:27.084624: W tensorflow/stream_executor/gpu/asm_compiler.cc:63] Running ptxas --version returned 256
2021-08-12 08:59:27.158368: W tensorflow/stream_executor/gpu/redzone_allocator.cc:314] Internal: ptxas exited with non-zero error code 256, output: 
Relying on driver to perform ptx compilation. 
Modify $PATH to customize ptxas location.
This message will be only logged once.
LabelAttacker started.
LabelAttacker finished.
Training round: 1		accuracy = 0.10000000149011612
Training round: 2		accuracy = 0.10260000079870224
Training round: 3		accuracy = 0.15929999947547913
Training round: 4		accuracy = 0.10239999741315842
Training round: 5		accuracy = 0.1696999967098236
Training round: 6		accuracy = 0.19470000267028809
Training round: 7		accuracy = 0.14910000562667847
Training round: 8		accuracy = 0.2087000012397766
Training round: 9		accuracy = 0.22470000386238098
Training round: 10		accuracy = 0.24490000307559967
Training round: 11		accuracy = 0.2110999971628189
Training round: 12		accuracy = 0.24819999933242798
Training round: 13		accuracy = 0.24449999630451202
Training round: 14		accuracy = 0.1216999962925911
Training round: 15		accuracy = 0.21639999747276306
Training round: 16		accuracy = 0.2451999932527542
Training round: 17		accuracy = 0.24570000171661377
Training round: 18		accuracy = 0.26969999074935913
Training round: 19		accuracy = 0.24869999289512634
Training round: 20		accuracy = 0.30140000581741333
Training round: 21		accuracy = 0.2809999883174896
Training round: 22		accuracy = 0.30329999327659607
Training round: 23		accuracy = 0.19580000638961792
Training round: 24		accuracy = 0.2720000147819519
Training round: 25		accuracy = 0.2948000133037567
Training round: 26		accuracy = 0.2371000051498413
Training round: 27		accuracy = 0.30390000343322754
Training round: 28		accuracy = 0.3179999887943268
Training round: 29		accuracy = 0.2540999948978424
Training round: 30		accuracy = 0.2551000118255615
Training round: 31		accuracy = 0.2930999994277954
Training round: 32		accuracy = 0.3490999937057495
Training round: 33		accuracy = 0.3330000042915344
Training round: 34		accuracy = 0.2289000004529953
Training round: 35		accuracy = 0.35019999742507935
Training round: 36		accuracy = 0.33489999175071716
Training round: 37		accuracy = 0.34049999713897705
Training round: 38		accuracy = 0.20829999446868896
Training round: 39		accuracy = 0.3422999978065491
Training round: 40		accuracy = 0.13860000669956207
Training round: 41		accuracy = 0.3077000081539154
Training round: 42		accuracy = 0.334199994802475
Training round: 43		accuracy = 0.382099986076355
Training round: 44		accuracy = 0.32170000672340393
Training round: 45		accuracy = 0.296099990606308
Training round: 46		accuracy = 0.3125
Training round: 47		accuracy = 0.3589000105857849
Training round: 48		accuracy = 0.2766999900341034
Training round: 49		accuracy = 0.36730000376701355
Training round: 50		accuracy = 0.3882000148296356
Training round: 51		accuracy = 0.3682999908924103
Training round: 52		accuracy = 0.24740000069141388
Training round: 53		accuracy = 0.21969999372959137
Training round: 54		accuracy = 0.3919999897480011
Training round: 55		accuracy = 0.24210000038146973
Training round: 56		accuracy = 0.24310000240802765
Training round: 57		accuracy = 0.3601999878883362
Training round: 58		accuracy = 0.40779998898506165
Training round: 59		accuracy = 0.30790001153945923
Training round: 60		accuracy = 0.4156999886035919
Training round: 61		accuracy = 0.4009999930858612
Training round: 62		accuracy = 0.3625999987125397
Training round: 63		accuracy = 0.41119998693466187
Training round: 64		accuracy = 0.4041000008583069
Training round: 65		accuracy = 0.41609999537467957
Training round: 66		accuracy = 0.3935000002384186
Training round: 67		accuracy = 0.19110000133514404
Training round: 68		accuracy = 0.4560999870300293
Training round: 69		accuracy = 0.4056999981403351
Training round: 70		accuracy = 0.39239999651908875
Training round: 71		accuracy = 0.30250000953674316
Training round: 72		accuracy = 0.4593000113964081
Training round: 73		accuracy = 0.4496999979019165
Training round: 74		accuracy = 0.46059998869895935
Training round: 75		accuracy = 0.33250001072883606
Training round: 76		accuracy = 0.4731000065803528
Training round: 77		accuracy = 0.4372999966144562
Training round: 78		accuracy = 0.31040000915527344
Training round: 79		accuracy = 0.47940000891685486
Training round: 80		accuracy = 0.4772999882698059
Training round: 81		accuracy = 0.45080000162124634
Training round: 82		accuracy = 0.491100013256073
Training round: 83		accuracy = 0.4934000074863434
Training round: 84		accuracy = 0.39469999074935913
Training round: 85		accuracy = 0.48570001125335693
Training round: 86		accuracy = 0.45890000462532043
Training round: 87		accuracy = 0.4771000146865845
Training round: 88		accuracy = 0.4075999855995178
Training round: 89		accuracy = 0.2921999990940094
Training round: 90		accuracy = 0.3190999925136566
Training round: 91		accuracy = 0.31310001015663147
Training round: 92		accuracy = 0.41370001435279846
Training round: 93		accuracy = 0.42320001125335693
Training round: 94		accuracy = 0.36629998683929443
Training round: 95		accuracy = 0.44670000672340393
Training round: 96		accuracy = 0.507099986076355
Training round: 97		accuracy = 0.3781999945640564
Training round: 98		accuracy = 0.12970000505447388
Training round: 99		accuracy = 0.4255000054836273
Training round: 100		accuracy = 0.4950000047683716
Training round: 101		accuracy = 0.08380000293254852
Training round: 102		accuracy = 0.43869999051094055
Training round: 103		accuracy = 0.5148000121116638
Training round: 104		accuracy = 0.42480000853538513
Training round: 105		accuracy = 0.37950000166893005
Training round: 106		accuracy = 0.5073999762535095
Training round: 107		accuracy = 0.5002999901771545
Training round: 108		accuracy = 0.16840000450611115
Training round: 109		accuracy = 0.47780001163482666
Training round: 110		accuracy = 0.1826999932527542
Training round: 111		accuracy = 0.53329998254776
Training round: 112		accuracy = 0.06340000033378601
Training round: 113		accuracy = 0.5194000005722046
Training round: 114		accuracy = 0.19130000472068787
Training round: 115		accuracy = 0.3409999907016754
Training round: 116		accuracy = 0.5264999866485596
Training round: 117		accuracy = 0.188400000333786
Training round: 118		accuracy = 0.1657000035047531
Training round: 119		accuracy = 0.45590001344680786
Training round: 120		accuracy = 0.4627000093460083
Training round: 121		accuracy = 0.26660001277923584
Training round: 122		accuracy = 0.48660001158714294
Training round: 123		accuracy = 0.26820001006126404
Training round: 124		accuracy = 0.5045999884605408
Training round: 125		accuracy = 0.531499981880188
Training round: 126		accuracy = 0.5256999731063843
Training round: 127		accuracy = 0.07930000126361847
Training round: 128		accuracy = 0.4415000081062317
Training round: 129		accuracy = 0.5394999980926514
Training round: 130		accuracy = 0.07829999923706055
Training round: 131		accuracy = 0.44429999589920044
Training round: 132		accuracy = 0.5318999886512756
Training round: 133		accuracy = 0.3246999979019165
Training round: 134		accuracy = 0.20399999618530273
Training round: 135		accuracy = 0.3659000098705292
Training round: 136		accuracy = 0.3587999939918518
Training round: 137		accuracy = 0.1712999939918518
Training round: 138		accuracy = 0.47440001368522644
Training round: 139		accuracy = 0.4666999876499176
Training round: 140		accuracy = 0.520799994468689
Training round: 141		accuracy = 0.31630000472068787
Training round: 142		accuracy = 0.5238000154495239
Training round: 143		accuracy = 0.13809999823570251
Training round: 144		accuracy = 0.1800999939441681
Training round: 145		accuracy = 0.5282999873161316
Training round: 146		accuracy = 0.2784999907016754
Training round: 147		accuracy = 0.3871000111103058
Training round: 148		accuracy = 0.45899999141693115
Training round: 149		accuracy = 0.2079000025987625
Training round: 150		accuracy = 0.3215000033378601
Training round: 151		accuracy = 0.16279999911785126
Training round: 152		accuracy = 0.22130000591278076
Training round: 153		accuracy = 0.5267999768257141
Training round: 154		accuracy = 0.5034000277519226
Training round: 155		accuracy = 0.3901999890804291
Training round: 156		accuracy = 0.29589998722076416
Training round: 157		accuracy = 0.3610999882221222
Training round: 158		accuracy = 0.4074999988079071
Training round: 159		accuracy = 0.4553999900817871
Training round: 160		accuracy = 0.4657999873161316
Training round: 161		accuracy = 0.10570000112056732
Training round: 162		accuracy = 0.35190001130104065
Training round: 163		accuracy = 0.15230000019073486
Training round: 164		accuracy = 0.10819999873638153
Training round: 165		accuracy = 0.5544000267982483
Training round: 166		accuracy = 0.2775999903678894
Training round: 167		accuracy = 0.5618000030517578
Training round: 168		accuracy = 0.08940000087022781
Training round: 169		accuracy = 0.5121999979019165
Training round: 170		accuracy = 0.5056999921798706
Training round: 171		accuracy = 0.2750999927520752
Training round: 172		accuracy = 0.4512999951839447
Training round: 173		accuracy = 0.5893999934196472
Training round: 174		accuracy = 0.5307999849319458
Training round: 175		accuracy = 0.5544000267982483
Training round: 176		accuracy = 0.46619999408721924
Training round: 177		accuracy = 0.19380000233650208
Training round: 178		accuracy = 0.589900016784668
Training round: 179		accuracy = 0.3402999937534332
Training round: 180		accuracy = 0.1656000018119812
Training round: 181		accuracy = 0.5673999786376953
Training round: 182		accuracy = 0.16220000386238098
Training round: 183		accuracy = 0.567799985408783
Training round: 184		accuracy = 0.2703999876976013
Training round: 185		accuracy = 0.4584999978542328
Training round: 186		accuracy = 0.09480000287294388
Training round: 187		accuracy = 0.5322999954223633
Training round: 188		accuracy = 0.5432999730110168
Training round: 189		accuracy = 0.5806999802589417
Training round: 190		accuracy = 0.2535000145435333
Training round: 191		accuracy = 0.5514000058174133
Training round: 192		accuracy = 0.46860000491142273
Training round: 193		accuracy = 0.28130000829696655
Training round: 194		accuracy = 0.39079999923706055
Training round: 195		accuracy = 0.5871999859809875
Training round: 196		accuracy = 0.550599992275238
Training round: 197		accuracy = 0.600600004196167
Training round: 198		accuracy = 0.4945000112056732
Training round: 199		accuracy = 0.438400000333786
Training round: 200		accuracy = 0.35740000009536743
Training round: 201		accuracy = 0.6018999814987183
Training round: 202		accuracy = 0.47380000352859497
Training round: 203		accuracy = 0.4153999984264374
Training round: 204		accuracy = 0.32179999351501465
Training round: 205		accuracy = 0.4855000078678131
Training round: 206		accuracy = 0.5212000012397766
Training round: 207		accuracy = 0.32170000672340393
Training round: 208		accuracy = 0.05460000038146973
Training round: 209		accuracy = 0.6060000061988831
Training round: 210		accuracy = 0.4296000003814697
Training round: 211		accuracy = 0.5716000199317932
Training round: 212		accuracy = 0.48179998993873596
Training round: 213		accuracy = 0.5206999778747559
Training round: 214		accuracy = 0.3009999990463257
Training round: 215		accuracy = 0.544700026512146
Training round: 216		accuracy = 0.5550000071525574
Training round: 217		accuracy = 0.358599990606308
Training round: 218		accuracy = 0.33009999990463257
Training round: 219		accuracy = 0.49230000376701355
Training round: 220		accuracy = 0.4332999885082245
Training round: 221		accuracy = 0.27219998836517334
Training round: 222		accuracy = 0.5842999815940857
Training round: 223		accuracy = 0.4124000072479248
Training round: 224		accuracy = 0.31060001254081726
Training round: 225		accuracy = 0.1404999941587448
Training round: 226		accuracy = 0.20229999721050262
Training round: 227		accuracy = 0.48170000314712524
Training round: 228		accuracy = 0.1858000010251999
Training round: 229		accuracy = 0.34630000591278076
Training round: 230		accuracy = 0.5983999967575073
Training round: 231		accuracy = 0.6238999962806702
Training round: 232		accuracy = 0.5891000032424927
Training round: 233		accuracy = 0.484499990940094
Training round: 234		accuracy = 0.4731000065803528
Training round: 235		accuracy = 0.5169000029563904
Training round: 236		accuracy = 0.4465999901294708
Training round: 237		accuracy = 0.5304999947547913
Training round: 238		accuracy = 0.37599998712539673
Training round: 239		accuracy = 0.08110000193119049
Training round: 240		accuracy = 0.3407999873161316
Training round: 241		accuracy = 0.35030001401901245
Training round: 242		accuracy = 0.4142000079154968
Training round: 243		accuracy = 0.4846999943256378
Training round: 244		accuracy = 0.5871000289916992
Training round: 245		accuracy = 0.3752000033855438
Training round: 246		accuracy = 0.32429999113082886
Training round: 247		accuracy = 0.5507000088691711
Training round: 248		accuracy = 0.44769999384880066
Training round: 249		accuracy = 0.20489999651908875
Training round: 250		accuracy = 0.33640000224113464
Training round: 251		accuracy = 0.30640000104904175
Training round: 252		accuracy = 0.12229999899864197
Training round: 253		accuracy = 0.3481999933719635
Training round: 254		accuracy = 0.6000999808311462
Training round: 255		accuracy = 0.31200000643730164
Training round: 256		accuracy = 0.15929999947547913
Training round: 257		accuracy = 0.49239999055862427
Training round: 258		accuracy = 0.22709999978542328
Training round: 259		accuracy = 0.5667999982833862
Training round: 260		accuracy = 0.5853000283241272
Training round: 261		accuracy = 0.2957000136375427
Training round: 262		accuracy = 0.5600000023841858
Training round: 263		accuracy = 0.5544000267982483
Training round: 264		accuracy = 0.15449999272823334
Training round: 265		accuracy = 0.4449000060558319
Training round: 266		accuracy = 0.3483999967575073
Training round: 267		accuracy = 0.08789999783039093
Training round: 268		accuracy = 0.5558000206947327
Training round: 269		accuracy = 0.5870000123977661
Training round: 270		accuracy = 0.5480999946594238
Training round: 271		accuracy = 0.5259000062942505
Training round: 272		accuracy = 0.6011999845504761
Training round: 273		accuracy = 0.6140000224113464
Training round: 274		accuracy = 0.10100000351667404
Training round: 275		accuracy = 0.6039999723434448
Training round: 276		accuracy = 0.09769999980926514
Training round: 277		accuracy = 0.44749999046325684
Training round: 278		accuracy = 0.5648000240325928
Training round: 279		accuracy = 0.2883000075817108
Training round: 280		accuracy = 0.5863000154495239
Training round: 281		accuracy = 0.16249999403953552
Training round: 282		accuracy = 0.5274999737739563
Training round: 283		accuracy = 0.44839999079704285
Training round: 284		accuracy = 0.6340000033378601
Training round: 285		accuracy = 0.6053000092506409
Training round: 286		accuracy = 0.47040000557899475
Training round: 287		accuracy = 0.6118999719619751
Training round: 288		accuracy = 0.36739999055862427
Training round: 289		accuracy = 0.45899999141693115
Training round: 290		accuracy = 0.5763000249862671
Training round: 291		accuracy = 0.6003000140190125
Training round: 292		accuracy = 0.4749999940395355
Training round: 293		accuracy = 0.2556000053882599
Training round: 294		accuracy = 0.3564000129699707
Training round: 295		accuracy = 0.16899999976158142
Training round: 296		accuracy = 0.5576000213623047
Training round: 297		accuracy = 0.5559999942779541
Training round: 298		accuracy = 0.07729999721050262
Training round: 299		accuracy = 0.30300000309944153
Training round: 300		accuracy = 0.4629000127315521
Training round: 301		accuracy = 0.14920000731945038
Training round: 302		accuracy = 0.45410001277923584
Training round: 303		accuracy = 0.11169999837875366
Training round: 304		accuracy = 0.43309998512268066
Training round: 305		accuracy = 0.26649999618530273
Training round: 306		accuracy = 0.46810001134872437
Training round: 307		accuracy = 0.36559998989105225
Training round: 308		accuracy = 0.18019999563694
Training round: 309		accuracy = 0.5156000256538391
Training round: 310		accuracy = 0.579200029373169
Training round: 311		accuracy = 0.6208000183105469
Training round: 312		accuracy = 0.38760000467300415
Training round: 313		accuracy = 0.5861999988555908
Training round: 314		accuracy = 0.6255000233650208
Training round: 315		accuracy = 0.5372999906539917
Training round: 316		accuracy = 0.43689998984336853
Training round: 317		accuracy = 0.30959999561309814
Training round: 318		accuracy = 0.5102999806404114
Training round: 319		accuracy = 0.6051999926567078
Training round: 320		accuracy = 0.2653999924659729
Training round: 321		accuracy = 0.33009999990463257
Training round: 322		accuracy = 0.6279000043869019
Training round: 323		accuracy = 0.5478000044822693
Training round: 324		accuracy = 0.5440999865531921
Training round: 325		accuracy = 0.5699999928474426
Training round: 326		accuracy = 0.6395999789237976
Training round: 327		accuracy = 0.5249999761581421
Training round: 328		accuracy = 0.4738999903202057
Training round: 329		accuracy = 0.5723999738693237
Training round: 330		accuracy = 0.5486999750137329
Training round: 331		accuracy = 0.4625000059604645
Training round: 332		accuracy = 0.2702000141143799
Training round: 333		accuracy = 0.46470001339912415
Training round: 334		accuracy = 0.09650000184774399
Training round: 335		accuracy = 0.274399995803833
Training round: 336		accuracy = 0.48980000615119934
Training round: 337		accuracy = 0.548799991607666
Training round: 338		accuracy = 0.2662999927997589
Training round: 339		accuracy = 0.3411000072956085
Training round: 340		accuracy = 0.5776000022888184
Training round: 341		accuracy = 0.5800999999046326
Training round: 342		accuracy = 0.15700000524520874
Training round: 343		accuracy = 0.31929999589920044
Training round: 344		accuracy = 0.44200000166893005
Training round: 345		accuracy = 0.27059999108314514
Training round: 346		accuracy = 0.5888000130653381
Training round: 347		accuracy = 0.2361000031232834
Training round: 348		accuracy = 0.3224000036716461
Training round: 349		accuracy = 0.4869000017642975
Training round: 350		accuracy = 0.1665000021457672
Training round: 351		accuracy = 0.6151000261306763
Training round: 352		accuracy = 0.6134999990463257
Training round: 353		accuracy = 0.29649999737739563
Training round: 354		accuracy = 0.43549999594688416
Training round: 355		accuracy = 0.5702000260353088
Training round: 356		accuracy = 0.4546999931335449
Training round: 357		accuracy = 0.11159999668598175
Training round: 358		accuracy = 0.37770000100135803
Training round: 359		accuracy = 0.2842000126838684
Training round: 360		accuracy = 0.5656999945640564
Training round: 361		accuracy = 0.19099999964237213
Training round: 362		accuracy = 0.578000009059906
Training round: 363		accuracy = 0.5702999830245972
Training round: 364		accuracy = 0.3310000002384186
Training round: 365		accuracy = 0.44850000739097595
Training round: 366		accuracy = 0.08309999853372574
Training round: 367		accuracy = 0.5633000135421753
Training round: 368		accuracy = 0.25949999690055847
Training round: 369		accuracy = 0.5577999949455261
Training round: 370		accuracy = 0.4307999908924103
Training round: 371		accuracy = 0.5764999985694885
Training round: 372		accuracy = 0.6037999987602234
Training round: 373		accuracy = 0.5006999969482422
Training round: 374		accuracy = 0.4496000111103058
Training round: 375		accuracy = 0.6442999839782715
Training round: 376		accuracy = 0.18770000338554382
Training round: 377		accuracy = 0.5544999837875366
Training round: 378		accuracy = 0.5867000222206116
Training round: 379		accuracy = 0.18790000677108765
Training round: 380		accuracy = 0.6182000041007996
Training round: 381		accuracy = 0.20350000262260437
Training round: 382		accuracy = 0.14640000462532043
Training round: 383		accuracy = 0.5534999966621399
Training round: 384		accuracy = 0.44620001316070557
Training round: 385		accuracy = 0.48069998621940613
Training round: 386		accuracy = 0.09570000320672989
Training round: 387		accuracy = 0.5557000041007996
Training round: 388		accuracy = 0.4366999864578247
Training round: 389		accuracy = 0.5789999961853027
Training round: 390		accuracy = 0.46619999408721924
Training round: 391		accuracy = 0.5390999913215637
Training round: 392		accuracy = 0.4927999973297119
Training round: 393		accuracy = 0.4496999979019165
Training round: 394		accuracy = 0.15459999442100525
Training round: 395		accuracy = 0.6111999750137329
Training round: 396		accuracy = 0.6025999784469604
Training round: 397		accuracy = 0.46709999442100525
Training round: 398		accuracy = 0.5289000272750854
Training round: 399		accuracy = 0.570900022983551
Training round: 400		accuracy = 0.41670000553131104
Training round: 401		accuracy = 0.5529000163078308
Training round: 402		accuracy = 0.09960000216960907
Training round: 403		accuracy = 0.5784000158309937
Training round: 404		accuracy = 0.5360000133514404
Training round: 405		accuracy = 0.32429999113082886
Training round: 406		accuracy = 0.48159998655319214
Training round: 407		accuracy = 0.5375999808311462
Training round: 408		accuracy = 0.6496000289916992
Training round: 409		accuracy = 0.5496000051498413
Training round: 410		accuracy = 0.5759999752044678
Training round: 411		accuracy = 0.18230000138282776
Training round: 412		accuracy = 0.25609999895095825
Training round: 413		accuracy = 0.6111999750137329
Training round: 414		accuracy = 0.41530001163482666
Training round: 415		accuracy = 0.5672000050544739
Training round: 416		accuracy = 0.5264000296592712
Training round: 417		accuracy = 0.4235000014305115
Training round: 418		accuracy = 0.313400000333786
Training round: 419		accuracy = 0.4668000042438507
Training round: 420		accuracy = 0.4490000009536743
Training round: 421		accuracy = 0.4948999881744385
Training round: 422		accuracy = 0.5318999886512756
Training round: 423		accuracy = 0.5128999948501587
Training round: 424		accuracy = 0.0966000035405159
Training round: 425		accuracy = 0.4832000136375427
Training round: 426		accuracy = 0.34540000557899475
Training round: 427		accuracy = 0.5396000146865845
Training round: 428		accuracy = 0.12600000202655792
Training round: 429		accuracy = 0.42809998989105225
Training round: 430		accuracy = 0.484499990940094
Training round: 431		accuracy = 0.4016999900341034
Training round: 432		accuracy = 0.19130000472068787
Training round: 433		accuracy = 0.19130000472068787
Training round: 434		accuracy = 0.5170999765396118
Training round: 435		accuracy = 0.47440001368522644
Training round: 436		accuracy = 0.3959999978542328
Training round: 437		accuracy = 0.18809999525547028
Training round: 438		accuracy = 0.4503999948501587
Training round: 439		accuracy = 0.5888000130653381
Training round: 440		accuracy = 0.5633999705314636
Training round: 441		accuracy = 0.6401000022888184
Training round: 442		accuracy = 0.5613999962806702
Training round: 443		accuracy = 0.5508000254631042
Training round: 444		accuracy = 0.13750000298023224
Training round: 445		accuracy = 0.5680000185966492
Training round: 446		accuracy = 0.5748999714851379
Training round: 447		accuracy = 0.10849999636411667
Training round: 448		accuracy = 0.10920000076293945
Training round: 449		accuracy = 0.3068000078201294
Training round: 450		accuracy = 0.18369999527931213
Training round: 451		accuracy = 0.20430000126361847
Training round: 452		accuracy = 0.3540000021457672
Training round: 453		accuracy = 0.6340000033378601
Training round: 454		accuracy = 0.6395000219345093
Training round: 455		accuracy = 0.6306999921798706
Training round: 456		accuracy = 0.4546000063419342
Training round: 457		accuracy = 0.26460000872612
Training round: 458		accuracy = 0.6334999799728394
Training round: 459		accuracy = 0.6089000105857849
Training round: 460		accuracy = 0.3409000039100647
Training round: 461		accuracy = 0.27649998664855957
Training round: 462		accuracy = 0.6478000283241272
Training round: 463		accuracy = 0.5468000173568726
Training round: 464		accuracy = 0.29840001463890076
Training round: 465		accuracy = 0.4392000138759613
Training round: 466		accuracy = 0.48649999499320984
Training round: 467		accuracy = 0.2809000015258789
Training round: 468		accuracy = 0.5953999757766724
Training round: 469		accuracy = 0.3188999891281128
Training round: 470		accuracy = 0.4325999915599823
Training round: 471		accuracy = 0.11649999767541885
Training round: 472		accuracy = 0.5580999851226807
Training round: 473		accuracy = 0.6191999912261963
Training round: 474		accuracy = 0.21719999611377716
Training round: 475		accuracy = 0.46720001101493835
Training round: 476		accuracy = 0.4560000002384186
Training round: 477		accuracy = 0.30649998784065247
Training round: 478		accuracy = 0.5374000072479248
Training round: 479		accuracy = 0.6004999876022339
Training round: 480		accuracy = 0.3262999951839447
Training round: 481		accuracy = 0.6331999897956848
Training round: 482		accuracy = 0.532800018787384
Training round: 483		accuracy = 0.6000999808311462
Training round: 484		accuracy = 0.5633000135421753
Training round: 485		accuracy = 0.6565999984741211
Training round: 486		accuracy = 0.5841000080108643
Training round: 487		accuracy = 0.6445000171661377
Training round: 488		accuracy = 0.4440999925136566
Training round: 489		accuracy = 0.6046000123023987
Training round: 490		accuracy = 0.121799997985363
Training round: 491		accuracy = 0.4828000068664551
Training round: 492		accuracy = 0.49480000138282776
Training round: 493		accuracy = 0.47780001163482666
Training round: 494		accuracy = 0.5654000043869019
Training round: 495		accuracy = 0.3050000071525574
Training round: 496		accuracy = 0.49129998683929443
Training round: 497		accuracy = 0.17589999735355377
Training round: 498		accuracy = 0.4758000075817108
Training round: 499		accuracy = 0.6001999974250793
Training round: 500		accuracy = 0.28600001335144043
Training round: 501		accuracy = 0.08299999684095383
Training round: 502		accuracy = 0.45680001378059387
Training round: 503		accuracy = 0.5498999953269958
Training round: 504		accuracy = 0.44179999828338623
Training round: 505		accuracy = 0.29600000381469727
Training round: 506		accuracy = 0.296099990606308
Training round: 507		accuracy = 0.4345000088214874
Training round: 508		accuracy = 0.5601000189781189
Training round: 509		accuracy = 0.3125
Training round: 510		accuracy = 0.1256999969482422
Training round: 511		accuracy = 0.4754999876022339
Training round: 512		accuracy = 0.3181000053882599
Training round: 513		accuracy = 0.5260999798774719
Training round: 514		accuracy = 0.33320000767707825
Training round: 515		accuracy = 0.19539999961853027
Training round: 516		accuracy = 0.5564000010490417
Training round: 517		accuracy = 0.6044999957084656
Training round: 518		accuracy = 0.2345000058412552
Training round: 519		accuracy = 0.47589999437332153
Training round: 520		accuracy = 0.6172000169754028
Training round: 521		accuracy = 0.3140999972820282
Training round: 522		accuracy = 0.24369999766349792
Training round: 523		accuracy = 0.30880001187324524
Training round: 524		accuracy = 0.1111999973654747
Training round: 525		accuracy = 0.1200999990105629
Training round: 526		accuracy = 0.303600013256073
Training round: 527		accuracy = 0.47600001096725464
Training round: 528		accuracy = 0.45750001072883606
Training round: 529		accuracy = 0.5453000068664551
Training round: 530		accuracy = 0.41110000014305115
Training round: 531		accuracy = 0.6215999722480774
Training round: 532		accuracy = 0.6169999837875366
Training round: 533		accuracy = 0.5978000164031982
Training round: 534		accuracy = 0.2800999879837036
Training round: 535		accuracy = 0.6193000078201294
Training round: 536		accuracy = 0.421099990606308
Training round: 537		accuracy = 0.46160000562667847
Training round: 538		accuracy = 0.46709999442100525
Training round: 539		accuracy = 0.45080000162124634
Training round: 540		accuracy = 0.5873000025749207
Training round: 541		accuracy = 0.5666999816894531
Training round: 542		accuracy = 0.609499990940094
Training round: 543		accuracy = 0.5573999881744385
Training round: 544		accuracy = 0.14219999313354492
Training round: 545		accuracy = 0.45019999146461487
Training round: 546		accuracy = 0.12150000035762787
Training round: 547		accuracy = 0.4586000144481659
Training round: 548		accuracy = 0.5467000007629395
Training round: 549		accuracy = 0.42820000648498535
Training round: 550		accuracy = 0.32010000944137573
Training round: 551		accuracy = 0.5550000071525574
Training round: 552		accuracy = 0.17110000550746918
Training round: 553		accuracy = 0.6326000094413757
Training round: 554		accuracy = 0.4507000148296356
Training round: 555		accuracy = 0.4643000066280365
Training round: 556		accuracy = 0.25999999046325684
Training round: 557		accuracy = 0.18039999902248383
Training round: 558		accuracy = 0.3361999988555908
Training round: 559		accuracy = 0.5674999952316284
Training round: 560		accuracy = 0.43140000104904175
Training round: 561		accuracy = 0.5187000036239624
Training round: 562		accuracy = 0.4731000065803528
Training round: 563		accuracy = 0.2752000093460083
Training round: 564		accuracy = 0.19689999520778656
Training round: 565		accuracy = 0.25780001282691956
Training round: 566		accuracy = 0.6000999808311462
Training round: 567		accuracy = 0.31859999895095825
Training round: 568		accuracy = 0.428600013256073
Training round: 569		accuracy = 0.2816999852657318
Training round: 570		accuracy = 0.652400016784668
Training round: 571		accuracy = 0.6172999739646912
Training round: 572		accuracy = 0.29760000109672546
Training round: 573		accuracy = 0.45910000801086426
Training round: 574		accuracy = 0.4715000092983246
Training round: 575		accuracy = 0.6414999961853027
Training round: 576		accuracy = 0.586899995803833
Training round: 577		accuracy = 0.4165000021457672
Training round: 578		accuracy = 0.5400999784469604
Training round: 579		accuracy = 0.3160000145435333
Training round: 580		accuracy = 0.602400004863739
Training round: 581		accuracy = 0.5241000056266785
Training round: 582		accuracy = 0.4219000041484833
Training round: 583		accuracy = 0.6186000108718872
Training round: 584		accuracy = 0.30410000681877136
Training round: 585		accuracy = 0.18359999358654022
Training round: 586		accuracy = 0.26910001039505005
Training round: 587		accuracy = 0.5557000041007996
Training round: 588		accuracy = 0.4142000079154968
Training round: 589		accuracy = 0.45260000228881836
Training round: 590		accuracy = 0.42899999022483826
Training round: 591		accuracy = 0.5479000210762024
Training round: 592		accuracy = 0.6057000160217285
Training round: 593		accuracy = 0.42879998683929443
Training round: 594		accuracy = 0.2847000062465668
Training round: 595		accuracy = 0.2939000129699707
Training round: 596		accuracy = 0.396699994802475
Training round: 597		accuracy = 0.46799999475479126
Training round: 598		accuracy = 0.22540000081062317
Training round: 599		accuracy = 0.461899995803833
Training round: 600		accuracy = 0.2939000129699707
Training round: 601		accuracy = 0.3337000012397766
Training round: 602		accuracy = 0.6215999722480774
Training round: 603		accuracy = 0.6008999943733215
Training round: 604		accuracy = 0.30000001192092896
Training round: 605		accuracy = 0.4253999888896942
Training round: 606		accuracy = 0.2655999958515167
Training round: 607		accuracy = 0.6373000144958496
Training round: 608		accuracy = 0.14489999413490295
Training round: 609		accuracy = 0.6031000018119812
Training round: 610		accuracy = 0.6139000058174133
Training round: 611		accuracy = 0.4691999852657318
Training round: 612		accuracy = 0.5253999829292297
Training round: 613		accuracy = 0.47350001335144043
Training round: 614		accuracy = 0.5460000038146973
Training round: 615		accuracy = 0.15850000083446503
Training round: 616		accuracy = 0.5302000045776367
Training round: 617		accuracy = 0.2838999927043915
Training round: 618		accuracy = 0.3637999892234802
Training round: 619		accuracy = 0.6279000043869019
Training round: 620		accuracy = 0.27900001406669617
Training round: 621		accuracy = 0.5821999907493591
Training round: 622		accuracy = 0.2524999976158142
Training round: 623		accuracy = 0.3077000081539154
Training round: 624		accuracy = 0.5358999967575073
Training round: 625		accuracy = 0.46790000796318054
Training round: 626		accuracy = 0.6118999719619751
Training round: 627		accuracy = 0.4228000044822693
Training round: 628		accuracy = 0.20239999890327454
Training round: 629		accuracy = 0.5533000230789185
Training round: 630		accuracy = 0.4471000134944916
Training round: 631		accuracy = 0.12309999763965607
Training round: 632		accuracy = 0.2614000141620636
Training round: 633		accuracy = 0.6517000198364258
Training round: 634		accuracy = 0.16580000519752502
Training round: 635		accuracy = 0.49779999256134033
Training round: 636		accuracy = 0.454800009727478
Training round: 637		accuracy = 0.5564000010490417
Training round: 638		accuracy = 0.301800012588501
Training round: 639		accuracy = 0.6096000075340271
Training round: 640		accuracy = 0.5787000060081482
Training round: 641		accuracy = 0.5496000051498413
Training round: 642		accuracy = 0.3912999927997589
Training round: 643		accuracy = 0.2651999890804291
Training round: 644		accuracy = 0.5633999705314636
Training round: 645		accuracy = 0.6488000154495239
Training round: 646		accuracy = 0.5350000262260437
Training round: 647		accuracy = 0.5353000164031982
Training round: 648		accuracy = 0.4503999948501587
Training round: 649		accuracy = 0.25459998846054077
Training round: 650		accuracy = 0.4747999906539917
Training round: 651		accuracy = 0.6504999995231628
Training round: 652		accuracy = 0.1671999990940094
Training round: 653		accuracy = 0.2782000005245209
Training round: 654		accuracy = 0.18209999799728394
Training round: 655		accuracy = 0.5611000061035156
Training round: 656		accuracy = 0.3149000108242035
Training round: 657		accuracy = 0.5321999788284302
Training round: 658		accuracy = 0.38029998540878296
Training round: 659		accuracy = 0.29319998621940613
Training round: 660		accuracy = 0.3156999945640564
Training round: 661		accuracy = 0.3628000020980835
Training round: 662		accuracy = 0.16339999437332153
Training round: 663		accuracy = 0.46779999136924744
Training round: 664		accuracy = 0.3068000078201294
Training round: 665		accuracy = 0.16439999639987946
Training round: 666		accuracy = 0.4952000081539154
Training round: 667		accuracy = 0.2985000014305115
Training round: 668		accuracy = 0.11649999767541885
Training round: 669		accuracy = 0.5372999906539917
Training round: 670		accuracy = 0.5328999757766724
Training round: 671		accuracy = 0.3133000135421753
Training round: 672		accuracy = 0.19830000400543213
Training round: 673		accuracy = 0.5342000126838684
Training round: 674		accuracy = 0.5889999866485596
Training round: 675		accuracy = 0.10899999737739563
Training round: 676		accuracy = 0.47920000553131104
Training round: 677		accuracy = 0.6216999888420105
Training round: 678		accuracy = 0.46779999136924744
Training round: 679		accuracy = 0.6398000121116638
Training round: 680		accuracy = 0.59170001745224
Training round: 681		accuracy = 0.39879998564720154
Training round: 682		accuracy = 0.6536999940872192
Training round: 683		accuracy = 0.1662999987602234
Training round: 684		accuracy = 0.597000002861023
Training round: 685		accuracy = 0.3668999969959259
Training round: 686		accuracy = 0.4293999969959259
Training round: 687		accuracy = 0.4487000107765198
Training round: 688		accuracy = 0.5163000226020813
Training round: 689		accuracy = 0.6556000113487244
Training round: 690		accuracy = 0.552299976348877
Training round: 691		accuracy = 0.5949000120162964
Training round: 692		accuracy = 0.4293999969959259
Training round: 693		accuracy = 0.4332999885082245
Training round: 694		accuracy = 0.5562000274658203
Training round: 695		accuracy = 0.4104999899864197
Training round: 696		accuracy = 0.3393000066280365
Training round: 697		accuracy = 0.18170000612735748
Training round: 698		accuracy = 0.2903999984264374
Training round: 699		accuracy = 0.4300000071525574
Training round: 700		accuracy = 0.2854999899864197
Training round: 701		accuracy = 0.2847999930381775
Training round: 702		accuracy = 0.10320000350475311
Training round: 703		accuracy = 0.4627000093460083
Training round: 704		accuracy = 0.2831999957561493
Training round: 705		accuracy = 0.5062000155448914
Training round: 706		accuracy = 0.29510000348091125
Training round: 707		accuracy = 0.554099977016449
Training round: 708		accuracy = 0.6064000129699707
Training round: 709		accuracy = 0.2939999997615814
Training round: 710		accuracy = 0.2777000069618225
Training round: 711		accuracy = 0.5414000153541565
Training round: 712		accuracy = 0.38580000400543213
Training round: 713		accuracy = 0.43860000371932983
Training round: 714		accuracy = 0.6496999859809875
Training round: 715		accuracy = 0.38269999623298645
Training round: 716		accuracy = 0.295199990272522
Training round: 717		accuracy = 0.27390000224113464
Training round: 718		accuracy = 0.44020000100135803
Training round: 719		accuracy = 0.2768000066280365
Training round: 720		accuracy = 0.5634999871253967
Training round: 721		accuracy = 0.536300003528595
Training round: 722		accuracy = 0.3756999969482422
Training round: 723		accuracy = 0.1559000015258789
Training round: 724		accuracy = 0.2874999940395355
Training round: 725		accuracy = 0.28859999775886536
Training round: 726		accuracy = 0.5516999959945679
Training round: 727		accuracy = 0.6021999716758728
Training round: 728		accuracy = 0.37459999322891235
Training round: 729		accuracy = 0.3837999999523163
Training round: 730		accuracy = 0.4408999979496002
Training round: 731		accuracy = 0.10750000178813934
Training round: 732		accuracy = 0.2669999897480011
Training round: 733		accuracy = 0.12950000166893005
Training round: 734		accuracy = 0.6057999730110168
Training round: 735		accuracy = 0.2671000063419342
Training round: 736		accuracy = 0.5393000245094299
Training round: 737		accuracy = 0.621999979019165
Training round: 738		accuracy = 0.43070000410079956
Training round: 739		accuracy = 0.41200000047683716
Training round: 740		accuracy = 0.42809998989105225
Training round: 741		accuracy = 0.428600013256073
Training round: 742		accuracy = 0.2825999855995178
Training round: 743		accuracy = 0.17479999363422394
Training round: 744		accuracy = 0.5318999886512756
Training round: 745		accuracy = 0.5615000128746033
Training round: 746		accuracy = 0.5202000141143799
Training round: 747		accuracy = 0.5479999780654907
Training round: 748		accuracy = 0.25209999084472656
Training round: 749		accuracy = 0.5493000149726868
Training round: 750		accuracy = 0.16030000150203705
Training round: 751		accuracy = 0.6119999885559082
Training round: 752		accuracy = 0.4196999967098236
Training round: 753		accuracy = 0.5411999821662903
Training round: 754		accuracy = 0.661899983882904
Training round: 755		accuracy = 0.4235999882221222
Training round: 756		accuracy = 0.42329999804496765
Training round: 757		accuracy = 0.32690000534057617
Training round: 758		accuracy = 0.39730000495910645
Training round: 759		accuracy = 0.4262999892234802
Training round: 760		accuracy = 0.5194000005722046
Training round: 761		accuracy = 0.5575000047683716
Training round: 762		accuracy = 0.16140000522136688
Training round: 763		accuracy = 0.6585000157356262
Training round: 764		accuracy = 0.5996999740600586
Training round: 765		accuracy = 0.399399995803833
Training round: 766		accuracy = 0.1647000014781952
Training round: 767		accuracy = 0.29429998993873596
Training round: 768		accuracy = 0.4668999910354614
Training round: 769		accuracy = 0.6330000162124634
Training round: 770		accuracy = 0.5501999855041504
Training round: 771		accuracy = 0.5077999830245972
Training round: 772		accuracy = 0.4104999899864197
Training round: 773		accuracy = 0.6625999808311462
Training round: 774		accuracy = 0.1492999941110611
Training round: 775		accuracy = 0.5479000210762024
Training round: 776		accuracy = 0.23549999296665192
Training round: 777		accuracy = 0.5489000082015991
Training round: 778		accuracy = 0.09969999641180038
Training round: 779		accuracy = 0.5504000186920166
Training round: 780		accuracy = 0.400299996137619
Training round: 781		accuracy = 0.6338000297546387
Training round: 782		accuracy = 0.5120000243186951
Training round: 783		accuracy = 0.5339999794960022
Training round: 784		accuracy = 0.390500009059906
Training round: 785		accuracy = 0.5740000009536743
Training round: 786		accuracy = 0.15559999644756317
Training round: 787		accuracy = 0.19619999825954437
Training round: 788		accuracy = 0.15379999577999115
Training round: 789		accuracy = 0.1509999930858612
Training round: 790		accuracy = 0.29269999265670776
Training round: 791		accuracy = 0.554099977016449
Training round: 792		accuracy = 0.2842000126838684
Training round: 793		accuracy = 0.6158999800682068
Training round: 794		accuracy = 0.4099999964237213
Training round: 795		accuracy = 0.25200000405311584
Training round: 796		accuracy = 0.37139999866485596
Training round: 797		accuracy = 0.1655000001192093
Training round: 798		accuracy = 0.26159998774528503
Training round: 799		accuracy = 0.29319998621940613
Training round: 800		accuracy = 0.42419999837875366
Training round: 801		accuracy = 0.40709999203681946
Training round: 802		accuracy = 0.6146000027656555
Training round: 803		accuracy = 0.526199996471405
Training round: 804		accuracy = 0.6128000020980835
Training round: 805		accuracy = 0.4912000000476837
Training round: 806		accuracy = 0.5051000118255615
Training round: 807		accuracy = 0.274399995803833
Training round: 808		accuracy = 0.6093999743461609
Training round: 809		accuracy = 0.5874000191688538
Training round: 810		accuracy = 0.1551000028848648
Training round: 811		accuracy = 0.25440001487731934
Training round: 812		accuracy = 0.43540000915527344
Training round: 813		accuracy = 0.26089999079704285
Training round: 814		accuracy = 0.5534999966621399
Training round: 815		accuracy = 0.6345999836921692
Training round: 816		accuracy = 0.14800000190734863
Training round: 817		accuracy = 0.15530000627040863
Training round: 818		accuracy = 0.5289999842643738
Training round: 819		accuracy = 0.11590000241994858
Training round: 820		accuracy = 0.6464999914169312
Training round: 821		accuracy = 0.17010000348091125
Training round: 822		accuracy = 0.11659999936819077
Training round: 823		accuracy = 0.2809999883174896
Training round: 824		accuracy = 0.384799987077713
Training round: 825		accuracy = 0.31949999928474426
Training round: 826		accuracy = 0.5494999885559082
Training round: 827		accuracy = 0.6177999973297119
Training round: 828		accuracy = 0.5160999894142151
Training round: 829		accuracy = 0.37709999084472656
Training round: 830		accuracy = 0.4106999933719635
Training round: 831		accuracy = 0.5442000031471252
Training round: 832		accuracy = 0.3506999909877777
Training round: 833		accuracy = 0.17440000176429749
Training round: 834		accuracy = 0.15539999306201935
Training round: 835		accuracy = 0.26030001044273376
Training round: 836		accuracy = 0.5210999846458435
Training round: 837		accuracy = 0.37040001153945923
Training round: 838		accuracy = 0.46399998664855957
Training round: 839		accuracy = 0.5267000198364258
Training round: 840		accuracy = 0.1647000014781952
Training round: 841		accuracy = 0.2816999852657318
Training round: 842		accuracy = 0.6567999720573425
Training round: 843		accuracy = 0.13210000097751617
Training round: 844		accuracy = 0.2913999855518341
Training round: 845		accuracy = 0.46209999918937683
Training round: 846		accuracy = 0.5092999935150146
Training round: 847		accuracy = 0.30329999327659607
Training round: 848		accuracy = 0.6309000253677368
Training round: 849		accuracy = 0.2460000067949295
Training round: 850		accuracy = 0.24940000474452972
Training round: 851		accuracy = 0.6079000234603882
Training round: 852		accuracy = 0.5318999886512756
Training round: 853		accuracy = 0.5550000071525574
Training round: 854		accuracy = 0.6480000019073486
Training round: 855		accuracy = 0.16580000519752502
Training round: 856		accuracy = 0.2045000046491623
Training round: 857		accuracy = 0.6521000266075134
Training round: 858		accuracy = 0.546999990940094
Training round: 859		accuracy = 0.2678999900817871
Training round: 860		accuracy = 0.3003000020980835
Training round: 861		accuracy = 0.27469998598098755
Training round: 862		accuracy = 0.6068000197410583
Training round: 863		accuracy = 0.6373999714851379
Training round: 864		accuracy = 0.635699987411499
Training round: 865		accuracy = 0.10180000215768814
Training round: 866		accuracy = 0.616100013256073
Training round: 867		accuracy = 0.3562000095844269
Training round: 868		accuracy = 0.42730000615119934
Training round: 869		accuracy = 0.2612999975681305
Training round: 870		accuracy = 0.3853999972343445
Training round: 871		accuracy = 0.4092999994754791
Training round: 872		accuracy = 0.2328999936580658
Training round: 873		accuracy = 0.12099999934434891
Training round: 874		accuracy = 0.288100004196167
Training round: 875		accuracy = 0.16290000081062317
Training round: 876		accuracy = 0.41110000014305115
Training round: 877		accuracy = 0.39899998903274536
Training round: 878		accuracy = 0.4375999867916107
Training round: 879		accuracy = 0.5479000210762024
Training round: 880		accuracy = 0.13750000298023224
Training round: 881		accuracy = 0.3160000145435333
Training round: 882		accuracy = 0.16459999978542328
Training round: 883		accuracy = 0.5335999727249146
Training round: 884		accuracy = 0.5016999840736389
Training round: 885		accuracy = 0.5123999714851379
Training round: 886		accuracy = 0.5241000056266785
Training round: 887		accuracy = 0.3853999972343445
Training round: 888		accuracy = 0.34549999237060547
Training round: 889		accuracy = 0.5199000239372253
Training round: 890		accuracy = 0.42739999294281006
Training round: 891		accuracy = 0.24379999935626984
Training round: 892		accuracy = 0.6169000267982483
Training round: 893		accuracy = 0.33799999952316284
Training round: 894		accuracy = 0.5156999826431274
Training round: 895		accuracy = 0.49880000948905945
Training round: 896		accuracy = 0.4819999933242798
Training round: 897		accuracy = 0.6029999852180481
Training round: 898		accuracy = 0.24809999763965607
Training round: 899		accuracy = 0.5430999994277954
Training round: 900		accuracy = 0.2425999939441681
Training round: 901		accuracy = 0.3831999897956848
Training round: 902		accuracy = 0.2223999947309494
Training round: 903		accuracy = 0.15860000252723694
Training round: 904		accuracy = 0.5587999820709229
Training round: 905		accuracy = 0.15610000491142273
Training round: 906		accuracy = 0.37389999628067017
Training round: 907		accuracy = 0.5928999781608582
Training round: 908		accuracy = 0.1898999959230423
Training round: 909		accuracy = 0.546500027179718
Training round: 910		accuracy = 0.6484000086784363
Training round: 911		accuracy = 0.2653999924659729
Training round: 912		accuracy = 0.4431000053882599
Training round: 913		accuracy = 0.421999990940094
Training round: 914		accuracy = 0.2578999996185303
Training round: 915		accuracy = 0.4537999927997589
Training round: 916		accuracy = 0.4478999972343445
Training round: 917		accuracy = 0.12849999964237213
Training round: 918		accuracy = 0.17900000512599945
Training round: 919		accuracy = 0.26159998774528503
Training round: 920		accuracy = 0.4447999894618988
Training round: 921		accuracy = 0.2903999984264374
Training round: 922		accuracy = 0.44179999828338623
Training round: 923		accuracy = 0.27059999108314514
Training round: 924		accuracy = 0.4075999855995178
Training round: 925		accuracy = 0.5778999924659729
Training round: 926		accuracy = 0.48739999532699585
Training round: 927		accuracy = 0.4242999851703644
Training round: 928		accuracy = 0.49619999527931213
Training round: 929		accuracy = 0.32659998536109924
Training round: 930		accuracy = 0.15150000154972076
Training round: 931		accuracy = 0.5521000027656555
Training round: 932		accuracy = 0.0957999974489212
Training round: 933		accuracy = 0.2689000070095062
Training round: 934		accuracy = 0.6194999814033508
Training round: 935		accuracy = 0.09730000048875809
Training round: 936		accuracy = 0.17159999907016754
Training round: 937		accuracy = 0.4424999952316284
Training round: 938		accuracy = 0.13089999556541443
Training round: 939		accuracy = 0.4088999927043915
Training round: 940		accuracy = 0.5217000246047974
Training round: 941		accuracy = 0.243599995970726
Training round: 942		accuracy = 0.11749999970197678
Training round: 943		accuracy = 0.5649999976158142
Training round: 944		accuracy = 0.5109999775886536
Training round: 945		accuracy = 0.15070000290870667
Training round: 946		accuracy = 0.40389999747276306
Training round: 947		accuracy = 0.6449000239372253
Training round: 948		accuracy = 0.5508999824523926
Training round: 949		accuracy = 0.24390000104904175
Training round: 950		accuracy = 0.3822000026702881
Training round: 951		accuracy = 0.2741999924182892
Training round: 952		accuracy = 0.564300000667572
Training round: 953		accuracy = 0.5228000283241272
Training round: 954		accuracy = 0.3668000102043152
Training round: 955		accuracy = 0.5396000146865845
Training round: 956		accuracy = 0.20659999549388885
Training round: 957		accuracy = 0.24300000071525574
Training round: 958		accuracy = 0.26989999413490295
Training round: 959		accuracy = 0.17180000245571136
Training round: 960		accuracy = 0.11240000277757645
Training round: 961		accuracy = 0.41200000047683716
Training round: 962		accuracy = 0.6055999994277954
Training round: 963		accuracy = 0.13500000536441803
Training round: 964		accuracy = 0.6080999970436096
Training round: 965		accuracy = 0.2386000007390976
Training round: 966		accuracy = 0.5260999798774719
Training round: 967		accuracy = 0.33469998836517334
Training round: 968		accuracy = 0.6384999752044678
Training round: 969		accuracy = 0.2280000001192093
Training round: 970		accuracy = 0.40560001134872437
Training round: 971		accuracy = 0.07760000228881836
Training round: 972		accuracy = 0.22599999606609344
Training round: 973		accuracy = 0.6335999965667725
Training round: 974		accuracy = 0.08169999718666077
Training round: 975		accuracy = 0.5206999778747559
Training round: 976		accuracy = 0.1039000004529953
Training round: 977		accuracy = 0.31299999356269836
Training round: 978		accuracy = 0.6072999835014343
Training round: 979		accuracy = 0.5066999793052673
Training round: 980		accuracy = 0.5038999915122986
Training round: 981		accuracy = 0.18619999289512634
Training round: 982		accuracy = 0.6207000017166138
Training round: 983		accuracy = 0.3197999894618988
Training round: 984		accuracy = 0.3953000009059906
Training round: 985		accuracy = 0.2533000111579895
Training round: 986		accuracy = 0.4781999886035919
Training round: 987		accuracy = 0.2702000141143799
Training round: 988		accuracy = 0.38359999656677246
Training round: 989		accuracy = 0.21490000188350677
Training round: 990		accuracy = 0.421999990940094
Training round: 991		accuracy = 0.40459999442100525
Training round: 992		accuracy = 0.41110000014305115
Training round: 993		accuracy = 0.11909999698400497
Training round: 994		accuracy = 0.5281000137329102
Training round: 995		accuracy = 0.3781000077724457
Training round: 996		accuracy = 0.54339998960495
Training round: 997		accuracy = 0.2953000068664551
Training round: 998		accuracy = 0.3984000086784363
Training round: 999		accuracy = 0.6215000152587891
Training round: 1000		accuracy = 0.35830000042915344
Training duration 10270.0628824234
