2021-08-23 17:33:50.036393: I tensorflow/stream_executor/platform/default/dso_loader.cc:49] Successfully opened dynamic library libcudart.so.11.0
2021-08-23 17:34:09.903239: I tensorflow/compiler/jit/xla_cpu_device.cc:41] Not creating XLA devices, tf_xla_enable_xla_devices not set
2021-08-23 17:34:09.908807: I tensorflow/stream_executor/platform/default/dso_loader.cc:49] Successfully opened dynamic library libcuda.so.1
2021-08-23 17:34:09.947044: I tensorflow/core/common_runtime/gpu/gpu_device.cc:1720] Found device 0 with properties: 
pciBusID: 0000:03:00.0 name: Tesla P100-PCIE-12GB computeCapability: 6.0
coreClock: 1.3285GHz coreCount: 56 deviceMemorySize: 11.91GiB deviceMemoryBandwidth: 511.41GiB/s
2021-08-23 17:34:09.947472: I tensorflow/stream_executor/platform/default/dso_loader.cc:49] Successfully opened dynamic library libcudart.so.11.0
2021-08-23 17:34:09.956827: I tensorflow/stream_executor/platform/default/dso_loader.cc:49] Successfully opened dynamic library libcublas.so.11
2021-08-23 17:34:09.956960: I tensorflow/stream_executor/platform/default/dso_loader.cc:49] Successfully opened dynamic library libcublasLt.so.11
2021-08-23 17:34:09.962392: I tensorflow/stream_executor/platform/default/dso_loader.cc:49] Successfully opened dynamic library libcufft.so.10
2021-08-23 17:34:09.965335: I tensorflow/stream_executor/platform/default/dso_loader.cc:49] Successfully opened dynamic library libcurand.so.10
2021-08-23 17:34:09.972907: I tensorflow/stream_executor/platform/default/dso_loader.cc:49] Successfully opened dynamic library libcusolver.so.10
2021-08-23 17:34:09.975078: I tensorflow/stream_executor/platform/default/dso_loader.cc:49] Successfully opened dynamic library libcusparse.so.11
2021-08-23 17:34:09.976192: I tensorflow/stream_executor/platform/default/dso_loader.cc:49] Successfully opened dynamic library libcudnn.so.8
2021-08-23 17:34:09.978533: I tensorflow/core/common_runtime/gpu/gpu_device.cc:1862] Adding visible gpu devices: 0
2021-08-23 17:34:09.982590: I tensorflow/core/platform/cpu_feature_guard.cc:142] This TensorFlow binary is optimized with oneAPI Deep Neural Network Library (oneDNN) to use the following CPU instructions in performance-critical operations:  AVX2 FMA
To enable them in other operations, rebuild TensorFlow with the appropriate compiler flags.
2021-08-23 17:34:09.983005: I tensorflow/compiler/jit/xla_gpu_device.cc:99] Not creating XLA devices, tf_xla_enable_xla_devices not set
2021-08-23 17:34:09.984032: I tensorflow/core/common_runtime/gpu/gpu_device.cc:1720] Found device 0 with properties: 
pciBusID: 0000:03:00.0 name: Tesla P100-PCIE-12GB computeCapability: 6.0
coreClock: 1.3285GHz coreCount: 56 deviceMemorySize: 11.91GiB deviceMemoryBandwidth: 511.41GiB/s
2021-08-23 17:34:09.984120: I tensorflow/stream_executor/platform/default/dso_loader.cc:49] Successfully opened dynamic library libcudart.so.11.0
2021-08-23 17:34:09.984218: I tensorflow/stream_executor/platform/default/dso_loader.cc:49] Successfully opened dynamic library libcublas.so.11
2021-08-23 17:34:09.984290: I tensorflow/stream_executor/platform/default/dso_loader.cc:49] Successfully opened dynamic library libcublasLt.so.11
2021-08-23 17:34:09.984393: I tensorflow/stream_executor/platform/default/dso_loader.cc:49] Successfully opened dynamic library libcufft.so.10
2021-08-23 17:34:09.984463: I tensorflow/stream_executor/platform/default/dso_loader.cc:49] Successfully opened dynamic library libcurand.so.10
2021-08-23 17:34:09.984545: I tensorflow/stream_executor/platform/default/dso_loader.cc:49] Successfully opened dynamic library libcusolver.so.10
2021-08-23 17:34:09.984654: I tensorflow/stream_executor/platform/default/dso_loader.cc:49] Successfully opened dynamic library libcusparse.so.11
2021-08-23 17:34:09.984745: I tensorflow/stream_executor/platform/default/dso_loader.cc:49] Successfully opened dynamic library libcudnn.so.8
2021-08-23 17:34:09.986562: I tensorflow/core/common_runtime/gpu/gpu_device.cc:1862] Adding visible gpu devices: 0
2021-08-23 17:34:09.986683: I tensorflow/stream_executor/platform/default/dso_loader.cc:49] Successfully opened dynamic library libcudart.so.11.0
2021-08-23 17:34:11.250975: I tensorflow/core/common_runtime/gpu/gpu_device.cc:1261] Device interconnect StreamExecutor with strength 1 edge matrix:
2021-08-23 17:34:11.251169: I tensorflow/core/common_runtime/gpu/gpu_device.cc:1267]      0 
2021-08-23 17:34:11.251277: I tensorflow/core/common_runtime/gpu/gpu_device.cc:1280] 0:   N 
2021-08-23 17:34:11.256880: I tensorflow/core/common_runtime/gpu/gpu_device.cc:1406] Created TensorFlow device (/job:localhost/replica:0/task:0/device:GPU:0 with 11119 MB memory) -> physical GPU (device: 0, name: Tesla P100-PCIE-12GB, pci bus id: 0000:03:00.0, compute capability: 6.0)
2021-08-23 17:34:21.979593: I tensorflow/compiler/mlir/mlir_graph_optimization_pass.cc:116] None of the MLIR optimization passes are enabled (registered 2)
2021-08-23 17:34:21.983444: I tensorflow/core/platform/profile_utils/cpu_utils.cc:112] CPU Frequency: 2199995000 Hz
2021-08-23 17:34:22.058793: I tensorflow/stream_executor/platform/default/dso_loader.cc:49] Successfully opened dynamic library libcublas.so.11
2021-08-23 17:34:22.430724: I tensorflow/stream_executor/platform/default/dso_loader.cc:49] Successfully opened dynamic library libcublasLt.so.11
2021-08-23 17:34:22.437671: I tensorflow/stream_executor/platform/default/dso_loader.cc:49] Successfully opened dynamic library libcudnn.so.8
2021-08-23 17:34:24.111342: W tensorflow/stream_executor/gpu/asm_compiler.cc:63] Running ptxas --version returned 256
2021-08-23 17:34:24.179503: W tensorflow/stream_executor/gpu/redzone_allocator.cc:314] Internal: ptxas exited with non-zero error code 256, output: 
Relying on driver to perform ptx compilation. 
Modify $PATH to customize ptxas location.
This message will be only logged once.
Training round: 1		accuracy = 0.6521739363670349
Training round: 2		accuracy = 0.6428985595703125
Training round: 3		accuracy = 0.5649275183677673
Training round: 4		accuracy = 0.6617391109466553
Training round: 5		accuracy = 0.6771014332771301
Training round: 6		accuracy = 0.6675362586975098
Training round: 7		accuracy = 0.6698550581932068
Training round: 8		accuracy = 0.6678261160850525
Training round: 9		accuracy = 0.6536231637001038
Training round: 10		accuracy = 0.6884058117866516
Training round: 11		accuracy = 0.6605796813964844
Training round: 12		accuracy = 0.6805797219276428
Training round: 13		accuracy = 0.6826087236404419
Training round: 14		accuracy = 0.6826087236404419
Training round: 15		accuracy = 0.6791304349899292
Training round: 16		accuracy = 0.659710168838501
Training round: 17		accuracy = 0.6918840408325195
Training round: 18		accuracy = 0.6878260970115662
Training round: 19		accuracy = 0.6872463822364807
Training round: 20		accuracy = 0.6878260970115662
Training round: 21		accuracy = 0.6695652008056641
Training round: 22		accuracy = 0.6863768100738525
Training round: 23		accuracy = 0.6771014332771301
Training round: 24		accuracy = 0.694492757320404
Training round: 25		accuracy = 0.6910144686698914
Training round: 26		accuracy = 0.6904347538948059
Training round: 27		accuracy = 0.6855072379112244
Training round: 28		accuracy = 0.699999988079071
Training round: 29		accuracy = 0.686956524848938
Training round: 30		accuracy = 0.6994202733039856
Training round: 31		accuracy = 0.6994202733039856
Training round: 32		accuracy = 0.690144956111908
Training round: 33		accuracy = 0.6936231851577759
Training round: 34		accuracy = 0.7014492750167847
Training round: 35		accuracy = 0.7014492750167847
Training round: 36		accuracy = 0.692463755607605
Training round: 37		accuracy = 0.6965217590332031
Training round: 38		accuracy = 0.7020289897918701
Training round: 39		accuracy = 0.6994202733039856
Training round: 40		accuracy = 0.7040579915046692
Training round: 41		accuracy = 0.7023188471794128
Training round: 42		accuracy = 0.7023188471794128
Training round: 43		accuracy = 0.6991304159164429
Training round: 44		accuracy = 0.6985507011413574
Training round: 45		accuracy = 0.7017391324043274
Training round: 46		accuracy = 0.7037681341171265
Training round: 47		accuracy = 0.7040579915046692
Training round: 48		accuracy = 0.7037681341171265
Training round: 49		accuracy = 0.7049275636672974
Training round: 50		accuracy = 0.7046377062797546
Training round: 51		accuracy = 0.705507218837738
Training round: 52		accuracy = 0.7043478488922119
Training round: 53		accuracy = 0.7040579915046692
Training round: 54		accuracy = 0.7037681341171265
Training round: 55		accuracy = 0.705507218837738
Training round: 56		accuracy = 0.7046377062797546
Training round: 57		accuracy = 0.7040579915046692
Training round: 58		accuracy = 0.7063767910003662
Training round: 59		accuracy = 0.7060869336128235
Training round: 60		accuracy = 0.705507218837738
Training round: 61		accuracy = 0.7060869336128235
Training round: 62		accuracy = 0.7066666483879089
Training round: 63		accuracy = 0.708695650100708
Training round: 64		accuracy = 0.7066666483879089
Training round: 65		accuracy = 0.7066666483879089
Training round: 66		accuracy = 0.7063767910003662
Training round: 67		accuracy = 0.7052174210548401
Training round: 68		accuracy = 0.7063767910003662
Training round: 69		accuracy = 0.7066666483879089
Training round: 70		accuracy = 0.7057970762252808
Training round: 71		accuracy = 0.7063767910003662
Training round: 72		accuracy = 0.7075362205505371
Training round: 73		accuracy = 0.7066666483879089
Training round: 74		accuracy = 0.7043478488922119
Training round: 75		accuracy = 0.7060869336128235
Training round: 76		accuracy = 0.7066666483879089
Training round: 77		accuracy = 0.7057970762252808
Training round: 78		accuracy = 0.7052174210548401
Training round: 79		accuracy = 0.7052174210548401
Training round: 80		accuracy = 0.7057970762252808
Training round: 81		accuracy = 0.7049275636672974
Training round: 82		accuracy = 0.7057970762252808
Training round: 83		accuracy = 0.7049275636672974
Training round: 84		accuracy = 0.7057970762252808
Training round: 85		accuracy = 0.7052174210548401
Training round: 86		accuracy = 0.7072463631629944
Training round: 87		accuracy = 0.705507218837738
Training round: 88		accuracy = 0.7057970762252808
Training round: 89		accuracy = 0.7060869336128235
Training round: 90		accuracy = 0.7052174210548401
Training round: 91		accuracy = 0.7072463631629944
Training round: 92		accuracy = 0.7069565057754517
Training round: 93		accuracy = 0.7066666483879089
Training round: 94		accuracy = 0.7066666483879089
Training round: 95		accuracy = 0.7060869336128235
Training round: 96		accuracy = 0.7060869336128235
Training round: 97		accuracy = 0.7075362205505371
Training round: 98		accuracy = 0.7063767910003662
Training round: 99		accuracy = 0.7060869336128235
Training round: 100		accuracy = 0.7066666483879089
Training duration 5328.211104393005
