2021-08-23 14:53:29.378595: I tensorflow/stream_executor/platform/default/dso_loader.cc:49] Successfully opened dynamic library libcudart.so.11.0
2021-08-23 14:53:54.917825: I tensorflow/compiler/jit/xla_cpu_device.cc:41] Not creating XLA devices, tf_xla_enable_xla_devices not set
2021-08-23 14:53:54.924814: I tensorflow/stream_executor/platform/default/dso_loader.cc:49] Successfully opened dynamic library libcuda.so.1
2021-08-23 14:53:54.990999: I tensorflow/core/common_runtime/gpu/gpu_device.cc:1720] Found device 0 with properties: 
pciBusID: 0000:86:00.0 name: Tesla V100-SXM2-32GB computeCapability: 7.0
coreClock: 1.53GHz coreCount: 80 deviceMemorySize: 31.75GiB deviceMemoryBandwidth: 836.37GiB/s
2021-08-23 14:53:54.991680: I tensorflow/stream_executor/platform/default/dso_loader.cc:49] Successfully opened dynamic library libcudart.so.11.0
2021-08-23 14:53:55.024448: I tensorflow/stream_executor/platform/default/dso_loader.cc:49] Successfully opened dynamic library libcublas.so.11
2021-08-23 14:53:55.024631: I tensorflow/stream_executor/platform/default/dso_loader.cc:49] Successfully opened dynamic library libcublasLt.so.11
2021-08-23 14:53:55.029824: I tensorflow/stream_executor/platform/default/dso_loader.cc:49] Successfully opened dynamic library libcufft.so.10
2021-08-23 14:53:55.039414: I tensorflow/stream_executor/platform/default/dso_loader.cc:49] Successfully opened dynamic library libcurand.so.10
2021-08-23 14:53:55.069462: I tensorflow/stream_executor/platform/default/dso_loader.cc:49] Successfully opened dynamic library libcusolver.so.10
2021-08-23 14:53:55.076893: I tensorflow/stream_executor/platform/default/dso_loader.cc:49] Successfully opened dynamic library libcusparse.so.11
2021-08-23 14:53:55.079282: I tensorflow/stream_executor/platform/default/dso_loader.cc:49] Successfully opened dynamic library libcudnn.so.8
2021-08-23 14:53:55.084613: I tensorflow/core/common_runtime/gpu/gpu_device.cc:1862] Adding visible gpu devices: 0
2021-08-23 14:53:55.089751: I tensorflow/core/platform/cpu_feature_guard.cc:142] This TensorFlow binary is optimized with oneAPI Deep Neural Network Library (oneDNN) to use the following CPU instructions in performance-critical operations:  AVX2 AVX512F FMA
To enable them in other operations, rebuild TensorFlow with the appropriate compiler flags.
2021-08-23 14:53:55.090108: I tensorflow/compiler/jit/xla_gpu_device.cc:99] Not creating XLA devices, tf_xla_enable_xla_devices not set
2021-08-23 14:53:55.092602: I tensorflow/core/common_runtime/gpu/gpu_device.cc:1720] Found device 0 with properties: 
pciBusID: 0000:86:00.0 name: Tesla V100-SXM2-32GB computeCapability: 7.0
coreClock: 1.53GHz coreCount: 80 deviceMemorySize: 31.75GiB deviceMemoryBandwidth: 836.37GiB/s
2021-08-23 14:53:55.092755: I tensorflow/stream_executor/platform/default/dso_loader.cc:49] Successfully opened dynamic library libcudart.so.11.0
2021-08-23 14:53:55.092819: I tensorflow/stream_executor/platform/default/dso_loader.cc:49] Successfully opened dynamic library libcublas.so.11
2021-08-23 14:53:55.092930: I tensorflow/stream_executor/platform/default/dso_loader.cc:49] Successfully opened dynamic library libcublasLt.so.11
2021-08-23 14:53:55.092975: I tensorflow/stream_executor/platform/default/dso_loader.cc:49] Successfully opened dynamic library libcufft.so.10
2021-08-23 14:53:55.093016: I tensorflow/stream_executor/platform/default/dso_loader.cc:49] Successfully opened dynamic library libcurand.so.10
2021-08-23 14:53:55.093055: I tensorflow/stream_executor/platform/default/dso_loader.cc:49] Successfully opened dynamic library libcusolver.so.10
2021-08-23 14:53:55.093108: I tensorflow/stream_executor/platform/default/dso_loader.cc:49] Successfully opened dynamic library libcusparse.so.11
2021-08-23 14:53:55.093219: I tensorflow/stream_executor/platform/default/dso_loader.cc:49] Successfully opened dynamic library libcudnn.so.8
2021-08-23 14:53:55.097793: I tensorflow/core/common_runtime/gpu/gpu_device.cc:1862] Adding visible gpu devices: 0
2021-08-23 14:53:55.097962: I tensorflow/stream_executor/platform/default/dso_loader.cc:49] Successfully opened dynamic library libcudart.so.11.0
2021-08-23 14:53:56.429908: I tensorflow/core/common_runtime/gpu/gpu_device.cc:1261] Device interconnect StreamExecutor with strength 1 edge matrix:
2021-08-23 14:53:56.430118: I tensorflow/core/common_runtime/gpu/gpu_device.cc:1267]      0 
2021-08-23 14:53:56.430268: I tensorflow/core/common_runtime/gpu/gpu_device.cc:1280] 0:   N 
2021-08-23 14:53:56.439976: I tensorflow/core/common_runtime/gpu/gpu_device.cc:1406] Created TensorFlow device (/job:localhost/replica:0/task:0/device:GPU:0 with 30130 MB memory) -> physical GPU (device: 0, name: Tesla V100-SXM2-32GB, pci bus id: 0000:86:00.0, compute capability: 7.0)
2021-08-23 14:54:05.096603: I tensorflow/compiler/mlir/mlir_graph_optimization_pass.cc:116] None of the MLIR optimization passes are enabled (registered 2)
2021-08-23 14:54:05.100907: I tensorflow/core/platform/profile_utils/cpu_utils.cc:112] CPU Frequency: 2100000000 Hz
2021-08-23 14:54:05.188890: I tensorflow/stream_executor/platform/default/dso_loader.cc:49] Successfully opened dynamic library libcublas.so.11
2021-08-23 14:54:06.077459: I tensorflow/stream_executor/platform/default/dso_loader.cc:49] Successfully opened dynamic library libcublasLt.so.11
2021-08-23 14:54:06.088147: I tensorflow/stream_executor/platform/default/dso_loader.cc:49] Successfully opened dynamic library libcudnn.so.8
2021-08-23 14:54:10.837005: W tensorflow/stream_executor/gpu/asm_compiler.cc:63] Running ptxas --version returned 256
2021-08-23 14:54:10.936528: W tensorflow/stream_executor/gpu/redzone_allocator.cc:314] Internal: ptxas exited with non-zero error code 256, output: 
Relying on driver to perform ptx compilation. 
Modify $PATH to customize ptxas location.
This message will be only logged once.
LabelAttacker started.
LabelAttacker finished.
Training round: 1		accuracy = 0.46202898025512695
Training round: 2		accuracy = 0.562898576259613
Training round: 3		accuracy = 0.6631883978843689
Training round: 4		accuracy = 0.5779710412025452
Training round: 5		accuracy = 0.5782608985900879
Training round: 6		accuracy = 0.5965217351913452
Training round: 7		accuracy = 0.5994203090667725
Training round: 8		accuracy = 0.6005797386169434
Training round: 9		accuracy = 0.6081159710884094
Training round: 10		accuracy = 0.6026086807250977
Training round: 11		accuracy = 0.6034782528877258
Training round: 12		accuracy = 0.5944927334785461
Training round: 13		accuracy = 0.6086956262588501
Training round: 14		accuracy = 0.6008695363998413
Training round: 15		accuracy = 0.5959420204162598
Training round: 16		accuracy = 0.6005797386169434
Training round: 17		accuracy = 0.6034782528877258
Training round: 18		accuracy = 0.6020289659500122
Training round: 19		accuracy = 0.6034782528877258
Training round: 20		accuracy = 0.6020289659500122
Training round: 21		accuracy = 0.6037681102752686
Training round: 22		accuracy = 0.6028985381126404
Training round: 23		accuracy = 0.6034782528877258
Training round: 24		accuracy = 0.6040579676628113
Training round: 25		accuracy = 0.6069565415382385
Training round: 26		accuracy = 0.6060869693756104
Training round: 27		accuracy = 0.6081159710884094
Training round: 28		accuracy = 0.6089854836463928
Training round: 29		accuracy = 0.6084057688713074
Training round: 30		accuracy = 0.6081159710884094
Training round: 31		accuracy = 0.6084057688713074
Training round: 32		accuracy = 0.6086956262588501
Training round: 33		accuracy = 0.6086956262588501
Training round: 34		accuracy = 0.6095651984214783
Training round: 35		accuracy = 0.6095651984214783
Training round: 36		accuracy = 0.6115942001342773
Training round: 37		accuracy = 0.6127536296844482
Training round: 38		accuracy = 0.6104347705841064
Training round: 39		accuracy = 0.6118840575218201
Training round: 40		accuracy = 0.6113043427467346
Training round: 41		accuracy = 0.6115942001342773
Training round: 42		accuracy = 0.6113043427467346
Training round: 43		accuracy = 0.6121739149093628
Training round: 44		accuracy = 0.6115942001342773
Training round: 45		accuracy = 0.6121739149093628
Training round: 46		accuracy = 0.6144927740097046
Training round: 47		accuracy = 0.6127536296844482
Training round: 48		accuracy = 0.6124637722969055
Training round: 49		accuracy = 0.6127536296844482
Training round: 50		accuracy = 0.6168115735054016
Training round: 51		accuracy = 0.6156522035598755
Training round: 52		accuracy = 0.6136232018470764
Training round: 53		accuracy = 0.6153623461723328
Training round: 54		accuracy = 0.6153623461723328
Training round: 55		accuracy = 0.6165217161178589
Training round: 56		accuracy = 0.6171014308929443
Training round: 57		accuracy = 0.6165217161178589
Training round: 58		accuracy = 0.6165217161178589
Training round: 59		accuracy = 0.6162318587303162
Training round: 60		accuracy = 0.6159420013427734
Training round: 61		accuracy = 0.6168115735054016
Training round: 62		accuracy = 0.6168115735054016
Training round: 63		accuracy = 0.6171014308929443
Training round: 64		accuracy = 0.6176811456680298
Training round: 65		accuracy = 0.6173912882804871
Training round: 66		accuracy = 0.6173912882804871
Training round: 67		accuracy = 0.6176811456680298
Training round: 68		accuracy = 0.618550717830658
Training round: 69		accuracy = 0.6182608604431152
Training round: 70		accuracy = 0.618550717830658
Training round: 71		accuracy = 0.618550717830658
Training round: 72		accuracy = 0.6179710030555725
Training round: 73		accuracy = 0.6179710030555725
Training round: 74		accuracy = 0.6179710030555725
Training round: 75		accuracy = 0.6179710030555725
Training round: 76		accuracy = 0.6179710030555725
Training round: 77		accuracy = 0.6191304326057434
Training round: 78		accuracy = 0.6188405752182007
Training round: 79		accuracy = 0.6179710030555725
Training round: 80		accuracy = 0.6179710030555725
Training round: 81		accuracy = 0.6188405752182007
Training round: 82		accuracy = 0.6188405752182007
Training round: 83		accuracy = 0.6188405752182007
Training round: 84		accuracy = 0.6197101473808289
Training round: 85		accuracy = 0.6197101473808289
Training round: 86		accuracy = 0.6197101473808289
Training round: 87		accuracy = 0.6200000047683716
Training round: 88		accuracy = 0.6197101473808289
Training round: 89		accuracy = 0.6197101473808289
Training round: 90		accuracy = 0.6202898621559143
Training round: 91		accuracy = 0.6200000047683716
Training round: 92		accuracy = 0.6200000047683716
Training round: 93		accuracy = 0.6200000047683716
Training round: 94		accuracy = 0.6200000047683716
Training round: 95		accuracy = 0.6202898621559143
Training round: 96		accuracy = 0.620579719543457
Training round: 97		accuracy = 0.6202898621559143
Training round: 98		accuracy = 0.6202898621559143
Training round: 99		accuracy = 0.6202898621559143
Training round: 100		accuracy = 0.6208695769309998
Training duration 6807.84344625473
