2021-08-23 16:58:09.862018: I tensorflow/stream_executor/platform/default/dso_loader.cc:49] Successfully opened dynamic library libcudart.so.11.0
2021-08-23 16:58:27.724142: I tensorflow/compiler/jit/xla_cpu_device.cc:41] Not creating XLA devices, tf_xla_enable_xla_devices not set
2021-08-23 16:58:27.726072: I tensorflow/stream_executor/platform/default/dso_loader.cc:49] Successfully opened dynamic library libcuda.so.1
2021-08-23 16:58:27.906741: I tensorflow/core/common_runtime/gpu/gpu_device.cc:1720] Found device 0 with properties: 
pciBusID: 0000:18:00.0 name: Tesla V100-SXM2-32GB computeCapability: 7.0
coreClock: 1.53GHz coreCount: 80 deviceMemorySize: 31.75GiB deviceMemoryBandwidth: 836.37GiB/s
2021-08-23 16:58:27.907003: I tensorflow/stream_executor/platform/default/dso_loader.cc:49] Successfully opened dynamic library libcudart.so.11.0
2021-08-23 16:58:27.919897: I tensorflow/stream_executor/platform/default/dso_loader.cc:49] Successfully opened dynamic library libcublas.so.11
2021-08-23 16:58:27.920062: I tensorflow/stream_executor/platform/default/dso_loader.cc:49] Successfully opened dynamic library libcublasLt.so.11
2021-08-23 16:58:27.926515: I tensorflow/stream_executor/platform/default/dso_loader.cc:49] Successfully opened dynamic library libcufft.so.10
2021-08-23 16:58:27.929079: I tensorflow/stream_executor/platform/default/dso_loader.cc:49] Successfully opened dynamic library libcurand.so.10
2021-08-23 16:58:27.938533: I tensorflow/stream_executor/platform/default/dso_loader.cc:49] Successfully opened dynamic library libcusolver.so.10
2021-08-23 16:58:27.940649: I tensorflow/stream_executor/platform/default/dso_loader.cc:49] Successfully opened dynamic library libcusparse.so.11
2021-08-23 16:58:27.941350: I tensorflow/stream_executor/platform/default/dso_loader.cc:49] Successfully opened dynamic library libcudnn.so.8
2021-08-23 16:58:27.948132: I tensorflow/core/common_runtime/gpu/gpu_device.cc:1862] Adding visible gpu devices: 0
2021-08-23 16:58:27.949068: I tensorflow/core/platform/cpu_feature_guard.cc:142] This TensorFlow binary is optimized with oneAPI Deep Neural Network Library (oneDNN) to use the following CPU instructions in performance-critical operations:  AVX2 AVX512F FMA
To enable them in other operations, rebuild TensorFlow with the appropriate compiler flags.
2021-08-23 16:58:27.949366: I tensorflow/compiler/jit/xla_gpu_device.cc:99] Not creating XLA devices, tf_xla_enable_xla_devices not set
2021-08-23 16:58:27.952446: I tensorflow/core/common_runtime/gpu/gpu_device.cc:1720] Found device 0 with properties: 
pciBusID: 0000:18:00.0 name: Tesla V100-SXM2-32GB computeCapability: 7.0
coreClock: 1.53GHz coreCount: 80 deviceMemorySize: 31.75GiB deviceMemoryBandwidth: 836.37GiB/s
2021-08-23 16:58:27.952531: I tensorflow/stream_executor/platform/default/dso_loader.cc:49] Successfully opened dynamic library libcudart.so.11.0
2021-08-23 16:58:27.952600: I tensorflow/stream_executor/platform/default/dso_loader.cc:49] Successfully opened dynamic library libcublas.so.11
2021-08-23 16:58:27.952658: I tensorflow/stream_executor/platform/default/dso_loader.cc:49] Successfully opened dynamic library libcublasLt.so.11
2021-08-23 16:58:27.952716: I tensorflow/stream_executor/platform/default/dso_loader.cc:49] Successfully opened dynamic library libcufft.so.10
2021-08-23 16:58:27.952778: I tensorflow/stream_executor/platform/default/dso_loader.cc:49] Successfully opened dynamic library libcurand.so.10
2021-08-23 16:58:27.952837: I tensorflow/stream_executor/platform/default/dso_loader.cc:49] Successfully opened dynamic library libcusolver.so.10
2021-08-23 16:58:27.952892: I tensorflow/stream_executor/platform/default/dso_loader.cc:49] Successfully opened dynamic library libcusparse.so.11
2021-08-23 16:58:27.952944: I tensorflow/stream_executor/platform/default/dso_loader.cc:49] Successfully opened dynamic library libcudnn.so.8
2021-08-23 16:58:27.959770: I tensorflow/core/common_runtime/gpu/gpu_device.cc:1862] Adding visible gpu devices: 0
2021-08-23 16:58:27.959934: I tensorflow/stream_executor/platform/default/dso_loader.cc:49] Successfully opened dynamic library libcudart.so.11.0
2021-08-23 16:58:28.922296: I tensorflow/core/common_runtime/gpu/gpu_device.cc:1261] Device interconnect StreamExecutor with strength 1 edge matrix:
2021-08-23 16:58:28.922471: I tensorflow/core/common_runtime/gpu/gpu_device.cc:1267]      0 
2021-08-23 16:58:28.922599: I tensorflow/core/common_runtime/gpu/gpu_device.cc:1280] 0:   N 
2021-08-23 16:58:28.930077: I tensorflow/core/common_runtime/gpu/gpu_device.cc:1406] Created TensorFlow device (/job:localhost/replica:0/task:0/device:GPU:0 with 30130 MB memory) -> physical GPU (device: 0, name: Tesla V100-SXM2-32GB, pci bus id: 0000:18:00.0, compute capability: 7.0)
2021-08-23 16:58:36.233505: I tensorflow/compiler/mlir/mlir_graph_optimization_pass.cc:116] None of the MLIR optimization passes are enabled (registered 2)
2021-08-23 16:58:36.237476: I tensorflow/core/platform/profile_utils/cpu_utils.cc:112] CPU Frequency: 2100000000 Hz
2021-08-23 16:58:36.313135: I tensorflow/stream_executor/platform/default/dso_loader.cc:49] Successfully opened dynamic library libcublas.so.11
2021-08-23 16:58:36.775110: I tensorflow/stream_executor/platform/default/dso_loader.cc:49] Successfully opened dynamic library libcublasLt.so.11
2021-08-23 16:58:36.785812: I tensorflow/stream_executor/platform/default/dso_loader.cc:49] Successfully opened dynamic library libcudnn.so.8
2021-08-23 16:58:39.349589: W tensorflow/stream_executor/gpu/asm_compiler.cc:63] Running ptxas --version returned 256
2021-08-23 16:58:39.448791: W tensorflow/stream_executor/gpu/redzone_allocator.cc:314] Internal: ptxas exited with non-zero error code 256, output: 
Relying on driver to perform ptx compilation. 
Modify $PATH to customize ptxas location.
This message will be only logged once.
DeleteMutator started.
DeleteMutator finished.
Training round: 1		accuracy = 0.6399999856948853
Training round: 2		accuracy = 0.6513043642044067
Training round: 3		accuracy = 0.6504347920417786
Training round: 4		accuracy = 0.6649275422096252
Training round: 5		accuracy = 0.6660869717597961
Training round: 6		accuracy = 0.6750724911689758
Training round: 7		accuracy = 0.6750724911689758
Training round: 8		accuracy = 0.6788405776023865
Training round: 9		accuracy = 0.6817391514778137
Training round: 10		accuracy = 0.6820290088653564
Training round: 11		accuracy = 0.6913043260574341
Training round: 12		accuracy = 0.6947826147079468
Training round: 13		accuracy = 0.6886956691741943
Training round: 14		accuracy = 0.6968116164207458
Training round: 15		accuracy = 0.6968116164207458
Training round: 16		accuracy = 0.6959420442581177
Training round: 17		accuracy = 0.699999988079071
Training round: 18		accuracy = 0.697970986366272
Training round: 19		accuracy = 0.6997101306915283
Training round: 20		accuracy = 0.7069565057754517
Training round: 21		accuracy = 0.7005797028541565
Training round: 22		accuracy = 0.7057970762252808
Training round: 23		accuracy = 0.7078260779380798
Training round: 24		accuracy = 0.7095652222633362
Training round: 25		accuracy = 0.7101449370384216
Training round: 26		accuracy = 0.717391312122345
Training round: 27		accuracy = 0.719420313835144
Training round: 28		accuracy = 0.7179710268974304
Training round: 29		accuracy = 0.7202898263931274
Training round: 30		accuracy = 0.7205796837806702
Training round: 31		accuracy = 0.7182608842849731
Training round: 32		accuracy = 0.7179710268974304
Training round: 33		accuracy = 0.7214492559432983
Training round: 34		accuracy = 0.7202898263931274
Training round: 35		accuracy = 0.7255072593688965
Training round: 36		accuracy = 0.7278260588645935
Training round: 37		accuracy = 0.7301449179649353
Training round: 38		accuracy = 0.7252174019813538
Training round: 39		accuracy = 0.7176811695098877
Training round: 40		accuracy = 0.7243478298187256
Training round: 41		accuracy = 0.7339130640029907
Training round: 42		accuracy = 0.7307246327400208
Training round: 43		accuracy = 0.7260869741439819
Training round: 44		accuracy = 0.7234782576560974
Training round: 45		accuracy = 0.728405773639679
Training round: 46		accuracy = 0.7237681150436401
Training round: 47		accuracy = 0.7272464036941528
Training round: 48		accuracy = 0.7275362610816956
Training round: 49		accuracy = 0.7263768315315247
Training round: 50		accuracy = 0.7307246327400208
Training round: 51		accuracy = 0.7286956310272217
Training round: 52		accuracy = 0.7301449179649353
Training round: 53		accuracy = 0.7315942049026489
Training round: 54		accuracy = 0.7310144901275635
Training round: 55		accuracy = 0.7295652031898499
Training round: 56		accuracy = 0.7307246327400208
Training round: 57		accuracy = 0.7356521487236023
Training round: 58		accuracy = 0.7292753458023071
Training round: 59		accuracy = 0.7266666889190674
Training round: 60		accuracy = 0.733623206615448
Training round: 61		accuracy = 0.7350724935531616
Training round: 62		accuracy = 0.733623206615448
Training round: 63		accuracy = 0.7342029213905334
Training round: 64		accuracy = 0.7339130640029907
Training round: 65		accuracy = 0.7327536344528198
Training round: 66		accuracy = 0.7327536344528198
Training round: 67		accuracy = 0.733623206615448
Training round: 68		accuracy = 0.7321739196777344
Training round: 69		accuracy = 0.7301449179649353
Training round: 70		accuracy = 0.7339130640029907
Training round: 71		accuracy = 0.7330434918403625
Training round: 72		accuracy = 0.7344927787780762
Training round: 73		accuracy = 0.7318840622901917
Training round: 74		accuracy = 0.7362318634986877
Training round: 75		accuracy = 0.7324637770652771
Training round: 76		accuracy = 0.7350724935531616
Training round: 77		accuracy = 0.7347826361656189
Training round: 78		accuracy = 0.7315942049026489
Training round: 79		accuracy = 0.7347826361656189
Training round: 80		accuracy = 0.7368115782737732
Training round: 81		accuracy = 0.7365217208862305
Training round: 82		accuracy = 0.7388405799865723
Training round: 83		accuracy = 0.739130437374115
Training round: 84		accuracy = 0.7379710078239441
Training round: 85		accuracy = 0.7371014356613159
Training round: 86		accuracy = 0.7353622913360596
Training round: 87		accuracy = 0.7344927787780762
Training round: 88		accuracy = 0.735942006111145
Training round: 89		accuracy = 0.7379710078239441
Training round: 90		accuracy = 0.7368115782737732
Training round: 91		accuracy = 0.7376811504364014
Training round: 92		accuracy = 0.7362318634986877
Training round: 93		accuracy = 0.7388405799865723
Training round: 94		accuracy = 0.7362318634986877
Training round: 95		accuracy = 0.7371014356613159
Training round: 96		accuracy = 0.7373912930488586
Training round: 97		accuracy = 0.7379710078239441
Training round: 98		accuracy = 0.7388405799865723
Training round: 99		accuracy = 0.7388405799865723
Training round: 100		accuracy = 0.7379710078239441
Training duration 4143.527454137802
