2021-08-23 16:43:20.664338: I tensorflow/stream_executor/platform/default/dso_loader.cc:49] Successfully opened dynamic library libcudart.so.11.0
2021-08-23 16:43:53.300346: I tensorflow/compiler/jit/xla_cpu_device.cc:41] Not creating XLA devices, tf_xla_enable_xla_devices not set
2021-08-23 16:43:53.305471: I tensorflow/stream_executor/platform/default/dso_loader.cc:49] Successfully opened dynamic library libcuda.so.1
2021-08-23 16:43:53.348769: I tensorflow/core/common_runtime/gpu/gpu_device.cc:1720] Found device 0 with properties: 
pciBusID: 0000:03:00.0 name: Tesla P100-PCIE-12GB computeCapability: 6.0
coreClock: 1.3285GHz coreCount: 56 deviceMemorySize: 11.91GiB deviceMemoryBandwidth: 511.41GiB/s
2021-08-23 16:43:53.349172: I tensorflow/stream_executor/platform/default/dso_loader.cc:49] Successfully opened dynamic library libcudart.so.11.0
2021-08-23 16:43:53.360281: I tensorflow/stream_executor/platform/default/dso_loader.cc:49] Successfully opened dynamic library libcublas.so.11
2021-08-23 16:43:53.360412: I tensorflow/stream_executor/platform/default/dso_loader.cc:49] Successfully opened dynamic library libcublasLt.so.11
2021-08-23 16:43:53.366018: I tensorflow/stream_executor/platform/default/dso_loader.cc:49] Successfully opened dynamic library libcufft.so.10
2021-08-23 16:43:53.369056: I tensorflow/stream_executor/platform/default/dso_loader.cc:49] Successfully opened dynamic library libcurand.so.10
2021-08-23 16:43:53.378202: I tensorflow/stream_executor/platform/default/dso_loader.cc:49] Successfully opened dynamic library libcusolver.so.10
2021-08-23 16:43:53.380593: I tensorflow/stream_executor/platform/default/dso_loader.cc:49] Successfully opened dynamic library libcusparse.so.11
2021-08-23 16:43:53.381594: I tensorflow/stream_executor/platform/default/dso_loader.cc:49] Successfully opened dynamic library libcudnn.so.8
2021-08-23 16:43:53.383988: I tensorflow/core/common_runtime/gpu/gpu_device.cc:1862] Adding visible gpu devices: 0
2021-08-23 16:43:53.388311: I tensorflow/core/platform/cpu_feature_guard.cc:142] This TensorFlow binary is optimized with oneAPI Deep Neural Network Library (oneDNN) to use the following CPU instructions in performance-critical operations:  AVX2 FMA
To enable them in other operations, rebuild TensorFlow with the appropriate compiler flags.
2021-08-23 16:43:53.388534: I tensorflow/compiler/jit/xla_gpu_device.cc:99] Not creating XLA devices, tf_xla_enable_xla_devices not set
2021-08-23 16:43:53.389655: I tensorflow/core/common_runtime/gpu/gpu_device.cc:1720] Found device 0 with properties: 
pciBusID: 0000:03:00.0 name: Tesla P100-PCIE-12GB computeCapability: 6.0
coreClock: 1.3285GHz coreCount: 56 deviceMemorySize: 11.91GiB deviceMemoryBandwidth: 511.41GiB/s
2021-08-23 16:43:53.389759: I tensorflow/stream_executor/platform/default/dso_loader.cc:49] Successfully opened dynamic library libcudart.so.11.0
2021-08-23 16:43:53.389860: I tensorflow/stream_executor/platform/default/dso_loader.cc:49] Successfully opened dynamic library libcublas.so.11
2021-08-23 16:43:53.389957: I tensorflow/stream_executor/platform/default/dso_loader.cc:49] Successfully opened dynamic library libcublasLt.so.11
2021-08-23 16:43:53.390089: I tensorflow/stream_executor/platform/default/dso_loader.cc:49] Successfully opened dynamic library libcufft.so.10
2021-08-23 16:43:53.390148: I tensorflow/stream_executor/platform/default/dso_loader.cc:49] Successfully opened dynamic library libcurand.so.10
2021-08-23 16:43:53.390244: I tensorflow/stream_executor/platform/default/dso_loader.cc:49] Successfully opened dynamic library libcusolver.so.10
2021-08-23 16:43:53.390366: I tensorflow/stream_executor/platform/default/dso_loader.cc:49] Successfully opened dynamic library libcusparse.so.11
2021-08-23 16:43:53.390418: I tensorflow/stream_executor/platform/default/dso_loader.cc:49] Successfully opened dynamic library libcudnn.so.8
2021-08-23 16:43:53.392190: I tensorflow/core/common_runtime/gpu/gpu_device.cc:1862] Adding visible gpu devices: 0
2021-08-23 16:43:53.392327: I tensorflow/stream_executor/platform/default/dso_loader.cc:49] Successfully opened dynamic library libcudart.so.11.0
2021-08-23 16:43:54.741767: I tensorflow/core/common_runtime/gpu/gpu_device.cc:1261] Device interconnect StreamExecutor with strength 1 edge matrix:
2021-08-23 16:43:54.742218: I tensorflow/core/common_runtime/gpu/gpu_device.cc:1267]      0 
2021-08-23 16:43:54.742320: I tensorflow/core/common_runtime/gpu/gpu_device.cc:1280] 0:   N 
2021-08-23 16:43:54.745976: I tensorflow/core/common_runtime/gpu/gpu_device.cc:1406] Created TensorFlow device (/job:localhost/replica:0/task:0/device:GPU:0 with 11119 MB memory) -> physical GPU (device: 0, name: Tesla P100-PCIE-12GB, pci bus id: 0000:03:00.0, compute capability: 6.0)
2021-08-23 16:44:10.105987: I tensorflow/compiler/mlir/mlir_graph_optimization_pass.cc:116] None of the MLIR optimization passes are enabled (registered 2)
2021-08-23 16:44:10.112639: I tensorflow/core/platform/profile_utils/cpu_utils.cc:112] CPU Frequency: 2200215000 Hz
2021-08-23 16:44:13.593494: I tensorflow/stream_executor/platform/default/dso_loader.cc:49] Successfully opened dynamic library libcublas.so.11
2021-08-23 16:44:13.987868: I tensorflow/stream_executor/platform/default/dso_loader.cc:49] Successfully opened dynamic library libcublasLt.so.11
2021-08-23 16:44:13.996541: I tensorflow/stream_executor/platform/default/dso_loader.cc:49] Successfully opened dynamic library libcudnn.so.8
2021-08-23 16:44:16.093228: W tensorflow/stream_executor/gpu/asm_compiler.cc:63] Running ptxas --version returned 256
2021-08-23 16:44:16.547198: W tensorflow/stream_executor/gpu/redzone_allocator.cc:314] Internal: ptxas exited with non-zero error code 256, output: 
Relying on driver to perform ptx compilation. 
Modify $PATH to customize ptxas location.
This message will be only logged once.
OverlapMutator started.
OverlapMutator finished.
Training round: 1		accuracy = 0.38695651292800903
Training round: 2		accuracy = 0.37478262186050415
Training round: 3		accuracy = 0.3921739161014557
Training round: 4		accuracy = 0.3750724494457245
Training round: 5		accuracy = 0.3924637734889984
Training round: 6		accuracy = 0.3875362277030945
Training round: 7		accuracy = 0.3971014618873596
Training round: 8		accuracy = 0.38376811146736145
Training round: 9		accuracy = 0.38492754101753235
Training round: 10		accuracy = 0.39072462916374207
Training round: 11		accuracy = 0.39942029118537903
Training round: 12		accuracy = 0.3886956572532654
Training round: 13		accuracy = 0.3971014618873596
Training round: 14		accuracy = 0.401159405708313
Training round: 15		accuracy = 0.383188396692276
Training round: 16		accuracy = 0.3765217363834381
Training round: 17		accuracy = 0.4026086926460266
Training round: 18		accuracy = 0.4034782648086548
Training round: 19		accuracy = 0.3866666555404663
Training round: 20		accuracy = 0.38811594247817993
Training round: 21		accuracy = 0.3901449143886566
Training round: 22		accuracy = 0.3921739161014557
Training round: 23		accuracy = 0.38144928216934204
Training round: 24		accuracy = 0.3910144865512848
Training round: 25		accuracy = 0.3820289969444275
Training round: 26		accuracy = 0.3889855146408081
Training round: 27		accuracy = 0.3878260850906372
Training round: 28		accuracy = 0.3718840479850769
Training round: 29		accuracy = 0.38492754101753235
Training round: 30		accuracy = 0.37130433320999146
Training round: 31		accuracy = 0.3840579688549042
Training round: 32		accuracy = 0.3855072557926178
Training round: 33		accuracy = 0.3886956572532654
Training round: 34		accuracy = 0.36463767290115356
Training round: 35		accuracy = 0.38811594247817993
Training round: 36		accuracy = 0.38492754101753235
Training round: 37		accuracy = 0.377681165933609
Training round: 38		accuracy = 0.3834782540798187
Training round: 39		accuracy = 0.3788405656814575
Training round: 40		accuracy = 0.38840579986572266
Training round: 41		accuracy = 0.3843478262424469
Training round: 42		accuracy = 0.3808695673942566
Training round: 43		accuracy = 0.3773913085460663
Training round: 44		accuracy = 0.37043479084968567
Training round: 45		accuracy = 0.3762318789958954
Training round: 46		accuracy = 0.37217390537261963
Training round: 47		accuracy = 0.36782607436180115
Training round: 48		accuracy = 0.3799999952316284
Training round: 49		accuracy = 0.37913042306900024
Training round: 50		accuracy = 0.38144928216934204
Training round: 51		accuracy = 0.355942040681839
Training round: 52		accuracy = 0.3660869598388672
Training round: 53		accuracy = 0.3857971131801605
Training round: 54		accuracy = 0.3840579688549042
Training round: 55		accuracy = 0.38028985261917114
Training round: 56		accuracy = 0.38260868191719055
Training round: 57		accuracy = 0.37797102332115173
Training round: 58		accuracy = 0.37594202160835266
Training round: 59		accuracy = 0.3823188543319702
Training round: 60		accuracy = 0.3744927644729614
Training round: 61		accuracy = 0.36579710245132446
Training round: 62		accuracy = 0.37246376276016235
Training round: 63		accuracy = 0.3628985583782196
Training round: 64		accuracy = 0.3765217363834381
Training round: 65		accuracy = 0.37478262186050415
Training round: 66		accuracy = 0.3799999952316284
Training round: 67		accuracy = 0.38260868191719055
Training round: 68		accuracy = 0.3762318789958954
Training round: 69		accuracy = 0.37043479084968567
Training round: 70		accuracy = 0.3773913085460663
Training round: 71		accuracy = 0.3773913085460663
Training round: 72		accuracy = 0.36666667461395264
Training round: 73		accuracy = 0.36463767290115356
Training round: 74		accuracy = 0.3799999952316284
Training round: 75		accuracy = 0.377681165933609
Training round: 76		accuracy = 0.36086955666542053
Training round: 77		accuracy = 0.3840579688549042
Training round: 78		accuracy = 0.3684057891368866
Training round: 79		accuracy = 0.37565216422080994
Training round: 80		accuracy = 0.37130433320999146
Training round: 81		accuracy = 0.3660869598388672
Training round: 82		accuracy = 0.3672463893890381
Training round: 83		accuracy = 0.37043479084968567
Training round: 84		accuracy = 0.36347827315330505
Training round: 85		accuracy = 0.3698550760746002
Training round: 86		accuracy = 0.36927536129951477
Training round: 87		accuracy = 0.377681165933609
Training round: 88		accuracy = 0.37362319231033325
Training round: 89		accuracy = 0.36782607436180115
Training round: 90		accuracy = 0.3710145056247711
Training round: 91		accuracy = 0.3733333349227905
Training round: 92		accuracy = 0.37478262186050415
Training round: 93		accuracy = 0.3698550760746002
Training round: 94		accuracy = 0.36347827315330505
Training round: 95		accuracy = 0.37478262186050415
Training round: 96		accuracy = 0.3640579581260681
Training round: 97		accuracy = 0.3715941905975342
Training round: 98		accuracy = 0.3727536201477051
Training round: 99		accuracy = 0.37043479084968567
Training round: 100		accuracy = 0.3744927644729614
Training duration 10345.655454397202
