2021-08-11 19:55:01.604078: I tensorflow/stream_executor/platform/default/dso_loader.cc:49] Successfully opened dynamic library libcudart.so.11.0
2021-08-11 19:55:07.914775: I tensorflow/compiler/jit/xla_cpu_device.cc:41] Not creating XLA devices, tf_xla_enable_xla_devices not set
2021-08-11 19:55:07.917093: I tensorflow/stream_executor/platform/default/dso_loader.cc:49] Successfully opened dynamic library libcuda.so.1
2021-08-11 19:55:08.000959: I tensorflow/core/common_runtime/gpu/gpu_device.cc:1720] Found device 0 with properties: 
pciBusID: 0000:1e:00.0 name: Tesla V100-SXM2-16GB computeCapability: 7.0
coreClock: 1.53GHz coreCount: 80 deviceMemorySize: 15.78GiB deviceMemoryBandwidth: 836.37GiB/s
2021-08-11 19:55:08.001007: I tensorflow/stream_executor/platform/default/dso_loader.cc:49] Successfully opened dynamic library libcudart.so.11.0
2021-08-11 19:55:08.008415: I tensorflow/stream_executor/platform/default/dso_loader.cc:49] Successfully opened dynamic library libcublas.so.11
2021-08-11 19:55:08.008486: I tensorflow/stream_executor/platform/default/dso_loader.cc:49] Successfully opened dynamic library libcublasLt.so.11
2021-08-11 19:55:08.028746: I tensorflow/stream_executor/platform/default/dso_loader.cc:49] Successfully opened dynamic library libcufft.so.10
2021-08-11 19:55:08.042154: I tensorflow/stream_executor/platform/default/dso_loader.cc:49] Successfully opened dynamic library libcurand.so.10
2021-08-11 19:55:08.079341: I tensorflow/stream_executor/platform/default/dso_loader.cc:49] Successfully opened dynamic library libcusolver.so.10
2021-08-11 19:55:08.088590: I tensorflow/stream_executor/platform/default/dso_loader.cc:49] Successfully opened dynamic library libcusparse.so.11
2021-08-11 19:55:08.091361: I tensorflow/stream_executor/platform/default/dso_loader.cc:49] Successfully opened dynamic library libcudnn.so.8
2021-08-11 19:55:08.099012: I tensorflow/core/common_runtime/gpu/gpu_device.cc:1862] Adding visible gpu devices: 0
2021-08-11 19:55:08.105608: I tensorflow/core/platform/cpu_feature_guard.cc:142] This TensorFlow binary is optimized with oneAPI Deep Neural Network Library (oneDNN) to use the following CPU instructions in performance-critical operations:  AVX2 AVX512F FMA
To enable them in other operations, rebuild TensorFlow with the appropriate compiler flags.
2021-08-11 19:55:08.107339: I tensorflow/compiler/jit/xla_gpu_device.cc:99] Not creating XLA devices, tf_xla_enable_xla_devices not set
2021-08-11 19:55:08.109062: I tensorflow/core/common_runtime/gpu/gpu_device.cc:1720] Found device 0 with properties: 
pciBusID: 0000:1e:00.0 name: Tesla V100-SXM2-16GB computeCapability: 7.0
coreClock: 1.53GHz coreCount: 80 deviceMemorySize: 15.78GiB deviceMemoryBandwidth: 836.37GiB/s
2021-08-11 19:55:08.109092: I tensorflow/stream_executor/platform/default/dso_loader.cc:49] Successfully opened dynamic library libcudart.so.11.0
2021-08-11 19:55:08.109110: I tensorflow/stream_executor/platform/default/dso_loader.cc:49] Successfully opened dynamic library libcublas.so.11
2021-08-11 19:55:08.109123: I tensorflow/stream_executor/platform/default/dso_loader.cc:49] Successfully opened dynamic library libcublasLt.so.11
2021-08-11 19:55:08.109136: I tensorflow/stream_executor/platform/default/dso_loader.cc:49] Successfully opened dynamic library libcufft.so.10
2021-08-11 19:55:08.109149: I tensorflow/stream_executor/platform/default/dso_loader.cc:49] Successfully opened dynamic library libcurand.so.10
2021-08-11 19:55:08.109162: I tensorflow/stream_executor/platform/default/dso_loader.cc:49] Successfully opened dynamic library libcusolver.so.10
2021-08-11 19:55:08.109174: I tensorflow/stream_executor/platform/default/dso_loader.cc:49] Successfully opened dynamic library libcusparse.so.11
2021-08-11 19:55:08.109187: I tensorflow/stream_executor/platform/default/dso_loader.cc:49] Successfully opened dynamic library libcudnn.so.8
2021-08-11 19:55:08.112198: I tensorflow/core/common_runtime/gpu/gpu_device.cc:1862] Adding visible gpu devices: 0
2021-08-11 19:55:08.112615: I tensorflow/stream_executor/platform/default/dso_loader.cc:49] Successfully opened dynamic library libcudart.so.11.0
2021-08-11 19:55:08.974001: I tensorflow/core/common_runtime/gpu/gpu_device.cc:1261] Device interconnect StreamExecutor with strength 1 edge matrix:
2021-08-11 19:55:08.974052: I tensorflow/core/common_runtime/gpu/gpu_device.cc:1267]      0 
2021-08-11 19:55:08.974064: I tensorflow/core/common_runtime/gpu/gpu_device.cc:1280] 0:   N 
2021-08-11 19:55:08.976655: I tensorflow/core/common_runtime/gpu/gpu_device.cc:1406] Created TensorFlow device (/job:localhost/replica:0/task:0/device:GPU:0 with 14761 MB memory) -> physical GPU (device: 0, name: Tesla V100-SXM2-16GB, pci bus id: 0000:1e:00.0, compute capability: 7.0)
2021-08-11 19:55:09.619176: I tensorflow/compiler/mlir/mlir_graph_optimization_pass.cc:116] None of the MLIR optimization passes are enabled (registered 2)
2021-08-11 19:55:09.620525: I tensorflow/core/platform/profile_utils/cpu_utils.cc:112] CPU Frequency: 2400000000 Hz
2021-08-11 19:55:10.077030: I tensorflow/stream_executor/platform/default/dso_loader.cc:49] Successfully opened dynamic library libcublas.so.11
2021-08-11 19:55:10.481268: I tensorflow/stream_executor/platform/default/dso_loader.cc:49] Successfully opened dynamic library libcublasLt.so.11
2021-08-11 19:55:10.511435: I tensorflow/stream_executor/platform/default/dso_loader.cc:49] Successfully opened dynamic library libcudnn.so.8
2021-08-11 19:55:14.591472: W tensorflow/stream_executor/gpu/asm_compiler.cc:63] Running ptxas --version returned 256
2021-08-11 19:55:14.630756: W tensorflow/stream_executor/gpu/redzone_allocator.cc:314] Internal: ptxas exited with non-zero error code 256, output: 
Relying on driver to perform ptx compilation. 
Modify $PATH to customize ptxas location.
This message will be only logged once.
UnbalanceMutator started.
UnbalanceMutator finished.
Training round: 1		accuracy = 0.10000000149011612
Training round: 2		accuracy = 0.15459999442100525
Training round: 3		accuracy = 0.10000000149011612
Training round: 4		accuracy = 0.10000000149011612
Training round: 5		accuracy = 0.1257999986410141
Training round: 6		accuracy = 0.10000000149011612
Training round: 7		accuracy = 0.1006999984383583
Training round: 8		accuracy = 0.16290000081062317
Training round: 9		accuracy = 0.19419999420642853
Training round: 10		accuracy = 0.10010000318288803
Training round: 11		accuracy = 0.14229999482631683
Training round: 12		accuracy = 0.12860000133514404
Training round: 13		accuracy = 0.16259999573230743
Training round: 14		accuracy = 0.1379999965429306
Training round: 15		accuracy = 0.10740000009536743
Training round: 16		accuracy = 0.10100000351667404
Training round: 17		accuracy = 0.11860000342130661
Training round: 18		accuracy = 0.13330000638961792
Training round: 19		accuracy = 0.14890000224113464
Training round: 20		accuracy = 0.14390000700950623
Training round: 21		accuracy = 0.1527000069618225
Training round: 22		accuracy = 0.17020000517368317
Training round: 23		accuracy = 0.1737000048160553
Training round: 24		accuracy = 0.1712000072002411
Training round: 25		accuracy = 0.19609999656677246
Training round: 26		accuracy = 0.15940000116825104
Training round: 27		accuracy = 0.20630000531673431
Training round: 28		accuracy = 0.10809999704360962
Training round: 29		accuracy = 0.243599995970726
Training round: 30		accuracy = 0.22349999845027924
Training round: 31		accuracy = 0.19339999556541443
Training round: 32		accuracy = 0.1932000070810318
Training round: 33		accuracy = 0.24089999496936798
Training round: 34		accuracy = 0.18729999661445618
Training round: 35		accuracy = 0.14890000224113464
Training round: 36		accuracy = 0.19699999690055847
Training round: 37		accuracy = 0.17710000276565552
Training round: 38		accuracy = 0.19580000638961792
Training round: 39		accuracy = 0.1770000010728836
Training round: 40		accuracy = 0.18809999525547028
Training round: 41		accuracy = 0.2750000059604645
Training round: 42		accuracy = 0.23479999601840973
Training round: 43		accuracy = 0.24609999358654022
Training round: 44		accuracy = 0.22609999775886536
Training round: 45		accuracy = 0.19609999656677246
Training round: 46		accuracy = 0.22759999334812164
Training round: 47		accuracy = 0.24230000376701355
Training round: 48		accuracy = 0.2540999948978424
Training round: 49		accuracy = 0.2290000021457672
Training round: 50		accuracy = 0.30480000376701355
Training round: 51		accuracy = 0.2524999976158142
Training round: 52		accuracy = 0.26089999079704285
Training round: 53		accuracy = 0.26100000739097595
Training round: 54		accuracy = 0.24690000712871552
Training round: 55		accuracy = 0.2653000056743622
Training round: 56		accuracy = 0.2117999941110611
Training round: 57		accuracy = 0.17829999327659607
Training round: 58		accuracy = 0.22269999980926514
Training round: 59		accuracy = 0.2328999936580658
Training round: 60		accuracy = 0.26829999685287476
Training round: 61		accuracy = 0.21870000660419464
Training round: 62		accuracy = 0.29339998960494995
Training round: 63		accuracy = 0.2985999882221222
Training round: 64		accuracy = 0.2502000033855438
Training round: 65		accuracy = 0.2924000024795532
Training round: 66		accuracy = 0.24279999732971191
Training round: 67		accuracy = 0.23469999432563782
Training round: 68		accuracy = 0.2802000045776367
Training round: 69		accuracy = 0.2994000017642975
Training round: 70		accuracy = 0.2992999851703644
Training round: 71		accuracy = 0.320499986410141
Training round: 72		accuracy = 0.25
Training round: 73		accuracy = 0.3181999921798706
Training round: 74		accuracy = 0.3246000111103058
Training round: 75		accuracy = 0.3037000000476837
Training round: 76		accuracy = 0.28119999170303345
Training round: 77		accuracy = 0.3659000098705292
Training round: 78		accuracy = 0.29249998927116394
Training round: 79		accuracy = 0.3458000123500824
Training round: 80		accuracy = 0.31520000100135803
Training round: 81		accuracy = 0.27079999446868896
Training round: 82		accuracy = 0.22789999842643738
Training round: 83		accuracy = 0.31380000710487366
Training round: 84		accuracy = 0.29989999532699585
Training round: 85		accuracy = 0.35089999437332153
Training round: 86		accuracy = 0.20649999380111694
Training round: 87		accuracy = 0.3328999876976013
Training round: 88		accuracy = 0.2702000141143799
Training round: 89		accuracy = 0.2939000129699707
Training round: 90		accuracy = 0.37400001287460327
Training round: 91		accuracy = 0.2669000029563904
Training round: 92		accuracy = 0.30720001459121704
Training round: 93		accuracy = 0.2978000044822693
Training round: 94		accuracy = 0.21699999272823334
Training round: 95		accuracy = 0.23909999430179596
Training round: 96		accuracy = 0.26339998841285706
Training round: 97		accuracy = 0.3140999972820282
Training round: 98		accuracy = 0.3003000020980835
Training round: 99		accuracy = 0.32910001277923584
Training round: 100		accuracy = 0.30000001192092896
Training round: 101		accuracy = 0.23729999363422394
Training round: 102		accuracy = 0.3249000012874603
Training round: 103		accuracy = 0.34769999980926514
Training round: 104		accuracy = 0.3028999865055084
Training round: 105		accuracy = 0.2906000018119812
Training round: 106		accuracy = 0.29420000314712524
Training round: 107		accuracy = 0.2281000018119812
Training round: 108		accuracy = 0.31940001249313354
Training round: 109		accuracy = 0.38370001316070557
Training round: 110		accuracy = 0.2870999872684479
Training round: 111		accuracy = 0.24809999763965607
Training round: 112		accuracy = 0.31929999589920044
Training round: 113		accuracy = 0.36480000615119934
Training round: 114		accuracy = 0.36649999022483826
Training round: 115		accuracy = 0.21230000257492065
Training round: 116		accuracy = 0.29330000281333923
Training round: 117		accuracy = 0.24619999527931213
Training round: 118		accuracy = 0.33320000767707825
Training round: 119		accuracy = 0.3637000024318695
Training round: 120		accuracy = 0.3625999987125397
Training round: 121		accuracy = 0.35659998655319214
Training round: 122		accuracy = 0.3343000113964081
Training round: 123		accuracy = 0.37630000710487366
Training round: 124		accuracy = 0.2957000136375427
Training round: 125		accuracy = 0.34150001406669617
Training round: 126		accuracy = 0.3463999927043915
Training round: 127		accuracy = 0.3555000126361847
Training round: 128		accuracy = 0.24779999256134033
Training round: 129		accuracy = 0.2937999963760376
Training round: 130		accuracy = 0.3709000051021576
Training round: 131		accuracy = 0.328000009059906
Training round: 132		accuracy = 0.1973000019788742
Training round: 133		accuracy = 0.3686999976634979
Training round: 134		accuracy = 0.3752000033855438
Training round: 135		accuracy = 0.31790000200271606
Training round: 136		accuracy = 0.2754000127315521
Training round: 137		accuracy = 0.30379998683929443
Training round: 138		accuracy = 0.35440000891685486
Training round: 139		accuracy = 0.24199999868869781
Training round: 140		accuracy = 0.35530000925064087
Training round: 141		accuracy = 0.2215999960899353
Training round: 142		accuracy = 0.37130001187324524
Training round: 143		accuracy = 0.3937999904155731
Training round: 144		accuracy = 0.27480000257492065
Training round: 145		accuracy = 0.2370000034570694
Training round: 146		accuracy = 0.36880001425743103
Training round: 147		accuracy = 0.39410001039505005
Training round: 148		accuracy = 0.30660000443458557
Training round: 149		accuracy = 0.2305999994277954
Training round: 150		accuracy = 0.3806999921798706
Training round: 151		accuracy = 0.36980000138282776
Training round: 152		accuracy = 0.2295999974012375
Training round: 153		accuracy = 0.3723999857902527
Training round: 154		accuracy = 0.3140000104904175
Training round: 155		accuracy = 0.3700999915599823
Training round: 156		accuracy = 0.40689998865127563
Training round: 157		accuracy = 0.400299996137619
Training round: 158		accuracy = 0.3750999867916107
Training round: 159		accuracy = 0.33180001378059387
Training round: 160		accuracy = 0.3953000009059906
Training round: 161		accuracy = 0.34380000829696655
Training round: 162		accuracy = 0.3862999975681305
Training round: 163		accuracy = 0.24269999563694
Training round: 164		accuracy = 0.22990000247955322
Training round: 165		accuracy = 0.31520000100135803
Training round: 166		accuracy = 0.4016999900341034
Training round: 167		accuracy = 0.4171000123023987
Training round: 168		accuracy = 0.36660000681877136
Training round: 169		accuracy = 0.35600000619888306
Training round: 170		accuracy = 0.36410000920295715
Training round: 171		accuracy = 0.3698999881744385
Training round: 172		accuracy = 0.39329999685287476
Training round: 173		accuracy = 0.4106000065803528
Training round: 174		accuracy = 0.3765999972820282
Training round: 175		accuracy = 0.39579999446868896
Training round: 176		accuracy = 0.40950000286102295
Training round: 177		accuracy = 0.41200000047683716
Training round: 178		accuracy = 0.39410001039505005
Training round: 179		accuracy = 0.4253999888896942
Training round: 180		accuracy = 0.3418000042438507
Training round: 181		accuracy = 0.38449999690055847
Training round: 182		accuracy = 0.4047999978065491
Training round: 183		accuracy = 0.4235999882221222
Training round: 184		accuracy = 0.4081000089645386
Training round: 185		accuracy = 0.4507000148296356
Training round: 186		accuracy = 0.35920000076293945
Training round: 187		accuracy = 0.38260000944137573
Training round: 188		accuracy = 0.33480000495910645
Training round: 189		accuracy = 0.36910000443458557
Training round: 190		accuracy = 0.3865000009536743
Training round: 191		accuracy = 0.3562000095844269
Training round: 192		accuracy = 0.40560001134872437
Training round: 193		accuracy = 0.38280001282691956
Training round: 194		accuracy = 0.3671000003814697
Training round: 195		accuracy = 0.40130001306533813
Training round: 196		accuracy = 0.4154999852180481
Training round: 197		accuracy = 0.4131999909877777
Training round: 198		accuracy = 0.4115999937057495
Training round: 199		accuracy = 0.4325000047683716
Training round: 200		accuracy = 0.44040000438690186
Training round: 201		accuracy = 0.4733000099658966
Training round: 202		accuracy = 0.37070000171661377
Training round: 203		accuracy = 0.41609999537467957
Training round: 204		accuracy = 0.4555000066757202
Training round: 205		accuracy = 0.3596999943256378
Training round: 206		accuracy = 0.3644999861717224
Training round: 207		accuracy = 0.42559999227523804
Training round: 208		accuracy = 0.459199994802475
Training round: 209		accuracy = 0.3476000130176544
Training round: 210		accuracy = 0.3296000063419342
Training round: 211		accuracy = 0.4097000062465668
Training round: 212		accuracy = 0.4242999851703644
Training round: 213		accuracy = 0.35190001130104065
Training round: 214		accuracy = 0.3571999967098236
Training round: 215		accuracy = 0.2687000036239624
Training round: 216		accuracy = 0.4300000071525574
Training round: 217		accuracy = 0.4302999973297119
Training round: 218		accuracy = 0.4147999882698059
Training round: 219		accuracy = 0.2924000024795532
Training round: 220		accuracy = 0.429500013589859
Training round: 221		accuracy = 0.4058000147342682
Training round: 222		accuracy = 0.42649999260902405
Training round: 223		accuracy = 0.4530999958515167
Training round: 224		accuracy = 0.27059999108314514
Training round: 225		accuracy = 0.43639999628067017
Training round: 226		accuracy = 0.4309000074863434
Training round: 227		accuracy = 0.30219998955726624
Training round: 228		accuracy = 0.4178999960422516
Training round: 229		accuracy = 0.4253000020980835
Training round: 230		accuracy = 0.47920000553131104
Training round: 231		accuracy = 0.45910000801086426
Training round: 232		accuracy = 0.4433000087738037
Training round: 233		accuracy = 0.4090999960899353
Training round: 234		accuracy = 0.3776000142097473
Training round: 235		accuracy = 0.4309999942779541
Training round: 236		accuracy = 0.3725999891757965
Training round: 237		accuracy = 0.41510000824928284
Training round: 238		accuracy = 0.44609999656677246
Training round: 239		accuracy = 0.4034999907016754
Training round: 240		accuracy = 0.42800000309944153
Training round: 241		accuracy = 0.4124000072479248
Training round: 242		accuracy = 0.3743000030517578
Training round: 243		accuracy = 0.438400000333786
Training round: 244		accuracy = 0.44020000100135803
Training round: 245		accuracy = 0.4404999911785126
Training round: 246		accuracy = 0.45680001378059387
Training round: 247		accuracy = 0.4487999975681305
Training round: 248		accuracy = 0.47690001130104065
Training round: 249		accuracy = 0.43309998512268066
Training round: 250		accuracy = 0.40799999237060547
Training round: 251		accuracy = 0.4503999948501587
Training round: 252		accuracy = 0.43230000138282776
Training round: 253		accuracy = 0.435699999332428
Training round: 254		accuracy = 0.42559999227523804
Training round: 255		accuracy = 0.35089999437332153
Training round: 256		accuracy = 0.451200008392334
Training round: 257		accuracy = 0.3813999891281128
Training round: 258		accuracy = 0.4275999963283539
Training round: 259		accuracy = 0.40799999237060547
Training round: 260		accuracy = 0.49219998717308044
Training round: 261		accuracy = 0.4675999879837036
Training round: 262		accuracy = 0.43130001425743103
Training round: 263		accuracy = 0.3686999976634979
Training round: 264		accuracy = 0.3434000015258789
Training round: 265		accuracy = 0.4512999951839447
Training round: 266		accuracy = 0.47450000047683716
Training round: 267		accuracy = 0.39800000190734863
Training round: 268		accuracy = 0.5049999952316284
Training round: 269		accuracy = 0.4099999964237213
Training round: 270		accuracy = 0.46639999747276306
Training round: 271		accuracy = 0.4580000042915344
Training round: 272		accuracy = 0.49480000138282776
Training round: 273		accuracy = 0.29670000076293945
Training round: 274		accuracy = 0.43529999256134033
Training round: 275		accuracy = 0.44200000166893005
Training round: 276		accuracy = 0.45260000228881836
Training round: 277		accuracy = 0.40389999747276306
Training round: 278		accuracy = 0.47040000557899475
Training round: 279		accuracy = 0.366100013256073
Training round: 280		accuracy = 0.3264000117778778
Training round: 281		accuracy = 0.25290000438690186
Training round: 282		accuracy = 0.4442000091075897
Training round: 283		accuracy = 0.47040000557899475
Training round: 284		accuracy = 0.49230000376701355
Training round: 285		accuracy = 0.4415999948978424
Training round: 286		accuracy = 0.5045999884605408
Training round: 287		accuracy = 0.43860000371932983
Training round: 288		accuracy = 0.47119998931884766
Training round: 289		accuracy = 0.2759999930858612
Training round: 290		accuracy = 0.4438000023365021
Training round: 291		accuracy = 0.5138000249862671
Training round: 292		accuracy = 0.46630001068115234
Training round: 293		accuracy = 0.4855000078678131
Training round: 294		accuracy = 0.42570000886917114
Training round: 295		accuracy = 0.42669999599456787
Training round: 296		accuracy = 0.43650001287460327
Training round: 297		accuracy = 0.3294000029563904
Training round: 298		accuracy = 0.46619999408721924
Training round: 299		accuracy = 0.29010000824928284
Training round: 300		accuracy = 0.45239999890327454
Training round: 301		accuracy = 0.43540000915527344
Training round: 302		accuracy = 0.32280001044273376
Training round: 303		accuracy = 0.4657999873161316
Training round: 304		accuracy = 0.4528999924659729
Training round: 305		accuracy = 0.4932999908924103
Training round: 306		accuracy = 0.4921000003814697
Training round: 307		accuracy = 0.4781999886035919
Training round: 308		accuracy = 0.2793999910354614
Training round: 309		accuracy = 0.4408999979496002
Training round: 310		accuracy = 0.45840001106262207
Training round: 311		accuracy = 0.4474000036716461
Training round: 312		accuracy = 0.4399000108242035
Training round: 313		accuracy = 0.4602999985218048
Training round: 314		accuracy = 0.42320001125335693
Training round: 315		accuracy = 0.45559999346733093
Training round: 316		accuracy = 0.4587000012397766
Training round: 317		accuracy = 0.4754999876022339
Training round: 318		accuracy = 0.4652000069618225
Training round: 319		accuracy = 0.4124999940395355
Training round: 320		accuracy = 0.4821000099182129
Training round: 321		accuracy = 0.4747999906539917
Training round: 322		accuracy = 0.512499988079071
Training round: 323		accuracy = 0.47760000824928284
Training round: 324		accuracy = 0.46650001406669617
Training round: 325		accuracy = 0.4767000079154968
Training round: 326		accuracy = 0.45500001311302185
Training round: 327		accuracy = 0.46549999713897705
Training round: 328		accuracy = 0.4449000060558319
Training round: 329		accuracy = 0.4763000011444092
Training round: 330		accuracy = 0.4758000075817108
Training round: 331		accuracy = 0.46709999442100525
Training round: 332		accuracy = 0.4625000059604645
Training round: 333		accuracy = 0.44620001316070557
Training round: 334		accuracy = 0.3837999999523163
Training round: 335		accuracy = 0.491100013256073
Training round: 336		accuracy = 0.4390000104904175
Training round: 337		accuracy = 0.4480000138282776
Training round: 338		accuracy = 0.45210000872612
Training round: 339		accuracy = 0.5047000050544739
Training round: 340		accuracy = 0.48919999599456787
Training round: 341		accuracy = 0.44999998807907104
Training round: 342		accuracy = 0.44040000438690186
Training round: 343		accuracy = 0.4535999894142151
Training round: 344		accuracy = 0.44449999928474426
Training round: 345		accuracy = 0.4422000050544739
Training round: 346		accuracy = 0.46369999647140503
Training round: 347		accuracy = 0.48190000653266907
Training round: 348		accuracy = 0.3840999901294708
Training round: 349		accuracy = 0.47189998626708984
Training round: 350		accuracy = 0.4603999853134155
Training round: 351		accuracy = 0.47429999709129333
Training round: 352		accuracy = 0.41119998693466187
Training round: 353		accuracy = 0.2888999879360199
Training round: 354		accuracy = 0.487199991941452
Training round: 355		accuracy = 0.3937999904155731
Training round: 356		accuracy = 0.5016999840736389
Training round: 357		accuracy = 0.48350000381469727
Training round: 358		accuracy = 0.4869999885559082
Training round: 359		accuracy = 0.5130000114440918
Training round: 360		accuracy = 0.4878000020980835
Training round: 361		accuracy = 0.4805999994277954
Training round: 362		accuracy = 0.47530001401901245
Training round: 363		accuracy = 0.4869000017642975
Training round: 364		accuracy = 0.5406000018119812
Training round: 365		accuracy = 0.40549999475479126
Training round: 366		accuracy = 0.49160000681877136
Training round: 367		accuracy = 0.4970000088214874
Training round: 368		accuracy = 0.250900000333786
Training round: 369		accuracy = 0.3165999948978424
Training round: 370		accuracy = 0.48559999465942383
Training round: 371		accuracy = 0.4334999918937683
Training round: 372		accuracy = 0.48410001397132874
Training round: 373		accuracy = 0.46639999747276306
Training round: 374		accuracy = 0.4699000120162964
Training round: 375		accuracy = 0.5310999751091003
Training round: 376		accuracy = 0.3075999915599823
Training round: 377		accuracy = 0.4334999918937683
Training round: 378		accuracy = 0.47519999742507935
Training round: 379		accuracy = 0.5461000204086304
Training round: 380		accuracy = 0.48420000076293945
Training round: 381		accuracy = 0.40860000252723694
Training round: 382		accuracy = 0.46050000190734863
Training round: 383		accuracy = 0.5069000124931335
Training round: 384		accuracy = 0.4876999855041504
Training round: 385		accuracy = 0.4772999882698059
Training round: 386		accuracy = 0.5447999835014343
Training round: 387		accuracy = 0.5224999785423279
Training round: 388		accuracy = 0.46230000257492065
Training round: 389		accuracy = 0.4936000108718872
Training round: 390		accuracy = 0.3100999891757965
Training round: 391		accuracy = 0.48339998722076416
Training round: 392		accuracy = 0.47780001163482666
Training round: 393		accuracy = 0.5094000101089478
Training round: 394		accuracy = 0.5008000135421753
Training round: 395		accuracy = 0.5665000081062317
Training round: 396		accuracy = 0.5213000178337097
Training round: 397		accuracy = 0.49950000643730164
Training round: 398		accuracy = 0.4862000048160553
Training round: 399		accuracy = 0.4519999921321869
Training round: 400		accuracy = 0.5302000045776367
Training round: 401		accuracy = 0.4945000112056732
Training round: 402		accuracy = 0.48669999837875366
Training round: 403		accuracy = 0.49380001425743103
Training round: 404		accuracy = 0.5457000136375427
Training round: 405		accuracy = 0.5425000190734863
Training round: 406		accuracy = 0.5282999873161316
Training round: 407		accuracy = 0.32010000944137573
Training round: 408		accuracy = 0.48590001463890076
Training round: 409		accuracy = 0.544700026512146
Training round: 410		accuracy = 0.5097000002861023
Training round: 411		accuracy = 0.5076000094413757
Training round: 412		accuracy = 0.5059000253677368
Training round: 413		accuracy = 0.49399998784065247
Training round: 414		accuracy = 0.5544000267982483
Training round: 415		accuracy = 0.5052000284194946
Training round: 416		accuracy = 0.5084999799728394
Training round: 417		accuracy = 0.5228999853134155
Training round: 418		accuracy = 0.5084999799728394
Training round: 419		accuracy = 0.5019000172615051
Training round: 420		accuracy = 0.4796000123023987
Training round: 421		accuracy = 0.5109000205993652
Training round: 422		accuracy = 0.4900999963283539
Training round: 423		accuracy = 0.3564000129699707
Training round: 424		accuracy = 0.47049999237060547
Training round: 425		accuracy = 0.4643999934196472
Training round: 426		accuracy = 0.46540001034736633
Training round: 427		accuracy = 0.4970000088214874
Training round: 428		accuracy = 0.5091999769210815
Training round: 429		accuracy = 0.3188000023365021
Training round: 430		accuracy = 0.5148000121116638
Training round: 431		accuracy = 0.4602000117301941
Training round: 432		accuracy = 0.510699987411499
Training round: 433		accuracy = 0.5134999752044678
Training round: 434		accuracy = 0.5058000087738037
Training round: 435		accuracy = 0.4925000071525574
Training round: 436		accuracy = 0.5309000015258789
Training round: 437		accuracy = 0.525600016117096
Training round: 438		accuracy = 0.555400013923645
Training round: 439		accuracy = 0.30480000376701355
Training round: 440		accuracy = 0.3531000018119812
Training round: 441		accuracy = 0.48179998993873596
Training round: 442		accuracy = 0.5550000071525574
Training round: 443		accuracy = 0.46209999918937683
Training round: 444		accuracy = 0.5257999897003174
Training round: 445		accuracy = 0.48260000348091125
Training round: 446		accuracy = 0.33469998836517334
Training round: 447		accuracy = 0.5152999758720398
Training round: 448		accuracy = 0.5092999935150146
Training round: 449		accuracy = 0.5200999975204468
Training round: 450		accuracy = 0.5108000040054321
Training round: 451		accuracy = 0.49140000343322754
Training round: 452		accuracy = 0.5501999855041504
Training round: 453		accuracy = 0.45500001311302185
Training round: 454		accuracy = 0.5073000192642212
Training round: 455		accuracy = 0.44339999556541443
Training round: 456		accuracy = 0.5031999945640564
Training round: 457		accuracy = 0.5288000106811523
Training round: 458		accuracy = 0.3224000036716461
Training round: 459		accuracy = 0.499099999666214
Training round: 460		accuracy = 0.5432999730110168
Training round: 461		accuracy = 0.486299991607666
Training round: 462		accuracy = 0.33880001306533813
Training round: 463		accuracy = 0.5151000022888184
Training round: 464		accuracy = 0.4936999976634979
Training round: 465		accuracy = 0.4674000144004822
Training round: 466		accuracy = 0.32359999418258667
Training round: 467		accuracy = 0.4984999895095825
Training round: 468		accuracy = 0.5105000138282776
Training round: 469		accuracy = 0.487199991941452
Training round: 470		accuracy = 0.49399998784065247
Training round: 471		accuracy = 0.519599974155426
Training round: 472		accuracy = 0.491100013256073
Training round: 473		accuracy = 0.516700029373169
Training round: 474		accuracy = 0.5234000086784363
Training round: 475		accuracy = 0.49559998512268066
Training round: 476		accuracy = 0.559499979019165
Training round: 477		accuracy = 0.45890000462532043
Training round: 478		accuracy = 0.4959999918937683
Training round: 479		accuracy = 0.5088000297546387
Training round: 480		accuracy = 0.5503000020980835
Training round: 481		accuracy = 0.5170999765396118
Training round: 482		accuracy = 0.46480000019073486
Training round: 483		accuracy = 0.32030001282691956
Training round: 484		accuracy = 0.4932999908924103
Training round: 485		accuracy = 0.5123000144958496
Training round: 486		accuracy = 0.3192000091075897
Training round: 487		accuracy = 0.5120000243186951
Training round: 488		accuracy = 0.498199999332428
Training round: 489		accuracy = 0.33970001339912415
Training round: 490		accuracy = 0.37700000405311584
Training round: 491		accuracy = 0.520799994468689
Training round: 492		accuracy = 0.3140999972820282
Training round: 493		accuracy = 0.30320000648498535
Training round: 494		accuracy = 0.5123000144958496
Training round: 495		accuracy = 0.5516999959945679
Training round: 496		accuracy = 0.4648999869823456
Training round: 497		accuracy = 0.35670000314712524
Training round: 498		accuracy = 0.5092999935150146
Training round: 499		accuracy = 0.5085999965667725
Training round: 500		accuracy = 0.4968000054359436
Training round: 501		accuracy = 0.476500004529953
Training round: 502		accuracy = 0.4860999882221222
Training round: 503		accuracy = 0.4171999990940094
Training round: 504		accuracy = 0.5346999764442444
Training round: 505		accuracy = 0.3467999994754791
Training round: 506		accuracy = 0.4830999970436096
Training round: 507		accuracy = 0.43230000138282776
Training round: 508		accuracy = 0.5163999795913696
Training round: 509		accuracy = 0.5095999836921692
Training round: 510		accuracy = 0.42890000343322754
Training round: 511		accuracy = 0.42419999837875366
Training round: 512		accuracy = 0.508400022983551
Training round: 513		accuracy = 0.5254999995231628
Training round: 514		accuracy = 0.5554999709129333
Training round: 515		accuracy = 0.4878999888896942
Training round: 516		accuracy = 0.47269999980926514
Training round: 517		accuracy = 0.5462999939918518
Training round: 518		accuracy = 0.4542999863624573
Training round: 519		accuracy = 0.49900001287460327
Training round: 520		accuracy = 0.5157999992370605
Training round: 521		accuracy = 0.5694000124931335
Training round: 522		accuracy = 0.5285000205039978
Training round: 523		accuracy = 0.5216000080108643
Training round: 524		accuracy = 0.5109999775886536
Training round: 525		accuracy = 0.5059000253677368
Training round: 526		accuracy = 0.5023000240325928
Training round: 527		accuracy = 0.5192999839782715
Training round: 528		accuracy = 0.4828999936580658
Training round: 529		accuracy = 0.5178999900817871
Training round: 530		accuracy = 0.5095999836921692
Training round: 531		accuracy = 0.5019999742507935
Training round: 532		accuracy = 0.4997999966144562
Training round: 533		accuracy = 0.5020999908447266
Training round: 534		accuracy = 0.5274999737739563
Training round: 535		accuracy = 0.5727999806404114
Training round: 536		accuracy = 0.4851999878883362
Training round: 537		accuracy = 0.4864000082015991
Training round: 538		accuracy = 0.4932999908924103
Training round: 539		accuracy = 0.47929999232292175
Training round: 540		accuracy = 0.5178999900817871
Training round: 541		accuracy = 0.5094000101089478
Training round: 542		accuracy = 0.5212000012397766
Training round: 543		accuracy = 0.491100013256073
Training round: 544		accuracy = 0.47859999537467957
Training round: 545		accuracy = 0.4616999924182892
Training round: 546		accuracy = 0.49410000443458557
Training round: 547		accuracy = 0.5091999769210815
Training round: 548		accuracy = 0.47440001368522644
Training round: 549		accuracy = 0.5213000178337097
Training round: 550		accuracy = 0.3287000060081482
Training round: 551		accuracy = 0.39559999108314514
Training round: 552		accuracy = 0.31119999289512634
Training round: 553		accuracy = 0.4652999937534332
Training round: 554		accuracy = 0.4966999888420105
Training round: 555		accuracy = 0.5252000093460083
Training round: 556		accuracy = 0.49709999561309814
Training round: 557		accuracy = 0.336899995803833
Training round: 558		accuracy = 0.3693000078201294
Training round: 559		accuracy = 0.5256999731063843
Training round: 560		accuracy = 0.5199000239372253
Training round: 561		accuracy = 0.42399999499320984
Training round: 562		accuracy = 0.5370000004768372
Training round: 563		accuracy = 0.46790000796318054
Training round: 564		accuracy = 0.5130000114440918
Training round: 565		accuracy = 0.5386000275611877
Training round: 566		accuracy = 0.4957999885082245
Training round: 567		accuracy = 0.49160000681877136
Training round: 568		accuracy = 0.4878999888896942
Training round: 569		accuracy = 0.4740999937057495
Training round: 570		accuracy = 0.4657000005245209
Training round: 571		accuracy = 0.501800000667572
Training round: 572		accuracy = 0.5056999921798706
Training round: 573		accuracy = 0.5252000093460083
Training round: 574		accuracy = 0.5672000050544739
Training round: 575		accuracy = 0.5641999840736389
Training round: 576		accuracy = 0.36149999499320984
Training round: 577		accuracy = 0.51419997215271
Training round: 578		accuracy = 0.33000001311302185
Training round: 579		accuracy = 0.536899983882904
Training round: 580		accuracy = 0.5436000227928162
Training round: 581		accuracy = 0.47119998931884766
Training round: 582		accuracy = 0.43880000710487366
Training round: 583		accuracy = 0.5040000081062317
Training round: 584		accuracy = 0.4984999895095825
Training round: 585		accuracy = 0.49869999289512634
Training round: 586		accuracy = 0.40799999237060547
Training round: 587		accuracy = 0.5164999961853027
Training round: 588		accuracy = 0.5077999830245972
Training round: 589		accuracy = 0.506600022315979
Training round: 590		accuracy = 0.507099986076355
Training round: 591		accuracy = 0.5227000117301941
Training round: 592		accuracy = 0.5171999931335449
Training round: 593		accuracy = 0.5512999892234802
Training round: 594		accuracy = 0.5291000008583069
Training round: 595		accuracy = 0.3285999894142151
Training round: 596		accuracy = 0.33869999647140503
Training round: 597		accuracy = 0.5127000212669373
Training round: 598		accuracy = 0.4814000129699707
Training round: 599		accuracy = 0.536899983882904
Training round: 600		accuracy = 0.5149999856948853
Training round: 601		accuracy = 0.4530999958515167
Training round: 602		accuracy = 0.3407999873161316
Training round: 603		accuracy = 0.32260000705718994
Training round: 604		accuracy = 0.34310001134872437
Training round: 605		accuracy = 0.5055999755859375
Training round: 606		accuracy = 0.3619999885559082
Training round: 607		accuracy = 0.5432999730110168
Training round: 608		accuracy = 0.560699999332428
Training round: 609		accuracy = 0.5647000074386597
Training round: 610		accuracy = 0.47530001401901245
Training round: 611		accuracy = 0.5299000144004822
Training round: 612		accuracy = 0.3862999975681305
Training round: 613		accuracy = 0.5248000025749207
Training round: 614		accuracy = 0.5080999732017517
Training round: 615		accuracy = 0.4366999864578247
Training round: 616		accuracy = 0.383899986743927
Training round: 617		accuracy = 0.5303000211715698
Training round: 618		accuracy = 0.5156000256538391
Training round: 619		accuracy = 0.38600000739097595
Training round: 620		accuracy = 0.5540000200271606
Training round: 621		accuracy = 0.5259000062942505
Training round: 622		accuracy = 0.349700003862381
Training round: 623		accuracy = 0.5467000007629395
Training round: 624		accuracy = 0.49779999256134033
Training round: 625		accuracy = 0.5270000100135803
Training round: 626		accuracy = 0.5020999908447266
Training round: 627		accuracy = 0.31679999828338623
Training round: 628		accuracy = 0.4154999852180481
Training round: 629		accuracy = 0.4722999930381775
Training round: 630		accuracy = 0.4772000014781952
Training round: 631		accuracy = 0.5205000042915344
Training round: 632		accuracy = 0.5601999759674072
Training round: 633		accuracy = 0.5570999979972839
Training round: 634		accuracy = 0.3686999976634979
Training round: 635		accuracy = 0.5037999749183655
Training round: 636		accuracy = 0.4921000003814697
Training round: 637		accuracy = 0.5167999863624573
Training round: 638		accuracy = 0.4025000035762787
Training round: 639		accuracy = 0.5634999871253967
Training round: 640		accuracy = 0.5085999965667725
Training round: 641		accuracy = 0.5267000198364258
Training round: 642		accuracy = 0.48840001225471497
Training round: 643		accuracy = 0.4837000072002411
Training round: 644		accuracy = 0.5349000096321106
Training round: 645		accuracy = 0.5056999921798706
Training round: 646		accuracy = 0.4851999878883362
Training round: 647		accuracy = 0.4916999936103821
Training round: 648		accuracy = 0.4262999892234802
Training round: 649		accuracy = 0.5194000005722046
Training round: 650		accuracy = 0.5234000086784363
Training round: 651		accuracy = 0.5281999707221985
Training round: 652		accuracy = 0.5371000170707703
Training round: 653		accuracy = 0.5403000116348267
Training round: 654		accuracy = 0.5084999799728394
Training round: 655		accuracy = 0.41940000653266907
Training round: 656		accuracy = 0.5220999717712402
Training round: 657		accuracy = 0.3824000060558319
Training round: 658		accuracy = 0.5299000144004822
Training round: 659		accuracy = 0.511900007724762
Training round: 660		accuracy = 0.4320000112056732
Training round: 661		accuracy = 0.43650001287460327
Training round: 662		accuracy = 0.5440999865531921
Training round: 663		accuracy = 0.5235999822616577
Training round: 664		accuracy = 0.5353999733924866
Training round: 665		accuracy = 0.49639999866485596
Training round: 666		accuracy = 0.38839998841285706
Training round: 667		accuracy = 0.529699981212616
Training round: 668		accuracy = 0.5813999772071838
Training round: 669		accuracy = 0.527999997138977
Training round: 670		accuracy = 0.5511999726295471
Training round: 671		accuracy = 0.569599986076355
Training round: 672		accuracy = 0.5286999940872192
Training round: 673		accuracy = 0.5300999879837036
Training round: 674		accuracy = 0.41269999742507935
Training round: 675		accuracy = 0.5004000067710876
Training round: 676		accuracy = 0.5322999954223633
Training round: 677		accuracy = 0.5649999976158142
Training round: 678		accuracy = 0.5436000227928162
Training round: 679		accuracy = 0.5605000257492065
Training round: 680		accuracy = 0.5460000038146973
Training round: 681		accuracy = 0.5123000144958496
Training round: 682		accuracy = 0.35749998688697815
Training round: 683		accuracy = 0.527899980545044
Training round: 684		accuracy = 0.541100025177002
Training round: 685		accuracy = 0.48539999127388
Training round: 686		accuracy = 0.5460000038146973
Training round: 687		accuracy = 0.521399974822998
Training round: 688		accuracy = 0.4839000105857849
Training round: 689		accuracy = 0.5460000038146973
Training round: 690		accuracy = 0.5228000283241272
Training round: 691		accuracy = 0.5472000241279602
Training round: 692		accuracy = 0.49639999866485596
Training round: 693		accuracy = 0.31520000100135803
Training round: 694		accuracy = 0.5328999757766724
Training round: 695		accuracy = 0.5221999883651733
Training round: 696		accuracy = 0.5138000249862671
Training round: 697		accuracy = 0.506600022315979
Training round: 698		accuracy = 0.5400999784469604
Training round: 699		accuracy = 0.5157999992370605
Training round: 700		accuracy = 0.5095000267028809
Training round: 701		accuracy = 0.5001999735832214
Training round: 702		accuracy = 0.5031999945640564
Training round: 703		accuracy = 0.42739999294281006
Training round: 704		accuracy = 0.5446000099182129
Training round: 705		accuracy = 0.534600019454956
Training round: 706		accuracy = 0.5131000280380249
Training round: 707		accuracy = 0.4986000061035156
Training round: 708		accuracy = 0.5597000122070312
Training round: 709		accuracy = 0.5414999723434448
Training round: 710		accuracy = 0.5182999968528748
Training round: 711		accuracy = 0.5447999835014343
Training round: 712		accuracy = 0.5156999826431274
Training round: 713		accuracy = 0.5346999764442444
Training round: 714		accuracy = 0.5235000252723694
Training round: 715		accuracy = 0.5782999992370605
Training round: 716		accuracy = 0.5439000129699707
Training round: 717		accuracy = 0.4487000107765198
Training round: 718		accuracy = 0.38920000195503235
Training round: 719		accuracy = 0.5375999808311462
Training round: 720		accuracy = 0.5347999930381775
Training round: 721		accuracy = 0.5275999903678894
Training round: 722		accuracy = 0.37389999628067017
Training round: 723		accuracy = 0.5465999841690063
Training round: 724		accuracy = 0.5493000149726868
Training round: 725		accuracy = 0.5396999716758728
Training round: 726		accuracy = 0.5192000269889832
Training round: 727		accuracy = 0.5074999928474426
Training round: 728		accuracy = 0.5228999853134155
Training round: 729		accuracy = 0.5156999826431274
Training round: 730		accuracy = 0.37540000677108765
Training round: 731		accuracy = 0.5385000109672546
Training round: 732		accuracy = 0.4896000027656555
Training round: 733		accuracy = 0.536899983882904
Training round: 734		accuracy = 0.6029999852180481
Training round: 735		accuracy = 0.597599983215332
Training round: 736		accuracy = 0.5583000183105469
Training round: 737		accuracy = 0.39149999618530273
Training round: 738		accuracy = 0.5514000058174133
Training round: 739		accuracy = 0.40689998865127563
Training round: 740		accuracy = 0.515500009059906
Training round: 741		accuracy = 0.36800000071525574
Training round: 742		accuracy = 0.5253999829292297
Training round: 743		accuracy = 0.532800018787384
Training round: 744		accuracy = 0.5228000283241272
Training round: 745		accuracy = 0.5382999777793884
Training round: 746		accuracy = 0.41510000824928284
Training round: 747		accuracy = 0.35089999437332153
Training round: 748		accuracy = 0.5665000081062317
Training round: 749		accuracy = 0.590399980545044
Training round: 750		accuracy = 0.3871000111103058
Training round: 751		accuracy = 0.555400013923645
Training round: 752		accuracy = 0.5339999794960022
Training round: 753		accuracy = 0.5442000031471252
Training round: 754		accuracy = 0.5552999973297119
Training round: 755		accuracy = 0.5519999861717224
Training round: 756		accuracy = 0.5329999923706055
Training round: 757		accuracy = 0.5557000041007996
Training round: 758		accuracy = 0.5570999979972839
Training round: 759		accuracy = 0.593999981880188
Training round: 760		accuracy = 0.5791000127792358
Training round: 761		accuracy = 0.38190001249313354
Training round: 762		accuracy = 0.5486000180244446
Training round: 763		accuracy = 0.5565999746322632
Training round: 764		accuracy = 0.421099990606308
Training round: 765		accuracy = 0.5419999957084656
Training round: 766		accuracy = 0.4912000000476837
Training round: 767		accuracy = 0.5202999711036682
Training round: 768		accuracy = 0.5422999858856201
Training round: 769		accuracy = 0.5480999946594238
Training round: 770		accuracy = 0.4235999882221222
Training round: 771		accuracy = 0.5679000020027161
Training round: 772		accuracy = 0.5163999795913696
Training round: 773		accuracy = 0.40310001373291016
Training round: 774		accuracy = 0.5636000037193298
Training round: 775		accuracy = 0.5835000276565552
Training round: 776		accuracy = 0.5541999936103821
Training round: 777		accuracy = 0.5758000016212463
Training round: 778		accuracy = 0.48350000381469727
Training round: 779		accuracy = 0.3499999940395355
Training round: 780		accuracy = 0.3449999988079071
Training round: 781		accuracy = 0.5297999978065491
Training round: 782		accuracy = 0.5358999967575073
Training round: 783		accuracy = 0.5526000261306763
Training round: 784		accuracy = 0.3894999921321869
Training round: 785		accuracy = 0.44600000977516174
Training round: 786		accuracy = 0.5507000088691711
Training round: 787		accuracy = 0.5133000016212463
Training round: 788		accuracy = 0.5271000266075134
Training round: 789		accuracy = 0.5385000109672546
Training round: 790		accuracy = 0.5648999810218811
Training round: 791		accuracy = 0.545199990272522
Training round: 792		accuracy = 0.5412999987602234
Training round: 793		accuracy = 0.5385000109672546
Training round: 794		accuracy = 0.5313000082969666
Training round: 795		accuracy = 0.5522000193595886
Training round: 796		accuracy = 0.5189999938011169
Training round: 797		accuracy = 0.5327000021934509
Training round: 798		accuracy = 0.538100004196167
Training round: 799		accuracy = 0.5709999799728394
Training round: 800		accuracy = 0.554099977016449
Training round: 801		accuracy = 0.4293000102043152
Training round: 802		accuracy = 0.4230000078678131
Training round: 803		accuracy = 0.5429999828338623
Training round: 804		accuracy = 0.5551000237464905
Training round: 805		accuracy = 0.5580999851226807
Training round: 806		accuracy = 0.3962000012397766
Training round: 807		accuracy = 0.5361999869346619
Training round: 808		accuracy = 0.5903000235557556
Training round: 809		accuracy = 0.552299976348877
Training round: 810		accuracy = 0.5090000033378601
Training round: 811		accuracy = 0.5511999726295471
Training round: 812		accuracy = 0.5806000232696533
Training round: 813		accuracy = 0.5483999848365784
Training round: 814		accuracy = 0.597599983215332
Training round: 815		accuracy = 0.5440999865531921
Training round: 816		accuracy = 0.5169000029563904
Training round: 817		accuracy = 0.5672000050544739
Training round: 818		accuracy = 0.5511999726295471
Training round: 819		accuracy = 0.5299999713897705
Training round: 820		accuracy = 0.3736000061035156
Training round: 821		accuracy = 0.3513999879360199
Training round: 822		accuracy = 0.5676000118255615
Training round: 823		accuracy = 0.5378999710083008
Training round: 824		accuracy = 0.5598000288009644
Training round: 825		accuracy = 0.4778999984264374
Training round: 826		accuracy = 0.5515000224113464
Training round: 827		accuracy = 0.565500020980835
Training round: 828		accuracy = 0.5794000029563904
Training round: 829		accuracy = 0.5738000273704529
Training round: 830		accuracy = 0.46389999985694885
Training round: 831		accuracy = 0.39469999074935913
Training round: 832		accuracy = 0.558899998664856
Training round: 833		accuracy = 0.5609999895095825
Training round: 834		accuracy = 0.3605000078678131
Training round: 835		accuracy = 0.5024999976158142
Training round: 836		accuracy = 0.46140000224113464
Training round: 837		accuracy = 0.40630000829696655
Training round: 838		accuracy = 0.5163999795913696
Training round: 839		accuracy = 0.5430999994277954
Training round: 840		accuracy = 0.5674999952316284
Training round: 841		accuracy = 0.5713000297546387
Training round: 842		accuracy = 0.5724999904632568
Training round: 843		accuracy = 0.572700023651123
Training round: 844		accuracy = 0.5705999732017517
Training round: 845		accuracy = 0.5625
Training round: 846		accuracy = 0.5940999984741211
Training round: 847		accuracy = 0.5971999764442444
Training round: 848		accuracy = 0.5410000085830688
Training round: 849		accuracy = 0.5763999819755554
Training round: 850		accuracy = 0.5583000183105469
Training round: 851		accuracy = 0.5630999803543091
Training round: 852		accuracy = 0.5483999848365784
Training round: 853		accuracy = 0.37880000472068787
Training round: 854		accuracy = 0.5568000078201294
Training round: 855		accuracy = 0.5803999900817871
Training round: 856		accuracy = 0.37450000643730164
Training round: 857		accuracy = 0.5598999857902527
Training round: 858		accuracy = 0.5813999772071838
Training round: 859		accuracy = 0.5685999989509583
Training round: 860		accuracy = 0.5813000202178955
Training round: 861		accuracy = 0.5253999829292297
Training round: 862		accuracy = 0.5623999834060669
Training round: 863		accuracy = 0.4311999976634979
Training round: 864		accuracy = 0.5655999779701233
Training round: 865		accuracy = 0.5640000104904175
Training round: 866		accuracy = 0.5523999929428101
Training round: 867		accuracy = 0.5637999773025513
Training round: 868		accuracy = 0.5629000067710876
Training round: 869		accuracy = 0.5921000242233276
Training round: 870		accuracy = 0.5812000036239624
Training round: 871		accuracy = 0.5009999871253967
Training round: 872		accuracy = 0.5867999792098999
Training round: 873		accuracy = 0.5698999762535095
Training round: 874		accuracy = 0.5626000165939331
Training round: 875		accuracy = 0.4050000011920929
Training round: 876		accuracy = 0.5767999887466431
Training round: 877		accuracy = 0.4668000042438507
Training round: 878		accuracy = 0.5702999830245972
Training round: 879		accuracy = 0.382999986410141
Training round: 880		accuracy = 0.5863999724388123
Training round: 881		accuracy = 0.515999972820282
Training round: 882		accuracy = 0.43320000171661377
Training round: 883		accuracy = 0.5619999766349792
Training round: 884		accuracy = 0.5521000027656555
Training round: 885		accuracy = 0.5698000192642212
Training round: 886		accuracy = 0.4799000024795532
Training round: 887		accuracy = 0.5315999984741211
Training round: 888		accuracy = 0.46459999680519104
Training round: 889		accuracy = 0.4530999958515167
Training round: 890		accuracy = 0.5764999985694885
Training round: 891		accuracy = 0.5767999887466431
Training round: 892		accuracy = 0.49950000643730164
Training round: 893		accuracy = 0.4796000123023987
Training round: 894		accuracy = 0.57669997215271
Training round: 895		accuracy = 0.4278999865055084
Training round: 896		accuracy = 0.5152000188827515
Training round: 897		accuracy = 0.5625
Training round: 898		accuracy = 0.5598999857902527
Training round: 899		accuracy = 0.5189999938011169
Training round: 900		accuracy = 0.5717999935150146
Training round: 901		accuracy = 0.5554999709129333
Training round: 902		accuracy = 0.57669997215271
Training round: 903		accuracy = 0.424699991941452
Training round: 904		accuracy = 0.4318999946117401
Training round: 905		accuracy = 0.546999990940094
Training round: 906		accuracy = 0.535099983215332
Training round: 907		accuracy = 0.5788000226020813
Training round: 908		accuracy = 0.5778999924659729
Training round: 909		accuracy = 0.532800018787384
Training round: 910		accuracy = 0.5648999810218811
Training round: 911		accuracy = 0.5138999819755554
Training round: 912		accuracy = 0.3774000108242035
Training round: 913		accuracy = 0.5246999859809875
Training round: 914		accuracy = 0.38989999890327454
Training round: 915		accuracy = 0.5758000016212463
Training round: 916		accuracy = 0.6008999943733215
Training round: 917		accuracy = 0.37630000710487366
Training round: 918		accuracy = 0.44119998812675476
Training round: 919		accuracy = 0.4311999976634979
Training round: 920		accuracy = 0.5002999901771545
Training round: 921		accuracy = 0.44020000100135803
Training round: 922		accuracy = 0.49219998717308044
Training round: 923		accuracy = 0.5709999799728394
Training round: 924		accuracy = 0.5400999784469604
Training round: 925		accuracy = 0.4011000096797943
Training round: 926		accuracy = 0.531499981880188
Training round: 927		accuracy = 0.5701000094413757
Training round: 928		accuracy = 0.5846999883651733
Training round: 929		accuracy = 0.5414000153541565
Training round: 930		accuracy = 0.5594000220298767
Training round: 931		accuracy = 0.4887999892234802
Training round: 932		accuracy = 0.583899974822998
Training round: 933		accuracy = 0.5600000023841858
Training round: 934		accuracy = 0.5327000021934509
Training round: 935		accuracy = 0.5422999858856201
Training round: 936		accuracy = 0.5856000185012817
Training round: 937		accuracy = 0.5741999745368958
Training round: 938		accuracy = 0.5322999954223633
Training round: 939		accuracy = 0.5841000080108643
Training round: 940		accuracy = 0.39259999990463257
Training round: 941		accuracy = 0.36649999022483826
Training round: 942		accuracy = 0.5745999813079834
Training round: 943		accuracy = 0.5569000244140625
Training round: 944		accuracy = 0.5666000247001648
Training round: 945		accuracy = 0.5892999768257141
Training round: 946		accuracy = 0.5403000116348267
Training round: 947		accuracy = 0.4316999912261963
Training round: 948		accuracy = 0.5649999976158142
Training round: 949		accuracy = 0.5336999893188477
Training round: 950		accuracy = 0.515500009059906
Training round: 951		accuracy = 0.48089998960494995
Training round: 952		accuracy = 0.5767999887466431
Training round: 953		accuracy = 0.5187000036239624
Training round: 954		accuracy = 0.5871000289916992
Training round: 955		accuracy = 0.4106999933719635
Training round: 956		accuracy = 0.4097000062465668
Training round: 957		accuracy = 0.5636000037193298
Training round: 958		accuracy = 0.5541999936103821
Training round: 959		accuracy = 0.5250999927520752
Training round: 960		accuracy = 0.46209999918937683
Training round: 961		accuracy = 0.5936999917030334
Training round: 962		accuracy = 0.49779999256134033
Training round: 963		accuracy = 0.5702000260353088
Training round: 964		accuracy = 0.5896000266075134
Training round: 965		accuracy = 0.582099974155426
Training round: 966		accuracy = 0.390500009059906
Training round: 967		accuracy = 0.45320001244544983
Training round: 968		accuracy = 0.5839999914169312
Training round: 969		accuracy = 0.49869999289512634
Training round: 970		accuracy = 0.5717999935150146
Training round: 971		accuracy = 0.5672000050544739
Training round: 972		accuracy = 0.5655999779701233
Training round: 973		accuracy = 0.5992000102996826
Training round: 974		accuracy = 0.5701000094413757
Training round: 975		accuracy = 0.522599995136261
Training round: 976		accuracy = 0.5494999885559082
Training round: 977		accuracy = 0.548799991607666
Training round: 978		accuracy = 0.5543000102043152
Training round: 979		accuracy = 0.4456000030040741
Training round: 980		accuracy = 0.42800000309944153
Training round: 981		accuracy = 0.43369999527931213
Training round: 982		accuracy = 0.4156000018119812
Training round: 983		accuracy = 0.5720000267028809
Training round: 984		accuracy = 0.4724999964237213
Training round: 985		accuracy = 0.390500009059906
Training round: 986		accuracy = 0.6000999808311462
Training round: 987		accuracy = 0.5393999814987183
Training round: 988		accuracy = 0.45750001072883606
Training round: 989		accuracy = 0.5705999732017517
Training round: 990		accuracy = 0.5931000113487244
Training round: 991		accuracy = 0.5763000249862671
Training round: 992		accuracy = 0.5284000039100647
Training round: 993		accuracy = 0.5623000264167786
Training round: 994		accuracy = 0.583299994468689
Training round: 995		accuracy = 0.5591999888420105
Training round: 996		accuracy = 0.4018000066280365
Training round: 997		accuracy = 0.5439000129699707
Training round: 998		accuracy = 0.5103999972343445
Training round: 999		accuracy = 0.5745999813079834
Training round: 1000		accuracy = 0.48559999465942383
Training duration 9226.87493777275
