2021-08-11 19:23:15.228921: I tensorflow/stream_executor/platform/default/dso_loader.cc:49] Successfully opened dynamic library libcudart.so.11.0
2021-08-11 19:24:23.765158: I tensorflow/compiler/jit/xla_cpu_device.cc:41] Not creating XLA devices, tf_xla_enable_xla_devices not set
2021-08-11 19:24:23.766794: I tensorflow/stream_executor/platform/default/dso_loader.cc:49] Successfully opened dynamic library libcuda.so.1
2021-08-11 19:24:23.804879: I tensorflow/core/common_runtime/gpu/gpu_device.cc:1720] Found device 0 with properties: 
pciBusID: 0000:1c:00.0 name: Tesla V100-SXM2-16GB computeCapability: 7.0
coreClock: 1.53GHz coreCount: 80 deviceMemorySize: 15.78GiB deviceMemoryBandwidth: 836.37GiB/s
2021-08-11 19:24:23.804923: I tensorflow/stream_executor/platform/default/dso_loader.cc:49] Successfully opened dynamic library libcudart.so.11.0
2021-08-11 19:24:23.812328: I tensorflow/stream_executor/platform/default/dso_loader.cc:49] Successfully opened dynamic library libcublas.so.11
2021-08-11 19:24:23.812402: I tensorflow/stream_executor/platform/default/dso_loader.cc:49] Successfully opened dynamic library libcublasLt.so.11
2021-08-11 19:24:23.816267: I tensorflow/stream_executor/platform/default/dso_loader.cc:49] Successfully opened dynamic library libcufft.so.10
2021-08-11 19:24:23.817692: I tensorflow/stream_executor/platform/default/dso_loader.cc:49] Successfully opened dynamic library libcurand.so.10
2021-08-11 19:24:23.824202: I tensorflow/stream_executor/platform/default/dso_loader.cc:49] Successfully opened dynamic library libcusolver.so.10
2021-08-11 19:24:23.825537: I tensorflow/stream_executor/platform/default/dso_loader.cc:49] Successfully opened dynamic library libcusparse.so.11
2021-08-11 19:24:23.825950: I tensorflow/stream_executor/platform/default/dso_loader.cc:49] Successfully opened dynamic library libcudnn.so.8
2021-08-11 19:24:23.841568: I tensorflow/core/common_runtime/gpu/gpu_device.cc:1862] Adding visible gpu devices: 0
2021-08-11 19:24:23.842332: I tensorflow/core/platform/cpu_feature_guard.cc:142] This TensorFlow binary is optimized with oneAPI Deep Neural Network Library (oneDNN) to use the following CPU instructions in performance-critical operations:  AVX2 AVX512F FMA
To enable them in other operations, rebuild TensorFlow with the appropriate compiler flags.
2021-08-11 19:24:23.842557: I tensorflow/compiler/jit/xla_gpu_device.cc:99] Not creating XLA devices, tf_xla_enable_xla_devices not set
2021-08-11 19:24:23.843684: I tensorflow/core/common_runtime/gpu/gpu_device.cc:1720] Found device 0 with properties: 
pciBusID: 0000:1c:00.0 name: Tesla V100-SXM2-16GB computeCapability: 7.0
coreClock: 1.53GHz coreCount: 80 deviceMemorySize: 15.78GiB deviceMemoryBandwidth: 836.37GiB/s
2021-08-11 19:24:23.843723: I tensorflow/stream_executor/platform/default/dso_loader.cc:49] Successfully opened dynamic library libcudart.so.11.0
2021-08-11 19:24:23.843743: I tensorflow/stream_executor/platform/default/dso_loader.cc:49] Successfully opened dynamic library libcublas.so.11
2021-08-11 19:24:23.843757: I tensorflow/stream_executor/platform/default/dso_loader.cc:49] Successfully opened dynamic library libcublasLt.so.11
2021-08-11 19:24:23.843770: I tensorflow/stream_executor/platform/default/dso_loader.cc:49] Successfully opened dynamic library libcufft.so.10
2021-08-11 19:24:23.843783: I tensorflow/stream_executor/platform/default/dso_loader.cc:49] Successfully opened dynamic library libcurand.so.10
2021-08-11 19:24:23.843796: I tensorflow/stream_executor/platform/default/dso_loader.cc:49] Successfully opened dynamic library libcusolver.so.10
2021-08-11 19:24:23.843809: I tensorflow/stream_executor/platform/default/dso_loader.cc:49] Successfully opened dynamic library libcusparse.so.11
2021-08-11 19:24:23.843822: I tensorflow/stream_executor/platform/default/dso_loader.cc:49] Successfully opened dynamic library libcudnn.so.8
2021-08-11 19:24:23.847248: I tensorflow/core/common_runtime/gpu/gpu_device.cc:1862] Adding visible gpu devices: 0
2021-08-11 19:24:23.847290: I tensorflow/stream_executor/platform/default/dso_loader.cc:49] Successfully opened dynamic library libcudart.so.11.0
2021-08-11 19:24:25.270886: I tensorflow/core/common_runtime/gpu/gpu_device.cc:1261] Device interconnect StreamExecutor with strength 1 edge matrix:
2021-08-11 19:24:25.270936: I tensorflow/core/common_runtime/gpu/gpu_device.cc:1267]      0 
2021-08-11 19:24:25.270949: I tensorflow/core/common_runtime/gpu/gpu_device.cc:1280] 0:   N 
2021-08-11 19:24:25.283831: I tensorflow/core/common_runtime/gpu/gpu_device.cc:1406] Created TensorFlow device (/job:localhost/replica:0/task:0/device:GPU:0 with 14761 MB memory) -> physical GPU (device: 0, name: Tesla V100-SXM2-16GB, pci bus id: 0000:1c:00.0, compute capability: 7.0)
2021-08-11 19:24:26.006437: I tensorflow/compiler/mlir/mlir_graph_optimization_pass.cc:116] None of the MLIR optimization passes are enabled (registered 2)
2021-08-11 19:24:26.011212: I tensorflow/core/platform/profile_utils/cpu_utils.cc:112] CPU Frequency: 2400000000 Hz
2021-08-11 19:24:26.558412: I tensorflow/stream_executor/platform/default/dso_loader.cc:49] Successfully opened dynamic library libcublas.so.11
2021-08-11 19:24:26.937191: I tensorflow/stream_executor/platform/default/dso_loader.cc:49] Successfully opened dynamic library libcublasLt.so.11
2021-08-11 19:24:26.970236: I tensorflow/stream_executor/platform/default/dso_loader.cc:49] Successfully opened dynamic library libcudnn.so.8
2021-08-11 19:24:29.053666: W tensorflow/stream_executor/gpu/asm_compiler.cc:63] Running ptxas --version returned 256
2021-08-11 19:24:29.093147: W tensorflow/stream_executor/gpu/redzone_allocator.cc:314] Internal: ptxas exited with non-zero error code 256, output: 
Relying on driver to perform ptx compilation. 
Modify $PATH to customize ptxas location.
This message will be only logged once.
LabelAttacker started.
LabelAttacker finished.
Training round: 1		accuracy = 0.10019999742507935
Training round: 2		accuracy = 0.10350000113248825
Training round: 3		accuracy = 0.10000000149011612
Training round: 4		accuracy = 0.10000000149011612
Training round: 5		accuracy = 0.10000000149011612
Training round: 6		accuracy = 0.10000000149011612
Training round: 7		accuracy = 0.08389999717473984
Training round: 8		accuracy = 0.10000000149011612
Training round: 9		accuracy = 0.10000000149011612
Training round: 10		accuracy = 0.10000000149011612
Training round: 11		accuracy = 0.10000000149011612
Training round: 12		accuracy = 0.10000000149011612
Training round: 13		accuracy = 0.10000000149011612
Training round: 14		accuracy = 0.10270000249147415
Training round: 15		accuracy = 0.10329999774694443
Training round: 16		accuracy = 0.09679999947547913
Training round: 17		accuracy = 0.10000000149011612
Training round: 18		accuracy = 0.10490000247955322
Training round: 19		accuracy = 0.1046999990940094
Training round: 20		accuracy = 0.10010000318288803
Training round: 21		accuracy = 0.10000000149011612
Training round: 22		accuracy = 0.1468999981880188
Training round: 23		accuracy = 0.12160000205039978
Training round: 24		accuracy = 0.10559999942779541
Training round: 25		accuracy = 0.10369999706745148
Training round: 26		accuracy = 0.10029999911785126
Training round: 27		accuracy = 0.10639999806880951
Training round: 28		accuracy = 0.10189999639987946
Training round: 29		accuracy = 0.10000000149011612
Training round: 30		accuracy = 0.10490000247955322
Training round: 31		accuracy = 0.10000000149011612
Training round: 32		accuracy = 0.10000000149011612
Training round: 33		accuracy = 0.10000000149011612
Training round: 34		accuracy = 0.10000000149011612
Training round: 35		accuracy = 0.09960000216960907
Training round: 36		accuracy = 0.1005999967455864
Training round: 37		accuracy = 0.10000000149011612
Training round: 38		accuracy = 0.11590000241994858
Training round: 39		accuracy = 0.10000000149011612
Training round: 40		accuracy = 0.10010000318288803
Training round: 41		accuracy = 0.10909999907016754
Training round: 42		accuracy = 0.120899997651577
Training round: 43		accuracy = 0.11490000039339066
Training round: 44		accuracy = 0.08169999718666077
Training round: 45		accuracy = 0.06629999727010727
Training round: 46		accuracy = 0.11309999972581863
Training round: 47		accuracy = 0.11069999635219574
Training round: 48		accuracy = 0.12960000336170197
Training round: 49		accuracy = 0.0989999994635582
Training round: 50		accuracy = 0.08529999852180481
Training round: 51		accuracy = 0.09319999814033508
Training round: 52		accuracy = 0.11599999666213989
Training round: 53		accuracy = 0.1006999984383583
Training round: 54		accuracy = 0.10000000149011612
Training round: 55		accuracy = 0.12300000339746475
Training round: 56		accuracy = 0.0868000015616417
Training round: 57		accuracy = 0.08789999783039093
Training round: 58		accuracy = 0.09830000251531601
Training round: 59		accuracy = 0.0966000035405159
Training round: 60		accuracy = 0.16500000655651093
Training round: 61		accuracy = 0.10029999911785126
Training round: 62		accuracy = 0.12200000137090683
Training round: 63		accuracy = 0.11580000072717667
Training round: 64		accuracy = 0.1005999967455864
Training round: 65		accuracy = 0.12479999661445618
Training round: 66		accuracy = 0.10700000077486038
Training round: 67		accuracy = 0.0934000015258789
Training round: 68		accuracy = 0.08799999952316284
Training round: 69		accuracy = 0.1120000034570694
Training round: 70		accuracy = 0.09839999675750732
Training round: 71		accuracy = 0.10140000283718109
Training round: 72		accuracy = 0.1014999970793724
Training round: 73		accuracy = 0.08739999681711197
Training round: 74		accuracy = 0.10350000113248825
Training round: 75		accuracy = 0.10890000313520432
Training round: 76		accuracy = 0.10199999809265137
Training round: 77		accuracy = 0.10509999841451645
Training round: 78		accuracy = 0.13439999520778656
Training round: 79		accuracy = 0.10970000177621841
Training round: 80		accuracy = 0.10000000149011612
Training round: 81		accuracy = 0.07490000128746033
Training round: 82		accuracy = 0.13249999284744263
Training round: 83		accuracy = 0.1005999967455864
Training round: 84		accuracy = 0.10809999704360962
Training round: 85		accuracy = 0.10119999945163727
Training round: 86		accuracy = 0.10109999775886536
Training round: 87		accuracy = 0.13750000298023224
Training round: 88		accuracy = 0.09700000286102295
Training round: 89		accuracy = 0.14499999582767487
Training round: 90		accuracy = 0.10429999977350235
Training round: 91		accuracy = 0.10010000318288803
Training round: 92		accuracy = 0.10019999742507935
Training round: 93		accuracy = 0.10000000149011612
Training round: 94		accuracy = 0.12549999356269836
Training round: 95		accuracy = 0.10000000149011612
Training round: 96		accuracy = 0.10000000149011612
Training round: 97		accuracy = 0.10000000149011612
Training round: 98		accuracy = 0.10000000149011612
Training round: 99		accuracy = 0.10000000149011612
Training round: 100		accuracy = 0.1005999967455864
Training round: 101		accuracy = 0.10000000149011612
Training round: 102		accuracy = 0.10000000149011612
Training round: 103		accuracy = 0.09920000284910202
Training round: 104		accuracy = 0.10000000149011612
Training round: 105		accuracy = 0.10000000149011612
Training round: 106		accuracy = 0.10000000149011612
Training round: 107		accuracy = 0.10570000112056732
Training round: 108		accuracy = 0.10000000149011612
Training round: 109		accuracy = 0.10000000149011612
Training round: 110		accuracy = 0.15240000188350677
Training round: 111		accuracy = 0.10000000149011612
Training round: 112		accuracy = 0.11599999666213989
Training round: 113		accuracy = 0.10830000042915344
Training round: 114		accuracy = 0.10909999907016754
Training round: 115		accuracy = 0.10610000044107437
Training round: 116		accuracy = 0.12489999830722809
Training round: 117		accuracy = 0.0997999981045723
Training round: 118		accuracy = 0.09989999979734421
Training round: 119		accuracy = 0.10000000149011612
Training round: 120		accuracy = 0.155799999833107
Training round: 121		accuracy = 0.12759999930858612
Training round: 122		accuracy = 0.03620000183582306
Training round: 123		accuracy = 0.09619999676942825
Training round: 124		accuracy = 0.07729999721050262
Training round: 125		accuracy = 0.10339999943971634
Training round: 126		accuracy = 0.16099999845027924
Training round: 127		accuracy = 0.10540000349283218
Training round: 128		accuracy = 0.15950000286102295
Training round: 129		accuracy = 0.09939999878406525
Training round: 130		accuracy = 0.09790000319480896
Training round: 131		accuracy = 0.049800001084804535
Training round: 132		accuracy = 0.05139999836683273
Training round: 133		accuracy = 0.09799999743700027
Training round: 134		accuracy = 0.11100000143051147
Training round: 135		accuracy = 0.17229999601840973
Training round: 136		accuracy = 0.14309999346733093
Training round: 137		accuracy = 0.10010000318288803
Training round: 138		accuracy = 0.11860000342130661
Training round: 139		accuracy = 0.17020000517368317
Training round: 140		accuracy = 0.1818999946117401
Training round: 141		accuracy = 0.10329999774694443
Training round: 142		accuracy = 0.11150000244379044
Training round: 143		accuracy = 0.10400000214576721
Training round: 144		accuracy = 0.12020000070333481
Training round: 145		accuracy = 0.10300000011920929
Training round: 146		accuracy = 0.16210000216960907
Training round: 147		accuracy = 0.0925000011920929
Training round: 148		accuracy = 0.13359999656677246
Training round: 149		accuracy = 0.08760000020265579
Training round: 150		accuracy = 0.10779999941587448
Training round: 151		accuracy = 0.10000000149011612
Training round: 152		accuracy = 0.15790000557899475
Training round: 153		accuracy = 0.12950000166893005
Training round: 154		accuracy = 0.13570000231266022
Training round: 155		accuracy = 0.11389999836683273
Training round: 156		accuracy = 0.1216999962925911
Training round: 157		accuracy = 0.09759999811649323
Training round: 158		accuracy = 0.10109999775886536
Training round: 159		accuracy = 0.10100000351667404
Training round: 160		accuracy = 0.1160999983549118
Training round: 161		accuracy = 0.19120000302791595
Training round: 162		accuracy = 0.14030000567436218
Training round: 163		accuracy = 0.16509999334812164
Training round: 164		accuracy = 0.09950000047683716
Training round: 165		accuracy = 0.10289999842643738
Training round: 166		accuracy = 0.08969999849796295
Training round: 167		accuracy = 0.10050000250339508
Training round: 168		accuracy = 0.10000000149011612
Training round: 169		accuracy = 0.20360000431537628
Training round: 170		accuracy = 0.1216999962925911
Training round: 171		accuracy = 0.10540000349283218
Training round: 172		accuracy = 0.12839999794960022
Training round: 173		accuracy = 0.10010000318288803
Training round: 174		accuracy = 0.09989999979734421
Training round: 175		accuracy = 0.10779999941587448
Training round: 176		accuracy = 0.09440000355243683
Training round: 177		accuracy = 0.0957999974489212
Training round: 178		accuracy = 0.09120000153779984
Training round: 179		accuracy = 0.054499998688697815
Training round: 180		accuracy = 0.10279999673366547
Training round: 181		accuracy = 0.04839999973773956
Training round: 182		accuracy = 0.057100001722574234
Training round: 183		accuracy = 0.10000000149011612
Training round: 184		accuracy = 0.1137000024318695
Training round: 185		accuracy = 0.12189999967813492
Training round: 186		accuracy = 0.13199999928474426
Training round: 187		accuracy = 0.12139999866485596
Training round: 188		accuracy = 0.10000000149011612
Training round: 189		accuracy = 0.10000000149011612
Training round: 190		accuracy = 0.12269999831914902
Training round: 191		accuracy = 0.0714000016450882
Training round: 192		accuracy = 0.10859999805688858
Training round: 193		accuracy = 0.0851999968290329
Training round: 194		accuracy = 0.09030000120401382
Training round: 195		accuracy = 0.14249999821186066
Training round: 196		accuracy = 0.10769999772310257
Training round: 197		accuracy = 0.1014999970793724
Training round: 198		accuracy = 0.07329999655485153
Training round: 199		accuracy = 0.12380000203847885
Training round: 200		accuracy = 0.11569999903440475
Training round: 201		accuracy = 0.1137000024318695
Training round: 202		accuracy = 0.08399999886751175
Training round: 203		accuracy = 0.09189999848604202
Training round: 204		accuracy = 0.09399999678134918
Training round: 205		accuracy = 0.06539999693632126
Training round: 206		accuracy = 0.10000000149011612
Training round: 207		accuracy = 0.059300001710653305
Training round: 208		accuracy = 0.11420000344514847
Training round: 209		accuracy = 0.05869999900460243
Training round: 210		accuracy = 0.10019999742507935
Training round: 211		accuracy = 0.10029999911785126
Training round: 212		accuracy = 0.10339999943971634
Training round: 213		accuracy = 0.15279999375343323
Training round: 214		accuracy = 0.16830000281333923
Training round: 215		accuracy = 0.12359999865293503
Training round: 216		accuracy = 0.14329999685287476
Training round: 217		accuracy = 0.09929999709129333
Training round: 218		accuracy = 0.17020000517368317
Training round: 219		accuracy = 0.12999999523162842
Training round: 220		accuracy = 0.11789999902248383
Training round: 221		accuracy = 0.20010000467300415
Training round: 222		accuracy = 0.07400000095367432
Training round: 223		accuracy = 0.1200999990105629
Training round: 224		accuracy = 0.0997999981045723
Training round: 225		accuracy = 0.09910000115633011
Training round: 226		accuracy = 0.09009999781847
Training round: 227		accuracy = 0.09799999743700027
Training round: 228		accuracy = 0.08259999752044678
Training round: 229		accuracy = 0.10750000178813934
Training round: 230		accuracy = 0.10000000149011612
Training round: 231		accuracy = 0.0989999994635582
Training round: 232		accuracy = 0.10220000147819519
Training round: 233		accuracy = 0.10130000114440918
Training round: 234		accuracy = 0.10000000149011612
Training round: 235		accuracy = 0.09839999675750732
Training round: 236		accuracy = 0.09520000219345093
Training round: 237		accuracy = 0.09539999812841415
Training round: 238		accuracy = 0.15289999544620514
Training round: 239		accuracy = 0.11029999703168869
Training round: 240		accuracy = 0.11169999837875366
Training round: 241		accuracy = 0.16130000352859497
Training round: 242		accuracy = 0.1316000074148178
Training round: 243		accuracy = 0.13230000436306
Training round: 244		accuracy = 0.13449999690055847
Training round: 245		accuracy = 0.13619999587535858
Training round: 246		accuracy = 0.12269999831914902
Training round: 247		accuracy = 0.14380000531673431
Training round: 248		accuracy = 0.1599999964237213
Training round: 249		accuracy = 0.12849999964237213
Training round: 250		accuracy = 0.10040000081062317
Training round: 251		accuracy = 0.13840000331401825
Training round: 252		accuracy = 0.10339999943971634
Training round: 253		accuracy = 0.052799999713897705
Training round: 254		accuracy = 0.1151999980211258
Training round: 255		accuracy = 0.1526000052690506
Training round: 256		accuracy = 0.13830000162124634
Training round: 257		accuracy = 0.10080000013113022
Training round: 258		accuracy = 0.1509000062942505
Training round: 259		accuracy = 0.11800000071525574
Training round: 260		accuracy = 0.12540000677108765
Training round: 261		accuracy = 0.10599999874830246
Training round: 262		accuracy = 0.12200000137090683
Training round: 263		accuracy = 0.11729999631643295
Training round: 264		accuracy = 0.2020999938249588
Training round: 265		accuracy = 0.13279999792575836
Training round: 266		accuracy = 0.19679999351501465
Training round: 267		accuracy = 0.1607999950647354
Training round: 268		accuracy = 0.1932000070810318
Training round: 269		accuracy = 0.18389999866485596
Training round: 270		accuracy = 0.16660000383853912
Training round: 271		accuracy = 0.11309999972581863
Training round: 272		accuracy = 0.15039999783039093
Training round: 273		accuracy = 0.09549999982118607
Training round: 274		accuracy = 0.09870000183582306
Training round: 275		accuracy = 0.1120000034570694
Training round: 276		accuracy = 0.094200000166893
Training round: 277		accuracy = 0.11620000004768372
Training round: 278		accuracy = 0.18389999866485596
Training round: 279		accuracy = 0.18160000443458557
Training round: 280		accuracy = 0.10830000042915344
Training round: 281		accuracy = 0.15029999613761902
Training round: 282		accuracy = 0.18440000712871552
Training round: 283		accuracy = 0.12380000203847885
Training round: 284		accuracy = 0.12630000710487366
Training round: 285		accuracy = 0.08869999647140503
Training round: 286		accuracy = 0.09719999879598618
Training round: 287		accuracy = 0.10000000149011612
Training round: 288		accuracy = 0.11460000276565552
Training round: 289		accuracy = 0.09359999746084213
Training round: 290		accuracy = 0.09939999878406525
Training round: 291		accuracy = 0.09189999848604202
Training round: 292		accuracy = 0.1565999984741211
Training round: 293		accuracy = 0.1307000070810318
Training round: 294		accuracy = 0.18930000066757202
Training round: 295		accuracy = 0.1395999938249588
Training round: 296		accuracy = 0.18209999799728394
Training round: 297		accuracy = 0.12559999525547028
Training round: 298		accuracy = 0.11020000278949738
Training round: 299		accuracy = 0.14980000257492065
Training round: 300		accuracy = 0.14229999482631683
Training round: 301		accuracy = 0.09740000218153
Training round: 302		accuracy = 0.11240000277757645
Training round: 303		accuracy = 0.093299999833107
Training round: 304		accuracy = 0.09989999979734421
Training round: 305		accuracy = 0.16099999845027924
Training round: 306		accuracy = 0.15330000221729279
Training round: 307		accuracy = 0.1454000025987625
Training round: 308		accuracy = 0.08560000360012054
Training round: 309		accuracy = 0.14489999413490295
Training round: 310		accuracy = 0.1348000019788742
Training round: 311		accuracy = 0.09960000216960907
Training round: 312		accuracy = 0.18729999661445618
Training round: 313		accuracy = 0.06459999829530716
Training round: 314		accuracy = 0.11349999904632568
Training round: 315		accuracy = 0.10620000213384628
Training round: 316		accuracy = 0.121799997985363
Training round: 317		accuracy = 0.1006999984383583
Training round: 318		accuracy = 0.10339999943971634
Training round: 319		accuracy = 0.20509999990463257
Training round: 320		accuracy = 0.2110999971628189
Training round: 321		accuracy = 0.09380000084638596
Training round: 322		accuracy = 0.18610000610351562
Training round: 323		accuracy = 0.09730000048875809
Training round: 324		accuracy = 0.08060000091791153
Training round: 325		accuracy = 0.06279999762773514
Training round: 326		accuracy = 0.09709999710321426
Training round: 327		accuracy = 0.07660000026226044
Training round: 328		accuracy = 0.08410000056028366
Training round: 329		accuracy = 0.07509999722242355
Training round: 330		accuracy = 0.2012999951839447
Training round: 331		accuracy = 0.10639999806880951
Training round: 332		accuracy = 0.08860000222921371
Training round: 333		accuracy = 0.09549999982118607
Training round: 334		accuracy = 0.1606999933719635
Training round: 335		accuracy = 0.12610000371932983
Training round: 336		accuracy = 0.10270000249147415
Training round: 337		accuracy = 0.10409999638795853
Training round: 338		accuracy = 0.0868000015616417
Training round: 339		accuracy = 0.09309999644756317
Training round: 340		accuracy = 0.05490000173449516
Training round: 341		accuracy = 0.057999998331069946
Training round: 342		accuracy = 0.08110000193119049
Training round: 343		accuracy = 0.06750000268220901
Training round: 344		accuracy = 0.10000000149011612
Training round: 345		accuracy = 0.10440000146627426
Training round: 346		accuracy = 0.17640000581741333
Training round: 347		accuracy = 0.10000000149011612
Training round: 348		accuracy = 0.13570000231266022
Training round: 349		accuracy = 0.10010000318288803
Training round: 350		accuracy = 0.21940000355243683
Training round: 351		accuracy = 0.10109999775886536
Training round: 352		accuracy = 0.094200000166893
Training round: 353		accuracy = 0.13680000603199005
Training round: 354		accuracy = 0.21040000021457672
Training round: 355		accuracy = 0.23090000450611115
Training round: 356		accuracy = 0.10080000013113022
Training round: 357		accuracy = 0.18359999358654022
Training round: 358		accuracy = 0.10740000009536743
Training round: 359		accuracy = 0.21729999780654907
Training round: 360		accuracy = 0.15240000188350677
Training round: 361		accuracy = 0.12690000236034393
Training round: 362		accuracy = 0.09839999675750732
Training round: 363		accuracy = 0.09120000153779984
Training round: 364		accuracy = 0.08089999854564667
Training round: 365		accuracy = 0.06939999759197235
Training round: 366		accuracy = 0.09210000187158585
Training round: 367		accuracy = 0.1128000020980835
Training round: 368		accuracy = 0.22110000252723694
Training round: 369		accuracy = 0.24040000140666962
Training round: 370		accuracy = 0.13840000331401825
Training round: 371		accuracy = 0.1362999975681305
Training round: 372		accuracy = 0.1282999962568283
Training round: 373		accuracy = 0.0949999988079071
Training round: 374		accuracy = 0.09380000084638596
Training round: 375		accuracy = 0.10050000250339508
Training round: 376		accuracy = 0.25119999051094055
Training round: 377		accuracy = 0.10379999876022339
Training round: 378		accuracy = 0.11900000274181366
Training round: 379		accuracy = 0.13130000233650208
Training round: 380		accuracy = 0.10000000149011612
Training round: 381		accuracy = 0.18469999730587006
Training round: 382		accuracy = 0.14550000429153442
Training round: 383		accuracy = 0.18060000240802765
Training round: 384		accuracy = 0.1632000058889389
Training round: 385		accuracy = 0.11590000241994858
Training round: 386		accuracy = 0.10180000215768814
Training round: 387		accuracy = 0.05380000174045563
Training round: 388		accuracy = 0.08190000057220459
Training round: 389		accuracy = 0.11509999632835388
Training round: 390		accuracy = 0.23759999871253967
Training round: 391		accuracy = 0.18770000338554382
Training round: 392		accuracy = 0.1006999984383583
Training round: 393		accuracy = 0.1120000034570694
Training round: 394		accuracy = 0.08860000222921371
Training round: 395		accuracy = 0.0803999975323677
Training round: 396		accuracy = 0.08420000225305557
Training round: 397		accuracy = 0.1768999993801117
Training round: 398		accuracy = 0.14239999651908875
Training round: 399		accuracy = 0.09989999979734421
Training round: 400		accuracy = 0.11479999870061874
Training round: 401		accuracy = 0.15119999647140503
Training round: 402		accuracy = 0.10019999742507935
Training round: 403		accuracy = 0.11590000241994858
Training round: 404		accuracy = 0.09860000014305115
Training round: 405		accuracy = 0.094200000166893
Training round: 406		accuracy = 0.08320000022649765
Training round: 407		accuracy = 0.09700000286102295
Training round: 408		accuracy = 0.0851999968290329
Training round: 409		accuracy = 0.1137000024318695
Training round: 410		accuracy = 0.16380000114440918
Training round: 411		accuracy = 0.18520000576972961
Training round: 412		accuracy = 0.2020999938249588
Training round: 413		accuracy = 0.11500000208616257
Training round: 414		accuracy = 0.13660000264644623
Training round: 415		accuracy = 0.14030000567436218
Training round: 416		accuracy = 0.12099999934434891
Training round: 417		accuracy = 0.1136000007390976
Training round: 418		accuracy = 0.12680000066757202
Training round: 419		accuracy = 0.10050000250339508
Training round: 420		accuracy = 0.17960000038146973
Training round: 421		accuracy = 0.17550000548362732
Training round: 422		accuracy = 0.12399999797344208
Training round: 423		accuracy = 0.09440000355243683
Training round: 424		accuracy = 0.10260000079870224
Training round: 425		accuracy = 0.10989999771118164
Training round: 426		accuracy = 0.07760000228881836
Training round: 427		accuracy = 0.21050000190734863
Training round: 428		accuracy = 0.20319999754428864
Training round: 429		accuracy = 0.10090000182390213
Training round: 430		accuracy = 0.2572000026702881
Training round: 431		accuracy = 0.2353000044822693
Training round: 432		accuracy = 0.08179999887943268
Training round: 433		accuracy = 0.08340000361204147
Training round: 434		accuracy = 0.09399999678134918
Training round: 435		accuracy = 0.08309999853372574
Training round: 436		accuracy = 0.1242000013589859
Training round: 437		accuracy = 0.10409999638795853
Training round: 438		accuracy = 0.20739999413490295
Training round: 439		accuracy = 0.09300000220537186
Training round: 440		accuracy = 0.09139999747276306
Training round: 441		accuracy = 0.22259999811649323
Training round: 442		accuracy = 0.08640000224113464
Training round: 443		accuracy = 0.15399999916553497
Training round: 444		accuracy = 0.1216999962925911
Training round: 445		accuracy = 0.061000000685453415
Training round: 446		accuracy = 0.0925000011920929
Training round: 447		accuracy = 0.18310000002384186
Training round: 448		accuracy = 0.181099995970726
Training round: 449		accuracy = 0.22300000488758087
Training round: 450		accuracy = 0.06700000166893005
Training round: 451		accuracy = 0.0706000030040741
Training round: 452		accuracy = 0.10000000149011612
Training round: 453		accuracy = 0.045899998396635056
Training round: 454		accuracy = 0.0786999985575676
Training round: 455		accuracy = 0.0737999975681305
Training round: 456		accuracy = 0.09719999879598618
Training round: 457		accuracy = 0.06639999896287918
Training round: 458		accuracy = 0.07649999856948853
Training round: 459		accuracy = 0.28459998965263367
Training round: 460		accuracy = 0.2401999980211258
Training round: 461		accuracy = 0.1264999955892563
Training round: 462		accuracy = 0.10920000076293945
Training round: 463		accuracy = 0.10649999976158142
Training round: 464		accuracy = 0.22030000388622284
Training round: 465		accuracy = 0.08410000056028366
Training round: 466		accuracy = 0.06310000270605087
Training round: 467		accuracy = 0.2711000144481659
Training round: 468		accuracy = 0.22130000591278076
Training round: 469		accuracy = 0.10890000313520432
Training round: 470		accuracy = 0.12060000002384186
Training round: 471		accuracy = 0.1362999975681305
Training round: 472		accuracy = 0.10970000177621841
Training round: 473		accuracy = 0.06480000168085098
Training round: 474		accuracy = 0.09200000017881393
Training round: 475		accuracy = 0.25679999589920044
Training round: 476		accuracy = 0.10719999670982361
Training round: 477		accuracy = 0.26030001044273376
Training round: 478		accuracy = 0.12720000743865967
Training round: 479		accuracy = 0.22859999537467957
Training round: 480		accuracy = 0.08780000358819962
Training round: 481		accuracy = 0.2493000030517578
Training round: 482		accuracy = 0.0877000018954277
Training round: 483		accuracy = 0.21040000021457672
Training round: 484		accuracy = 0.11760000139474869
Training round: 485		accuracy = 0.19439999759197235
Training round: 486		accuracy = 0.18960000574588776
Training round: 487		accuracy = 0.07500000298023224
Training round: 488		accuracy = 0.10570000112056732
Training round: 489		accuracy = 0.0754999965429306
Training round: 490		accuracy = 0.09640000015497208
Training round: 491		accuracy = 0.07029999792575836
Training round: 492		accuracy = 0.1860000044107437
Training round: 493		accuracy = 0.2849999964237213
Training round: 494		accuracy = 0.0885000005364418
Training round: 495		accuracy = 0.07450000196695328
Training round: 496		accuracy = 0.10400000214576721
Training round: 497		accuracy = 0.2761000096797943
Training round: 498		accuracy = 0.10760000348091125
Training round: 499		accuracy = 0.2363000065088272
Training round: 500		accuracy = 0.07450000196695328
Training round: 501		accuracy = 0.30809998512268066
Training round: 502		accuracy = 0.21130000054836273
Training round: 503		accuracy = 0.29649999737739563
Training round: 504		accuracy = 0.11089999973773956
Training round: 505		accuracy = 0.21629999577999115
Training round: 506		accuracy = 0.11710000038146973
Training round: 507		accuracy = 0.29409998655319214
Training round: 508		accuracy = 0.12110000103712082
Training round: 509		accuracy = 0.11190000176429749
Training round: 510		accuracy = 0.22869999706745148
Training round: 511		accuracy = 0.19509999454021454
Training round: 512		accuracy = 0.08110000193119049
Training round: 513		accuracy = 0.20469999313354492
Training round: 514		accuracy = 0.11230000108480453
Training round: 515		accuracy = 0.24449999630451202
Training round: 516		accuracy = 0.21729999780654907
Training round: 517		accuracy = 0.13259999454021454
Training round: 518		accuracy = 0.22200000286102295
Training round: 519		accuracy = 0.10029999911785126
Training round: 520		accuracy = 0.12970000505447388
Training round: 521		accuracy = 0.19699999690055847
Training round: 522		accuracy = 0.05739999935030937
Training round: 523		accuracy = 0.11050000041723251
Training round: 524		accuracy = 0.08079999685287476
Training round: 525		accuracy = 0.06289999932050705
Training round: 526		accuracy = 0.09149999916553497
Training round: 527		accuracy = 0.2410999983549118
Training round: 528		accuracy = 0.2329999953508377
Training round: 529		accuracy = 0.07689999788999557
Training round: 530		accuracy = 0.1062999963760376
Training round: 531		accuracy = 0.25459998846054077
Training round: 532		accuracy = 0.23600000143051147
Training round: 533		accuracy = 0.32030001282691956
Training round: 534		accuracy = 0.3018999993801117
Training round: 535		accuracy = 0.3488999903202057
Training round: 536		accuracy = 0.15889999270439148
Training round: 537		accuracy = 0.10849999636411667
Training round: 538		accuracy = 0.24959999322891235
Training round: 539		accuracy = 0.3409000039100647
Training round: 540		accuracy = 0.0860000029206276
Training round: 541		accuracy = 0.07909999787807465
Training round: 542		accuracy = 0.30970001220703125
Training round: 543		accuracy = 0.26260000467300415
Training round: 544		accuracy = 0.2680000066757202
Training round: 545		accuracy = 0.18199999630451202
Training round: 546		accuracy = 0.09610000252723694
Training round: 547		accuracy = 0.05570000037550926
Training round: 548		accuracy = 0.24819999933242798
Training round: 549		accuracy = 0.2721000015735626
Training round: 550		accuracy = 0.1703999936580658
Training round: 551		accuracy = 0.26600000262260437
Training round: 552		accuracy = 0.249099999666214
Training round: 553		accuracy = 0.20999999344348907
Training round: 554		accuracy = 0.1551000028848648
Training round: 555		accuracy = 0.2371000051498413
Training round: 556		accuracy = 0.14239999651908875
Training round: 557		accuracy = 0.32409998774528503
Training round: 558		accuracy = 0.10119999945163727
Training round: 559		accuracy = 0.25859999656677246
Training round: 560		accuracy = 0.30090001225471497
Training round: 561		accuracy = 0.27720001339912415
Training round: 562		accuracy = 0.3425999879837036
Training round: 563		accuracy = 0.1412000060081482
Training round: 564		accuracy = 0.2207999974489212
Training round: 565		accuracy = 0.211899995803833
Training round: 566		accuracy = 0.24770000576972961
Training round: 567		accuracy = 0.30790001153945923
Training round: 568		accuracy = 0.2484000027179718
Training round: 569		accuracy = 0.1785999983549118
Training round: 570		accuracy = 0.23479999601840973
Training round: 571		accuracy = 0.1843000054359436
Training round: 572		accuracy = 0.31949999928474426
Training round: 573		accuracy = 0.22450000047683716
Training round: 574		accuracy = 0.2824999988079071
Training round: 575		accuracy = 0.3402000069618225
Training round: 576		accuracy = 0.24609999358654022
Training round: 577		accuracy = 0.29170000553131104
Training round: 578		accuracy = 0.17180000245571136
Training round: 579		accuracy = 0.10920000076293945
Training round: 580		accuracy = 0.24639999866485596
Training round: 581		accuracy = 0.09189999848604202
Training round: 582		accuracy = 0.32589998841285706
Training round: 583		accuracy = 0.12479999661445618
Training round: 584		accuracy = 0.2303999960422516
Training round: 585		accuracy = 0.18930000066757202
Training round: 586		accuracy = 0.13050000369548798
Training round: 587		accuracy = 0.24289999902248383
Training round: 588		accuracy = 0.26989999413490295
Training round: 589		accuracy = 0.09650000184774399
Training round: 590		accuracy = 0.3799000084400177
Training round: 591		accuracy = 0.27970001101493835
Training round: 592		accuracy = 0.2921000123023987
Training round: 593		accuracy = 0.25369998812675476
Training round: 594		accuracy = 0.13369999825954437
Training round: 595		accuracy = 0.30160000920295715
Training round: 596		accuracy = 0.15710000693798065
Training round: 597		accuracy = 0.3799999952316284
Training round: 598		accuracy = 0.31610000133514404
Training round: 599		accuracy = 0.3700000047683716
Training round: 600		accuracy = 0.25619998574256897
Training round: 601		accuracy = 0.27810001373291016
Training round: 602		accuracy = 0.3718000054359436
Training round: 603		accuracy = 0.3174999952316284
Training round: 604		accuracy = 0.38830000162124634
Training round: 605		accuracy = 0.23970000445842743
Training round: 606		accuracy = 0.24250000715255737
Training round: 607		accuracy = 0.29600000381469727
Training round: 608		accuracy = 0.12470000237226486
Training round: 609		accuracy = 0.3984000086784363
Training round: 610		accuracy = 0.4108999967575073
Training round: 611		accuracy = 0.23839999735355377
Training round: 612		accuracy = 0.24619999527931213
Training round: 613		accuracy = 0.38659998774528503
Training round: 614		accuracy = 0.26019999384880066
Training round: 615		accuracy = 0.1914999932050705
Training round: 616		accuracy = 0.13910000026226044
Training round: 617		accuracy = 0.3804999887943268
Training round: 618		accuracy = 0.24490000307559967
Training round: 619		accuracy = 0.2475000023841858
Training round: 620		accuracy = 0.2574999928474426
Training round: 621		accuracy = 0.36410000920295715
Training round: 622		accuracy = 0.21549999713897705
Training round: 623		accuracy = 0.3010999858379364
Training round: 624		accuracy = 0.19030000269412994
Training round: 625		accuracy = 0.26989999413490295
Training round: 626		accuracy = 0.3659999966621399
Training round: 627		accuracy = 0.2752000093460083
Training round: 628		accuracy = 0.3741999864578247
Training round: 629		accuracy = 0.2648000121116638
Training round: 630		accuracy = 0.10689999908208847
Training round: 631		accuracy = 0.25099998712539673
Training round: 632		accuracy = 0.23980000615119934
Training round: 633		accuracy = 0.25870001316070557
Training round: 634		accuracy = 0.39899998903274536
Training round: 635		accuracy = 0.36739999055862427
Training round: 636		accuracy = 0.2662999927997589
Training round: 637		accuracy = 0.2612000107765198
Training round: 638		accuracy = 0.41370001435279846
Training round: 639		accuracy = 0.4260999858379364
Training round: 640		accuracy = 0.2815000116825104
Training round: 641		accuracy = 0.4059999883174896
Training round: 642		accuracy = 0.37950000166893005
Training round: 643		accuracy = 0.3025999963283539
Training round: 644		accuracy = 0.3212999999523163
Training round: 645		accuracy = 0.4327000081539154
Training round: 646		accuracy = 0.3066999912261963
Training round: 647		accuracy = 0.4449999928474426
Training round: 648		accuracy = 0.305400013923645
Training round: 649		accuracy = 0.38839998841285706
Training round: 650		accuracy = 0.39250001311302185
Training round: 651		accuracy = 0.24490000307559967
Training round: 652		accuracy = 0.4214000105857849
Training round: 653		accuracy = 0.424699991941452
Training round: 654		accuracy = 0.41130000352859497
Training round: 655		accuracy = 0.3151000142097473
Training round: 656		accuracy = 0.19110000133514404
Training round: 657		accuracy = 0.26080000400543213
Training round: 658		accuracy = 0.39719998836517334
Training round: 659		accuracy = 0.4453999996185303
Training round: 660		accuracy = 0.41260001063346863
Training round: 661		accuracy = 0.37709999084472656
Training round: 662		accuracy = 0.41749998927116394
Training round: 663		accuracy = 0.4255000054836273
Training round: 664		accuracy = 0.45239999890327454
Training round: 665		accuracy = 0.45399999618530273
Training round: 666		accuracy = 0.41269999742507935
Training round: 667		accuracy = 0.29319998621940613
Training round: 668		accuracy = 0.41510000824928284
Training round: 669		accuracy = 0.29159998893737793
Training round: 670		accuracy = 0.4113999903202057
Training round: 671		accuracy = 0.3061999976634979
Training round: 672		accuracy = 0.1940000057220459
Training round: 673		accuracy = 0.41440001130104065
Training round: 674		accuracy = 0.41429999470710754
Training round: 675		accuracy = 0.43470001220703125
Training round: 676		accuracy = 0.3095000088214874
Training round: 677		accuracy = 0.42260000109672546
Training round: 678		accuracy = 0.4002000093460083
Training round: 679		accuracy = 0.4440999925136566
Training round: 680		accuracy = 0.3653999865055084
Training round: 681		accuracy = 0.3151000142097473
Training round: 682		accuracy = 0.31200000643730164
Training round: 683		accuracy = 0.302700012922287
Training round: 684		accuracy = 0.3181999921798706
Training round: 685		accuracy = 0.3280999958515167
Training round: 686		accuracy = 0.27639999985694885
Training round: 687		accuracy = 0.4498000144958496
Training round: 688		accuracy = 0.3100999891757965
Training round: 689		accuracy = 0.3353999853134155
Training round: 690		accuracy = 0.4375
Training round: 691		accuracy = 0.21899999678134918
Training round: 692		accuracy = 0.10899999737739563
Training round: 693		accuracy = 0.44780001044273376
Training round: 694		accuracy = 0.47540000081062317
Training round: 695		accuracy = 0.4399000108242035
Training round: 696		accuracy = 0.31380000710487366
Training round: 697		accuracy = 0.48739999532699585
Training round: 698		accuracy = 0.3352000117301941
Training round: 699		accuracy = 0.48669999837875366
Training round: 700		accuracy = 0.11959999799728394
Training round: 701		accuracy = 0.26829999685287476
Training round: 702		accuracy = 0.40700000524520874
Training round: 703		accuracy = 0.34310001134872437
Training round: 704		accuracy = 0.4571000039577484
Training round: 705		accuracy = 0.36410000920295715
Training round: 706		accuracy = 0.15379999577999115
Training round: 707		accuracy = 0.44279998540878296
Training round: 708		accuracy = 0.44269999861717224
Training round: 709		accuracy = 0.34850001335144043
Training round: 710		accuracy = 0.3564999997615814
Training round: 711		accuracy = 0.2922999858856201
Training round: 712		accuracy = 0.30869999527931213
Training round: 713		accuracy = 0.34709998965263367
Training round: 714		accuracy = 0.49549999833106995
Training round: 715		accuracy = 0.31779998540878296
Training round: 716		accuracy = 0.3025999963283539
Training round: 717		accuracy = 0.4530999958515167
Training round: 718		accuracy = 0.4374000132083893
Training round: 719		accuracy = 0.4458000063896179
Training round: 720		accuracy = 0.31709998846054077
Training round: 721		accuracy = 0.2919999957084656
Training round: 722		accuracy = 0.49390000104904175
Training round: 723		accuracy = 0.13600000739097595
Training round: 724		accuracy = 0.2671999931335449
Training round: 725		accuracy = 0.2872999906539917
Training round: 726		accuracy = 0.3336000144481659
Training round: 727		accuracy = 0.33070001006126404
Training round: 728		accuracy = 0.30059999227523804
Training round: 729		accuracy = 0.4494999945163727
Training round: 730		accuracy = 0.4699999988079071
Training round: 731		accuracy = 0.45260000228881836
Training round: 732		accuracy = 0.35600000619888306
Training round: 733		accuracy = 0.47200000286102295
Training round: 734		accuracy = 0.358599990606308
Training round: 735		accuracy = 0.5001000165939331
Training round: 736		accuracy = 0.3546999990940094
Training round: 737		accuracy = 0.5095000267028809
Training round: 738		accuracy = 0.33480000495910645
Training round: 739		accuracy = 0.4189999997615814
Training round: 740		accuracy = 0.42879998683929443
Training round: 741		accuracy = 0.16760000586509705
Training round: 742		accuracy = 0.41510000824928284
Training round: 743		accuracy = 0.3449000120162964
Training round: 744		accuracy = 0.36550000309944153
Training round: 745		accuracy = 0.30329999327659607
Training round: 746		accuracy = 0.35749998688697815
Training round: 747		accuracy = 0.447299987077713
Training round: 748		accuracy = 0.49470001459121704
Training round: 749		accuracy = 0.4519999921321869
Training round: 750		accuracy = 0.4821999967098236
Training round: 751		accuracy = 0.48429998755455017
Training round: 752		accuracy = 0.47440001368522644
Training round: 753		accuracy = 0.47760000824928284
Training round: 754		accuracy = 0.5059000253677368
Training round: 755		accuracy = 0.4681999981403351
Training round: 756		accuracy = 0.46299999952316284
Training round: 757		accuracy = 0.35929998755455017
Training round: 758		accuracy = 0.4650000035762787
Training round: 759		accuracy = 0.33079999685287476
Training round: 760		accuracy = 0.44510000944137573
Training round: 761		accuracy = 0.5065000057220459
Training round: 762		accuracy = 0.4948999881744385
Training round: 763		accuracy = 0.2524000108242035
Training round: 764		accuracy = 0.3650999963283539
Training round: 765		accuracy = 0.32989999651908875
Training round: 766		accuracy = 0.1914999932050705
Training round: 767		accuracy = 0.414000004529953
Training round: 768		accuracy = 0.34389999508857727
Training round: 769		accuracy = 0.15770000219345093
Training round: 770		accuracy = 0.35010001063346863
Training round: 771		accuracy = 0.5044000148773193
Training round: 772		accuracy = 0.3269999921321869
Training round: 773		accuracy = 0.3111000061035156
Training round: 774		accuracy = 0.3682999908924103
Training round: 775		accuracy = 0.3409000039100647
Training round: 776		accuracy = 0.3327000141143799
Training round: 777		accuracy = 0.3628999888896942
Training round: 778		accuracy = 0.4661000072956085
Training round: 779		accuracy = 0.5098000168800354
Training round: 780		accuracy = 0.17249999940395355
Training round: 781		accuracy = 0.47620001435279846
Training round: 782		accuracy = 0.3061999976634979
Training round: 783		accuracy = 0.34850001335144043
Training round: 784		accuracy = 0.3634999990463257
Training round: 785		accuracy = 0.358599990606308
Training round: 786		accuracy = 0.3287000060081482
Training round: 787		accuracy = 0.32120001316070557
Training round: 788		accuracy = 0.36070001125335693
Training round: 789		accuracy = 0.49900001287460327
Training round: 790		accuracy = 0.3546000123023987
Training round: 791		accuracy = 0.29409998655319214
Training round: 792		accuracy = 0.35760000348091125
Training round: 793		accuracy = 0.43689998984336853
Training round: 794		accuracy = 0.23829999566078186
Training round: 795		accuracy = 0.4964999854564667
Training round: 796		accuracy = 0.48579999804496765
Training round: 797		accuracy = 0.3977000117301941
Training round: 798		accuracy = 0.5181000232696533
Training round: 799		accuracy = 0.5024999976158142
Training round: 800		accuracy = 0.37299999594688416
Training round: 801		accuracy = 0.4609000086784363
Training round: 802		accuracy = 0.5097000002861023
Training round: 803		accuracy = 0.37560001015663147
Training round: 804		accuracy = 0.48730000853538513
Training round: 805		accuracy = 0.48159998655319214
Training round: 806		accuracy = 0.32989999651908875
Training round: 807		accuracy = 0.32199999690055847
Training round: 808		accuracy = 0.1404000073671341
Training round: 809		accuracy = 0.35989999771118164
Training round: 810		accuracy = 0.48179998993873596
Training round: 811		accuracy = 0.48500001430511475
Training round: 812		accuracy = 0.3977000117301941
Training round: 813		accuracy = 0.48510000109672546
Training round: 814		accuracy = 0.4984000027179718
Training round: 815		accuracy = 0.3853999972343445
Training round: 816		accuracy = 0.5181000232696533
Training round: 817		accuracy = 0.4065000116825104
Training round: 818		accuracy = 0.5253000259399414
Training round: 819		accuracy = 0.5056999921798706
Training round: 820		accuracy = 0.5256999731063843
Training round: 821		accuracy = 0.5187000036239624
Training round: 822		accuracy = 0.19259999692440033
Training round: 823		accuracy = 0.3675000071525574
Training round: 824		accuracy = 0.37779998779296875
Training round: 825		accuracy = 0.4821999967098236
Training round: 826		accuracy = 0.46540001034736633
Training round: 827		accuracy = 0.39149999618530273
Training round: 828		accuracy = 0.5001000165939331
Training round: 829		accuracy = 0.3790999948978424
Training round: 830		accuracy = 0.3743000030517578
Training round: 831		accuracy = 0.499099999666214
Training round: 832		accuracy = 0.4101000130176544
Training round: 833		accuracy = 0.25220000743865967
Training round: 834		accuracy = 0.46380001306533813
Training round: 835		accuracy = 0.5012000203132629
Training round: 836		accuracy = 0.503000020980835
Training round: 837		accuracy = 0.5033000111579895
Training round: 838		accuracy = 0.1559000015258789
Training round: 839		accuracy = 0.19280000030994415
Training round: 840		accuracy = 0.3122999966144562
Training round: 841		accuracy = 0.34299999475479126
Training round: 842		accuracy = 0.49320000410079956
Training round: 843		accuracy = 0.3310000002384186
Training round: 844		accuracy = 0.4832000136375427
Training round: 845		accuracy = 0.3774999976158142
Training round: 846		accuracy = 0.3935000002384186
Training round: 847		accuracy = 0.3749000132083893
Training round: 848		accuracy = 0.5116000175476074
Training round: 849		accuracy = 0.48179998993873596
Training round: 850		accuracy = 0.4147999882698059
Training round: 851		accuracy = 0.49810001254081726
Training round: 852		accuracy = 0.44830000400543213
Training round: 853		accuracy = 0.4993000030517578
Training round: 854		accuracy = 0.35030001401901245
Training round: 855		accuracy = 0.3174000084400177
Training round: 856		accuracy = 0.37940001487731934
Training round: 857		accuracy = 0.5142999887466431
Training round: 858		accuracy = 0.5037999749183655
Training round: 859		accuracy = 0.48649999499320984
Training round: 860		accuracy = 0.5202999711036682
Training round: 861		accuracy = 0.4846999943256378
Training round: 862		accuracy = 0.5044999718666077
Training round: 863		accuracy = 0.5142999887466431
Training round: 864		accuracy = 0.5094000101089478
Training round: 865		accuracy = 0.3993000090122223
Training round: 866		accuracy = 0.49810001254081726
Training round: 867		accuracy = 0.4196000099182129
Training round: 868		accuracy = 0.5077999830245972
Training round: 869		accuracy = 0.4788999855518341
Training round: 870		accuracy = 0.5080999732017517
Training round: 871		accuracy = 0.4115000069141388
Training round: 872		accuracy = 0.48559999465942383
Training round: 873		accuracy = 0.49959999322891235
Training round: 874		accuracy = 0.5361999869346619
Training round: 875		accuracy = 0.5152000188827515
Training round: 876		accuracy = 0.5022000074386597
Training round: 877		accuracy = 0.42260000109672546
Training round: 878		accuracy = 0.4065999984741211
Training round: 879		accuracy = 0.5163000226020813
Training round: 880		accuracy = 0.3479999899864197
Training round: 881		accuracy = 0.41029998660087585
Training round: 882		accuracy = 0.47600001096725464
Training round: 883		accuracy = 0.3287000060081482
Training round: 884		accuracy = 0.42739999294281006
Training round: 885		accuracy = 0.30059999227523804
Training round: 886		accuracy = 0.5206999778747559
Training round: 887		accuracy = 0.4041999876499176
Training round: 888		accuracy = 0.4733000099658966
Training round: 889		accuracy = 0.3626999855041504
Training round: 890		accuracy = 0.4542999863624573
Training round: 891		accuracy = 0.5435000061988831
Training round: 892		accuracy = 0.3264999985694885
Training round: 893		accuracy = 0.5112000107765198
Training round: 894		accuracy = 0.32510000467300415
Training round: 895		accuracy = 0.517300009727478
Training round: 896		accuracy = 0.5126000046730042
Training round: 897		accuracy = 0.3343999981880188
Training round: 898		accuracy = 0.5214999914169312
Training round: 899		accuracy = 0.1860000044107437
Training round: 900		accuracy = 0.14920000731945038
Training round: 901		accuracy = 0.2345999926328659
Training round: 902		accuracy = 0.1543000042438507
Training round: 903		accuracy = 0.16429999470710754
Training round: 904		accuracy = 0.1728000044822693
Training round: 905		accuracy = 0.29409998655319214
Training round: 906		accuracy = 0.5094000101089478
Training round: 907		accuracy = 0.13179999589920044
Training round: 908		accuracy = 0.3695000112056732
Training round: 909		accuracy = 0.3346000015735626
Training round: 910		accuracy = 0.31839999556541443
Training round: 911		accuracy = 0.5149999856948853
Training round: 912		accuracy = 0.5213000178337097
Training round: 913		accuracy = 0.17249999940395355
Training round: 914		accuracy = 0.5016000270843506
Training round: 915		accuracy = 0.4918000102043152
Training round: 916		accuracy = 0.4580000042915344
Training round: 917		accuracy = 0.5091999769210815
Training round: 918		accuracy = 0.5178999900817871
Training round: 919		accuracy = 0.5113000273704529
Training round: 920		accuracy = 0.5023999810218811
Training round: 921		accuracy = 0.5059000253677368
Training round: 922		accuracy = 0.5145000219345093
Training round: 923		accuracy = 0.48969998955726624
Training round: 924		accuracy = 0.4997999966144562
Training round: 925		accuracy = 0.4950999915599823
Training round: 926		accuracy = 0.5293999910354614
Training round: 927		accuracy = 0.4424999952316284
Training round: 928		accuracy = 0.5126000046730042
Training round: 929		accuracy = 0.3610000014305115
Training round: 930		accuracy = 0.5260000228881836
Training round: 931		accuracy = 0.5249000191688538
Training round: 932		accuracy = 0.5282999873161316
Training round: 933		accuracy = 0.14390000700950623
Training round: 934		accuracy = 0.3352000117301941
Training round: 935		accuracy = 0.2590999901294708
Training round: 936		accuracy = 0.23520000278949738
Training round: 937		accuracy = 0.5218999981880188
Training round: 938		accuracy = 0.5189999938011169
Training round: 939		accuracy = 0.4077000021934509
Training round: 940		accuracy = 0.5257999897003174
Training round: 941		accuracy = 0.3091999888420105
Training round: 942		accuracy = 0.5370000004768372
Training round: 943		accuracy = 0.5267999768257141
Training round: 944		accuracy = 0.39559999108314514
Training round: 945		accuracy = 0.4927999973297119
Training round: 946		accuracy = 0.42010000348091125
Training round: 947		accuracy = 0.21410000324249268
Training round: 948		accuracy = 0.5248000025749207
Training round: 949		accuracy = 0.4253999888896942
Training round: 950		accuracy = 0.31310001015663147
Training round: 951		accuracy = 0.5152000188827515
Training round: 952		accuracy = 0.3244999945163727
Training round: 953		accuracy = 0.33500000834465027
Training round: 954		accuracy = 0.3903000056743622
Training round: 955		accuracy = 0.4851999878883362
Training round: 956		accuracy = 0.3472000062465668
Training round: 957		accuracy = 0.29319998621940613
Training round: 958		accuracy = 0.49480000138282776
Training round: 959		accuracy = 0.49219998717308044
Training round: 960		accuracy = 0.48649999499320984
Training round: 961		accuracy = 0.4404999911785126
Training round: 962		accuracy = 0.520799994468689
Training round: 963		accuracy = 0.42399999499320984
Training round: 964		accuracy = 0.3725000023841858
Training round: 965		accuracy = 0.5351999998092651
Training round: 966		accuracy = 0.43880000710487366
Training round: 967		accuracy = 0.42750000953674316
Training round: 968		accuracy = 0.5339000225067139
Training round: 969		accuracy = 0.4300999939441681
Training round: 970		accuracy = 0.38659998774528503
Training round: 971		accuracy = 0.4749000072479248
Training round: 972		accuracy = 0.3991999924182892
Training round: 973		accuracy = 0.2345999926328659
Training round: 974		accuracy = 0.5083000063896179
Training round: 975		accuracy = 0.5067999958992004
Training round: 976		accuracy = 0.4848000109195709
Training round: 977		accuracy = 0.5260999798774719
Training round: 978		accuracy = 0.5242999792098999
Training round: 979		accuracy = 0.5325000286102295
Training round: 980		accuracy = 0.3441999852657318
Training round: 981		accuracy = 0.2939000129699707
Training round: 982		accuracy = 0.20149999856948853
Training round: 983		accuracy = 0.5289000272750854
Training round: 984		accuracy = 0.3785000145435333
Training round: 985		accuracy = 0.5065000057220459
Training round: 986		accuracy = 0.3158000111579895
Training round: 987		accuracy = 0.54339998960495
Training round: 988		accuracy = 0.4472000002861023
Training round: 989		accuracy = 0.5637999773025513
Training round: 990		accuracy = 0.44609999656677246
Training round: 991		accuracy = 0.526199996471405
Training round: 992		accuracy = 0.18039999902248383
Training round: 993		accuracy = 0.4957999885082245
Training round: 994		accuracy = 0.33970001339912415
Training round: 995		accuracy = 0.36239999532699585
Training round: 996		accuracy = 0.49619999527931213
Training round: 997		accuracy = 0.5329999923706055
Training round: 998		accuracy = 0.1890999972820282
Training round: 999		accuracy = 0.4851999878883362
Training round: 1000		accuracy = 0.4140999913215637
Training duration 11230.003247737885
