2021-08-23 15:16:42.151731: I tensorflow/stream_executor/platform/default/dso_loader.cc:49] Successfully opened dynamic library libcudart.so.11.0
2021-08-23 15:17:06.454402: I tensorflow/compiler/jit/xla_cpu_device.cc:41] Not creating XLA devices, tf_xla_enable_xla_devices not set
2021-08-23 15:17:06.460305: I tensorflow/stream_executor/platform/default/dso_loader.cc:49] Successfully opened dynamic library libcuda.so.1
2021-08-23 15:17:06.503871: I tensorflow/core/common_runtime/gpu/gpu_device.cc:1720] Found device 0 with properties: 
pciBusID: 0000:83:00.0 name: Tesla P100-PCIE-12GB computeCapability: 6.0
coreClock: 1.3285GHz coreCount: 56 deviceMemorySize: 11.91GiB deviceMemoryBandwidth: 511.41GiB/s
2021-08-23 15:17:06.504382: I tensorflow/stream_executor/platform/default/dso_loader.cc:49] Successfully opened dynamic library libcudart.so.11.0
2021-08-23 15:17:06.514512: I tensorflow/stream_executor/platform/default/dso_loader.cc:49] Successfully opened dynamic library libcublas.so.11
2021-08-23 15:17:06.514687: I tensorflow/stream_executor/platform/default/dso_loader.cc:49] Successfully opened dynamic library libcublasLt.so.11
2021-08-23 15:17:06.520120: I tensorflow/stream_executor/platform/default/dso_loader.cc:49] Successfully opened dynamic library libcufft.so.10
2021-08-23 15:17:06.524772: I tensorflow/stream_executor/platform/default/dso_loader.cc:49] Successfully opened dynamic library libcurand.so.10
2021-08-23 15:17:06.532855: I tensorflow/stream_executor/platform/default/dso_loader.cc:49] Successfully opened dynamic library libcusolver.so.10
2021-08-23 15:17:06.535127: I tensorflow/stream_executor/platform/default/dso_loader.cc:49] Successfully opened dynamic library libcusparse.so.11
2021-08-23 15:17:06.536175: I tensorflow/stream_executor/platform/default/dso_loader.cc:49] Successfully opened dynamic library libcudnn.so.8
2021-08-23 15:17:06.538996: I tensorflow/core/common_runtime/gpu/gpu_device.cc:1862] Adding visible gpu devices: 0
2021-08-23 15:17:06.542759: I tensorflow/core/platform/cpu_feature_guard.cc:142] This TensorFlow binary is optimized with oneAPI Deep Neural Network Library (oneDNN) to use the following CPU instructions in performance-critical operations:  AVX2 FMA
To enable them in other operations, rebuild TensorFlow with the appropriate compiler flags.
2021-08-23 15:17:06.543094: I tensorflow/compiler/jit/xla_gpu_device.cc:99] Not creating XLA devices, tf_xla_enable_xla_devices not set
2021-08-23 15:17:06.544344: I tensorflow/core/common_runtime/gpu/gpu_device.cc:1720] Found device 0 with properties: 
pciBusID: 0000:83:00.0 name: Tesla P100-PCIE-12GB computeCapability: 6.0
coreClock: 1.3285GHz coreCount: 56 deviceMemorySize: 11.91GiB deviceMemoryBandwidth: 511.41GiB/s
2021-08-23 15:17:06.544465: I tensorflow/stream_executor/platform/default/dso_loader.cc:49] Successfully opened dynamic library libcudart.so.11.0
2021-08-23 15:17:06.544573: I tensorflow/stream_executor/platform/default/dso_loader.cc:49] Successfully opened dynamic library libcublas.so.11
2021-08-23 15:17:06.544667: I tensorflow/stream_executor/platform/default/dso_loader.cc:49] Successfully opened dynamic library libcublasLt.so.11
2021-08-23 15:17:06.544725: I tensorflow/stream_executor/platform/default/dso_loader.cc:49] Successfully opened dynamic library libcufft.so.10
2021-08-23 15:17:06.544824: I tensorflow/stream_executor/platform/default/dso_loader.cc:49] Successfully opened dynamic library libcurand.so.10
2021-08-23 15:17:06.544943: I tensorflow/stream_executor/platform/default/dso_loader.cc:49] Successfully opened dynamic library libcusolver.so.10
2021-08-23 15:17:06.545003: I tensorflow/stream_executor/platform/default/dso_loader.cc:49] Successfully opened dynamic library libcusparse.so.11
2021-08-23 15:17:06.545096: I tensorflow/stream_executor/platform/default/dso_loader.cc:49] Successfully opened dynamic library libcudnn.so.8
2021-08-23 15:17:06.547356: I tensorflow/core/common_runtime/gpu/gpu_device.cc:1862] Adding visible gpu devices: 0
2021-08-23 15:17:06.547483: I tensorflow/stream_executor/platform/default/dso_loader.cc:49] Successfully opened dynamic library libcudart.so.11.0
2021-08-23 15:17:07.747861: I tensorflow/core/common_runtime/gpu/gpu_device.cc:1261] Device interconnect StreamExecutor with strength 1 edge matrix:
2021-08-23 15:17:07.748050: I tensorflow/core/common_runtime/gpu/gpu_device.cc:1267]      0 
2021-08-23 15:17:07.748115: I tensorflow/core/common_runtime/gpu/gpu_device.cc:1280] 0:   N 
2021-08-23 15:17:07.753650: I tensorflow/core/common_runtime/gpu/gpu_device.cc:1406] Created TensorFlow device (/job:localhost/replica:0/task:0/device:GPU:0 with 11119 MB memory) -> physical GPU (device: 0, name: Tesla P100-PCIE-12GB, pci bus id: 0000:83:00.0, compute capability: 6.0)
2021-08-23 15:17:19.194378: I tensorflow/compiler/mlir/mlir_graph_optimization_pass.cc:116] None of the MLIR optimization passes are enabled (registered 2)
2021-08-23 15:17:19.198382: I tensorflow/core/platform/profile_utils/cpu_utils.cc:112] CPU Frequency: 2199945000 Hz
2021-08-23 15:17:19.293660: I tensorflow/stream_executor/platform/default/dso_loader.cc:49] Successfully opened dynamic library libcublas.so.11
2021-08-23 15:17:19.659198: I tensorflow/stream_executor/platform/default/dso_loader.cc:49] Successfully opened dynamic library libcublasLt.so.11
2021-08-23 15:17:19.665993: I tensorflow/stream_executor/platform/default/dso_loader.cc:49] Successfully opened dynamic library libcudnn.so.8
2021-08-23 15:17:21.542029: W tensorflow/stream_executor/gpu/asm_compiler.cc:63] Running ptxas --version returned 256
2021-08-23 15:17:21.972450: W tensorflow/stream_executor/gpu/redzone_allocator.cc:314] Internal: ptxas exited with non-zero error code 256, output: 
Relying on driver to perform ptx compilation. 
Modify $PATH to customize ptxas location.
This message will be only logged once.
LabelAttacker started.
LabelAttacker finished.
Training round: 1		accuracy = 0.6385506987571716
Training round: 2		accuracy = 0.4481159448623657
Training round: 3		accuracy = 0.5504347681999207
Training round: 4		accuracy = 0.5495651960372925
Training round: 5		accuracy = 0.6492753624916077
Training round: 6		accuracy = 0.5892753601074219
Training round: 7		accuracy = 0.6466666460037231
Training round: 8		accuracy = 0.6301449537277222
Training round: 9		accuracy = 0.6475362181663513
Training round: 10		accuracy = 0.620579719543457
Training round: 11		accuracy = 0.6420289874076843
Training round: 12		accuracy = 0.643478274345398
Training round: 13		accuracy = 0.6391304135322571
Training round: 14		accuracy = 0.6339130401611328
Training round: 15		accuracy = 0.6405797004699707
Training round: 16		accuracy = 0.6310144662857056
Training round: 17		accuracy = 0.6376811861991882
Training round: 18		accuracy = 0.6469565033912659
Training round: 19		accuracy = 0.6307246088981628
Training round: 20		accuracy = 0.6417391300201416
Training round: 21		accuracy = 0.6426087021827698
Training round: 22		accuracy = 0.6385506987571716
Training round: 23		accuracy = 0.6417391300201416
Training round: 24		accuracy = 0.6411594152450562
Training round: 25		accuracy = 0.6382608413696289
Training round: 26		accuracy = 0.6397101283073425
Training round: 27		accuracy = 0.6353623270988464
Training round: 28		accuracy = 0.6373913288116455
Training round: 29		accuracy = 0.6446377038955688
Training round: 30		accuracy = 0.6440579891204834
Training round: 31		accuracy = 0.6428985595703125
Training round: 32		accuracy = 0.6431884169578552
Training round: 33		accuracy = 0.6426087021827698
Training round: 34		accuracy = 0.6428985595703125
Training round: 35		accuracy = 0.6417391300201416
Training round: 36		accuracy = 0.634782612323761
Training round: 37		accuracy = 0.6431884169578552
Training round: 38		accuracy = 0.645507276058197
Training round: 39		accuracy = 0.642318844795227
Training round: 40		accuracy = 0.6344927549362183
Training round: 41		accuracy = 0.6460869312286377
Training round: 42		accuracy = 0.6382608413696289
Training round: 43		accuracy = 0.6443478465080261
Training round: 44		accuracy = 0.645507276058197
Training round: 45		accuracy = 0.6452174186706543
Training round: 46		accuracy = 0.6469565033912659
Training round: 47		accuracy = 0.6440579891204834
Training round: 48		accuracy = 0.6475362181663513
Training round: 49		accuracy = 0.6469565033912659
Training round: 50		accuracy = 0.6463767886161804
Training round: 51		accuracy = 0.6466666460037231
Training round: 52		accuracy = 0.645797073841095
Training round: 53		accuracy = 0.6486956477165222
Training round: 54		accuracy = 0.6492753624916077
Training round: 55		accuracy = 0.647826075553894
Training round: 56		accuracy = 0.6463767886161804
Training round: 57		accuracy = 0.647826075553894
Training round: 58		accuracy = 0.6472463607788086
Training round: 59		accuracy = 0.645797073841095
Training round: 60		accuracy = 0.6472463607788086
Training round: 61		accuracy = 0.6481159329414368
Training round: 62		accuracy = 0.6452174186706543
Training round: 63		accuracy = 0.6449275612831116
Training round: 64		accuracy = 0.6498550772666931
Training round: 65		accuracy = 0.647826075553894
Training round: 66		accuracy = 0.6495652198791504
Training round: 67		accuracy = 0.6489855051040649
Training round: 68		accuracy = 0.6475362181663513
Training round: 69		accuracy = 0.6481159329414368
Training round: 70		accuracy = 0.6501449346542358
Training round: 71		accuracy = 0.6469565033912659
Training round: 72		accuracy = 0.6492753624916077
Training round: 73		accuracy = 0.6469565033912659
Training round: 74		accuracy = 0.6492753624916077
Training round: 75		accuracy = 0.6504347920417786
Training round: 76		accuracy = 0.6489855051040649
Training round: 77		accuracy = 0.6486956477165222
Training round: 78		accuracy = 0.6486956477165222
Training round: 79		accuracy = 0.6504347920417786
Training round: 80		accuracy = 0.6507246494293213
Training round: 81		accuracy = 0.6484057903289795
Training round: 82		accuracy = 0.6501449346542358
Training round: 83		accuracy = 0.6501449346542358
Training round: 84		accuracy = 0.6489855051040649
Training round: 85		accuracy = 0.6489855051040649
Training round: 86		accuracy = 0.6495652198791504
Training round: 87		accuracy = 0.6492753624916077
Training round: 88		accuracy = 0.6513043642044067
Training round: 89		accuracy = 0.6501449346542358
Training round: 90		accuracy = 0.6481159329414368
Training round: 91		accuracy = 0.6484057903289795
Training round: 92		accuracy = 0.6504347920417786
Training round: 93		accuracy = 0.6489855051040649
Training round: 94		accuracy = 0.6513043642044067
Training round: 95		accuracy = 0.6513043642044067
Training round: 96		accuracy = 0.6518840789794922
Training round: 97		accuracy = 0.6484057903289795
Training round: 98		accuracy = 0.6495652198791504
Training round: 99		accuracy = 0.6495652198791504
Training round: 100		accuracy = 0.6504347920417786
Training duration 8804.148414611816
