2021-08-22 20:06:10.309106: I tensorflow/stream_executor/platform/default/dso_loader.cc:49] Successfully opened dynamic library libcudart.so.11.0
2021-08-22 20:06:36.635181: I tensorflow/compiler/jit/xla_cpu_device.cc:41] Not creating XLA devices, tf_xla_enable_xla_devices not set
2021-08-22 20:06:36.637454: I tensorflow/stream_executor/platform/default/dso_loader.cc:49] Successfully opened dynamic library libcuda.so.1
2021-08-22 20:06:36.652907: I tensorflow/core/common_runtime/gpu/gpu_device.cc:1720] Found device 0 with properties: 
pciBusID: 0000:86:00.0 name: Tesla V100-SXM2-32GB computeCapability: 7.0
coreClock: 1.53GHz coreCount: 80 deviceMemorySize: 31.75GiB deviceMemoryBandwidth: 836.37GiB/s
2021-08-22 20:06:36.653066: I tensorflow/stream_executor/platform/default/dso_loader.cc:49] Successfully opened dynamic library libcudart.so.11.0
2021-08-22 20:06:36.661995: I tensorflow/stream_executor/platform/default/dso_loader.cc:49] Successfully opened dynamic library libcublas.so.11
2021-08-22 20:06:36.662165: I tensorflow/stream_executor/platform/default/dso_loader.cc:49] Successfully opened dynamic library libcublasLt.so.11
2021-08-22 20:06:36.666881: I tensorflow/stream_executor/platform/default/dso_loader.cc:49] Successfully opened dynamic library libcufft.so.10
2021-08-22 20:06:36.668681: I tensorflow/stream_executor/platform/default/dso_loader.cc:49] Successfully opened dynamic library libcurand.so.10
2021-08-22 20:06:36.676035: I tensorflow/stream_executor/platform/default/dso_loader.cc:49] Successfully opened dynamic library libcusolver.so.10
2021-08-22 20:06:36.677974: I tensorflow/stream_executor/platform/default/dso_loader.cc:49] Successfully opened dynamic library libcusparse.so.11
2021-08-22 20:06:36.678538: I tensorflow/stream_executor/platform/default/dso_loader.cc:49] Successfully opened dynamic library libcudnn.so.8
2021-08-22 20:06:36.683085: I tensorflow/core/common_runtime/gpu/gpu_device.cc:1862] Adding visible gpu devices: 0
2021-08-22 20:06:36.683981: I tensorflow/core/platform/cpu_feature_guard.cc:142] This TensorFlow binary is optimized with oneAPI Deep Neural Network Library (oneDNN) to use the following CPU instructions in performance-critical operations:  AVX2 AVX512F FMA
To enable them in other operations, rebuild TensorFlow with the appropriate compiler flags.
2021-08-22 20:06:36.684337: I tensorflow/compiler/jit/xla_gpu_device.cc:99] Not creating XLA devices, tf_xla_enable_xla_devices not set
2021-08-22 20:06:36.686754: I tensorflow/core/common_runtime/gpu/gpu_device.cc:1720] Found device 0 with properties: 
pciBusID: 0000:86:00.0 name: Tesla V100-SXM2-32GB computeCapability: 7.0
coreClock: 1.53GHz coreCount: 80 deviceMemorySize: 31.75GiB deviceMemoryBandwidth: 836.37GiB/s
2021-08-22 20:06:36.686882: I tensorflow/stream_executor/platform/default/dso_loader.cc:49] Successfully opened dynamic library libcudart.so.11.0
2021-08-22 20:06:36.686956: I tensorflow/stream_executor/platform/default/dso_loader.cc:49] Successfully opened dynamic library libcublas.so.11
2021-08-22 20:06:36.686995: I tensorflow/stream_executor/platform/default/dso_loader.cc:49] Successfully opened dynamic library libcublasLt.so.11
2021-08-22 20:06:36.687049: I tensorflow/stream_executor/platform/default/dso_loader.cc:49] Successfully opened dynamic library libcufft.so.10
2021-08-22 20:06:36.687089: I tensorflow/stream_executor/platform/default/dso_loader.cc:49] Successfully opened dynamic library libcurand.so.10
2021-08-22 20:06:36.687133: I tensorflow/stream_executor/platform/default/dso_loader.cc:49] Successfully opened dynamic library libcusolver.so.10
2021-08-22 20:06:36.687171: I tensorflow/stream_executor/platform/default/dso_loader.cc:49] Successfully opened dynamic library libcusparse.so.11
2021-08-22 20:06:36.687226: I tensorflow/stream_executor/platform/default/dso_loader.cc:49] Successfully opened dynamic library libcudnn.so.8
2021-08-22 20:06:36.691573: I tensorflow/core/common_runtime/gpu/gpu_device.cc:1862] Adding visible gpu devices: 0
2021-08-22 20:06:36.691692: I tensorflow/stream_executor/platform/default/dso_loader.cc:49] Successfully opened dynamic library libcudart.so.11.0
2021-08-22 20:06:37.681788: I tensorflow/core/common_runtime/gpu/gpu_device.cc:1261] Device interconnect StreamExecutor with strength 1 edge matrix:
2021-08-22 20:06:37.681950: I tensorflow/core/common_runtime/gpu/gpu_device.cc:1267]      0 
2021-08-22 20:06:37.682037: I tensorflow/core/common_runtime/gpu/gpu_device.cc:1280] 0:   N 
2021-08-22 20:06:37.776872: I tensorflow/core/common_runtime/gpu/gpu_device.cc:1406] Created TensorFlow device (/job:localhost/replica:0/task:0/device:GPU:0 with 27864 MB memory) -> physical GPU (device: 0, name: Tesla V100-SXM2-32GB, pci bus id: 0000:86:00.0, compute capability: 7.0)
2021-08-22 20:06:44.499679: I tensorflow/compiler/mlir/mlir_graph_optimization_pass.cc:116] None of the MLIR optimization passes are enabled (registered 2)
2021-08-22 20:06:44.506646: I tensorflow/core/platform/profile_utils/cpu_utils.cc:112] CPU Frequency: 2100000000 Hz
2021-08-22 20:06:44.637973: I tensorflow/stream_executor/platform/default/dso_loader.cc:49] Successfully opened dynamic library libcublas.so.11
2021-08-22 20:06:45.215796: I tensorflow/stream_executor/platform/default/dso_loader.cc:49] Successfully opened dynamic library libcublasLt.so.11
2021-08-22 20:06:45.229439: I tensorflow/stream_executor/platform/default/dso_loader.cc:49] Successfully opened dynamic library libcudnn.so.8
2021-08-22 20:06:47.898540: W tensorflow/stream_executor/gpu/asm_compiler.cc:63] Running ptxas --version returned 256
2021-08-22 20:06:48.069132: W tensorflow/stream_executor/gpu/redzone_allocator.cc:314] Internal: ptxas exited with non-zero error code 256, output: 
Relying on driver to perform ptx compilation. 
Modify $PATH to customize ptxas location.
This message will be only logged once.
DeleteMutator started.
DeleteMutator finished.
Training round: 1		accuracy = 0.6197101473808289
Training round: 2		accuracy = 0.6576811671257019
Training round: 3		accuracy = 0.6637681126594543
Training round: 4		accuracy = 0.662028968334198
Training round: 5		accuracy = 0.6655072569847107
Training round: 6		accuracy = 0.6686956286430359
Training round: 7		accuracy = 0.667246401309967
Training round: 8		accuracy = 0.672753632068634
Training round: 9		accuracy = 0.6713043451309204
Training round: 10		accuracy = 0.6797101497650146
Training round: 11		accuracy = 0.6817391514778137
Training round: 12		accuracy = 0.683768093585968
Training round: 13		accuracy = 0.6826087236404419
Training round: 14		accuracy = 0.6915941834449768
Training round: 15		accuracy = 0.6907246112823486
Training round: 16		accuracy = 0.6933333277702332
Training round: 17		accuracy = 0.7023188471794128
Training round: 18		accuracy = 0.6947826147079468
Training round: 19		accuracy = 0.6985507011413574
Training round: 20		accuracy = 0.7023188471794128
Training round: 21		accuracy = 0.7113043665885925
Training round: 22		accuracy = 0.6971014738082886
Training round: 23		accuracy = 0.708695650100708
Training round: 24		accuracy = 0.7081159353256226
Training round: 25		accuracy = 0.7075362205505371
Training round: 26		accuracy = 0.7115942239761353
Training round: 27		accuracy = 0.705507218837738
Training round: 28		accuracy = 0.7165217399597168
Training round: 29		accuracy = 0.7110145092010498
Training round: 30		accuracy = 0.7159420251846313
Training round: 31		accuracy = 0.7179710268974304
Training round: 32		accuracy = 0.7171014547348022
Training round: 33		accuracy = 0.7234782576560974
Training round: 34		accuracy = 0.7144927382469177
Training round: 35		accuracy = 0.717391312122345
Training round: 36		accuracy = 0.7240579724311829
Training round: 37		accuracy = 0.722898542881012
Training round: 38		accuracy = 0.7211593985557556
Training round: 39		accuracy = 0.7255072593688965
Training round: 40		accuracy = 0.7298550605773926
Training round: 41		accuracy = 0.7266666889190674
Training round: 42		accuracy = 0.7243478298187256
Training round: 43		accuracy = 0.7263768315315247
Training round: 44		accuracy = 0.730434775352478
Training round: 45		accuracy = 0.728405773639679
Training round: 46		accuracy = 0.7275362610816956
Training round: 47		accuracy = 0.7315942049026489
Training round: 48		accuracy = 0.730434775352478
Training round: 49		accuracy = 0.7307246327400208
Training round: 50		accuracy = 0.7289854884147644
Training round: 51		accuracy = 0.7318840622901917
Training round: 52		accuracy = 0.733623206615448
Training round: 53		accuracy = 0.7344927787780762
Training round: 54		accuracy = 0.7373912930488586
Training round: 55		accuracy = 0.7347826361656189
Training round: 56		accuracy = 0.7365217208862305
Training round: 57		accuracy = 0.7371014356613159
Training round: 58		accuracy = 0.735942006111145
Training round: 59		accuracy = 0.7344927787780762
Training round: 60		accuracy = 0.7371014356613159
Training round: 61		accuracy = 0.7356521487236023
Training round: 62		accuracy = 0.7353622913360596
Training round: 63		accuracy = 0.7373912930488586
Training round: 64		accuracy = 0.7385507225990295
Training round: 65		accuracy = 0.7373912930488586
Training round: 66		accuracy = 0.7368115782737732
Training round: 67		accuracy = 0.7402898669242859
Training round: 68		accuracy = 0.7385507225990295
Training round: 69		accuracy = 0.7397101521492004
Training round: 70		accuracy = 0.7376811504364014
Training round: 71		accuracy = 0.7394202947616577
Training round: 72		accuracy = 0.7414492964744568
Training round: 73		accuracy = 0.7434782385826111
Training round: 74		accuracy = 0.7414492964744568
Training round: 75		accuracy = 0.739130437374115
Training round: 76		accuracy = 0.7397101521492004
Training round: 77		accuracy = 0.7431883811950684
Training round: 78		accuracy = 0.742318868637085
Training round: 79		accuracy = 0.7408695816993713
Training round: 80		accuracy = 0.7400000095367432
Training round: 81		accuracy = 0.7402898669242859
Training round: 82		accuracy = 0.7394202947616577
Training round: 83		accuracy = 0.7400000095367432
Training round: 84		accuracy = 0.7408695816993713
Training round: 85		accuracy = 0.7428985238075256
Training round: 86		accuracy = 0.7414492964744568
Training round: 87		accuracy = 0.7405797243118286
Training round: 88		accuracy = 0.7417391538619995
Training round: 89		accuracy = 0.7417391538619995
Training round: 90		accuracy = 0.7434782385826111
Training round: 91		accuracy = 0.7440579533576965
Training round: 92		accuracy = 0.7434782385826111
Training round: 93		accuracy = 0.7417391538619995
Training round: 94		accuracy = 0.744637668132782
Training round: 95		accuracy = 0.7431883811950684
Training round: 96		accuracy = 0.7431883811950684
Training round: 97		accuracy = 0.7452173829078674
Training round: 98		accuracy = 0.7457970976829529
Training round: 99		accuracy = 0.7449275255203247
Training round: 100		accuracy = 0.7428985238075256
Training duration 4863.370843172073
