2021-08-23 17:28:46.969807: I tensorflow/stream_executor/platform/default/dso_loader.cc:49] Successfully opened dynamic library libcudart.so.11.0
2021-08-23 17:29:03.349028: I tensorflow/compiler/jit/xla_cpu_device.cc:41] Not creating XLA devices, tf_xla_enable_xla_devices not set
2021-08-23 17:29:03.351698: I tensorflow/stream_executor/platform/default/dso_loader.cc:49] Successfully opened dynamic library libcuda.so.1
2021-08-23 17:29:03.513016: I tensorflow/core/common_runtime/gpu/gpu_device.cc:1720] Found device 0 with properties: 
pciBusID: 0000:3b:00.0 name: Tesla V100-SXM2-32GB computeCapability: 7.0
coreClock: 1.53GHz coreCount: 80 deviceMemorySize: 31.75GiB deviceMemoryBandwidth: 836.37GiB/s
2021-08-23 17:29:03.513161: I tensorflow/stream_executor/platform/default/dso_loader.cc:49] Successfully opened dynamic library libcudart.so.11.0
2021-08-23 17:29:03.524081: I tensorflow/stream_executor/platform/default/dso_loader.cc:49] Successfully opened dynamic library libcublas.so.11
2021-08-23 17:29:03.524254: I tensorflow/stream_executor/platform/default/dso_loader.cc:49] Successfully opened dynamic library libcublasLt.so.11
2021-08-23 17:29:03.529987: I tensorflow/stream_executor/platform/default/dso_loader.cc:49] Successfully opened dynamic library libcufft.so.10
2021-08-23 17:29:03.532021: I tensorflow/stream_executor/platform/default/dso_loader.cc:49] Successfully opened dynamic library libcurand.so.10
2021-08-23 17:29:03.542056: I tensorflow/stream_executor/platform/default/dso_loader.cc:49] Successfully opened dynamic library libcusolver.so.10
2021-08-23 17:29:03.544104: I tensorflow/stream_executor/platform/default/dso_loader.cc:49] Successfully opened dynamic library libcusparse.so.11
2021-08-23 17:29:03.545413: I tensorflow/stream_executor/platform/default/dso_loader.cc:49] Successfully opened dynamic library libcudnn.so.8
2021-08-23 17:29:03.557378: I tensorflow/core/common_runtime/gpu/gpu_device.cc:1862] Adding visible gpu devices: 0
2021-08-23 17:29:03.558423: I tensorflow/core/platform/cpu_feature_guard.cc:142] This TensorFlow binary is optimized with oneAPI Deep Neural Network Library (oneDNN) to use the following CPU instructions in performance-critical operations:  AVX2 AVX512F FMA
To enable them in other operations, rebuild TensorFlow with the appropriate compiler flags.
2021-08-23 17:29:03.558887: I tensorflow/compiler/jit/xla_gpu_device.cc:99] Not creating XLA devices, tf_xla_enable_xla_devices not set
2021-08-23 17:29:03.562356: I tensorflow/core/common_runtime/gpu/gpu_device.cc:1720] Found device 0 with properties: 
pciBusID: 0000:3b:00.0 name: Tesla V100-SXM2-32GB computeCapability: 7.0
coreClock: 1.53GHz coreCount: 80 deviceMemorySize: 31.75GiB deviceMemoryBandwidth: 836.37GiB/s
2021-08-23 17:29:03.562502: I tensorflow/stream_executor/platform/default/dso_loader.cc:49] Successfully opened dynamic library libcudart.so.11.0
2021-08-23 17:29:03.562643: I tensorflow/stream_executor/platform/default/dso_loader.cc:49] Successfully opened dynamic library libcublas.so.11
2021-08-23 17:29:03.562774: I tensorflow/stream_executor/platform/default/dso_loader.cc:49] Successfully opened dynamic library libcublasLt.so.11
2021-08-23 17:29:03.562907: I tensorflow/stream_executor/platform/default/dso_loader.cc:49] Successfully opened dynamic library libcufft.so.10
2021-08-23 17:29:03.563018: I tensorflow/stream_executor/platform/default/dso_loader.cc:49] Successfully opened dynamic library libcurand.so.10
2021-08-23 17:29:03.563128: I tensorflow/stream_executor/platform/default/dso_loader.cc:49] Successfully opened dynamic library libcusolver.so.10
2021-08-23 17:29:03.563257: I tensorflow/stream_executor/platform/default/dso_loader.cc:49] Successfully opened dynamic library libcusparse.so.11
2021-08-23 17:29:03.563363: I tensorflow/stream_executor/platform/default/dso_loader.cc:49] Successfully opened dynamic library libcudnn.so.8
2021-08-23 17:29:03.610141: I tensorflow/core/common_runtime/gpu/gpu_device.cc:1862] Adding visible gpu devices: 0
2021-08-23 17:29:03.610423: I tensorflow/stream_executor/platform/default/dso_loader.cc:49] Successfully opened dynamic library libcudart.so.11.0
2021-08-23 17:29:04.691055: I tensorflow/core/common_runtime/gpu/gpu_device.cc:1261] Device interconnect StreamExecutor with strength 1 edge matrix:
2021-08-23 17:29:04.691265: I tensorflow/core/common_runtime/gpu/gpu_device.cc:1267]      0 
2021-08-23 17:29:04.691400: I tensorflow/core/common_runtime/gpu/gpu_device.cc:1280] 0:   N 
2021-08-23 17:29:04.705320: I tensorflow/core/common_runtime/gpu/gpu_device.cc:1406] Created TensorFlow device (/job:localhost/replica:0/task:0/device:GPU:0 with 30130 MB memory) -> physical GPU (device: 0, name: Tesla V100-SXM2-32GB, pci bus id: 0000:3b:00.0, compute capability: 7.0)
2021-08-23 17:29:13.730879: I tensorflow/compiler/mlir/mlir_graph_optimization_pass.cc:116] None of the MLIR optimization passes are enabled (registered 2)
2021-08-23 17:29:13.738341: I tensorflow/core/platform/profile_utils/cpu_utils.cc:112] CPU Frequency: 2100000000 Hz
2021-08-23 17:29:13.858270: I tensorflow/stream_executor/platform/default/dso_loader.cc:49] Successfully opened dynamic library libcublas.so.11
2021-08-23 17:29:14.433337: I tensorflow/stream_executor/platform/default/dso_loader.cc:49] Successfully opened dynamic library libcublasLt.so.11
2021-08-23 17:29:14.459224: I tensorflow/stream_executor/platform/default/dso_loader.cc:49] Successfully opened dynamic library libcudnn.so.8
2021-08-23 17:29:16.948975: W tensorflow/stream_executor/gpu/asm_compiler.cc:63] Running ptxas --version returned 256
2021-08-23 17:29:17.038631: W tensorflow/stream_executor/gpu/redzone_allocator.cc:314] Internal: ptxas exited with non-zero error code 256, output: 
Relying on driver to perform ptx compilation. 
Modify $PATH to customize ptxas location.
This message will be only logged once.
Training round: 1		accuracy = 0.6411594152450562
Training round: 2		accuracy = 0.6623188257217407
Training round: 3		accuracy = 0.6808695793151855
Training round: 4		accuracy = 0.6660869717597961
Training round: 5		accuracy = 0.6881159543991089
Training round: 6		accuracy = 0.705507218837738
Training round: 7		accuracy = 0.7084057927131653
Training round: 8		accuracy = 0.7081159353256226
Training round: 9		accuracy = 0.7205796837806702
Training round: 10		accuracy = 0.711884081363678
Training round: 11		accuracy = 0.7223188281059265
Training round: 12		accuracy = 0.7220289707183838
Training round: 13		accuracy = 0.7289854884147644
Training round: 14		accuracy = 0.722898542881012
Training round: 15		accuracy = 0.7356521487236023
Training round: 16		accuracy = 0.7437680959701538
Training round: 17		accuracy = 0.7240579724311829
Training round: 18		accuracy = 0.7356521487236023
Training round: 19		accuracy = 0.728405773639679
Training round: 20		accuracy = 0.6553623080253601
Training round: 21		accuracy = 0.7414492964744568
Training round: 22		accuracy = 0.7379710078239441
Training round: 23		accuracy = 0.7327536344528198
Training round: 24		accuracy = 0.7394202947616577
Training round: 25		accuracy = 0.7356521487236023
Training round: 26		accuracy = 0.733623206615448
Training round: 27		accuracy = 0.7344927787780762
Training round: 28		accuracy = 0.7310144901275635
Training round: 29		accuracy = 0.7402898669242859
Training round: 30		accuracy = 0.7434782385826111
Training round: 31		accuracy = 0.7408695816993713
Training round: 32		accuracy = 0.7414492964744568
Training round: 33		accuracy = 0.7414492964744568
Training round: 34		accuracy = 0.7428985238075256
Training round: 35		accuracy = 0.7428985238075256
Training round: 36		accuracy = 0.7434782385826111
Training round: 37		accuracy = 0.744637668132782
Training round: 38		accuracy = 0.7405797243118286
Training round: 39		accuracy = 0.7394202947616577
Training round: 40		accuracy = 0.7434782385826111
Training round: 41		accuracy = 0.7443478107452393
Training round: 42		accuracy = 0.742318868637085
Training round: 43		accuracy = 0.7469565272331238
Training round: 44		accuracy = 0.7449275255203247
Training round: 45		accuracy = 0.7411594390869141
Training round: 46		accuracy = 0.7397101521492004
Training round: 47		accuracy = 0.742318868637085
Training round: 48		accuracy = 0.7408695816993713
Training round: 49		accuracy = 0.7440579533576965
Training round: 50		accuracy = 0.7449275255203247
Training round: 51		accuracy = 0.7431883811950684
Training round: 52		accuracy = 0.7449275255203247
Training round: 53		accuracy = 0.7449275255203247
Training round: 54		accuracy = 0.7449275255203247
Training round: 55		accuracy = 0.7457970976829529
Training round: 56		accuracy = 0.7457970976829529
Training round: 57		accuracy = 0.7463768124580383
Training round: 58		accuracy = 0.7457970976829529
Training round: 59		accuracy = 0.7460869550704956
Training round: 60		accuracy = 0.7440579533576965
Training round: 61		accuracy = 0.7452173829078674
Training round: 62		accuracy = 0.746666669845581
Training round: 63		accuracy = 0.7475362420082092
Training round: 64		accuracy = 0.7460869550704956
Training round: 65		accuracy = 0.746666669845581
Training round: 66		accuracy = 0.7472463846206665
Training round: 67		accuracy = 0.750144898891449
Training round: 68		accuracy = 0.7463768124580383
Training round: 69		accuracy = 0.7469565272331238
Training round: 70		accuracy = 0.7486956715583801
Training round: 71		accuracy = 0.746666669845581
Training round: 72		accuracy = 0.7463768124580383
Training round: 73		accuracy = 0.7475362420082092
Training round: 74		accuracy = 0.746666669845581
Training round: 75		accuracy = 0.7481159567832947
Training round: 76		accuracy = 0.747826099395752
Training round: 77		accuracy = 0.7475362420082092
Training round: 78		accuracy = 0.7486956715583801
Training round: 79		accuracy = 0.7484058141708374
Training round: 80		accuracy = 0.7486956715583801
Training round: 81		accuracy = 0.7484058141708374
Training round: 82		accuracy = 0.7484058141708374
Training round: 83		accuracy = 0.7481159567832947
Training round: 84		accuracy = 0.7484058141708374
Training round: 85		accuracy = 0.7484058141708374
Training round: 86		accuracy = 0.7486956715583801
Training round: 87		accuracy = 0.7492753863334656
Training round: 88		accuracy = 0.747826099395752
Training round: 89		accuracy = 0.7484058141708374
Training round: 90		accuracy = 0.7486956715583801
Training round: 91		accuracy = 0.7492753863334656
Training round: 92		accuracy = 0.7481159567832947
Training round: 93		accuracy = 0.7492753863334656
Training round: 94		accuracy = 0.7484058141708374
Training round: 95		accuracy = 0.7484058141708374
Training round: 96		accuracy = 0.7489855289459229
Training round: 97		accuracy = 0.7481159567832947
Training round: 98		accuracy = 0.747826099395752
Training round: 99		accuracy = 0.7486956715583801
Training round: 100		accuracy = 0.7484058141708374
Training duration 5273.551265954971
