2021-08-21 22:48:13.967199: I tensorflow/stream_executor/platform/default/dso_loader.cc:49] Successfully opened dynamic library libcudart.so.11.0
2021-08-21 22:48:37.008696: I tensorflow/compiler/jit/xla_cpu_device.cc:41] Not creating XLA devices, tf_xla_enable_xla_devices not set
2021-08-21 22:48:37.014151: I tensorflow/stream_executor/platform/default/dso_loader.cc:49] Successfully opened dynamic library libcuda.so.1
2021-08-21 22:48:37.077151: I tensorflow/core/common_runtime/gpu/gpu_device.cc:1720] Found device 0 with properties: 
pciBusID: 0000:af:00.0 name: Tesla V100-SXM2-32GB computeCapability: 7.0
coreClock: 1.53GHz coreCount: 80 deviceMemorySize: 31.75GiB deviceMemoryBandwidth: 836.37GiB/s
2021-08-21 22:48:37.077810: I tensorflow/stream_executor/platform/default/dso_loader.cc:49] Successfully opened dynamic library libcudart.so.11.0
2021-08-21 22:48:37.088588: I tensorflow/stream_executor/platform/default/dso_loader.cc:49] Successfully opened dynamic library libcublas.so.11
2021-08-21 22:48:37.088776: I tensorflow/stream_executor/platform/default/dso_loader.cc:49] Successfully opened dynamic library libcublasLt.so.11
2021-08-21 22:48:37.093504: I tensorflow/stream_executor/platform/default/dso_loader.cc:49] Successfully opened dynamic library libcufft.so.10
2021-08-21 22:48:37.095747: I tensorflow/stream_executor/platform/default/dso_loader.cc:49] Successfully opened dynamic library libcurand.so.10
2021-08-21 22:48:37.102792: I tensorflow/stream_executor/platform/default/dso_loader.cc:49] Successfully opened dynamic library libcusolver.so.10
2021-08-21 22:48:37.104638: I tensorflow/stream_executor/platform/default/dso_loader.cc:49] Successfully opened dynamic library libcusparse.so.11
2021-08-21 22:48:37.105266: I tensorflow/stream_executor/platform/default/dso_loader.cc:49] Successfully opened dynamic library libcudnn.so.8
2021-08-21 22:48:37.111074: I tensorflow/core/common_runtime/gpu/gpu_device.cc:1862] Adding visible gpu devices: 0
2021-08-21 22:48:37.114775: I tensorflow/core/platform/cpu_feature_guard.cc:142] This TensorFlow binary is optimized with oneAPI Deep Neural Network Library (oneDNN) to use the following CPU instructions in performance-critical operations:  AVX2 AVX512F FMA
To enable them in other operations, rebuild TensorFlow with the appropriate compiler flags.
2021-08-21 22:48:37.115124: I tensorflow/compiler/jit/xla_gpu_device.cc:99] Not creating XLA devices, tf_xla_enable_xla_devices not set
2021-08-21 22:48:37.117534: I tensorflow/core/common_runtime/gpu/gpu_device.cc:1720] Found device 0 with properties: 
pciBusID: 0000:af:00.0 name: Tesla V100-SXM2-32GB computeCapability: 7.0
coreClock: 1.53GHz coreCount: 80 deviceMemorySize: 31.75GiB deviceMemoryBandwidth: 836.37GiB/s
2021-08-21 22:48:37.117617: I tensorflow/stream_executor/platform/default/dso_loader.cc:49] Successfully opened dynamic library libcudart.so.11.0
2021-08-21 22:48:37.117735: I tensorflow/stream_executor/platform/default/dso_loader.cc:49] Successfully opened dynamic library libcublas.so.11
2021-08-21 22:48:37.117784: I tensorflow/stream_executor/platform/default/dso_loader.cc:49] Successfully opened dynamic library libcublasLt.so.11
2021-08-21 22:48:37.117832: I tensorflow/stream_executor/platform/default/dso_loader.cc:49] Successfully opened dynamic library libcufft.so.10
2021-08-21 22:48:37.117947: I tensorflow/stream_executor/platform/default/dso_loader.cc:49] Successfully opened dynamic library libcurand.so.10
2021-08-21 22:48:37.118047: I tensorflow/stream_executor/platform/default/dso_loader.cc:49] Successfully opened dynamic library libcusolver.so.10
2021-08-21 22:48:37.118101: I tensorflow/stream_executor/platform/default/dso_loader.cc:49] Successfully opened dynamic library libcusparse.so.11
2021-08-21 22:48:37.118210: I tensorflow/stream_executor/platform/default/dso_loader.cc:49] Successfully opened dynamic library libcudnn.so.8
2021-08-21 22:48:37.122780: I tensorflow/core/common_runtime/gpu/gpu_device.cc:1862] Adding visible gpu devices: 0
2021-08-21 22:48:37.122928: I tensorflow/stream_executor/platform/default/dso_loader.cc:49] Successfully opened dynamic library libcudart.so.11.0
2021-08-21 22:48:38.471442: I tensorflow/core/common_runtime/gpu/gpu_device.cc:1261] Device interconnect StreamExecutor with strength 1 edge matrix:
2021-08-21 22:48:38.471614: I tensorflow/core/common_runtime/gpu/gpu_device.cc:1267]      0 
2021-08-21 22:48:38.471707: I tensorflow/core/common_runtime/gpu/gpu_device.cc:1280] 0:   N 
2021-08-21 22:48:38.482393: I tensorflow/core/common_runtime/gpu/gpu_device.cc:1406] Created TensorFlow device (/job:localhost/replica:0/task:0/device:GPU:0 with 30130 MB memory) -> physical GPU (device: 0, name: Tesla V100-SXM2-32GB, pci bus id: 0000:af:00.0, compute capability: 7.0)
2021-08-21 22:48:48.292599: I tensorflow/compiler/mlir/mlir_graph_optimization_pass.cc:116] None of the MLIR optimization passes are enabled (registered 2)
2021-08-21 22:48:48.302663: I tensorflow/core/platform/profile_utils/cpu_utils.cc:112] CPU Frequency: 2100000000 Hz
2021-08-21 22:48:48.448957: I tensorflow/stream_executor/platform/default/dso_loader.cc:49] Successfully opened dynamic library libcublas.so.11
2021-08-21 22:48:48.966180: I tensorflow/stream_executor/platform/default/dso_loader.cc:49] Successfully opened dynamic library libcublasLt.so.11
2021-08-21 22:48:48.974864: I tensorflow/stream_executor/platform/default/dso_loader.cc:49] Successfully opened dynamic library libcudnn.so.8
2021-08-21 22:48:51.319926: W tensorflow/stream_executor/gpu/asm_compiler.cc:63] Running ptxas --version returned 256
2021-08-21 22:48:51.413614: W tensorflow/stream_executor/gpu/redzone_allocator.cc:314] Internal: ptxas exited with non-zero error code 256, output: 
Relying on driver to perform ptx compilation. 
Modify $PATH to customize ptxas location.
This message will be only logged once.
OverlapMutator started.
OverlapMutator finished.
Training round: 1		accuracy = 0.5701449513435364
Training round: 2		accuracy = 0.5255072712898254
Training round: 3		accuracy = 0.5965217351913452
Training round: 4		accuracy = 0.5733333230018616
Training round: 5		accuracy = 0.5084058046340942
Training round: 6		accuracy = 0.566376805305481
Training round: 7		accuracy = 0.5834782719612122
Training round: 8		accuracy = 0.5637680888175964
Training round: 9		accuracy = 0.5765217542648315
Training round: 10		accuracy = 0.609855055809021
Training round: 11		accuracy = 0.5895652174949646
Training round: 12		accuracy = 0.5791304111480713
Training round: 13		accuracy = 0.573913037776947
Training round: 14		accuracy = 0.604347825050354
Training round: 15		accuracy = 0.6107246279716492
Training round: 16		accuracy = 0.6127536296844482
Training round: 17		accuracy = 0.579420268535614
Training round: 18		accuracy = 0.5979710221290588
Training round: 19		accuracy = 0.5669565200805664
Training round: 20		accuracy = 0.6266666650772095
Training round: 21		accuracy = 0.5924637913703918
Training round: 22		accuracy = 0.6257970929145813
Training round: 23		accuracy = 0.5660869479179382
Training round: 24		accuracy = 0.579420268535614
Training round: 25		accuracy = 0.5747826099395752
Training round: 26		accuracy = 0.5672463774681091
Training round: 27		accuracy = 0.5846377015113831
Training round: 28		accuracy = 0.582608699798584
Training round: 29		accuracy = 0.5681159496307373
Training round: 30		accuracy = 0.5397101640701294
Training round: 31		accuracy = 0.5828985571861267
Training round: 32		accuracy = 0.5652173757553101
Training round: 33		accuracy = 0.5860869288444519
Training round: 34		accuracy = 0.5820289850234985
Training round: 35		accuracy = 0.539130449295044
Training round: 36		accuracy = 0.5388405919075012
Training round: 37		accuracy = 0.5533333420753479
Training round: 38		accuracy = 0.5672463774681091
Training round: 39		accuracy = 0.5501449108123779
Training round: 40		accuracy = 0.5460869669914246
Training round: 41		accuracy = 0.5907246470451355
Training round: 42		accuracy = 0.5524637699127197
Training round: 43		accuracy = 0.5446376800537109
Training round: 44		accuracy = 0.5226086974143982
Training round: 45		accuracy = 0.5330435037612915
Training round: 46		accuracy = 0.5150724649429321
Training round: 47		accuracy = 0.5539130568504333
Training round: 48		accuracy = 0.5730434656143188
Training round: 49		accuracy = 0.5423188209533691
Training round: 50		accuracy = 0.5823188424110413
Training round: 51		accuracy = 0.5486956238746643
Training round: 52		accuracy = 0.5971014499664307
Training round: 53		accuracy = 0.5759420394897461
Training round: 54		accuracy = 0.548985481262207
Training round: 55		accuracy = 0.5518840551376343
Training round: 56		accuracy = 0.5353623032569885
Training round: 57		accuracy = 0.5475362539291382
Training round: 58		accuracy = 0.5469565391540527
Training round: 59		accuracy = 0.5452173948287964
Training round: 60		accuracy = 0.5762318968772888
Training round: 61		accuracy = 0.541449248790741
Training round: 62		accuracy = 0.557681143283844
Training round: 63		accuracy = 0.5327536463737488
Training round: 64		accuracy = 0.5237681269645691
Training round: 65		accuracy = 0.5637680888175964
Training round: 66		accuracy = 0.5426086783409119
Training round: 67		accuracy = 0.5655072331428528
Training round: 68		accuracy = 0.5373913049697876
Training round: 69		accuracy = 0.5626087188720703
Training round: 70		accuracy = 0.5742028951644897
Training round: 71		accuracy = 0.5649275183677673
Training round: 72		accuracy = 0.527246356010437
Training round: 73		accuracy = 0.5547826290130615
Training round: 74		accuracy = 0.5292753577232361
Training round: 75		accuracy = 0.5315942168235779
Training round: 76		accuracy = 0.532463788986206
Training round: 77		accuracy = 0.5507246255874634
Training round: 78		accuracy = 0.5411593914031982
Training round: 79		accuracy = 0.5457971096038818
Training round: 80		accuracy = 0.5591304302215576
Training round: 81		accuracy = 0.5591304302215576
Training round: 82		accuracy = 0.5408695936203003
Training round: 83		accuracy = 0.5289855003356934
Training round: 84		accuracy = 0.5602898597717285
Training round: 85		accuracy = 0.5637680888175964
Training round: 86		accuracy = 0.5533333420753479
Training round: 87		accuracy = 0.5562318563461304
Training round: 88		accuracy = 0.4828985631465912
Training round: 89		accuracy = 0.5356521606445312
Training round: 90		accuracy = 0.5460869669914246
Training round: 91		accuracy = 0.5501449108123779
Training round: 92		accuracy = 0.5605797171592712
Training round: 93		accuracy = 0.5623188614845276
Training round: 94		accuracy = 0.5095652341842651
Training round: 95		accuracy = 0.539130449295044
Training round: 96		accuracy = 0.5597101449966431
Training round: 97		accuracy = 0.555362343788147
Training round: 98		accuracy = 0.5501449108123779
Training round: 99		accuracy = 0.562898576259613
Training round: 100		accuracy = 0.52173912525177
Training duration 6395.75994348526
