2021-08-22 12:20:28.464051: I tensorflow/stream_executor/platform/default/dso_loader.cc:49] Successfully opened dynamic library libcudart.so.11.0
2021-08-22 12:21:08.998400: I tensorflow/compiler/jit/xla_cpu_device.cc:41] Not creating XLA devices, tf_xla_enable_xla_devices not set
2021-08-22 12:21:09.177634: I tensorflow/stream_executor/platform/default/dso_loader.cc:49] Successfully opened dynamic library libcuda.so.1
2021-08-22 12:21:09.222937: I tensorflow/core/common_runtime/gpu/gpu_device.cc:1720] Found device 0 with properties: 
pciBusID: 0000:04:00.0 name: Tesla P100-PCIE-12GB computeCapability: 6.0
coreClock: 1.3285GHz coreCount: 56 deviceMemorySize: 11.91GiB deviceMemoryBandwidth: 511.41GiB/s
2021-08-22 12:21:09.223476: I tensorflow/stream_executor/platform/default/dso_loader.cc:49] Successfully opened dynamic library libcudart.so.11.0
2021-08-22 12:21:09.236323: I tensorflow/stream_executor/platform/default/dso_loader.cc:49] Successfully opened dynamic library libcublas.so.11
2021-08-22 12:21:09.236501: I tensorflow/stream_executor/platform/default/dso_loader.cc:49] Successfully opened dynamic library libcublasLt.so.11
2021-08-22 12:21:09.242659: I tensorflow/stream_executor/platform/default/dso_loader.cc:49] Successfully opened dynamic library libcufft.so.10
2021-08-22 12:21:09.245483: I tensorflow/stream_executor/platform/default/dso_loader.cc:49] Successfully opened dynamic library libcurand.so.10
2021-08-22 12:21:09.254367: I tensorflow/stream_executor/platform/default/dso_loader.cc:49] Successfully opened dynamic library libcusolver.so.10
2021-08-22 12:21:09.256856: I tensorflow/stream_executor/platform/default/dso_loader.cc:49] Successfully opened dynamic library libcusparse.so.11
2021-08-22 12:21:09.257802: I tensorflow/stream_executor/platform/default/dso_loader.cc:49] Successfully opened dynamic library libcudnn.so.8
2021-08-22 12:21:09.260825: I tensorflow/core/common_runtime/gpu/gpu_device.cc:1862] Adding visible gpu devices: 0
2021-08-22 12:21:09.272840: I tensorflow/core/platform/cpu_feature_guard.cc:142] This TensorFlow binary is optimized with oneAPI Deep Neural Network Library (oneDNN) to use the following CPU instructions in performance-critical operations:  AVX2 FMA
To enable them in other operations, rebuild TensorFlow with the appropriate compiler flags.
2021-08-22 12:21:09.273350: I tensorflow/compiler/jit/xla_gpu_device.cc:99] Not creating XLA devices, tf_xla_enable_xla_devices not set
2021-08-22 12:21:09.274987: I tensorflow/core/common_runtime/gpu/gpu_device.cc:1720] Found device 0 with properties: 
pciBusID: 0000:04:00.0 name: Tesla P100-PCIE-12GB computeCapability: 6.0
coreClock: 1.3285GHz coreCount: 56 deviceMemorySize: 11.91GiB deviceMemoryBandwidth: 511.41GiB/s
2021-08-22 12:21:09.275127: I tensorflow/stream_executor/platform/default/dso_loader.cc:49] Successfully opened dynamic library libcudart.so.11.0
2021-08-22 12:21:09.275249: I tensorflow/stream_executor/platform/default/dso_loader.cc:49] Successfully opened dynamic library libcublas.so.11
2021-08-22 12:21:09.275378: I tensorflow/stream_executor/platform/default/dso_loader.cc:49] Successfully opened dynamic library libcublasLt.so.11
2021-08-22 12:21:09.275506: I tensorflow/stream_executor/platform/default/dso_loader.cc:49] Successfully opened dynamic library libcufft.so.10
2021-08-22 12:21:09.275641: I tensorflow/stream_executor/platform/default/dso_loader.cc:49] Successfully opened dynamic library libcurand.so.10
2021-08-22 12:21:09.275759: I tensorflow/stream_executor/platform/default/dso_loader.cc:49] Successfully opened dynamic library libcusolver.so.10
2021-08-22 12:21:09.275883: I tensorflow/stream_executor/platform/default/dso_loader.cc:49] Successfully opened dynamic library libcusparse.so.11
2021-08-22 12:21:09.275999: I tensorflow/stream_executor/platform/default/dso_loader.cc:49] Successfully opened dynamic library libcudnn.so.8
2021-08-22 12:21:09.278964: I tensorflow/core/common_runtime/gpu/gpu_device.cc:1862] Adding visible gpu devices: 0
2021-08-22 12:21:09.279132: I tensorflow/stream_executor/platform/default/dso_loader.cc:49] Successfully opened dynamic library libcudart.so.11.0
2021-08-22 12:21:10.749972: I tensorflow/core/common_runtime/gpu/gpu_device.cc:1261] Device interconnect StreamExecutor with strength 1 edge matrix:
2021-08-22 12:21:10.750125: I tensorflow/core/common_runtime/gpu/gpu_device.cc:1267]      0 
2021-08-22 12:21:10.750240: I tensorflow/core/common_runtime/gpu/gpu_device.cc:1280] 0:   N 
2021-08-22 12:21:10.756477: I tensorflow/core/common_runtime/gpu/gpu_device.cc:1406] Created TensorFlow device (/job:localhost/replica:0/task:0/device:GPU:0 with 11119 MB memory) -> physical GPU (device: 0, name: Tesla P100-PCIE-12GB, pci bus id: 0000:04:00.0, compute capability: 6.0)
2021-08-22 12:21:23.480740: I tensorflow/compiler/mlir/mlir_graph_optimization_pass.cc:116] None of the MLIR optimization passes are enabled (registered 2)
2021-08-22 12:21:23.484541: I tensorflow/core/platform/profile_utils/cpu_utils.cc:112] CPU Frequency: 2199750000 Hz
2021-08-22 12:21:23.571077: I tensorflow/stream_executor/platform/default/dso_loader.cc:49] Successfully opened dynamic library libcublas.so.11
2021-08-22 12:21:23.943264: I tensorflow/stream_executor/platform/default/dso_loader.cc:49] Successfully opened dynamic library libcublasLt.so.11
2021-08-22 12:21:23.953738: I tensorflow/stream_executor/platform/default/dso_loader.cc:49] Successfully opened dynamic library libcudnn.so.8
2021-08-22 12:21:26.118159: W tensorflow/stream_executor/gpu/asm_compiler.cc:63] Running ptxas --version returned 256
2021-08-22 12:21:26.594854: W tensorflow/stream_executor/gpu/redzone_allocator.cc:314] Internal: ptxas exited with non-zero error code 256, output: 
Relying on driver to perform ptx compilation. 
Modify $PATH to customize ptxas location.
This message will be only logged once.
LabelAttacker started.
LabelAttacker finished.
Training round: 1		accuracy = 0.46000000834465027
Training round: 2		accuracy = 0.4252173900604248
Training round: 3		accuracy = 0.35768115520477295
Training round: 4		accuracy = 0.3663768172264099
Training round: 5		accuracy = 0.6365217566490173
Training round: 6		accuracy = 0.5953623056411743
Training round: 7		accuracy = 0.6034782528877258
Training round: 8		accuracy = 0.6405797004699707
Training round: 9		accuracy = 0.6324637532234192
Training round: 10		accuracy = 0.5866666436195374
Training round: 11		accuracy = 0.6162318587303162
Training round: 12		accuracy = 0.5982608795166016
Training round: 13		accuracy = 0.5968115925788879
Training round: 14		accuracy = 0.5991304516792297
Training round: 15		accuracy = 0.6023188233375549
Training round: 16		accuracy = 0.6031883955001831
Training round: 17		accuracy = 0.5982608795166016
Training round: 18		accuracy = 0.6104347705841064
Training round: 19		accuracy = 0.6066666841506958
Training round: 20		accuracy = 0.6028985381126404
Training round: 21		accuracy = 0.6084057688713074
Training round: 22		accuracy = 0.6066666841506958
Training round: 23		accuracy = 0.6026086807250977
Training round: 24		accuracy = 0.6081159710884094
Training round: 25		accuracy = 0.607536256313324
Training round: 26		accuracy = 0.6089854836463928
Training round: 27		accuracy = 0.6072463989257812
Training round: 28		accuracy = 0.6078261137008667
Training round: 29		accuracy = 0.6081159710884094
Training round: 30		accuracy = 0.6078261137008667
Training round: 31		accuracy = 0.6078261137008667
Training round: 32		accuracy = 0.607536256313324
Training round: 33		accuracy = 0.6052173972129822
Training round: 34		accuracy = 0.601159393787384
Training round: 35		accuracy = 0.6115942001342773
Training round: 36		accuracy = 0.6078261137008667
Training round: 37		accuracy = 0.6081159710884094
Training round: 38		accuracy = 0.6072463989257812
Training round: 39		accuracy = 0.604347825050354
Training round: 40		accuracy = 0.6086956262588501
Training round: 41		accuracy = 0.6078261137008667
Training round: 42		accuracy = 0.6057971119880676
Training round: 43		accuracy = 0.6101449131965637
Training round: 44		accuracy = 0.6063768267631531
Training round: 45		accuracy = 0.6040579676628113
Training round: 46		accuracy = 0.6110144853591919
Training round: 47		accuracy = 0.6049275398254395
Training round: 48		accuracy = 0.6055072546005249
Training round: 49		accuracy = 0.6055072546005249
Training round: 50		accuracy = 0.6063768267631531
Training round: 51		accuracy = 0.6069565415382385
Training round: 52		accuracy = 0.609855055809021
Training round: 53		accuracy = 0.6063768267631531
Training round: 54		accuracy = 0.609855055809021
Training round: 55		accuracy = 0.6066666841506958
Training round: 56		accuracy = 0.6092753410339355
Training round: 57		accuracy = 0.607536256313324
Training round: 58		accuracy = 0.609855055809021
Training round: 59		accuracy = 0.6118840575218201
Training round: 60		accuracy = 0.6095651984214783
Training round: 61		accuracy = 0.6069565415382385
Training round: 62		accuracy = 0.6121739149093628
Training round: 63		accuracy = 0.6110144853591919
Training round: 64		accuracy = 0.6118840575218201
Training round: 65		accuracy = 0.6095651984214783
Training round: 66		accuracy = 0.6081159710884094
Training round: 67		accuracy = 0.6086956262588501
Training round: 68		accuracy = 0.6142029166221619
Training round: 69		accuracy = 0.6136232018470764
Training round: 70		accuracy = 0.6115942001342773
Training round: 71		accuracy = 0.6133333444595337
Training round: 72		accuracy = 0.6095651984214783
Training round: 73		accuracy = 0.6136232018470764
Training round: 74		accuracy = 0.6121739149093628
Training round: 75		accuracy = 0.6144927740097046
Training round: 76		accuracy = 0.6127536296844482
Training round: 77		accuracy = 0.6127536296844482
Training round: 78		accuracy = 0.613043487071991
Training round: 79		accuracy = 0.6133333444595337
Training round: 80		accuracy = 0.6113043427467346
Training round: 81		accuracy = 0.6133333444595337
Training round: 82		accuracy = 0.6127536296844482
Training round: 83		accuracy = 0.6142029166221619
Training round: 84		accuracy = 0.6133333444595337
Training round: 85		accuracy = 0.6121739149093628
Training round: 86		accuracy = 0.61507248878479
Training round: 87		accuracy = 0.6147826313972473
Training round: 88		accuracy = 0.613043487071991
Training round: 89		accuracy = 0.6156522035598755
Training round: 90		accuracy = 0.6133333444595337
Training round: 91		accuracy = 0.6162318587303162
Training round: 92		accuracy = 0.6142029166221619
Training round: 93		accuracy = 0.6156522035598755
Training round: 94		accuracy = 0.6153623461723328
Training round: 95		accuracy = 0.6147826313972473
Training round: 96		accuracy = 0.6124637722969055
Training round: 97		accuracy = 0.61507248878479
Training round: 98		accuracy = 0.6153623461723328
Training round: 99		accuracy = 0.6159420013427734
Training round: 100		accuracy = 0.6165217161178589
Training duration 8824.09123635292
