2021-08-23 16:24:08.443857: I tensorflow/stream_executor/platform/default/dso_loader.cc:49] Successfully opened dynamic library libcudart.so.11.0
2021-08-23 16:24:40.449130: I tensorflow/compiler/jit/xla_cpu_device.cc:41] Not creating XLA devices, tf_xla_enable_xla_devices not set
2021-08-23 16:24:40.457031: I tensorflow/stream_executor/platform/default/dso_loader.cc:49] Successfully opened dynamic library libcuda.so.1
2021-08-23 16:24:40.525054: I tensorflow/core/common_runtime/gpu/gpu_device.cc:1720] Found device 0 with properties: 
pciBusID: 0000:86:00.0 name: Tesla V100-SXM2-32GB computeCapability: 7.0
coreClock: 1.53GHz coreCount: 80 deviceMemorySize: 31.75GiB deviceMemoryBandwidth: 836.37GiB/s
2021-08-23 16:24:40.525752: I tensorflow/stream_executor/platform/default/dso_loader.cc:49] Successfully opened dynamic library libcudart.so.11.0
2021-08-23 16:24:40.536051: I tensorflow/stream_executor/platform/default/dso_loader.cc:49] Successfully opened dynamic library libcublas.so.11
2021-08-23 16:24:40.536182: I tensorflow/stream_executor/platform/default/dso_loader.cc:49] Successfully opened dynamic library libcublasLt.so.11
2021-08-23 16:24:40.542126: I tensorflow/stream_executor/platform/default/dso_loader.cc:49] Successfully opened dynamic library libcufft.so.10
2021-08-23 16:24:40.545283: I tensorflow/stream_executor/platform/default/dso_loader.cc:49] Successfully opened dynamic library libcurand.so.10
2021-08-23 16:24:40.553853: I tensorflow/stream_executor/platform/default/dso_loader.cc:49] Successfully opened dynamic library libcusolver.so.10
2021-08-23 16:24:40.556242: I tensorflow/stream_executor/platform/default/dso_loader.cc:49] Successfully opened dynamic library libcusparse.so.11
2021-08-23 16:24:40.557214: I tensorflow/stream_executor/platform/default/dso_loader.cc:49] Successfully opened dynamic library libcudnn.so.8
2021-08-23 16:24:40.566697: I tensorflow/core/common_runtime/gpu/gpu_device.cc:1862] Adding visible gpu devices: 0
2021-08-23 16:24:40.572006: I tensorflow/core/platform/cpu_feature_guard.cc:142] This TensorFlow binary is optimized with oneAPI Deep Neural Network Library (oneDNN) to use the following CPU instructions in performance-critical operations:  AVX2 AVX512F FMA
To enable them in other operations, rebuild TensorFlow with the appropriate compiler flags.
2021-08-23 16:24:40.572431: I tensorflow/compiler/jit/xla_gpu_device.cc:99] Not creating XLA devices, tf_xla_enable_xla_devices not set
2021-08-23 16:24:40.575397: I tensorflow/core/common_runtime/gpu/gpu_device.cc:1720] Found device 0 with properties: 
pciBusID: 0000:86:00.0 name: Tesla V100-SXM2-32GB computeCapability: 7.0
coreClock: 1.53GHz coreCount: 80 deviceMemorySize: 31.75GiB deviceMemoryBandwidth: 836.37GiB/s
2021-08-23 16:24:40.575536: I tensorflow/stream_executor/platform/default/dso_loader.cc:49] Successfully opened dynamic library libcudart.so.11.0
2021-08-23 16:24:40.575664: I tensorflow/stream_executor/platform/default/dso_loader.cc:49] Successfully opened dynamic library libcublas.so.11
2021-08-23 16:24:40.575781: I tensorflow/stream_executor/platform/default/dso_loader.cc:49] Successfully opened dynamic library libcublasLt.so.11
2021-08-23 16:24:40.575902: I tensorflow/stream_executor/platform/default/dso_loader.cc:49] Successfully opened dynamic library libcufft.so.10
2021-08-23 16:24:40.575962: I tensorflow/stream_executor/platform/default/dso_loader.cc:49] Successfully opened dynamic library libcurand.so.10
2021-08-23 16:24:40.576016: I tensorflow/stream_executor/platform/default/dso_loader.cc:49] Successfully opened dynamic library libcusolver.so.10
2021-08-23 16:24:40.576137: I tensorflow/stream_executor/platform/default/dso_loader.cc:49] Successfully opened dynamic library libcusparse.so.11
2021-08-23 16:24:40.576187: I tensorflow/stream_executor/platform/default/dso_loader.cc:49] Successfully opened dynamic library libcudnn.so.8
2021-08-23 16:24:40.581846: I tensorflow/core/common_runtime/gpu/gpu_device.cc:1862] Adding visible gpu devices: 0
2021-08-23 16:24:40.581970: I tensorflow/stream_executor/platform/default/dso_loader.cc:49] Successfully opened dynamic library libcudart.so.11.0
2021-08-23 16:24:41.858788: I tensorflow/core/common_runtime/gpu/gpu_device.cc:1261] Device interconnect StreamExecutor with strength 1 edge matrix:
2021-08-23 16:24:41.858952: I tensorflow/core/common_runtime/gpu/gpu_device.cc:1267]      0 
2021-08-23 16:24:41.859041: I tensorflow/core/common_runtime/gpu/gpu_device.cc:1280] 0:   N 
2021-08-23 16:24:41.869240: I tensorflow/core/common_runtime/gpu/gpu_device.cc:1406] Created TensorFlow device (/job:localhost/replica:0/task:0/device:GPU:0 with 30130 MB memory) -> physical GPU (device: 0, name: Tesla V100-SXM2-32GB, pci bus id: 0000:86:00.0, compute capability: 7.0)
2021-08-23 16:24:53.230632: I tensorflow/compiler/mlir/mlir_graph_optimization_pass.cc:116] None of the MLIR optimization passes are enabled (registered 2)
2021-08-23 16:24:53.234658: I tensorflow/core/platform/profile_utils/cpu_utils.cc:112] CPU Frequency: 2100000000 Hz
2021-08-23 16:24:53.330187: I tensorflow/stream_executor/platform/default/dso_loader.cc:49] Successfully opened dynamic library libcublas.so.11
2021-08-23 16:24:53.872171: I tensorflow/stream_executor/platform/default/dso_loader.cc:49] Successfully opened dynamic library libcublasLt.so.11
2021-08-23 16:24:53.882672: I tensorflow/stream_executor/platform/default/dso_loader.cc:49] Successfully opened dynamic library libcudnn.so.8
2021-08-23 16:24:56.296043: W tensorflow/stream_executor/gpu/asm_compiler.cc:63] Running ptxas --version returned 256
2021-08-23 16:24:56.376728: W tensorflow/stream_executor/gpu/redzone_allocator.cc:314] Internal: ptxas exited with non-zero error code 256, output: 
Relying on driver to perform ptx compilation. 
Modify $PATH to customize ptxas location.
This message will be only logged once.
OverlapMutator started.
OverlapMutator finished.
Training round: 1		accuracy = 0.46434783935546875
Training round: 2		accuracy = 0.4376811683177948
Training round: 3		accuracy = 0.4556521773338318
Training round: 4		accuracy = 0.4863768219947815
Training round: 5		accuracy = 0.4637681245803833
Training round: 6		accuracy = 0.5208695530891418
Training round: 7		accuracy = 0.5527536273002625
Training round: 8		accuracy = 0.539130449295044
Training round: 9		accuracy = 0.5530434846878052
Training round: 10		accuracy = 0.5515941977500916
Training round: 11		accuracy = 0.5884057879447937
Training round: 12		accuracy = 0.5811594128608704
Training round: 13		accuracy = 0.607536256313324
Training round: 14		accuracy = 0.5837681293487549
Training round: 15		accuracy = 0.5173913240432739
Training round: 16		accuracy = 0.5478261113166809
Training round: 17		accuracy = 0.5875362157821655
Training round: 18		accuracy = 0.5904347896575928
Training round: 19		accuracy = 0.579420268535614
Training round: 20		accuracy = 0.6252173781394958
Training round: 21		accuracy = 0.5776811838150024
Training round: 22		accuracy = 0.582608699798584
Training round: 23		accuracy = 0.5892753601074219
Training round: 24		accuracy = 0.5997101664543152
Training round: 25		accuracy = 0.5950724482536316
Training round: 26		accuracy = 0.6281159520149231
Training round: 27		accuracy = 0.5962318778038025
Training round: 28		accuracy = 0.5924637913703918
Training round: 29		accuracy = 0.6101449131965637
Training round: 30		accuracy = 0.6411594152450562
Training round: 31		accuracy = 0.6057971119880676
Training round: 32		accuracy = 0.5953623056411743
Training round: 33		accuracy = 0.6246376633644104
Training round: 34		accuracy = 0.6411594152450562
Training round: 35		accuracy = 0.6295652389526367
Training round: 36		accuracy = 0.6243478059768677
Training round: 37		accuracy = 0.6197101473808289
Training round: 38		accuracy = 0.6313043236732483
Training round: 39		accuracy = 0.6542028784751892
Training round: 40		accuracy = 0.6382608413696289
Training round: 41		accuracy = 0.670724630355835
Training round: 42		accuracy = 0.6585507392883301
Training round: 43		accuracy = 0.6605796813964844
Training round: 44		accuracy = 0.5698550939559937
Training round: 45		accuracy = 0.6623188257217407
Training round: 46		accuracy = 0.6501449346542358
Training round: 47		accuracy = 0.6591304540634155
Training round: 48		accuracy = 0.6686956286430359
Training round: 49		accuracy = 0.6828985214233398
Training round: 50		accuracy = 0.6866666674613953
Training round: 51		accuracy = 0.6657971143722534
Training round: 52		accuracy = 0.6831883788108826
Training round: 53		accuracy = 0.6794202923774719
Training round: 54		accuracy = 0.7182608842849731
Training round: 55		accuracy = 0.6805797219276428
Training round: 56		accuracy = 0.6904347538948059
Training round: 57		accuracy = 0.6921738982200623
Training round: 58		accuracy = 0.6921738982200623
Training round: 59		accuracy = 0.6840579509735107
Training round: 60		accuracy = 0.6895652413368225
Training round: 61		accuracy = 0.6936231851577759
Training round: 62		accuracy = 0.6991304159164429
Training round: 63		accuracy = 0.705507218837738
Training round: 64		accuracy = 0.7127535939216614
Training round: 65		accuracy = 0.7052174210548401
Training round: 66		accuracy = 0.7084057927131653
Training round: 67		accuracy = 0.711884081363678
Training round: 68		accuracy = 0.6988405585289001
Training round: 69		accuracy = 0.7113043665885925
Training round: 70		accuracy = 0.6942028999328613
Training round: 71		accuracy = 0.7133333086967468
Training round: 72		accuracy = 0.7057970762252808
Training round: 73		accuracy = 0.7121739387512207
Training round: 74		accuracy = 0.7127535939216614
Training round: 75		accuracy = 0.7226086854934692
Training round: 76		accuracy = 0.7049275636672974
Training round: 77		accuracy = 0.7066666483879089
Training round: 78		accuracy = 0.7185507416725159
Training round: 79		accuracy = 0.7185507416725159
Training round: 80		accuracy = 0.7165217399597168
Training round: 81		accuracy = 0.7147825956344604
Training round: 82		accuracy = 0.7127535939216614
Training round: 83		accuracy = 0.7176811695098877
Training round: 84		accuracy = 0.7191304564476013
Training round: 85		accuracy = 0.7147825956344604
Training round: 86		accuracy = 0.7127535939216614
Training round: 87		accuracy = 0.719420313835144
Training round: 88		accuracy = 0.7165217399597168
Training round: 89		accuracy = 0.7188405990600586
Training round: 90		accuracy = 0.7168115973472595
Training round: 91		accuracy = 0.7324637770652771
Training round: 92		accuracy = 0.7226086854934692
Training round: 93		accuracy = 0.7200000286102295
Training round: 94		accuracy = 0.7153623104095459
Training round: 95		accuracy = 0.7162318825721741
Training round: 96		accuracy = 0.7124637961387634
Training round: 97		accuracy = 0.7144927382469177
Training round: 98		accuracy = 0.7234782576560974
Training round: 99		accuracy = 0.7324637770652771
Training round: 100		accuracy = 0.724927544593811
Training duration 6443.3768010139465
