2021-08-13 11:42:05.152392: I tensorflow/stream_executor/platform/default/dso_loader.cc:49] Successfully opened dynamic library libcudart.so.11.0
2021-08-13 11:42:27.860849: I tensorflow/compiler/jit/xla_cpu_device.cc:41] Not creating XLA devices, tf_xla_enable_xla_devices not set
2021-08-13 11:42:27.863047: I tensorflow/stream_executor/platform/default/dso_loader.cc:49] Successfully opened dynamic library libcuda.so.1
2021-08-13 11:42:27.911590: I tensorflow/core/common_runtime/gpu/gpu_device.cc:1720] Found device 0 with properties: 
pciBusID: 0000:af:00.0 name: Tesla V100-SXM2-32GB computeCapability: 7.0
coreClock: 1.53GHz coreCount: 80 deviceMemorySize: 31.75GiB deviceMemoryBandwidth: 836.37GiB/s
2021-08-13 11:42:27.911745: I tensorflow/stream_executor/platform/default/dso_loader.cc:49] Successfully opened dynamic library libcudart.so.11.0
2021-08-13 11:42:27.921107: I tensorflow/stream_executor/platform/default/dso_loader.cc:49] Successfully opened dynamic library libcublas.so.11
2021-08-13 11:42:27.921238: I tensorflow/stream_executor/platform/default/dso_loader.cc:49] Successfully opened dynamic library libcublasLt.so.11
2021-08-13 11:42:27.925944: I tensorflow/stream_executor/platform/default/dso_loader.cc:49] Successfully opened dynamic library libcufft.so.10
2021-08-13 11:42:27.927778: I tensorflow/stream_executor/platform/default/dso_loader.cc:49] Successfully opened dynamic library libcurand.so.10
2021-08-13 11:42:27.935110: I tensorflow/stream_executor/platform/default/dso_loader.cc:49] Successfully opened dynamic library libcusolver.so.10
2021-08-13 11:42:27.936831: I tensorflow/stream_executor/platform/default/dso_loader.cc:49] Successfully opened dynamic library libcusparse.so.11
2021-08-13 11:42:27.937347: I tensorflow/stream_executor/platform/default/dso_loader.cc:49] Successfully opened dynamic library libcudnn.so.8
2021-08-13 11:42:27.942063: I tensorflow/core/common_runtime/gpu/gpu_device.cc:1862] Adding visible gpu devices: 0
2021-08-13 11:42:27.942780: I tensorflow/core/platform/cpu_feature_guard.cc:142] This TensorFlow binary is optimized with oneAPI Deep Neural Network Library (oneDNN) to use the following CPU instructions in performance-critical operations:  AVX2 AVX512F FMA
To enable them in other operations, rebuild TensorFlow with the appropriate compiler flags.
2021-08-13 11:42:27.943080: I tensorflow/compiler/jit/xla_gpu_device.cc:99] Not creating XLA devices, tf_xla_enable_xla_devices not set
2021-08-13 11:42:27.952775: I tensorflow/core/common_runtime/gpu/gpu_device.cc:1720] Found device 0 with properties: 
pciBusID: 0000:af:00.0 name: Tesla V100-SXM2-32GB computeCapability: 7.0
coreClock: 1.53GHz coreCount: 80 deviceMemorySize: 31.75GiB deviceMemoryBandwidth: 836.37GiB/s
2021-08-13 11:42:27.953263: I tensorflow/stream_executor/platform/default/dso_loader.cc:49] Successfully opened dynamic library libcudart.so.11.0
2021-08-13 11:42:27.953848: I tensorflow/stream_executor/platform/default/dso_loader.cc:49] Successfully opened dynamic library libcublas.so.11
2021-08-13 11:42:27.954027: I tensorflow/stream_executor/platform/default/dso_loader.cc:49] Successfully opened dynamic library libcublasLt.so.11
2021-08-13 11:42:27.954223: I tensorflow/stream_executor/platform/default/dso_loader.cc:49] Successfully opened dynamic library libcufft.so.10
2021-08-13 11:42:27.954389: I tensorflow/stream_executor/platform/default/dso_loader.cc:49] Successfully opened dynamic library libcurand.so.10
2021-08-13 11:42:27.954557: I tensorflow/stream_executor/platform/default/dso_loader.cc:49] Successfully opened dynamic library libcusolver.so.10
2021-08-13 11:42:27.954665: I tensorflow/stream_executor/platform/default/dso_loader.cc:49] Successfully opened dynamic library libcusparse.so.11
2021-08-13 11:42:27.954773: I tensorflow/stream_executor/platform/default/dso_loader.cc:49] Successfully opened dynamic library libcudnn.so.8
2021-08-13 11:42:27.965101: I tensorflow/core/common_runtime/gpu/gpu_device.cc:1862] Adding visible gpu devices: 0
2021-08-13 11:42:27.965324: I tensorflow/stream_executor/platform/default/dso_loader.cc:49] Successfully opened dynamic library libcudart.so.11.0
2021-08-13 11:42:28.730138: I tensorflow/core/common_runtime/gpu/gpu_device.cc:1261] Device interconnect StreamExecutor with strength 1 edge matrix:
2021-08-13 11:42:28.730352: I tensorflow/core/common_runtime/gpu/gpu_device.cc:1267]      0 
2021-08-13 11:42:28.730488: I tensorflow/core/common_runtime/gpu/gpu_device.cc:1280] 0:   N 
2021-08-13 11:42:28.737564: I tensorflow/core/common_runtime/gpu/gpu_device.cc:1406] Created TensorFlow device (/job:localhost/replica:0/task:0/device:GPU:0 with 30130 MB memory) -> physical GPU (device: 0, name: Tesla V100-SXM2-32GB, pci bus id: 0000:af:00.0, compute capability: 7.0)
2021-08-13 11:42:30.011226: I tensorflow/compiler/mlir/mlir_graph_optimization_pass.cc:116] None of the MLIR optimization passes are enabled (registered 2)
2021-08-13 11:42:30.012085: I tensorflow/core/platform/profile_utils/cpu_utils.cc:112] CPU Frequency: 2100000000 Hz
2021-08-13 11:42:30.654607: I tensorflow/stream_executor/platform/default/dso_loader.cc:49] Successfully opened dynamic library libcublas.so.11
2021-08-13 11:42:31.141265: I tensorflow/stream_executor/platform/default/dso_loader.cc:49] Successfully opened dynamic library libcublasLt.so.11
2021-08-13 11:42:31.144230: I tensorflow/stream_executor/platform/default/dso_loader.cc:49] Successfully opened dynamic library libcudnn.so.8
2021-08-13 11:42:33.760871: W tensorflow/stream_executor/gpu/asm_compiler.cc:63] Running ptxas --version returned 256
2021-08-13 11:42:33.886217: W tensorflow/stream_executor/gpu/redzone_allocator.cc:314] Internal: ptxas exited with non-zero error code 256, output: 
Relying on driver to perform ptx compilation. 
Modify $PATH to customize ptxas location.
This message will be only logged once.
NoiseMutator started.
NoiseMutator finished.
Training round: 1		accuracy = 0.1306000053882599
Training round: 2		accuracy = 0.13819999992847443
Training round: 3		accuracy = 0.11949999630451202
Training round: 4		accuracy = 0.11429999768733978
Training round: 5		accuracy = 0.14509999752044678
Training round: 6		accuracy = 0.17749999463558197
Training round: 7		accuracy = 0.1598999947309494
Training round: 8		accuracy = 0.13570000231266022
Training round: 9		accuracy = 0.16339999437332153
Training round: 10		accuracy = 0.17389999330043793
Training round: 11		accuracy = 0.17509999871253967
Training round: 12		accuracy = 0.17229999601840973
Training round: 13		accuracy = 0.15459999442100525
Training round: 14		accuracy = 0.19290000200271606
Training round: 15		accuracy = 0.16500000655651093
Training round: 16		accuracy = 0.19599999487400055
Training round: 17		accuracy = 0.18310000002384186
Training round: 18		accuracy = 0.21559999883174896
Training round: 19		accuracy = 0.20280000567436218
Training round: 20		accuracy = 0.14880000054836273
Training round: 21		accuracy = 0.16910000145435333
Training round: 22		accuracy = 0.18770000338554382
Training round: 23		accuracy = 0.21850000321865082
Training round: 24		accuracy = 0.25099998712539673
Training round: 25		accuracy = 0.3041999936103821
Training round: 26		accuracy = 0.266400009393692
Training round: 27		accuracy = 0.26820001006126404
Training round: 28		accuracy = 0.2214999943971634
Training round: 29		accuracy = 0.2662000060081482
Training round: 30		accuracy = 0.24869999289512634
Training round: 31		accuracy = 0.24169999361038208
Training round: 32		accuracy = 0.2793999910354614
Training round: 33		accuracy = 0.31529998779296875
Training round: 34		accuracy = 0.24120000004768372
Training round: 35		accuracy = 0.27300000190734863
Training round: 36		accuracy = 0.2754000127315521
Training round: 37		accuracy = 0.3285999894142151
Training round: 38		accuracy = 0.3248000144958496
Training round: 39		accuracy = 0.19339999556541443
Training round: 40		accuracy = 0.3208000063896179
Training round: 41		accuracy = 0.3310000002384186
Training round: 42		accuracy = 0.359499990940094
Training round: 43		accuracy = 0.2639999985694885
Training round: 44		accuracy = 0.33660000562667847
Training round: 45		accuracy = 0.28110000491142273
Training round: 46		accuracy = 0.3253999948501587
Training round: 47		accuracy = 0.25999999046325684
Training round: 48		accuracy = 0.23829999566078186
Training round: 49		accuracy = 0.3319999873638153
Training round: 50		accuracy = 0.25099998712539673
Training round: 51		accuracy = 0.2791000008583069
Training round: 52		accuracy = 0.33009999990463257
Training round: 53		accuracy = 0.33640000224113464
Training round: 54		accuracy = 0.37630000710487366
Training round: 55		accuracy = 0.2773999869823456
Training round: 56		accuracy = 0.353300005197525
Training round: 57		accuracy = 0.3183000087738037
Training round: 58		accuracy = 0.384799987077713
Training round: 59		accuracy = 0.36980000138282776
Training round: 60		accuracy = 0.40849998593330383
Training round: 61		accuracy = 0.3395000100135803
Training round: 62		accuracy = 0.26809999346733093
Training round: 63		accuracy = 0.34540000557899475
Training round: 64		accuracy = 0.3869999945163727
Training round: 65		accuracy = 0.36820000410079956
Training round: 66		accuracy = 0.21439999341964722
Training round: 67		accuracy = 0.33329999446868896
Training round: 68		accuracy = 0.36649999022483826
Training round: 69		accuracy = 0.37959998846054077
Training round: 70		accuracy = 0.3107999861240387
Training round: 71		accuracy = 0.296999990940094
Training round: 72		accuracy = 0.39340001344680786
Training round: 73		accuracy = 0.42239999771118164
Training round: 74		accuracy = 0.28940001130104065
Training round: 75		accuracy = 0.3555999994277954
Training round: 76		accuracy = 0.448199987411499
Training round: 77		accuracy = 0.4438000023365021
Training round: 78		accuracy = 0.42149999737739563
Training round: 79		accuracy = 0.44119998812675476
Training round: 80		accuracy = 0.4708999991416931
Training round: 81		accuracy = 0.41350001096725464
Training round: 82		accuracy = 0.34209999442100525
Training round: 83		accuracy = 0.24899999797344208
Training round: 84		accuracy = 0.38760000467300415
Training round: 85		accuracy = 0.448199987411499
Training round: 86		accuracy = 0.3912000060081482
Training round: 87		accuracy = 0.34850001335144043
Training round: 88		accuracy = 0.42559999227523804
Training round: 89		accuracy = 0.45590001344680786
Training round: 90		accuracy = 0.44920000433921814
Training round: 91		accuracy = 0.4032000005245209
Training round: 92		accuracy = 0.34130001068115234
Training round: 93		accuracy = 0.40059998631477356
Training round: 94		accuracy = 0.3630000054836273
Training round: 95		accuracy = 0.44620001316070557
Training round: 96		accuracy = 0.37229999899864197
Training round: 97		accuracy = 0.4487999975681305
Training round: 98		accuracy = 0.38499999046325684
Training round: 99		accuracy = 0.4465999901294708
Training round: 100		accuracy = 0.3912999927997589
Training round: 101		accuracy = 0.3709000051021576
Training round: 102		accuracy = 0.43630000948905945
Training round: 103		accuracy = 0.43860000371932983
Training round: 104		accuracy = 0.42669999599456787
Training round: 105		accuracy = 0.3391999900341034
Training round: 106		accuracy = 0.444599986076355
Training round: 107		accuracy = 0.4377000033855438
Training round: 108		accuracy = 0.39160001277923584
Training round: 109		accuracy = 0.40689998865127563
Training round: 110		accuracy = 0.5006999969482422
Training round: 111		accuracy = 0.420199990272522
Training round: 112		accuracy = 0.4984000027179718
Training round: 113		accuracy = 0.4226999878883362
Training round: 114		accuracy = 0.3278000056743622
Training round: 115		accuracy = 0.3968000113964081
Training round: 116		accuracy = 0.4584999978542328
Training round: 117		accuracy = 0.4262000024318695
Training round: 118		accuracy = 0.4415999948978424
Training round: 119		accuracy = 0.3303999900817871
Training round: 120		accuracy = 0.38690000772476196
Training round: 121		accuracy = 0.46720001101493835
Training round: 122		accuracy = 0.39329999685287476
Training round: 123		accuracy = 0.391400009393692
Training round: 124		accuracy = 0.46889999508857727
Training round: 125		accuracy = 0.38830000162124634
Training round: 126		accuracy = 0.4526999890804291
Training round: 127		accuracy = 0.4862000048160553
Training round: 128		accuracy = 0.36070001125335693
Training round: 129		accuracy = 0.4867999851703644
Training round: 130		accuracy = 0.3677000105381012
Training round: 131		accuracy = 0.41179999709129333
Training round: 132		accuracy = 0.49059998989105225
Training round: 133		accuracy = 0.4284999966621399
Training round: 134		accuracy = 0.503600001335144
Training round: 135		accuracy = 0.5392000079154968
Training round: 136		accuracy = 0.48420000076293945
Training round: 137		accuracy = 0.5253000259399414
Training round: 138		accuracy = 0.4571000039577484
Training round: 139		accuracy = 0.4772999882698059
Training round: 140		accuracy = 0.45730000734329224
Training round: 141		accuracy = 0.45210000872612
Training round: 142		accuracy = 0.4927000105381012
Training round: 143		accuracy = 0.4968000054359436
Training round: 144		accuracy = 0.5228000283241272
Training round: 145		accuracy = 0.49549999833106995
Training round: 146		accuracy = 0.5123000144958496
Training round: 147		accuracy = 0.4674000144004822
Training round: 148		accuracy = 0.37779998779296875
Training round: 149		accuracy = 0.44699999690055847
Training round: 150		accuracy = 0.4002000093460083
Training round: 151		accuracy = 0.36399999260902405
Training round: 152		accuracy = 0.4357999861240387
Training round: 153		accuracy = 0.4627000093460083
Training round: 154		accuracy = 0.4092000126838684
Training round: 155		accuracy = 0.41280001401901245
Training round: 156		accuracy = 0.5095000267028809
Training round: 157		accuracy = 0.5516999959945679
Training round: 158		accuracy = 0.42739999294281006
Training round: 159		accuracy = 0.45339998602867126
Training round: 160		accuracy = 0.4115999937057495
Training round: 161		accuracy = 0.4494999945163727
Training round: 162		accuracy = 0.4643000066280365
Training round: 163		accuracy = 0.5163000226020813
Training round: 164		accuracy = 0.5063999891281128
Training round: 165		accuracy = 0.4429999887943268
Training round: 166		accuracy = 0.5149000287055969
Training round: 167		accuracy = 0.49410000443458557
Training round: 168		accuracy = 0.4359999895095825
Training round: 169		accuracy = 0.4300000071525574
Training round: 170		accuracy = 0.4729999899864197
Training round: 171		accuracy = 0.45239999890327454
Training round: 172		accuracy = 0.4846000075340271
Training round: 173		accuracy = 0.3815000057220459
Training round: 174		accuracy = 0.4413999915122986
Training round: 175		accuracy = 0.5249999761581421
Training round: 176		accuracy = 0.45980000495910645
Training round: 177		accuracy = 0.4722000062465668
Training round: 178		accuracy = 0.42660000920295715
Training round: 179		accuracy = 0.5353999733924866
Training round: 180		accuracy = 0.5252000093460083
Training round: 181		accuracy = 0.5164999961853027
Training round: 182		accuracy = 0.477400004863739
Training round: 183		accuracy = 0.4429999887943268
Training round: 184		accuracy = 0.44429999589920044
Training round: 185		accuracy = 0.42100000381469727
Training round: 186		accuracy = 0.4194999933242798
Training round: 187		accuracy = 0.5049999952316284
Training round: 188		accuracy = 0.5354999899864197
Training round: 189		accuracy = 0.4819999933242798
Training round: 190		accuracy = 0.5249000191688538
Training round: 191		accuracy = 0.5113999843597412
Training round: 192		accuracy = 0.47589999437332153
Training round: 193		accuracy = 0.48890000581741333
Training round: 194		accuracy = 0.4909999966621399
Training round: 195		accuracy = 0.5264000296592712
Training round: 196		accuracy = 0.40610000491142273
Training round: 197		accuracy = 0.5436000227928162
Training round: 198		accuracy = 0.5023999810218811
Training round: 199		accuracy = 0.5285999774932861
Training round: 200		accuracy = 0.5430999994277954
Training round: 201		accuracy = 0.414000004529953
Training round: 202		accuracy = 0.5393000245094299
Training round: 203		accuracy = 0.4652000069618225
Training round: 204		accuracy = 0.5562999844551086
Training round: 205		accuracy = 0.5249000191688538
Training round: 206		accuracy = 0.46480000019073486
Training round: 207		accuracy = 0.517300009727478
Training round: 208		accuracy = 0.5422000288963318
Training round: 209		accuracy = 0.5291000008583069
Training round: 210		accuracy = 0.4018000066280365
Training round: 211		accuracy = 0.5126000046730042
Training round: 212		accuracy = 0.41339999437332153
Training round: 213		accuracy = 0.5701000094413757
Training round: 214		accuracy = 0.5421000123023987
Training round: 215		accuracy = 0.4749000072479248
Training round: 216		accuracy = 0.4880000054836273
Training round: 217		accuracy = 0.5052000284194946
Training round: 218		accuracy = 0.46540001034736633
Training round: 219		accuracy = 0.5120999813079834
Training round: 220		accuracy = 0.5889999866485596
Training round: 221		accuracy = 0.507099986076355
Training round: 222		accuracy = 0.4625000059604645
Training round: 223		accuracy = 0.4952000081539154
Training round: 224		accuracy = 0.41119998693466187
Training round: 225		accuracy = 0.3562999963760376
Training round: 226		accuracy = 0.427700012922287
Training round: 227		accuracy = 0.48080000281333923
Training round: 228		accuracy = 0.5198000073432922
Training round: 229		accuracy = 0.48100000619888306
Training round: 230		accuracy = 0.5256999731063843
Training round: 231		accuracy = 0.5541999936103821
Training round: 232		accuracy = 0.4602999985218048
Training round: 233		accuracy = 0.550599992275238
Training round: 234		accuracy = 0.6068999767303467
Training round: 235		accuracy = 0.5659999847412109
Training round: 236		accuracy = 0.5440000295639038
Training round: 237		accuracy = 0.5264000296592712
Training round: 238		accuracy = 0.5486000180244446
Training round: 239		accuracy = 0.4731999933719635
Training round: 240		accuracy = 0.5979999899864197
Training round: 241		accuracy = 0.5282999873161316
Training round: 242		accuracy = 0.46799999475479126
Training round: 243		accuracy = 0.48100000619888306
Training round: 244		accuracy = 0.5072000026702881
Training round: 245		accuracy = 0.5350000262260437
Training round: 246		accuracy = 0.527400016784668
Training round: 247		accuracy = 0.5817000269889832
Training round: 248		accuracy = 0.560699999332428
Training round: 249		accuracy = 0.5117999911308289
Training round: 250		accuracy = 0.5742999911308289
Training round: 251		accuracy = 0.4650000035762787
Training round: 252		accuracy = 0.4020000100135803
Training round: 253		accuracy = 0.5295000076293945
Training round: 254		accuracy = 0.5360000133514404
Training round: 255		accuracy = 0.5421000123023987
Training round: 256		accuracy = 0.5648000240325928
Training round: 257		accuracy = 0.5903000235557556
Training round: 258		accuracy = 0.42399999499320984
Training round: 259		accuracy = 0.5350000262260437
Training round: 260		accuracy = 0.5644000172615051
Training round: 261		accuracy = 0.5182999968528748
Training round: 262		accuracy = 0.5152999758720398
Training round: 263		accuracy = 0.5597000122070312
Training round: 264		accuracy = 0.5809999704360962
Training round: 265		accuracy = 0.5242000222206116
Training round: 266		accuracy = 0.450300008058548
Training round: 267		accuracy = 0.5726000070571899
Training round: 268		accuracy = 0.6360999941825867
Training round: 269		accuracy = 0.49959999322891235
Training round: 270		accuracy = 0.5590000152587891
Training round: 271		accuracy = 0.4587000012397766
Training round: 272		accuracy = 0.520799994468689
Training round: 273		accuracy = 0.4521999955177307
Training round: 274		accuracy = 0.5472999811172485
Training round: 275		accuracy = 0.5911999940872192
Training round: 276		accuracy = 0.6025000214576721
Training round: 277		accuracy = 0.5464000105857849
Training round: 278		accuracy = 0.48579999804496765
Training round: 279		accuracy = 0.4205999970436096
Training round: 280		accuracy = 0.5325999855995178
Training round: 281		accuracy = 0.4415999948978424
Training round: 282		accuracy = 0.5414000153541565
Training round: 283		accuracy = 0.5691999793052673
Training round: 284		accuracy = 0.5974000096321106
Training round: 285		accuracy = 0.517300009727478
Training round: 286		accuracy = 0.5508000254631042
Training round: 287		accuracy = 0.4189999997615814
Training round: 288		accuracy = 0.5942999720573425
Training round: 289		accuracy = 0.5490000247955322
Training round: 290		accuracy = 0.5292999744415283
Training round: 291		accuracy = 0.603600025177002
Training round: 292		accuracy = 0.5849999785423279
Training round: 293		accuracy = 0.583299994468689
Training round: 294		accuracy = 0.5842000246047974
Training round: 295		accuracy = 0.5371999740600586
Training round: 296		accuracy = 0.5034999847412109
Training round: 297		accuracy = 0.4959000051021576
Training round: 298		accuracy = 0.536899983882904
Training round: 299		accuracy = 0.5214999914169312
Training round: 300		accuracy = 0.5737000107765198
Training round: 301		accuracy = 0.5838000178337097
Training round: 302		accuracy = 0.611299991607666
Training round: 303		accuracy = 0.6014000177383423
Training round: 304		accuracy = 0.5274999737739563
Training round: 305		accuracy = 0.5839999914169312
Training round: 306		accuracy = 0.31150001287460327
Training round: 307		accuracy = 0.49129998683929443
Training round: 308		accuracy = 0.6107000112533569
Training round: 309		accuracy = 0.5493999719619751
Training round: 310		accuracy = 0.5583999752998352
Training round: 311		accuracy = 0.5856000185012817
Training round: 312		accuracy = 0.515500009059906
Training round: 313		accuracy = 0.5382000207901001
Training round: 314		accuracy = 0.6071000099182129
Training round: 315		accuracy = 0.6308000087738037
Training round: 316		accuracy = 0.5120000243186951
Training round: 317		accuracy = 0.48089998960494995
Training round: 318		accuracy = 0.5856000185012817
Training round: 319		accuracy = 0.544700026512146
Training round: 320		accuracy = 0.5148000121116638
Training round: 321		accuracy = 0.5975000262260437
Training round: 322		accuracy = 0.5335000157356262
Training round: 323		accuracy = 0.49570000171661377
Training round: 324		accuracy = 0.5942000150680542
Training round: 325		accuracy = 0.5633000135421753
Training round: 326		accuracy = 0.4871000051498413
Training round: 327		accuracy = 0.5573999881744385
Training round: 328		accuracy = 0.5073999762535095
Training round: 329		accuracy = 0.5177000164985657
Training round: 330		accuracy = 0.4553000032901764
Training round: 331		accuracy = 0.510200023651123
Training round: 332		accuracy = 0.5309000015258789
Training round: 333		accuracy = 0.552299976348877
Training round: 334		accuracy = 0.5932999849319458
Training round: 335		accuracy = 0.5400000214576721
Training round: 336		accuracy = 0.5889999866485596
Training round: 337		accuracy = 0.43209999799728394
Training round: 338		accuracy = 0.44830000400543213
Training round: 339		accuracy = 0.5356000065803528
Training round: 340		accuracy = 0.5260999798774719
Training round: 341		accuracy = 0.47350001335144043
Training round: 342		accuracy = 0.4562999904155731
Training round: 343		accuracy = 0.5598999857902527
Training round: 344		accuracy = 0.4690000116825104
Training round: 345		accuracy = 0.4876999855041504
Training round: 346		accuracy = 0.511900007724762
Training round: 347		accuracy = 0.5055000185966492
Training round: 348		accuracy = 0.6010000109672546
Training round: 349		accuracy = 0.5837000012397766
Training round: 350		accuracy = 0.4535999894142151
Training round: 351		accuracy = 0.5131000280380249
Training round: 352		accuracy = 0.5651999711990356
Training round: 353		accuracy = 0.59579998254776
Training round: 354		accuracy = 0.5508999824523926
Training round: 355		accuracy = 0.5734999775886536
Training round: 356		accuracy = 0.5543000102043152
Training round: 357		accuracy = 0.6021000146865845
Training round: 358		accuracy = 0.6069999933242798
Training round: 359		accuracy = 0.6503999829292297
Training round: 360		accuracy = 0.5950000286102295
Training round: 361		accuracy = 0.4657000005245209
Training round: 362		accuracy = 0.5304999947547913
Training round: 363		accuracy = 0.4318999946117401
Training round: 364		accuracy = 0.4952999949455261
Training round: 365		accuracy = 0.5995000004768372
Training round: 366		accuracy = 0.6284999847412109
Training round: 367		accuracy = 0.6037999987602234
Training round: 368		accuracy = 0.5120999813079834
Training round: 369		accuracy = 0.58160001039505
Training round: 370		accuracy = 0.5834000110626221
Training round: 371		accuracy = 0.5945000052452087
Training round: 372		accuracy = 0.5845000147819519
Training round: 373		accuracy = 0.5382000207901001
Training round: 374		accuracy = 0.557200014591217
Training round: 375		accuracy = 0.5723999738693237
Training round: 376		accuracy = 0.48829999566078186
Training round: 377		accuracy = 0.5322999954223633
Training round: 378		accuracy = 0.4747999906539917
Training round: 379		accuracy = 0.5511999726295471
Training round: 380		accuracy = 0.4336000084877014
Training round: 381		accuracy = 0.5282999873161316
Training round: 382		accuracy = 0.5266000032424927
Training round: 383		accuracy = 0.6031000018119812
Training round: 384		accuracy = 0.5737000107765198
Training round: 385		accuracy = 0.5662999749183655
Training round: 386		accuracy = 0.47110000252723694
Training round: 387		accuracy = 0.5030999779701233
Training round: 388		accuracy = 0.6100000143051147
Training round: 389		accuracy = 0.6026999950408936
Training round: 390		accuracy = 0.6003999710083008
Training round: 391		accuracy = 0.5824000239372253
Training round: 392		accuracy = 0.534600019454956
Training round: 393		accuracy = 0.5367000102996826
Training round: 394		accuracy = 0.5146999955177307
Training round: 395		accuracy = 0.574400007724762
Training round: 396		accuracy = 0.548799991607666
Training round: 397		accuracy = 0.5727999806404114
Training round: 398		accuracy = 0.593999981880188
Training round: 399		accuracy = 0.5267999768257141
Training round: 400		accuracy = 0.6276999711990356
Training round: 401		accuracy = 0.545199990272522
Training round: 402		accuracy = 0.5286999940872192
Training round: 403		accuracy = 0.5723999738693237
Training round: 404		accuracy = 0.6037999987602234
Training round: 405		accuracy = 0.5351999998092651
Training round: 406		accuracy = 0.5271999835968018
Training round: 407		accuracy = 0.6018000245094299
Training round: 408		accuracy = 0.48030000925064087
Training round: 409		accuracy = 0.5745000243186951
Training round: 410		accuracy = 0.5521000027656555
Training round: 411		accuracy = 0.5202000141143799
Training round: 412		accuracy = 0.5195000171661377
Training round: 413		accuracy = 0.5311999917030334
Training round: 414		accuracy = 0.5740000009536743
Training round: 415		accuracy = 0.5805000066757202
Training round: 416		accuracy = 0.5371000170707703
Training round: 417		accuracy = 0.6161999702453613
Training round: 418		accuracy = 0.6484000086784363
Training round: 419		accuracy = 0.5254999995231628
Training round: 420		accuracy = 0.5773000121116638
Training round: 421		accuracy = 0.5250999927520752
Training round: 422		accuracy = 0.42239999771118164
Training round: 423		accuracy = 0.623199999332428
Training round: 424		accuracy = 0.5273000001907349
Training round: 425		accuracy = 0.4715000092983246
Training round: 426		accuracy = 0.6396999955177307
Training round: 427		accuracy = 0.6064000129699707
Training round: 428		accuracy = 0.6297000050544739
Training round: 429		accuracy = 0.6075000166893005
Training round: 430		accuracy = 0.5616999864578247
Training round: 431		accuracy = 0.5047000050544739
Training round: 432		accuracy = 0.5292999744415283
Training round: 433		accuracy = 0.5756999850273132
Training round: 434		accuracy = 0.6254000067710876
Training round: 435		accuracy = 0.6227999925613403
Training round: 436		accuracy = 0.5027999877929688
Training round: 437		accuracy = 0.5814999938011169
Training round: 438		accuracy = 0.4251999855041504
Training round: 439		accuracy = 0.5371000170707703
Training round: 440		accuracy = 0.5616000294685364
Training round: 441		accuracy = 0.5029000043869019
Training round: 442		accuracy = 0.625
Training round: 443		accuracy = 0.569599986076355
Training round: 444		accuracy = 0.5250999927520752
Training round: 445		accuracy = 0.5309000015258789
Training round: 446		accuracy = 0.4609000086784363
Training round: 447		accuracy = 0.5838000178337097
Training round: 448		accuracy = 0.6169000267982483
Training round: 449		accuracy = 0.6355999708175659
Training round: 450		accuracy = 0.5884000062942505
Training round: 451		accuracy = 0.5404999852180481
Training round: 452		accuracy = 0.6029999852180481
Training round: 453		accuracy = 0.44269999861717224
Training round: 454		accuracy = 0.4569999873638153
Training round: 455		accuracy = 0.5860000252723694
Training round: 456		accuracy = 0.5910999774932861
Training round: 457		accuracy = 0.6240000128746033
Training round: 458		accuracy = 0.5853000283241272
Training round: 459		accuracy = 0.5329999923706055
Training round: 460		accuracy = 0.5644000172615051
Training round: 461		accuracy = 0.48330000042915344
Training round: 462		accuracy = 0.5776000022888184
Training round: 463		accuracy = 0.5823000073432922
Training round: 464		accuracy = 0.5428000092506409
Training round: 465		accuracy = 0.5293999910354614
Training round: 466		accuracy = 0.5253999829292297
Training round: 467		accuracy = 0.6053000092506409
Training round: 468		accuracy = 0.5993000268936157
Training round: 469		accuracy = 0.5685999989509583
Training round: 470		accuracy = 0.6215000152587891
Training round: 471		accuracy = 0.5299000144004822
Training round: 472		accuracy = 0.5250999927520752
Training round: 473		accuracy = 0.5314000248908997
Training round: 474		accuracy = 0.5194000005722046
Training round: 475		accuracy = 0.6144000291824341
Training round: 476		accuracy = 0.6086000204086304
Training round: 477		accuracy = 0.5346999764442444
Training round: 478		accuracy = 0.5275999903678894
Training round: 479		accuracy = 0.6348999738693237
Training round: 480		accuracy = 0.544700026512146
Training round: 481		accuracy = 0.5935999751091003
Training round: 482		accuracy = 0.5871000289916992
Training round: 483		accuracy = 0.5440999865531921
Training round: 484		accuracy = 0.608299970626831
Training round: 485		accuracy = 0.5608999729156494
Training round: 486		accuracy = 0.6366000175476074
Training round: 487		accuracy = 0.4569000005722046
Training round: 488		accuracy = 0.5906999707221985
Training round: 489		accuracy = 0.5963000059127808
Training round: 490		accuracy = 0.5963000059127808
Training round: 491		accuracy = 0.6274999976158142
Training round: 492		accuracy = 0.6514999866485596
Training round: 493		accuracy = 0.6258999705314636
Training round: 494		accuracy = 0.5720000267028809
Training round: 495		accuracy = 0.6370000243186951
Training round: 496		accuracy = 0.5022000074386597
Training round: 497		accuracy = 0.6097999811172485
Training round: 498		accuracy = 0.5486999750137329
Training round: 499		accuracy = 0.4648999869823456
Training round: 500		accuracy = 0.5803999900817871
Training round: 501		accuracy = 0.5932000279426575
Training round: 502		accuracy = 0.5889000296592712
Training round: 503		accuracy = 0.6133000254631042
Training round: 504		accuracy = 0.5889999866485596
Training round: 505		accuracy = 0.5315999984741211
Training round: 506		accuracy = 0.5654000043869019
Training round: 507		accuracy = 0.5864999890327454
Training round: 508		accuracy = 0.5623000264167786
Training round: 509		accuracy = 0.48730000853538513
Training round: 510		accuracy = 0.6299999952316284
Training round: 511		accuracy = 0.5963000059127808
Training round: 512		accuracy = 0.586899995803833
Training round: 513		accuracy = 0.6310999989509583
Training round: 514		accuracy = 0.6258000135421753
Training round: 515		accuracy = 0.645799994468689
Training round: 516		accuracy = 0.6017000079154968
Training round: 517		accuracy = 0.6152999997138977
Training round: 518		accuracy = 0.6559000015258789
Training round: 519		accuracy = 0.571399986743927
Training round: 520		accuracy = 0.5144000053405762
Training round: 521		accuracy = 0.5748000144958496
Training round: 522		accuracy = 0.5809000134468079
Training round: 523		accuracy = 0.5812000036239624
Training round: 524		accuracy = 0.642799973487854
Training round: 525		accuracy = 0.6003999710083008
Training round: 526		accuracy = 0.6448000073432922
Training round: 527		accuracy = 0.5989999771118164
Training round: 528		accuracy = 0.5432999730110168
Training round: 529		accuracy = 0.5878000259399414
Training round: 530		accuracy = 0.5532000064849854
Training round: 531		accuracy = 0.5932999849319458
Training round: 532		accuracy = 0.6567999720573425
Training round: 533		accuracy = 0.6442999839782715
Training round: 534		accuracy = 0.4634999930858612
Training round: 535		accuracy = 0.5730000138282776
Training round: 536		accuracy = 0.6140000224113464
Training round: 537		accuracy = 0.6180999875068665
Training round: 538		accuracy = 0.6531999707221985
Training round: 539		accuracy = 0.5906000137329102
Training round: 540		accuracy = 0.5414000153541565
Training round: 541		accuracy = 0.5367000102996826
Training round: 542		accuracy = 0.5961999893188477
Training round: 543		accuracy = 0.5408999919891357
Training round: 544		accuracy = 0.5759999752044678
Training round: 545		accuracy = 0.5781000256538391
Training round: 546		accuracy = 0.6450999975204468
Training round: 547		accuracy = 0.6643000245094299
Training round: 548		accuracy = 0.5855000019073486
Training round: 549		accuracy = 0.5992000102996826
Training round: 550		accuracy = 0.6008999943733215
Training round: 551		accuracy = 0.6284999847412109
Training round: 552		accuracy = 0.5604000091552734
Training round: 553		accuracy = 0.5428000092506409
Training round: 554		accuracy = 0.5817000269889832
Training round: 555		accuracy = 0.6132000088691711
Training round: 556		accuracy = 0.6061000227928162
Training round: 557		accuracy = 0.59170001745224
Training round: 558		accuracy = 0.6004999876022339
Training round: 559		accuracy = 0.5473999977111816
Training round: 560		accuracy = 0.5228999853134155
Training round: 561		accuracy = 0.5376999974250793
Training round: 562		accuracy = 0.6491000056266785
Training round: 563		accuracy = 0.5336999893188477
Training round: 564		accuracy = 0.5759999752044678
Training round: 565		accuracy = 0.5511000156402588
Training round: 566		accuracy = 0.608299970626831
Training round: 567		accuracy = 0.6406000256538391
Training round: 568		accuracy = 0.5845000147819519
Training round: 569		accuracy = 0.5758000016212463
Training round: 570		accuracy = 0.6154000163078308
Training round: 571		accuracy = 0.5547999739646912
Training round: 572		accuracy = 0.5551999807357788
Training round: 573		accuracy = 0.5794000029563904
Training round: 574		accuracy = 0.5605999827384949
Training round: 575		accuracy = 0.5891000032424927
Training round: 576		accuracy = 0.6122999787330627
Training round: 577		accuracy = 0.5637999773025513
Training round: 578		accuracy = 0.539900004863739
Training round: 579		accuracy = 0.6175000071525574
Training round: 580		accuracy = 0.5781000256538391
Training round: 581		accuracy = 0.6367999911308289
Training round: 582		accuracy = 0.6247000098228455
Training round: 583		accuracy = 0.5414999723434448
Training round: 584		accuracy = 0.5805000066757202
Training round: 585		accuracy = 0.6306999921798706
Training round: 586		accuracy = 0.5468999743461609
Training round: 587		accuracy = 0.5472999811172485
Training round: 588		accuracy = 0.5317999720573425
Training round: 589		accuracy = 0.6043000221252441
Training round: 590		accuracy = 0.6352999806404114
Training round: 591		accuracy = 0.5346999764442444
Training round: 592		accuracy = 0.6442000269889832
Training round: 593		accuracy = 0.5924999713897705
Training round: 594		accuracy = 0.5378999710083008
Training round: 595		accuracy = 0.663100004196167
Training round: 596		accuracy = 0.6129999756813049
Training round: 597		accuracy = 0.598800003528595
Training round: 598		accuracy = 0.6151000261306763
Training round: 599		accuracy = 0.6061999797821045
Training round: 600		accuracy = 0.6255000233650208
Training round: 601		accuracy = 0.5996999740600586
Training round: 602		accuracy = 0.6122999787330627
Training round: 603		accuracy = 0.6388999819755554
Training round: 604		accuracy = 0.6140000224113464
Training round: 605		accuracy = 0.5945000052452087
Training round: 606		accuracy = 0.5936999917030334
Training round: 607		accuracy = 0.5964000225067139
Training round: 608		accuracy = 0.5845999717712402
Training round: 609		accuracy = 0.608299970626831
Training round: 610		accuracy = 0.5443000197410583
Training round: 611		accuracy = 0.6172999739646912
Training round: 612		accuracy = 0.6047000288963318
Training round: 613		accuracy = 0.626800000667572
Training round: 614		accuracy = 0.6539999842643738
Training round: 615		accuracy = 0.609499990940094
Training round: 616		accuracy = 0.5649999976158142
Training round: 617		accuracy = 0.6450999975204468
Training round: 618		accuracy = 0.6133000254631042
Training round: 619		accuracy = 0.5698000192642212
Training round: 620		accuracy = 0.6499999761581421
Training round: 621		accuracy = 0.6115999817848206
Training round: 622		accuracy = 0.5354999899864197
Training round: 623		accuracy = 0.6252999901771545
Training round: 624		accuracy = 0.6399000287055969
Training round: 625		accuracy = 0.6105999946594238
Training round: 626		accuracy = 0.5098999738693237
Training round: 627		accuracy = 0.5764999985694885
Training round: 628		accuracy = 0.5322999954223633
Training round: 629		accuracy = 0.5773000121116638
Training round: 630		accuracy = 0.6158999800682068
Training round: 631		accuracy = 0.6381000280380249
Training round: 632		accuracy = 0.6628999710083008
Training round: 633		accuracy = 0.6614999771118164
Training round: 634		accuracy = 0.6313999891281128
Training round: 635		accuracy = 0.6353999972343445
Training round: 636		accuracy = 0.6305999755859375
Training round: 637		accuracy = 0.6471999883651733
Training round: 638		accuracy = 0.6439999938011169
Training round: 639		accuracy = 0.6212000250816345
Training round: 640		accuracy = 0.5916000008583069
Training round: 641		accuracy = 0.6092000007629395
Training round: 642		accuracy = 0.5812000036239624
Training round: 643		accuracy = 0.6071000099182129
Training round: 644		accuracy = 0.6541000008583069
Training round: 645		accuracy = 0.6101999878883362
Training round: 646		accuracy = 0.5971999764442444
Training round: 647		accuracy = 0.5954999923706055
Training round: 648		accuracy = 0.6614000201225281
Training round: 649		accuracy = 0.53329998254776
Training round: 650		accuracy = 0.6432999968528748
Training round: 651		accuracy = 0.5950999855995178
Training round: 652		accuracy = 0.5613999962806702
Training round: 653		accuracy = 0.6046000123023987
Training round: 654		accuracy = 0.5533000230789185
Training round: 655		accuracy = 0.5636000037193298
Training round: 656		accuracy = 0.5989999771118164
Training round: 657		accuracy = 0.5120999813079834
Training round: 658		accuracy = 0.6238999962806702
Training round: 659		accuracy = 0.5971999764442444
Training round: 660		accuracy = 0.5813000202178955
Training round: 661		accuracy = 0.6269000172615051
Training round: 662		accuracy = 0.5702999830245972
Training round: 663		accuracy = 0.6535000205039978
Training round: 664		accuracy = 0.5727999806404114
Training round: 665		accuracy = 0.6567000150680542
Training round: 666		accuracy = 0.588699996471405
Training round: 667		accuracy = 0.5188999772071838
Training round: 668		accuracy = 0.560699999332428
Training round: 669		accuracy = 0.6312000155448914
Training round: 670		accuracy = 0.6187999844551086
Training round: 671		accuracy = 0.5871000289916992
Training round: 672		accuracy = 0.6589999794960022
Training round: 673		accuracy = 0.6061000227928162
Training round: 674		accuracy = 0.6399999856948853
Training round: 675		accuracy = 0.6625999808311462
Training round: 676		accuracy = 0.5368000268936157
Training round: 677		accuracy = 0.6000999808311462
Training round: 678		accuracy = 0.6262999773025513
Training round: 679		accuracy = 0.6499999761581421
Training round: 680		accuracy = 0.6230999827384949
Training round: 681		accuracy = 0.6757000088691711
Training round: 682		accuracy = 0.5863999724388123
Training round: 683		accuracy = 0.6445000171661377
Training round: 684		accuracy = 0.6654999852180481
Training round: 685		accuracy = 0.551800012588501
Training round: 686		accuracy = 0.6022999882698059
Training round: 687		accuracy = 0.5134999752044678
Training round: 688		accuracy = 0.4458000063896179
Training round: 689		accuracy = 0.5838000178337097
Training round: 690		accuracy = 0.461899995803833
Training round: 691		accuracy = 0.6197999715805054
Training round: 692		accuracy = 0.5837000012397766
Training round: 693		accuracy = 0.6021000146865845
Training round: 694		accuracy = 0.5952000021934509
Training round: 695		accuracy = 0.6323999762535095
Training round: 696		accuracy = 0.6198999881744385
Training round: 697		accuracy = 0.5586000084877014
Training round: 698		accuracy = 0.5945000052452087
Training round: 699		accuracy = 0.6177999973297119
Training round: 700		accuracy = 0.6129000186920166
Training round: 701		accuracy = 0.6761999726295471
Training round: 702		accuracy = 0.680899977684021
Training round: 703		accuracy = 0.6274999976158142
Training round: 704		accuracy = 0.5288000106811523
Training round: 705		accuracy = 0.5210999846458435
Training round: 706		accuracy = 0.4959000051021576
Training round: 707		accuracy = 0.6067000031471252
Training round: 708		accuracy = 0.6115999817848206
Training round: 709		accuracy = 0.5325999855995178
Training round: 710		accuracy = 0.5497999787330627
Training round: 711		accuracy = 0.5587000250816345
Training round: 712		accuracy = 0.5544999837875366
Training round: 713		accuracy = 0.6140999794006348
Training round: 714		accuracy = 0.6604999899864197
Training round: 715		accuracy = 0.6593999862670898
Training round: 716		accuracy = 0.5942999720573425
Training round: 717		accuracy = 0.652400016784668
Training round: 718		accuracy = 0.6851999759674072
Training round: 719		accuracy = 0.629800021648407
Training round: 720		accuracy = 0.6355999708175659
Training round: 721		accuracy = 0.6504999995231628
Training round: 722		accuracy = 0.6103000044822693
Training round: 723		accuracy = 0.5533000230789185
Training round: 724		accuracy = 0.5156000256538391
Training round: 725		accuracy = 0.5997999906539917
Training round: 726		accuracy = 0.6412000060081482
Training round: 727		accuracy = 0.6521000266075134
Training round: 728		accuracy = 0.5407999753952026
Training round: 729		accuracy = 0.6026999950408936
Training round: 730		accuracy = 0.6194000244140625
Training round: 731		accuracy = 0.6068000197410583
Training round: 732		accuracy = 0.6154000163078308
Training round: 733		accuracy = 0.6075999736785889
Training round: 734		accuracy = 0.6308000087738037
Training round: 735		accuracy = 0.640500009059906
Training round: 736		accuracy = 0.5393999814987183
Training round: 737		accuracy = 0.6312999725341797
Training round: 738		accuracy = 0.6270999908447266
Training round: 739		accuracy = 0.6438999772071838
Training round: 740		accuracy = 0.517799973487854
Training round: 741		accuracy = 0.5508000254631042
Training round: 742		accuracy = 0.5838000178337097
Training round: 743		accuracy = 0.5335000157356262
Training round: 744		accuracy = 0.5526999831199646
Training round: 745		accuracy = 0.5601999759674072
Training round: 746		accuracy = 0.637499988079071
Training round: 747		accuracy = 0.6388000249862671
Training round: 748		accuracy = 0.595300018787384
Training round: 749		accuracy = 0.5805000066757202
Training round: 750		accuracy = 0.5999000072479248
Training round: 751		accuracy = 0.6053000092506409
Training round: 752		accuracy = 0.6500999927520752
Training round: 753		accuracy = 0.5669000148773193
Training round: 754		accuracy = 0.6328999996185303
Training round: 755		accuracy = 0.5733000040054321
Training round: 756		accuracy = 0.6165000200271606
Training round: 757		accuracy = 0.6474999785423279
Training round: 758		accuracy = 0.6240000128746033
Training round: 759		accuracy = 0.5758000016212463
Training round: 760		accuracy = 0.6708999872207642
Training round: 761		accuracy = 0.6104999780654907
Training round: 762		accuracy = 0.603600025177002
Training round: 763		accuracy = 0.6226999759674072
Training round: 764		accuracy = 0.6380000114440918
Training round: 765		accuracy = 0.6814000010490417
Training round: 766		accuracy = 0.6297000050544739
Training round: 767		accuracy = 0.6200000047683716
Training round: 768		accuracy = 0.6183000206947327
Training round: 769		accuracy = 0.6165000200271606
Training round: 770		accuracy = 0.6148999929428101
Training round: 771		accuracy = 0.6396999955177307
Training round: 772		accuracy = 0.6008999943733215
Training round: 773		accuracy = 0.6154000163078308
Training round: 774		accuracy = 0.6420999765396118
Training round: 775		accuracy = 0.6189000010490417
Training round: 776		accuracy = 0.6215000152587891
Training round: 777		accuracy = 0.6197999715805054
Training round: 778		accuracy = 0.6039999723434448
Training round: 779		accuracy = 0.6614000201225281
Training round: 780		accuracy = 0.6837999820709229
Training round: 781		accuracy = 0.5026999711990356
Training round: 782		accuracy = 0.5935999751091003
Training round: 783		accuracy = 0.6456000208854675
Training round: 784		accuracy = 0.6319000124931335
Training round: 785		accuracy = 0.6129000186920166
Training round: 786		accuracy = 0.5911999940872192
Training round: 787		accuracy = 0.6190999746322632
Training round: 788		accuracy = 0.6439999938011169
Training round: 789		accuracy = 0.6132000088691711
Training round: 790		accuracy = 0.44830000400543213
Training round: 791		accuracy = 0.6055999994277954
Training round: 792		accuracy = 0.6140000224113464
Training round: 793		accuracy = 0.5819000005722046
Training round: 794		accuracy = 0.5792999863624573
Training round: 795		accuracy = 0.6394000053405762
Training round: 796		accuracy = 0.623199999332428
Training round: 797		accuracy = 0.5321000218391418
Training round: 798		accuracy = 0.5407000184059143
Training round: 799		accuracy = 0.6312999725341797
Training round: 800		accuracy = 0.6273000240325928
Training round: 801		accuracy = 0.6700999736785889
Training round: 802		accuracy = 0.6822999715805054
Training round: 803		accuracy = 0.564300000667572
Training round: 804		accuracy = 0.5663999915122986
Training round: 805		accuracy = 0.5896000266075134
Training round: 806		accuracy = 0.6248000264167786
Training round: 807		accuracy = 0.6449999809265137
Training round: 808		accuracy = 0.6804999709129333
Training round: 809		accuracy = 0.6729000210762024
Training round: 810		accuracy = 0.49459999799728394
Training round: 811		accuracy = 0.6327999830245972
Training round: 812		accuracy = 0.6141999959945679
Training round: 813		accuracy = 0.6079999804496765
Training round: 814		accuracy = 0.5950000286102295
Training round: 815		accuracy = 0.5751000046730042
Training round: 816		accuracy = 0.6244999766349792
Training round: 817		accuracy = 0.6359999775886536
Training round: 818		accuracy = 0.6582000255584717
Training round: 819		accuracy = 0.6154000163078308
Training round: 820		accuracy = 0.5503000020980835
Training round: 821		accuracy = 0.6391000151634216
Training round: 822		accuracy = 0.5418000221252441
Training round: 823		accuracy = 0.5690000057220459
Training round: 824		accuracy = 0.645799994468689
Training round: 825		accuracy = 0.6152999997138977
Training round: 826		accuracy = 0.6610999703407288
Training round: 827		accuracy = 0.6226000189781189
Training round: 828		accuracy = 0.6061999797821045
Training round: 829		accuracy = 0.6190000176429749
Training round: 830		accuracy = 0.6532999873161316
Training round: 831		accuracy = 0.6496999859809875
Training round: 832		accuracy = 0.676800012588501
Training round: 833		accuracy = 0.640500009059906
Training round: 834		accuracy = 0.6421999931335449
Training round: 835		accuracy = 0.6407999992370605
Training round: 836		accuracy = 0.6759999990463257
Training round: 837		accuracy = 0.6485000252723694
Training round: 838		accuracy = 0.5935999751091003
Training round: 839		accuracy = 0.6425999999046326
Training round: 840		accuracy = 0.6141999959945679
Training round: 841		accuracy = 0.691100001335144
Training round: 842		accuracy = 0.6251000165939331
Training round: 843		accuracy = 0.683899998664856
Training round: 844		accuracy = 0.6011999845504761
Training round: 845		accuracy = 0.6169000267982483
Training round: 846		accuracy = 0.6104000210762024
Training round: 847		accuracy = 0.6290000081062317
Training round: 848		accuracy = 0.6733999848365784
Training round: 849		accuracy = 0.641700029373169
Training round: 850		accuracy = 0.6039000153541565
Training round: 851		accuracy = 0.6753000020980835
Training round: 852		accuracy = 0.6736999750137329
Training round: 853		accuracy = 0.6449000239372253
Training round: 854		accuracy = 0.650600016117096
Training round: 855		accuracy = 0.6553000211715698
Training round: 856		accuracy = 0.6656000018119812
Training round: 857		accuracy = 0.6161999702453613
Training round: 858		accuracy = 0.5554999709129333
Training round: 859		accuracy = 0.6305000185966492
Training round: 860		accuracy = 0.6128000020980835
Training round: 861		accuracy = 0.6080999970436096
Training round: 862		accuracy = 0.6402999758720398
Training round: 863		accuracy = 0.605400025844574
Training round: 864		accuracy = 0.5103999972343445
Training round: 865		accuracy = 0.5964000225067139
Training round: 866		accuracy = 0.6226999759674072
Training round: 867		accuracy = 0.5662999749183655
Training round: 868		accuracy = 0.5748999714851379
Training round: 869		accuracy = 0.628000020980835
Training round: 870		accuracy = 0.6297000050544739
Training round: 871		accuracy = 0.6541000008583069
Training round: 872		accuracy = 0.6040999889373779
Training round: 873		accuracy = 0.6189000010490417
Training round: 874		accuracy = 0.6403999924659729
Training round: 875		accuracy = 0.6200000047683716
Training round: 876		accuracy = 0.6547999978065491
Training round: 877		accuracy = 0.6223999857902527
Training round: 878		accuracy = 0.5206000208854675
Training round: 879		accuracy = 0.6837000250816345
Training round: 880		accuracy = 0.5774000287055969
Training round: 881		accuracy = 0.6412000060081482
Training round: 882		accuracy = 0.5823000073432922
Training round: 883		accuracy = 0.6420000195503235
Training round: 884		accuracy = 0.6452000141143799
Training round: 885		accuracy = 0.6866000294685364
Training round: 886		accuracy = 0.6503999829292297
Training round: 887		accuracy = 0.6960999965667725
Training round: 888		accuracy = 0.6723999977111816
Training round: 889		accuracy = 0.654699981212616
Training round: 890		accuracy = 0.6140000224113464
Training round: 891		accuracy = 0.6352999806404114
Training round: 892		accuracy = 0.6226000189781189
Training round: 893		accuracy = 0.6471999883651733
Training round: 894		accuracy = 0.6572999954223633
Training round: 895		accuracy = 0.6480000019073486
Training round: 896		accuracy = 0.6291000247001648
Training round: 897		accuracy = 0.6060000061988831
Training round: 898		accuracy = 0.5598000288009644
Training round: 899		accuracy = 0.6294000148773193
Training round: 900		accuracy = 0.6176000237464905
Training round: 901		accuracy = 0.6226000189781189
Training round: 902		accuracy = 0.5936999917030334
Training round: 903		accuracy = 0.6229000091552734
Training round: 904		accuracy = 0.6025999784469604
Training round: 905		accuracy = 0.6044999957084656
Training round: 906		accuracy = 0.5806000232696533
Training round: 907		accuracy = 0.6603000164031982
Training round: 908		accuracy = 0.6115000247955322
Training round: 909		accuracy = 0.6740000247955322
Training round: 910		accuracy = 0.6559000015258789
Training round: 911		accuracy = 0.6164000034332275
Training round: 912		accuracy = 0.6092000007629395
Training round: 913		accuracy = 0.6539000272750854
Training round: 914		accuracy = 0.6682000160217285
Training round: 915		accuracy = 0.5665000081062317
Training round: 916		accuracy = 0.6567999720573425
Training round: 917		accuracy = 0.6388999819755554
Training round: 918		accuracy = 0.65829998254776
Training round: 919		accuracy = 0.6520000100135803
Training round: 920		accuracy = 0.6452999711036682
Training round: 921		accuracy = 0.5806999802589417
Training round: 922		accuracy = 0.632099986076355
Training round: 923		accuracy = 0.6685000061988831
Training round: 924		accuracy = 0.6972000002861023
Training round: 925		accuracy = 0.6830999851226807
Training round: 926		accuracy = 0.661899983882904
Training round: 927		accuracy = 0.5927000045776367
Training round: 928		accuracy = 0.6184999942779541
Training round: 929		accuracy = 0.6564000248908997
Training round: 930		accuracy = 0.6550999879837036
Training round: 931		accuracy = 0.6269999742507935
Training round: 932		accuracy = 0.6565999984741211
Training round: 933		accuracy = 0.5874000191688538
Training round: 934		accuracy = 0.6564000248908997
Training round: 935		accuracy = 0.6334999799728394
Training round: 936		accuracy = 0.6000000238418579
Training round: 937		accuracy = 0.614799976348877
Training round: 938		accuracy = 0.6485000252723694
Training round: 939		accuracy = 0.6722000241279602
Training round: 940		accuracy = 0.6330999732017517
Training round: 941		accuracy = 0.6269000172615051
Training round: 942		accuracy = 0.6284000277519226
Training round: 943		accuracy = 0.5328999757766724
Training round: 944		accuracy = 0.6399999856948853
Training round: 945		accuracy = 0.5641000270843506
Training round: 946		accuracy = 0.640500009059906
Training round: 947		accuracy = 0.6083999872207642
Training round: 948		accuracy = 0.5914999842643738
Training round: 949		accuracy = 0.5864999890327454
Training round: 950		accuracy = 0.6299999952316284
Training round: 951		accuracy = 0.6567999720573425
Training round: 952		accuracy = 0.5605999827384949
Training round: 953		accuracy = 0.448199987411499
Training round: 954		accuracy = 0.5662999749183655
Training round: 955		accuracy = 0.6295999884605408
Training round: 956		accuracy = 0.6646000146865845
Training round: 957		accuracy = 0.6579999923706055
Training round: 958		accuracy = 0.6237999796867371
Training round: 959		accuracy = 0.6013000011444092
Training round: 960		accuracy = 0.5687000155448914
Training round: 961		accuracy = 0.5496000051498413
Training round: 962		accuracy = 0.6204000115394592
Training round: 963		accuracy = 0.6144999861717224
Training round: 964		accuracy = 0.6292999982833862
Training round: 965		accuracy = 0.6610000133514404
Training round: 966		accuracy = 0.6272000074386597
Training round: 967		accuracy = 0.6748999953269958
Training round: 968		accuracy = 0.6068000197410583
Training round: 969		accuracy = 0.6761000156402588
Training round: 970		accuracy = 0.6209999918937683
Training round: 971		accuracy = 0.6662999987602234
Training round: 972		accuracy = 0.6543999910354614
Training round: 973		accuracy = 0.6899999976158142
Training round: 974		accuracy = 0.5680000185966492
Training round: 975		accuracy = 0.6176000237464905
Training round: 976		accuracy = 0.607699990272522
Training round: 977		accuracy = 0.6362000107765198
Training round: 978		accuracy = 0.6439999938011169
Training round: 979		accuracy = 0.6065999865531921
Training round: 980		accuracy = 0.5595999956130981
Training round: 981		accuracy = 0.6597999930381775
Training round: 982		accuracy = 0.649399995803833
Training round: 983		accuracy = 0.6189000010490417
Training round: 984		accuracy = 0.638700008392334
Training round: 985		accuracy = 0.626800000667572
Training round: 986		accuracy = 0.6193000078201294
Training round: 987		accuracy = 0.6710000038146973
Training round: 988		accuracy = 0.6294999718666077
Training round: 989		accuracy = 0.6358000040054321
Training round: 990		accuracy = 0.6037999987602234
Training round: 991		accuracy = 0.6448000073432922
Training round: 992		accuracy = 0.5825999975204468
Training round: 993		accuracy = 0.6746000051498413
Training round: 994		accuracy = 0.6686999797821045
Training round: 995		accuracy = 0.5989000201225281
Training round: 996		accuracy = 0.6043999791145325
Training round: 997		accuracy = 0.6122999787330627
Training round: 998		accuracy = 0.6561999917030334
Training round: 999		accuracy = 0.6036999821662903
Training round: 1000		accuracy = 0.6854000091552734
Training duration 15487.205971956253
