2021-08-12 23:10:57.209537: I tensorflow/stream_executor/platform/default/dso_loader.cc:49] Successfully opened dynamic library libcudart.so.11.0
2021-08-12 23:11:04.881968: I tensorflow/compiler/jit/xla_cpu_device.cc:41] Not creating XLA devices, tf_xla_enable_xla_devices not set
2021-08-12 23:11:04.887387: I tensorflow/stream_executor/platform/default/dso_loader.cc:49] Successfully opened dynamic library libcuda.so.1
2021-08-12 23:11:04.950729: I tensorflow/core/common_runtime/gpu/gpu_device.cc:1720] Found device 0 with properties: 
pciBusID: 0000:18:00.0 name: Tesla V100-SXM2-32GB computeCapability: 7.0
coreClock: 1.53GHz coreCount: 80 deviceMemorySize: 31.75GiB deviceMemoryBandwidth: 836.37GiB/s
2021-08-12 23:11:04.951480: I tensorflow/stream_executor/platform/default/dso_loader.cc:49] Successfully opened dynamic library libcudart.so.11.0
2021-08-12 23:11:04.962927: I tensorflow/stream_executor/platform/default/dso_loader.cc:49] Successfully opened dynamic library libcublas.so.11
2021-08-12 23:11:04.963057: I tensorflow/stream_executor/platform/default/dso_loader.cc:49] Successfully opened dynamic library libcublasLt.so.11
2021-08-12 23:11:04.968178: I tensorflow/stream_executor/platform/default/dso_loader.cc:49] Successfully opened dynamic library libcufft.so.10
2021-08-12 23:11:04.970625: I tensorflow/stream_executor/platform/default/dso_loader.cc:49] Successfully opened dynamic library libcurand.so.10
2021-08-12 23:11:04.978576: I tensorflow/stream_executor/platform/default/dso_loader.cc:49] Successfully opened dynamic library libcusolver.so.10
2021-08-12 23:11:04.980710: I tensorflow/stream_executor/platform/default/dso_loader.cc:49] Successfully opened dynamic library libcusparse.so.11
2021-08-12 23:11:04.981242: I tensorflow/stream_executor/platform/default/dso_loader.cc:49] Successfully opened dynamic library libcudnn.so.8
2021-08-12 23:11:04.992218: I tensorflow/core/common_runtime/gpu/gpu_device.cc:1862] Adding visible gpu devices: 0
2021-08-12 23:11:04.995964: I tensorflow/core/platform/cpu_feature_guard.cc:142] This TensorFlow binary is optimized with oneAPI Deep Neural Network Library (oneDNN) to use the following CPU instructions in performance-critical operations:  AVX2 AVX512F FMA
To enable them in other operations, rebuild TensorFlow with the appropriate compiler flags.
2021-08-12 23:11:04.996342: I tensorflow/compiler/jit/xla_gpu_device.cc:99] Not creating XLA devices, tf_xla_enable_xla_devices not set
2021-08-12 23:11:04.999528: I tensorflow/core/common_runtime/gpu/gpu_device.cc:1720] Found device 0 with properties: 
pciBusID: 0000:18:00.0 name: Tesla V100-SXM2-32GB computeCapability: 7.0
coreClock: 1.53GHz coreCount: 80 deviceMemorySize: 31.75GiB deviceMemoryBandwidth: 836.37GiB/s
2021-08-12 23:11:04.999696: I tensorflow/stream_executor/platform/default/dso_loader.cc:49] Successfully opened dynamic library libcudart.so.11.0
2021-08-12 23:11:04.999762: I tensorflow/stream_executor/platform/default/dso_loader.cc:49] Successfully opened dynamic library libcublas.so.11
2021-08-12 23:11:04.999881: I tensorflow/stream_executor/platform/default/dso_loader.cc:49] Successfully opened dynamic library libcublasLt.so.11
2021-08-12 23:11:04.999929: I tensorflow/stream_executor/platform/default/dso_loader.cc:49] Successfully opened dynamic library libcufft.so.10
2021-08-12 23:11:05.000047: I tensorflow/stream_executor/platform/default/dso_loader.cc:49] Successfully opened dynamic library libcurand.so.10
2021-08-12 23:11:05.000097: I tensorflow/stream_executor/platform/default/dso_loader.cc:49] Successfully opened dynamic library libcusolver.so.10
2021-08-12 23:11:05.000154: I tensorflow/stream_executor/platform/default/dso_loader.cc:49] Successfully opened dynamic library libcusparse.so.11
2021-08-12 23:11:05.000274: I tensorflow/stream_executor/platform/default/dso_loader.cc:49] Successfully opened dynamic library libcudnn.so.8
2021-08-12 23:11:05.006194: I tensorflow/core/common_runtime/gpu/gpu_device.cc:1862] Adding visible gpu devices: 0
2021-08-12 23:11:05.006365: I tensorflow/stream_executor/platform/default/dso_loader.cc:49] Successfully opened dynamic library libcudart.so.11.0
2021-08-12 23:11:06.434548: I tensorflow/core/common_runtime/gpu/gpu_device.cc:1261] Device interconnect StreamExecutor with strength 1 edge matrix:
2021-08-12 23:11:06.434735: I tensorflow/core/common_runtime/gpu/gpu_device.cc:1267]      0 
2021-08-12 23:11:06.434785: I tensorflow/core/common_runtime/gpu/gpu_device.cc:1280] 0:   N 
2021-08-12 23:11:06.449241: I tensorflow/core/common_runtime/gpu/gpu_device.cc:1406] Created TensorFlow device (/job:localhost/replica:0/task:0/device:GPU:0 with 30130 MB memory) -> physical GPU (device: 0, name: Tesla V100-SXM2-32GB, pci bus id: 0000:18:00.0, compute capability: 7.0)
2021-08-12 23:11:07.364928: I tensorflow/compiler/mlir/mlir_graph_optimization_pass.cc:116] None of the MLIR optimization passes are enabled (registered 2)
2021-08-12 23:11:07.365887: I tensorflow/core/platform/profile_utils/cpu_utils.cc:112] CPU Frequency: 2100000000 Hz
2021-08-12 23:11:08.011197: I tensorflow/stream_executor/platform/default/dso_loader.cc:49] Successfully opened dynamic library libcublas.so.11
2021-08-12 23:11:08.542735: I tensorflow/stream_executor/platform/default/dso_loader.cc:49] Successfully opened dynamic library libcublasLt.so.11
2021-08-12 23:11:08.545628: I tensorflow/stream_executor/platform/default/dso_loader.cc:49] Successfully opened dynamic library libcudnn.so.8
2021-08-12 23:11:10.934576: W tensorflow/stream_executor/gpu/asm_compiler.cc:63] Running ptxas --version returned 256
2021-08-12 23:11:11.001777: W tensorflow/stream_executor/gpu/redzone_allocator.cc:314] Internal: ptxas exited with non-zero error code 256, output: 
Relying on driver to perform ptx compilation. 
Modify $PATH to customize ptxas location.
This message will be only logged once.
LabelAttacker started.
LabelAttacker finished.
Training round: 1		accuracy = 0.10520000010728836
Training round: 2		accuracy = 0.11760000139474869
Training round: 3		accuracy = 0.10000000149011612
Training round: 4		accuracy = 0.10670000314712524
Training round: 5		accuracy = 0.1454000025987625
Training round: 6		accuracy = 0.21230000257492065
Training round: 7		accuracy = 0.17319999635219574
Training round: 8		accuracy = 0.17720000445842743
Training round: 9		accuracy = 0.11829999834299088
Training round: 10		accuracy = 0.1665000021457672
Training round: 11		accuracy = 0.24240000545978546
Training round: 12		accuracy = 0.18940000236034393
Training round: 13		accuracy = 0.19419999420642853
Training round: 14		accuracy = 0.16009999811649323
Training round: 15		accuracy = 0.18070000410079956
Training round: 16		accuracy = 0.17339999973773956
Training round: 17		accuracy = 0.20659999549388885
Training round: 18		accuracy = 0.2720000147819519
Training round: 19		accuracy = 0.18320000171661377
Training round: 20		accuracy = 0.27459999918937683
Training round: 21		accuracy = 0.15459999442100525
Training round: 22		accuracy = 0.21160000562667847
Training round: 23		accuracy = 0.26980000734329224
Training round: 24		accuracy = 0.25
Training round: 25		accuracy = 0.2142000049352646
Training round: 26		accuracy = 0.2824999988079071
Training round: 27		accuracy = 0.2718999981880188
Training round: 28		accuracy = 0.2451999932527542
Training round: 29		accuracy = 0.23929999768733978
Training round: 30		accuracy = 0.29820001125335693
Training round: 31		accuracy = 0.23479999601840973
Training round: 32		accuracy = 0.2809999883174896
Training round: 33		accuracy = 0.2583000063896179
Training round: 34		accuracy = 0.28459998965263367
Training round: 35		accuracy = 0.2847000062465668
Training round: 36		accuracy = 0.2152000069618225
Training round: 37		accuracy = 0.273499995470047
Training round: 38		accuracy = 0.265500009059906
Training round: 39		accuracy = 0.3172000050544739
Training round: 40		accuracy = 0.12630000710487366
Training round: 41		accuracy = 0.30660000443458557
Training round: 42		accuracy = 0.3303000032901764
Training round: 43		accuracy = 0.26269999146461487
Training round: 44		accuracy = 0.27459999918937683
Training round: 45		accuracy = 0.3095000088214874
Training round: 46		accuracy = 0.3292999863624573
Training round: 47		accuracy = 0.09849999845027924
Training round: 48		accuracy = 0.33059999346733093
Training round: 49		accuracy = 0.3578999936580658
Training round: 50		accuracy = 0.33660000562667847
Training round: 51		accuracy = 0.32739999890327454
Training round: 52		accuracy = 0.3174000084400177
Training round: 53		accuracy = 0.3142000138759613
Training round: 54		accuracy = 0.3154999911785126
Training round: 55		accuracy = 0.33169999718666077
Training round: 56		accuracy = 0.33390000462532043
Training round: 57		accuracy = 0.33410000801086426
Training round: 58		accuracy = 0.34119999408721924
Training round: 59		accuracy = 0.32749998569488525
Training round: 60		accuracy = 0.3449000120162964
Training round: 61		accuracy = 0.3668999969959259
Training round: 62		accuracy = 0.2378000020980835
Training round: 63		accuracy = 0.35409998893737793
Training round: 64		accuracy = 0.30140000581741333
Training round: 65		accuracy = 0.3441999852657318
Training round: 66		accuracy = 0.35850000381469727
Training round: 67		accuracy = 0.30979999899864197
Training round: 68		accuracy = 0.29120001196861267
Training round: 69		accuracy = 0.28110000491142273
Training round: 70		accuracy = 0.33640000224113464
Training round: 71		accuracy = 0.0674000009894371
Training round: 72		accuracy = 0.33809998631477356
Training round: 73		accuracy = 0.10540000349283218
Training round: 74		accuracy = 0.29589998722076416
Training round: 75		accuracy = 0.35100001096725464
Training round: 76		accuracy = 0.3912000060081482
Training round: 77		accuracy = 0.4239000082015991
Training round: 78		accuracy = 0.20190000534057617
Training round: 79		accuracy = 0.20730000734329224
Training round: 80		accuracy = 0.32710000872612
Training round: 81		accuracy = 0.3874000012874603
Training round: 82		accuracy = 0.4196000099182129
Training round: 83		accuracy = 0.33809998631477356
Training round: 84		accuracy = 0.4339999854564667
Training round: 85		accuracy = 0.39329999685287476
Training round: 86		accuracy = 0.34049999713897705
Training round: 87		accuracy = 0.09849999845027924
Training round: 88		accuracy = 0.29679998755455017
Training round: 89		accuracy = 0.373199999332428
Training round: 90		accuracy = 0.3546000123023987
Training round: 91		accuracy = 0.4207000136375427
Training round: 92		accuracy = 0.3666999936103821
Training round: 93		accuracy = 0.20669999718666077
Training round: 94		accuracy = 0.3319000005722046
Training round: 95		accuracy = 0.40849998593330383
Training round: 96		accuracy = 0.38429999351501465
Training round: 97		accuracy = 0.4081999957561493
Training round: 98		accuracy = 0.3765000104904175
Training round: 99		accuracy = 0.38510000705718994
Training round: 100		accuracy = 0.30410000681877136
Training round: 101		accuracy = 0.040800001472234726
Training round: 102		accuracy = 0.04410000145435333
Training round: 103		accuracy = 0.43050000071525574
Training round: 104		accuracy = 0.4049000144004822
Training round: 105		accuracy = 0.4239000082015991
Training round: 106		accuracy = 0.4083000123500824
Training round: 107		accuracy = 0.2231999933719635
Training round: 108		accuracy = 0.349700003862381
Training round: 109		accuracy = 0.3882000148296356
Training round: 110		accuracy = 0.43380001187324524
Training round: 111		accuracy = 0.38670000433921814
Training round: 112		accuracy = 0.4253000020980835
Training round: 113		accuracy = 0.3700999915599823
Training round: 114		accuracy = 0.3952000141143799
Training round: 115		accuracy = 0.3635999858379364
Training round: 116		accuracy = 0.4399999976158142
Training round: 117		accuracy = 0.33230000734329224
Training round: 118		accuracy = 0.1736000031232834
Training round: 119		accuracy = 0.41100001335144043
Training round: 120		accuracy = 0.18649999797344208
Training round: 121		accuracy = 0.33709999918937683
Training round: 122		accuracy = 0.3855000138282776
Training round: 123		accuracy = 0.3353999853134155
Training round: 124		accuracy = 0.2199999988079071
Training round: 125		accuracy = 0.1949000060558319
Training round: 126		accuracy = 0.45010000467300415
Training round: 127		accuracy = 0.4203000068664551
Training round: 128		accuracy = 0.4514000117778778
Training round: 129		accuracy = 0.4244000017642975
Training round: 130		accuracy = 0.4636000096797943
Training round: 131		accuracy = 0.3231000006198883
Training round: 132		accuracy = 0.2985999882221222
Training round: 133		accuracy = 0.42579999566078186
Training round: 134		accuracy = 0.42910000681877136
Training round: 135		accuracy = 0.4747999906539917
Training round: 136		accuracy = 0.37770000100135803
Training round: 137		accuracy = 0.17800000309944153
Training round: 138		accuracy = 0.0812000036239624
Training round: 139		accuracy = 0.4244999885559082
Training round: 140		accuracy = 0.31040000915527344
Training round: 141		accuracy = 0.20630000531673431
Training round: 142		accuracy = 0.42500001192092896
Training round: 143		accuracy = 0.47429999709129333
Training round: 144		accuracy = 0.48339998722076416
Training round: 145		accuracy = 0.3783999979496002
Training round: 146		accuracy = 0.47679999470710754
Training round: 147		accuracy = 0.4171999990940094
Training round: 148		accuracy = 0.43810001015663147
Training round: 149		accuracy = 0.46129998564720154
Training round: 150		accuracy = 0.4645000100135803
Training round: 151		accuracy = 0.14589999616146088
Training round: 152		accuracy = 0.15700000524520874
Training round: 153		accuracy = 0.37880000472068787
Training round: 154		accuracy = 0.3517000079154968
Training round: 155		accuracy = 0.4049000144004822
Training round: 156		accuracy = 0.421099990606308
Training round: 157		accuracy = 0.18170000612735748
Training round: 158		accuracy = 0.461899995803833
Training round: 159		accuracy = 0.08900000154972076
Training round: 160		accuracy = 0.2662000060081482
Training round: 161		accuracy = 0.3528999984264374
Training round: 162		accuracy = 0.4165000021457672
Training round: 163		accuracy = 0.46959999203681946
Training round: 164		accuracy = 0.14589999616146088
Training round: 165		accuracy = 0.41850000619888306
Training round: 166		accuracy = 0.30379998683929443
Training round: 167		accuracy = 0.43939998745918274
Training round: 168		accuracy = 0.32420000433921814
Training round: 169		accuracy = 0.1615999937057495
Training round: 170		accuracy = 0.3490999937057495
Training round: 171		accuracy = 0.4032999873161316
Training round: 172		accuracy = 0.37369999289512634
Training round: 173		accuracy = 0.5015000104904175
Training round: 174		accuracy = 0.5041000247001648
Training round: 175		accuracy = 0.4320000112056732
Training round: 176		accuracy = 0.4348999857902527
Training round: 177		accuracy = 0.49059998989105225
Training round: 178		accuracy = 0.4422999918460846
Training round: 179		accuracy = 0.4122999906539917
Training round: 180		accuracy = 0.3919999897480011
Training round: 181		accuracy = 0.2353000044822693
Training round: 182		accuracy = 0.15729999542236328
Training round: 183		accuracy = 0.35760000348091125
Training round: 184		accuracy = 0.2928999960422516
Training round: 185		accuracy = 0.4523000121116638
Training round: 186		accuracy = 0.26460000872612
Training round: 187		accuracy = 0.13199999928474426
Training round: 188		accuracy = 0.45239999890327454
Training round: 189		accuracy = 0.16949999332427979
Training round: 190		accuracy = 0.27570000290870667
Training round: 191		accuracy = 0.20659999549388885
Training round: 192		accuracy = 0.42010000348091125
Training round: 193		accuracy = 0.13269999623298645
Training round: 194		accuracy = 0.3880000114440918
Training round: 195		accuracy = 0.4140999913215637
Training round: 196		accuracy = 0.24979999661445618
Training round: 197		accuracy = 0.27489998936653137
Training round: 198		accuracy = 0.3799000084400177
Training round: 199		accuracy = 0.46540001034736633
Training round: 200		accuracy = 0.460999995470047
Training round: 201		accuracy = 0.5059999823570251
Training round: 202		accuracy = 0.27000001072883606
Training round: 203		accuracy = 0.39969998598098755
Training round: 204		accuracy = 0.47209998965263367
Training round: 205		accuracy = 0.484499990940094
Training round: 206		accuracy = 0.4616999924182892
Training round: 207		accuracy = 0.4677000045776367
Training round: 208		accuracy = 0.3707999885082245
Training round: 209		accuracy = 0.4189999997615814
Training round: 210		accuracy = 0.414000004529953
Training round: 211		accuracy = 0.29440000653266907
Training round: 212		accuracy = 0.39559999108314514
Training round: 213		accuracy = 0.24549999833106995
Training round: 214		accuracy = 0.3093999922275543
Training round: 215		accuracy = 0.4189999997615814
Training round: 216		accuracy = 0.2953999936580658
Training round: 217		accuracy = 0.32100000977516174
Training round: 218		accuracy = 0.39089998602867126
Training round: 219		accuracy = 0.5138000249862671
Training round: 220		accuracy = 0.4950000047683716
Training round: 221		accuracy = 0.24500000476837158
Training round: 222		accuracy = 0.3804999887943268
Training round: 223		accuracy = 0.28630000352859497
Training round: 224		accuracy = 0.2800000011920929
Training round: 225		accuracy = 0.35850000381469727
Training round: 226		accuracy = 0.2087000012397766
Training round: 227		accuracy = 0.4693000018596649
Training round: 228		accuracy = 0.46619999408721924
Training round: 229		accuracy = 0.41499999165534973
Training round: 230		accuracy = 0.24869999289512634
Training round: 231		accuracy = 0.2206999957561493
Training round: 232		accuracy = 0.2980000078678131
Training round: 233		accuracy = 0.482699990272522
Training round: 234		accuracy = 0.4758000075817108
Training round: 235		accuracy = 0.3862999975681305
Training round: 236		accuracy = 0.5005000233650208
Training round: 237		accuracy = 0.06480000168085098
Training round: 238		accuracy = 0.08410000056028366
Training round: 239		accuracy = 0.5354999899864197
Training round: 240		accuracy = 0.477400004863739
Training round: 241		accuracy = 0.3630000054836273
Training round: 242		accuracy = 0.46880000829696655
Training round: 243		accuracy = 0.07689999788999557
Training round: 244		accuracy = 0.36550000309944153
Training round: 245		accuracy = 0.361299991607666
Training round: 246		accuracy = 0.25429999828338623
Training round: 247		accuracy = 0.3400000035762787
Training round: 248		accuracy = 0.4480000138282776
Training round: 249		accuracy = 0.41510000824928284
Training round: 250		accuracy = 0.48910000920295715
Training round: 251		accuracy = 0.5116000175476074
Training round: 252		accuracy = 0.3564000129699707
Training round: 253		accuracy = 0.21860000491142273
Training round: 254		accuracy = 0.3950999975204468
Training round: 255		accuracy = 0.28870001435279846
Training round: 256		accuracy = 0.1331000030040741
Training round: 257		accuracy = 0.5019000172615051
Training round: 258		accuracy = 0.36239999532699585
Training round: 259		accuracy = 0.09870000183582306
Training round: 260		accuracy = 0.33869999647140503
Training round: 261		accuracy = 0.5454999804496765
Training round: 262		accuracy = 0.2994999885559082
Training round: 263		accuracy = 0.3449999988079071
Training round: 264		accuracy = 0.49970000982284546
Training round: 265		accuracy = 0.5047000050544739
Training round: 266		accuracy = 0.41359999775886536
Training round: 267		accuracy = 0.1436000019311905
Training round: 268		accuracy = 0.2248000055551529
Training round: 269		accuracy = 0.3580999970436096
Training round: 270		accuracy = 0.3824000060558319
Training round: 271		accuracy = 0.17350000143051147
Training round: 272		accuracy = 0.21770000457763672
Training round: 273		accuracy = 0.4569000005722046
Training round: 274		accuracy = 0.3522000014781952
Training round: 275		accuracy = 0.22200000286102295
Training round: 276		accuracy = 0.13510000705718994
Training round: 277		accuracy = 0.2337999939918518
Training round: 278		accuracy = 0.4819999933242798
Training round: 279		accuracy = 0.19339999556541443
Training round: 280		accuracy = 0.36660000681877136
Training round: 281		accuracy = 0.46779999136924744
Training round: 282		accuracy = 0.4571000039577484
Training round: 283		accuracy = 0.34689998626708984
Training round: 284		accuracy = 0.3747999966144562
Training round: 285		accuracy = 0.357699990272522
Training round: 286		accuracy = 0.5008999705314636
Training round: 287		accuracy = 0.25850000977516174
Training round: 288		accuracy = 0.4970000088214874
Training round: 289		accuracy = 0.38960000872612
Training round: 290		accuracy = 0.3465999960899353
Training round: 291		accuracy = 0.09989999979734421
Training round: 292		accuracy = 0.4650999903678894
Training round: 293		accuracy = 0.5397999882698059
Training round: 294		accuracy = 0.36579999327659607
Training round: 295		accuracy = 0.14259999990463257
Training round: 296		accuracy = 0.5242999792098999
Training round: 297		accuracy = 0.4462999999523163
Training round: 298		accuracy = 0.4855000078678131
Training round: 299		accuracy = 0.46630001068115234
Training round: 300		accuracy = 0.35089999437332153
Training round: 301		accuracy = 0.1525000035762787
Training round: 302		accuracy = 0.2296999990940094
Training round: 303		accuracy = 0.45210000872612
Training round: 304		accuracy = 0.38179999589920044
Training round: 305		accuracy = 0.22429999709129333
Training round: 306		accuracy = 0.47909998893737793
Training round: 307		accuracy = 0.35199999809265137
Training round: 308		accuracy = 0.5005999803543091
Training round: 309		accuracy = 0.2856999933719635
Training round: 310		accuracy = 0.3668999969959259
Training round: 311		accuracy = 0.4666999876499176
Training round: 312		accuracy = 0.2125999927520752
Training round: 313		accuracy = 0.14890000224113464
Training round: 314		accuracy = 0.26420000195503235
Training round: 315		accuracy = 0.38109999895095825
Training round: 316		accuracy = 0.09049999713897705
Training round: 317		accuracy = 0.32519999146461487
Training round: 318		accuracy = 0.546999990940094
Training round: 319		accuracy = 0.24899999797344208
Training round: 320		accuracy = 0.5277000069618225
Training round: 321		accuracy = 0.20309999585151672
Training round: 322		accuracy = 0.22110000252723694
Training round: 323		accuracy = 0.09929999709129333
Training round: 324		accuracy = 0.1404999941587448
Training round: 325		accuracy = 0.14030000567436218
Training round: 326		accuracy = 0.4253000020980835
Training round: 327		accuracy = 0.43149998784065247
Training round: 328		accuracy = 0.4043000042438507
Training round: 329		accuracy = 0.44429999589920044
Training round: 330		accuracy = 0.42340001463890076
Training round: 331		accuracy = 0.2361000031232834
Training round: 332		accuracy = 0.06840000301599503
Training round: 333		accuracy = 0.19099999964237213
Training round: 334		accuracy = 0.32679998874664307
Training round: 335		accuracy = 0.525600016117096
Training round: 336		accuracy = 0.3449000120162964
Training round: 337		accuracy = 0.22519999742507935
Training round: 338		accuracy = 0.13729999959468842
Training round: 339		accuracy = 0.3472999930381775
Training round: 340		accuracy = 0.2354000061750412
Training round: 341		accuracy = 0.31439998745918274
Training round: 342		accuracy = 0.1378999948501587
Training round: 343		accuracy = 0.09749999642372131
Training round: 344		accuracy = 0.22290000319480896
Training round: 345		accuracy = 0.14270000159740448
Training round: 346		accuracy = 0.4205999970436096
Training round: 347		accuracy = 0.2071000039577484
Training round: 348		accuracy = 0.43309998512268066
Training round: 349		accuracy = 0.4697999954223633
Training round: 350		accuracy = 0.2590000033378601
Training round: 351		accuracy = 0.3305000066757202
Training round: 352		accuracy = 0.4643999934196472
Training round: 353		accuracy = 0.3301999866962433
Training round: 354		accuracy = 0.46140000224113464
Training round: 355		accuracy = 0.14030000567436218
Training round: 356		accuracy = 0.3587000072002411
Training round: 357		accuracy = 0.5313000082969666
Training round: 358		accuracy = 0.30079999566078186
Training round: 359		accuracy = 0.23970000445842743
Training round: 360		accuracy = 0.19619999825954437
Training round: 361		accuracy = 0.5113000273704529
Training round: 362		accuracy = 0.34369999170303345
Training round: 363		accuracy = 0.24060000479221344
Training round: 364		accuracy = 0.20669999718666077
Training round: 365		accuracy = 0.5044999718666077
Training round: 366		accuracy = 0.44670000672340393
Training round: 367		accuracy = 0.44600000977516174
Training round: 368		accuracy = 0.4618000090122223
Training round: 369		accuracy = 0.18330000340938568
Training round: 370		accuracy = 0.14970000088214874
Training round: 371		accuracy = 0.14139999449253082
Training round: 372		accuracy = 0.5097000002861023
Training round: 373		accuracy = 0.10679999738931656
Training round: 374		accuracy = 0.5432999730110168
Training round: 375		accuracy = 0.22499999403953552
Training round: 376		accuracy = 0.33469998836517334
Training round: 377		accuracy = 0.12430000305175781
Training round: 378		accuracy = 0.5435000061988831
Training round: 379		accuracy = 0.4528000056743622
Training round: 380		accuracy = 0.08190000057220459
Training round: 381		accuracy = 0.36570000648498535
Training round: 382		accuracy = 0.5120000243186951
Training round: 383		accuracy = 0.20029999315738678
Training round: 384		accuracy = 0.188400000333786
Training round: 385		accuracy = 0.30970001220703125
Training round: 386		accuracy = 0.21289999783039093
Training round: 387		accuracy = 0.21850000321865082
Training round: 388		accuracy = 0.45980000495910645
Training round: 389		accuracy = 0.3547999858856201
Training round: 390		accuracy = 0.20100000500679016
Training round: 391		accuracy = 0.38909998536109924
Training round: 392		accuracy = 0.19910000264644623
Training round: 393		accuracy = 0.3709000051021576
Training round: 394		accuracy = 0.1152999997138977
Training round: 395		accuracy = 0.10050000250339508
Training round: 396		accuracy = 0.44690001010894775
Training round: 397		accuracy = 0.34790000319480896
Training round: 398		accuracy = 0.13609999418258667
Training round: 399		accuracy = 0.5730000138282776
Training round: 400		accuracy = 0.40130001306533813
Training round: 401		accuracy = 0.4724000096321106
Training round: 402		accuracy = 0.32760000228881836
Training round: 403		accuracy = 0.5403000116348267
Training round: 404		accuracy = 0.2890999913215637
Training round: 405		accuracy = 0.34380000829696655
Training round: 406		accuracy = 0.22139999270439148
Training round: 407		accuracy = 0.3878999948501587
Training round: 408		accuracy = 0.5435000061988831
Training round: 409		accuracy = 0.3427000045776367
Training round: 410		accuracy = 0.21359999477863312
Training round: 411		accuracy = 0.23229999840259552
Training round: 412		accuracy = 0.5372999906539917
Training round: 413		accuracy = 0.45350000262260437
Training round: 414		accuracy = 0.48559999465942383
Training round: 415		accuracy = 0.09070000052452087
Training round: 416		accuracy = 0.5175999999046326
Training round: 417		accuracy = 0.5555999875068665
Training round: 418		accuracy = 0.20239999890327454
Training round: 419		accuracy = 0.5199999809265137
Training round: 420		accuracy = 0.4388999938964844
Training round: 421		accuracy = 0.4383000135421753
Training round: 422		accuracy = 0.3488999903202057
Training round: 423		accuracy = 0.3569999933242798
Training round: 424		accuracy = 0.24879999458789825
Training round: 425		accuracy = 0.3203999996185303
Training round: 426		accuracy = 0.5097000002861023
Training round: 427		accuracy = 0.44510000944137573
Training round: 428		accuracy = 0.13300000131130219
Training round: 429		accuracy = 0.5095000267028809
Training round: 430		accuracy = 0.33660000562667847
Training round: 431		accuracy = 0.4812000095844269
Training round: 432		accuracy = 0.14180000126361847
Training round: 433		accuracy = 0.2531000077724457
Training round: 434		accuracy = 0.09960000216960907
Training round: 435		accuracy = 0.3224000036716461
Training round: 436		accuracy = 0.545199990272522
Training round: 437		accuracy = 0.10000000149011612
Training round: 438		accuracy = 0.3248000144958496
Training round: 439		accuracy = 0.10040000081062317
Training round: 440		accuracy = 0.30799999833106995
Training round: 441		accuracy = 0.13050000369548798
Training round: 442		accuracy = 0.5716000199317932
Training round: 443		accuracy = 0.5382000207901001
Training round: 444		accuracy = 0.2888999879360199
Training round: 445		accuracy = 0.5033000111579895
Training round: 446		accuracy = 0.3547999858856201
Training round: 447		accuracy = 0.12690000236034393
Training round: 448		accuracy = 0.4456999897956848
Training round: 449		accuracy = 0.24250000715255737
Training round: 450		accuracy = 0.5110999941825867
Training round: 451		accuracy = 0.2037000060081482
Training round: 452		accuracy = 0.3361999988555908
Training round: 453		accuracy = 0.47189998626708984
Training round: 454		accuracy = 0.22750000655651093
Training round: 455		accuracy = 0.26159998774528503
Training round: 456		accuracy = 0.4223000109195709
Training round: 457		accuracy = 0.5020999908447266
Training round: 458		accuracy = 0.5245000123977661
Training round: 459		accuracy = 0.2160000056028366
Training round: 460		accuracy = 0.448199987411499
Training round: 461		accuracy = 0.4187999963760376
Training round: 462		accuracy = 0.18170000612735748
Training round: 463		accuracy = 0.5241000056266785
Training round: 464		accuracy = 0.21960000693798065
Training round: 465		accuracy = 0.33169999718666077
Training round: 466		accuracy = 0.3474999964237213
Training round: 467		accuracy = 0.0877000018954277
Training round: 468		accuracy = 0.46970000863075256
Training round: 469		accuracy = 0.1469999998807907
Training round: 470		accuracy = 0.13410000503063202
Training round: 471		accuracy = 0.11749999970197678
Training round: 472		accuracy = 0.35370001196861267
Training round: 473		accuracy = 0.0689999982714653
Training round: 474		accuracy = 0.2410999983549118
Training round: 475		accuracy = 0.4715000092983246
Training round: 476		accuracy = 0.1274999976158142
Training round: 477		accuracy = 0.20440000295639038
Training round: 478		accuracy = 0.43639999628067017
Training round: 479		accuracy = 0.31299999356269836
Training round: 480		accuracy = 0.18880000710487366
Training round: 481		accuracy = 0.42410001158714294
Training round: 482		accuracy = 0.4268999993801117
Training round: 483		accuracy = 0.19820000231266022
Training round: 484		accuracy = 0.5088000297546387
Training round: 485		accuracy = 0.314300000667572
Training round: 486		accuracy = 0.4350999891757965
Training round: 487		accuracy = 0.31790000200271606
Training round: 488		accuracy = 0.3422999978065491
Training round: 489		accuracy = 0.21819999814033508
Training round: 490		accuracy = 0.22380000352859497
Training round: 491		accuracy = 0.20909999310970306
Training round: 492		accuracy = 0.3343999981880188
Training round: 493		accuracy = 0.43790000677108765
Training round: 494		accuracy = 0.21449999511241913
Training round: 495		accuracy = 0.2011999934911728
Training round: 496		accuracy = 0.2199999988079071
Training round: 497		accuracy = 0.24770000576972961
Training round: 498		accuracy = 0.3197999894618988
Training round: 499		accuracy = 0.23029999434947968
Training round: 500		accuracy = 0.5249000191688538
Training round: 501		accuracy = 0.536300003528595
Training round: 502		accuracy = 0.22169999778270721
Training round: 503		accuracy = 0.32429999113082886
Training round: 504		accuracy = 0.3098999857902527
Training round: 505		accuracy = 0.45170000195503235
Training round: 506		accuracy = 0.3149000108242035
Training round: 507		accuracy = 0.14339999854564667
Training round: 508		accuracy = 0.37369999289512634
Training round: 509		accuracy = 0.47290000319480896
Training round: 510		accuracy = 0.16140000522136688
Training round: 511		accuracy = 0.32420000433921814
Training round: 512		accuracy = 0.08860000222921371
Training round: 513		accuracy = 0.4198000133037567
Training round: 514		accuracy = 0.22290000319480896
Training round: 515		accuracy = 0.4449000060558319
Training round: 516		accuracy = 0.1598999947309494
Training round: 517		accuracy = 0.31459999084472656
Training round: 518		accuracy = 0.19609999656677246
Training round: 519		accuracy = 0.43959999084472656
Training round: 520		accuracy = 0.17430000007152557
Training round: 521		accuracy = 0.33719998598098755
Training round: 522		accuracy = 0.12800000607967377
Training round: 523		accuracy = 0.37209999561309814
Training round: 524		accuracy = 0.28360000252723694
Training round: 525		accuracy = 0.2858999967575073
Training round: 526		accuracy = 0.34860000014305115
Training round: 527		accuracy = 0.4593999981880188
Training round: 528		accuracy = 0.5274999737739563
Training round: 529		accuracy = 0.4474000036716461
Training round: 530		accuracy = 0.21389999985694885
Training round: 531		accuracy = 0.439300000667572
Training round: 532		accuracy = 0.4449999928474426
Training round: 533		accuracy = 0.17509999871253967
Training round: 534		accuracy = 0.10670000314712524
Training round: 535		accuracy = 0.3467999994754791
Training round: 536		accuracy = 0.534600019454956
Training round: 537		accuracy = 0.1834000051021576
Training round: 538		accuracy = 0.3100999891757965
Training round: 539		accuracy = 0.3009999990463257
Training round: 540		accuracy = 0.181099995970726
Training round: 541		accuracy = 0.3287999927997589
Training round: 542		accuracy = 0.19089999794960022
Training round: 543		accuracy = 0.19429999589920044
Training round: 544		accuracy = 0.21729999780654907
Training round: 545		accuracy = 0.3375999927520752
Training round: 546		accuracy = 0.31470000743865967
Training round: 547		accuracy = 0.3278000056743622
Training round: 548		accuracy = 0.20829999446868896
Training round: 549		accuracy = 0.3264000117778778
Training round: 550		accuracy = 0.4611000120639801
Training round: 551		accuracy = 0.4580000042915344
Training round: 552		accuracy = 0.40369999408721924
Training round: 553		accuracy = 0.20970000326633453
Training round: 554		accuracy = 0.4925999939441681
Training round: 555		accuracy = 0.4239000082015991
Training round: 556		accuracy = 0.4629000127315521
Training round: 557		accuracy = 0.21690000593662262
Training round: 558		accuracy = 0.09390000253915787
Training round: 559		accuracy = 0.13850000500679016
Training round: 560		accuracy = 0.5515000224113464
Training round: 561		accuracy = 0.39329999685287476
Training round: 562		accuracy = 0.2379000037908554
Training round: 563		accuracy = 0.19900000095367432
Training round: 564		accuracy = 0.3357999920845032
Training round: 565		accuracy = 0.14329999685287476
Training round: 566		accuracy = 0.211899995803833
Training round: 567		accuracy = 0.328000009059906
Training round: 568		accuracy = 0.09830000251531601
Training round: 569		accuracy = 0.37439998984336853
Training round: 570		accuracy = 0.4390000104904175
Training round: 571		accuracy = 0.1996999979019165
Training round: 572		accuracy = 0.18559999763965607
Training round: 573		accuracy = 0.45879998803138733
Training round: 574		accuracy = 0.13410000503063202
Training round: 575		accuracy = 0.4049000144004822
Training round: 576		accuracy = 0.44020000100135803
Training round: 577		accuracy = 0.12330000102519989
Training round: 578		accuracy = 0.40529999136924744
Training round: 579		accuracy = 0.5123000144958496
Training round: 580		accuracy = 0.19359999895095825
Training round: 581		accuracy = 0.09189999848604202
Training round: 582		accuracy = 0.3199999928474426
Training round: 583		accuracy = 0.2160000056028366
Training round: 584		accuracy = 0.1290999948978424
Training round: 585		accuracy = 0.21230000257492065
Training round: 586		accuracy = 0.13570000231266022
Training round: 587		accuracy = 0.44020000100135803
Training round: 588		accuracy = 0.31380000710487366
Training round: 589		accuracy = 0.3109999895095825
Training round: 590		accuracy = 0.19760000705718994
Training round: 591		accuracy = 0.15889999270439148
Training round: 592		accuracy = 0.5181999802589417
Training round: 593		accuracy = 0.1485999971628189
Training round: 594		accuracy = 0.09049999713897705
Training round: 595		accuracy = 0.1281999945640564
Training round: 596		accuracy = 0.34630000591278076
Training round: 597		accuracy = 0.19269999861717224
Training round: 598		accuracy = 0.1160999983549118
Training round: 599		accuracy = 0.5270000100135803
Training round: 600		accuracy = 0.19850000739097595
Training round: 601		accuracy = 0.19370000064373016
Training round: 602		accuracy = 0.5042999982833862
Training round: 603		accuracy = 0.4320000112056732
Training round: 604		accuracy = 0.21940000355243683
Training round: 605		accuracy = 0.5425000190734863
Training round: 606		accuracy = 0.21619999408721924
Training round: 607		accuracy = 0.47369998693466187
Training round: 608		accuracy = 0.5827999711036682
Training round: 609		accuracy = 0.29589998722076416
Training round: 610		accuracy = 0.4512999951839447
Training round: 611		accuracy = 0.19670000672340393
Training round: 612		accuracy = 0.22179999947547913
Training round: 613		accuracy = 0.5703999996185303
Training round: 614		accuracy = 0.17509999871253967
Training round: 615		accuracy = 0.32919999957084656
Training round: 616		accuracy = 0.2175000011920929
Training round: 617		accuracy = 0.1648000031709671
Training round: 618		accuracy = 0.21439999341964722
Training round: 619		accuracy = 0.5375999808311462
Training round: 620		accuracy = 0.5763999819755554
Training round: 621		accuracy = 0.13819999992847443
Training round: 622		accuracy = 0.34769999980926514
Training round: 623		accuracy = 0.439300000667572
Training round: 624		accuracy = 0.3361000120639801
Training round: 625		accuracy = 0.13269999623298645
Training round: 626		accuracy = 0.3278000056743622
Training round: 627		accuracy = 0.1445000022649765
Training round: 628		accuracy = 0.5795000195503235
Training round: 629		accuracy = 0.12359999865293503
Training round: 630		accuracy = 0.4090000092983246
Training round: 631		accuracy = 0.5620999932289124
Training round: 632		accuracy = 0.33959999680519104
Training round: 633		accuracy = 0.0917000025510788
Training round: 634		accuracy = 0.3743000030517578
Training round: 635		accuracy = 0.46720001101493835
Training round: 636		accuracy = 0.20489999651908875
Training round: 637		accuracy = 0.4259999990463257
Training round: 638		accuracy = 0.18719999492168427
Training round: 639		accuracy = 0.3774999976158142
Training round: 640		accuracy = 0.5023999810218811
Training round: 641		accuracy = 0.30630001425743103
Training round: 642		accuracy = 0.45820000767707825
Training round: 643		accuracy = 0.4481000006198883
Training round: 644		accuracy = 0.17489999532699585
Training round: 645		accuracy = 0.22290000319480896
Training round: 646		accuracy = 0.48579999804496765
Training round: 647		accuracy = 0.1826000064611435
Training round: 648		accuracy = 0.13169999420642853
Training round: 649		accuracy = 0.3521000146865845
Training round: 650		accuracy = 0.3375999927520752
Training round: 651		accuracy = 0.2240000069141388
Training round: 652		accuracy = 0.19189999997615814
Training round: 653		accuracy = 0.289000004529953
Training round: 654		accuracy = 0.48159998655319214
Training round: 655		accuracy = 0.18889999389648438
Training round: 656		accuracy = 0.579800009727478
Training round: 657		accuracy = 0.5218999981880188
Training round: 658		accuracy = 0.3984000086784363
Training round: 659		accuracy = 0.45500001311302185
Training round: 660		accuracy = 0.28700000047683716
Training round: 661		accuracy = 0.5349000096321106
Training round: 662		accuracy = 0.5044000148773193
Training round: 663		accuracy = 0.45579999685287476
Training round: 664		accuracy = 0.12309999763965607
Training round: 665		accuracy = 0.3003000020980835
Training round: 666		accuracy = 0.0885000005364418
Training round: 667		accuracy = 0.4140999913215637
Training round: 668		accuracy = 0.3224000036716461
Training round: 669		accuracy = 0.3197000026702881
Training round: 670		accuracy = 0.48350000381469727
Training round: 671		accuracy = 0.5800999999046326
Training round: 672		accuracy = 0.4212000072002411
Training round: 673		accuracy = 0.13210000097751617
Training round: 674		accuracy = 0.4586000144481659
Training round: 675		accuracy = 0.07100000232458115
Training round: 676		accuracy = 0.23800000548362732
Training round: 677		accuracy = 0.14669999480247498
Training round: 678		accuracy = 0.5379999876022339
Training round: 679		accuracy = 0.093299999833107
Training round: 680		accuracy = 0.19679999351501465
Training round: 681		accuracy = 0.14110000431537628
Training round: 682		accuracy = 0.14159999787807465
Training round: 683		accuracy = 0.3776000142097473
Training round: 684		accuracy = 0.4253999888896942
Training round: 685		accuracy = 0.4097999930381775
Training round: 686		accuracy = 0.09669999778270721
Training round: 687		accuracy = 0.5217000246047974
Training round: 688		accuracy = 0.3174000084400177
Training round: 689		accuracy = 0.4553000032901764
Training round: 690		accuracy = 0.33869999647140503
Training round: 691		accuracy = 0.12460000067949295
Training round: 692		accuracy = 0.47769999504089355
Training round: 693		accuracy = 0.2838999927043915
Training round: 694		accuracy = 0.14869999885559082
Training round: 695		accuracy = 0.3456000089645386
Training round: 696		accuracy = 0.3222000002861023
Training round: 697		accuracy = 0.3221000134944916
Training round: 698		accuracy = 0.3138999938964844
Training round: 699		accuracy = 0.41519999504089355
Training round: 700		accuracy = 0.20990000665187836
Training round: 701		accuracy = 0.32100000977516174
Training round: 702		accuracy = 0.1348000019788742
Training round: 703		accuracy = 0.30820000171661377
Training round: 704		accuracy = 0.45419999957084656
Training round: 705		accuracy = 0.22499999403953552
Training round: 706		accuracy = 0.1014999970793724
Training round: 707		accuracy = 0.31060001254081726
Training round: 708		accuracy = 0.34709998965263367
Training round: 709		accuracy = 0.11879999935626984
Training round: 710		accuracy = 0.3817000091075897
Training round: 711		accuracy = 0.29319998621940613
Training round: 712		accuracy = 0.5378000140190125
Training round: 713		accuracy = 0.11429999768733978
Training round: 714		accuracy = 0.311599999666214
Training round: 715		accuracy = 0.27219998836517334
Training round: 716		accuracy = 0.3041999936103821
Training round: 717		accuracy = 0.22280000150203705
Training round: 718		accuracy = 0.20479999482631683
Training round: 719		accuracy = 0.5224000215530396
Training round: 720		accuracy = 0.3179999887943268
Training round: 721		accuracy = 0.3208000063896179
Training round: 722		accuracy = 0.335999995470047
Training round: 723		accuracy = 0.5268999934196472
Training round: 724		accuracy = 0.462799996137619
Training round: 725		accuracy = 0.20440000295639038
Training round: 726		accuracy = 0.5241000056266785
Training round: 727		accuracy = 0.18799999356269836
Training round: 728		accuracy = 0.19470000267028809
Training round: 729		accuracy = 0.5651999711990356
Training round: 730		accuracy = 0.29840001463890076
Training round: 731		accuracy = 0.2249000072479248
Training round: 732		accuracy = 0.5428000092506409
Training round: 733		accuracy = 0.44839999079704285
Training round: 734		accuracy = 0.2833999991416931
Training round: 735		accuracy = 0.5776000022888184
Training round: 736		accuracy = 0.40130001306533813
Training round: 737		accuracy = 0.44449999928474426
Training round: 738		accuracy = 0.2020999938249588
Training round: 739		accuracy = 0.30480000376701355
Training round: 740		accuracy = 0.4458000063896179
Training round: 741		accuracy = 0.17550000548362732
Training round: 742		accuracy = 0.22179999947547913
Training round: 743		accuracy = 0.4860000014305115
Training round: 744		accuracy = 0.19130000472068787
Training round: 745		accuracy = 0.32100000977516174
Training round: 746		accuracy = 0.1370999962091446
Training round: 747		accuracy = 0.22339999675750732
Training round: 748		accuracy = 0.31349998712539673
Training round: 749		accuracy = 0.32249999046325684
Training round: 750		accuracy = 0.5339000225067139
Training round: 751		accuracy = 0.23229999840259552
Training round: 752		accuracy = 0.49939998984336853
Training round: 753		accuracy = 0.08810000121593475
Training round: 754		accuracy = 0.07639999687671661
Training round: 755		accuracy = 0.5475000143051147
Training round: 756		accuracy = 0.27970001101493835
Training round: 757		accuracy = 0.28870001435279846
Training round: 758		accuracy = 0.5515000224113464
Training round: 759		accuracy = 0.4578999876976013
Training round: 760		accuracy = 0.2976999878883362
Training round: 761		accuracy = 0.3693999946117401
Training round: 762		accuracy = 0.34060001373291016
Training round: 763		accuracy = 0.09120000153779984
Training round: 764		accuracy = 0.45969998836517334
Training round: 765		accuracy = 0.33480000495910645
Training round: 766		accuracy = 0.1347000002861023
Training round: 767		accuracy = 0.3465000092983246
Training round: 768		accuracy = 0.487199991941452
Training round: 769		accuracy = 0.14419999718666077
Training round: 770		accuracy = 0.24140000343322754
Training round: 771		accuracy = 0.3398999869823456
Training round: 772		accuracy = 0.30559998750686646
Training round: 773		accuracy = 0.43650001287460327
Training round: 774		accuracy = 0.11320000141859055
Training round: 775		accuracy = 0.3037000000476837
Training round: 776		accuracy = 0.1940000057220459
Training round: 777		accuracy = 0.20890000462532043
Training round: 778		accuracy = 0.43970000743865967
Training round: 779		accuracy = 0.1793999969959259
Training round: 780		accuracy = 0.1436000019311905
Training round: 781		accuracy = 0.3398999869823456
Training round: 782		accuracy = 0.21469999849796295
Training round: 783		accuracy = 0.2363000065088272
Training round: 784		accuracy = 0.5144000053405762
Training round: 785		accuracy = 0.19760000705718994
Training round: 786		accuracy = 0.24220000207424164
Training round: 787		accuracy = 0.4438999891281128
Training round: 788		accuracy = 0.5120999813079834
Training round: 789		accuracy = 0.17389999330043793
Training round: 790		accuracy = 0.5296000242233276
Training round: 791		accuracy = 0.3246000111103058
Training round: 792		accuracy = 0.336899995803833
Training round: 793		accuracy = 0.5317999720573425
Training round: 794		accuracy = 0.5037000179290771
Training round: 795		accuracy = 0.2851000130176544
Training round: 796		accuracy = 0.13089999556541443
Training round: 797		accuracy = 0.22939999401569366
Training round: 798		accuracy = 0.5353999733924866
Training round: 799		accuracy = 0.19529999792575836
Training round: 800		accuracy = 0.33809998631477356
Training round: 801		accuracy = 0.44369998574256897
Training round: 802		accuracy = 0.33090001344680786
Training round: 803		accuracy = 0.21539999544620514
Training round: 804		accuracy = 0.35280001163482666
Training round: 805		accuracy = 0.3061999976634979
Training round: 806		accuracy = 0.3312999904155731
Training round: 807		accuracy = 0.14419999718666077
Training round: 808		accuracy = 0.4973999857902527
Training round: 809		accuracy = 0.4336000084877014
Training round: 810		accuracy = 0.2831000089645386
Training round: 811		accuracy = 0.09489999711513519
Training round: 812		accuracy = 0.24150000512599945
Training round: 813		accuracy = 0.5457000136375427
Training round: 814		accuracy = 0.27410000562667847
Training round: 815		accuracy = 0.4510999917984009
Training round: 816		accuracy = 0.43540000915527344
Training round: 817		accuracy = 0.5457000136375427
Training round: 818		accuracy = 0.28940001130104065
Training round: 819		accuracy = 0.44530001282691956
Training round: 820		accuracy = 0.10949999839067459
Training round: 821		accuracy = 0.19509999454021454
Training round: 822		accuracy = 0.2053000032901764
Training round: 823		accuracy = 0.3280999958515167
Training round: 824		accuracy = 0.36500000953674316
Training round: 825		accuracy = 0.34290000796318054
Training round: 826		accuracy = 0.4643999934196472
Training round: 827		accuracy = 0.5867999792098999
Training round: 828		accuracy = 0.18459999561309814
Training round: 829		accuracy = 0.3174999952316284
Training round: 830		accuracy = 0.30480000376701355
Training round: 831		accuracy = 0.1251000016927719
Training round: 832		accuracy = 0.4702000021934509
Training round: 833		accuracy = 0.429500013589859
Training round: 834		accuracy = 0.17730000615119934
Training round: 835		accuracy = 0.4390000104904175
Training round: 836		accuracy = 0.4316999912261963
Training round: 837		accuracy = 0.14560000598430634
Training round: 838		accuracy = 0.2842999994754791
Training round: 839		accuracy = 0.3192000091075897
Training round: 840		accuracy = 0.31299999356269836
Training round: 841		accuracy = 0.2378000020980835
Training round: 842		accuracy = 0.5347999930381775
Training round: 843		accuracy = 0.3276999890804291
Training round: 844		accuracy = 0.5242000222206116
Training round: 845		accuracy = 0.18950000405311584
Training round: 846		accuracy = 0.13590000569820404
Training round: 847		accuracy = 0.2175000011920929
Training round: 848		accuracy = 0.532800018787384
Training round: 849		accuracy = 0.1965000033378601
Training round: 850		accuracy = 0.19220000505447388
Training round: 851		accuracy = 0.5368000268936157
Training round: 852		accuracy = 0.0949999988079071
Training round: 853		accuracy = 0.31790000200271606
Training round: 854		accuracy = 0.32989999651908875
Training round: 855		accuracy = 0.13359999656677246
Training round: 856		accuracy = 0.35010001063346863
Training round: 857		accuracy = 0.305400013923645
Training round: 858		accuracy = 0.18299999833106995
Training round: 859		accuracy = 0.21739999949932098
Training round: 860		accuracy = 0.4684999883174896
Training round: 861		accuracy = 0.43380001187324524
Training round: 862		accuracy = 0.2273000031709671
Training round: 863		accuracy = 0.3147999942302704
Training round: 864		accuracy = 0.5436999797821045
Training round: 865		accuracy = 0.10189999639987946
Training round: 866		accuracy = 0.25099998712539673
Training round: 867		accuracy = 0.4659999907016754
Training round: 868		accuracy = 0.41040000319480896
Training round: 869		accuracy = 0.1923999935388565
Training round: 870		accuracy = 0.49219998717308044
Training round: 871		accuracy = 0.13040000200271606
Training round: 872		accuracy = 0.14830000698566437
Training round: 873		accuracy = 0.3118000030517578
Training round: 874		accuracy = 0.5392000079154968
Training round: 875		accuracy = 0.5734000205993652
Training round: 876		accuracy = 0.49619999527931213
Training round: 877		accuracy = 0.43209999799728394
Training round: 878		accuracy = 0.4235000014305115
Training round: 879		accuracy = 0.42170000076293945
Training round: 880		accuracy = 0.1687999963760376
Training round: 881		accuracy = 0.3580000102519989
Training round: 882		accuracy = 0.2070000022649765
Training round: 883		accuracy = 0.3479999899864197
Training round: 884		accuracy = 0.5766000151634216
Training round: 885		accuracy = 0.44339999556541443
Training round: 886		accuracy = 0.4562999904155731
Training round: 887		accuracy = 0.13760000467300415
Training round: 888		accuracy = 0.5103999972343445
Training round: 889		accuracy = 0.2754000127315521
Training round: 890		accuracy = 0.2184000015258789
Training round: 891		accuracy = 0.335999995470047
Training round: 892		accuracy = 0.5139999985694885
Training round: 893		accuracy = 0.1793999969959259
Training round: 894		accuracy = 0.28850001096725464
Training round: 895		accuracy = 0.20890000462532043
Training round: 896		accuracy = 0.34040001034736633
Training round: 897		accuracy = 0.45890000462532043
Training round: 898		accuracy = 0.21449999511241913
Training round: 899		accuracy = 0.5687999725341797
Training round: 900		accuracy = 0.42640000581741333
Training round: 901		accuracy = 0.3224000036716461
Training round: 902		accuracy = 0.421999990940094
Training round: 903		accuracy = 0.2994999885559082
Training round: 904		accuracy = 0.44449999928474426
Training round: 905		accuracy = 0.3513000011444092
Training round: 906		accuracy = 0.08269999921321869
Training round: 907		accuracy = 0.3098999857902527
Training round: 908		accuracy = 0.5321999788284302
Training round: 909		accuracy = 0.5938000082969666
Training round: 910		accuracy = 0.40540000796318054
Training round: 911		accuracy = 0.15189999341964722
Training round: 912		accuracy = 0.43130001425743103
Training round: 913		accuracy = 0.4546000063419342
Training round: 914		accuracy = 0.2922999858856201
Training round: 915		accuracy = 0.13930000364780426
Training round: 916		accuracy = 0.3393000066280365
Training round: 917		accuracy = 0.22380000352859497
Training round: 918		accuracy = 0.1518000066280365
Training round: 919		accuracy = 0.22470000386238098
Training round: 920		accuracy = 0.20309999585151672
Training round: 921		accuracy = 0.5238000154495239
Training round: 922		accuracy = 0.30239999294281006
Training round: 923		accuracy = 0.24449999630451202
Training round: 924		accuracy = 0.210099995136261
Training round: 925		accuracy = 0.328900009393692
Training round: 926		accuracy = 0.4235000014305115
Training round: 927		accuracy = 0.5393000245094299
Training round: 928		accuracy = 0.17910000681877136
Training round: 929		accuracy = 0.5644000172615051
Training round: 930		accuracy = 0.32249999046325684
Training round: 931		accuracy = 0.4325999915599823
Training round: 932		accuracy = 0.2833999991416931
Training round: 933		accuracy = 0.47269999980926514
Training round: 934		accuracy = 0.414900004863739
Training round: 935		accuracy = 0.20020000636577606
Training round: 936		accuracy = 0.16140000522136688
Training round: 937		accuracy = 0.48890000581741333
Training round: 938		accuracy = 0.15000000596046448
Training round: 939		accuracy = 0.4629000127315521
Training round: 940		accuracy = 0.4424999952316284
Training round: 941		accuracy = 0.2062000036239624
Training round: 942		accuracy = 0.4174000024795532
Training round: 943		accuracy = 0.5842999815940857
Training round: 944		accuracy = 0.33000001311302185
Training round: 945		accuracy = 0.09489999711513519
Training round: 946		accuracy = 0.5508000254631042
Training round: 947		accuracy = 0.21130000054836273
Training round: 948		accuracy = 0.219200000166893
Training round: 949		accuracy = 0.09920000284910202
Training round: 950		accuracy = 0.23649999499320984
Training round: 951		accuracy = 0.5677000284194946
Training round: 952		accuracy = 0.3395000100135803
Training round: 953		accuracy = 0.19169999659061432
Training round: 954		accuracy = 0.5271999835968018
Training round: 955		accuracy = 0.13420000672340393
Training round: 956		accuracy = 0.4390000104904175
Training round: 957		accuracy = 0.5148000121116638
Training round: 958		accuracy = 0.2484000027179718
Training round: 959		accuracy = 0.15299999713897705
Training round: 960		accuracy = 0.2207999974489212
Training round: 961		accuracy = 0.18850000202655792
Training round: 962		accuracy = 0.13950000703334808
Training round: 963		accuracy = 0.4551999866962433
Training round: 964		accuracy = 0.2881999909877777
Training round: 965		accuracy = 0.21299999952316284
Training round: 966		accuracy = 0.34540000557899475
Training round: 967		accuracy = 0.2176000028848648
Training round: 968		accuracy = 0.3183000087738037
Training round: 969		accuracy = 0.27730000019073486
Training round: 970		accuracy = 0.5372999906539917
Training round: 971		accuracy = 0.16850000619888306
Training round: 972		accuracy = 0.6036999821662903
Training round: 973		accuracy = 0.19939999282360077
Training round: 974		accuracy = 0.328900009393692
Training round: 975		accuracy = 0.3224000036716461
Training round: 976		accuracy = 0.17970000207424164
Training round: 977		accuracy = 0.3257000148296356
Training round: 978		accuracy = 0.5217999815940857
Training round: 979		accuracy = 0.09369999915361404
Training round: 980		accuracy = 0.4189999997615814
Training round: 981		accuracy = 0.12720000743865967
Training round: 982		accuracy = 0.45660001039505005
Training round: 983		accuracy = 0.4066999852657318
Training round: 984		accuracy = 0.5281000137329102
Training round: 985		accuracy = 0.42739999294281006
Training round: 986		accuracy = 0.1995999962091446
Training round: 987		accuracy = 0.23559999465942383
Training round: 988		accuracy = 0.2232999950647354
Training round: 989		accuracy = 0.40709999203681946
Training round: 990		accuracy = 0.29109999537467957
Training round: 991		accuracy = 0.20479999482631683
Training round: 992		accuracy = 0.5582000017166138
Training round: 993		accuracy = 0.19709999859333038
Training round: 994		accuracy = 0.13529999554157257
Training round: 995		accuracy = 0.44339999556541443
Training round: 996		accuracy = 0.33329999446868896
Training round: 997		accuracy = 0.12759999930858612
Training round: 998		accuracy = 0.08089999854564667
Training round: 999		accuracy = 0.16449999809265137
Training round: 1000		accuracy = 0.19709999859333038
Training duration 14668.071365118027
