2021-08-11 05:19:38.936109: I tensorflow/stream_executor/platform/default/dso_loader.cc:49] Successfully opened dynamic library libcudart.so.11.0
2021-08-11 05:19:45.074354: I tensorflow/compiler/jit/xla_cpu_device.cc:41] Not creating XLA devices, tf_xla_enable_xla_devices not set
2021-08-11 05:19:45.075997: I tensorflow/stream_executor/platform/default/dso_loader.cc:49] Successfully opened dynamic library libcuda.so.1
2021-08-11 05:19:45.116732: I tensorflow/core/common_runtime/gpu/gpu_device.cc:1720] Found device 0 with properties: 
pciBusID: 0000:1c:00.0 name: Tesla V100-SXM2-16GB computeCapability: 7.0
coreClock: 1.53GHz coreCount: 80 deviceMemorySize: 15.78GiB deviceMemoryBandwidth: 836.37GiB/s
2021-08-11 05:19:45.116778: I tensorflow/stream_executor/platform/default/dso_loader.cc:49] Successfully opened dynamic library libcudart.so.11.0
2021-08-11 05:19:45.123532: I tensorflow/stream_executor/platform/default/dso_loader.cc:49] Successfully opened dynamic library libcublas.so.11
2021-08-11 05:19:45.123596: I tensorflow/stream_executor/platform/default/dso_loader.cc:49] Successfully opened dynamic library libcublasLt.so.11
2021-08-11 05:19:45.127534: I tensorflow/stream_executor/platform/default/dso_loader.cc:49] Successfully opened dynamic library libcufft.so.10
2021-08-11 05:19:45.128932: I tensorflow/stream_executor/platform/default/dso_loader.cc:49] Successfully opened dynamic library libcurand.so.10
2021-08-11 05:19:45.135900: I tensorflow/stream_executor/platform/default/dso_loader.cc:49] Successfully opened dynamic library libcusolver.so.10
2021-08-11 05:19:45.137191: I tensorflow/stream_executor/platform/default/dso_loader.cc:49] Successfully opened dynamic library libcusparse.so.11
2021-08-11 05:19:45.137581: I tensorflow/stream_executor/platform/default/dso_loader.cc:49] Successfully opened dynamic library libcudnn.so.8
2021-08-11 05:19:45.172000: I tensorflow/core/common_runtime/gpu/gpu_device.cc:1862] Adding visible gpu devices: 0
2021-08-11 05:19:45.172616: I tensorflow/core/platform/cpu_feature_guard.cc:142] This TensorFlow binary is optimized with oneAPI Deep Neural Network Library (oneDNN) to use the following CPU instructions in performance-critical operations:  AVX2 AVX512F FMA
To enable them in other operations, rebuild TensorFlow with the appropriate compiler flags.
2021-08-11 05:19:45.172814: I tensorflow/compiler/jit/xla_gpu_device.cc:99] Not creating XLA devices, tf_xla_enable_xla_devices not set
2021-08-11 05:19:45.173981: I tensorflow/core/common_runtime/gpu/gpu_device.cc:1720] Found device 0 with properties: 
pciBusID: 0000:1c:00.0 name: Tesla V100-SXM2-16GB computeCapability: 7.0
coreClock: 1.53GHz coreCount: 80 deviceMemorySize: 15.78GiB deviceMemoryBandwidth: 836.37GiB/s
2021-08-11 05:19:45.174020: I tensorflow/stream_executor/platform/default/dso_loader.cc:49] Successfully opened dynamic library libcudart.so.11.0
2021-08-11 05:19:45.174040: I tensorflow/stream_executor/platform/default/dso_loader.cc:49] Successfully opened dynamic library libcublas.so.11
2021-08-11 05:19:45.174053: I tensorflow/stream_executor/platform/default/dso_loader.cc:49] Successfully opened dynamic library libcublasLt.so.11
2021-08-11 05:19:45.174067: I tensorflow/stream_executor/platform/default/dso_loader.cc:49] Successfully opened dynamic library libcufft.so.10
2021-08-11 05:19:45.174080: I tensorflow/stream_executor/platform/default/dso_loader.cc:49] Successfully opened dynamic library libcurand.so.10
2021-08-11 05:19:45.174092: I tensorflow/stream_executor/platform/default/dso_loader.cc:49] Successfully opened dynamic library libcusolver.so.10
2021-08-11 05:19:45.174105: I tensorflow/stream_executor/platform/default/dso_loader.cc:49] Successfully opened dynamic library libcusparse.so.11
2021-08-11 05:19:45.174118: I tensorflow/stream_executor/platform/default/dso_loader.cc:49] Successfully opened dynamic library libcudnn.so.8
2021-08-11 05:19:45.177491: I tensorflow/core/common_runtime/gpu/gpu_device.cc:1862] Adding visible gpu devices: 0
2021-08-11 05:19:45.177535: I tensorflow/stream_executor/platform/default/dso_loader.cc:49] Successfully opened dynamic library libcudart.so.11.0
2021-08-11 05:19:46.002933: I tensorflow/core/common_runtime/gpu/gpu_device.cc:1261] Device interconnect StreamExecutor with strength 1 edge matrix:
2021-08-11 05:19:46.002975: I tensorflow/core/common_runtime/gpu/gpu_device.cc:1267]      0 
2021-08-11 05:19:46.002988: I tensorflow/core/common_runtime/gpu/gpu_device.cc:1280] 0:   N 
2021-08-11 05:19:46.018921: I tensorflow/core/common_runtime/gpu/gpu_device.cc:1406] Created TensorFlow device (/job:localhost/replica:0/task:0/device:GPU:0 with 14761 MB memory) -> physical GPU (device: 0, name: Tesla V100-SXM2-16GB, pci bus id: 0000:1c:00.0, compute capability: 7.0)
2021-08-11 05:19:46.574786: I tensorflow/compiler/mlir/mlir_graph_optimization_pass.cc:116] None of the MLIR optimization passes are enabled (registered 2)
2021-08-11 05:19:46.576278: I tensorflow/core/platform/profile_utils/cpu_utils.cc:112] CPU Frequency: 2400000000 Hz
2021-08-11 05:19:47.034744: I tensorflow/stream_executor/platform/default/dso_loader.cc:49] Successfully opened dynamic library libcublas.so.11
2021-08-11 05:19:47.945751: I tensorflow/stream_executor/platform/default/dso_loader.cc:49] Successfully opened dynamic library libcublasLt.so.11
2021-08-11 05:19:47.973076: I tensorflow/stream_executor/platform/default/dso_loader.cc:49] Successfully opened dynamic library libcudnn.so.8
2021-08-11 05:19:52.303560: W tensorflow/stream_executor/gpu/asm_compiler.cc:63] Running ptxas --version returned 256
2021-08-11 05:19:52.354695: W tensorflow/stream_executor/gpu/redzone_allocator.cc:314] Internal: ptxas exited with non-zero error code 256, output: 
Relying on driver to perform ptx compilation. 
Modify $PATH to customize ptxas location.
This message will be only logged once.
LabelAttacker started.
LabelAttacker finished.
Training round: 1		accuracy = 0.09809999912977219
Training round: 2		accuracy = 0.10000000149011612
Training round: 3		accuracy = 0.10040000081062317
Training round: 4		accuracy = 0.09470000118017197
Training round: 5		accuracy = 0.10840000212192535
Training round: 6		accuracy = 0.09989999979734421
Training round: 7		accuracy = 0.10000000149011612
Training round: 8		accuracy = 0.10000000149011612
Training round: 9		accuracy = 0.10000000149011612
Training round: 10		accuracy = 0.10000000149011612
Training round: 11		accuracy = 0.10239999741315842
Training round: 12		accuracy = 0.10000000149011612
Training round: 13		accuracy = 0.10000000149011612
Training round: 14		accuracy = 0.10000000149011612
Training round: 15		accuracy = 0.10000000149011612
Training round: 16		accuracy = 0.10000000149011612
Training round: 17		accuracy = 0.10000000149011612
Training round: 18		accuracy = 0.10000000149011612
Training round: 19		accuracy = 0.10000000149011612
Training round: 20		accuracy = 0.10000000149011612
Training round: 21		accuracy = 0.10000000149011612
Training round: 22		accuracy = 0.10000000149011612
Training round: 23		accuracy = 0.10260000079870224
Training round: 24		accuracy = 0.10000000149011612
Training round: 25		accuracy = 0.10000000149011612
Training round: 26		accuracy = 0.10000000149011612
Training round: 27		accuracy = 0.10119999945163727
Training round: 28		accuracy = 0.10000000149011612
Training round: 29		accuracy = 0.10000000149011612
Training round: 30		accuracy = 0.09989999979734421
Training round: 31		accuracy = 0.10000000149011612
Training round: 32		accuracy = 0.08810000121593475
Training round: 33		accuracy = 0.09950000047683716
Training round: 34		accuracy = 0.08579999953508377
Training round: 35		accuracy = 0.10000000149011612
Training round: 36		accuracy = 0.09650000184774399
Training round: 37		accuracy = 0.120899997651577
Training round: 38		accuracy = 0.10000000149011612
Training round: 39		accuracy = 0.10130000114440918
Training round: 40		accuracy = 0.10000000149011612
Training round: 41		accuracy = 0.10000000149011612
Training round: 42		accuracy = 0.10620000213384628
Training round: 43		accuracy = 0.10000000149011612
Training round: 44		accuracy = 0.10000000149011612
Training round: 45		accuracy = 0.10000000149011612
Training round: 46		accuracy = 0.10000000149011612
Training round: 47		accuracy = 0.10000000149011612
Training round: 48		accuracy = 0.10000000149011612
Training round: 49		accuracy = 0.10000000149011612
Training round: 50		accuracy = 0.10000000149011612
Training round: 51		accuracy = 0.10029999911785126
Training round: 52		accuracy = 0.10010000318288803
Training round: 53		accuracy = 0.10000000149011612
Training round: 54		accuracy = 0.10000000149011612
Training round: 55		accuracy = 0.15440000593662262
Training round: 56		accuracy = 0.10100000351667404
Training round: 57		accuracy = 0.1160999983549118
Training round: 58		accuracy = 0.1005999967455864
Training round: 59		accuracy = 0.10000000149011612
Training round: 60		accuracy = 0.10000000149011612
Training round: 61		accuracy = 0.12540000677108765
Training round: 62		accuracy = 0.13109999895095825
Training round: 63		accuracy = 0.1581999957561493
Training round: 64		accuracy = 0.10000000149011612
Training round: 65		accuracy = 0.1445000022649765
Training round: 66		accuracy = 0.12860000133514404
Training round: 67		accuracy = 0.1039000004529953
Training round: 68		accuracy = 0.10040000081062317
Training round: 69		accuracy = 0.10260000079870224
Training round: 70		accuracy = 0.1006999984383583
Training round: 71		accuracy = 0.09560000151395798
Training round: 72		accuracy = 0.10000000149011612
Training round: 73		accuracy = 0.10019999742507935
Training round: 74		accuracy = 0.09880000352859497
Training round: 75		accuracy = 0.10000000149011612
Training round: 76		accuracy = 0.10130000114440918
Training round: 77		accuracy = 0.13050000369548798
Training round: 78		accuracy = 0.10000000149011612
Training round: 79		accuracy = 0.13760000467300415
Training round: 80		accuracy = 0.10000000149011612
Training round: 81		accuracy = 0.10000000149011612
Training round: 82		accuracy = 0.1477999985218048
Training round: 83		accuracy = 0.10000000149011612
Training round: 84		accuracy = 0.11020000278949738
Training round: 85		accuracy = 0.10000000149011612
Training round: 86		accuracy = 0.10899999737739563
Training round: 87		accuracy = 0.10000000149011612
Training round: 88		accuracy = 0.10859999805688858
Training round: 89		accuracy = 0.10289999842643738
Training round: 90		accuracy = 0.10620000213384628
Training round: 91		accuracy = 0.10000000149011612
Training round: 92		accuracy = 0.12200000137090683
Training round: 93		accuracy = 0.10000000149011612
Training round: 94		accuracy = 0.09969999641180038
Training round: 95		accuracy = 0.10729999840259552
Training round: 96		accuracy = 0.09830000251531601
Training round: 97		accuracy = 0.1103999987244606
Training round: 98		accuracy = 0.10019999742507935
Training round: 99		accuracy = 0.10509999841451645
Training round: 100		accuracy = 0.10790000110864639
Training round: 101		accuracy = 0.09799999743700027
Training round: 102		accuracy = 0.09939999878406525
Training round: 103		accuracy = 0.09969999641180038
Training round: 104		accuracy = 0.0997999981045723
Training round: 105		accuracy = 0.13259999454021454
Training round: 106		accuracy = 0.133200004696846
Training round: 107		accuracy = 0.14350000023841858
Training round: 108		accuracy = 0.1071000024676323
Training round: 109		accuracy = 0.10029999911785126
Training round: 110		accuracy = 0.10050000250339508
Training round: 111		accuracy = 0.09880000352859497
Training round: 112		accuracy = 0.12960000336170197
Training round: 113		accuracy = 0.1136000007390976
Training round: 114		accuracy = 0.13729999959468842
Training round: 115		accuracy = 0.10239999741315842
Training round: 116		accuracy = 0.13099999725818634
Training round: 117		accuracy = 0.0835999995470047
Training round: 118		accuracy = 0.09279999881982803
Training round: 119		accuracy = 0.10570000112056732
Training round: 120		accuracy = 0.10159999877214432
Training round: 121		accuracy = 0.12929999828338623
Training round: 122		accuracy = 0.10000000149011612
Training round: 123		accuracy = 0.12269999831914902
Training round: 124		accuracy = 0.10040000081062317
Training round: 125		accuracy = 0.11819999665021896
Training round: 126		accuracy = 0.1006999984383583
Training round: 127		accuracy = 0.10010000318288803
Training round: 128		accuracy = 0.1145000010728836
Training round: 129		accuracy = 0.10000000149011612
Training round: 130		accuracy = 0.10729999840259552
Training round: 131		accuracy = 0.10279999673366547
Training round: 132		accuracy = 0.11569999903440475
Training round: 133		accuracy = 0.1551000028848648
Training round: 134		accuracy = 0.16369999945163727
Training round: 135		accuracy = 0.10769999772310257
Training round: 136		accuracy = 0.12240000069141388
Training round: 137		accuracy = 0.10809999704360962
Training round: 138		accuracy = 0.1014999970793724
Training round: 139		accuracy = 0.14910000562667847
Training round: 140		accuracy = 0.10029999911785126
Training round: 141		accuracy = 0.08780000358819962
Training round: 142		accuracy = 0.10760000348091125
Training round: 143		accuracy = 0.0925000011920929
Training round: 144		accuracy = 0.08340000361204147
Training round: 145		accuracy = 0.1080000028014183
Training round: 146		accuracy = 0.12219999730587006
Training round: 147		accuracy = 0.10509999841451645
Training round: 148		accuracy = 0.15700000524520874
Training round: 149		accuracy = 0.1006999984383583
Training round: 150		accuracy = 0.10450000315904617
Training round: 151		accuracy = 0.12620000541210175
Training round: 152		accuracy = 0.11680000275373459
Training round: 153		accuracy = 0.09730000048875809
Training round: 154		accuracy = 0.10019999742507935
Training round: 155		accuracy = 0.10090000182390213
Training round: 156		accuracy = 0.10010000318288803
Training round: 157		accuracy = 0.09480000287294388
Training round: 158		accuracy = 0.1356000006198883
Training round: 159		accuracy = 0.125900000333786
Training round: 160		accuracy = 0.09910000115633011
Training round: 161		accuracy = 0.09260000288486481
Training round: 162		accuracy = 0.10199999809265137
Training round: 163		accuracy = 0.11219999939203262
Training round: 164		accuracy = 0.10779999941587448
Training round: 165		accuracy = 0.11020000278949738
Training round: 166		accuracy = 0.11500000208616257
Training round: 167		accuracy = 0.1670999974012375
Training round: 168		accuracy = 0.16850000619888306
Training round: 169		accuracy = 0.10890000313520432
Training round: 170		accuracy = 0.14650000631809235
Training round: 171		accuracy = 0.1143999993801117
Training round: 172		accuracy = 0.1850000023841858
Training round: 173		accuracy = 0.10360000282526016
Training round: 174		accuracy = 0.11509999632835388
Training round: 175		accuracy = 0.14000000059604645
Training round: 176		accuracy = 0.10170000046491623
Training round: 177		accuracy = 0.10830000042915344
Training round: 178		accuracy = 0.10130000114440918
Training round: 179		accuracy = 0.14800000190734863
Training round: 180		accuracy = 0.13410000503063202
Training round: 181		accuracy = 0.15119999647140503
Training round: 182		accuracy = 0.10689999908208847
Training round: 183		accuracy = 0.10649999976158142
Training round: 184		accuracy = 0.10019999742507935
Training round: 185		accuracy = 0.17069999873638153
Training round: 186		accuracy = 0.16040000319480896
Training round: 187		accuracy = 0.15839999914169312
Training round: 188		accuracy = 0.15870000422000885
Training round: 189		accuracy = 0.15049999952316284
Training round: 190		accuracy = 0.07280000299215317
Training round: 191		accuracy = 0.10000000149011612
Training round: 192		accuracy = 0.12759999930858612
Training round: 193		accuracy = 0.13750000298023224
Training round: 194		accuracy = 0.1647000014781952
Training round: 195		accuracy = 0.14010000228881836
Training round: 196		accuracy = 0.10409999638795853
Training round: 197		accuracy = 0.15070000290870667
Training round: 198		accuracy = 0.08470000326633453
Training round: 199		accuracy = 0.10019999742507935
Training round: 200		accuracy = 0.11909999698400497
Training round: 201		accuracy = 0.17080000042915344
Training round: 202		accuracy = 0.13740000128746033
Training round: 203		accuracy = 0.10090000182390213
Training round: 204		accuracy = 0.10010000318288803
Training round: 205		accuracy = 0.16189999878406525
Training round: 206		accuracy = 0.10090000182390213
Training round: 207		accuracy = 0.1023000031709671
Training round: 208		accuracy = 0.17479999363422394
Training round: 209		accuracy = 0.17090000212192535
Training round: 210		accuracy = 0.10010000318288803
Training round: 211		accuracy = 0.10379999876022339
Training round: 212		accuracy = 0.10119999945163727
Training round: 213		accuracy = 0.10480000078678131
Training round: 214		accuracy = 0.16300000250339508
Training round: 215		accuracy = 0.10520000010728836
Training round: 216		accuracy = 0.17020000517368317
Training round: 217		accuracy = 0.1446000039577484
Training round: 218		accuracy = 0.18960000574588776
Training round: 219		accuracy = 0.10400000214576721
Training round: 220		accuracy = 0.10170000046491623
Training round: 221		accuracy = 0.10220000147819519
Training round: 222		accuracy = 0.11169999837875366
Training round: 223		accuracy = 0.12520000338554382
Training round: 224		accuracy = 0.10279999673366547
Training round: 225		accuracy = 0.12620000541210175
Training round: 226		accuracy = 0.10010000318288803
Training round: 227		accuracy = 0.10329999774694443
Training round: 228		accuracy = 0.10740000009536743
Training round: 229		accuracy = 0.120899997651577
Training round: 230		accuracy = 0.17990000545978546
Training round: 231		accuracy = 0.11840000003576279
Training round: 232		accuracy = 0.10249999910593033
Training round: 233		accuracy = 0.10140000283718109
Training round: 234		accuracy = 0.0982000008225441
Training round: 235		accuracy = 0.1437000036239624
Training round: 236		accuracy = 0.11460000276565552
Training round: 237		accuracy = 0.12559999525547028
Training round: 238		accuracy = 0.10130000114440918
Training round: 239		accuracy = 0.06719999760389328
Training round: 240		accuracy = 0.1014999970793724
Training round: 241		accuracy = 0.17430000007152557
Training round: 242		accuracy = 0.0754999965429306
Training round: 243		accuracy = 0.11580000072717667
Training round: 244		accuracy = 0.12309999763965607
Training round: 245		accuracy = 0.10000000149011612
Training round: 246		accuracy = 0.11980000138282776
Training round: 247		accuracy = 0.08560000360012054
Training round: 248		accuracy = 0.18619999289512634
Training round: 249		accuracy = 0.1387999951839447
Training round: 250		accuracy = 0.09950000047683716
Training round: 251		accuracy = 0.08179999887943268
Training round: 252		accuracy = 0.09560000151395798
Training round: 253		accuracy = 0.09600000083446503
Training round: 254		accuracy = 0.07169999927282333
Training round: 255		accuracy = 0.06379999965429306
Training round: 256		accuracy = 0.07940000295639038
Training round: 257		accuracy = 0.14169999957084656
Training round: 258		accuracy = 0.19689999520778656
Training round: 259		accuracy = 0.07900000363588333
Training round: 260		accuracy = 0.16249999403953552
Training round: 261		accuracy = 0.13339999318122864
Training round: 262		accuracy = 0.09520000219345093
Training round: 263		accuracy = 0.148499995470047
Training round: 264		accuracy = 0.17190000414848328
Training round: 265		accuracy = 0.10189999639987946
Training round: 266		accuracy = 0.07670000195503235
Training round: 267		accuracy = 0.11580000072717667
Training round: 268		accuracy = 0.16689999401569366
Training round: 269		accuracy = 0.1046999990940094
Training round: 270		accuracy = 0.18389999866485596
Training round: 271		accuracy = 0.09099999815225601
Training round: 272		accuracy = 0.15299999713897705
Training round: 273		accuracy = 0.10679999738931656
Training round: 274		accuracy = 0.14419999718666077
Training round: 275		accuracy = 0.04410000145435333
Training round: 276		accuracy = 0.16500000655651093
Training round: 277		accuracy = 0.07959999889135361
Training round: 278		accuracy = 0.18940000236034393
Training round: 279		accuracy = 0.17990000545978546
Training round: 280		accuracy = 0.09860000014305115
Training round: 281		accuracy = 0.07810000330209732
Training round: 282		accuracy = 0.18729999661445618
Training round: 283		accuracy = 0.1535000056028366
Training round: 284		accuracy = 0.16910000145435333
Training round: 285		accuracy = 0.15209999680519104
Training round: 286		accuracy = 0.20509999990463257
Training round: 287		accuracy = 0.09380000084638596
Training round: 288		accuracy = 0.20190000534057617
Training round: 289		accuracy = 0.10350000113248825
Training round: 290		accuracy = 0.10509999841451645
Training round: 291		accuracy = 0.07980000227689743
Training round: 292		accuracy = 0.09759999811649323
Training round: 293		accuracy = 0.08479999750852585
Training round: 294		accuracy = 0.2079000025987625
Training round: 295		accuracy = 0.23119999468326569
Training round: 296		accuracy = 0.17599999904632568
Training round: 297		accuracy = 0.1657000035047531
Training round: 298		accuracy = 0.156700000166893
Training round: 299		accuracy = 0.11410000175237656
Training round: 300		accuracy = 0.12240000069141388
Training round: 301		accuracy = 0.10949999839067459
Training round: 302		accuracy = 0.22139999270439148
Training round: 303		accuracy = 0.12549999356269836
Training round: 304		accuracy = 0.13740000128746033
Training round: 305		accuracy = 0.08209999650716782
Training round: 306		accuracy = 0.11559999734163284
Training round: 307		accuracy = 0.16140000522136688
Training round: 308		accuracy = 0.10909999907016754
Training round: 309		accuracy = 0.179299995303154
Training round: 310		accuracy = 0.1216999962925911
Training round: 311		accuracy = 0.1777999997138977
Training round: 312		accuracy = 0.17069999873638153
Training round: 313		accuracy = 0.1923999935388565
Training round: 314		accuracy = 0.09099999815225601
Training round: 315		accuracy = 0.08410000056028366
Training round: 316		accuracy = 0.10209999978542328
Training round: 317		accuracy = 0.10109999775886536
Training round: 318		accuracy = 0.0982000008225441
Training round: 319		accuracy = 0.120899997651577
Training round: 320		accuracy = 0.12160000205039978
Training round: 321		accuracy = 0.05849999934434891
Training round: 322		accuracy = 0.07519999891519547
Training round: 323		accuracy = 0.12470000237226486
Training round: 324		accuracy = 0.16910000145435333
Training round: 325		accuracy = 0.17659999430179596
Training round: 326		accuracy = 0.24230000376701355
Training round: 327		accuracy = 0.13830000162124634
Training round: 328		accuracy = 0.09539999812841415
Training round: 329		accuracy = 0.053199999034404755
Training round: 330		accuracy = 0.043299999088048935
Training round: 331		accuracy = 0.1517000049352646
Training round: 332		accuracy = 0.17820000648498535
Training round: 333		accuracy = 0.16750000417232513
Training round: 334		accuracy = 0.0982000008225441
Training round: 335		accuracy = 0.18170000612735748
Training round: 336		accuracy = 0.11710000038146973
Training round: 337		accuracy = 0.21400000154972076
Training round: 338		accuracy = 0.13689999282360077
Training round: 339		accuracy = 0.210999995470047
Training round: 340		accuracy = 0.2538999915122986
Training round: 341		accuracy = 0.19429999589920044
Training round: 342		accuracy = 0.15449999272823334
Training round: 343		accuracy = 0.12690000236034393
Training round: 344		accuracy = 0.22439999878406525
Training round: 345		accuracy = 0.24079999327659607
Training round: 346		accuracy = 0.26649999618530273
Training round: 347		accuracy = 0.1370999962091446
Training round: 348		accuracy = 0.10419999808073044
Training round: 349		accuracy = 0.15710000693798065
Training round: 350		accuracy = 0.15369999408721924
Training round: 351		accuracy = 0.10000000149011612
Training round: 352		accuracy = 0.16200000047683716
Training round: 353		accuracy = 0.14509999752044678
Training round: 354		accuracy = 0.11159999668598175
Training round: 355		accuracy = 0.13609999418258667
Training round: 356		accuracy = 0.11900000274181366
Training round: 357		accuracy = 0.11159999668598175
Training round: 358		accuracy = 0.14800000190734863
Training round: 359		accuracy = 0.18170000612735748
Training round: 360		accuracy = 0.21459999680519104
Training round: 361		accuracy = 0.15520000457763672
Training round: 362		accuracy = 0.15029999613761902
Training round: 363		accuracy = 0.06350000202655792
Training round: 364		accuracy = 0.19990000128746033
Training round: 365		accuracy = 0.23180000483989716
Training round: 366		accuracy = 0.1777999997138977
Training round: 367		accuracy = 0.1826000064611435
Training round: 368		accuracy = 0.2037000060081482
Training round: 369		accuracy = 0.18359999358654022
Training round: 370		accuracy = 0.12030000239610672
Training round: 371		accuracy = 0.2759999930858612
Training round: 372		accuracy = 0.14560000598430634
Training round: 373		accuracy = 0.19220000505447388
Training round: 374		accuracy = 0.23929999768733978
Training round: 375		accuracy = 0.22110000252723694
Training round: 376		accuracy = 0.17030000686645508
Training round: 377		accuracy = 0.10329999774694443
Training round: 378		accuracy = 0.08659999817609787
Training round: 379		accuracy = 0.08569999784231186
Training round: 380		accuracy = 0.10000000149011612
Training round: 381		accuracy = 0.2529999911785126
Training round: 382		accuracy = 0.179299995303154
Training round: 383		accuracy = 0.12680000066757202
Training round: 384		accuracy = 0.09510000050067902
Training round: 385		accuracy = 0.22930000722408295
Training round: 386		accuracy = 0.2370000034570694
Training round: 387		accuracy = 0.2667999863624573
Training round: 388		accuracy = 0.19169999659061432
Training round: 389		accuracy = 0.1867000013589859
Training round: 390		accuracy = 0.22519999742507935
Training round: 391		accuracy = 0.19349999725818634
Training round: 392		accuracy = 0.21770000457763672
Training round: 393		accuracy = 0.16329999268054962
Training round: 394		accuracy = 0.08910000324249268
Training round: 395		accuracy = 0.14239999651908875
Training round: 396		accuracy = 0.2159000039100647
Training round: 397		accuracy = 0.23070000112056732
Training round: 398		accuracy = 0.15680000185966492
Training round: 399		accuracy = 0.08349999785423279
Training round: 400		accuracy = 0.18170000612735748
Training round: 401		accuracy = 0.23649999499320984
Training round: 402		accuracy = 0.21860000491142273
Training round: 403		accuracy = 0.26570001244544983
Training round: 404		accuracy = 0.23980000615119934
Training round: 405		accuracy = 0.2304999977350235
Training round: 406		accuracy = 0.28630000352859497
Training round: 407		accuracy = 0.1818999946117401
Training round: 408		accuracy = 0.0989999994635582
Training round: 409		accuracy = 0.2863999903202057
Training round: 410		accuracy = 0.09920000284910202
Training round: 411		accuracy = 0.17470000684261322
Training round: 412		accuracy = 0.19089999794960022
Training round: 413		accuracy = 0.2922999858856201
Training round: 414		accuracy = 0.2870999872684479
Training round: 415		accuracy = 0.2224999964237213
Training round: 416		accuracy = 0.21529999375343323
Training round: 417		accuracy = 0.21789999306201935
Training round: 418		accuracy = 0.14239999651908875
Training round: 419		accuracy = 0.20999999344348907
Training round: 420		accuracy = 0.2093999981880188
Training round: 421		accuracy = 0.25220000743865967
Training round: 422		accuracy = 0.21209999918937683
Training round: 423		accuracy = 0.23989999294281006
Training round: 424		accuracy = 0.27559998631477356
Training round: 425		accuracy = 0.28790000081062317
Training round: 426		accuracy = 0.26989999413490295
Training round: 427		accuracy = 0.2946999967098236
Training round: 428		accuracy = 0.2167000025510788
Training round: 429		accuracy = 0.2551000118255615
Training round: 430		accuracy = 0.26179999113082886
Training round: 431		accuracy = 0.25679999589920044
Training round: 432		accuracy = 0.21950000524520874
Training round: 433		accuracy = 0.22419999539852142
Training round: 434		accuracy = 0.25920000672340393
Training round: 435		accuracy = 0.2953999936580658
Training round: 436		accuracy = 0.21490000188350677
Training round: 437		accuracy = 0.27950000762939453
Training round: 438		accuracy = 0.25369998812675476
Training round: 439		accuracy = 0.14830000698566437
Training round: 440		accuracy = 0.23389999568462372
Training round: 441		accuracy = 0.21140000224113464
Training round: 442		accuracy = 0.22910000383853912
Training round: 443		accuracy = 0.28049999475479126
Training round: 444		accuracy = 0.25130000710487366
Training round: 445		accuracy = 0.17550000548362732
Training round: 446		accuracy = 0.27309998869895935
Training round: 447		accuracy = 0.23999999463558197
Training round: 448		accuracy = 0.25049999356269836
Training round: 449		accuracy = 0.2320999950170517
Training round: 450		accuracy = 0.23330000042915344
Training round: 451		accuracy = 0.25619998574256897
Training round: 452		accuracy = 0.273499995470047
Training round: 453		accuracy = 0.26669999957084656
Training round: 454		accuracy = 0.2029000073671341
Training round: 455		accuracy = 0.2070000022649765
Training round: 456		accuracy = 0.16779999434947968
Training round: 457		accuracy = 0.25220000743865967
Training round: 458		accuracy = 0.29580000042915344
Training round: 459		accuracy = 0.2517000138759613
Training round: 460		accuracy = 0.22380000352859497
Training round: 461		accuracy = 0.24070000648498535
Training round: 462		accuracy = 0.29420000314712524
Training round: 463		accuracy = 0.1826999932527542
Training round: 464		accuracy = 0.2011999934911728
Training round: 465		accuracy = 0.2736000120639801
Training round: 466		accuracy = 0.2745000123977661
Training round: 467		accuracy = 0.2858000099658966
Training round: 468		accuracy = 0.21469999849796295
Training round: 469		accuracy = 0.20960000157356262
Training round: 470		accuracy = 0.2971000075340271
Training round: 471		accuracy = 0.2874000072479248
Training round: 472		accuracy = 0.29179999232292175
Training round: 473		accuracy = 0.2883000075817108
Training round: 474		accuracy = 0.28290000557899475
Training round: 475		accuracy = 0.23119999468326569
Training round: 476		accuracy = 0.2793999910354614
Training round: 477		accuracy = 0.24060000479221344
Training round: 478		accuracy = 0.2727999985218048
Training round: 479		accuracy = 0.23849999904632568
Training round: 480		accuracy = 0.27799999713897705
Training round: 481		accuracy = 0.2906999886035919
Training round: 482		accuracy = 0.24320000410079956
Training round: 483		accuracy = 0.25099998712539673
Training round: 484		accuracy = 0.27239999175071716
Training round: 485		accuracy = 0.249099999666214
Training round: 486		accuracy = 0.2492000013589859
Training round: 487		accuracy = 0.22689999639987946
Training round: 488		accuracy = 0.329800009727478
Training round: 489		accuracy = 0.26600000262260437
Training round: 490		accuracy = 0.301800012588501
Training round: 491		accuracy = 0.29789999127388
Training round: 492		accuracy = 0.23199999332427979
Training round: 493		accuracy = 0.32120001316070557
Training round: 494		accuracy = 0.3188999891281128
Training round: 495		accuracy = 0.26420000195503235
Training round: 496		accuracy = 0.31380000710487366
Training round: 497		accuracy = 0.2957000136375427
Training round: 498		accuracy = 0.30630001425743103
Training round: 499		accuracy = 0.31459999084472656
Training round: 500		accuracy = 0.30869999527931213
Training round: 501		accuracy = 0.33149999380111694
Training round: 502		accuracy = 0.24560000002384186
Training round: 503		accuracy = 0.33309999108314514
Training round: 504		accuracy = 0.3140000104904175
Training round: 505		accuracy = 0.3188999891281128
Training round: 506		accuracy = 0.33379998803138733
Training round: 507		accuracy = 0.3276999890804291
Training round: 508		accuracy = 0.3407999873161316
Training round: 509		accuracy = 0.25529998540878296
Training round: 510		accuracy = 0.29350000619888306
Training round: 511		accuracy = 0.3257000148296356
Training round: 512		accuracy = 0.311599999666214
Training round: 513		accuracy = 0.31790000200271606
Training round: 514		accuracy = 0.3292999863624573
Training round: 515		accuracy = 0.328900009393692
Training round: 516		accuracy = 0.3138999938964844
Training round: 517		accuracy = 0.3314000070095062
Training round: 518		accuracy = 0.28459998965263367
Training round: 519		accuracy = 0.31630000472068787
Training round: 520		accuracy = 0.32899999618530273
Training round: 521		accuracy = 0.2939000129699707
Training round: 522		accuracy = 0.34209999442100525
Training round: 523		accuracy = 0.299699991941452
Training round: 524		accuracy = 0.30079999566078186
Training round: 525		accuracy = 0.33169999718666077
Training round: 526		accuracy = 0.35339999198913574
Training round: 527		accuracy = 0.34209999442100525
Training round: 528		accuracy = 0.3102000057697296
Training round: 529		accuracy = 0.35100001096725464
Training round: 530		accuracy = 0.3188000023365021
Training round: 531		accuracy = 0.2924000024795532
Training round: 532		accuracy = 0.33320000767707825
Training round: 533		accuracy = 0.3467999994754791
Training round: 534		accuracy = 0.3239000141620636
Training round: 535		accuracy = 0.3725000023841858
Training round: 536		accuracy = 0.3652999997138977
Training round: 537		accuracy = 0.32580000162124634
Training round: 538		accuracy = 0.35679998993873596
Training round: 539		accuracy = 0.36880001425743103
Training round: 540		accuracy = 0.37540000677108765
Training round: 541		accuracy = 0.3330000042915344
Training round: 542		accuracy = 0.32580000162124634
Training round: 543		accuracy = 0.3285999894142151
Training round: 544		accuracy = 0.36980000138282776
Training round: 545		accuracy = 0.3057999908924103
Training round: 546		accuracy = 0.3747999966144562
Training round: 547		accuracy = 0.3260999917984009
Training round: 548		accuracy = 0.3400000035762787
Training round: 549		accuracy = 0.36250001192092896
Training round: 550		accuracy = 0.3621000051498413
Training round: 551		accuracy = 0.34929999709129333
Training round: 552		accuracy = 0.35370001196861267
Training round: 553		accuracy = 0.3467000126838684
Training round: 554		accuracy = 0.32820001244544983
Training round: 555		accuracy = 0.31349998712539673
Training round: 556		accuracy = 0.32820001244544983
Training round: 557		accuracy = 0.34130001068115234
Training round: 558		accuracy = 0.2946000099182129
Training round: 559		accuracy = 0.33090001344680786
Training round: 560		accuracy = 0.3292999863624573
Training round: 561		accuracy = 0.3515999913215637
Training round: 562		accuracy = 0.23000000417232513
Training round: 563		accuracy = 0.328900009393692
Training round: 564		accuracy = 0.33799999952316284
Training round: 565		accuracy = 0.3684999942779541
Training round: 566		accuracy = 0.3716000020503998
Training round: 567		accuracy = 0.38040000200271606
Training round: 568		accuracy = 0.33889999985694885
Training round: 569		accuracy = 0.32850000262260437
Training round: 570		accuracy = 0.33559998869895935
Training round: 571		accuracy = 0.3617999851703644
Training round: 572		accuracy = 0.35530000925064087
Training round: 573		accuracy = 0.3598000109195709
Training round: 574		accuracy = 0.35409998893737793
Training round: 575		accuracy = 0.36660000681877136
Training round: 576		accuracy = 0.35929998755455017
Training round: 577		accuracy = 0.3828999996185303
Training round: 578		accuracy = 0.3910999894142151
Training round: 579		accuracy = 0.37689998745918274
Training round: 580		accuracy = 0.33809998631477356
Training round: 581		accuracy = 0.3686000108718872
Training round: 582		accuracy = 0.3912000060081482
Training round: 583		accuracy = 0.32850000262260437
Training round: 584		accuracy = 0.3411000072956085
Training round: 585		accuracy = 0.3758000135421753
Training round: 586		accuracy = 0.32820001244544983
Training round: 587		accuracy = 0.3700000047683716
Training round: 588		accuracy = 0.3264000117778778
Training round: 589		accuracy = 0.38499999046325684
Training round: 590		accuracy = 0.375
Training round: 591		accuracy = 0.399399995803833
Training round: 592		accuracy = 0.3330000042915344
Training round: 593		accuracy = 0.3222000002861023
Training round: 594		accuracy = 0.40130001306533813
Training round: 595		accuracy = 0.3817000091075897
Training round: 596		accuracy = 0.3935000002384186
Training round: 597		accuracy = 0.376800000667572
Training round: 598		accuracy = 0.1647000014781952
Training round: 599		accuracy = 0.19359999895095825
Training round: 600		accuracy = 0.350600004196167
Training round: 601		accuracy = 0.21739999949932098
Training round: 602		accuracy = 0.3337000012397766
Training round: 603		accuracy = 0.34630000591278076
Training round: 604		accuracy = 0.3709000051021576
Training round: 605		accuracy = 0.19480000436306
Training round: 606		accuracy = 0.24979999661445618
Training round: 607		accuracy = 0.2117999941110611
Training round: 608		accuracy = 0.34389999508857727
Training round: 609		accuracy = 0.37869998812675476
Training round: 610		accuracy = 0.34310001134872437
Training round: 611		accuracy = 0.36910000443458557
Training round: 612		accuracy = 0.3547999858856201
Training round: 613		accuracy = 0.38370001316070557
Training round: 614		accuracy = 0.36250001192092896
Training round: 615		accuracy = 0.3617999851703644
Training round: 616		accuracy = 0.3594000041484833
Training round: 617		accuracy = 0.2160000056028366
Training round: 618		accuracy = 0.3628000020980835
Training round: 619		accuracy = 0.3815999925136566
Training round: 620		accuracy = 0.14980000257492065
Training round: 621		accuracy = 0.3492000102996826
Training round: 622		accuracy = 0.3928999900817871
Training round: 623		accuracy = 0.39910000562667847
Training round: 624		accuracy = 0.1687999963760376
Training round: 625		accuracy = 0.12389999628067017
Training round: 626		accuracy = 0.13930000364780426
Training round: 627		accuracy = 0.3779999911785126
Training round: 628		accuracy = 0.2206999957561493
Training round: 629		accuracy = 0.35010001063346863
Training round: 630		accuracy = 0.39879998564720154
Training round: 631		accuracy = 0.3937000036239624
Training round: 632		accuracy = 0.2257000058889389
Training round: 633		accuracy = 0.3391999900341034
Training round: 634		accuracy = 0.3330000042915344
Training round: 635		accuracy = 0.4016000032424927
Training round: 636		accuracy = 0.3917999863624573
Training round: 637		accuracy = 0.37450000643730164
Training round: 638		accuracy = 0.37220001220703125
Training round: 639		accuracy = 0.3840999901294708
Training round: 640		accuracy = 0.21080000698566437
Training round: 641		accuracy = 0.14010000228881836
Training round: 642		accuracy = 0.36719998717308044
Training round: 643		accuracy = 0.21879999339580536
Training round: 644		accuracy = 0.37389999628067017
Training round: 645		accuracy = 0.36419999599456787
Training round: 646		accuracy = 0.373199999332428
Training round: 647		accuracy = 0.25690001249313354
Training round: 648		accuracy = 0.38760000467300415
Training round: 649		accuracy = 0.37619999051094055
Training round: 650		accuracy = 0.38600000739097595
Training round: 651		accuracy = 0.384799987077713
Training round: 652		accuracy = 0.38429999351501465
Training round: 653		accuracy = 0.4074000120162964
Training round: 654		accuracy = 0.3276999890804291
Training round: 655		accuracy = 0.35089999437332153
Training round: 656		accuracy = 0.3801000118255615
Training round: 657		accuracy = 0.2282000035047531
Training round: 658		accuracy = 0.19550000131130219
Training round: 659		accuracy = 0.34950000047683716
Training round: 660		accuracy = 0.36719998717308044
Training round: 661		accuracy = 0.3628000020980835
Training round: 662		accuracy = 0.15940000116825104
Training round: 663		accuracy = 0.10239999741315842
Training round: 664		accuracy = 0.15240000188350677
Training round: 665		accuracy = 0.34850001335144043
Training round: 666		accuracy = 0.3774999976158142
Training round: 667		accuracy = 0.39500001072883606
Training round: 668		accuracy = 0.3610000014305115
Training round: 669		accuracy = 0.2937999963760376
Training round: 670		accuracy = 0.3995000123977661
Training round: 671		accuracy = 0.38659998774528503
Training round: 672		accuracy = 0.13539999723434448
Training round: 673		accuracy = 0.1762000024318695
Training round: 674		accuracy = 0.37229999899864197
Training round: 675		accuracy = 0.36959999799728394
Training round: 676		accuracy = 0.3774999976158142
Training round: 677		accuracy = 0.392300009727478
Training round: 678		accuracy = 0.2863999903202057
Training round: 679		accuracy = 0.1639000028371811
Training round: 680		accuracy = 0.3765000104904175
Training round: 681		accuracy = 0.31139999628067017
Training round: 682		accuracy = 0.3869999945163727
Training round: 683		accuracy = 0.3601999878883362
Training round: 684		accuracy = 0.24899999797344208
Training round: 685		accuracy = 0.4074000120162964
Training round: 686		accuracy = 0.36059999465942383
Training round: 687		accuracy = 0.4124999940395355
Training round: 688		accuracy = 0.38119998574256897
Training round: 689		accuracy = 0.3792000114917755
Training round: 690		accuracy = 0.41769999265670776
Training round: 691		accuracy = 0.2526000142097473
Training round: 692		accuracy = 0.34139999747276306
Training round: 693		accuracy = 0.37049999833106995
Training round: 694		accuracy = 0.4009000062942505
Training round: 695		accuracy = 0.4065999984741211
Training round: 696		accuracy = 0.2777999937534332
Training round: 697		accuracy = 0.38940000534057617
Training round: 698		accuracy = 0.3928999900817871
Training round: 699		accuracy = 0.3970000147819519
Training round: 700		accuracy = 0.31119999289512634
Training round: 701		accuracy = 0.40639999508857727
Training round: 702		accuracy = 0.40630000829696655
Training round: 703		accuracy = 0.3898000121116638
Training round: 704		accuracy = 0.1981000006198883
Training round: 705		accuracy = 0.34850001335144043
Training round: 706		accuracy = 0.40630000829696655
Training round: 707		accuracy = 0.4077000021934509
Training round: 708		accuracy = 0.36579999327659607
Training round: 709		accuracy = 0.4000000059604645
Training round: 710		accuracy = 0.3928000032901764
Training round: 711		accuracy = 0.3921999931335449
Training round: 712		accuracy = 0.2874000072479248
Training round: 713		accuracy = 0.3790000081062317
Training round: 714		accuracy = 0.4226999878883362
Training round: 715		accuracy = 0.28679999709129333
Training round: 716		accuracy = 0.3840999901294708
Training round: 717		accuracy = 0.3921999931335449
Training round: 718		accuracy = 0.38830000162124634
Training round: 719		accuracy = 0.3926999866962433
Training round: 720		accuracy = 0.2858999967575073
Training round: 721		accuracy = 0.3334999978542328
Training round: 722		accuracy = 0.33250001072883606
Training round: 723		accuracy = 0.3961000144481659
Training round: 724		accuracy = 0.4253000020980835
Training round: 725		accuracy = 0.3659999966621399
Training round: 726		accuracy = 0.41449999809265137
Training round: 727		accuracy = 0.3578999936580658
Training round: 728		accuracy = 0.3801000118255615
Training round: 729		accuracy = 0.4187000095844269
Training round: 730		accuracy = 0.4074000120162964
Training round: 731		accuracy = 0.3644999861717224
Training round: 732		accuracy = 0.4075999855995178
Training round: 733		accuracy = 0.4081000089645386
Training round: 734		accuracy = 0.2892000079154968
Training round: 735		accuracy = 0.36809998750686646
Training round: 736		accuracy = 0.35749998688697815
Training round: 737		accuracy = 0.39910000562667847
Training round: 738		accuracy = 0.1867000013589859
Training round: 739		accuracy = 0.3422999978065491
Training round: 740		accuracy = 0.3921000063419342
Training round: 741		accuracy = 0.39730000495910645
Training round: 742		accuracy = 0.4081000089645386
Training round: 743		accuracy = 0.15860000252723694
Training round: 744		accuracy = 0.34459999203681946
Training round: 745		accuracy = 0.4115999937057495
Training round: 746		accuracy = 0.3571000099182129
Training round: 747		accuracy = 0.38370001316070557
Training round: 748		accuracy = 0.4113999903202057
Training round: 749		accuracy = 0.4059999883174896
Training round: 750		accuracy = 0.4194999933242798
Training round: 751		accuracy = 0.40310001373291016
Training round: 752		accuracy = 0.40529999136924744
Training round: 753		accuracy = 0.40290001034736633
Training round: 754		accuracy = 0.4016999900341034
Training round: 755		accuracy = 0.4253000020980835
Training round: 756		accuracy = 0.30959999561309814
Training round: 757		accuracy = 0.35260000824928284
Training round: 758		accuracy = 0.43130001425743103
Training round: 759		accuracy = 0.41519999504089355
Training round: 760		accuracy = 0.31619998812675476
Training round: 761		accuracy = 0.4147999882698059
Training round: 762		accuracy = 0.351500004529953
Training round: 763		accuracy = 0.40720000863075256
Training round: 764		accuracy = 0.4219000041484833
Training round: 765		accuracy = 0.44029998779296875
Training round: 766		accuracy = 0.4025999903678894
Training round: 767		accuracy = 0.41690000891685486
Training round: 768		accuracy = 0.4194999933242798
Training round: 769		accuracy = 0.42289999127388
Training round: 770		accuracy = 0.4025000035762787
Training round: 771		accuracy = 0.3984000086784363
Training round: 772		accuracy = 0.4058000147342682
Training round: 773		accuracy = 0.42160001397132874
Training round: 774		accuracy = 0.41449999809265137
Training round: 775		accuracy = 0.42260000109672546
Training round: 776		accuracy = 0.4291999936103821
Training round: 777		accuracy = 0.4350000023841858
Training round: 778		accuracy = 0.3806000053882599
Training round: 779		accuracy = 0.3544999957084656
Training round: 780		accuracy = 0.42170000076293945
Training round: 781		accuracy = 0.4180000126361847
Training round: 782		accuracy = 0.32760000228881836
Training round: 783		accuracy = 0.4440000057220459
Training round: 784		accuracy = 0.22380000352859497
Training round: 785		accuracy = 0.3659999966621399
Training round: 786		accuracy = 0.4113999903202057
Training round: 787		accuracy = 0.20919999480247498
Training round: 788		accuracy = 0.18359999358654022
Training round: 789		accuracy = 0.4074999988079071
Training round: 790		accuracy = 0.3714999854564667
Training round: 791		accuracy = 0.42660000920295715
Training round: 792		accuracy = 0.3727000057697296
Training round: 793		accuracy = 0.4277999997138977
Training round: 794		accuracy = 0.325300008058548
Training round: 795		accuracy = 0.37229999899864197
Training round: 796		accuracy = 0.361299991607666
Training round: 797		accuracy = 0.41990000009536743
Training round: 798		accuracy = 0.4196999967098236
Training round: 799		accuracy = 0.4334999918937683
Training round: 800		accuracy = 0.4180000126361847
Training round: 801		accuracy = 0.3573000133037567
Training round: 802		accuracy = 0.43880000710487366
Training round: 803		accuracy = 0.4185999929904938
Training round: 804		accuracy = 0.4262999892234802
Training round: 805		accuracy = 0.3734000027179718
Training round: 806		accuracy = 0.42730000615119934
Training round: 807		accuracy = 0.3846000134944916
Training round: 808		accuracy = 0.4318999946117401
Training round: 809		accuracy = 0.33550000190734863
Training round: 810		accuracy = 0.34119999408721924
Training round: 811		accuracy = 0.16140000522136688
Training round: 812		accuracy = 0.19840000569820404
Training round: 813		accuracy = 0.4047999978065491
Training round: 814		accuracy = 0.4156999886035919
Training round: 815		accuracy = 0.44179999828338623
Training round: 816		accuracy = 0.3156999945640564
Training round: 817		accuracy = 0.42750000953674316
Training round: 818		accuracy = 0.4431000053882599
Training round: 819		accuracy = 0.447299987077713
Training round: 820		accuracy = 0.445499986410141
Training round: 821		accuracy = 0.44679999351501465
Training round: 822		accuracy = 0.4311999976634979
Training round: 823		accuracy = 0.429500013589859
Training round: 824		accuracy = 0.4226999878883362
Training round: 825		accuracy = 0.37779998779296875
Training round: 826		accuracy = 0.43160000443458557
Training round: 827		accuracy = 0.4507000148296356
Training round: 828		accuracy = 0.3815000057220459
Training round: 829		accuracy = 0.19920000433921814
Training round: 830		accuracy = 0.12549999356269836
Training round: 831		accuracy = 0.35830000042915344
Training round: 832		accuracy = 0.43799999356269836
Training round: 833		accuracy = 0.36899998784065247
Training round: 834		accuracy = 0.3709000051021576
Training round: 835		accuracy = 0.1347000002861023
Training round: 836		accuracy = 0.4009999930858612
Training round: 837		accuracy = 0.42260000109672546
Training round: 838		accuracy = 0.4406000077724457
Training round: 839		accuracy = 0.3691999912261963
Training round: 840		accuracy = 0.13609999418258667
Training round: 841		accuracy = 0.37209999561309814
Training round: 842		accuracy = 0.31040000915527344
Training round: 843		accuracy = 0.421099990606308
Training round: 844		accuracy = 0.44190001487731934
Training round: 845		accuracy = 0.43689998984336853
Training round: 846		accuracy = 0.38659998774528503
Training round: 847		accuracy = 0.38679999113082886
Training round: 848		accuracy = 0.41679999232292175
Training round: 849		accuracy = 0.43799999356269836
Training round: 850		accuracy = 0.4424999952316284
Training round: 851		accuracy = 0.43790000677108765
Training round: 852		accuracy = 0.38089999556541443
Training round: 853		accuracy = 0.43299999833106995
Training round: 854		accuracy = 0.3743000030517578
Training round: 855		accuracy = 0.44020000100135803
Training round: 856		accuracy = 0.4399999976158142
Training round: 857		accuracy = 0.3889000117778778
Training round: 858		accuracy = 0.4453999996185303
Training round: 859		accuracy = 0.3799999952316284
Training round: 860		accuracy = 0.4381999969482422
Training round: 861		accuracy = 0.43810001015663147
Training round: 862		accuracy = 0.4180999994277954
Training round: 863		accuracy = 0.41370001435279846
Training round: 864		accuracy = 0.41620001196861267
Training round: 865		accuracy = 0.4487999975681305
Training round: 866		accuracy = 0.18719999492168427
Training round: 867		accuracy = 0.2071000039577484
Training round: 868		accuracy = 0.42320001125335693
Training round: 869		accuracy = 0.43209999799728394
Training round: 870		accuracy = 0.43459999561309814
Training round: 871		accuracy = 0.44850000739097595
Training round: 872		accuracy = 0.4415000081062317
Training round: 873		accuracy = 0.3887999951839447
Training round: 874		accuracy = 0.36899998784065247
Training round: 875		accuracy = 0.448199987411499
Training round: 876		accuracy = 0.43639999628067017
Training round: 877		accuracy = 0.4262999892234802
Training round: 878		accuracy = 0.4262999892234802
Training round: 879		accuracy = 0.4023999869823456
Training round: 880		accuracy = 0.385699987411499
Training round: 881		accuracy = 0.4401000142097473
Training round: 882		accuracy = 0.4438000023365021
Training round: 883		accuracy = 0.4456000030040741
Training round: 884		accuracy = 0.4325999915599823
Training round: 885		accuracy = 0.430400013923645
Training round: 886		accuracy = 0.4625000059604645
Training round: 887		accuracy = 0.45089998841285706
Training round: 888		accuracy = 0.3937000036239624
Training round: 889		accuracy = 0.4325999915599823
Training round: 890		accuracy = 0.38040000200271606
Training round: 891		accuracy = 0.4724000096321106
Training round: 892		accuracy = 0.44190001487731934
Training round: 893		accuracy = 0.41260001063346863
Training round: 894		accuracy = 0.36169999837875366
Training round: 895		accuracy = 0.43540000915527344
Training round: 896		accuracy = 0.43689998984336853
Training round: 897		accuracy = 0.487199991941452
Training round: 898		accuracy = 0.4401000142097473
Training round: 899		accuracy = 0.45579999685287476
Training round: 900		accuracy = 0.46480000019073486
Training round: 901		accuracy = 0.4526999890804291
Training round: 902		accuracy = 0.40959998965263367
Training round: 903		accuracy = 0.45840001106262207
Training round: 904		accuracy = 0.4462999999523163
Training round: 905		accuracy = 0.40220001339912415
Training round: 906		accuracy = 0.4489000141620636
Training round: 907		accuracy = 0.45489999651908875
Training round: 908		accuracy = 0.46950000524520874
Training round: 909		accuracy = 0.4593000113964081
Training round: 910		accuracy = 0.4596000015735626
Training round: 911		accuracy = 0.44920000433921814
Training round: 912		accuracy = 0.4627000093460083
Training round: 913		accuracy = 0.30320000648498535
Training round: 914		accuracy = 0.38989999890327454
Training round: 915		accuracy = 0.34119999408721924
Training round: 916		accuracy = 0.35600000619888306
Training round: 917		accuracy = 0.36649999022483826
Training round: 918		accuracy = 0.3395000100135803
Training round: 919		accuracy = 0.3695000112056732
Training round: 920		accuracy = 0.31130000948905945
Training round: 921		accuracy = 0.40709999203681946
Training round: 922		accuracy = 0.40230000019073486
Training round: 923		accuracy = 0.4487999975681305
Training round: 924		accuracy = 0.44130000472068787
Training round: 925		accuracy = 0.4544000029563904
Training round: 926		accuracy = 0.3336000144481659
Training round: 927		accuracy = 0.30979999899864197
Training round: 928		accuracy = 0.4449999928474426
Training round: 929		accuracy = 0.4471000134944916
Training round: 930		accuracy = 0.4426000118255615
Training round: 931		accuracy = 0.4512999951839447
Training round: 932		accuracy = 0.4555000066757202
Training round: 933		accuracy = 0.38440001010894775
Training round: 934		accuracy = 0.35109999775886536
Training round: 935		accuracy = 0.4034999907016754
Training round: 936		accuracy = 0.4284000098705292
Training round: 937		accuracy = 0.43619999289512634
Training round: 938		accuracy = 0.4731000065803528
Training round: 939		accuracy = 0.18619999289512634
Training round: 940		accuracy = 0.4359000027179718
Training round: 941		accuracy = 0.39419999718666077
Training round: 942		accuracy = 0.4661000072956085
Training round: 943		accuracy = 0.4715999960899353
Training round: 944		accuracy = 0.46239998936653137
Training round: 945		accuracy = 0.46230000257492065
Training round: 946		accuracy = 0.46209999918937683
Training round: 947		accuracy = 0.47450000047683716
Training round: 948		accuracy = 0.4388999938964844
Training round: 949		accuracy = 0.44200000166893005
Training round: 950		accuracy = 0.4569999873638153
Training round: 951		accuracy = 0.392300009727478
Training round: 952		accuracy = 0.44040000438690186
Training round: 953		accuracy = 0.49000000953674316
Training round: 954		accuracy = 0.4618000090122223
Training round: 955		accuracy = 0.40639999508857727
Training round: 956		accuracy = 0.17669999599456787
Training round: 957		accuracy = 0.3917999863624573
Training round: 958		accuracy = 0.3968000113964081
Training round: 959		accuracy = 0.4375999867916107
Training round: 960		accuracy = 0.44029998779296875
Training round: 961		accuracy = 0.44769999384880066
Training round: 962		accuracy = 0.46650001406669617
Training round: 963		accuracy = 0.3970000147819519
Training round: 964		accuracy = 0.44830000400543213
Training round: 965		accuracy = 0.45410001277923584
Training round: 966		accuracy = 0.44749999046325684
Training round: 967		accuracy = 0.4722000062465668
Training round: 968		accuracy = 0.45489999651908875
Training round: 969		accuracy = 0.46459999680519104
Training round: 970		accuracy = 0.3950999975204468
Training round: 971		accuracy = 0.4088999927043915
Training round: 972		accuracy = 0.48739999532699585
Training round: 973		accuracy = 0.4018000066280365
Training round: 974		accuracy = 0.31700000166893005
Training round: 975		accuracy = 0.46059998869895935
Training round: 976		accuracy = 0.3862000107765198
Training round: 977		accuracy = 0.3889000117778778
Training round: 978		accuracy = 0.33970001339912415
Training round: 979		accuracy = 0.4440000057220459
Training round: 980		accuracy = 0.4399000108242035
Training round: 981		accuracy = 0.31700000166893005
Training round: 982		accuracy = 0.4036000072956085
Training round: 983		accuracy = 0.4242999851703644
Training round: 984		accuracy = 0.4043999910354614
Training round: 985		accuracy = 0.4584999978542328
Training round: 986		accuracy = 0.4189000129699707
Training round: 987		accuracy = 0.3939000070095062
Training round: 988		accuracy = 0.43209999799728394
Training round: 989		accuracy = 0.3594000041484833
Training round: 990		accuracy = 0.4657999873161316
Training round: 991		accuracy = 0.41200000047683716
Training round: 992		accuracy = 0.36800000071525574
Training round: 993		accuracy = 0.3935000002384186
Training round: 994		accuracy = 0.46380001306533813
Training round: 995		accuracy = 0.4242999851703644
Training round: 996		accuracy = 0.4715000092983246
Training round: 997		accuracy = 0.37139999866485596
Training round: 998		accuracy = 0.3788999915122986
Training round: 999		accuracy = 0.44929999113082886
Training round: 1000		accuracy = 0.18539999425411224
Training duration 10711.608433008194
