2021-08-22 19:39:30.642159: I tensorflow/stream_executor/platform/default/dso_loader.cc:49] Successfully opened dynamic library libcudart.so.11.0
2021-08-22 19:40:58.964442: I tensorflow/compiler/jit/xla_cpu_device.cc:41] Not creating XLA devices, tf_xla_enable_xla_devices not set
2021-08-22 19:40:59.018920: I tensorflow/stream_executor/platform/default/dso_loader.cc:49] Successfully opened dynamic library libcuda.so.1
2021-08-22 19:40:59.064519: I tensorflow/core/common_runtime/gpu/gpu_device.cc:1720] Found device 0 with properties: 
pciBusID: 0000:03:00.0 name: Tesla P100-PCIE-12GB computeCapability: 6.0
coreClock: 1.3285GHz coreCount: 56 deviceMemorySize: 11.91GiB deviceMemoryBandwidth: 511.41GiB/s
2021-08-22 19:40:59.066068: I tensorflow/stream_executor/platform/default/dso_loader.cc:49] Successfully opened dynamic library libcudart.so.11.0
2021-08-22 19:40:59.076764: I tensorflow/stream_executor/platform/default/dso_loader.cc:49] Successfully opened dynamic library libcublas.so.11
2021-08-22 19:40:59.076872: I tensorflow/stream_executor/platform/default/dso_loader.cc:49] Successfully opened dynamic library libcublasLt.so.11
2021-08-22 19:40:59.084545: I tensorflow/stream_executor/platform/default/dso_loader.cc:49] Successfully opened dynamic library libcufft.so.10
2021-08-22 19:40:59.086675: I tensorflow/stream_executor/platform/default/dso_loader.cc:49] Successfully opened dynamic library libcurand.so.10
2021-08-22 19:40:59.094451: I tensorflow/stream_executor/platform/default/dso_loader.cc:49] Successfully opened dynamic library libcusolver.so.10
2021-08-22 19:40:59.096340: I tensorflow/stream_executor/platform/default/dso_loader.cc:49] Successfully opened dynamic library libcusparse.so.11
2021-08-22 19:40:59.098078: I tensorflow/stream_executor/platform/default/dso_loader.cc:49] Successfully opened dynamic library libcudnn.so.8
2021-08-22 19:40:59.104835: I tensorflow/core/common_runtime/gpu/gpu_device.cc:1862] Adding visible gpu devices: 0
2021-08-22 19:40:59.123018: I tensorflow/core/platform/cpu_feature_guard.cc:142] This TensorFlow binary is optimized with oneAPI Deep Neural Network Library (oneDNN) to use the following CPU instructions in performance-critical operations:  AVX2 FMA
To enable them in other operations, rebuild TensorFlow with the appropriate compiler flags.
2021-08-22 19:40:59.132995: I tensorflow/compiler/jit/xla_gpu_device.cc:99] Not creating XLA devices, tf_xla_enable_xla_devices not set
2021-08-22 19:40:59.134456: I tensorflow/core/common_runtime/gpu/gpu_device.cc:1720] Found device 0 with properties: 
pciBusID: 0000:03:00.0 name: Tesla P100-PCIE-12GB computeCapability: 6.0
coreClock: 1.3285GHz coreCount: 56 deviceMemorySize: 11.91GiB deviceMemoryBandwidth: 511.41GiB/s
2021-08-22 19:40:59.134531: I tensorflow/stream_executor/platform/default/dso_loader.cc:49] Successfully opened dynamic library libcudart.so.11.0
2021-08-22 19:40:59.134650: I tensorflow/stream_executor/platform/default/dso_loader.cc:49] Successfully opened dynamic library libcublas.so.11
2021-08-22 19:40:59.134722: I tensorflow/stream_executor/platform/default/dso_loader.cc:49] Successfully opened dynamic library libcublasLt.so.11
2021-08-22 19:40:59.134817: I tensorflow/stream_executor/platform/default/dso_loader.cc:49] Successfully opened dynamic library libcufft.so.10
2021-08-22 19:40:59.134892: I tensorflow/stream_executor/platform/default/dso_loader.cc:49] Successfully opened dynamic library libcurand.so.10
2021-08-22 19:40:59.134994: I tensorflow/stream_executor/platform/default/dso_loader.cc:49] Successfully opened dynamic library libcusolver.so.10
2021-08-22 19:40:59.135057: I tensorflow/stream_executor/platform/default/dso_loader.cc:49] Successfully opened dynamic library libcusparse.so.11
2021-08-22 19:40:59.135163: I tensorflow/stream_executor/platform/default/dso_loader.cc:49] Successfully opened dynamic library libcudnn.so.8
2021-08-22 19:40:59.137104: I tensorflow/core/common_runtime/gpu/gpu_device.cc:1862] Adding visible gpu devices: 0
2021-08-22 19:40:59.137684: I tensorflow/stream_executor/platform/default/dso_loader.cc:49] Successfully opened dynamic library libcudart.so.11.0
2021-08-22 19:41:00.796041: I tensorflow/core/common_runtime/gpu/gpu_device.cc:1261] Device interconnect StreamExecutor with strength 1 edge matrix:
2021-08-22 19:41:00.796264: I tensorflow/core/common_runtime/gpu/gpu_device.cc:1267]      0 
2021-08-22 19:41:00.797700: I tensorflow/core/common_runtime/gpu/gpu_device.cc:1280] 0:   N 
2021-08-22 19:41:00.818499: I tensorflow/core/common_runtime/gpu/gpu_device.cc:1406] Created TensorFlow device (/job:localhost/replica:0/task:0/device:GPU:0 with 11119 MB memory) -> physical GPU (device: 0, name: Tesla P100-PCIE-12GB, pci bus id: 0000:03:00.0, compute capability: 6.0)
2021-08-22 19:41:17.613678: I tensorflow/compiler/mlir/mlir_graph_optimization_pass.cc:116] None of the MLIR optimization passes are enabled (registered 2)
2021-08-22 19:41:17.622994: I tensorflow/core/platform/profile_utils/cpu_utils.cc:112] CPU Frequency: 2199985000 Hz
2021-08-22 19:41:17.825944: I tensorflow/stream_executor/platform/default/dso_loader.cc:49] Successfully opened dynamic library libcublas.so.11
2021-08-22 19:41:18.211725: I tensorflow/stream_executor/platform/default/dso_loader.cc:49] Successfully opened dynamic library libcublasLt.so.11
2021-08-22 19:41:18.245813: I tensorflow/stream_executor/platform/default/dso_loader.cc:49] Successfully opened dynamic library libcudnn.so.8
2021-08-22 19:41:20.637708: W tensorflow/stream_executor/gpu/asm_compiler.cc:63] Running ptxas --version returned 256
2021-08-22 19:41:21.283525: W tensorflow/stream_executor/gpu/redzone_allocator.cc:314] Internal: ptxas exited with non-zero error code 256, output: 
Relying on driver to perform ptx compilation. 
Modify $PATH to customize ptxas location.
This message will be only logged once.
NoiseMutator started.
NoiseMutator finished.
Training round: 1		accuracy = 0.6191304326057434
Training round: 2		accuracy = 0.5631884336471558
Training round: 3		accuracy = 0.5634782314300537
Training round: 4		accuracy = 0.5823188424110413
Training round: 5		accuracy = 0.613043487071991
Training round: 6		accuracy = 0.5855072736740112
Training round: 7		accuracy = 0.6139130592346191
Training round: 8		accuracy = 0.6342028975486755
Training round: 9		accuracy = 0.6631883978843689
Training round: 10		accuracy = 0.6573913097381592
Training round: 11		accuracy = 0.6513043642044067
Training round: 12		accuracy = 0.6605796813964844
Training round: 13		accuracy = 0.6626086831092834
Training round: 14		accuracy = 0.6324637532234192
Training round: 15		accuracy = 0.6475362181663513
Training round: 16		accuracy = 0.665217399597168
Training round: 17		accuracy = 0.6794202923774719
Training round: 18		accuracy = 0.6797101497650146
Training round: 19		accuracy = 0.6715942025184631
Training round: 20		accuracy = 0.6695652008056641
Training round: 21		accuracy = 0.6744927763938904
Training round: 22		accuracy = 0.6733333468437195
Training round: 23		accuracy = 0.6736232042312622
Training round: 24		accuracy = 0.6536231637001038
Training round: 25		accuracy = 0.6768115758895874
Training round: 26		accuracy = 0.6794202923774719
Training round: 27		accuracy = 0.6910144686698914
Training round: 28		accuracy = 0.6918840408325195
Training round: 29		accuracy = 0.6904347538948059
Training round: 30		accuracy = 0.6895652413368225
Training round: 31		accuracy = 0.6884058117866516
Training round: 32		accuracy = 0.6930434703826904
Training round: 33		accuracy = 0.6913043260574341
Training round: 34		accuracy = 0.6907246112823486
Training round: 35		accuracy = 0.6892753839492798
Training round: 36		accuracy = 0.6971014738082886
Training round: 37		accuracy = 0.6913043260574341
Training round: 38		accuracy = 0.6933333277702332
Training round: 39		accuracy = 0.6907246112823486
Training round: 40		accuracy = 0.6973913311958313
Training round: 41		accuracy = 0.6965217590332031
Training round: 42		accuracy = 0.6953623294830322
Training round: 43		accuracy = 0.6950724720954895
Training round: 44		accuracy = 0.6997101306915283
Training round: 45		accuracy = 0.7040579915046692
Training round: 46		accuracy = 0.697681188583374
Training round: 47		accuracy = 0.703188419342041
Training round: 48		accuracy = 0.7026087045669556
Training round: 49		accuracy = 0.697970986366272
Training round: 50		accuracy = 0.6982608437538147
Training round: 51		accuracy = 0.6971014738082886
Training round: 52		accuracy = 0.7017391324043274
Training round: 53		accuracy = 0.6991304159164429
Training round: 54		accuracy = 0.6985507011413574
Training round: 55		accuracy = 0.703188419342041
Training round: 56		accuracy = 0.7026087045669556
Training round: 57		accuracy = 0.703188419342041
Training round: 58		accuracy = 0.7040579915046692
Training round: 59		accuracy = 0.7052174210548401
Training round: 60		accuracy = 0.7005797028541565
Training round: 61		accuracy = 0.7049275636672974
Training round: 62		accuracy = 0.7052174210548401
Training round: 63		accuracy = 0.7057970762252808
Training round: 64		accuracy = 0.7081159353256226
Training round: 65		accuracy = 0.7017391324043274
Training round: 66		accuracy = 0.7072463631629944
Training round: 67		accuracy = 0.7026087045669556
Training round: 68		accuracy = 0.7028985619544983
Training round: 69		accuracy = 0.7078260779380798
Training round: 70		accuracy = 0.7063767910003662
Training round: 71		accuracy = 0.7084057927131653
Training round: 72		accuracy = 0.7078260779380798
Training round: 73		accuracy = 0.7081159353256226
Training round: 74		accuracy = 0.7081159353256226
Training round: 75		accuracy = 0.7066666483879089
Training round: 76		accuracy = 0.7072463631629944
Training round: 77		accuracy = 0.7069565057754517
Training round: 78		accuracy = 0.705507218837738
Training round: 79		accuracy = 0.7060869336128235
Training round: 80		accuracy = 0.7057970762252808
Training round: 81		accuracy = 0.7049275636672974
Training round: 82		accuracy = 0.7049275636672974
Training round: 83		accuracy = 0.7046377062797546
Training round: 84		accuracy = 0.7049275636672974
Training round: 85		accuracy = 0.708695650100708
Training round: 86		accuracy = 0.7101449370384216
Training round: 87		accuracy = 0.7057970762252808
Training round: 88		accuracy = 0.7081159353256226
Training round: 89		accuracy = 0.7052174210548401
Training round: 90		accuracy = 0.7060869336128235
Training round: 91		accuracy = 0.7049275636672974
Training round: 92		accuracy = 0.7052174210548401
Training round: 93		accuracy = 0.7107246518135071
Training round: 94		accuracy = 0.7072463631629944
Training round: 95		accuracy = 0.7078260779380798
Training round: 96		accuracy = 0.705507218837738
Training round: 97		accuracy = 0.7046377062797546
Training round: 98		accuracy = 0.7078260779380798
Training round: 99		accuracy = 0.7057970762252808
Training round: 100		accuracy = 0.7078260779380798
Training duration 8951.196790218353
