2021-08-21 23:41:01.359624: I tensorflow/stream_executor/platform/default/dso_loader.cc:49] Successfully opened dynamic library libcudart.so.11.0
2021-08-21 23:41:32.273627: I tensorflow/compiler/jit/xla_cpu_device.cc:41] Not creating XLA devices, tf_xla_enable_xla_devices not set
2021-08-21 23:41:32.279421: I tensorflow/stream_executor/platform/default/dso_loader.cc:49] Successfully opened dynamic library libcuda.so.1
2021-08-21 23:41:32.312481: I tensorflow/core/common_runtime/gpu/gpu_device.cc:1720] Found device 0 with properties: 
pciBusID: 0000:83:00.0 name: Tesla P100-PCIE-12GB computeCapability: 6.0
coreClock: 1.3285GHz coreCount: 56 deviceMemorySize: 11.91GiB deviceMemoryBandwidth: 511.41GiB/s
2021-08-21 23:41:32.312902: I tensorflow/stream_executor/platform/default/dso_loader.cc:49] Successfully opened dynamic library libcudart.so.11.0
2021-08-21 23:41:32.322850: I tensorflow/stream_executor/platform/default/dso_loader.cc:49] Successfully opened dynamic library libcublas.so.11
2021-08-21 23:41:32.322995: I tensorflow/stream_executor/platform/default/dso_loader.cc:49] Successfully opened dynamic library libcublasLt.so.11
2021-08-21 23:41:32.328934: I tensorflow/stream_executor/platform/default/dso_loader.cc:49] Successfully opened dynamic library libcufft.so.10
2021-08-21 23:41:32.333165: I tensorflow/stream_executor/platform/default/dso_loader.cc:49] Successfully opened dynamic library libcurand.so.10
2021-08-21 23:41:32.342067: I tensorflow/stream_executor/platform/default/dso_loader.cc:49] Successfully opened dynamic library libcusolver.so.10
2021-08-21 23:41:32.344649: I tensorflow/stream_executor/platform/default/dso_loader.cc:49] Successfully opened dynamic library libcusparse.so.11
2021-08-21 23:41:32.345927: I tensorflow/stream_executor/platform/default/dso_loader.cc:49] Successfully opened dynamic library libcudnn.so.8
2021-08-21 23:41:32.350021: I tensorflow/core/common_runtime/gpu/gpu_device.cc:1862] Adding visible gpu devices: 0
2021-08-21 23:41:32.351439: I tensorflow/core/platform/cpu_feature_guard.cc:142] This TensorFlow binary is optimized with oneAPI Deep Neural Network Library (oneDNN) to use the following CPU instructions in performance-critical operations:  AVX2 FMA
To enable them in other operations, rebuild TensorFlow with the appropriate compiler flags.
2021-08-21 23:41:32.351832: I tensorflow/compiler/jit/xla_gpu_device.cc:99] Not creating XLA devices, tf_xla_enable_xla_devices not set
2021-08-21 23:41:32.352955: I tensorflow/core/common_runtime/gpu/gpu_device.cc:1720] Found device 0 with properties: 
pciBusID: 0000:83:00.0 name: Tesla P100-PCIE-12GB computeCapability: 6.0
coreClock: 1.3285GHz coreCount: 56 deviceMemorySize: 11.91GiB deviceMemoryBandwidth: 511.41GiB/s
2021-08-21 23:41:32.353063: I tensorflow/stream_executor/platform/default/dso_loader.cc:49] Successfully opened dynamic library libcudart.so.11.0
2021-08-21 23:41:32.353164: I tensorflow/stream_executor/platform/default/dso_loader.cc:49] Successfully opened dynamic library libcublas.so.11
2021-08-21 23:41:32.353277: I tensorflow/stream_executor/platform/default/dso_loader.cc:49] Successfully opened dynamic library libcublasLt.so.11
2021-08-21 23:41:32.353349: I tensorflow/stream_executor/platform/default/dso_loader.cc:49] Successfully opened dynamic library libcufft.so.10
2021-08-21 23:41:32.353442: I tensorflow/stream_executor/platform/default/dso_loader.cc:49] Successfully opened dynamic library libcurand.so.10
2021-08-21 23:41:32.353541: I tensorflow/stream_executor/platform/default/dso_loader.cc:49] Successfully opened dynamic library libcusolver.so.10
2021-08-21 23:41:32.353661: I tensorflow/stream_executor/platform/default/dso_loader.cc:49] Successfully opened dynamic library libcusparse.so.11
2021-08-21 23:41:32.353754: I tensorflow/stream_executor/platform/default/dso_loader.cc:49] Successfully opened dynamic library libcudnn.so.8
2021-08-21 23:41:32.355740: I tensorflow/core/common_runtime/gpu/gpu_device.cc:1862] Adding visible gpu devices: 0
2021-08-21 23:41:32.355872: I tensorflow/stream_executor/platform/default/dso_loader.cc:49] Successfully opened dynamic library libcudart.so.11.0
2021-08-21 23:41:33.701235: I tensorflow/core/common_runtime/gpu/gpu_device.cc:1261] Device interconnect StreamExecutor with strength 1 edge matrix:
2021-08-21 23:41:33.701415: I tensorflow/core/common_runtime/gpu/gpu_device.cc:1267]      0 
2021-08-21 23:41:33.701516: I tensorflow/core/common_runtime/gpu/gpu_device.cc:1280] 0:   N 
2021-08-21 23:41:33.706892: I tensorflow/core/common_runtime/gpu/gpu_device.cc:1406] Created TensorFlow device (/job:localhost/replica:0/task:0/device:GPU:0 with 11119 MB memory) -> physical GPU (device: 0, name: Tesla P100-PCIE-12GB, pci bus id: 0000:83:00.0, compute capability: 6.0)
2021-08-21 23:41:46.567376: I tensorflow/compiler/mlir/mlir_graph_optimization_pass.cc:116] None of the MLIR optimization passes are enabled (registered 2)
2021-08-21 23:41:46.574477: I tensorflow/core/platform/profile_utils/cpu_utils.cc:112] CPU Frequency: 2199880000 Hz
2021-08-21 23:41:46.682754: I tensorflow/stream_executor/platform/default/dso_loader.cc:49] Successfully opened dynamic library libcublas.so.11
2021-08-21 23:41:47.106511: I tensorflow/stream_executor/platform/default/dso_loader.cc:49] Successfully opened dynamic library libcublasLt.so.11
2021-08-21 23:41:47.115942: I tensorflow/stream_executor/platform/default/dso_loader.cc:49] Successfully opened dynamic library libcudnn.so.8
2021-08-21 23:41:49.856074: W tensorflow/stream_executor/gpu/asm_compiler.cc:63] Running ptxas --version returned 256
2021-08-21 23:41:50.370374: W tensorflow/stream_executor/gpu/redzone_allocator.cc:314] Internal: ptxas exited with non-zero error code 256, output: 
Relying on driver to perform ptx compilation. 
Modify $PATH to customize ptxas location.
This message will be only logged once.
Training round: 1		accuracy = 0.4808695614337921
Training round: 2		accuracy = 0.49623188376426697
Training round: 3		accuracy = 0.5602898597717285
Training round: 4		accuracy = 0.5791304111480713
Training round: 5		accuracy = 0.6388405561447144
Training round: 6		accuracy = 0.6318840384483337
Training round: 7		accuracy = 0.5904347896575928
Training round: 8		accuracy = 0.5855072736740112
Training round: 9		accuracy = 0.5672463774681091
Training round: 10		accuracy = 0.5736231803894043
Training round: 11		accuracy = 0.6020289659500122
Training round: 12		accuracy = 0.6139130592346191
Training round: 13		accuracy = 0.5782608985900879
Training round: 14		accuracy = 0.6431884169578552
Training round: 15		accuracy = 0.6110144853591919
Training round: 16		accuracy = 0.6144927740097046
Training round: 17		accuracy = 0.6246376633644104
Training round: 18		accuracy = 0.6031883955001831
Training round: 19		accuracy = 0.5513043403625488
Training round: 20		accuracy = 0.5649275183677673
Training round: 21		accuracy = 0.5507246255874634
Training round: 22		accuracy = 0.6353623270988464
Training round: 23		accuracy = 0.6095651984214783
Training round: 24		accuracy = 0.645507276058197
Training round: 25		accuracy = 0.626086950302124
Training round: 26		accuracy = 0.6414492726325989
Training round: 27		accuracy = 0.6301449537277222
Training round: 28		accuracy = 0.6257970929145813
Training round: 29		accuracy = 0.6063768267631531
Training round: 30		accuracy = 0.5713043212890625
Training round: 31		accuracy = 0.5623188614845276
Training round: 32		accuracy = 0.626086950302124
Training round: 33		accuracy = 0.6307246088981628
Training round: 34		accuracy = 0.6394202709197998
Training round: 35		accuracy = 0.6539130210876465
Training round: 36		accuracy = 0.6066666841506958
Training round: 37		accuracy = 0.5544927716255188
Training round: 38		accuracy = 0.6286956667900085
Training round: 39		accuracy = 0.613043487071991
Training round: 40		accuracy = 0.6014492511749268
Training round: 41		accuracy = 0.6504347920417786
Training round: 42		accuracy = 0.642318844795227
Training round: 43		accuracy = 0.5959420204162598
Training round: 44		accuracy = 0.5811594128608704
Training round: 45		accuracy = 0.6000000238418579
Training round: 46		accuracy = 0.6226087212562561
Training round: 47		accuracy = 0.6373913288116455
Training round: 48		accuracy = 0.595652163028717
Training round: 49		accuracy = 0.6263768076896667
Training round: 50		accuracy = 0.6266666650772095
Training round: 51		accuracy = 0.6194202899932861
Training round: 52		accuracy = 0.626086950302124
Training round: 53		accuracy = 0.6275362372398376
Training round: 54		accuracy = 0.6353623270988464
Training round: 55		accuracy = 0.6005797386169434
Training round: 56		accuracy = 0.5942028760910034
Training round: 57		accuracy = 0.5721738934516907
Training round: 58		accuracy = 0.6002898812294006
Training round: 59		accuracy = 0.6092753410339355
Training round: 60		accuracy = 0.6336231827735901
Training round: 61		accuracy = 0.601159393787384
Training round: 62		accuracy = 0.6237680912017822
Training round: 63		accuracy = 0.6408695578575134
Training round: 64		accuracy = 0.6472463607788086
Training round: 65		accuracy = 0.620579719543457
Training round: 66		accuracy = 0.6539130210876465
Training round: 67		accuracy = 0.6373913288116455
Training round: 68		accuracy = 0.6608695387840271
Training round: 69		accuracy = 0.6704347729682922
Training round: 70		accuracy = 0.6657971143722534
Training round: 71		accuracy = 0.6588405966758728
Training round: 72		accuracy = 0.6504347920417786
Training round: 73		accuracy = 0.6571014523506165
Training round: 74		accuracy = 0.6391304135322571
Training round: 75		accuracy = 0.6336231827735901
Training round: 76		accuracy = 0.6484057903289795
Training round: 77		accuracy = 0.6452174186706543
Training round: 78		accuracy = 0.647826075553894
Training round: 79		accuracy = 0.656521737575531
Training round: 80		accuracy = 0.6475362181663513
Training round: 81		accuracy = 0.6504347920417786
Training round: 82		accuracy = 0.6405797004699707
Training round: 83		accuracy = 0.6040579676628113
Training round: 84		accuracy = 0.6507246494293213
Training round: 85		accuracy = 0.6382608413696289
Training round: 86		accuracy = 0.620579719543457
Training round: 87		accuracy = 0.5889855027198792
Training round: 88		accuracy = 0.5930435061454773
Training round: 89		accuracy = 0.5924637913703918
Training round: 90		accuracy = 0.6104347705841064
Training round: 91		accuracy = 0.6301449537277222
Training round: 92		accuracy = 0.6466666460037231
Training round: 93		accuracy = 0.6443478465080261
Training round: 94		accuracy = 0.6446377038955688
Training round: 95		accuracy = 0.6788405776023865
Training round: 96		accuracy = 0.6463767886161804
Training round: 97		accuracy = 0.6504347920417786
Training round: 98		accuracy = 0.6631883978843689
Training round: 99		accuracy = 0.6823188662528992
Training round: 100		accuracy = 0.6634782552719116
Training duration 6039.235812187195
