2021-08-23 15:20:03.499703: I tensorflow/stream_executor/platform/default/dso_loader.cc:49] Successfully opened dynamic library libcudart.so.11.0
2021-08-23 15:20:39.936081: I tensorflow/compiler/jit/xla_cpu_device.cc:41] Not creating XLA devices, tf_xla_enable_xla_devices not set
2021-08-23 15:20:40.499351: I tensorflow/stream_executor/platform/default/dso_loader.cc:49] Successfully opened dynamic library libcuda.so.1
2021-08-23 15:20:40.540972: I tensorflow/core/common_runtime/gpu/gpu_device.cc:1720] Found device 0 with properties: 
pciBusID: 0000:03:00.0 name: Tesla P100-PCIE-12GB computeCapability: 6.0
coreClock: 1.3285GHz coreCount: 56 deviceMemorySize: 11.91GiB deviceMemoryBandwidth: 511.41GiB/s
2021-08-23 15:20:40.541497: I tensorflow/stream_executor/platform/default/dso_loader.cc:49] Successfully opened dynamic library libcudart.so.11.0
2021-08-23 15:20:40.551844: I tensorflow/stream_executor/platform/default/dso_loader.cc:49] Successfully opened dynamic library libcublas.so.11
2021-08-23 15:20:40.552015: I tensorflow/stream_executor/platform/default/dso_loader.cc:49] Successfully opened dynamic library libcublasLt.so.11
2021-08-23 15:20:40.557730: I tensorflow/stream_executor/platform/default/dso_loader.cc:49] Successfully opened dynamic library libcufft.so.10
2021-08-23 15:20:40.560463: I tensorflow/stream_executor/platform/default/dso_loader.cc:49] Successfully opened dynamic library libcurand.so.10
2021-08-23 15:20:40.568771: I tensorflow/stream_executor/platform/default/dso_loader.cc:49] Successfully opened dynamic library libcusolver.so.10
2021-08-23 15:20:40.571179: I tensorflow/stream_executor/platform/default/dso_loader.cc:49] Successfully opened dynamic library libcusparse.so.11
2021-08-23 15:20:40.572283: I tensorflow/stream_executor/platform/default/dso_loader.cc:49] Successfully opened dynamic library libcudnn.so.8
2021-08-23 15:20:40.575131: I tensorflow/core/common_runtime/gpu/gpu_device.cc:1862] Adding visible gpu devices: 0
2021-08-23 15:20:40.583880: I tensorflow/core/platform/cpu_feature_guard.cc:142] This TensorFlow binary is optimized with oneAPI Deep Neural Network Library (oneDNN) to use the following CPU instructions in performance-critical operations:  AVX2 FMA
To enable them in other operations, rebuild TensorFlow with the appropriate compiler flags.
2021-08-23 15:20:40.584257: I tensorflow/compiler/jit/xla_gpu_device.cc:99] Not creating XLA devices, tf_xla_enable_xla_devices not set
2021-08-23 15:20:40.585596: I tensorflow/core/common_runtime/gpu/gpu_device.cc:1720] Found device 0 with properties: 
pciBusID: 0000:03:00.0 name: Tesla P100-PCIE-12GB computeCapability: 6.0
coreClock: 1.3285GHz coreCount: 56 deviceMemorySize: 11.91GiB deviceMemoryBandwidth: 511.41GiB/s
2021-08-23 15:20:40.585713: I tensorflow/stream_executor/platform/default/dso_loader.cc:49] Successfully opened dynamic library libcudart.so.11.0
2021-08-23 15:20:40.585814: I tensorflow/stream_executor/platform/default/dso_loader.cc:49] Successfully opened dynamic library libcublas.so.11
2021-08-23 15:20:40.585911: I tensorflow/stream_executor/platform/default/dso_loader.cc:49] Successfully opened dynamic library libcublasLt.so.11
2021-08-23 15:20:40.586012: I tensorflow/stream_executor/platform/default/dso_loader.cc:49] Successfully opened dynamic library libcufft.so.10
2021-08-23 15:20:40.586115: I tensorflow/stream_executor/platform/default/dso_loader.cc:49] Successfully opened dynamic library libcurand.so.10
2021-08-23 15:20:40.586174: I tensorflow/stream_executor/platform/default/dso_loader.cc:49] Successfully opened dynamic library libcusolver.so.10
2021-08-23 15:20:40.586273: I tensorflow/stream_executor/platform/default/dso_loader.cc:49] Successfully opened dynamic library libcusparse.so.11
2021-08-23 15:20:40.586368: I tensorflow/stream_executor/platform/default/dso_loader.cc:49] Successfully opened dynamic library libcudnn.so.8
2021-08-23 15:20:40.588726: I tensorflow/core/common_runtime/gpu/gpu_device.cc:1862] Adding visible gpu devices: 0
2021-08-23 15:20:40.588858: I tensorflow/stream_executor/platform/default/dso_loader.cc:49] Successfully opened dynamic library libcudart.so.11.0
2021-08-23 15:20:41.820855: I tensorflow/core/common_runtime/gpu/gpu_device.cc:1261] Device interconnect StreamExecutor with strength 1 edge matrix:
2021-08-23 15:20:41.821030: I tensorflow/core/common_runtime/gpu/gpu_device.cc:1267]      0 
2021-08-23 15:20:41.821143: I tensorflow/core/common_runtime/gpu/gpu_device.cc:1280] 0:   N 
2021-08-23 15:20:41.824608: I tensorflow/core/common_runtime/gpu/gpu_device.cc:1406] Created TensorFlow device (/job:localhost/replica:0/task:0/device:GPU:0 with 11119 MB memory) -> physical GPU (device: 0, name: Tesla P100-PCIE-12GB, pci bus id: 0000:03:00.0, compute capability: 6.0)
2021-08-23 15:21:01.326940: I tensorflow/compiler/mlir/mlir_graph_optimization_pass.cc:116] None of the MLIR optimization passes are enabled (registered 2)
2021-08-23 15:21:01.330927: I tensorflow/core/platform/profile_utils/cpu_utils.cc:112] CPU Frequency: 2200130000 Hz
2021-08-23 15:21:01.408643: I tensorflow/stream_executor/platform/default/dso_loader.cc:49] Successfully opened dynamic library libcublas.so.11
2021-08-23 15:21:01.786708: I tensorflow/stream_executor/platform/default/dso_loader.cc:49] Successfully opened dynamic library libcublasLt.so.11
2021-08-23 15:21:01.792773: I tensorflow/stream_executor/platform/default/dso_loader.cc:49] Successfully opened dynamic library libcudnn.so.8
2021-08-23 15:21:03.775382: W tensorflow/stream_executor/gpu/asm_compiler.cc:63] Running ptxas --version returned 256
2021-08-23 15:21:04.245477: W tensorflow/stream_executor/gpu/redzone_allocator.cc:314] Internal: ptxas exited with non-zero error code 256, output: 
Relying on driver to perform ptx compilation. 
Modify $PATH to customize ptxas location.
This message will be only logged once.
NoiseMutator started.
NoiseMutator finished.
Training round: 1		accuracy = 0.6362318992614746
Training round: 2		accuracy = 0.6121739149093628
Training round: 3		accuracy = 0.6217391490936279
Training round: 4		accuracy = 0.6611593961715698
Training round: 5		accuracy = 0.6559420228004456
Training round: 6		accuracy = 0.6602898836135864
Training round: 7		accuracy = 0.6733333468437195
Training round: 8		accuracy = 0.6785507202148438
Training round: 9		accuracy = 0.6724637746810913
Training round: 10		accuracy = 0.6823188662528992
Training round: 11		accuracy = 0.6794202923774719
Training round: 12		accuracy = 0.6959420442581177
Training round: 13		accuracy = 0.697681188583374
Training round: 14		accuracy = 0.6875362396240234
Training round: 15		accuracy = 0.692463755607605
Training round: 16		accuracy = 0.6910144686698914
Training round: 17		accuracy = 0.7043478488922119
Training round: 18		accuracy = 0.7078260779380798
Training round: 19		accuracy = 0.7081159353256226
Training round: 20		accuracy = 0.6985507011413574
Training round: 21		accuracy = 0.7133333086967468
Training round: 22		accuracy = 0.7139130234718323
Training round: 23		accuracy = 0.7147825956344604
Training round: 24		accuracy = 0.7066666483879089
Training round: 25		accuracy = 0.7156521677970886
Training round: 26		accuracy = 0.719420313835144
Training round: 27		accuracy = 0.7168115973472595
Training round: 28		accuracy = 0.7257971167564392
Training round: 29		accuracy = 0.7197101712226868
Training round: 30		accuracy = 0.7052174210548401
Training round: 31		accuracy = 0.7185507416725159
Training round: 32		accuracy = 0.7101449370384216
Training round: 33		accuracy = 0.7226086854934692
Training round: 34		accuracy = 0.7182608842849731
Training round: 35		accuracy = 0.7165217399597168
Training round: 36		accuracy = 0.7188405990600586
Training round: 37		accuracy = 0.7211593985557556
Training round: 38		accuracy = 0.7197101712226868
Training round: 39		accuracy = 0.7246376872062683
Training round: 40		accuracy = 0.717391312122345
Training round: 41		accuracy = 0.724927544593811
Training round: 42		accuracy = 0.7223188281059265
Training round: 43		accuracy = 0.7257971167564392
Training round: 44		accuracy = 0.7188405990600586
Training round: 45		accuracy = 0.7197101712226868
Training round: 46		accuracy = 0.7202898263931274
Training round: 47		accuracy = 0.7240579724311829
Training round: 48		accuracy = 0.7200000286102295
Training round: 49		accuracy = 0.722898542881012
Training round: 50		accuracy = 0.7275362610816956
Training round: 51		accuracy = 0.722898542881012
Training round: 52		accuracy = 0.7237681150436401
Training round: 53		accuracy = 0.7197101712226868
Training round: 54		accuracy = 0.7310144901275635
Training round: 55		accuracy = 0.7237681150436401
Training round: 56		accuracy = 0.724927544593811
Training round: 57		accuracy = 0.7234782576560974
Training round: 58		accuracy = 0.7281159162521362
Training round: 59		accuracy = 0.7255072593688965
Training round: 60		accuracy = 0.7226086854934692
Training round: 61		accuracy = 0.7243478298187256
Training round: 62		accuracy = 0.7295652031898499
Training round: 63		accuracy = 0.7289854884147644
Training round: 64		accuracy = 0.7272464036941528
Training round: 65		accuracy = 0.7255072593688965
Training round: 66		accuracy = 0.728405773639679
Training round: 67		accuracy = 0.7295652031898499
Training round: 68		accuracy = 0.7298550605773926
Training round: 69		accuracy = 0.7252174019813538
Training round: 70		accuracy = 0.7263768315315247
Training round: 71		accuracy = 0.7318840622901917
Training round: 72		accuracy = 0.7301449179649353
Training round: 73		accuracy = 0.7278260588645935
Training round: 74		accuracy = 0.7295652031898499
Training round: 75		accuracy = 0.730434775352478
Training round: 76		accuracy = 0.7321739196777344
Training round: 77		accuracy = 0.730434775352478
Training round: 78		accuracy = 0.7281159162521362
Training round: 79		accuracy = 0.7298550605773926
Training round: 80		accuracy = 0.730434775352478
Training round: 81		accuracy = 0.7353622913360596
Training round: 82		accuracy = 0.7315942049026489
Training round: 83		accuracy = 0.7330434918403625
Training round: 84		accuracy = 0.7330434918403625
Training round: 85		accuracy = 0.7315942049026489
Training round: 86		accuracy = 0.7298550605773926
Training round: 87		accuracy = 0.7324637770652771
Training round: 88		accuracy = 0.7327536344528198
Training round: 89		accuracy = 0.7313043475151062
Training round: 90		accuracy = 0.7315942049026489
Training round: 91		accuracy = 0.7330434918403625
Training round: 92		accuracy = 0.730434775352478
Training round: 93		accuracy = 0.7307246327400208
Training round: 94		accuracy = 0.730434775352478
Training round: 95		accuracy = 0.7301449179649353
Training round: 96		accuracy = 0.7344927787780762
Training round: 97		accuracy = 0.7301449179649353
Training round: 98		accuracy = 0.7344927787780762
Training round: 99		accuracy = 0.7298550605773926
Training round: 100		accuracy = 0.7292753458023071
Training duration 8311.518884181976
