2021-08-21 23:54:16.406566: I tensorflow/stream_executor/platform/default/dso_loader.cc:49] Successfully opened dynamic library libcudart.so.11.0
2021-08-21 23:54:40.178470: I tensorflow/compiler/jit/xla_cpu_device.cc:41] Not creating XLA devices, tf_xla_enable_xla_devices not set
2021-08-21 23:54:40.181312: I tensorflow/stream_executor/platform/default/dso_loader.cc:49] Successfully opened dynamic library libcuda.so.1
2021-08-21 23:54:40.204672: I tensorflow/core/common_runtime/gpu/gpu_device.cc:1720] Found device 0 with properties: 
pciBusID: 0000:07:00.0 name: Tesla P100-PCIE-16GB computeCapability: 6.0
coreClock: 1.3285GHz coreCount: 56 deviceMemorySize: 15.90GiB deviceMemoryBandwidth: 681.88GiB/s
2021-08-21 23:54:40.204818: I tensorflow/stream_executor/platform/default/dso_loader.cc:49] Successfully opened dynamic library libcudart.so.11.0
2021-08-21 23:54:40.223902: I tensorflow/stream_executor/platform/default/dso_loader.cc:49] Successfully opened dynamic library libcublas.so.11
2021-08-21 23:54:40.224086: I tensorflow/stream_executor/platform/default/dso_loader.cc:49] Successfully opened dynamic library libcublasLt.so.11
2021-08-21 23:54:40.230059: I tensorflow/stream_executor/platform/default/dso_loader.cc:49] Successfully opened dynamic library libcufft.so.10
2021-08-21 23:54:40.232534: I tensorflow/stream_executor/platform/default/dso_loader.cc:49] Successfully opened dynamic library libcurand.so.10
2021-08-21 23:54:40.241061: I tensorflow/stream_executor/platform/default/dso_loader.cc:49] Successfully opened dynamic library libcusolver.so.10
2021-08-21 23:54:40.243254: I tensorflow/stream_executor/platform/default/dso_loader.cc:49] Successfully opened dynamic library libcusparse.so.11
2021-08-21 23:54:40.244245: I tensorflow/stream_executor/platform/default/dso_loader.cc:49] Successfully opened dynamic library libcudnn.so.8
2021-08-21 23:54:40.246785: I tensorflow/core/common_runtime/gpu/gpu_device.cc:1862] Adding visible gpu devices: 0
2021-08-21 23:54:40.247623: I tensorflow/core/platform/cpu_feature_guard.cc:142] This TensorFlow binary is optimized with oneAPI Deep Neural Network Library (oneDNN) to use the following CPU instructions in performance-critical operations:  AVX2 FMA
To enable them in other operations, rebuild TensorFlow with the appropriate compiler flags.
2021-08-21 23:54:40.247928: I tensorflow/compiler/jit/xla_gpu_device.cc:99] Not creating XLA devices, tf_xla_enable_xla_devices not set
2021-08-21 23:54:40.249330: I tensorflow/core/common_runtime/gpu/gpu_device.cc:1720] Found device 0 with properties: 
pciBusID: 0000:07:00.0 name: Tesla P100-PCIE-16GB computeCapability: 6.0
coreClock: 1.3285GHz coreCount: 56 deviceMemorySize: 15.90GiB deviceMemoryBandwidth: 681.88GiB/s
2021-08-21 23:54:40.249430: I tensorflow/stream_executor/platform/default/dso_loader.cc:49] Successfully opened dynamic library libcudart.so.11.0
2021-08-21 23:54:40.249603: I tensorflow/stream_executor/platform/default/dso_loader.cc:49] Successfully opened dynamic library libcublas.so.11
2021-08-21 23:54:40.249734: I tensorflow/stream_executor/platform/default/dso_loader.cc:49] Successfully opened dynamic library libcublasLt.so.11
2021-08-21 23:54:40.249815: I tensorflow/stream_executor/platform/default/dso_loader.cc:49] Successfully opened dynamic library libcufft.so.10
2021-08-21 23:54:40.249947: I tensorflow/stream_executor/platform/default/dso_loader.cc:49] Successfully opened dynamic library libcurand.so.10
2021-08-21 23:54:40.250084: I tensorflow/stream_executor/platform/default/dso_loader.cc:49] Successfully opened dynamic library libcusolver.so.10
2021-08-21 23:54:40.250176: I tensorflow/stream_executor/platform/default/dso_loader.cc:49] Successfully opened dynamic library libcusparse.so.11
2021-08-21 23:54:40.250267: I tensorflow/stream_executor/platform/default/dso_loader.cc:49] Successfully opened dynamic library libcudnn.so.8
2021-08-21 23:54:40.252607: I tensorflow/core/common_runtime/gpu/gpu_device.cc:1862] Adding visible gpu devices: 0
2021-08-21 23:54:40.252730: I tensorflow/stream_executor/platform/default/dso_loader.cc:49] Successfully opened dynamic library libcudart.so.11.0
2021-08-21 23:54:40.824846: I tensorflow/core/common_runtime/gpu/gpu_device.cc:1261] Device interconnect StreamExecutor with strength 1 edge matrix:
2021-08-21 23:54:40.825060: I tensorflow/core/common_runtime/gpu/gpu_device.cc:1267]      0 
2021-08-21 23:54:40.825167: I tensorflow/core/common_runtime/gpu/gpu_device.cc:1280] 0:   N 
2021-08-21 23:54:40.829368: I tensorflow/core/common_runtime/gpu/gpu_device.cc:1406] Created TensorFlow device (/job:localhost/replica:0/task:0/device:GPU:0 with 14957 MB memory) -> physical GPU (device: 0, name: Tesla P100-PCIE-16GB, pci bus id: 0000:07:00.0, compute capability: 6.0)
2021-08-21 23:54:51.001718: I tensorflow/compiler/mlir/mlir_graph_optimization_pass.cc:116] None of the MLIR optimization passes are enabled (registered 2)
2021-08-21 23:54:51.005505: I tensorflow/core/platform/profile_utils/cpu_utils.cc:112] CPU Frequency: 2200000000 Hz
2021-08-21 23:54:51.076866: I tensorflow/stream_executor/platform/default/dso_loader.cc:49] Successfully opened dynamic library libcublas.so.11
2021-08-21 23:54:51.446044: I tensorflow/stream_executor/platform/default/dso_loader.cc:49] Successfully opened dynamic library libcublasLt.so.11
2021-08-21 23:54:51.453501: I tensorflow/stream_executor/platform/default/dso_loader.cc:49] Successfully opened dynamic library libcudnn.so.8
2021-08-21 23:54:53.205012: W tensorflow/stream_executor/gpu/asm_compiler.cc:63] Running ptxas --version returned 256
2021-08-21 23:54:53.251597: W tensorflow/stream_executor/gpu/redzone_allocator.cc:314] Internal: ptxas exited with non-zero error code 256, output: 
Relying on driver to perform ptx compilation. 
Modify $PATH to customize ptxas location.
This message will be only logged once.
Training round: 1		accuracy = 0.6492753624916077
Training round: 2		accuracy = 0.6420289874076843
Training round: 3		accuracy = 0.6486956477165222
Training round: 4		accuracy = 0.6371014714241028
Training round: 5		accuracy = 0.6272463798522949
Training round: 6		accuracy = 0.6397101283073425
Training round: 7		accuracy = 0.6527536511421204
Training round: 8		accuracy = 0.6417391300201416
Training round: 9		accuracy = 0.6515942215919495
Training round: 10		accuracy = 0.6484057903289795
Training round: 11		accuracy = 0.6608695387840271
Training round: 12		accuracy = 0.6371014714241028
Training round: 13		accuracy = 0.6649275422096252
Training round: 14		accuracy = 0.6640579700469971
Training round: 15		accuracy = 0.6600000262260437
Training round: 16		accuracy = 0.6608695387840271
Training round: 17		accuracy = 0.6568115949630737
Training round: 18		accuracy = 0.6588405966758728
Training round: 19		accuracy = 0.6628985404968262
Training round: 20		accuracy = 0.6611593961715698
Training round: 21		accuracy = 0.6573913097381592
Training round: 22		accuracy = 0.662028968334198
Training round: 23		accuracy = 0.6582608819007874
Training round: 24		accuracy = 0.6040579676628113
Training round: 25		accuracy = 0.6753623485565186
Training round: 26		accuracy = 0.6753623485565186
Training round: 27		accuracy = 0.6733333468437195
Training round: 28		accuracy = 0.6715942025184631
Training round: 29		accuracy = 0.6733333468437195
Training round: 30		accuracy = 0.6750724911689758
Training round: 31		accuracy = 0.6243478059768677
Training round: 32		accuracy = 0.6933333277702332
Training round: 33		accuracy = 0.6875362396240234
Training round: 34		accuracy = 0.6875362396240234
Training round: 35		accuracy = 0.6872463822364807
Training round: 36		accuracy = 0.686956524848938
Training round: 37		accuracy = 0.6875362396240234
Training round: 38		accuracy = 0.686956524848938
Training round: 39		accuracy = 0.6849275231361389
Training round: 40		accuracy = 0.6846376657485962
Training round: 41		accuracy = 0.6846376657485962
Training round: 42		accuracy = 0.6846376657485962
Training round: 43		accuracy = 0.6843478083610535
Training round: 44		accuracy = 0.6840579509735107
Training round: 45		accuracy = 0.6846376657485962
Training round: 46		accuracy = 0.6884058117866516
Training round: 47		accuracy = 0.6939130425453186
Training round: 48		accuracy = 0.6953623294830322
Training round: 49		accuracy = 0.6953623294830322
Training round: 50		accuracy = 0.695652186870575
Training round: 51		accuracy = 0.6936231851577759
Training round: 52		accuracy = 0.6921738982200623
Training round: 53		accuracy = 0.6942028999328613
Training round: 54		accuracy = 0.6933333277702332
Training round: 55		accuracy = 0.6936231851577759
Training round: 56		accuracy = 0.694492757320404
Training round: 57		accuracy = 0.6953623294830322
Training round: 58		accuracy = 0.6933333277702332
Training round: 59		accuracy = 0.6930434703826904
Training round: 60		accuracy = 0.6950724720954895
Training round: 61		accuracy = 0.6939130425453186
Training round: 62		accuracy = 0.6942028999328613
Training round: 63		accuracy = 0.6733333468437195
Training round: 64		accuracy = 0.6971014738082886
Training round: 65		accuracy = 0.6982608437538147
Training round: 66		accuracy = 0.6982608437538147
Training round: 67		accuracy = 0.6965217590332031
Training round: 68		accuracy = 0.6973913311958313
Training round: 69		accuracy = 0.697970986366272
Training round: 70		accuracy = 0.6982608437538147
Training round: 71		accuracy = 0.6991304159164429
Training round: 72		accuracy = 0.6982608437538147
Training round: 73		accuracy = 0.697970986366272
Training round: 74		accuracy = 0.697681188583374
Training round: 75		accuracy = 0.6962319016456604
Training round: 76		accuracy = 0.6965217590332031
Training round: 77		accuracy = 0.6968116164207458
Training round: 78		accuracy = 0.6968116164207458
Training round: 79		accuracy = 0.6971014738082886
Training round: 80		accuracy = 0.697681188583374
Training round: 81		accuracy = 0.697681188583374
Training round: 82		accuracy = 0.6971014738082886
Training round: 83		accuracy = 0.6968116164207458
Training round: 84		accuracy = 0.6968116164207458
Training round: 85		accuracy = 0.6965217590332031
Training round: 86		accuracy = 0.697681188583374
Training round: 87		accuracy = 0.6962319016456604
Training round: 88		accuracy = 0.6973913311958313
Training round: 89		accuracy = 0.697681188583374
Training round: 90		accuracy = 0.6973913311958313
Training round: 91		accuracy = 0.697681188583374
Training round: 92		accuracy = 0.697681188583374
Training round: 93		accuracy = 0.697970986366272
Training round: 94		accuracy = 0.6985507011413574
Training round: 95		accuracy = 0.697970986366272
Training round: 96		accuracy = 0.6982608437538147
Training round: 97		accuracy = 0.697970986366272
Training round: 98		accuracy = 0.6982608437538147
Training round: 99		accuracy = 0.697970986366272
Training round: 100		accuracy = 0.697681188583374
Training duration 6159.653316497803
