2021-08-23 16:29:04.374620: I tensorflow/stream_executor/platform/default/dso_loader.cc:49] Successfully opened dynamic library libcudart.so.11.0
2021-08-23 16:29:29.913576: I tensorflow/compiler/jit/xla_cpu_device.cc:41] Not creating XLA devices, tf_xla_enable_xla_devices not set
2021-08-23 16:29:29.918809: I tensorflow/stream_executor/platform/default/dso_loader.cc:49] Successfully opened dynamic library libcuda.so.1
2021-08-23 16:29:29.952090: I tensorflow/core/common_runtime/gpu/gpu_device.cc:1720] Found device 0 with properties: 
pciBusID: 0000:03:00.0 name: Tesla P100-PCIE-12GB computeCapability: 6.0
coreClock: 1.3285GHz coreCount: 56 deviceMemorySize: 11.91GiB deviceMemoryBandwidth: 511.41GiB/s
2021-08-23 16:29:29.952461: I tensorflow/stream_executor/platform/default/dso_loader.cc:49] Successfully opened dynamic library libcudart.so.11.0
2021-08-23 16:29:29.962089: I tensorflow/stream_executor/platform/default/dso_loader.cc:49] Successfully opened dynamic library libcublas.so.11
2021-08-23 16:29:29.962227: I tensorflow/stream_executor/platform/default/dso_loader.cc:49] Successfully opened dynamic library libcublasLt.so.11
2021-08-23 16:29:29.968000: I tensorflow/stream_executor/platform/default/dso_loader.cc:49] Successfully opened dynamic library libcufft.so.10
2021-08-23 16:29:29.970976: I tensorflow/stream_executor/platform/default/dso_loader.cc:49] Successfully opened dynamic library libcurand.so.10
2021-08-23 16:29:29.979781: I tensorflow/stream_executor/platform/default/dso_loader.cc:49] Successfully opened dynamic library libcusolver.so.10
2021-08-23 16:29:29.982413: I tensorflow/stream_executor/platform/default/dso_loader.cc:49] Successfully opened dynamic library libcusparse.so.11
2021-08-23 16:29:29.983568: I tensorflow/stream_executor/platform/default/dso_loader.cc:49] Successfully opened dynamic library libcudnn.so.8
2021-08-23 16:29:29.985765: I tensorflow/core/common_runtime/gpu/gpu_device.cc:1862] Adding visible gpu devices: 0
2021-08-23 16:29:29.989679: I tensorflow/core/platform/cpu_feature_guard.cc:142] This TensorFlow binary is optimized with oneAPI Deep Neural Network Library (oneDNN) to use the following CPU instructions in performance-critical operations:  AVX2 FMA
To enable them in other operations, rebuild TensorFlow with the appropriate compiler flags.
2021-08-23 16:29:29.990082: I tensorflow/compiler/jit/xla_gpu_device.cc:99] Not creating XLA devices, tf_xla_enable_xla_devices not set
2021-08-23 16:29:29.991174: I tensorflow/core/common_runtime/gpu/gpu_device.cc:1720] Found device 0 with properties: 
pciBusID: 0000:03:00.0 name: Tesla P100-PCIE-12GB computeCapability: 6.0
coreClock: 1.3285GHz coreCount: 56 deviceMemorySize: 11.91GiB deviceMemoryBandwidth: 511.41GiB/s
2021-08-23 16:29:29.991278: I tensorflow/stream_executor/platform/default/dso_loader.cc:49] Successfully opened dynamic library libcudart.so.11.0
2021-08-23 16:29:29.991375: I tensorflow/stream_executor/platform/default/dso_loader.cc:49] Successfully opened dynamic library libcublas.so.11
2021-08-23 16:29:29.991469: I tensorflow/stream_executor/platform/default/dso_loader.cc:49] Successfully opened dynamic library libcublasLt.so.11
2021-08-23 16:29:29.991598: I tensorflow/stream_executor/platform/default/dso_loader.cc:49] Successfully opened dynamic library libcufft.so.10
2021-08-23 16:29:29.991667: I tensorflow/stream_executor/platform/default/dso_loader.cc:49] Successfully opened dynamic library libcurand.so.10
2021-08-23 16:29:29.991778: I tensorflow/stream_executor/platform/default/dso_loader.cc:49] Successfully opened dynamic library libcusolver.so.10
2021-08-23 16:29:29.991881: I tensorflow/stream_executor/platform/default/dso_loader.cc:49] Successfully opened dynamic library libcusparse.so.11
2021-08-23 16:29:29.991970: I tensorflow/stream_executor/platform/default/dso_loader.cc:49] Successfully opened dynamic library libcudnn.so.8
2021-08-23 16:29:29.993847: I tensorflow/core/common_runtime/gpu/gpu_device.cc:1862] Adding visible gpu devices: 0
2021-08-23 16:29:29.993986: I tensorflow/stream_executor/platform/default/dso_loader.cc:49] Successfully opened dynamic library libcudart.so.11.0
2021-08-23 16:29:31.214247: I tensorflow/core/common_runtime/gpu/gpu_device.cc:1261] Device interconnect StreamExecutor with strength 1 edge matrix:
2021-08-23 16:29:31.214450: I tensorflow/core/common_runtime/gpu/gpu_device.cc:1267]      0 
2021-08-23 16:29:31.214609: I tensorflow/core/common_runtime/gpu/gpu_device.cc:1280] 0:   N 
2021-08-23 16:29:31.220262: I tensorflow/core/common_runtime/gpu/gpu_device.cc:1406] Created TensorFlow device (/job:localhost/replica:0/task:0/device:GPU:0 with 11119 MB memory) -> physical GPU (device: 0, name: Tesla P100-PCIE-12GB, pci bus id: 0000:03:00.0, compute capability: 6.0)
2021-08-23 16:29:38.059702: I tensorflow/compiler/mlir/mlir_graph_optimization_pass.cc:116] None of the MLIR optimization passes are enabled (registered 2)
2021-08-23 16:29:38.063373: I tensorflow/core/platform/profile_utils/cpu_utils.cc:112] CPU Frequency: 2200155000 Hz
2021-08-23 16:29:38.174724: I tensorflow/stream_executor/platform/default/dso_loader.cc:49] Successfully opened dynamic library libcublas.so.11
2021-08-23 16:29:38.554834: I tensorflow/stream_executor/platform/default/dso_loader.cc:49] Successfully opened dynamic library libcublasLt.so.11
2021-08-23 16:29:38.562202: I tensorflow/stream_executor/platform/default/dso_loader.cc:49] Successfully opened dynamic library libcudnn.so.8
2021-08-23 16:29:40.326135: W tensorflow/stream_executor/gpu/asm_compiler.cc:63] Running ptxas --version returned 256
2021-08-23 16:29:40.398377: W tensorflow/stream_executor/gpu/redzone_allocator.cc:314] Internal: ptxas exited with non-zero error code 256, output: 
Relying on driver to perform ptx compilation. 
Modify $PATH to customize ptxas location.
This message will be only logged once.
OverlapMutator started.
OverlapMutator finished.
Training round: 1		accuracy = 0.4481159448623657
Training round: 2		accuracy = 0.5002898573875427
Training round: 3		accuracy = 0.5669565200805664
Training round: 4		accuracy = 0.4997101426124573
Training round: 5		accuracy = 0.5220289826393127
Training round: 6		accuracy = 0.5139130353927612
Training round: 7		accuracy = 0.5315942168235779
Training round: 8		accuracy = 0.5226086974143982
Training round: 9		accuracy = 0.5310145020484924
Training round: 10		accuracy = 0.5243478417396545
Training round: 11		accuracy = 0.5536231994628906
Training round: 12		accuracy = 0.5243478417396545
Training round: 13		accuracy = 0.5263767838478088
Training round: 14		accuracy = 0.5298550724983215
Training round: 15		accuracy = 0.5469565391540527
Training round: 16		accuracy = 0.5533333420753479
Training round: 17		accuracy = 0.5721738934516907
Training round: 18		accuracy = 0.5405797362327576
Training round: 19		accuracy = 0.5588405728340149
Training round: 20		accuracy = 0.5799999833106995
Training round: 21		accuracy = 0.5420289635658264
Training round: 22		accuracy = 0.5611594319343567
Training round: 23		accuracy = 0.5547826290130615
Training round: 24		accuracy = 0.5423188209533691
Training round: 25		accuracy = 0.5788405537605286
Training round: 26		accuracy = 0.56840580701828
Training round: 27		accuracy = 0.5779710412025452
Training round: 28		accuracy = 0.5692753791809082
Training round: 29		accuracy = 0.566376805305481
Training round: 30		accuracy = 0.6214492917060852
Training round: 31		accuracy = 0.5753623247146606
Training round: 32		accuracy = 0.6052173972129822
Training round: 33		accuracy = 0.6182608604431152
Training round: 34		accuracy = 0.601159393787384
Training round: 35		accuracy = 0.6272463798522949
Training round: 36		accuracy = 0.5953623056411743
Training round: 37		accuracy = 0.6147826313972473
Training round: 38		accuracy = 0.604347825050354
Training round: 39		accuracy = 0.5776811838150024
Training round: 40		accuracy = 0.5968115925788879
Training round: 41		accuracy = 0.5985507369041443
Training round: 42		accuracy = 0.6269565224647522
Training round: 43		accuracy = 0.6055072546005249
Training round: 44		accuracy = 0.6327536106109619
Training round: 45		accuracy = 0.6446377038955688
Training round: 46		accuracy = 0.6405797004699707
Training round: 47		accuracy = 0.6399999856948853
Training round: 48		accuracy = 0.6342028975486755
Training round: 49		accuracy = 0.6356521844863892
Training round: 50		accuracy = 0.6498550772666931
Training round: 51		accuracy = 0.6576811671257019
Training round: 52		accuracy = 0.6753623485565186
Training round: 53		accuracy = 0.6544927358627319
Training round: 54		accuracy = 0.6576811671257019
Training round: 55		accuracy = 0.6631883978843689
Training round: 56		accuracy = 0.6820290088653564
Training round: 57		accuracy = 0.6875362396240234
Training round: 58		accuracy = 0.6684057712554932
Training round: 59		accuracy = 0.6985507011413574
Training round: 60		accuracy = 0.667246401309967
Training round: 61		accuracy = 0.6649275422096252
Training round: 62		accuracy = 0.6701449155807495
Training round: 63		accuracy = 0.6721739172935486
Training round: 64		accuracy = 0.6771014332771301
Training round: 65		accuracy = 0.676231861114502
Training round: 66		accuracy = 0.6802898645401001
Training round: 67		accuracy = 0.683768093585968
Training round: 68		accuracy = 0.6878260970115662
Training round: 69		accuracy = 0.6857970952987671
Training round: 70		accuracy = 0.7049275636672974
Training round: 71		accuracy = 0.6831883788108826
Training round: 72		accuracy = 0.6843478083610535
Training round: 73		accuracy = 0.6855072379112244
Training round: 74		accuracy = 0.690144956111908
Training round: 75		accuracy = 0.6878260970115662
Training round: 76		accuracy = 0.7110145092010498
Training round: 77		accuracy = 0.7002898454666138
Training round: 78		accuracy = 0.6991304159164429
Training round: 79		accuracy = 0.7046377062797546
Training round: 80		accuracy = 0.6953623294830322
Training round: 81		accuracy = 0.7026087045669556
Training round: 82		accuracy = 0.7075362205505371
Training round: 83		accuracy = 0.6988405585289001
Training round: 84		accuracy = 0.7037681341171265
Training round: 85		accuracy = 0.705507218837738
Training round: 86		accuracy = 0.7139130234718323
Training round: 87		accuracy = 0.7026087045669556
Training round: 88		accuracy = 0.7078260779380798
Training round: 89		accuracy = 0.7089855074882507
Training round: 90		accuracy = 0.7246376872062683
Training round: 91		accuracy = 0.7130434513092041
Training round: 92		accuracy = 0.708695650100708
Training round: 93		accuracy = 0.711884081363678
Training round: 94		accuracy = 0.7121739387512207
Training round: 95		accuracy = 0.7176811695098877
Training round: 96		accuracy = 0.7202898263931274
Training round: 97		accuracy = 0.7130434513092041
Training round: 98		accuracy = 0.7147825956344604
Training round: 99		accuracy = 0.719420313835144
Training round: 100		accuracy = 0.7159420251846313
Training duration 7161.225006341934
