2021-08-21 22:57:34.759302: I tensorflow/stream_executor/platform/default/dso_loader.cc:49] Successfully opened dynamic library libcudart.so.11.0
2021-08-21 22:58:02.185851: I tensorflow/compiler/jit/xla_cpu_device.cc:41] Not creating XLA devices, tf_xla_enable_xla_devices not set
2021-08-21 22:58:02.190833: I tensorflow/stream_executor/platform/default/dso_loader.cc:49] Successfully opened dynamic library libcuda.so.1
2021-08-21 22:58:02.275074: I tensorflow/core/common_runtime/gpu/gpu_device.cc:1720] Found device 0 with properties: 
pciBusID: 0000:18:00.0 name: Tesla V100-SXM2-32GB computeCapability: 7.0
coreClock: 1.53GHz coreCount: 80 deviceMemorySize: 31.75GiB deviceMemoryBandwidth: 836.37GiB/s
2021-08-21 22:58:02.275823: I tensorflow/stream_executor/platform/default/dso_loader.cc:49] Successfully opened dynamic library libcudart.so.11.0
2021-08-21 22:58:02.293190: I tensorflow/stream_executor/platform/default/dso_loader.cc:49] Successfully opened dynamic library libcublas.so.11
2021-08-21 22:58:02.293404: I tensorflow/stream_executor/platform/default/dso_loader.cc:49] Successfully opened dynamic library libcublasLt.so.11
2021-08-21 22:58:02.299998: I tensorflow/stream_executor/platform/default/dso_loader.cc:49] Successfully opened dynamic library libcufft.so.10
2021-08-21 22:58:02.302852: I tensorflow/stream_executor/platform/default/dso_loader.cc:49] Successfully opened dynamic library libcurand.so.10
2021-08-21 22:58:02.313056: I tensorflow/stream_executor/platform/default/dso_loader.cc:49] Successfully opened dynamic library libcusolver.so.10
2021-08-21 22:58:02.315509: I tensorflow/stream_executor/platform/default/dso_loader.cc:49] Successfully opened dynamic library libcusparse.so.11
2021-08-21 22:58:02.316331: I tensorflow/stream_executor/platform/default/dso_loader.cc:49] Successfully opened dynamic library libcudnn.so.8
2021-08-21 22:58:02.323948: I tensorflow/core/common_runtime/gpu/gpu_device.cc:1862] Adding visible gpu devices: 0
2021-08-21 22:58:02.337354: I tensorflow/core/platform/cpu_feature_guard.cc:142] This TensorFlow binary is optimized with oneAPI Deep Neural Network Library (oneDNN) to use the following CPU instructions in performance-critical operations:  AVX2 AVX512F FMA
To enable them in other operations, rebuild TensorFlow with the appropriate compiler flags.
2021-08-21 22:58:02.337919: I tensorflow/compiler/jit/xla_gpu_device.cc:99] Not creating XLA devices, tf_xla_enable_xla_devices not set
2021-08-21 22:58:02.341338: I tensorflow/core/common_runtime/gpu/gpu_device.cc:1720] Found device 0 with properties: 
pciBusID: 0000:18:00.0 name: Tesla V100-SXM2-32GB computeCapability: 7.0
coreClock: 1.53GHz coreCount: 80 deviceMemorySize: 31.75GiB deviceMemoryBandwidth: 836.37GiB/s
2021-08-21 22:58:02.341485: I tensorflow/stream_executor/platform/default/dso_loader.cc:49] Successfully opened dynamic library libcudart.so.11.0
2021-08-21 22:58:02.341605: I tensorflow/stream_executor/platform/default/dso_loader.cc:49] Successfully opened dynamic library libcublas.so.11
2021-08-21 22:58:02.341744: I tensorflow/stream_executor/platform/default/dso_loader.cc:49] Successfully opened dynamic library libcublasLt.so.11
2021-08-21 22:58:02.341855: I tensorflow/stream_executor/platform/default/dso_loader.cc:49] Successfully opened dynamic library libcufft.so.10
2021-08-21 22:58:02.341985: I tensorflow/stream_executor/platform/default/dso_loader.cc:49] Successfully opened dynamic library libcurand.so.10
2021-08-21 22:58:02.342125: I tensorflow/stream_executor/platform/default/dso_loader.cc:49] Successfully opened dynamic library libcusolver.so.10
2021-08-21 22:58:02.342244: I tensorflow/stream_executor/platform/default/dso_loader.cc:49] Successfully opened dynamic library libcusparse.so.11
2021-08-21 22:58:02.342303: I tensorflow/stream_executor/platform/default/dso_loader.cc:49] Successfully opened dynamic library libcudnn.so.8
2021-08-21 22:58:02.348355: I tensorflow/core/common_runtime/gpu/gpu_device.cc:1862] Adding visible gpu devices: 0
2021-08-21 22:58:02.348514: I tensorflow/stream_executor/platform/default/dso_loader.cc:49] Successfully opened dynamic library libcudart.so.11.0
2021-08-21 22:58:03.708703: I tensorflow/core/common_runtime/gpu/gpu_device.cc:1261] Device interconnect StreamExecutor with strength 1 edge matrix:
2021-08-21 22:58:03.708901: I tensorflow/core/common_runtime/gpu/gpu_device.cc:1267]      0 
2021-08-21 22:58:03.709048: I tensorflow/core/common_runtime/gpu/gpu_device.cc:1280] 0:   N 
2021-08-21 22:58:03.717698: I tensorflow/core/common_runtime/gpu/gpu_device.cc:1406] Created TensorFlow device (/job:localhost/replica:0/task:0/device:GPU:0 with 30130 MB memory) -> physical GPU (device: 0, name: Tesla V100-SXM2-32GB, pci bus id: 0000:18:00.0, compute capability: 7.0)
2021-08-21 22:58:20.355733: I tensorflow/compiler/mlir/mlir_graph_optimization_pass.cc:116] None of the MLIR optimization passes are enabled (registered 2)
2021-08-21 22:58:20.360109: I tensorflow/core/platform/profile_utils/cpu_utils.cc:112] CPU Frequency: 2100000000 Hz
2021-08-21 22:58:20.448197: I tensorflow/stream_executor/platform/default/dso_loader.cc:49] Successfully opened dynamic library libcublas.so.11
2021-08-21 22:58:21.042921: I tensorflow/stream_executor/platform/default/dso_loader.cc:49] Successfully opened dynamic library libcublasLt.so.11
2021-08-21 22:58:21.053571: I tensorflow/stream_executor/platform/default/dso_loader.cc:49] Successfully opened dynamic library libcudnn.so.8
2021-08-21 22:58:23.901183: W tensorflow/stream_executor/gpu/asm_compiler.cc:63] Running ptxas --version returned 256
2021-08-21 22:58:24.289137: W tensorflow/stream_executor/gpu/redzone_allocator.cc:314] Internal: ptxas exited with non-zero error code 256, output: 
Relying on driver to perform ptx compilation. 
Modify $PATH to customize ptxas location.
This message will be only logged once.
OverlapMutator started.
OverlapMutator finished.
Training round: 1		accuracy = 0.6440579891204834
Training round: 2		accuracy = 0.5139130353927612
Training round: 3		accuracy = 0.5713043212890625
Training round: 4		accuracy = 0.5927536487579346
Training round: 5		accuracy = 0.604347825050354
Training round: 6		accuracy = 0.54666668176651
Training round: 7		accuracy = 0.5646376609802246
Training round: 8		accuracy = 0.585797131061554
Training round: 9		accuracy = 0.6023188233375549
Training round: 10		accuracy = 0.6066666841506958
Training round: 11		accuracy = 0.5721738934516907
Training round: 12		accuracy = 0.5884057879447937
Training round: 13		accuracy = 0.604347825050354
Training round: 14		accuracy = 0.5710144639015198
Training round: 15		accuracy = 0.5626087188720703
Training round: 16		accuracy = 0.5678260922431946
Training round: 17		accuracy = 0.5579710006713867
Training round: 18		accuracy = 0.6194202899932861
Training round: 19		accuracy = 0.593623161315918
Training round: 20		accuracy = 0.5878260731697083
Training round: 21		accuracy = 0.6231883764266968
Training round: 22		accuracy = 0.6168115735054016
Training round: 23		accuracy = 0.6162318587303162
Training round: 24		accuracy = 0.6202898621559143
Training round: 25		accuracy = 0.6368116140365601
Training round: 26		accuracy = 0.6121739149093628
Training round: 27		accuracy = 0.6275362372398376
Training round: 28		accuracy = 0.618550717830658
Training round: 29		accuracy = 0.6173912882804871
Training round: 30		accuracy = 0.6162318587303162
Training round: 31		accuracy = 0.6298550963401794
Training round: 32		accuracy = 0.6234782338142395
Training round: 33		accuracy = 0.6269565224647522
Training round: 34		accuracy = 0.6176811456680298
Training round: 35		accuracy = 0.6165217161178589
Training round: 36		accuracy = 0.6388405561447144
Training round: 37		accuracy = 0.6107246279716492
Training round: 38		accuracy = 0.6089854836463928
Training round: 39		accuracy = 0.5968115925788879
Training round: 40		accuracy = 0.6217391490936279
Training round: 41		accuracy = 0.6194202899932861
Training round: 42		accuracy = 0.6115942001342773
Training round: 43		accuracy = 0.6153623461723328
Training round: 44		accuracy = 0.6200000047683716
Training round: 45		accuracy = 0.6072463989257812
Training round: 46		accuracy = 0.6310144662857056
Training round: 47		accuracy = 0.6281159520149231
Training round: 48		accuracy = 0.642318844795227
Training round: 49		accuracy = 0.6176811456680298
Training round: 50		accuracy = 0.6252173781394958
Training round: 51		accuracy = 0.6301449537277222
Training round: 52		accuracy = 0.6408695578575134
Training round: 53		accuracy = 0.6020289659500122
Training round: 54		accuracy = 0.618550717830658
Training round: 55		accuracy = 0.6440579891204834
Training round: 56		accuracy = 0.6542028784751892
Training round: 57		accuracy = 0.6550724506378174
Training round: 58		accuracy = 0.6339130401611328
Training round: 59		accuracy = 0.6252173781394958
Training round: 60		accuracy = 0.6330434679985046
Training round: 61		accuracy = 0.6257970929145813
Training round: 62		accuracy = 0.6391304135322571
Training round: 63		accuracy = 0.653333306312561
Training round: 64		accuracy = 0.6431884169578552
Training round: 65		accuracy = 0.6733333468437195
Training round: 66		accuracy = 0.6600000262260437
Training round: 67		accuracy = 0.6724637746810913
Training round: 68		accuracy = 0.6469565033912659
Training round: 69		accuracy = 0.6495652198791504
Training round: 70		accuracy = 0.6489855051040649
Training round: 71		accuracy = 0.6573913097381592
Training round: 72		accuracy = 0.6637681126594543
Training round: 73		accuracy = 0.6579710245132446
Training round: 74		accuracy = 0.6614492535591125
Training round: 75		accuracy = 0.6573913097381592
Training round: 76		accuracy = 0.6637681126594543
Training round: 77		accuracy = 0.6655072569847107
Training round: 78		accuracy = 0.6585507392883301
Training round: 79		accuracy = 0.6669565439224243
Training round: 80		accuracy = 0.6730434894561768
Training round: 81		accuracy = 0.6739130616188049
Training round: 82		accuracy = 0.6742029190063477
Training round: 83		accuracy = 0.6800000071525574
Training round: 84		accuracy = 0.670724630355835
Training round: 85		accuracy = 0.665217399597168
Training round: 86		accuracy = 0.6773912906646729
Training round: 87		accuracy = 0.6776811480522156
Training round: 88		accuracy = 0.6704347729682922
Training round: 89		accuracy = 0.6800000071525574
Training round: 90		accuracy = 0.6747826337814331
Training round: 91		accuracy = 0.6846376657485962
Training round: 92		accuracy = 0.6773912906646729
Training round: 93		accuracy = 0.6857970952987671
Training round: 94		accuracy = 0.6840579509735107
Training round: 95		accuracy = 0.6834782361984253
Training round: 96		accuracy = 0.6771014332771301
Training round: 97		accuracy = 0.6768115758895874
Training round: 98		accuracy = 0.6904347538948059
Training round: 99		accuracy = 0.6857970952987671
Training round: 100		accuracy = 0.6866666674613953
Training duration 9086.027531385422
