2021-08-22 20:47:00.362347: I tensorflow/stream_executor/platform/default/dso_loader.cc:49] Successfully opened dynamic library libcudart.so.11.0
2021-08-22 20:47:20.330875: I tensorflow/compiler/jit/xla_cpu_device.cc:41] Not creating XLA devices, tf_xla_enable_xla_devices not set
2021-08-22 20:47:20.336489: I tensorflow/stream_executor/platform/default/dso_loader.cc:49] Successfully opened dynamic library libcuda.so.1
2021-08-22 20:47:20.394451: I tensorflow/core/common_runtime/gpu/gpu_device.cc:1720] Found device 0 with properties: 
pciBusID: 0000:86:00.0 name: Tesla V100-SXM2-32GB computeCapability: 7.0
coreClock: 1.53GHz coreCount: 80 deviceMemorySize: 31.75GiB deviceMemoryBandwidth: 836.37GiB/s
2021-08-22 20:47:20.394937: I tensorflow/stream_executor/platform/default/dso_loader.cc:49] Successfully opened dynamic library libcudart.so.11.0
2021-08-22 20:47:20.406151: I tensorflow/stream_executor/platform/default/dso_loader.cc:49] Successfully opened dynamic library libcublas.so.11
2021-08-22 20:47:20.406294: I tensorflow/stream_executor/platform/default/dso_loader.cc:49] Successfully opened dynamic library libcublasLt.so.11
2021-08-22 20:47:20.411465: I tensorflow/stream_executor/platform/default/dso_loader.cc:49] Successfully opened dynamic library libcufft.so.10
2021-08-22 20:47:20.413862: I tensorflow/stream_executor/platform/default/dso_loader.cc:49] Successfully opened dynamic library libcurand.so.10
2021-08-22 20:47:20.421230: I tensorflow/stream_executor/platform/default/dso_loader.cc:49] Successfully opened dynamic library libcusolver.so.10
2021-08-22 20:47:20.423203: I tensorflow/stream_executor/platform/default/dso_loader.cc:49] Successfully opened dynamic library libcusparse.so.11
2021-08-22 20:47:20.423874: I tensorflow/stream_executor/platform/default/dso_loader.cc:49] Successfully opened dynamic library libcudnn.so.8
2021-08-22 20:47:20.429114: I tensorflow/core/common_runtime/gpu/gpu_device.cc:1862] Adding visible gpu devices: 0
2021-08-22 20:47:20.431685: I tensorflow/core/platform/cpu_feature_guard.cc:142] This TensorFlow binary is optimized with oneAPI Deep Neural Network Library (oneDNN) to use the following CPU instructions in performance-critical operations:  AVX2 AVX512F FMA
To enable them in other operations, rebuild TensorFlow with the appropriate compiler flags.
2021-08-22 20:47:20.432090: I tensorflow/compiler/jit/xla_gpu_device.cc:99] Not creating XLA devices, tf_xla_enable_xla_devices not set
2021-08-22 20:47:20.438201: I tensorflow/core/common_runtime/gpu/gpu_device.cc:1720] Found device 0 with properties: 
pciBusID: 0000:86:00.0 name: Tesla V100-SXM2-32GB computeCapability: 7.0
coreClock: 1.53GHz coreCount: 80 deviceMemorySize: 31.75GiB deviceMemoryBandwidth: 836.37GiB/s
2021-08-22 20:47:20.438384: I tensorflow/stream_executor/platform/default/dso_loader.cc:49] Successfully opened dynamic library libcudart.so.11.0
2021-08-22 20:47:20.438564: I tensorflow/stream_executor/platform/default/dso_loader.cc:49] Successfully opened dynamic library libcublas.so.11
2021-08-22 20:47:20.438716: I tensorflow/stream_executor/platform/default/dso_loader.cc:49] Successfully opened dynamic library libcublasLt.so.11
2021-08-22 20:47:20.438910: I tensorflow/stream_executor/platform/default/dso_loader.cc:49] Successfully opened dynamic library libcufft.so.10
2021-08-22 20:47:20.439067: I tensorflow/stream_executor/platform/default/dso_loader.cc:49] Successfully opened dynamic library libcurand.so.10
2021-08-22 20:47:20.439221: I tensorflow/stream_executor/platform/default/dso_loader.cc:49] Successfully opened dynamic library libcusolver.so.10
2021-08-22 20:47:20.439314: I tensorflow/stream_executor/platform/default/dso_loader.cc:49] Successfully opened dynamic library libcusparse.so.11
2021-08-22 20:47:20.439410: I tensorflow/stream_executor/platform/default/dso_loader.cc:49] Successfully opened dynamic library libcudnn.so.8
2021-08-22 20:47:20.450145: I tensorflow/core/common_runtime/gpu/gpu_device.cc:1862] Adding visible gpu devices: 0
2021-08-22 20:47:20.450335: I tensorflow/stream_executor/platform/default/dso_loader.cc:49] Successfully opened dynamic library libcudart.so.11.0
2021-08-22 20:47:21.893217: I tensorflow/core/common_runtime/gpu/gpu_device.cc:1261] Device interconnect StreamExecutor with strength 1 edge matrix:
2021-08-22 20:47:21.893424: I tensorflow/core/common_runtime/gpu/gpu_device.cc:1267]      0 
2021-08-22 20:47:21.893563: I tensorflow/core/common_runtime/gpu/gpu_device.cc:1280] 0:   N 
2021-08-22 20:47:21.904708: I tensorflow/core/common_runtime/gpu/gpu_device.cc:1406] Created TensorFlow device (/job:localhost/replica:0/task:0/device:GPU:0 with 30130 MB memory) -> physical GPU (device: 0, name: Tesla V100-SXM2-32GB, pci bus id: 0000:86:00.0, compute capability: 7.0)
2021-08-22 20:47:29.483365: I tensorflow/compiler/mlir/mlir_graph_optimization_pass.cc:116] None of the MLIR optimization passes are enabled (registered 2)
2021-08-22 20:47:29.487671: I tensorflow/core/platform/profile_utils/cpu_utils.cc:112] CPU Frequency: 2100000000 Hz
2021-08-22 20:47:29.577815: I tensorflow/stream_executor/platform/default/dso_loader.cc:49] Successfully opened dynamic library libcublas.so.11
2021-08-22 20:47:30.148835: I tensorflow/stream_executor/platform/default/dso_loader.cc:49] Successfully opened dynamic library libcublasLt.so.11
2021-08-22 20:47:30.158986: I tensorflow/stream_executor/platform/default/dso_loader.cc:49] Successfully opened dynamic library libcudnn.so.8
2021-08-22 20:47:32.660359: W tensorflow/stream_executor/gpu/asm_compiler.cc:63] Running ptxas --version returned 256
2021-08-22 20:47:32.757289: W tensorflow/stream_executor/gpu/redzone_allocator.cc:314] Internal: ptxas exited with non-zero error code 256, output: 
Relying on driver to perform ptx compilation. 
Modify $PATH to customize ptxas location.
This message will be only logged once.
Training round: 1		accuracy = 0.510724663734436
Training round: 2		accuracy = 0.47449275851249695
Training round: 3		accuracy = 0.6110144853591919
Training round: 4		accuracy = 0.6220290064811707
Training round: 5		accuracy = 0.6049275398254395
Training round: 6		accuracy = 0.6052173972129822
Training round: 7		accuracy = 0.6237680912017822
Training round: 8		accuracy = 0.6391304135322571
Training round: 9		accuracy = 0.6518840789794922
Training round: 10		accuracy = 0.6362318992614746
Training round: 11		accuracy = 0.647826075553894
Training round: 12		accuracy = 0.6521739363670349
Training round: 13		accuracy = 0.6327536106109619
Training round: 14		accuracy = 0.6408695578575134
Training round: 15		accuracy = 0.6452174186706543
Training round: 16		accuracy = 0.6515942215919495
Training round: 17		accuracy = 0.6466666460037231
Training round: 18		accuracy = 0.6542028784751892
Training round: 19		accuracy = 0.6602898836135864
Training round: 20		accuracy = 0.6562318801879883
Training round: 21		accuracy = 0.6571014523506165
Training round: 22		accuracy = 0.662028968334198
Training round: 23		accuracy = 0.6631883978843689
Training round: 24		accuracy = 0.6646376848220825
Training round: 25		accuracy = 0.6695652008056641
Training round: 26		accuracy = 0.6689854860305786
Training round: 27		accuracy = 0.6681159138679504
Training round: 28		accuracy = 0.6686956286430359
Training round: 29		accuracy = 0.6689854860305786
Training round: 30		accuracy = 0.6701449155807495
Training round: 31		accuracy = 0.6704347729682922
Training round: 32		accuracy = 0.6692753434181213
Training round: 33		accuracy = 0.6704347729682922
Training round: 34		accuracy = 0.6686956286430359
Training round: 35		accuracy = 0.6715942025184631
Training round: 36		accuracy = 0.672753632068634
Training round: 37		accuracy = 0.6713043451309204
Training round: 38		accuracy = 0.6747826337814331
Training round: 39		accuracy = 0.6739130616188049
Training round: 40		accuracy = 0.6747826337814331
Training round: 41		accuracy = 0.6750724911689758
Training round: 42		accuracy = 0.6747826337814331
Training round: 43		accuracy = 0.6750724911689758
Training round: 44		accuracy = 0.6744927763938904
Training round: 45		accuracy = 0.6744927763938904
Training round: 46		accuracy = 0.6736232042312622
Training round: 47		accuracy = 0.5113043189048767
Training round: 48		accuracy = 0.6420289874076843
Training round: 49		accuracy = 0.6391304135322571
Training round: 50		accuracy = 0.6501449346542358
Training round: 51		accuracy = 0.6626086831092834
Training round: 52		accuracy = 0.6556521654129028
Training round: 53		accuracy = 0.6666666865348816
Training round: 54		accuracy = 0.6637681126594543
Training round: 55		accuracy = 0.6736232042312622
Training round: 56		accuracy = 0.6684057712554932
Training round: 57		accuracy = 0.6765217185020447
Training round: 58		accuracy = 0.6695652008056641
Training round: 59		accuracy = 0.6739130616188049
Training round: 60		accuracy = 0.6759420037269592
Training round: 61		accuracy = 0.6768115758895874
Training round: 62		accuracy = 0.6759420037269592
Training round: 63		accuracy = 0.6886956691741943
Training round: 64		accuracy = 0.6475362181663513
Training round: 65		accuracy = 0.6686956286430359
Training round: 66		accuracy = 0.659710168838501
Training round: 67		accuracy = 0.6608695387840271
Training round: 68		accuracy = 0.6698550581932068
Training round: 69		accuracy = 0.6744927763938904
Training round: 70		accuracy = 0.6747826337814331
Training round: 71		accuracy = 0.676231861114502
Training round: 72		accuracy = 0.6785507202148438
Training round: 73		accuracy = 0.6779710054397583
Training round: 74		accuracy = 0.6805797219276428
Training round: 75		accuracy = 0.6817391514778137
Training round: 76		accuracy = 0.681449294090271
Training round: 77		accuracy = 0.6843478083610535
Training round: 78		accuracy = 0.6831883788108826
Training round: 79		accuracy = 0.6834782361984253
Training round: 80		accuracy = 0.6820290088653564
Training round: 81		accuracy = 0.6817391514778137
Training round: 82		accuracy = 0.683768093585968
Training round: 83		accuracy = 0.683768093585968
Training round: 84		accuracy = 0.6834782361984253
Training round: 85		accuracy = 0.6831883788108826
Training round: 86		accuracy = 0.6828985214233398
Training round: 87		accuracy = 0.6834782361984253
Training round: 88		accuracy = 0.683768093585968
Training round: 89		accuracy = 0.6834782361984253
Training round: 90		accuracy = 0.6663768291473389
Training round: 91		accuracy = 0.6591304540634155
Training round: 92		accuracy = 0.670724630355835
Training round: 93		accuracy = 0.6733333468437195
Training round: 94		accuracy = 0.6779710054397583
Training round: 95		accuracy = 0.6802898645401001
Training round: 96		accuracy = 0.6797101497650146
Training round: 97		accuracy = 0.6701449155807495
Training round: 98		accuracy = 0.6768115758895874
Training round: 99		accuracy = 0.6805797219276428
Training round: 100		accuracy = 0.6802898645401001
Training duration 5955.562918663025
