2021-08-22 19:23:32.616560: I tensorflow/stream_executor/platform/default/dso_loader.cc:49] Successfully opened dynamic library libcudart.so.11.0
2021-08-22 19:24:10.370435: I tensorflow/compiler/jit/xla_cpu_device.cc:41] Not creating XLA devices, tf_xla_enable_xla_devices not set
2021-08-22 19:24:10.378079: I tensorflow/stream_executor/platform/default/dso_loader.cc:49] Successfully opened dynamic library libcuda.so.1
2021-08-22 19:24:10.436819: I tensorflow/core/common_runtime/gpu/gpu_device.cc:1720] Found device 0 with properties: 
pciBusID: 0000:18:00.0 name: Tesla V100-SXM2-32GB computeCapability: 7.0
coreClock: 1.53GHz coreCount: 80 deviceMemorySize: 31.75GiB deviceMemoryBandwidth: 836.37GiB/s
2021-08-22 19:24:10.438572: I tensorflow/stream_executor/platform/default/dso_loader.cc:49] Successfully opened dynamic library libcudart.so.11.0
2021-08-22 19:24:10.448559: I tensorflow/stream_executor/platform/default/dso_loader.cc:49] Successfully opened dynamic library libcublas.so.11
2021-08-22 19:24:10.448703: I tensorflow/stream_executor/platform/default/dso_loader.cc:49] Successfully opened dynamic library libcublasLt.so.11
2021-08-22 19:24:10.453926: I tensorflow/stream_executor/platform/default/dso_loader.cc:49] Successfully opened dynamic library libcufft.so.10
2021-08-22 19:24:10.457558: I tensorflow/stream_executor/platform/default/dso_loader.cc:49] Successfully opened dynamic library libcurand.so.10
2021-08-22 19:24:10.465784: I tensorflow/stream_executor/platform/default/dso_loader.cc:49] Successfully opened dynamic library libcusolver.so.10
2021-08-22 19:24:10.467996: I tensorflow/stream_executor/platform/default/dso_loader.cc:49] Successfully opened dynamic library libcusparse.so.11
2021-08-22 19:24:10.469034: I tensorflow/stream_executor/platform/default/dso_loader.cc:49] Successfully opened dynamic library libcudnn.so.8
2021-08-22 19:24:10.474208: I tensorflow/core/common_runtime/gpu/gpu_device.cc:1862] Adding visible gpu devices: 0
2021-08-22 19:24:10.477825: I tensorflow/core/platform/cpu_feature_guard.cc:142] This TensorFlow binary is optimized with oneAPI Deep Neural Network Library (oneDNN) to use the following CPU instructions in performance-critical operations:  AVX2 AVX512F FMA
To enable them in other operations, rebuild TensorFlow with the appropriate compiler flags.
2021-08-22 19:24:10.478308: I tensorflow/compiler/jit/xla_gpu_device.cc:99] Not creating XLA devices, tf_xla_enable_xla_devices not set
2021-08-22 19:24:10.482822: I tensorflow/core/common_runtime/gpu/gpu_device.cc:1720] Found device 0 with properties: 
pciBusID: 0000:18:00.0 name: Tesla V100-SXM2-32GB computeCapability: 7.0
coreClock: 1.53GHz coreCount: 80 deviceMemorySize: 31.75GiB deviceMemoryBandwidth: 836.37GiB/s
2021-08-22 19:24:10.482944: I tensorflow/stream_executor/platform/default/dso_loader.cc:49] Successfully opened dynamic library libcudart.so.11.0
2021-08-22 19:24:10.483101: I tensorflow/stream_executor/platform/default/dso_loader.cc:49] Successfully opened dynamic library libcublas.so.11
2021-08-22 19:24:10.483236: I tensorflow/stream_executor/platform/default/dso_loader.cc:49] Successfully opened dynamic library libcublasLt.so.11
2021-08-22 19:24:10.483367: I tensorflow/stream_executor/platform/default/dso_loader.cc:49] Successfully opened dynamic library libcufft.so.10
2021-08-22 19:24:10.483445: I tensorflow/stream_executor/platform/default/dso_loader.cc:49] Successfully opened dynamic library libcurand.so.10
2021-08-22 19:24:10.483519: I tensorflow/stream_executor/platform/default/dso_loader.cc:49] Successfully opened dynamic library libcusolver.so.10
2021-08-22 19:24:10.483615: I tensorflow/stream_executor/platform/default/dso_loader.cc:49] Successfully opened dynamic library libcusparse.so.11
2021-08-22 19:24:10.483694: I tensorflow/stream_executor/platform/default/dso_loader.cc:49] Successfully opened dynamic library libcudnn.so.8
2021-08-22 19:24:10.491625: I tensorflow/core/common_runtime/gpu/gpu_device.cc:1862] Adding visible gpu devices: 0
2021-08-22 19:24:10.491833: I tensorflow/stream_executor/platform/default/dso_loader.cc:49] Successfully opened dynamic library libcudart.so.11.0
2021-08-22 19:24:11.938115: I tensorflow/core/common_runtime/gpu/gpu_device.cc:1261] Device interconnect StreamExecutor with strength 1 edge matrix:
2021-08-22 19:24:11.938328: I tensorflow/core/common_runtime/gpu/gpu_device.cc:1267]      0 
2021-08-22 19:24:11.938484: I tensorflow/core/common_runtime/gpu/gpu_device.cc:1280] 0:   N 
2021-08-22 19:24:11.946422: I tensorflow/core/common_runtime/gpu/gpu_device.cc:1406] Created TensorFlow device (/job:localhost/replica:0/task:0/device:GPU:0 with 30130 MB memory) -> physical GPU (device: 0, name: Tesla V100-SXM2-32GB, pci bus id: 0000:18:00.0, compute capability: 7.0)
2021-08-22 19:24:25.007913: I tensorflow/compiler/mlir/mlir_graph_optimization_pass.cc:116] None of the MLIR optimization passes are enabled (registered 2)
2021-08-22 19:24:25.012321: I tensorflow/core/platform/profile_utils/cpu_utils.cc:112] CPU Frequency: 2100000000 Hz
2021-08-22 19:24:25.102048: I tensorflow/stream_executor/platform/default/dso_loader.cc:49] Successfully opened dynamic library libcublas.so.11
2021-08-22 19:24:25.689876: I tensorflow/stream_executor/platform/default/dso_loader.cc:49] Successfully opened dynamic library libcublasLt.so.11
2021-08-22 19:24:25.700902: I tensorflow/stream_executor/platform/default/dso_loader.cc:49] Successfully opened dynamic library libcudnn.so.8
2021-08-22 19:24:28.732915: W tensorflow/stream_executor/gpu/asm_compiler.cc:63] Running ptxas --version returned 256
2021-08-22 19:24:29.233849: W tensorflow/stream_executor/gpu/redzone_allocator.cc:314] Internal: ptxas exited with non-zero error code 256, output: 
Relying on driver to perform ptx compilation. 
Modify $PATH to customize ptxas location.
This message will be only logged once.
LabelAttacker started.
LabelAttacker finished.
Training round: 1		accuracy = 0.535942018032074
Training round: 2		accuracy = 0.45159420371055603
Training round: 3		accuracy = 0.45507246255874634
Training round: 4		accuracy = 0.469565212726593
Training round: 5		accuracy = 0.49623188376426697
Training round: 6		accuracy = 0.4991304278373718
Training round: 7		accuracy = 0.52173912525177
Training round: 8		accuracy = 0.46086955070495605
Training round: 9		accuracy = 0.5072463750839233
Training round: 10		accuracy = 0.4997101426124573
Training round: 11		accuracy = 0.5104348063468933
Training round: 12		accuracy = 0.49594202637672424
Training round: 13		accuracy = 0.4843478202819824
Training round: 14		accuracy = 0.52173912525177
Training round: 15		accuracy = 0.45768114924430847
Training round: 16		accuracy = 0.5260869860649109
Training round: 17		accuracy = 0.5130434632301331
Training round: 18		accuracy = 0.50318843126297
Training round: 19		accuracy = 0.4988405704498291
Training round: 20		accuracy = 0.5214492678642273
Training round: 21		accuracy = 0.5078260898590088
Training round: 22		accuracy = 0.5321739315986633
Training round: 23		accuracy = 0.5231884121894836
Training round: 24		accuracy = 0.5313043594360352
Training round: 25		accuracy = 0.5185507535934448
Training round: 26		accuracy = 0.5431883931159973
Training round: 27		accuracy = 0.5147826075553894
Training round: 28		accuracy = 0.5275362133979797
Training round: 29		accuracy = 0.5121738910675049
Training round: 30		accuracy = 0.5153623223304749
Training round: 31		accuracy = 0.5327536463737488
Training round: 32		accuracy = 0.5269564986228943
Training round: 33		accuracy = 0.5426086783409119
Training round: 34		accuracy = 0.5307246446609497
Training round: 35		accuracy = 0.5281159281730652
Training round: 36		accuracy = 0.5284057855606079
Training round: 37		accuracy = 0.5266666412353516
Training round: 38		accuracy = 0.5171014666557312
Training round: 39		accuracy = 0.5284057855606079
Training round: 40		accuracy = 0.5171014666557312
Training round: 41		accuracy = 0.4953623116016388
Training round: 42		accuracy = 0.5223188400268555
Training round: 43		accuracy = 0.5284057855606079
Training round: 44		accuracy = 0.5255072712898254
Training round: 45		accuracy = 0.5275362133979797
Training round: 46		accuracy = 0.5313043594360352
Training round: 47		accuracy = 0.5240579843521118
Training round: 48		accuracy = 0.5286956429481506
Training round: 49		accuracy = 0.5185507535934448
Training round: 50		accuracy = 0.5173913240432739
Training round: 51		accuracy = 0.5211594104766846
Training round: 52		accuracy = 0.4953623116016388
Training round: 53		accuracy = 0.519710123538971
Training round: 54		accuracy = 0.5234782695770264
Training round: 55		accuracy = 0.5194202661514282
Training round: 56		accuracy = 0.5199999809265137
Training round: 57		accuracy = 0.5185507535934448
Training round: 58		accuracy = 0.5185507535934448
Training round: 59		accuracy = 0.5240579843521118
Training round: 60		accuracy = 0.5228985548019409
Training round: 61		accuracy = 0.5194202661514282
Training round: 62		accuracy = 0.516231894493103
Training round: 63		accuracy = 0.5214492678642273
Training round: 64		accuracy = 0.5237681269645691
Training round: 65		accuracy = 0.5226086974143982
Training round: 66		accuracy = 0.5171014666557312
Training round: 67		accuracy = 0.519710123538971
Training round: 68		accuracy = 0.519710123538971
Training round: 69		accuracy = 0.5194202661514282
Training round: 70		accuracy = 0.5220289826393127
Training round: 71		accuracy = 0.5228985548019409
Training round: 72		accuracy = 0.5208695530891418
Training round: 73		accuracy = 0.5153623223304749
Training round: 74		accuracy = 0.5237681269645691
Training round: 75		accuracy = 0.5240579843521118
Training round: 76		accuracy = 0.5211594104766846
Training round: 77		accuracy = 0.5228985548019409
Training round: 78		accuracy = 0.5185507535934448
Training round: 79		accuracy = 0.5223188400268555
Training round: 80		accuracy = 0.5269564986228943
Training round: 81		accuracy = 0.5199999809265137
Training round: 82		accuracy = 0.5182608962059021
Training round: 83		accuracy = 0.5165217518806458
Training round: 84		accuracy = 0.5234782695770264
Training round: 85		accuracy = 0.5220289826393127
Training round: 86		accuracy = 0.52173912525177
Training round: 87		accuracy = 0.5188405513763428
Training round: 88		accuracy = 0.5220289826393127
Training round: 89		accuracy = 0.5208695530891418
Training round: 90		accuracy = 0.5220289826393127
Training round: 91		accuracy = 0.5205796957015991
Training round: 92		accuracy = 0.514202892780304
Training round: 93		accuracy = 0.5199999809265137
Training round: 94		accuracy = 0.5199999809265137
Training round: 95		accuracy = 0.519710123538971
Training round: 96		accuracy = 0.5182608962059021
Training round: 97		accuracy = 0.5231884121894836
Training round: 98		accuracy = 0.5202898383140564
Training round: 99		accuracy = 0.5191304087638855
Training round: 100		accuracy = 0.52173912525177
Training duration 7768.214129686356
