2021-08-23 15:19:03.409985: I tensorflow/stream_executor/platform/default/dso_loader.cc:49] Successfully opened dynamic library libcudart.so.11.0
2021-08-23 15:19:38.325909: I tensorflow/compiler/jit/xla_cpu_device.cc:41] Not creating XLA devices, tf_xla_enable_xla_devices not set
2021-08-23 15:19:38.348095: I tensorflow/stream_executor/platform/default/dso_loader.cc:49] Successfully opened dynamic library libcuda.so.1
2021-08-23 15:19:38.448990: I tensorflow/core/common_runtime/gpu/gpu_device.cc:1720] Found device 0 with properties: 
pciBusID: 0000:86:00.0 name: Tesla V100-SXM2-32GB computeCapability: 7.0
coreClock: 1.53GHz coreCount: 80 deviceMemorySize: 31.75GiB deviceMemoryBandwidth: 836.37GiB/s
2021-08-23 15:19:38.449734: I tensorflow/stream_executor/platform/default/dso_loader.cc:49] Successfully opened dynamic library libcudart.so.11.0
2021-08-23 15:19:38.462204: I tensorflow/stream_executor/platform/default/dso_loader.cc:49] Successfully opened dynamic library libcublas.so.11
2021-08-23 15:19:38.462389: I tensorflow/stream_executor/platform/default/dso_loader.cc:49] Successfully opened dynamic library libcublasLt.so.11
2021-08-23 15:19:38.468918: I tensorflow/stream_executor/platform/default/dso_loader.cc:49] Successfully opened dynamic library libcufft.so.10
2021-08-23 15:19:38.471500: I tensorflow/stream_executor/platform/default/dso_loader.cc:49] Successfully opened dynamic library libcurand.so.10
2021-08-23 15:19:38.480892: I tensorflow/stream_executor/platform/default/dso_loader.cc:49] Successfully opened dynamic library libcusolver.so.10
2021-08-23 15:19:38.483285: I tensorflow/stream_executor/platform/default/dso_loader.cc:49] Successfully opened dynamic library libcusparse.so.11
2021-08-23 15:19:38.484030: I tensorflow/stream_executor/platform/default/dso_loader.cc:49] Successfully opened dynamic library libcudnn.so.8
2021-08-23 15:19:38.490947: I tensorflow/core/common_runtime/gpu/gpu_device.cc:1862] Adding visible gpu devices: 0
2021-08-23 15:19:38.507916: I tensorflow/core/platform/cpu_feature_guard.cc:142] This TensorFlow binary is optimized with oneAPI Deep Neural Network Library (oneDNN) to use the following CPU instructions in performance-critical operations:  AVX2 AVX512F FMA
To enable them in other operations, rebuild TensorFlow with the appropriate compiler flags.
2021-08-23 15:19:38.508531: I tensorflow/compiler/jit/xla_gpu_device.cc:99] Not creating XLA devices, tf_xla_enable_xla_devices not set
2021-08-23 15:19:38.511595: I tensorflow/core/common_runtime/gpu/gpu_device.cc:1720] Found device 0 with properties: 
pciBusID: 0000:86:00.0 name: Tesla V100-SXM2-32GB computeCapability: 7.0
coreClock: 1.53GHz coreCount: 80 deviceMemorySize: 31.75GiB deviceMemoryBandwidth: 836.37GiB/s
2021-08-23 15:19:38.511700: I tensorflow/stream_executor/platform/default/dso_loader.cc:49] Successfully opened dynamic library libcudart.so.11.0
2021-08-23 15:19:38.511773: I tensorflow/stream_executor/platform/default/dso_loader.cc:49] Successfully opened dynamic library libcublas.so.11
2021-08-23 15:19:38.511887: I tensorflow/stream_executor/platform/default/dso_loader.cc:49] Successfully opened dynamic library libcublasLt.so.11
2021-08-23 15:19:38.511943: I tensorflow/stream_executor/platform/default/dso_loader.cc:49] Successfully opened dynamic library libcufft.so.10
2021-08-23 15:19:38.511991: I tensorflow/stream_executor/platform/default/dso_loader.cc:49] Successfully opened dynamic library libcurand.so.10
2021-08-23 15:19:38.512118: I tensorflow/stream_executor/platform/default/dso_loader.cc:49] Successfully opened dynamic library libcusolver.so.10
2021-08-23 15:19:38.512180: I tensorflow/stream_executor/platform/default/dso_loader.cc:49] Successfully opened dynamic library libcusparse.so.11
2021-08-23 15:19:38.512289: I tensorflow/stream_executor/platform/default/dso_loader.cc:49] Successfully opened dynamic library libcudnn.so.8
2021-08-23 15:19:38.517819: I tensorflow/core/common_runtime/gpu/gpu_device.cc:1862] Adding visible gpu devices: 0
2021-08-23 15:19:38.517999: I tensorflow/stream_executor/platform/default/dso_loader.cc:49] Successfully opened dynamic library libcudart.so.11.0
2021-08-23 15:19:39.818789: I tensorflow/core/common_runtime/gpu/gpu_device.cc:1261] Device interconnect StreamExecutor with strength 1 edge matrix:
2021-08-23 15:19:39.818995: I tensorflow/core/common_runtime/gpu/gpu_device.cc:1267]      0 
2021-08-23 15:19:39.819090: I tensorflow/core/common_runtime/gpu/gpu_device.cc:1280] 0:   N 
2021-08-23 15:19:39.834994: I tensorflow/core/common_runtime/gpu/gpu_device.cc:1406] Created TensorFlow device (/job:localhost/replica:0/task:0/device:GPU:0 with 30130 MB memory) -> physical GPU (device: 0, name: Tesla V100-SXM2-32GB, pci bus id: 0000:86:00.0, compute capability: 7.0)
2021-08-23 15:19:52.795034: I tensorflow/compiler/mlir/mlir_graph_optimization_pass.cc:116] None of the MLIR optimization passes are enabled (registered 2)
2021-08-23 15:19:52.805246: I tensorflow/core/platform/profile_utils/cpu_utils.cc:112] CPU Frequency: 2100000000 Hz
2021-08-23 15:19:52.952235: I tensorflow/stream_executor/platform/default/dso_loader.cc:49] Successfully opened dynamic library libcublas.so.11
2021-08-23 15:19:53.532607: I tensorflow/stream_executor/platform/default/dso_loader.cc:49] Successfully opened dynamic library libcublasLt.so.11
2021-08-23 15:19:53.577267: I tensorflow/stream_executor/platform/default/dso_loader.cc:49] Successfully opened dynamic library libcudnn.so.8
2021-08-23 15:19:56.331101: W tensorflow/stream_executor/gpu/asm_compiler.cc:63] Running ptxas --version returned 256
2021-08-23 15:19:56.681319: W tensorflow/stream_executor/gpu/redzone_allocator.cc:314] Internal: ptxas exited with non-zero error code 256, output: 
Relying on driver to perform ptx compilation. 
Modify $PATH to customize ptxas location.
This message will be only logged once.
NoiseMutator started.
NoiseMutator finished.
Training round: 1		accuracy = 0.6582608819007874
Training round: 2		accuracy = 0.5631884336471558
Training round: 3		accuracy = 0.6342028975486755
Training round: 4		accuracy = 0.651014506816864
Training round: 5		accuracy = 0.6568115949630737
Training round: 6		accuracy = 0.6617391109466553
Training round: 7		accuracy = 0.6571014523506165
Training round: 8		accuracy = 0.6634782552719116
Training round: 9		accuracy = 0.6710144877433777
Training round: 10		accuracy = 0.665217399597168
Training round: 11		accuracy = 0.6684057712554932
Training round: 12		accuracy = 0.665217399597168
Training round: 13		accuracy = 0.6663768291473389
Training round: 14		accuracy = 0.5959420204162598
Training round: 15		accuracy = 0.49391305446624756
Training round: 16		accuracy = 0.5344927310943604
Training round: 17		accuracy = 0.6153623461723328
Training round: 18		accuracy = 0.5660869479179382
Training round: 19		accuracy = 0.6014492511749268
Training round: 20		accuracy = 0.6156522035598755
Training round: 21		accuracy = 0.6081159710884094
Training round: 22		accuracy = 0.6228985786437988
Training round: 23		accuracy = 0.609855055809021
Training round: 24		accuracy = 0.6168115735054016
Training round: 25		accuracy = 0.6156522035598755
Training round: 26		accuracy = 0.645507276058197
Training round: 27		accuracy = 0.6469565033912659
Training round: 28		accuracy = 0.6304348111152649
Training round: 29		accuracy = 0.6289855241775513
Training round: 30		accuracy = 0.640289843082428
Training round: 31		accuracy = 0.6527536511421204
Training round: 32		accuracy = 0.6397101283073425
Training round: 33		accuracy = 0.6443478465080261
Training round: 34		accuracy = 0.6414492726325989
Training round: 35		accuracy = 0.6507246494293213
Training round: 36		accuracy = 0.645797073841095
Training round: 37		accuracy = 0.6475362181663513
Training round: 38		accuracy = 0.6382608413696289
Training round: 39		accuracy = 0.59014493227005
Training round: 40		accuracy = 0.6127536296844482
Training round: 41		accuracy = 0.6313043236732483
Training round: 42		accuracy = 0.6382608413696289
Training round: 43		accuracy = 0.640289843082428
Training round: 44		accuracy = 0.645507276058197
Training round: 45		accuracy = 0.647826075553894
Training round: 46		accuracy = 0.6492753624916077
Training round: 47		accuracy = 0.6544927358627319
Training round: 48		accuracy = 0.6542028784751892
Training round: 49		accuracy = 0.6553623080253601
Training round: 50		accuracy = 0.6553623080253601
Training round: 51		accuracy = 0.6553623080253601
Training round: 52		accuracy = 0.6576811671257019
Training round: 53		accuracy = 0.6588405966758728
Training round: 54		accuracy = 0.6600000262260437
Training round: 55		accuracy = 0.6605796813964844
Training round: 56		accuracy = 0.6623188257217407
Training round: 57		accuracy = 0.6628985404968262
Training round: 58		accuracy = 0.656521737575531
Training round: 59		accuracy = 0.6269565224647522
Training round: 60		accuracy = 0.6515942215919495
Training round: 61		accuracy = 0.6542028784751892
Training round: 62		accuracy = 0.6605796813964844
Training round: 63		accuracy = 0.6646376848220825
Training round: 64		accuracy = 0.6646376848220825
Training round: 65		accuracy = 0.6657971143722534
Training round: 66		accuracy = 0.6655072569847107
Training round: 67		accuracy = 0.6655072569847107
Training round: 68		accuracy = 0.6686956286430359
Training round: 69		accuracy = 0.6689854860305786
Training round: 70		accuracy = 0.6692753434181213
Training round: 71		accuracy = 0.6698550581932068
Training round: 72		accuracy = 0.6713043451309204
Training round: 73		accuracy = 0.6698550581932068
Training round: 74		accuracy = 0.6704347729682922
Training round: 75		accuracy = 0.6695652008056641
Training round: 76		accuracy = 0.6701449155807495
Training round: 77		accuracy = 0.6692753434181213
Training round: 78		accuracy = 0.6701449155807495
Training round: 79		accuracy = 0.670724630355835
Training round: 80		accuracy = 0.6710144877433777
Training round: 81		accuracy = 0.6724637746810913
Training round: 82		accuracy = 0.6721739172935486
Training round: 83		accuracy = 0.6721739172935486
Training round: 84		accuracy = 0.6718840599060059
Training round: 85		accuracy = 0.6715942025184631
Training round: 86		accuracy = 0.6718840599060059
Training round: 87		accuracy = 0.6721739172935486
Training round: 88		accuracy = 0.6718840599060059
Training round: 89		accuracy = 0.6718840599060059
Training round: 90		accuracy = 0.667246401309967
Training round: 91		accuracy = 0.6472463607788086
Training round: 92		accuracy = 0.6527536511421204
Training round: 93		accuracy = 0.656521737575531
Training round: 94		accuracy = 0.6623188257217407
Training round: 95		accuracy = 0.6628985404968262
Training round: 96		accuracy = 0.665217399597168
Training round: 97		accuracy = 0.665217399597168
Training round: 98		accuracy = 0.6666666865348816
Training round: 99		accuracy = 0.6675362586975098
Training round: 100		accuracy = 0.6681159138679504
Training duration 7671.336401462555
