2021-08-21 23:15:20.985003: I tensorflow/stream_executor/platform/default/dso_loader.cc:49] Successfully opened dynamic library libcudart.so.11.0
2021-08-21 23:15:41.244390: I tensorflow/compiler/jit/xla_cpu_device.cc:41] Not creating XLA devices, tf_xla_enable_xla_devices not set
2021-08-21 23:15:41.250315: I tensorflow/stream_executor/platform/default/dso_loader.cc:49] Successfully opened dynamic library libcuda.so.1
2021-08-21 23:15:41.306146: I tensorflow/core/common_runtime/gpu/gpu_device.cc:1720] Found device 0 with properties: 
pciBusID: 0000:af:00.0 name: Tesla V100-SXM2-32GB computeCapability: 7.0
coreClock: 1.53GHz coreCount: 80 deviceMemorySize: 31.75GiB deviceMemoryBandwidth: 836.37GiB/s
2021-08-21 23:15:41.306606: I tensorflow/stream_executor/platform/default/dso_loader.cc:49] Successfully opened dynamic library libcudart.so.11.0
2021-08-21 23:15:41.328757: I tensorflow/stream_executor/platform/default/dso_loader.cc:49] Successfully opened dynamic library libcublas.so.11
2021-08-21 23:15:41.328874: I tensorflow/stream_executor/platform/default/dso_loader.cc:49] Successfully opened dynamic library libcublasLt.so.11
2021-08-21 23:15:41.333787: I tensorflow/stream_executor/platform/default/dso_loader.cc:49] Successfully opened dynamic library libcufft.so.10
2021-08-21 23:15:41.336359: I tensorflow/stream_executor/platform/default/dso_loader.cc:49] Successfully opened dynamic library libcurand.so.10
2021-08-21 23:15:41.364368: I tensorflow/stream_executor/platform/default/dso_loader.cc:49] Successfully opened dynamic library libcusolver.so.10
2021-08-21 23:15:41.376043: I tensorflow/stream_executor/platform/default/dso_loader.cc:49] Successfully opened dynamic library libcusparse.so.11
2021-08-21 23:15:41.376903: I tensorflow/stream_executor/platform/default/dso_loader.cc:49] Successfully opened dynamic library libcudnn.so.8
2021-08-21 23:15:41.386562: I tensorflow/core/common_runtime/gpu/gpu_device.cc:1862] Adding visible gpu devices: 0
2021-08-21 23:15:41.390871: I tensorflow/core/platform/cpu_feature_guard.cc:142] This TensorFlow binary is optimized with oneAPI Deep Neural Network Library (oneDNN) to use the following CPU instructions in performance-critical operations:  AVX2 AVX512F FMA
To enable them in other operations, rebuild TensorFlow with the appropriate compiler flags.
2021-08-21 23:15:41.391489: I tensorflow/compiler/jit/xla_gpu_device.cc:99] Not creating XLA devices, tf_xla_enable_xla_devices not set
2021-08-21 23:15:41.394998: I tensorflow/core/common_runtime/gpu/gpu_device.cc:1720] Found device 0 with properties: 
pciBusID: 0000:af:00.0 name: Tesla V100-SXM2-32GB computeCapability: 7.0
coreClock: 1.53GHz coreCount: 80 deviceMemorySize: 31.75GiB deviceMemoryBandwidth: 836.37GiB/s
2021-08-21 23:15:41.395135: I tensorflow/stream_executor/platform/default/dso_loader.cc:49] Successfully opened dynamic library libcudart.so.11.0
2021-08-21 23:15:41.395255: I tensorflow/stream_executor/platform/default/dso_loader.cc:49] Successfully opened dynamic library libcublas.so.11
2021-08-21 23:15:41.395308: I tensorflow/stream_executor/platform/default/dso_loader.cc:49] Successfully opened dynamic library libcublasLt.so.11
2021-08-21 23:15:41.395456: I tensorflow/stream_executor/platform/default/dso_loader.cc:49] Successfully opened dynamic library libcufft.so.10
2021-08-21 23:15:41.395522: I tensorflow/stream_executor/platform/default/dso_loader.cc:49] Successfully opened dynamic library libcurand.so.10
2021-08-21 23:15:41.395580: I tensorflow/stream_executor/platform/default/dso_loader.cc:49] Successfully opened dynamic library libcusolver.so.10
2021-08-21 23:15:41.395634: I tensorflow/stream_executor/platform/default/dso_loader.cc:49] Successfully opened dynamic library libcusparse.so.11
2021-08-21 23:15:41.395761: I tensorflow/stream_executor/platform/default/dso_loader.cc:49] Successfully opened dynamic library libcudnn.so.8
2021-08-21 23:15:41.402456: I tensorflow/core/common_runtime/gpu/gpu_device.cc:1862] Adding visible gpu devices: 0
2021-08-21 23:15:41.402614: I tensorflow/stream_executor/platform/default/dso_loader.cc:49] Successfully opened dynamic library libcudart.so.11.0
2021-08-21 23:15:42.709761: I tensorflow/core/common_runtime/gpu/gpu_device.cc:1261] Device interconnect StreamExecutor with strength 1 edge matrix:
2021-08-21 23:15:42.709977: I tensorflow/core/common_runtime/gpu/gpu_device.cc:1267]      0 
2021-08-21 23:15:42.710074: I tensorflow/core/common_runtime/gpu/gpu_device.cc:1280] 0:   N 
2021-08-21 23:15:42.721919: I tensorflow/core/common_runtime/gpu/gpu_device.cc:1406] Created TensorFlow device (/job:localhost/replica:0/task:0/device:GPU:0 with 30130 MB memory) -> physical GPU (device: 0, name: Tesla V100-SXM2-32GB, pci bus id: 0000:af:00.0, compute capability: 7.0)
2021-08-21 23:15:54.453431: I tensorflow/compiler/mlir/mlir_graph_optimization_pass.cc:116] None of the MLIR optimization passes are enabled (registered 2)
2021-08-21 23:15:54.457822: I tensorflow/core/platform/profile_utils/cpu_utils.cc:112] CPU Frequency: 2100000000 Hz
2021-08-21 23:15:54.557965: I tensorflow/stream_executor/platform/default/dso_loader.cc:49] Successfully opened dynamic library libcublas.so.11
2021-08-21 23:15:55.112446: I tensorflow/stream_executor/platform/default/dso_loader.cc:49] Successfully opened dynamic library libcublasLt.so.11
2021-08-21 23:15:55.123129: I tensorflow/stream_executor/platform/default/dso_loader.cc:49] Successfully opened dynamic library libcudnn.so.8
2021-08-21 23:15:58.147915: W tensorflow/stream_executor/gpu/asm_compiler.cc:63] Running ptxas --version returned 256
2021-08-21 23:15:58.241987: W tensorflow/stream_executor/gpu/redzone_allocator.cc:314] Internal: ptxas exited with non-zero error code 256, output: 
Relying on driver to perform ptx compilation. 
Modify $PATH to customize ptxas location.
This message will be only logged once.
UnbalanceMutator started.
UnbalanceMutator finished.
Training round: 1		accuracy = 0.637971043586731
Training round: 2		accuracy = 0.6550724506378174
Training round: 3		accuracy = 0.6550724506378174
Training round: 4		accuracy = 0.6550724506378174
Training round: 5		accuracy = 0.6553623080253601
Training round: 6		accuracy = 0.6550724506378174
Training round: 7		accuracy = 0.6373913288116455
Training round: 8		accuracy = 0.6559420228004456
Training round: 9		accuracy = 0.6539130210876465
Training round: 10		accuracy = 0.6573913097381592
Training round: 11		accuracy = 0.6602898836135864
Training round: 12		accuracy = 0.6640579700469971
Training round: 13		accuracy = 0.6568115949630737
Training round: 14		accuracy = 0.672753632068634
Training round: 15		accuracy = 0.6611593961715698
Training round: 16		accuracy = 0.6579710245132446
Training round: 17		accuracy = 0.6724637746810913
Training round: 18		accuracy = 0.6600000262260437
Training round: 19		accuracy = 0.6840579509735107
Training round: 20		accuracy = 0.6826087236404419
Training round: 21		accuracy = 0.6840579509735107
Training round: 22		accuracy = 0.6637681126594543
Training round: 23		accuracy = 0.6831883788108826
Training round: 24		accuracy = 0.6950724720954895
Training round: 25		accuracy = 0.6936231851577759
Training round: 26		accuracy = 0.6640579700469971
Training round: 27		accuracy = 0.6582608819007874
Training round: 28		accuracy = 0.6843478083610535
Training round: 29		accuracy = 0.6823188662528992
Training round: 30		accuracy = 0.6637681126594543
Training round: 31		accuracy = 0.6834782361984253
Training round: 32		accuracy = 0.6857970952987671
Training round: 33		accuracy = 0.6852173805236816
Training round: 34		accuracy = 0.6892753839492798
Training round: 35		accuracy = 0.6910144686698914
Training round: 36		accuracy = 0.6889855265617371
Training round: 37		accuracy = 0.6921738982200623
Training round: 38		accuracy = 0.6898550987243652
Training round: 39		accuracy = 0.6895652413368225
Training round: 40		accuracy = 0.6649275422096252
Training round: 41		accuracy = 0.6617391109466553
Training round: 42		accuracy = 0.6794202923774719
Training round: 43		accuracy = 0.6860869526863098
Training round: 44		accuracy = 0.6669565439224243
Training round: 45		accuracy = 0.6643478274345398
Training round: 46		accuracy = 0.6828985214233398
Training round: 47		accuracy = 0.6878260970115662
Training round: 48		accuracy = 0.6927536129951477
Training round: 49		accuracy = 0.6950724720954895
Training round: 50		accuracy = 0.6959420442581177
Training round: 51		accuracy = 0.697681188583374
Training round: 52		accuracy = 0.697970986366272
Training round: 53		accuracy = 0.6985507011413574
Training round: 54		accuracy = 0.6686956286430359
Training round: 55		accuracy = 0.6628985404968262
Training round: 56		accuracy = 0.6826087236404419
Training round: 57		accuracy = 0.6892753839492798
Training round: 58		accuracy = 0.6907246112823486
Training round: 59		accuracy = 0.6936231851577759
Training round: 60		accuracy = 0.6663768291473389
Training round: 61		accuracy = 0.6698550581932068
Training round: 62		accuracy = 0.6701449155807495
Training round: 63		accuracy = 0.6927536129951477
Training round: 64		accuracy = 0.6744927763938904
Training round: 65		accuracy = 0.6724637746810913
Training round: 66		accuracy = 0.6733333468437195
Training round: 67		accuracy = 0.6895652413368225
Training round: 68		accuracy = 0.6921738982200623
Training round: 69		accuracy = 0.6933333277702332
Training round: 70		accuracy = 0.6773912906646729
Training round: 71		accuracy = 0.6771014332771301
Training round: 72		accuracy = 0.6962319016456604
Training round: 73		accuracy = 0.6962319016456604
Training round: 74		accuracy = 0.6985507011413574
Training round: 75		accuracy = 0.6988405585289001
Training round: 76		accuracy = 0.6988405585289001
Training round: 77		accuracy = 0.6982608437538147
Training round: 78		accuracy = 0.6973913311958313
Training round: 79		accuracy = 0.6982608437538147
Training round: 80		accuracy = 0.6985507011413574
Training round: 81		accuracy = 0.6794202923774719
Training round: 82		accuracy = 0.6802898645401001
Training round: 83		accuracy = 0.6794202923774719
Training round: 84		accuracy = 0.6927536129951477
Training round: 85		accuracy = 0.6936231851577759
Training round: 86		accuracy = 0.6950724720954895
Training round: 87		accuracy = 0.6968116164207458
Training round: 88		accuracy = 0.697681188583374
Training round: 89		accuracy = 0.6973913311958313
Training round: 90		accuracy = 0.6982608437538147
Training round: 91		accuracy = 0.6985507011413574
Training round: 92		accuracy = 0.6988405585289001
Training round: 93		accuracy = 0.6991304159164429
Training round: 94		accuracy = 0.6997101306915283
Training round: 95		accuracy = 0.6991304159164429
Training round: 96		accuracy = 0.6991304159164429
Training round: 97		accuracy = 0.6997101306915283
Training round: 98		accuracy = 0.7002898454666138
Training round: 99		accuracy = 0.7002898454666138
Training round: 100		accuracy = 0.699999988079071
Training duration 5639.170820474625
