2021-08-23 17:28:46.765744: I tensorflow/stream_executor/platform/default/dso_loader.cc:49] Successfully opened dynamic library libcudart.so.11.0
2021-08-23 17:29:03.463793: I tensorflow/compiler/jit/xla_cpu_device.cc:41] Not creating XLA devices, tf_xla_enable_xla_devices not set
2021-08-23 17:29:03.468195: I tensorflow/stream_executor/platform/default/dso_loader.cc:49] Successfully opened dynamic library libcuda.so.1
2021-08-23 17:29:03.551628: I tensorflow/core/common_runtime/gpu/gpu_device.cc:1720] Found device 0 with properties: 
pciBusID: 0000:18:00.0 name: Tesla V100-SXM2-32GB computeCapability: 7.0
coreClock: 1.53GHz coreCount: 80 deviceMemorySize: 31.75GiB deviceMemoryBandwidth: 836.37GiB/s
2021-08-23 17:29:03.551772: I tensorflow/stream_executor/platform/default/dso_loader.cc:49] Successfully opened dynamic library libcudart.so.11.0
2021-08-23 17:29:03.563244: I tensorflow/stream_executor/platform/default/dso_loader.cc:49] Successfully opened dynamic library libcublas.so.11
2021-08-23 17:29:03.563413: I tensorflow/stream_executor/platform/default/dso_loader.cc:49] Successfully opened dynamic library libcublasLt.so.11
2021-08-23 17:29:03.569407: I tensorflow/stream_executor/platform/default/dso_loader.cc:49] Successfully opened dynamic library libcufft.so.10
2021-08-23 17:29:03.571808: I tensorflow/stream_executor/platform/default/dso_loader.cc:49] Successfully opened dynamic library libcurand.so.10
2021-08-23 17:29:03.581702: I tensorflow/stream_executor/platform/default/dso_loader.cc:49] Successfully opened dynamic library libcusolver.so.10
2021-08-23 17:29:03.583949: I tensorflow/stream_executor/platform/default/dso_loader.cc:49] Successfully opened dynamic library libcusparse.so.11
2021-08-23 17:29:03.584637: I tensorflow/stream_executor/platform/default/dso_loader.cc:49] Successfully opened dynamic library libcudnn.so.8
2021-08-23 17:29:03.613528: I tensorflow/core/common_runtime/gpu/gpu_device.cc:1862] Adding visible gpu devices: 0
2021-08-23 17:29:03.614603: I tensorflow/core/platform/cpu_feature_guard.cc:142] This TensorFlow binary is optimized with oneAPI Deep Neural Network Library (oneDNN) to use the following CPU instructions in performance-critical operations:  AVX2 AVX512F FMA
To enable them in other operations, rebuild TensorFlow with the appropriate compiler flags.
2021-08-23 17:29:03.615099: I tensorflow/compiler/jit/xla_gpu_device.cc:99] Not creating XLA devices, tf_xla_enable_xla_devices not set
2021-08-23 17:29:03.618650: I tensorflow/core/common_runtime/gpu/gpu_device.cc:1720] Found device 0 with properties: 
pciBusID: 0000:18:00.0 name: Tesla V100-SXM2-32GB computeCapability: 7.0
coreClock: 1.53GHz coreCount: 80 deviceMemorySize: 31.75GiB deviceMemoryBandwidth: 836.37GiB/s
2021-08-23 17:29:03.618756: I tensorflow/stream_executor/platform/default/dso_loader.cc:49] Successfully opened dynamic library libcudart.so.11.0
2021-08-23 17:29:03.618836: I tensorflow/stream_executor/platform/default/dso_loader.cc:49] Successfully opened dynamic library libcublas.so.11
2021-08-23 17:29:03.618914: I tensorflow/stream_executor/platform/default/dso_loader.cc:49] Successfully opened dynamic library libcublasLt.so.11
2021-08-23 17:29:03.618985: I tensorflow/stream_executor/platform/default/dso_loader.cc:49] Successfully opened dynamic library libcufft.so.10
2021-08-23 17:29:03.619058: I tensorflow/stream_executor/platform/default/dso_loader.cc:49] Successfully opened dynamic library libcurand.so.10
2021-08-23 17:29:03.619130: I tensorflow/stream_executor/platform/default/dso_loader.cc:49] Successfully opened dynamic library libcusolver.so.10
2021-08-23 17:29:03.619191: I tensorflow/stream_executor/platform/default/dso_loader.cc:49] Successfully opened dynamic library libcusparse.so.11
2021-08-23 17:29:03.619253: I tensorflow/stream_executor/platform/default/dso_loader.cc:49] Successfully opened dynamic library libcudnn.so.8
2021-08-23 17:29:03.626220: I tensorflow/core/common_runtime/gpu/gpu_device.cc:1862] Adding visible gpu devices: 0
2021-08-23 17:29:03.626396: I tensorflow/stream_executor/platform/default/dso_loader.cc:49] Successfully opened dynamic library libcudart.so.11.0
2021-08-23 17:29:04.687043: I tensorflow/core/common_runtime/gpu/gpu_device.cc:1261] Device interconnect StreamExecutor with strength 1 edge matrix:
2021-08-23 17:29:04.687225: I tensorflow/core/common_runtime/gpu/gpu_device.cc:1267]      0 
2021-08-23 17:29:04.687354: I tensorflow/core/common_runtime/gpu/gpu_device.cc:1280] 0:   N 
2021-08-23 17:29:04.700100: I tensorflow/core/common_runtime/gpu/gpu_device.cc:1406] Created TensorFlow device (/job:localhost/replica:0/task:0/device:GPU:0 with 30130 MB memory) -> physical GPU (device: 0, name: Tesla V100-SXM2-32GB, pci bus id: 0000:18:00.0, compute capability: 7.0)
2021-08-23 17:29:18.259121: I tensorflow/compiler/mlir/mlir_graph_optimization_pass.cc:116] None of the MLIR optimization passes are enabled (registered 2)
2021-08-23 17:29:18.263273: I tensorflow/core/platform/profile_utils/cpu_utils.cc:112] CPU Frequency: 2100000000 Hz
2021-08-23 17:29:18.341014: I tensorflow/stream_executor/platform/default/dso_loader.cc:49] Successfully opened dynamic library libcublas.so.11
2021-08-23 17:29:18.816581: I tensorflow/stream_executor/platform/default/dso_loader.cc:49] Successfully opened dynamic library libcublasLt.so.11
2021-08-23 17:29:18.827532: I tensorflow/stream_executor/platform/default/dso_loader.cc:49] Successfully opened dynamic library libcudnn.so.8
2021-08-23 17:29:21.412970: W tensorflow/stream_executor/gpu/asm_compiler.cc:63] Running ptxas --version returned 256
2021-08-23 17:29:21.519865: W tensorflow/stream_executor/gpu/redzone_allocator.cc:314] Internal: ptxas exited with non-zero error code 256, output: 
Relying on driver to perform ptx compilation. 
Modify $PATH to customize ptxas location.
This message will be only logged once.
Training round: 1		accuracy = 0.573913037776947
Training round: 2		accuracy = 0.4988405704498291
Training round: 3		accuracy = 0.5008695721626282
Training round: 4		accuracy = 0.6489855051040649
Training round: 5		accuracy = 0.6295652389526367
Training round: 6		accuracy = 0.642318844795227
Training round: 7		accuracy = 0.6486956477165222
Training round: 8		accuracy = 0.6356521844863892
Training round: 9		accuracy = 0.6200000047683716
Training round: 10		accuracy = 0.6405797004699707
Training round: 11		accuracy = 0.6028985381126404
Training round: 12		accuracy = 0.5968115925788879
Training round: 13		accuracy = 0.5959420204162598
Training round: 14		accuracy = 0.6542028784751892
Training round: 15		accuracy = 0.6371014714241028
Training round: 16		accuracy = 0.6472463607788086
Training round: 17		accuracy = 0.6626086831092834
Training round: 18		accuracy = 0.6246376633644104
Training round: 19		accuracy = 0.6066666841506958
Training round: 20		accuracy = 0.6127536296844482
Training round: 21		accuracy = 0.6040579676628113
Training round: 22		accuracy = 0.6324637532234192
Training round: 23		accuracy = 0.6234782338142395
Training round: 24		accuracy = 0.6147826313972473
Training round: 25		accuracy = 0.601159393787384
Training round: 26		accuracy = 0.5791304111480713
Training round: 27		accuracy = 0.601159393787384
Training round: 28		accuracy = 0.6492753624916077
Training round: 29		accuracy = 0.637971043586731
Training round: 30		accuracy = 0.6237680912017822
Training round: 31		accuracy = 0.6301449537277222
Training round: 32		accuracy = 0.6492753624916077
Training round: 33		accuracy = 0.6365217566490173
Training round: 34		accuracy = 0.6550724506378174
Training round: 35		accuracy = 0.629275381565094
Training round: 36		accuracy = 0.6382608413696289
Training round: 37		accuracy = 0.6153623461723328
Training round: 38		accuracy = 0.6136232018470764
Training round: 39		accuracy = 0.6171014308929443
Training round: 40		accuracy = 0.6089854836463928
Training round: 41		accuracy = 0.6339130401611328
Training round: 42		accuracy = 0.6571014523506165
Training round: 43		accuracy = 0.6397101283073425
Training round: 44		accuracy = 0.6078261137008667
Training round: 45		accuracy = 0.6495652198791504
Training round: 46		accuracy = 0.6344927549362183
Training round: 47		accuracy = 0.6313043236732483
Training round: 48		accuracy = 0.6373913288116455
Training round: 49		accuracy = 0.6327536106109619
Training round: 50		accuracy = 0.6388405561447144
Training round: 51		accuracy = 0.6179710030555725
Training round: 52		accuracy = 0.6275362372398376
Training round: 53		accuracy = 0.6278260946273804
Training round: 54		accuracy = 0.6284058094024658
Training round: 55		accuracy = 0.6376811861991882
Training round: 56		accuracy = 0.6660869717597961
Training round: 57		accuracy = 0.6704347729682922
Training round: 58		accuracy = 0.6515942215919495
Training round: 59		accuracy = 0.6556521654129028
Training round: 60		accuracy = 0.6536231637001038
Training round: 61		accuracy = 0.61507248878479
Training round: 62		accuracy = 0.6391304135322571
Training round: 63		accuracy = 0.6298550963401794
Training round: 64		accuracy = 0.6408695578575134
Training round: 65		accuracy = 0.6275362372398376
Training round: 66		accuracy = 0.6568115949630737
Training round: 67		accuracy = 0.6330434679985046
Training round: 68		accuracy = 0.6121739149093628
Training round: 69		accuracy = 0.6211594343185425
Training round: 70		accuracy = 0.6452174186706543
Training round: 71		accuracy = 0.6368116140365601
Training round: 72		accuracy = 0.6527536511421204
Training round: 73		accuracy = 0.6452174186706543
Training round: 74		accuracy = 0.6771014332771301
Training round: 75		accuracy = 0.6594203114509583
Training round: 76		accuracy = 0.6542028784751892
Training round: 77		accuracy = 0.6417391300201416
Training round: 78		accuracy = 0.6188405752182007
Training round: 79		accuracy = 0.6208695769309998
Training round: 80		accuracy = 0.6342028975486755
Training round: 81		accuracy = 0.5991304516792297
Training round: 82		accuracy = 0.5779710412025452
Training round: 83		accuracy = 0.6284058094024658
Training round: 84		accuracy = 0.647826075553894
Training round: 85		accuracy = 0.6440579891204834
Training round: 86		accuracy = 0.6298550963401794
Training round: 87		accuracy = 0.6382608413696289
Training round: 88		accuracy = 0.6452174186706543
Training round: 89		accuracy = 0.6211594343185425
Training round: 90		accuracy = 0.618550717830658
Training round: 91		accuracy = 0.6272463798522949
Training round: 92		accuracy = 0.6460869312286377
Training round: 93		accuracy = 0.6371014714241028
Training round: 94		accuracy = 0.6460869312286377
Training round: 95		accuracy = 0.6275362372398376
Training round: 96		accuracy = 0.637971043586731
Training round: 97		accuracy = 0.6617391109466553
Training round: 98		accuracy = 0.6576811671257019
Training round: 99		accuracy = 0.6585507392883301
Training round: 100		accuracy = 0.6460869312286377
Training duration 4864.219389200211
