2021-08-23 15:18:05.038872: I tensorflow/stream_executor/platform/default/dso_loader.cc:49] Successfully opened dynamic library libcudart.so.11.0
2021-08-23 15:18:22.042450: I tensorflow/compiler/jit/xla_cpu_device.cc:41] Not creating XLA devices, tf_xla_enable_xla_devices not set
2021-08-23 15:18:22.044667: I tensorflow/stream_executor/platform/default/dso_loader.cc:49] Successfully opened dynamic library libcuda.so.1
2021-08-23 15:18:22.097496: I tensorflow/core/common_runtime/gpu/gpu_device.cc:1720] Found device 0 with properties: 
pciBusID: 0000:3b:00.0 name: Tesla V100-SXM2-32GB computeCapability: 7.0
coreClock: 1.53GHz coreCount: 80 deviceMemorySize: 31.75GiB deviceMemoryBandwidth: 836.37GiB/s
2021-08-23 15:18:22.097597: I tensorflow/stream_executor/platform/default/dso_loader.cc:49] Successfully opened dynamic library libcudart.so.11.0
2021-08-23 15:18:22.105499: I tensorflow/stream_executor/platform/default/dso_loader.cc:49] Successfully opened dynamic library libcublas.so.11
2021-08-23 15:18:22.105612: I tensorflow/stream_executor/platform/default/dso_loader.cc:49] Successfully opened dynamic library libcublasLt.so.11
2021-08-23 15:18:22.110345: I tensorflow/stream_executor/platform/default/dso_loader.cc:49] Successfully opened dynamic library libcufft.so.10
2021-08-23 15:18:22.112015: I tensorflow/stream_executor/platform/default/dso_loader.cc:49] Successfully opened dynamic library libcurand.so.10
2021-08-23 15:18:22.119984: I tensorflow/stream_executor/platform/default/dso_loader.cc:49] Successfully opened dynamic library libcusolver.so.10
2021-08-23 15:18:22.121681: I tensorflow/stream_executor/platform/default/dso_loader.cc:49] Successfully opened dynamic library libcusparse.so.11
2021-08-23 15:18:22.122173: I tensorflow/stream_executor/platform/default/dso_loader.cc:49] Successfully opened dynamic library libcudnn.so.8
2021-08-23 15:18:22.127075: I tensorflow/core/common_runtime/gpu/gpu_device.cc:1862] Adding visible gpu devices: 0
2021-08-23 15:18:22.127873: I tensorflow/core/platform/cpu_feature_guard.cc:142] This TensorFlow binary is optimized with oneAPI Deep Neural Network Library (oneDNN) to use the following CPU instructions in performance-critical operations:  AVX2 AVX512F FMA
To enable them in other operations, rebuild TensorFlow with the appropriate compiler flags.
2021-08-23 15:18:22.128176: I tensorflow/compiler/jit/xla_gpu_device.cc:99] Not creating XLA devices, tf_xla_enable_xla_devices not set
2021-08-23 15:18:22.131590: I tensorflow/core/common_runtime/gpu/gpu_device.cc:1720] Found device 0 with properties: 
pciBusID: 0000:3b:00.0 name: Tesla V100-SXM2-32GB computeCapability: 7.0
coreClock: 1.53GHz coreCount: 80 deviceMemorySize: 31.75GiB deviceMemoryBandwidth: 836.37GiB/s
2021-08-23 15:18:22.131659: I tensorflow/stream_executor/platform/default/dso_loader.cc:49] Successfully opened dynamic library libcudart.so.11.0
2021-08-23 15:18:22.131710: I tensorflow/stream_executor/platform/default/dso_loader.cc:49] Successfully opened dynamic library libcublas.so.11
2021-08-23 15:18:22.131757: I tensorflow/stream_executor/platform/default/dso_loader.cc:49] Successfully opened dynamic library libcublasLt.so.11
2021-08-23 15:18:22.131797: I tensorflow/stream_executor/platform/default/dso_loader.cc:49] Successfully opened dynamic library libcufft.so.10
2021-08-23 15:18:22.131841: I tensorflow/stream_executor/platform/default/dso_loader.cc:49] Successfully opened dynamic library libcurand.so.10
2021-08-23 15:18:22.131882: I tensorflow/stream_executor/platform/default/dso_loader.cc:49] Successfully opened dynamic library libcusolver.so.10
2021-08-23 15:18:22.132005: I tensorflow/stream_executor/platform/default/dso_loader.cc:49] Successfully opened dynamic library libcusparse.so.11
2021-08-23 15:18:22.132128: I tensorflow/stream_executor/platform/default/dso_loader.cc:49] Successfully opened dynamic library libcudnn.so.8
2021-08-23 15:18:22.142444: I tensorflow/core/common_runtime/gpu/gpu_device.cc:1862] Adding visible gpu devices: 0
2021-08-23 15:18:22.142593: I tensorflow/stream_executor/platform/default/dso_loader.cc:49] Successfully opened dynamic library libcudart.so.11.0
2021-08-23 15:18:23.275710: I tensorflow/core/common_runtime/gpu/gpu_device.cc:1261] Device interconnect StreamExecutor with strength 1 edge matrix:
2021-08-23 15:18:23.275901: I tensorflow/core/common_runtime/gpu/gpu_device.cc:1267]      0 
2021-08-23 15:18:23.276043: I tensorflow/core/common_runtime/gpu/gpu_device.cc:1280] 0:   N 
2021-08-23 15:18:23.284908: I tensorflow/core/common_runtime/gpu/gpu_device.cc:1406] Created TensorFlow device (/job:localhost/replica:0/task:0/device:GPU:0 with 30130 MB memory) -> physical GPU (device: 0, name: Tesla V100-SXM2-32GB, pci bus id: 0000:3b:00.0, compute capability: 7.0)
2021-08-23 15:18:31.942685: I tensorflow/compiler/mlir/mlir_graph_optimization_pass.cc:116] None of the MLIR optimization passes are enabled (registered 2)
2021-08-23 15:18:31.949117: I tensorflow/core/platform/profile_utils/cpu_utils.cc:112] CPU Frequency: 2100000000 Hz
2021-08-23 15:18:32.066384: I tensorflow/stream_executor/platform/default/dso_loader.cc:49] Successfully opened dynamic library libcublas.so.11
2021-08-23 15:18:32.625748: I tensorflow/stream_executor/platform/default/dso_loader.cc:49] Successfully opened dynamic library libcublasLt.so.11
2021-08-23 15:18:32.651963: I tensorflow/stream_executor/platform/default/dso_loader.cc:49] Successfully opened dynamic library libcudnn.so.8
2021-08-23 15:18:35.071132: W tensorflow/stream_executor/gpu/asm_compiler.cc:63] Running ptxas --version returned 256
2021-08-23 15:18:35.174816: W tensorflow/stream_executor/gpu/redzone_allocator.cc:314] Internal: ptxas exited with non-zero error code 256, output: 
Relying on driver to perform ptx compilation. 
Modify $PATH to customize ptxas location.
This message will be only logged once.
LabelAttacker started.
LabelAttacker finished.
Training round: 1		accuracy = 0.42898550629615784
Training round: 2		accuracy = 0.3852173984050751
Training round: 3		accuracy = 0.39739128947257996
Training round: 4		accuracy = 0.401159405708313
Training round: 5		accuracy = 0.429855078458786
Training round: 6		accuracy = 0.3936232030391693
Training round: 7		accuracy = 0.3820289969444275
Training round: 8		accuracy = 0.3936232030391693
Training round: 9		accuracy = 0.3991304337978363
Training round: 10		accuracy = 0.3886956572532654
Training round: 11		accuracy = 0.3863767981529236
Training round: 12		accuracy = 0.3628985583782196
Training round: 13		accuracy = 0.3947826027870178
Training round: 14		accuracy = 0.3924637734889984
Training round: 15		accuracy = 0.38724637031555176
Training round: 16		accuracy = 0.3933333456516266
Training round: 17		accuracy = 0.38956522941589355
Training round: 18		accuracy = 0.4026086926460266
Training round: 19		accuracy = 0.36927536129951477
Training round: 20		accuracy = 0.3936232030391693
Training round: 21		accuracy = 0.3820289969444275
Training round: 22		accuracy = 0.40202897787094116
Training round: 23		accuracy = 0.4185507297515869
Training round: 24		accuracy = 0.41217392683029175
Training round: 25		accuracy = 0.3933333456516266
Training round: 26		accuracy = 0.38840579986572266
Training round: 27		accuracy = 0.4150724709033966
Training round: 28		accuracy = 0.41304346919059753
Training round: 29		accuracy = 0.3788405656814575
Training round: 30		accuracy = 0.41768115758895874
Training round: 31		accuracy = 0.3971014618873596
Training round: 32		accuracy = 0.4095652103424072
Training round: 33		accuracy = 0.4124637544155121
Training round: 34		accuracy = 0.3979710042476654
Training round: 35		accuracy = 0.39507246017456055
Training round: 36		accuracy = 0.40666666626930237
Training round: 37		accuracy = 0.3855072557926178
Training round: 38		accuracy = 0.3898550868034363
Training round: 39		accuracy = 0.4057970941066742
Training round: 40		accuracy = 0.40405797958374023
Training round: 41		accuracy = 0.40753623843193054
Training round: 42		accuracy = 0.40550723671913147
Training round: 43		accuracy = 0.3988405764102936
Training round: 44		accuracy = 0.4231884181499481
Training round: 45		accuracy = 0.42260870337486267
Training round: 46		accuracy = 0.4089854955673218
Training round: 47		accuracy = 0.4023188352584839
Training round: 48		accuracy = 0.42260870337486267
Training round: 49		accuracy = 0.40173912048339844
Training round: 50		accuracy = 0.4069565236568451
Training round: 51		accuracy = 0.41304346919059753
Training round: 52		accuracy = 0.4150724709033966
Training round: 53		accuracy = 0.41304346919059753
Training round: 54		accuracy = 0.41449275612831116
Training round: 55		accuracy = 0.4162318706512451
Training round: 56		accuracy = 0.4107246398925781
Training round: 57		accuracy = 0.4101449251174927
Training round: 58		accuracy = 0.4092753529548645
Training round: 59		accuracy = 0.413623183965683
Training round: 60		accuracy = 0.41884058713912964
Training round: 61		accuracy = 0.4171014428138733
Training round: 62		accuracy = 0.4185507297515869
Training round: 63		accuracy = 0.41304346919059753
Training round: 64		accuracy = 0.413623183965683
Training round: 65		accuracy = 0.41217392683029175
Training round: 66		accuracy = 0.4162318706512451
Training round: 67		accuracy = 0.4228985607624054
Training round: 68		accuracy = 0.41565218567848206
Training round: 69		accuracy = 0.42579710483551025
Training round: 70		accuracy = 0.4272463619709015
Training round: 71		accuracy = 0.41768115758895874
Training round: 72		accuracy = 0.41884058713912964
Training round: 73		accuracy = 0.41768115758895874
Training round: 74		accuracy = 0.4194203019142151
Training round: 75		accuracy = 0.4249275326728821
Training round: 76		accuracy = 0.4214492738246918
Training round: 77		accuracy = 0.42231884598731995
Training round: 78		accuracy = 0.42260870337486267
Training round: 79		accuracy = 0.41913044452667236
Training round: 80		accuracy = 0.41999998688697815
Training round: 81		accuracy = 0.4182608723640442
Training round: 82		accuracy = 0.42347827553749084
Training round: 83		accuracy = 0.41884058713912964
Training round: 84		accuracy = 0.4217391312122345
Training round: 85		accuracy = 0.42115941643714905
Training round: 86		accuracy = 0.4171014428138733
Training round: 87		accuracy = 0.4182608723640442
Training round: 88		accuracy = 0.4197101593017578
Training round: 89		accuracy = 0.42434781789779663
Training round: 90		accuracy = 0.4171014428138733
Training round: 91		accuracy = 0.4162318706512451
Training round: 92		accuracy = 0.4194203019142151
Training round: 93		accuracy = 0.4214492738246918
Training round: 94		accuracy = 0.4185507297515869
Training round: 95		accuracy = 0.41884058713912964
Training round: 96		accuracy = 0.41999998688697815
Training round: 97		accuracy = 0.41797101497650146
Training round: 98		accuracy = 0.41652172803878784
Training round: 99		accuracy = 0.4214492738246918
Training round: 100		accuracy = 0.4194203019142151
Training duration 5945.9703114032745
