2021-08-21 22:39:51.414742: I tensorflow/stream_executor/platform/default/dso_loader.cc:49] Successfully opened dynamic library libcudart.so.11.0
2021-08-21 22:40:36.568333: I tensorflow/compiler/jit/xla_cpu_device.cc:41] Not creating XLA devices, tf_xla_enable_xla_devices not set
2021-08-21 22:40:36.784919: I tensorflow/stream_executor/platform/default/dso_loader.cc:49] Successfully opened dynamic library libcuda.so.1
2021-08-21 22:40:36.850052: I tensorflow/core/common_runtime/gpu/gpu_device.cc:1720] Found device 0 with properties: 
pciBusID: 0000:03:00.0 name: Tesla P100-PCIE-12GB computeCapability: 6.0
coreClock: 1.3285GHz coreCount: 56 deviceMemorySize: 11.91GiB deviceMemoryBandwidth: 511.41GiB/s
2021-08-21 22:40:36.852088: I tensorflow/stream_executor/platform/default/dso_loader.cc:49] Successfully opened dynamic library libcudart.so.11.0
2021-08-21 22:40:36.865114: I tensorflow/stream_executor/platform/default/dso_loader.cc:49] Successfully opened dynamic library libcublas.so.11
2021-08-21 22:40:36.865279: I tensorflow/stream_executor/platform/default/dso_loader.cc:49] Successfully opened dynamic library libcublasLt.so.11
2021-08-21 22:40:36.871460: I tensorflow/stream_executor/platform/default/dso_loader.cc:49] Successfully opened dynamic library libcufft.so.10
2021-08-21 22:40:36.874584: I tensorflow/stream_executor/platform/default/dso_loader.cc:49] Successfully opened dynamic library libcurand.so.10
2021-08-21 22:40:36.883808: I tensorflow/stream_executor/platform/default/dso_loader.cc:49] Successfully opened dynamic library libcusolver.so.10
2021-08-21 22:40:36.886311: I tensorflow/stream_executor/platform/default/dso_loader.cc:49] Successfully opened dynamic library libcusparse.so.11
2021-08-21 22:40:36.887280: I tensorflow/stream_executor/platform/default/dso_loader.cc:49] Successfully opened dynamic library libcudnn.so.8
2021-08-21 22:40:36.891221: I tensorflow/core/common_runtime/gpu/gpu_device.cc:1862] Adding visible gpu devices: 0
2021-08-21 22:40:36.895293: I tensorflow/core/platform/cpu_feature_guard.cc:142] This TensorFlow binary is optimized with oneAPI Deep Neural Network Library (oneDNN) to use the following CPU instructions in performance-critical operations:  AVX2 FMA
To enable them in other operations, rebuild TensorFlow with the appropriate compiler flags.
2021-08-21 22:40:36.895835: I tensorflow/compiler/jit/xla_gpu_device.cc:99] Not creating XLA devices, tf_xla_enable_xla_devices not set
2021-08-21 22:40:36.897281: I tensorflow/core/common_runtime/gpu/gpu_device.cc:1720] Found device 0 with properties: 
pciBusID: 0000:03:00.0 name: Tesla P100-PCIE-12GB computeCapability: 6.0
coreClock: 1.3285GHz coreCount: 56 deviceMemorySize: 11.91GiB deviceMemoryBandwidth: 511.41GiB/s
2021-08-21 22:40:36.897401: I tensorflow/stream_executor/platform/default/dso_loader.cc:49] Successfully opened dynamic library libcudart.so.11.0
2021-08-21 22:40:36.897528: I tensorflow/stream_executor/platform/default/dso_loader.cc:49] Successfully opened dynamic library libcublas.so.11
2021-08-21 22:40:36.897607: I tensorflow/stream_executor/platform/default/dso_loader.cc:49] Successfully opened dynamic library libcublasLt.so.11
2021-08-21 22:40:36.897712: I tensorflow/stream_executor/platform/default/dso_loader.cc:49] Successfully opened dynamic library libcufft.so.10
2021-08-21 22:40:36.897821: I tensorflow/stream_executor/platform/default/dso_loader.cc:49] Successfully opened dynamic library libcurand.so.10
2021-08-21 22:40:36.897918: I tensorflow/stream_executor/platform/default/dso_loader.cc:49] Successfully opened dynamic library libcusolver.so.10
2021-08-21 22:40:36.898019: I tensorflow/stream_executor/platform/default/dso_loader.cc:49] Successfully opened dynamic library libcusparse.so.11
2021-08-21 22:40:36.898116: I tensorflow/stream_executor/platform/default/dso_loader.cc:49] Successfully opened dynamic library libcudnn.so.8
2021-08-21 22:40:36.900725: I tensorflow/core/common_runtime/gpu/gpu_device.cc:1862] Adding visible gpu devices: 0
2021-08-21 22:40:36.900879: I tensorflow/stream_executor/platform/default/dso_loader.cc:49] Successfully opened dynamic library libcudart.so.11.0
2021-08-21 22:40:38.311513: I tensorflow/core/common_runtime/gpu/gpu_device.cc:1261] Device interconnect StreamExecutor with strength 1 edge matrix:
2021-08-21 22:40:38.311722: I tensorflow/core/common_runtime/gpu/gpu_device.cc:1267]      0 
2021-08-21 22:40:38.311900: I tensorflow/core/common_runtime/gpu/gpu_device.cc:1280] 0:   N 
2021-08-21 22:40:38.318402: I tensorflow/core/common_runtime/gpu/gpu_device.cc:1406] Created TensorFlow device (/job:localhost/replica:0/task:0/device:GPU:0 with 11119 MB memory) -> physical GPU (device: 0, name: Tesla P100-PCIE-12GB, pci bus id: 0000:03:00.0, compute capability: 6.0)
2021-08-21 22:40:50.460245: I tensorflow/compiler/mlir/mlir_graph_optimization_pass.cc:116] None of the MLIR optimization passes are enabled (registered 2)
2021-08-21 22:40:50.464052: I tensorflow/core/platform/profile_utils/cpu_utils.cc:112] CPU Frequency: 2199895000 Hz
2021-08-21 22:40:50.540295: I tensorflow/stream_executor/platform/default/dso_loader.cc:49] Successfully opened dynamic library libcublas.so.11
2021-08-21 22:40:50.912807: I tensorflow/stream_executor/platform/default/dso_loader.cc:49] Successfully opened dynamic library libcublasLt.so.11
2021-08-21 22:40:50.920729: I tensorflow/stream_executor/platform/default/dso_loader.cc:49] Successfully opened dynamic library libcudnn.so.8
2021-08-21 22:40:52.990752: W tensorflow/stream_executor/gpu/asm_compiler.cc:63] Running ptxas --version returned 256
2021-08-21 22:40:53.477057: W tensorflow/stream_executor/gpu/redzone_allocator.cc:314] Internal: ptxas exited with non-zero error code 256, output: 
Relying on driver to perform ptx compilation. 
Modify $PATH to customize ptxas location.
This message will be only logged once.
LabelAttacker started.
LabelAttacker finished.
Training round: 1		accuracy = 0.6113043427467346
Training round: 2		accuracy = 0.5791304111480713
Training round: 3		accuracy = 0.6113043427467346
Training round: 4		accuracy = 0.6197101473808289
Training round: 5		accuracy = 0.6295652389526367
Training round: 6		accuracy = 0.6443478465080261
Training round: 7		accuracy = 0.6411594152450562
Training round: 8		accuracy = 0.6353623270988464
Training round: 9		accuracy = 0.6376811861991882
Training round: 10		accuracy = 0.640289843082428
Training round: 11		accuracy = 0.6397101283073425
Training round: 12		accuracy = 0.6324637532234192
Training round: 13		accuracy = 0.6188405752182007
Training round: 14		accuracy = 0.6228985786437988
Training round: 15		accuracy = 0.6440579891204834
Training round: 16		accuracy = 0.6501449346542358
Training round: 17		accuracy = 0.6162318587303162
Training round: 18		accuracy = 0.6246376633644104
Training round: 19		accuracy = 0.6353623270988464
Training round: 20		accuracy = 0.6443478465080261
Training round: 21		accuracy = 0.6507246494293213
Training round: 22		accuracy = 0.651014506816864
Training round: 23		accuracy = 0.6544927358627319
Training round: 24		accuracy = 0.6344927549362183
Training round: 25		accuracy = 0.6408695578575134
Training round: 26		accuracy = 0.6463767886161804
Training round: 27		accuracy = 0.647826075553894
Training round: 28		accuracy = 0.6426087021827698
Training round: 29		accuracy = 0.6437681317329407
Training round: 30		accuracy = 0.624057948589325
Training round: 31		accuracy = 0.6371014714241028
Training round: 32		accuracy = 0.6313043236732483
Training round: 33		accuracy = 0.6324637532234192
Training round: 34		accuracy = 0.6405797004699707
Training round: 35		accuracy = 0.6359420418739319
Training round: 36		accuracy = 0.6408695578575134
Training round: 37		accuracy = 0.6405797004699707
Training round: 38		accuracy = 0.637971043586731
Training round: 39		accuracy = 0.6408695578575134
Training round: 40		accuracy = 0.6431884169578552
Training round: 41		accuracy = 0.6408695578575134
Training round: 42		accuracy = 0.6420289874076843
Training round: 43		accuracy = 0.6191304326057434
Training round: 44		accuracy = 0.6420289874076843
Training round: 45		accuracy = 0.6382608413696289
Training round: 46		accuracy = 0.6365217566490173
Training round: 47		accuracy = 0.5617391467094421
Training round: 48		accuracy = 0.629275381565094
Training round: 49		accuracy = 0.6295652389526367
Training round: 50		accuracy = 0.6368116140365601
Training round: 51		accuracy = 0.6368116140365601
Training round: 52		accuracy = 0.6336231827735901
Training round: 53		accuracy = 0.6388405561447144
Training round: 54		accuracy = 0.6385506987571716
Training round: 55		accuracy = 0.6385506987571716
Training round: 56		accuracy = 0.6324637532234192
Training round: 57		accuracy = 0.6368116140365601
Training round: 58		accuracy = 0.6373913288116455
Training round: 59		accuracy = 0.6350724697113037
Training round: 60		accuracy = 0.6310144662857056
Training round: 61		accuracy = 0.6376811861991882
Training round: 62		accuracy = 0.6307246088981628
Training round: 63		accuracy = 0.631594181060791
Training round: 64		accuracy = 0.6356521844863892
Training round: 65		accuracy = 0.6289855241775513
Training round: 66		accuracy = 0.6318840384483337
Training round: 67		accuracy = 0.6344927549362183
Training round: 68		accuracy = 0.6310144662857056
Training round: 69		accuracy = 0.637971043586731
Training round: 70		accuracy = 0.6385506987571716
Training round: 71		accuracy = 0.6339130401611328
Training round: 72		accuracy = 0.6344927549362183
Training round: 73		accuracy = 0.6330434679985046
Training round: 74		accuracy = 0.6327536106109619
Training round: 75		accuracy = 0.6359420418739319
Training round: 76		accuracy = 0.6339130401611328
Training round: 77		accuracy = 0.6344927549362183
Training round: 78		accuracy = 0.6339130401611328
Training round: 79		accuracy = 0.6359420418739319
Training round: 80		accuracy = 0.6313043236732483
Training round: 81		accuracy = 0.6333333253860474
Training round: 82		accuracy = 0.6321738958358765
Training round: 83		accuracy = 0.6257970929145813
Training round: 84		accuracy = 0.6336231827735901
Training round: 85		accuracy = 0.6336231827735901
Training round: 86		accuracy = 0.6339130401611328
Training round: 87		accuracy = 0.6336231827735901
Training round: 88		accuracy = 0.634782612323761
Training round: 89		accuracy = 0.6339130401611328
Training round: 90		accuracy = 0.6330434679985046
Training round: 91		accuracy = 0.6344927549362183
Training round: 92		accuracy = 0.6362318992614746
Training round: 93		accuracy = 0.6342028975486755
Training round: 94		accuracy = 0.6327536106109619
Training round: 95		accuracy = 0.634782612323761
Training round: 96		accuracy = 0.6371014714241028
Training round: 97		accuracy = 0.6330434679985046
Training round: 98		accuracy = 0.6342028975486755
Training round: 99		accuracy = 0.6330434679985046
Training round: 100		accuracy = 0.6336231827735901
Training duration 8394.567129850388
