2021-08-23 17:28:46.348180: I tensorflow/stream_executor/platform/default/dso_loader.cc:49] Successfully opened dynamic library libcudart.so.11.0
2021-08-23 17:29:07.955354: I tensorflow/compiler/jit/xla_cpu_device.cc:41] Not creating XLA devices, tf_xla_enable_xla_devices not set
2021-08-23 17:29:07.961238: I tensorflow/stream_executor/platform/default/dso_loader.cc:49] Successfully opened dynamic library libcuda.so.1
2021-08-23 17:29:08.000080: I tensorflow/core/common_runtime/gpu/gpu_device.cc:1720] Found device 0 with properties: 
pciBusID: 0000:03:00.0 name: Tesla P100-PCIE-12GB computeCapability: 6.0
coreClock: 1.3285GHz coreCount: 56 deviceMemorySize: 11.91GiB deviceMemoryBandwidth: 511.41GiB/s
2021-08-23 17:29:08.000582: I tensorflow/stream_executor/platform/default/dso_loader.cc:49] Successfully opened dynamic library libcudart.so.11.0
2021-08-23 17:29:08.010414: I tensorflow/stream_executor/platform/default/dso_loader.cc:49] Successfully opened dynamic library libcublas.so.11
2021-08-23 17:29:08.010545: I tensorflow/stream_executor/platform/default/dso_loader.cc:49] Successfully opened dynamic library libcublasLt.so.11
2021-08-23 17:29:08.016184: I tensorflow/stream_executor/platform/default/dso_loader.cc:49] Successfully opened dynamic library libcufft.so.10
2021-08-23 17:29:08.019006: I tensorflow/stream_executor/platform/default/dso_loader.cc:49] Successfully opened dynamic library libcurand.so.10
2021-08-23 17:29:08.027114: I tensorflow/stream_executor/platform/default/dso_loader.cc:49] Successfully opened dynamic library libcusolver.so.10
2021-08-23 17:29:08.030067: I tensorflow/stream_executor/platform/default/dso_loader.cc:49] Successfully opened dynamic library libcusparse.so.11
2021-08-23 17:29:08.031283: I tensorflow/stream_executor/platform/default/dso_loader.cc:49] Successfully opened dynamic library libcudnn.so.8
2021-08-23 17:29:08.033579: I tensorflow/core/common_runtime/gpu/gpu_device.cc:1862] Adding visible gpu devices: 0
2021-08-23 17:29:08.037904: I tensorflow/core/platform/cpu_feature_guard.cc:142] This TensorFlow binary is optimized with oneAPI Deep Neural Network Library (oneDNN) to use the following CPU instructions in performance-critical operations:  AVX2 FMA
To enable them in other operations, rebuild TensorFlow with the appropriate compiler flags.
2021-08-23 17:29:08.038278: I tensorflow/compiler/jit/xla_gpu_device.cc:99] Not creating XLA devices, tf_xla_enable_xla_devices not set
2021-08-23 17:29:08.039354: I tensorflow/core/common_runtime/gpu/gpu_device.cc:1720] Found device 0 with properties: 
pciBusID: 0000:03:00.0 name: Tesla P100-PCIE-12GB computeCapability: 6.0
coreClock: 1.3285GHz coreCount: 56 deviceMemorySize: 11.91GiB deviceMemoryBandwidth: 511.41GiB/s
2021-08-23 17:29:08.039468: I tensorflow/stream_executor/platform/default/dso_loader.cc:49] Successfully opened dynamic library libcudart.so.11.0
2021-08-23 17:29:08.039564: I tensorflow/stream_executor/platform/default/dso_loader.cc:49] Successfully opened dynamic library libcublas.so.11
2021-08-23 17:29:08.039658: I tensorflow/stream_executor/platform/default/dso_loader.cc:49] Successfully opened dynamic library libcublasLt.so.11
2021-08-23 17:29:08.039751: I tensorflow/stream_executor/platform/default/dso_loader.cc:49] Successfully opened dynamic library libcufft.so.10
2021-08-23 17:29:08.039846: I tensorflow/stream_executor/platform/default/dso_loader.cc:49] Successfully opened dynamic library libcurand.so.10
2021-08-23 17:29:08.039971: I tensorflow/stream_executor/platform/default/dso_loader.cc:49] Successfully opened dynamic library libcusolver.so.10
2021-08-23 17:29:08.040064: I tensorflow/stream_executor/platform/default/dso_loader.cc:49] Successfully opened dynamic library libcusparse.so.11
2021-08-23 17:29:08.040162: I tensorflow/stream_executor/platform/default/dso_loader.cc:49] Successfully opened dynamic library libcudnn.so.8
2021-08-23 17:29:08.041920: I tensorflow/core/common_runtime/gpu/gpu_device.cc:1862] Adding visible gpu devices: 0
2021-08-23 17:29:08.042042: I tensorflow/stream_executor/platform/default/dso_loader.cc:49] Successfully opened dynamic library libcudart.so.11.0
2021-08-23 17:29:09.215239: I tensorflow/core/common_runtime/gpu/gpu_device.cc:1261] Device interconnect StreamExecutor with strength 1 edge matrix:
2021-08-23 17:29:09.215444: I tensorflow/core/common_runtime/gpu/gpu_device.cc:1267]      0 
2021-08-23 17:29:09.215550: I tensorflow/core/common_runtime/gpu/gpu_device.cc:1280] 0:   N 
2021-08-23 17:29:09.219148: I tensorflow/core/common_runtime/gpu/gpu_device.cc:1406] Created TensorFlow device (/job:localhost/replica:0/task:0/device:GPU:0 with 11119 MB memory) -> physical GPU (device: 0, name: Tesla P100-PCIE-12GB, pci bus id: 0000:03:00.0, compute capability: 6.0)
2021-08-23 17:29:19.570735: I tensorflow/compiler/mlir/mlir_graph_optimization_pass.cc:116] None of the MLIR optimization passes are enabled (registered 2)
2021-08-23 17:29:19.574056: I tensorflow/core/platform/profile_utils/cpu_utils.cc:112] CPU Frequency: 2200160000 Hz
2021-08-23 17:29:19.645609: I tensorflow/stream_executor/platform/default/dso_loader.cc:49] Successfully opened dynamic library libcublas.so.11
2021-08-23 17:29:20.018334: I tensorflow/stream_executor/platform/default/dso_loader.cc:49] Successfully opened dynamic library libcublasLt.so.11
2021-08-23 17:29:20.026038: I tensorflow/stream_executor/platform/default/dso_loader.cc:49] Successfully opened dynamic library libcudnn.so.8
2021-08-23 17:29:21.976203: W tensorflow/stream_executor/gpu/asm_compiler.cc:63] Running ptxas --version returned 256
2021-08-23 17:29:22.225308: W tensorflow/stream_executor/gpu/redzone_allocator.cc:314] Internal: ptxas exited with non-zero error code 256, output: 
Relying on driver to perform ptx compilation. 
Modify $PATH to customize ptxas location.
This message will be only logged once.
Training round: 1		accuracy = 0.5869565010070801
Training round: 2		accuracy = 0.6289855241775513
Training round: 3		accuracy = 0.6237680912017822
Training round: 4		accuracy = 0.6304348111152649
Training round: 5		accuracy = 0.6449275612831116
Training round: 6		accuracy = 0.6698550581932068
Training round: 7		accuracy = 0.678260862827301
Training round: 8		accuracy = 0.6805797219276428
Training round: 9		accuracy = 0.676231861114502
Training round: 10		accuracy = 0.6817391514778137
Training round: 11		accuracy = 0.6715942025184631
Training round: 12		accuracy = 0.690144956111908
Training round: 13		accuracy = 0.6849275231361389
Training round: 14		accuracy = 0.6982608437538147
Training round: 15		accuracy = 0.6904347538948059
Training round: 16		accuracy = 0.7002898454666138
Training round: 17		accuracy = 0.7078260779380798
Training round: 18		accuracy = 0.7136231660842896
Training round: 19		accuracy = 0.7089855074882507
Training round: 20		accuracy = 0.7191304564476013
Training round: 21		accuracy = 0.7324637770652771
Training round: 22		accuracy = 0.7150724530220032
Training round: 23		accuracy = 0.7095652222633362
Training round: 24		accuracy = 0.7200000286102295
Training round: 25		accuracy = 0.7150724530220032
Training round: 26		accuracy = 0.7153623104095459
Training round: 27		accuracy = 0.7246376872062683
Training round: 28		accuracy = 0.7191304564476013
Training round: 29		accuracy = 0.7260869741439819
Training round: 30		accuracy = 0.7237681150436401
Training round: 31		accuracy = 0.7191304564476013
Training round: 32		accuracy = 0.7278260588645935
Training round: 33		accuracy = 0.722898542881012
Training round: 34		accuracy = 0.7289854884147644
Training round: 35		accuracy = 0.7257971167564392
Training round: 36		accuracy = 0.7255072593688965
Training round: 37		accuracy = 0.7240579724311829
Training round: 38		accuracy = 0.7385507225990295
Training round: 39		accuracy = 0.7307246327400208
Training round: 40		accuracy = 0.7307246327400208
Training round: 41		accuracy = 0.7295652031898499
Training round: 42		accuracy = 0.7272464036941528
Training round: 43		accuracy = 0.7220289707183838
Training round: 44		accuracy = 0.7344927787780762
Training round: 45		accuracy = 0.730434775352478
Training round: 46		accuracy = 0.7278260588645935
Training round: 47		accuracy = 0.733623206615448
Training round: 48		accuracy = 0.7307246327400208
Training round: 49		accuracy = 0.7281159162521362
Training round: 50		accuracy = 0.7310144901275635
Training round: 51		accuracy = 0.724927544593811
Training round: 52		accuracy = 0.7298550605773926
Training round: 53		accuracy = 0.7313043475151062
Training round: 54		accuracy = 0.7321739196777344
Training round: 55		accuracy = 0.7324637770652771
Training round: 56		accuracy = 0.7315942049026489
Training round: 57		accuracy = 0.7333333492279053
Training round: 58		accuracy = 0.7310144901275635
Training round: 59		accuracy = 0.7313043475151062
Training round: 60		accuracy = 0.735942006111145
Training round: 61		accuracy = 0.7333333492279053
Training round: 62		accuracy = 0.7347826361656189
Training round: 63		accuracy = 0.7353622913360596
Training round: 64		accuracy = 0.7330434918403625
Training round: 65		accuracy = 0.7365217208862305
Training round: 66		accuracy = 0.7379710078239441
Training round: 67		accuracy = 0.7376811504364014
Training round: 68		accuracy = 0.7356521487236023
Training round: 69		accuracy = 0.7371014356613159
Training round: 70		accuracy = 0.7394202947616577
Training round: 71		accuracy = 0.7385507225990295
Training round: 72		accuracy = 0.7379710078239441
Training round: 73		accuracy = 0.739130437374115
Training round: 74		accuracy = 0.7397101521492004
Training round: 75		accuracy = 0.7371014356613159
Training round: 76		accuracy = 0.7385507225990295
Training round: 77		accuracy = 0.7379710078239441
Training round: 78		accuracy = 0.7408695816993713
Training round: 79		accuracy = 0.7379710078239441
Training round: 80		accuracy = 0.7385507225990295
Training round: 81		accuracy = 0.7379710078239441
Training round: 82		accuracy = 0.7385507225990295
Training round: 83		accuracy = 0.7408695816993713
Training round: 84		accuracy = 0.7382608652114868
Training round: 85		accuracy = 0.7382608652114868
Training round: 86		accuracy = 0.7411594390869141
Training round: 87		accuracy = 0.739130437374115
Training round: 88		accuracy = 0.7388405799865723
Training round: 89		accuracy = 0.7400000095367432
Training round: 90		accuracy = 0.7379710078239441
Training round: 91		accuracy = 0.7382608652114868
Training round: 92		accuracy = 0.7397101521492004
Training round: 93		accuracy = 0.7400000095367432
Training round: 94		accuracy = 0.7394202947616577
Training round: 95		accuracy = 0.7394202947616577
Training round: 96		accuracy = 0.7400000095367432
Training round: 97		accuracy = 0.7402898669242859
Training round: 98		accuracy = 0.7408695816993713
Training round: 99		accuracy = 0.7394202947616577
Training round: 100		accuracy = 0.7397101521492004
Training duration 5811.551640033722
