2021-08-22 20:19:08.109180: I tensorflow/stream_executor/platform/default/dso_loader.cc:49] Successfully opened dynamic library libcudart.so.11.0
2021-08-22 20:19:29.033999: I tensorflow/compiler/jit/xla_cpu_device.cc:41] Not creating XLA devices, tf_xla_enable_xla_devices not set
2021-08-22 20:19:29.040145: I tensorflow/stream_executor/platform/default/dso_loader.cc:49] Successfully opened dynamic library libcuda.so.1
2021-08-22 20:19:29.084681: I tensorflow/core/common_runtime/gpu/gpu_device.cc:1720] Found device 0 with properties: 
pciBusID: 0000:04:00.0 name: Tesla P100-PCIE-12GB computeCapability: 6.0
coreClock: 1.3285GHz coreCount: 56 deviceMemorySize: 11.91GiB deviceMemoryBandwidth: 511.41GiB/s
2021-08-22 20:19:29.085226: I tensorflow/stream_executor/platform/default/dso_loader.cc:49] Successfully opened dynamic library libcudart.so.11.0
2021-08-22 20:19:29.098923: I tensorflow/stream_executor/platform/default/dso_loader.cc:49] Successfully opened dynamic library libcublas.so.11
2021-08-22 20:19:29.099225: I tensorflow/stream_executor/platform/default/dso_loader.cc:49] Successfully opened dynamic library libcublasLt.so.11
2021-08-22 20:19:29.107368: I tensorflow/stream_executor/platform/default/dso_loader.cc:49] Successfully opened dynamic library libcufft.so.10
2021-08-22 20:19:29.110502: I tensorflow/stream_executor/platform/default/dso_loader.cc:49] Successfully opened dynamic library libcurand.so.10
2021-08-22 20:19:29.119871: I tensorflow/stream_executor/platform/default/dso_loader.cc:49] Successfully opened dynamic library libcusolver.so.10
2021-08-22 20:19:29.122490: I tensorflow/stream_executor/platform/default/dso_loader.cc:49] Successfully opened dynamic library libcusparse.so.11
2021-08-22 20:19:29.123551: I tensorflow/stream_executor/platform/default/dso_loader.cc:49] Successfully opened dynamic library libcudnn.so.8
2021-08-22 20:19:29.126882: I tensorflow/core/common_runtime/gpu/gpu_device.cc:1862] Adding visible gpu devices: 0
2021-08-22 20:19:29.129777: I tensorflow/core/platform/cpu_feature_guard.cc:142] This TensorFlow binary is optimized with oneAPI Deep Neural Network Library (oneDNN) to use the following CPU instructions in performance-critical operations:  AVX2 FMA
To enable them in other operations, rebuild TensorFlow with the appropriate compiler flags.
2021-08-22 20:19:29.130194: I tensorflow/compiler/jit/xla_gpu_device.cc:99] Not creating XLA devices, tf_xla_enable_xla_devices not set
2021-08-22 20:19:29.131856: I tensorflow/core/common_runtime/gpu/gpu_device.cc:1720] Found device 0 with properties: 
pciBusID: 0000:04:00.0 name: Tesla P100-PCIE-12GB computeCapability: 6.0
coreClock: 1.3285GHz coreCount: 56 deviceMemorySize: 11.91GiB deviceMemoryBandwidth: 511.41GiB/s
2021-08-22 20:19:29.132010: I tensorflow/stream_executor/platform/default/dso_loader.cc:49] Successfully opened dynamic library libcudart.so.11.0
2021-08-22 20:19:29.132139: I tensorflow/stream_executor/platform/default/dso_loader.cc:49] Successfully opened dynamic library libcublas.so.11
2021-08-22 20:19:29.132250: I tensorflow/stream_executor/platform/default/dso_loader.cc:49] Successfully opened dynamic library libcublasLt.so.11
2021-08-22 20:19:29.132359: I tensorflow/stream_executor/platform/default/dso_loader.cc:49] Successfully opened dynamic library libcufft.so.10
2021-08-22 20:19:29.132457: I tensorflow/stream_executor/platform/default/dso_loader.cc:49] Successfully opened dynamic library libcurand.so.10
2021-08-22 20:19:29.132573: I tensorflow/stream_executor/platform/default/dso_loader.cc:49] Successfully opened dynamic library libcusolver.so.10
2021-08-22 20:19:29.132696: I tensorflow/stream_executor/platform/default/dso_loader.cc:49] Successfully opened dynamic library libcusparse.so.11
2021-08-22 20:19:29.132806: I tensorflow/stream_executor/platform/default/dso_loader.cc:49] Successfully opened dynamic library libcudnn.so.8
2021-08-22 20:19:29.135710: I tensorflow/core/common_runtime/gpu/gpu_device.cc:1862] Adding visible gpu devices: 0
2021-08-22 20:19:29.135879: I tensorflow/stream_executor/platform/default/dso_loader.cc:49] Successfully opened dynamic library libcudart.so.11.0
2021-08-22 20:19:30.434861: I tensorflow/core/common_runtime/gpu/gpu_device.cc:1261] Device interconnect StreamExecutor with strength 1 edge matrix:
2021-08-22 20:19:30.435023: I tensorflow/core/common_runtime/gpu/gpu_device.cc:1267]      0 
2021-08-22 20:19:30.435133: I tensorflow/core/common_runtime/gpu/gpu_device.cc:1280] 0:   N 
2021-08-22 20:19:30.439811: I tensorflow/core/common_runtime/gpu/gpu_device.cc:1406] Created TensorFlow device (/job:localhost/replica:0/task:0/device:GPU:0 with 11119 MB memory) -> physical GPU (device: 0, name: Tesla P100-PCIE-12GB, pci bus id: 0000:04:00.0, compute capability: 6.0)
2021-08-22 20:19:36.952259: I tensorflow/compiler/mlir/mlir_graph_optimization_pass.cc:116] None of the MLIR optimization passes are enabled (registered 2)
2021-08-22 20:19:36.956175: I tensorflow/core/platform/profile_utils/cpu_utils.cc:112] CPU Frequency: 2200080000 Hz
2021-08-22 20:19:37.043449: I tensorflow/stream_executor/platform/default/dso_loader.cc:49] Successfully opened dynamic library libcublas.so.11
2021-08-22 20:19:37.440619: I tensorflow/stream_executor/platform/default/dso_loader.cc:49] Successfully opened dynamic library libcublasLt.so.11
2021-08-22 20:19:37.446293: I tensorflow/stream_executor/platform/default/dso_loader.cc:49] Successfully opened dynamic library libcudnn.so.8
2021-08-22 20:19:39.182752: W tensorflow/stream_executor/gpu/asm_compiler.cc:63] Running ptxas --version returned 256
2021-08-22 20:19:39.245687: W tensorflow/stream_executor/gpu/redzone_allocator.cc:314] Internal: ptxas exited with non-zero error code 256, output: 
Relying on driver to perform ptx compilation. 
Modify $PATH to customize ptxas location.
This message will be only logged once.
UnbalanceMutator started.
UnbalanceMutator finished.
Training round: 1		accuracy = 0.6469565033912659
Training round: 2		accuracy = 0.6605796813964844
Training round: 3		accuracy = 0.6655072569847107
Training round: 4		accuracy = 0.6733333468437195
Training round: 5		accuracy = 0.6788405776023865
Training round: 6		accuracy = 0.6933333277702332
Training round: 7		accuracy = 0.6927536129951477
Training round: 8		accuracy = 0.7098550796508789
Training round: 9		accuracy = 0.708695650100708
Training round: 10		accuracy = 0.7078260779380798
Training round: 11		accuracy = 0.7084057927131653
Training round: 12		accuracy = 0.7115942239761353
Training round: 13		accuracy = 0.7211593985557556
Training round: 14		accuracy = 0.7214492559432983
Training round: 15		accuracy = 0.7292753458023071
Training round: 16		accuracy = 0.7315942049026489
Training round: 17		accuracy = 0.7353622913360596
Training round: 18		accuracy = 0.7397101521492004
Training round: 19		accuracy = 0.7365217208862305
Training round: 20		accuracy = 0.7365217208862305
Training round: 21		accuracy = 0.742318868637085
Training round: 22		accuracy = 0.7431883811950684
Training round: 23		accuracy = 0.7397101521492004
Training round: 24		accuracy = 0.7452173829078674
Training round: 25		accuracy = 0.747826099395752
Training round: 26		accuracy = 0.752173900604248
Training round: 27		accuracy = 0.7495652437210083
Training round: 28		accuracy = 0.7536231875419617
Training round: 29		accuracy = 0.7559420466423035
Training round: 30		accuracy = 0.7542029023170471
Training round: 31		accuracy = 0.7562319040298462
Training round: 32		accuracy = 0.7594202756881714
Training round: 33		accuracy = 0.7617391347885132
Training round: 34		accuracy = 0.760869562625885
Training round: 35		accuracy = 0.7614492774009705
Training round: 36		accuracy = 0.7582608461380005
Training round: 37		accuracy = 0.7626087069511414
Training round: 38		accuracy = 0.7649275064468384
Training round: 39		accuracy = 0.7582608461380005
Training round: 40		accuracy = 0.7614492774009705
Training round: 41		accuracy = 0.7565217614173889
Training round: 42		accuracy = 0.7657970786094666
Training round: 43		accuracy = 0.7660869359970093
Training round: 44		accuracy = 0.7660869359970093
Training round: 45		accuracy = 0.7646377086639404
Training round: 46		accuracy = 0.7643478512763977
Training round: 47		accuracy = 0.7637681365013123
Training round: 48		accuracy = 0.7649275064468384
Training round: 49		accuracy = 0.7672463655471802
Training round: 50		accuracy = 0.7675362229347229
Training round: 51		accuracy = 0.7660869359970093
Training round: 52		accuracy = 0.7669565081596375
Training round: 53		accuracy = 0.7686956524848938
Training round: 54		accuracy = 0.7652173638343811
Training round: 55		accuracy = 0.7672463655471802
Training round: 56		accuracy = 0.7675362229347229
Training round: 57		accuracy = 0.7669565081596375
Training round: 58		accuracy = 0.7704347968101501
Training round: 59		accuracy = 0.7704347968101501
Training round: 60		accuracy = 0.7704347968101501
Training round: 61		accuracy = 0.7602898478507996
Training round: 62		accuracy = 0.7631884217262268
Training round: 63		accuracy = 0.760869562625885
Training round: 64		accuracy = 0.769565224647522
Training round: 65		accuracy = 0.7704347968101501
Training round: 66		accuracy = 0.7701449394226074
Training round: 67		accuracy = 0.7666666507720947
Training round: 68		accuracy = 0.7672463655471802
Training round: 69		accuracy = 0.7657970786094666
Training round: 70		accuracy = 0.7707246541976929
Training round: 71		accuracy = 0.7672463655471802
Training round: 72		accuracy = 0.7672463655471802
Training round: 73		accuracy = 0.7678260803222656
Training round: 74		accuracy = 0.7698550820350647
Training round: 75		accuracy = 0.7713043689727783
Training round: 76		accuracy = 0.7710145115852356
Training round: 77		accuracy = 0.7707246541976929
Training round: 78		accuracy = 0.7672463655471802
Training round: 79		accuracy = 0.7710145115852356
Training round: 80		accuracy = 0.7713043689727783
Training round: 81		accuracy = 0.7684057950973511
Training round: 82		accuracy = 0.7692753672599792
Training round: 83		accuracy = 0.7681159377098083
Training round: 84		accuracy = 0.7689855098724365
Training round: 85		accuracy = 0.7710145115852356
Training round: 86		accuracy = 0.7611594200134277
Training round: 87		accuracy = 0.7669565081596375
Training round: 88		accuracy = 0.7689855098724365
Training round: 89		accuracy = 0.7710145115852356
Training round: 90		accuracy = 0.769565224647522
Training round: 91		accuracy = 0.7686956524848938
Training round: 92		accuracy = 0.7704347968101501
Training round: 93		accuracy = 0.7713043689727783
Training round: 94		accuracy = 0.7678260803222656
Training round: 95		accuracy = 0.7681159377098083
Training round: 96		accuracy = 0.7686956524848938
Training round: 97		accuracy = 0.7689855098724365
Training round: 98		accuracy = 0.7672463655471802
Training round: 99		accuracy = 0.7698550820350647
Training round: 100		accuracy = 0.7710145115852356
Training duration 6676.064954996109
