2021-08-21 22:48:14.100767: I tensorflow/stream_executor/platform/default/dso_loader.cc:49] Successfully opened dynamic library libcudart.so.11.0
2021-08-21 22:49:07.918401: I tensorflow/compiler/jit/xla_cpu_device.cc:41] Not creating XLA devices, tf_xla_enable_xla_devices not set
2021-08-21 22:49:09.001273: I tensorflow/stream_executor/platform/default/dso_loader.cc:49] Successfully opened dynamic library libcuda.so.1
2021-08-21 22:49:09.044932: I tensorflow/core/common_runtime/gpu/gpu_device.cc:1720] Found device 0 with properties: 
pciBusID: 0000:03:00.0 name: Tesla P100-PCIE-12GB computeCapability: 6.0
coreClock: 1.3285GHz coreCount: 56 deviceMemorySize: 11.91GiB deviceMemoryBandwidth: 511.41GiB/s
2021-08-21 22:49:09.045487: I tensorflow/stream_executor/platform/default/dso_loader.cc:49] Successfully opened dynamic library libcudart.so.11.0
2021-08-21 22:49:09.058387: I tensorflow/stream_executor/platform/default/dso_loader.cc:49] Successfully opened dynamic library libcublas.so.11
2021-08-21 22:49:09.058554: I tensorflow/stream_executor/platform/default/dso_loader.cc:49] Successfully opened dynamic library libcublasLt.so.11
2021-08-21 22:49:09.064962: I tensorflow/stream_executor/platform/default/dso_loader.cc:49] Successfully opened dynamic library libcufft.so.10
2021-08-21 22:49:09.070211: I tensorflow/stream_executor/platform/default/dso_loader.cc:49] Successfully opened dynamic library libcurand.so.10
2021-08-21 22:49:09.079544: I tensorflow/stream_executor/platform/default/dso_loader.cc:49] Successfully opened dynamic library libcusolver.so.10
2021-08-21 22:49:09.082054: I tensorflow/stream_executor/platform/default/dso_loader.cc:49] Successfully opened dynamic library libcusparse.so.11
2021-08-21 22:49:09.083015: I tensorflow/stream_executor/platform/default/dso_loader.cc:49] Successfully opened dynamic library libcudnn.so.8
2021-08-21 22:49:09.086043: I tensorflow/core/common_runtime/gpu/gpu_device.cc:1862] Adding visible gpu devices: 0
2021-08-21 22:49:09.093817: I tensorflow/core/platform/cpu_feature_guard.cc:142] This TensorFlow binary is optimized with oneAPI Deep Neural Network Library (oneDNN) to use the following CPU instructions in performance-critical operations:  AVX2 FMA
To enable them in other operations, rebuild TensorFlow with the appropriate compiler flags.
2021-08-21 22:49:09.094272: I tensorflow/compiler/jit/xla_gpu_device.cc:99] Not creating XLA devices, tf_xla_enable_xla_devices not set
2021-08-21 22:49:09.095675: I tensorflow/core/common_runtime/gpu/gpu_device.cc:1720] Found device 0 with properties: 
pciBusID: 0000:03:00.0 name: Tesla P100-PCIE-12GB computeCapability: 6.0
coreClock: 1.3285GHz coreCount: 56 deviceMemorySize: 11.91GiB deviceMemoryBandwidth: 511.41GiB/s
2021-08-21 22:49:09.095797: I tensorflow/stream_executor/platform/default/dso_loader.cc:49] Successfully opened dynamic library libcudart.so.11.0
2021-08-21 22:49:09.095907: I tensorflow/stream_executor/platform/default/dso_loader.cc:49] Successfully opened dynamic library libcublas.so.11
2021-08-21 22:49:09.096008: I tensorflow/stream_executor/platform/default/dso_loader.cc:49] Successfully opened dynamic library libcublasLt.so.11
2021-08-21 22:49:09.096115: I tensorflow/stream_executor/platform/default/dso_loader.cc:49] Successfully opened dynamic library libcufft.so.10
2021-08-21 22:49:09.096220: I tensorflow/stream_executor/platform/default/dso_loader.cc:49] Successfully opened dynamic library libcurand.so.10
2021-08-21 22:49:09.096320: I tensorflow/stream_executor/platform/default/dso_loader.cc:49] Successfully opened dynamic library libcusolver.so.10
2021-08-21 22:49:09.096437: I tensorflow/stream_executor/platform/default/dso_loader.cc:49] Successfully opened dynamic library libcusparse.so.11
2021-08-21 22:49:09.096533: I tensorflow/stream_executor/platform/default/dso_loader.cc:49] Successfully opened dynamic library libcudnn.so.8
2021-08-21 22:49:09.099020: I tensorflow/core/common_runtime/gpu/gpu_device.cc:1862] Adding visible gpu devices: 0
2021-08-21 22:49:09.099172: I tensorflow/stream_executor/platform/default/dso_loader.cc:49] Successfully opened dynamic library libcudart.so.11.0
2021-08-21 22:49:10.485417: I tensorflow/core/common_runtime/gpu/gpu_device.cc:1261] Device interconnect StreamExecutor with strength 1 edge matrix:
2021-08-21 22:49:10.486022: I tensorflow/core/common_runtime/gpu/gpu_device.cc:1267]      0 
2021-08-21 22:49:10.486137: I tensorflow/core/common_runtime/gpu/gpu_device.cc:1280] 0:   N 
2021-08-21 22:49:10.492953: I tensorflow/core/common_runtime/gpu/gpu_device.cc:1406] Created TensorFlow device (/job:localhost/replica:0/task:0/device:GPU:0 with 11119 MB memory) -> physical GPU (device: 0, name: Tesla P100-PCIE-12GB, pci bus id: 0000:03:00.0, compute capability: 6.0)
2021-08-21 22:49:22.672192: I tensorflow/compiler/mlir/mlir_graph_optimization_pass.cc:116] None of the MLIR optimization passes are enabled (registered 2)
2021-08-21 22:49:22.675561: I tensorflow/core/platform/profile_utils/cpu_utils.cc:112] CPU Frequency: 2200025000 Hz
2021-08-21 22:49:22.754277: I tensorflow/stream_executor/platform/default/dso_loader.cc:49] Successfully opened dynamic library libcublas.so.11
2021-08-21 22:49:23.134243: I tensorflow/stream_executor/platform/default/dso_loader.cc:49] Successfully opened dynamic library libcublasLt.so.11
2021-08-21 22:49:23.141993: I tensorflow/stream_executor/platform/default/dso_loader.cc:49] Successfully opened dynamic library libcudnn.so.8
2021-08-21 22:49:25.386372: W tensorflow/stream_executor/gpu/asm_compiler.cc:63] Running ptxas --version returned 256
2021-08-21 22:49:26.010700: W tensorflow/stream_executor/gpu/redzone_allocator.cc:314] Internal: ptxas exited with non-zero error code 256, output: 
Relying on driver to perform ptx compilation. 
Modify $PATH to customize ptxas location.
This message will be only logged once.
NoiseMutator started.
NoiseMutator finished.
Training round: 1		accuracy = 0.6359420418739319
Training round: 2		accuracy = 0.6176811456680298
Training round: 3		accuracy = 0.6118840575218201
Training round: 4		accuracy = 0.5898550748825073
Training round: 5		accuracy = 0.5820289850234985
Training round: 6		accuracy = 0.6092753410339355
Training round: 7		accuracy = 0.6153623461723328
Training round: 8		accuracy = 0.629275381565094
Training round: 9		accuracy = 0.6286956667900085
Training round: 10		accuracy = 0.6428985595703125
Training round: 11		accuracy = 0.6385506987571716
Training round: 12		accuracy = 0.6628985404968262
Training round: 13		accuracy = 0.6547825932502747
Training round: 14		accuracy = 0.6744927763938904
Training round: 15		accuracy = 0.6698550581932068
Training round: 16		accuracy = 0.6704347729682922
Training round: 17		accuracy = 0.6756521463394165
Training round: 18		accuracy = 0.6808695793151855
Training round: 19		accuracy = 0.665217399597168
Training round: 20		accuracy = 0.6614492535591125
Training round: 21		accuracy = 0.6756521463394165
Training round: 22		accuracy = 0.6918840408325195
Training round: 23		accuracy = 0.6904347538948059
Training round: 24		accuracy = 0.6915941834449768
Training round: 25		accuracy = 0.6915941834449768
Training round: 26		accuracy = 0.6962319016456604
Training round: 27		accuracy = 0.6939130425453186
Training round: 28		accuracy = 0.6947826147079468
Training round: 29		accuracy = 0.7037681341171265
Training round: 30		accuracy = 0.7046377062797546
Training round: 31		accuracy = 0.7101449370384216
Training round: 32		accuracy = 0.7063767910003662
Training round: 33		accuracy = 0.7089855074882507
Training round: 34		accuracy = 0.6915941834449768
Training round: 35		accuracy = 0.6988405585289001
Training round: 36		accuracy = 0.7162318825721741
Training round: 37		accuracy = 0.7095652222633362
Training round: 38		accuracy = 0.7127535939216614
Training round: 39		accuracy = 0.7159420251846313
Training round: 40		accuracy = 0.7110145092010498
Training round: 41		accuracy = 0.7136231660842896
Training round: 42		accuracy = 0.7092753648757935
Training round: 43		accuracy = 0.714202880859375
Training round: 44		accuracy = 0.7104347944259644
Training round: 45		accuracy = 0.7113043665885925
Training round: 46		accuracy = 0.7107246518135071
Training round: 47		accuracy = 0.7156521677970886
Training round: 48		accuracy = 0.7144927382469177
Training round: 49		accuracy = 0.7133333086967468
Training round: 50		accuracy = 0.7101449370384216
Training round: 51		accuracy = 0.7121739387512207
Training round: 52		accuracy = 0.7110145092010498
Training round: 53		accuracy = 0.7089855074882507
Training round: 54		accuracy = 0.7104347944259644
Training round: 55		accuracy = 0.7089855074882507
Training round: 56		accuracy = 0.7057970762252808
Training round: 57		accuracy = 0.7124637961387634
Training round: 58		accuracy = 0.7153623104095459
Training round: 59		accuracy = 0.711884081363678
Training round: 60		accuracy = 0.7130434513092041
Training round: 61		accuracy = 0.7107246518135071
Training round: 62		accuracy = 0.7136231660842896
Training round: 63		accuracy = 0.711884081363678
Training round: 64		accuracy = 0.7113043665885925
Training round: 65		accuracy = 0.7136231660842896
Training round: 66		accuracy = 0.7159420251846313
Training round: 67		accuracy = 0.7115942239761353
Training round: 68		accuracy = 0.711884081363678
Training round: 69		accuracy = 0.7136231660842896
Training round: 70		accuracy = 0.7150724530220032
Training round: 71		accuracy = 0.7139130234718323
Training round: 72		accuracy = 0.7110145092010498
Training round: 73		accuracy = 0.7115942239761353
Training round: 74		accuracy = 0.7121739387512207
Training round: 75		accuracy = 0.7202898263931274
Training round: 76		accuracy = 0.714202880859375
Training round: 77		accuracy = 0.714202880859375
Training round: 78		accuracy = 0.711884081363678
Training round: 79		accuracy = 0.7165217399597168
Training round: 80		accuracy = 0.7130434513092041
Training round: 81		accuracy = 0.714202880859375
Training round: 82		accuracy = 0.7121739387512207
Training round: 83		accuracy = 0.7136231660842896
Training round: 84		accuracy = 0.7139130234718323
Training round: 85		accuracy = 0.7139130234718323
Training round: 86		accuracy = 0.7147825956344604
Training round: 87		accuracy = 0.7144927382469177
Training round: 88		accuracy = 0.7165217399597168
Training round: 89		accuracy = 0.7159420251846313
Training round: 90		accuracy = 0.7139130234718323
Training round: 91		accuracy = 0.7130434513092041
Training round: 92		accuracy = 0.7130434513092041
Training round: 93		accuracy = 0.7130434513092041
Training round: 94		accuracy = 0.7147825956344604
Training round: 95		accuracy = 0.7139130234718323
Training round: 96		accuracy = 0.7147825956344604
Training round: 97		accuracy = 0.7159420251846313
Training round: 98		accuracy = 0.7168115973472595
Training round: 99		accuracy = 0.7156521677970886
Training round: 100		accuracy = 0.7153623104095459
Training duration 8618.34478354454
