2021-08-23 17:32:49.585781: I tensorflow/stream_executor/platform/default/dso_loader.cc:49] Successfully opened dynamic library libcudart.so.11.0
2021-08-23 17:33:11.252295: I tensorflow/compiler/jit/xla_cpu_device.cc:41] Not creating XLA devices, tf_xla_enable_xla_devices not set
2021-08-23 17:33:11.256986: I tensorflow/stream_executor/platform/default/dso_loader.cc:49] Successfully opened dynamic library libcuda.so.1
2021-08-23 17:33:11.297892: I tensorflow/core/common_runtime/gpu/gpu_device.cc:1720] Found device 0 with properties: 
pciBusID: 0000:03:00.0 name: Tesla P100-PCIE-12GB computeCapability: 6.0
coreClock: 1.3285GHz coreCount: 56 deviceMemorySize: 11.91GiB deviceMemoryBandwidth: 511.41GiB/s
2021-08-23 17:33:11.298422: I tensorflow/stream_executor/platform/default/dso_loader.cc:49] Successfully opened dynamic library libcudart.so.11.0
2021-08-23 17:33:11.309417: I tensorflow/stream_executor/platform/default/dso_loader.cc:49] Successfully opened dynamic library libcublas.so.11
2021-08-23 17:33:11.309562: I tensorflow/stream_executor/platform/default/dso_loader.cc:49] Successfully opened dynamic library libcublasLt.so.11
2021-08-23 17:33:11.315491: I tensorflow/stream_executor/platform/default/dso_loader.cc:49] Successfully opened dynamic library libcufft.so.10
2021-08-23 17:33:11.319670: I tensorflow/stream_executor/platform/default/dso_loader.cc:49] Successfully opened dynamic library libcurand.so.10
2021-08-23 17:33:11.329056: I tensorflow/stream_executor/platform/default/dso_loader.cc:49] Successfully opened dynamic library libcusolver.so.10
2021-08-23 17:33:11.331455: I tensorflow/stream_executor/platform/default/dso_loader.cc:49] Successfully opened dynamic library libcusparse.so.11
2021-08-23 17:33:11.332368: I tensorflow/stream_executor/platform/default/dso_loader.cc:49] Successfully opened dynamic library libcudnn.so.8
2021-08-23 17:33:11.334708: I tensorflow/core/common_runtime/gpu/gpu_device.cc:1862] Adding visible gpu devices: 0
2021-08-23 17:33:11.337443: I tensorflow/core/platform/cpu_feature_guard.cc:142] This TensorFlow binary is optimized with oneAPI Deep Neural Network Library (oneDNN) to use the following CPU instructions in performance-critical operations:  AVX2 FMA
To enable them in other operations, rebuild TensorFlow with the appropriate compiler flags.
2021-08-23 17:33:11.337784: I tensorflow/compiler/jit/xla_gpu_device.cc:99] Not creating XLA devices, tf_xla_enable_xla_devices not set
2021-08-23 17:33:11.339895: I tensorflow/core/common_runtime/gpu/gpu_device.cc:1720] Found device 0 with properties: 
pciBusID: 0000:03:00.0 name: Tesla P100-PCIE-12GB computeCapability: 6.0
coreClock: 1.3285GHz coreCount: 56 deviceMemorySize: 11.91GiB deviceMemoryBandwidth: 511.41GiB/s
2021-08-23 17:33:11.340096: I tensorflow/stream_executor/platform/default/dso_loader.cc:49] Successfully opened dynamic library libcudart.so.11.0
2021-08-23 17:33:11.340225: I tensorflow/stream_executor/platform/default/dso_loader.cc:49] Successfully opened dynamic library libcublas.so.11
2021-08-23 17:33:11.340333: I tensorflow/stream_executor/platform/default/dso_loader.cc:49] Successfully opened dynamic library libcublasLt.so.11
2021-08-23 17:33:11.340465: I tensorflow/stream_executor/platform/default/dso_loader.cc:49] Successfully opened dynamic library libcufft.so.10
2021-08-23 17:33:11.340596: I tensorflow/stream_executor/platform/default/dso_loader.cc:49] Successfully opened dynamic library libcurand.so.10
2021-08-23 17:33:11.340726: I tensorflow/stream_executor/platform/default/dso_loader.cc:49] Successfully opened dynamic library libcusolver.so.10
2021-08-23 17:33:11.340854: I tensorflow/stream_executor/platform/default/dso_loader.cc:49] Successfully opened dynamic library libcusparse.so.11
2021-08-23 17:33:11.341024: I tensorflow/stream_executor/platform/default/dso_loader.cc:49] Successfully opened dynamic library libcudnn.so.8
2021-08-23 17:33:11.344686: I tensorflow/core/common_runtime/gpu/gpu_device.cc:1862] Adding visible gpu devices: 0
2021-08-23 17:33:11.344845: I tensorflow/stream_executor/platform/default/dso_loader.cc:49] Successfully opened dynamic library libcudart.so.11.0
2021-08-23 17:33:12.531632: I tensorflow/core/common_runtime/gpu/gpu_device.cc:1261] Device interconnect StreamExecutor with strength 1 edge matrix:
2021-08-23 17:33:12.531855: I tensorflow/core/common_runtime/gpu/gpu_device.cc:1267]      0 
2021-08-23 17:33:12.531978: I tensorflow/core/common_runtime/gpu/gpu_device.cc:1280] 0:   N 
2021-08-23 17:33:12.537535: I tensorflow/core/common_runtime/gpu/gpu_device.cc:1406] Created TensorFlow device (/job:localhost/replica:0/task:0/device:GPU:0 with 11119 MB memory) -> physical GPU (device: 0, name: Tesla P100-PCIE-12GB, pci bus id: 0000:03:00.0, compute capability: 6.0)
2021-08-23 17:33:23.885346: I tensorflow/compiler/mlir/mlir_graph_optimization_pass.cc:116] None of the MLIR optimization passes are enabled (registered 2)
2021-08-23 17:33:23.888720: I tensorflow/core/platform/profile_utils/cpu_utils.cc:112] CPU Frequency: 2199755000 Hz
2021-08-23 17:33:23.960957: I tensorflow/stream_executor/platform/default/dso_loader.cc:49] Successfully opened dynamic library libcublas.so.11
2021-08-23 17:33:24.348695: I tensorflow/stream_executor/platform/default/dso_loader.cc:49] Successfully opened dynamic library libcublasLt.so.11
2021-08-23 17:33:24.358573: I tensorflow/stream_executor/platform/default/dso_loader.cc:49] Successfully opened dynamic library libcudnn.so.8
2021-08-23 17:33:26.314317: W tensorflow/stream_executor/gpu/asm_compiler.cc:63] Running ptxas --version returned 256
2021-08-23 17:33:26.558701: W tensorflow/stream_executor/gpu/redzone_allocator.cc:314] Internal: ptxas exited with non-zero error code 256, output: 
Relying on driver to perform ptx compilation. 
Modify $PATH to customize ptxas location.
This message will be only logged once.
Training round: 1		accuracy = 0.4727536141872406
Training round: 2		accuracy = 0.37594202160835266
Training round: 3		accuracy = 0.5052173733711243
Training round: 4		accuracy = 0.514202892780304
Training round: 5		accuracy = 0.516231894493103
Training round: 6		accuracy = 0.5556522011756897
Training round: 7		accuracy = 0.588115930557251
Training round: 8		accuracy = 0.6171014308929443
Training round: 9		accuracy = 0.5820289850234985
Training round: 10		accuracy = 0.541449248790741
Training round: 11		accuracy = 0.5797101259231567
Training round: 12		accuracy = 0.571884036064148
Training round: 13		accuracy = 0.5594202876091003
Training round: 14		accuracy = 0.5713043212890625
Training round: 15		accuracy = 0.5997101664543152
Training round: 16		accuracy = 0.6211594343185425
Training round: 17		accuracy = 0.6440579891204834
Training round: 18		accuracy = 0.6171014308929443
Training round: 19		accuracy = 0.6342028975486755
Training round: 20		accuracy = 0.6069565415382385
Training round: 21		accuracy = 0.6243478059768677
Training round: 22		accuracy = 0.5927536487579346
Training round: 23		accuracy = 0.5721738934516907
Training round: 24		accuracy = 0.5747826099395752
Training round: 25		accuracy = 0.5600000023841858
Training round: 26		accuracy = 0.5872463583946228
Training round: 27		accuracy = 0.5924637913703918
Training round: 28		accuracy = 0.6231883764266968
Training round: 29		accuracy = 0.6057971119880676
Training round: 30		accuracy = 0.6028985381126404
Training round: 31		accuracy = 0.620579719543457
Training round: 32		accuracy = 0.6052173972129822
Training round: 33		accuracy = 0.6420289874076843
Training round: 34		accuracy = 0.6376811861991882
Training round: 35		accuracy = 0.6420289874076843
Training round: 36		accuracy = 0.6255072355270386
Training round: 37		accuracy = 0.6072463989257812
Training round: 38		accuracy = 0.6063768267631531
Training round: 39		accuracy = 0.585797131061554
Training round: 40		accuracy = 0.5704348087310791
Training round: 41		accuracy = 0.5278260707855225
Training round: 42		accuracy = 0.5779710412025452
Training round: 43		accuracy = 0.6104347705841064
Training round: 44		accuracy = 0.6101449131965637
Training round: 45		accuracy = 0.6040579676628113
Training round: 46		accuracy = 0.6110144853591919
Training round: 47		accuracy = 0.6089854836463928
Training round: 48		accuracy = 0.5895652174949646
Training round: 49		accuracy = 0.6014492511749268
Training round: 50		accuracy = 0.6034782528877258
Training round: 51		accuracy = 0.6194202899932861
Training round: 52		accuracy = 0.5869565010070801
Training round: 53		accuracy = 0.5831884145736694
Training round: 54		accuracy = 0.595652163028717
Training round: 55		accuracy = 0.5834782719612122
Training round: 56		accuracy = 0.5834782719612122
Training round: 57		accuracy = 0.5849275588989258
Training round: 58		accuracy = 0.5655072331428528
Training round: 59		accuracy = 0.6124637722969055
Training round: 60		accuracy = 0.6081159710884094
Training round: 61		accuracy = 0.6115942001342773
Training round: 62		accuracy = 0.6092753410339355
Training round: 63		accuracy = 0.6339130401611328
Training round: 64		accuracy = 0.6301449537277222
Training round: 65		accuracy = 0.6049275398254395
Training round: 66		accuracy = 0.6086956262588501
Training round: 67		accuracy = 0.6365217566490173
Training round: 68		accuracy = 0.6057971119880676
Training round: 69		accuracy = 0.642318844795227
Training round: 70		accuracy = 0.5950724482536316
Training round: 71		accuracy = 0.6399999856948853
Training round: 72		accuracy = 0.6124637722969055
Training round: 73		accuracy = 0.6162318587303162
Training round: 74		accuracy = 0.6440579891204834
Training round: 75		accuracy = 0.6147826313972473
Training round: 76		accuracy = 0.61507248878479
Training round: 77		accuracy = 0.6144927740097046
Training round: 78		accuracy = 0.5895652174949646
Training round: 79		accuracy = 0.6202898621559143
Training round: 80		accuracy = 0.6350724697113037
Training round: 81		accuracy = 0.6278260946273804
Training round: 82		accuracy = 0.6295652389526367
Training round: 83		accuracy = 0.6275362372398376
Training round: 84		accuracy = 0.6200000047683716
Training round: 85		accuracy = 0.5971014499664307
Training round: 86		accuracy = 0.582608699798584
Training round: 87		accuracy = 0.5478261113166809
Training round: 88		accuracy = 0.5875362157821655
Training round: 89		accuracy = 0.6069565415382385
Training round: 90		accuracy = 0.5982608795166016
Training round: 91		accuracy = 0.5759420394897461
Training round: 92		accuracy = 0.5950724482536316
Training round: 93		accuracy = 0.643478274345398
Training round: 94		accuracy = 0.6304348111152649
Training round: 95		accuracy = 0.6046376824378967
Training round: 96		accuracy = 0.6136232018470764
Training round: 97		accuracy = 0.6171014308929443
Training round: 98		accuracy = 0.6249275207519531
Training round: 99		accuracy = 0.6289855241775513
Training round: 100		accuracy = 0.626086950302124
Training duration 4365.346167802811
