2021-08-22 19:23:32.820540: I tensorflow/stream_executor/platform/default/dso_loader.cc:49] Successfully opened dynamic library libcudart.so.11.0
2021-08-22 19:24:07.644096: I tensorflow/compiler/jit/xla_cpu_device.cc:41] Not creating XLA devices, tf_xla_enable_xla_devices not set
2021-08-22 19:24:07.650402: I tensorflow/stream_executor/platform/default/dso_loader.cc:49] Successfully opened dynamic library libcuda.so.1
2021-08-22 19:24:07.686479: I tensorflow/core/common_runtime/gpu/gpu_device.cc:1720] Found device 0 with properties: 
pciBusID: 0000:03:00.0 name: Tesla P100-PCIE-12GB computeCapability: 6.0
coreClock: 1.3285GHz coreCount: 56 deviceMemorySize: 11.91GiB deviceMemoryBandwidth: 511.41GiB/s
2021-08-22 19:24:07.686892: I tensorflow/stream_executor/platform/default/dso_loader.cc:49] Successfully opened dynamic library libcudart.so.11.0
2021-08-22 19:24:07.698248: I tensorflow/stream_executor/platform/default/dso_loader.cc:49] Successfully opened dynamic library libcublas.so.11
2021-08-22 19:24:07.698395: I tensorflow/stream_executor/platform/default/dso_loader.cc:49] Successfully opened dynamic library libcublasLt.so.11
2021-08-22 19:24:07.703903: I tensorflow/stream_executor/platform/default/dso_loader.cc:49] Successfully opened dynamic library libcufft.so.10
2021-08-22 19:24:07.706617: I tensorflow/stream_executor/platform/default/dso_loader.cc:49] Successfully opened dynamic library libcurand.so.10
2021-08-22 19:24:07.715358: I tensorflow/stream_executor/platform/default/dso_loader.cc:49] Successfully opened dynamic library libcusolver.so.10
2021-08-22 19:24:07.717587: I tensorflow/stream_executor/platform/default/dso_loader.cc:49] Successfully opened dynamic library libcusparse.so.11
2021-08-22 19:24:07.718601: I tensorflow/stream_executor/platform/default/dso_loader.cc:49] Successfully opened dynamic library libcudnn.so.8
2021-08-22 19:24:07.721360: I tensorflow/core/common_runtime/gpu/gpu_device.cc:1862] Adding visible gpu devices: 0
2021-08-22 19:24:07.725180: I tensorflow/core/platform/cpu_feature_guard.cc:142] This TensorFlow binary is optimized with oneAPI Deep Neural Network Library (oneDNN) to use the following CPU instructions in performance-critical operations:  AVX2 FMA
To enable them in other operations, rebuild TensorFlow with the appropriate compiler flags.
2021-08-22 19:24:07.725552: I tensorflow/compiler/jit/xla_gpu_device.cc:99] Not creating XLA devices, tf_xla_enable_xla_devices not set
2021-08-22 19:24:07.726769: I tensorflow/core/common_runtime/gpu/gpu_device.cc:1720] Found device 0 with properties: 
pciBusID: 0000:03:00.0 name: Tesla P100-PCIE-12GB computeCapability: 6.0
coreClock: 1.3285GHz coreCount: 56 deviceMemorySize: 11.91GiB deviceMemoryBandwidth: 511.41GiB/s
2021-08-22 19:24:07.726888: I tensorflow/stream_executor/platform/default/dso_loader.cc:49] Successfully opened dynamic library libcudart.so.11.0
2021-08-22 19:24:07.726990: I tensorflow/stream_executor/platform/default/dso_loader.cc:49] Successfully opened dynamic library libcublas.so.11
2021-08-22 19:24:07.727082: I tensorflow/stream_executor/platform/default/dso_loader.cc:49] Successfully opened dynamic library libcublasLt.so.11
2021-08-22 19:24:07.727185: I tensorflow/stream_executor/platform/default/dso_loader.cc:49] Successfully opened dynamic library libcufft.so.10
2021-08-22 19:24:07.727299: I tensorflow/stream_executor/platform/default/dso_loader.cc:49] Successfully opened dynamic library libcurand.so.10
2021-08-22 19:24:07.727400: I tensorflow/stream_executor/platform/default/dso_loader.cc:49] Successfully opened dynamic library libcusolver.so.10
2021-08-22 19:24:07.727457: I tensorflow/stream_executor/platform/default/dso_loader.cc:49] Successfully opened dynamic library libcusparse.so.11
2021-08-22 19:24:07.727580: I tensorflow/stream_executor/platform/default/dso_loader.cc:49] Successfully opened dynamic library libcudnn.so.8
2021-08-22 19:24:07.729756: I tensorflow/core/common_runtime/gpu/gpu_device.cc:1862] Adding visible gpu devices: 0
2021-08-22 19:24:07.729900: I tensorflow/stream_executor/platform/default/dso_loader.cc:49] Successfully opened dynamic library libcudart.so.11.0
2021-08-22 19:24:09.162812: I tensorflow/core/common_runtime/gpu/gpu_device.cc:1261] Device interconnect StreamExecutor with strength 1 edge matrix:
2021-08-22 19:24:09.162974: I tensorflow/core/common_runtime/gpu/gpu_device.cc:1267]      0 
2021-08-22 19:24:09.163080: I tensorflow/core/common_runtime/gpu/gpu_device.cc:1280] 0:   N 
2021-08-22 19:24:09.177711: I tensorflow/core/common_runtime/gpu/gpu_device.cc:1406] Created TensorFlow device (/job:localhost/replica:0/task:0/device:GPU:0 with 11119 MB memory) -> physical GPU (device: 0, name: Tesla P100-PCIE-12GB, pci bus id: 0000:03:00.0, compute capability: 6.0)
2021-08-22 19:24:19.401074: I tensorflow/compiler/mlir/mlir_graph_optimization_pass.cc:116] None of the MLIR optimization passes are enabled (registered 2)
2021-08-22 19:24:19.404502: I tensorflow/core/platform/profile_utils/cpu_utils.cc:112] CPU Frequency: 2200005000 Hz
2021-08-22 19:24:19.482866: I tensorflow/stream_executor/platform/default/dso_loader.cc:49] Successfully opened dynamic library libcublas.so.11
2021-08-22 19:24:19.871890: I tensorflow/stream_executor/platform/default/dso_loader.cc:49] Successfully opened dynamic library libcublasLt.so.11
2021-08-22 19:24:19.880000: I tensorflow/stream_executor/platform/default/dso_loader.cc:49] Successfully opened dynamic library libcudnn.so.8
2021-08-22 19:24:21.738502: W tensorflow/stream_executor/gpu/asm_compiler.cc:63] Running ptxas --version returned 256
2021-08-22 19:24:21.943934: W tensorflow/stream_executor/gpu/redzone_allocator.cc:314] Internal: ptxas exited with non-zero error code 256, output: 
Relying on driver to perform ptx compilation. 
Modify $PATH to customize ptxas location.
This message will be only logged once.
LabelAttacker started.
LabelAttacker finished.
Training round: 1		accuracy = 0.5791304111480713
Training round: 2		accuracy = 0.6107246279716492
Training round: 3		accuracy = 0.579420268535614
Training round: 4		accuracy = 0.6014492511749268
Training round: 5		accuracy = 0.6124637722969055
Training round: 6		accuracy = 0.6162318587303162
Training round: 7		accuracy = 0.6217391490936279
Training round: 8		accuracy = 0.6200000047683716
Training round: 9		accuracy = 0.6246376633644104
Training round: 10		accuracy = 0.6153623461723328
Training round: 11		accuracy = 0.637971043586731
Training round: 12		accuracy = 0.6330434679985046
Training round: 13		accuracy = 0.631594181060791
Training round: 14		accuracy = 0.6371014714241028
Training round: 15		accuracy = 0.6336231827735901
Training round: 16		accuracy = 0.6385506987571716
Training round: 17		accuracy = 0.6472463607788086
Training round: 18		accuracy = 0.6463767886161804
Training round: 19		accuracy = 0.6472463607788086
Training round: 20		accuracy = 0.4872463643550873
Training round: 21		accuracy = 0.5808695554733276
Training round: 22		accuracy = 0.5657970905303955
Training round: 23		accuracy = 0.5565217137336731
Training round: 24		accuracy = 0.5400000214576721
Training round: 25		accuracy = 0.5513043403625488
Training round: 26		accuracy = 0.548985481262207
Training round: 27		accuracy = 0.54666668176651
Training round: 28		accuracy = 0.5510144829750061
Training round: 29		accuracy = 0.5515941977500916
Training round: 30		accuracy = 0.5455072522163391
Training round: 31		accuracy = 0.5515941977500916
Training round: 32		accuracy = 0.5510144829750061
Training round: 33		accuracy = 0.5527536273002625
Training round: 34		accuracy = 0.5550724864006042
Training round: 35		accuracy = 0.5530434846878052
Training round: 36		accuracy = 0.5524637699127197
Training round: 37		accuracy = 0.5539130568504333
Training round: 38		accuracy = 0.555362343788147
Training round: 39		accuracy = 0.5562318563461304
Training round: 40		accuracy = 0.5602898597717285
Training round: 41		accuracy = 0.5594202876091003
Training round: 42		accuracy = 0.5605797171592712
Training round: 43		accuracy = 0.5617391467094421
Training round: 44		accuracy = 0.5631884336471558
Training round: 45		accuracy = 0.5626087188720703
Training round: 46		accuracy = 0.5626087188720703
Training round: 47		accuracy = 0.5623188614845276
Training round: 48		accuracy = 0.5646376609802246
Training round: 49		accuracy = 0.5640579462051392
Training round: 50		accuracy = 0.5637680888175964
Training round: 51		accuracy = 0.5640579462051392
Training round: 52		accuracy = 0.5643478035926819
Training round: 53		accuracy = 0.5643478035926819
Training round: 54		accuracy = 0.5643478035926819
Training round: 55		accuracy = 0.5643478035926819
Training round: 56		accuracy = 0.5634782314300537
Training round: 57		accuracy = 0.5643478035926819
Training round: 58		accuracy = 0.5646376609802246
Training round: 59		accuracy = 0.5646376609802246
Training round: 60		accuracy = 0.5643478035926819
Training round: 61		accuracy = 0.5643478035926819
Training round: 62		accuracy = 0.5640579462051392
Training round: 63		accuracy = 0.5646376609802246
Training round: 64		accuracy = 0.566376805305481
Training round: 65		accuracy = 0.566376805305481
Training round: 66		accuracy = 0.5660869479179382
Training round: 67		accuracy = 0.5660869479179382
Training round: 68		accuracy = 0.5660869479179382
Training round: 69		accuracy = 0.5666666626930237
Training round: 70		accuracy = 0.566376805305481
Training round: 71		accuracy = 0.5666666626930237
Training round: 72		accuracy = 0.5672463774681091
Training round: 73		accuracy = 0.5672463774681091
Training round: 74		accuracy = 0.5678260922431946
Training round: 75		accuracy = 0.5672463774681091
Training round: 76		accuracy = 0.5675362348556519
Training round: 77		accuracy = 0.5675362348556519
Training round: 78		accuracy = 0.5675362348556519
Training round: 79		accuracy = 0.5681159496307373
Training round: 80		accuracy = 0.5678260922431946
Training round: 81		accuracy = 0.5672463774681091
Training round: 82		accuracy = 0.5678260922431946
Training round: 83		accuracy = 0.5672463774681091
Training round: 84		accuracy = 0.5669565200805664
Training round: 85		accuracy = 0.5666666626930237
Training round: 86		accuracy = 0.5660869479179382
Training round: 87		accuracy = 0.5672463774681091
Training round: 88		accuracy = 0.5669565200805664
Training round: 89		accuracy = 0.5669565200805664
Training round: 90		accuracy = 0.5666666626930237
Training round: 91		accuracy = 0.5669565200805664
Training round: 92		accuracy = 0.5666666626930237
Training round: 93		accuracy = 0.5669565200805664
Training round: 94		accuracy = 0.5666666626930237
Training round: 95		accuracy = 0.5672463774681091
Training round: 96		accuracy = 0.56840580701828
Training round: 97		accuracy = 0.6055072546005249
Training round: 98		accuracy = 0.6159420013427734
Training round: 99		accuracy = 0.5950724482536316
Training round: 100		accuracy = 0.5976811647415161
Training duration 7322.082697868347
