2021-08-22 20:09:08.218123: I tensorflow/stream_executor/platform/default/dso_loader.cc:49] Successfully opened dynamic library libcudart.so.11.0
2021-08-22 20:09:36.673776: I tensorflow/compiler/jit/xla_cpu_device.cc:41] Not creating XLA devices, tf_xla_enable_xla_devices not set
2021-08-22 20:09:36.680161: I tensorflow/stream_executor/platform/default/dso_loader.cc:49] Successfully opened dynamic library libcuda.so.1
2021-08-22 20:09:36.711980: I tensorflow/core/common_runtime/gpu/gpu_device.cc:1720] Found device 0 with properties: 
pciBusID: 0000:03:00.0 name: Tesla P100-PCIE-12GB computeCapability: 6.0
coreClock: 1.3285GHz coreCount: 56 deviceMemorySize: 11.91GiB deviceMemoryBandwidth: 511.41GiB/s
2021-08-22 20:09:36.712398: I tensorflow/stream_executor/platform/default/dso_loader.cc:49] Successfully opened dynamic library libcudart.so.11.0
2021-08-22 20:09:36.723203: I tensorflow/stream_executor/platform/default/dso_loader.cc:49] Successfully opened dynamic library libcublas.so.11
2021-08-22 20:09:36.723335: I tensorflow/stream_executor/platform/default/dso_loader.cc:49] Successfully opened dynamic library libcublasLt.so.11
2021-08-22 20:09:36.729127: I tensorflow/stream_executor/platform/default/dso_loader.cc:49] Successfully opened dynamic library libcufft.so.10
2021-08-22 20:09:36.732277: I tensorflow/stream_executor/platform/default/dso_loader.cc:49] Successfully opened dynamic library libcurand.so.10
2021-08-22 20:09:36.741029: I tensorflow/stream_executor/platform/default/dso_loader.cc:49] Successfully opened dynamic library libcusolver.so.10
2021-08-22 20:09:36.743777: I tensorflow/stream_executor/platform/default/dso_loader.cc:49] Successfully opened dynamic library libcusparse.so.11
2021-08-22 20:09:36.744730: I tensorflow/stream_executor/platform/default/dso_loader.cc:49] Successfully opened dynamic library libcudnn.so.8
2021-08-22 20:09:36.747087: I tensorflow/core/common_runtime/gpu/gpu_device.cc:1862] Adding visible gpu devices: 0
2021-08-22 20:09:36.753848: I tensorflow/core/platform/cpu_feature_guard.cc:142] This TensorFlow binary is optimized with oneAPI Deep Neural Network Library (oneDNN) to use the following CPU instructions in performance-critical operations:  AVX2 FMA
To enable them in other operations, rebuild TensorFlow with the appropriate compiler flags.
2021-08-22 20:09:36.754352: I tensorflow/compiler/jit/xla_gpu_device.cc:99] Not creating XLA devices, tf_xla_enable_xla_devices not set
2021-08-22 20:09:36.755436: I tensorflow/core/common_runtime/gpu/gpu_device.cc:1720] Found device 0 with properties: 
pciBusID: 0000:03:00.0 name: Tesla P100-PCIE-12GB computeCapability: 6.0
coreClock: 1.3285GHz coreCount: 56 deviceMemorySize: 11.91GiB deviceMemoryBandwidth: 511.41GiB/s
2021-08-22 20:09:36.755551: I tensorflow/stream_executor/platform/default/dso_loader.cc:49] Successfully opened dynamic library libcudart.so.11.0
2021-08-22 20:09:36.755665: I tensorflow/stream_executor/platform/default/dso_loader.cc:49] Successfully opened dynamic library libcublas.so.11
2021-08-22 20:09:36.755760: I tensorflow/stream_executor/platform/default/dso_loader.cc:49] Successfully opened dynamic library libcublasLt.so.11
2021-08-22 20:09:36.755867: I tensorflow/stream_executor/platform/default/dso_loader.cc:49] Successfully opened dynamic library libcufft.so.10
2021-08-22 20:09:36.755977: I tensorflow/stream_executor/platform/default/dso_loader.cc:49] Successfully opened dynamic library libcurand.so.10
2021-08-22 20:09:36.756078: I tensorflow/stream_executor/platform/default/dso_loader.cc:49] Successfully opened dynamic library libcusolver.so.10
2021-08-22 20:09:36.756185: I tensorflow/stream_executor/platform/default/dso_loader.cc:49] Successfully opened dynamic library libcusparse.so.11
2021-08-22 20:09:36.756282: I tensorflow/stream_executor/platform/default/dso_loader.cc:49] Successfully opened dynamic library libcudnn.so.8
2021-08-22 20:09:36.758213: I tensorflow/core/common_runtime/gpu/gpu_device.cc:1862] Adding visible gpu devices: 0
2021-08-22 20:09:36.758349: I tensorflow/stream_executor/platform/default/dso_loader.cc:49] Successfully opened dynamic library libcudart.so.11.0
2021-08-22 20:09:38.009496: I tensorflow/core/common_runtime/gpu/gpu_device.cc:1261] Device interconnect StreamExecutor with strength 1 edge matrix:
2021-08-22 20:09:38.009716: I tensorflow/core/common_runtime/gpu/gpu_device.cc:1267]      0 
2021-08-22 20:09:38.009832: I tensorflow/core/common_runtime/gpu/gpu_device.cc:1280] 0:   N 
2021-08-22 20:09:38.013565: I tensorflow/core/common_runtime/gpu/gpu_device.cc:1406] Created TensorFlow device (/job:localhost/replica:0/task:0/device:GPU:0 with 11119 MB memory) -> physical GPU (device: 0, name: Tesla P100-PCIE-12GB, pci bus id: 0000:03:00.0, compute capability: 6.0)
2021-08-22 20:09:48.518148: I tensorflow/compiler/mlir/mlir_graph_optimization_pass.cc:116] None of the MLIR optimization passes are enabled (registered 2)
2021-08-22 20:09:48.521484: I tensorflow/core/platform/profile_utils/cpu_utils.cc:112] CPU Frequency: 2200025000 Hz
2021-08-22 20:09:48.605878: I tensorflow/stream_executor/platform/default/dso_loader.cc:49] Successfully opened dynamic library libcublas.so.11
2021-08-22 20:09:48.975958: I tensorflow/stream_executor/platform/default/dso_loader.cc:49] Successfully opened dynamic library libcublasLt.so.11
2021-08-22 20:09:48.985796: I tensorflow/stream_executor/platform/default/dso_loader.cc:49] Successfully opened dynamic library libcudnn.so.8
2021-08-22 20:09:51.160724: W tensorflow/stream_executor/gpu/asm_compiler.cc:63] Running ptxas --version returned 256
2021-08-22 20:09:51.691204: W tensorflow/stream_executor/gpu/redzone_allocator.cc:314] Internal: ptxas exited with non-zero error code 256, output: 
Relying on driver to perform ptx compilation. 
Modify $PATH to customize ptxas location.
This message will be only logged once.
UnbalanceMutator started.
UnbalanceMutator finished.
Training round: 1		accuracy = 0.6550724506378174
Training round: 2		accuracy = 0.6405797004699707
Training round: 3		accuracy = 0.6550724506378174
Training round: 4		accuracy = 0.6550724506378174
Training round: 5		accuracy = 0.6550724506378174
Training round: 6		accuracy = 0.6550724506378174
Training round: 7		accuracy = 0.6550724506378174
Training round: 8		accuracy = 0.6547825932502747
Training round: 9		accuracy = 0.6550724506378174
Training round: 10		accuracy = 0.6547825932502747
Training round: 11		accuracy = 0.6547825932502747
Training round: 12		accuracy = 0.6550724506378174
Training round: 13		accuracy = 0.6556521654129028
Training round: 14		accuracy = 0.6547825932502747
Training round: 15		accuracy = 0.6556521654129028
Training round: 16		accuracy = 0.6550724506378174
Training round: 17		accuracy = 0.6550724506378174
Training round: 18		accuracy = 0.6544927358627319
Training round: 19		accuracy = 0.6547825932502747
Training round: 20		accuracy = 0.6559420228004456
Training round: 21		accuracy = 0.656521737575531
Training round: 22		accuracy = 0.6571014523506165
Training round: 23		accuracy = 0.6576811671257019
Training round: 24		accuracy = 0.6582608819007874
Training round: 25		accuracy = 0.6588405966758728
Training round: 26		accuracy = 0.659710168838501
Training round: 27		accuracy = 0.6600000262260437
Training round: 28		accuracy = 0.6608695387840271
Training round: 29		accuracy = 0.6602898836135864
Training round: 30		accuracy = 0.6608695387840271
Training round: 31		accuracy = 0.6605796813964844
Training round: 32		accuracy = 0.6628985404968262
Training round: 33		accuracy = 0.6634782552719116
Training round: 34		accuracy = 0.6634782552719116
Training round: 35		accuracy = 0.6643478274345398
Training round: 36		accuracy = 0.662028968334198
Training round: 37		accuracy = 0.6643478274345398
Training round: 38		accuracy = 0.6649275422096252
Training round: 39		accuracy = 0.6657971143722534
Training round: 40		accuracy = 0.6663768291473389
Training round: 41		accuracy = 0.6663768291473389
Training round: 42		accuracy = 0.6669565439224243
Training round: 43		accuracy = 0.6666666865348816
Training round: 44		accuracy = 0.6669565439224243
Training round: 45		accuracy = 0.667246401309967
Training round: 46		accuracy = 0.6669565439224243
Training round: 47		accuracy = 0.6669565439224243
Training round: 48		accuracy = 0.6669565439224243
Training round: 49		accuracy = 0.667246401309967
Training round: 50		accuracy = 0.6675362586975098
Training round: 51		accuracy = 0.6669565439224243
Training round: 52		accuracy = 0.6681159138679504
Training round: 53		accuracy = 0.6684057712554932
Training round: 54		accuracy = 0.6681159138679504
Training round: 55		accuracy = 0.6686956286430359
Training round: 56		accuracy = 0.6689854860305786
Training round: 57		accuracy = 0.6692753434181213
Training round: 58		accuracy = 0.6695652008056641
Training round: 59		accuracy = 0.6701449155807495
Training round: 60		accuracy = 0.6698550581932068
Training round: 61		accuracy = 0.6710144877433777
Training round: 62		accuracy = 0.6713043451309204
Training round: 63		accuracy = 0.6713043451309204
Training round: 64		accuracy = 0.6710144877433777
Training round: 65		accuracy = 0.670724630355835
Training round: 66		accuracy = 0.6710144877433777
Training round: 67		accuracy = 0.6710144877433777
Training round: 68		accuracy = 0.670724630355835
Training round: 69		accuracy = 0.670724630355835
Training round: 70		accuracy = 0.670724630355835
Training round: 71		accuracy = 0.6713043451309204
Training round: 72		accuracy = 0.6718840599060059
Training round: 73		accuracy = 0.6617391109466553
Training round: 74		accuracy = 0.6527536511421204
Training round: 75		accuracy = 0.6559420228004456
Training round: 76		accuracy = 0.6559420228004456
Training round: 77		accuracy = 0.6562318801879883
Training round: 78		accuracy = 0.6588405966758728
Training round: 79		accuracy = 0.659710168838501
Training round: 80		accuracy = 0.6605796813964844
Training round: 81		accuracy = 0.6614492535591125
Training round: 82		accuracy = 0.6614492535591125
Training round: 83		accuracy = 0.6611593961715698
Training round: 84		accuracy = 0.6611593961715698
Training round: 85		accuracy = 0.6611593961715698
Training round: 86		accuracy = 0.6617391109466553
Training round: 87		accuracy = 0.6614492535591125
Training round: 88		accuracy = 0.6617391109466553
Training round: 89		accuracy = 0.6617391109466553
Training round: 90		accuracy = 0.6614492535591125
Training round: 91		accuracy = 0.6614492535591125
Training round: 92		accuracy = 0.662028968334198
Training round: 93		accuracy = 0.6617391109466553
Training round: 94		accuracy = 0.6626086831092834
Training round: 95		accuracy = 0.6628985404968262
Training round: 96		accuracy = 0.6634782552719116
Training round: 97		accuracy = 0.665217399597168
Training round: 98		accuracy = 0.665217399597168
Training round: 99		accuracy = 0.6657971143722534
Training round: 100		accuracy = 0.6666666865348816
Training duration 8332.168495416641
