2021-08-22 19:59:17.622990: I tensorflow/stream_executor/platform/default/dso_loader.cc:49] Successfully opened dynamic library libcudart.so.11.0
2021-08-22 19:59:49.350710: I tensorflow/compiler/jit/xla_cpu_device.cc:41] Not creating XLA devices, tf_xla_enable_xla_devices not set
2021-08-22 19:59:49.356837: I tensorflow/stream_executor/platform/default/dso_loader.cc:49] Successfully opened dynamic library libcuda.so.1
2021-08-22 19:59:49.400954: I tensorflow/core/common_runtime/gpu/gpu_device.cc:1720] Found device 0 with properties: 
pciBusID: 0000:03:00.0 name: Tesla P100-PCIE-12GB computeCapability: 6.0
coreClock: 1.3285GHz coreCount: 56 deviceMemorySize: 11.91GiB deviceMemoryBandwidth: 511.41GiB/s
2021-08-22 19:59:49.401459: I tensorflow/stream_executor/platform/default/dso_loader.cc:49] Successfully opened dynamic library libcudart.so.11.0
2021-08-22 19:59:49.413741: I tensorflow/stream_executor/platform/default/dso_loader.cc:49] Successfully opened dynamic library libcublas.so.11
2021-08-22 19:59:49.413968: I tensorflow/stream_executor/platform/default/dso_loader.cc:49] Successfully opened dynamic library libcublasLt.so.11
2021-08-22 19:59:49.420052: I tensorflow/stream_executor/platform/default/dso_loader.cc:49] Successfully opened dynamic library libcufft.so.10
2021-08-22 19:59:49.423015: I tensorflow/stream_executor/platform/default/dso_loader.cc:49] Successfully opened dynamic library libcurand.so.10
2021-08-22 19:59:49.431845: I tensorflow/stream_executor/platform/default/dso_loader.cc:49] Successfully opened dynamic library libcusolver.so.10
2021-08-22 19:59:49.434213: I tensorflow/stream_executor/platform/default/dso_loader.cc:49] Successfully opened dynamic library libcusparse.so.11
2021-08-22 19:59:49.435253: I tensorflow/stream_executor/platform/default/dso_loader.cc:49] Successfully opened dynamic library libcudnn.so.8
2021-08-22 19:59:49.437847: I tensorflow/core/common_runtime/gpu/gpu_device.cc:1862] Adding visible gpu devices: 0
2021-08-22 19:59:49.442633: I tensorflow/core/platform/cpu_feature_guard.cc:142] This TensorFlow binary is optimized with oneAPI Deep Neural Network Library (oneDNN) to use the following CPU instructions in performance-critical operations:  AVX2 FMA
To enable them in other operations, rebuild TensorFlow with the appropriate compiler flags.
2021-08-22 19:59:49.443048: I tensorflow/compiler/jit/xla_gpu_device.cc:99] Not creating XLA devices, tf_xla_enable_xla_devices not set
2021-08-22 19:59:49.444161: I tensorflow/core/common_runtime/gpu/gpu_device.cc:1720] Found device 0 with properties: 
pciBusID: 0000:03:00.0 name: Tesla P100-PCIE-12GB computeCapability: 6.0
coreClock: 1.3285GHz coreCount: 56 deviceMemorySize: 11.91GiB deviceMemoryBandwidth: 511.41GiB/s
2021-08-22 19:59:49.444281: I tensorflow/stream_executor/platform/default/dso_loader.cc:49] Successfully opened dynamic library libcudart.so.11.0
2021-08-22 19:59:49.444383: I tensorflow/stream_executor/platform/default/dso_loader.cc:49] Successfully opened dynamic library libcublas.so.11
2021-08-22 19:59:49.444480: I tensorflow/stream_executor/platform/default/dso_loader.cc:49] Successfully opened dynamic library libcublasLt.so.11
2021-08-22 19:59:49.444577: I tensorflow/stream_executor/platform/default/dso_loader.cc:49] Successfully opened dynamic library libcufft.so.10
2021-08-22 19:59:49.444675: I tensorflow/stream_executor/platform/default/dso_loader.cc:49] Successfully opened dynamic library libcurand.so.10
2021-08-22 19:59:49.444770: I tensorflow/stream_executor/platform/default/dso_loader.cc:49] Successfully opened dynamic library libcusolver.so.10
2021-08-22 19:59:49.444876: I tensorflow/stream_executor/platform/default/dso_loader.cc:49] Successfully opened dynamic library libcusparse.so.11
2021-08-22 19:59:49.444972: I tensorflow/stream_executor/platform/default/dso_loader.cc:49] Successfully opened dynamic library libcudnn.so.8
2021-08-22 19:59:49.446925: I tensorflow/core/common_runtime/gpu/gpu_device.cc:1862] Adding visible gpu devices: 0
2021-08-22 19:59:49.447058: I tensorflow/stream_executor/platform/default/dso_loader.cc:49] Successfully opened dynamic library libcudart.so.11.0
2021-08-22 19:59:50.925453: I tensorflow/core/common_runtime/gpu/gpu_device.cc:1261] Device interconnect StreamExecutor with strength 1 edge matrix:
2021-08-22 19:59:50.925661: I tensorflow/core/common_runtime/gpu/gpu_device.cc:1267]      0 
2021-08-22 19:59:50.925812: I tensorflow/core/common_runtime/gpu/gpu_device.cc:1280] 0:   N 
2021-08-22 19:59:50.934119: I tensorflow/core/common_runtime/gpu/gpu_device.cc:1406] Created TensorFlow device (/job:localhost/replica:0/task:0/device:GPU:0 with 11119 MB memory) -> physical GPU (device: 0, name: Tesla P100-PCIE-12GB, pci bus id: 0000:03:00.0, compute capability: 6.0)
2021-08-22 20:00:05.969840: I tensorflow/compiler/mlir/mlir_graph_optimization_pass.cc:116] None of the MLIR optimization passes are enabled (registered 2)
2021-08-22 20:00:05.973759: I tensorflow/core/platform/profile_utils/cpu_utils.cc:112] CPU Frequency: 2200215000 Hz
2021-08-22 20:00:06.066051: I tensorflow/stream_executor/platform/default/dso_loader.cc:49] Successfully opened dynamic library libcublas.so.11
2021-08-22 20:00:06.483723: I tensorflow/stream_executor/platform/default/dso_loader.cc:49] Successfully opened dynamic library libcublasLt.so.11
2021-08-22 20:00:06.492975: I tensorflow/stream_executor/platform/default/dso_loader.cc:49] Successfully opened dynamic library libcudnn.so.8
2021-08-22 20:00:08.606659: W tensorflow/stream_executor/gpu/asm_compiler.cc:63] Running ptxas --version returned 256
2021-08-22 20:00:08.975628: W tensorflow/stream_executor/gpu/redzone_allocator.cc:314] Internal: ptxas exited with non-zero error code 256, output: 
Relying on driver to perform ptx compilation. 
Modify $PATH to customize ptxas location.
This message will be only logged once.
OverlapMutator started.
OverlapMutator finished.
Training round: 1		accuracy = 0.637971043586731
Training round: 2		accuracy = 0.48898550868034363
Training round: 3		accuracy = 0.5295652151107788
Training round: 4		accuracy = 0.5423188209533691
Training round: 5		accuracy = 0.5602898597717285
Training round: 6		accuracy = 0.5400000214576721
Training round: 7		accuracy = 0.5376811623573303
Training round: 8		accuracy = 0.5507246255874634
Training round: 9		accuracy = 0.5594202876091003
Training round: 10		accuracy = 0.5965217351913452
Training round: 11		accuracy = 0.634782612323761
Training round: 12		accuracy = 0.5884057879447937
Training round: 13		accuracy = 0.56840580701828
Training round: 14		accuracy = 0.5591304302215576
Training round: 15		accuracy = 0.5808695554733276
Training round: 16		accuracy = 0.5585507154464722
Training round: 17		accuracy = 0.5831884145736694
Training round: 18		accuracy = 0.5791304111480713
Training round: 19		accuracy = 0.5727536082267761
Training round: 20		accuracy = 0.5811594128608704
Training round: 21		accuracy = 0.5982608795166016
Training round: 22		accuracy = 0.6078261137008667
Training round: 23		accuracy = 0.61507248878479
Training round: 24		accuracy = 0.5889855027198792
Training round: 25		accuracy = 0.6049275398254395
Training round: 26		accuracy = 0.5736231803894043
Training round: 27		accuracy = 0.6376811861991882
Training round: 28		accuracy = 0.6246376633644104
Training round: 29		accuracy = 0.6228985786437988
Training round: 30		accuracy = 0.601159393787384
Training round: 31		accuracy = 0.6171014308929443
Training round: 32		accuracy = 0.6336231827735901
Training round: 33		accuracy = 0.6182608604431152
Training round: 34		accuracy = 0.6344927549362183
Training round: 35		accuracy = 0.61507248878479
Training round: 36		accuracy = 0.6269565224647522
Training round: 37		accuracy = 0.6246376633644104
Training round: 38		accuracy = 0.6431884169578552
Training round: 39		accuracy = 0.6492753624916077
Training round: 40		accuracy = 0.6281159520149231
Training round: 41		accuracy = 0.6655072569847107
Training round: 42		accuracy = 0.6576811671257019
Training round: 43		accuracy = 0.6927536129951477
Training round: 44		accuracy = 0.692463755607605
Training round: 45		accuracy = 0.6776811480522156
Training round: 46		accuracy = 0.6907246112823486
Training round: 47		accuracy = 0.6808695793151855
Training round: 48		accuracy = 0.6866666674613953
Training round: 49		accuracy = 0.6863768100738525
Training round: 50		accuracy = 0.6884058117866516
Training round: 51		accuracy = 0.6788405776023865
Training round: 52		accuracy = 0.6898550987243652
Training round: 53		accuracy = 0.7028985619544983
Training round: 54		accuracy = 0.7101449370384216
Training round: 55		accuracy = 0.7028985619544983
Training round: 56		accuracy = 0.6817391514778137
Training round: 57		accuracy = 0.6675362586975098
Training round: 58		accuracy = 0.7020289897918701
Training round: 59		accuracy = 0.7113043665885925
Training round: 60		accuracy = 0.7034782767295837
Training round: 61		accuracy = 0.7060869336128235
Training round: 62		accuracy = 0.699999988079071
Training round: 63		accuracy = 0.7037681341171265
Training round: 64		accuracy = 0.6953623294830322
Training round: 65		accuracy = 0.7089855074882507
Training round: 66		accuracy = 0.7069565057754517
Training round: 67		accuracy = 0.7168115973472595
Training round: 68		accuracy = 0.7240579724311829
Training round: 69		accuracy = 0.711884081363678
Training round: 70		accuracy = 0.705507218837738
Training round: 71		accuracy = 0.7063767910003662
Training round: 72		accuracy = 0.7072463631629944
Training round: 73		accuracy = 0.7066666483879089
Training round: 74		accuracy = 0.7104347944259644
Training round: 75		accuracy = 0.7150724530220032
Training round: 76		accuracy = 0.7101449370384216
Training round: 77		accuracy = 0.7075362205505371
Training round: 78		accuracy = 0.7205796837806702
Training round: 79		accuracy = 0.7153623104095459
Training round: 80		accuracy = 0.7139130234718323
Training round: 81		accuracy = 0.7136231660842896
Training round: 82		accuracy = 0.7110145092010498
Training round: 83		accuracy = 0.7078260779380798
Training round: 84		accuracy = 0.7095652222633362
Training round: 85		accuracy = 0.7133333086967468
Training round: 86		accuracy = 0.7084057927131653
Training round: 87		accuracy = 0.7089855074882507
Training round: 88		accuracy = 0.7182608842849731
Training round: 89		accuracy = 0.7246376872062683
Training round: 90		accuracy = 0.722898542881012
Training round: 91		accuracy = 0.733623206615448
Training round: 92		accuracy = 0.7286956310272217
Training round: 93		accuracy = 0.7246376872062683
Training round: 94		accuracy = 0.7150724530220032
Training round: 95		accuracy = 0.7342029213905334
Training round: 96		accuracy = 0.7350724935531616
Training round: 97		accuracy = 0.7237681150436401
Training round: 98		accuracy = 0.7257971167564392
Training round: 99		accuracy = 0.7220289707183838
Training round: 100		accuracy = 0.7298550605773926
Training duration 9537.244329929352
