2021-08-12 23:10:37.507736: I tensorflow/stream_executor/platform/default/dso_loader.cc:49] Successfully opened dynamic library libcudart.so.11.0
2021-08-12 23:10:44.541720: I tensorflow/compiler/jit/xla_cpu_device.cc:41] Not creating XLA devices, tf_xla_enable_xla_devices not set
2021-08-12 23:10:44.550542: I tensorflow/stream_executor/platform/default/dso_loader.cc:49] Successfully opened dynamic library libcuda.so.1
2021-08-12 23:10:44.584939: I tensorflow/core/common_runtime/gpu/gpu_device.cc:1720] Found device 0 with properties: 
pciBusID: 0000:03:00.0 name: Tesla P100-PCIE-12GB computeCapability: 6.0
coreClock: 1.3285GHz coreCount: 56 deviceMemorySize: 11.91GiB deviceMemoryBandwidth: 511.41GiB/s
2021-08-12 23:10:44.585384: I tensorflow/stream_executor/platform/default/dso_loader.cc:49] Successfully opened dynamic library libcudart.so.11.0
2021-08-12 23:10:44.595232: I tensorflow/stream_executor/platform/default/dso_loader.cc:49] Successfully opened dynamic library libcublas.so.11
2021-08-12 23:10:44.595403: I tensorflow/stream_executor/platform/default/dso_loader.cc:49] Successfully opened dynamic library libcublasLt.so.11
2021-08-12 23:10:44.600299: I tensorflow/stream_executor/platform/default/dso_loader.cc:49] Successfully opened dynamic library libcufft.so.10
2021-08-12 23:10:44.602667: I tensorflow/stream_executor/platform/default/dso_loader.cc:49] Successfully opened dynamic library libcurand.so.10
2021-08-12 23:10:44.611329: I tensorflow/stream_executor/platform/default/dso_loader.cc:49] Successfully opened dynamic library libcusolver.so.10
2021-08-12 23:10:44.613810: I tensorflow/stream_executor/platform/default/dso_loader.cc:49] Successfully opened dynamic library libcusparse.so.11
2021-08-12 23:10:44.614515: I tensorflow/stream_executor/platform/default/dso_loader.cc:49] Successfully opened dynamic library libcudnn.so.8
2021-08-12 23:10:44.617876: I tensorflow/core/common_runtime/gpu/gpu_device.cc:1862] Adding visible gpu devices: 0
2021-08-12 23:10:44.621919: I tensorflow/core/platform/cpu_feature_guard.cc:142] This TensorFlow binary is optimized with oneAPI Deep Neural Network Library (oneDNN) to use the following CPU instructions in performance-critical operations:  AVX2 FMA
To enable them in other operations, rebuild TensorFlow with the appropriate compiler flags.
2021-08-12 23:10:44.622612: I tensorflow/compiler/jit/xla_gpu_device.cc:99] Not creating XLA devices, tf_xla_enable_xla_devices not set
2021-08-12 23:10:44.624691: I tensorflow/core/common_runtime/gpu/gpu_device.cc:1720] Found device 0 with properties: 
pciBusID: 0000:03:00.0 name: Tesla P100-PCIE-12GB computeCapability: 6.0
coreClock: 1.3285GHz coreCount: 56 deviceMemorySize: 11.91GiB deviceMemoryBandwidth: 511.41GiB/s
2021-08-12 23:10:44.624856: I tensorflow/stream_executor/platform/default/dso_loader.cc:49] Successfully opened dynamic library libcudart.so.11.0
2021-08-12 23:10:44.624949: I tensorflow/stream_executor/platform/default/dso_loader.cc:49] Successfully opened dynamic library libcublas.so.11
2021-08-12 23:10:44.625027: I tensorflow/stream_executor/platform/default/dso_loader.cc:49] Successfully opened dynamic library libcublasLt.so.11
2021-08-12 23:10:44.625103: I tensorflow/stream_executor/platform/default/dso_loader.cc:49] Successfully opened dynamic library libcufft.so.10
2021-08-12 23:10:44.625180: I tensorflow/stream_executor/platform/default/dso_loader.cc:49] Successfully opened dynamic library libcurand.so.10
2021-08-12 23:10:44.625257: I tensorflow/stream_executor/platform/default/dso_loader.cc:49] Successfully opened dynamic library libcusolver.so.10
2021-08-12 23:10:44.625331: I tensorflow/stream_executor/platform/default/dso_loader.cc:49] Successfully opened dynamic library libcusparse.so.11
2021-08-12 23:10:44.625406: I tensorflow/stream_executor/platform/default/dso_loader.cc:49] Successfully opened dynamic library libcudnn.so.8
2021-08-12 23:10:44.628924: I tensorflow/core/common_runtime/gpu/gpu_device.cc:1862] Adding visible gpu devices: 0
2021-08-12 23:10:44.629128: I tensorflow/stream_executor/platform/default/dso_loader.cc:49] Successfully opened dynamic library libcudart.so.11.0
2021-08-12 23:10:45.856325: I tensorflow/core/common_runtime/gpu/gpu_device.cc:1261] Device interconnect StreamExecutor with strength 1 edge matrix:
2021-08-12 23:10:45.856520: I tensorflow/core/common_runtime/gpu/gpu_device.cc:1267]      0 
2021-08-12 23:10:45.856579: I tensorflow/core/common_runtime/gpu/gpu_device.cc:1280] 0:   N 
2021-08-12 23:10:45.862155: I tensorflow/core/common_runtime/gpu/gpu_device.cc:1406] Created TensorFlow device (/job:localhost/replica:0/task:0/device:GPU:0 with 11119 MB memory) -> physical GPU (device: 0, name: Tesla P100-PCIE-12GB, pci bus id: 0000:03:00.0, compute capability: 6.0)
2021-08-12 23:10:46.481425: I tensorflow/compiler/mlir/mlir_graph_optimization_pass.cc:116] None of the MLIR optimization passes are enabled (registered 2)
2021-08-12 23:10:46.482335: I tensorflow/core/platform/profile_utils/cpu_utils.cc:112] CPU Frequency: 2199980000 Hz
2021-08-12 23:10:47.086102: I tensorflow/stream_executor/platform/default/dso_loader.cc:49] Successfully opened dynamic library libcublas.so.11
2021-08-12 23:10:47.456195: I tensorflow/stream_executor/platform/default/dso_loader.cc:49] Successfully opened dynamic library libcublasLt.so.11
2021-08-12 23:10:47.458850: I tensorflow/stream_executor/platform/default/dso_loader.cc:49] Successfully opened dynamic library libcudnn.so.8
2021-08-12 23:10:49.074930: W tensorflow/stream_executor/gpu/asm_compiler.cc:63] Running ptxas --version returned 256
2021-08-12 23:10:49.118486: W tensorflow/stream_executor/gpu/redzone_allocator.cc:314] Internal: ptxas exited with non-zero error code 256, output: 
Relying on driver to perform ptx compilation. 
Modify $PATH to customize ptxas location.
This message will be only logged once.
LabelAttacker started.
LabelAttacker finished.
Training round: 1		accuracy = 0.10769999772310257
Training round: 2		accuracy = 0.10109999775886536
Training round: 3		accuracy = 0.10249999910593033
Training round: 4		accuracy = 0.10000000149011612
Training round: 5		accuracy = 0.10000000149011612
Training round: 6		accuracy = 0.13030000030994415
Training round: 7		accuracy = 0.10930000245571136
Training round: 8		accuracy = 0.1459999978542328
Training round: 9		accuracy = 0.16050000488758087
Training round: 10		accuracy = 0.10360000282526016
Training round: 11		accuracy = 0.10289999842643738
Training round: 12		accuracy = 0.15469999611377716
Training round: 13		accuracy = 0.19339999556541443
Training round: 14		accuracy = 0.15970000624656677
Training round: 15		accuracy = 0.17820000648498535
Training round: 16		accuracy = 0.17149999737739563
Training round: 17		accuracy = 0.15469999611377716
Training round: 18		accuracy = 0.2037999927997589
Training round: 19		accuracy = 0.1632000058889389
Training round: 20		accuracy = 0.15559999644756317
Training round: 21		accuracy = 0.14429999887943268
Training round: 22		accuracy = 0.1185000017285347
Training round: 23		accuracy = 0.10409999638795853
Training round: 24		accuracy = 0.1598999947309494
Training round: 25		accuracy = 0.1793999969959259
Training round: 26		accuracy = 0.2102999985218048
Training round: 27		accuracy = 0.13330000638961792
Training round: 28		accuracy = 0.15399999916553497
Training round: 29		accuracy = 0.16930000483989716
Training round: 30		accuracy = 0.14830000698566437
Training round: 31		accuracy = 0.18960000574588776
Training round: 32		accuracy = 0.17000000178813934
Training round: 33		accuracy = 0.2199999988079071
Training round: 34		accuracy = 0.1720000058412552
Training round: 35		accuracy = 0.1444000005722046
Training round: 36		accuracy = 0.07720000296831131
Training round: 37		accuracy = 0.15790000557899475
Training round: 38		accuracy = 0.14990000426769257
Training round: 39		accuracy = 0.20479999482631683
Training round: 40		accuracy = 0.1517000049352646
Training round: 41		accuracy = 0.17080000042915344
Training round: 42		accuracy = 0.1914999932050705
Training round: 43		accuracy = 0.1745000034570694
Training round: 44		accuracy = 0.13989999890327454
Training round: 45		accuracy = 0.21320000290870667
Training round: 46		accuracy = 0.24609999358654022
Training round: 47		accuracy = 0.20069999992847443
Training round: 48		accuracy = 0.2451999932527542
Training round: 49		accuracy = 0.2930000126361847
Training round: 50		accuracy = 0.15209999680519104
Training round: 51		accuracy = 0.14730000495910645
Training round: 52		accuracy = 0.26269999146461487
Training round: 53		accuracy = 0.2134000062942505
Training round: 54		accuracy = 0.19470000267028809
Training round: 55		accuracy = 0.2865999937057495
Training round: 56		accuracy = 0.21580000221729279
Training round: 57		accuracy = 0.2020999938249588
Training round: 58		accuracy = 0.16140000522136688
Training round: 59		accuracy = 0.2533000111579895
Training round: 60		accuracy = 0.25200000405311584
Training round: 61		accuracy = 0.2280000001192093
Training round: 62		accuracy = 0.29429998993873596
Training round: 63		accuracy = 0.20999999344348907
Training round: 64		accuracy = 0.22630000114440918
Training round: 65		accuracy = 0.28049999475479126
Training round: 66		accuracy = 0.12039999663829803
Training round: 67		accuracy = 0.25870001316070557
Training round: 68		accuracy = 0.22130000591278076
Training round: 69		accuracy = 0.18610000610351562
Training round: 70		accuracy = 0.16030000150203705
Training round: 71		accuracy = 0.3066999912261963
Training round: 72		accuracy = 0.17440000176429749
Training round: 73		accuracy = 0.23420000076293945
Training round: 74		accuracy = 0.16769999265670776
Training round: 75		accuracy = 0.2549000084400177
Training round: 76		accuracy = 0.27079999446868896
Training round: 77		accuracy = 0.2793000042438507
Training round: 78		accuracy = 0.26910001039505005
Training round: 79		accuracy = 0.2827000021934509
Training round: 80		accuracy = 0.24089999496936798
Training round: 81		accuracy = 0.23340000212192535
Training round: 82		accuracy = 0.23729999363422394
Training round: 83		accuracy = 0.20960000157356262
Training round: 84		accuracy = 0.2484000027179718
Training round: 85		accuracy = 0.21549999713897705
Training round: 86		accuracy = 0.2897000014781952
Training round: 87		accuracy = 0.17229999601840973
Training round: 88		accuracy = 0.2718000113964081
Training round: 89		accuracy = 0.28060001134872437
Training round: 90		accuracy = 0.28349998593330383
Training round: 91		accuracy = 0.23600000143051147
Training round: 92		accuracy = 0.2054000049829483
Training round: 93		accuracy = 0.1331000030040741
Training round: 94		accuracy = 0.18569999933242798
Training round: 95		accuracy = 0.23469999432563782
Training round: 96		accuracy = 0.2281000018119812
Training round: 97		accuracy = 0.195700004696846
Training round: 98		accuracy = 0.2467000037431717
Training round: 99		accuracy = 0.20720000565052032
Training round: 100		accuracy = 0.28040000796318054
Training round: 101		accuracy = 0.2085999995470047
Training round: 102		accuracy = 0.22210000455379486
Training round: 103		accuracy = 0.23559999465942383
Training round: 104		accuracy = 0.2888999879360199
Training round: 105		accuracy = 0.25690001249313354
Training round: 106		accuracy = 0.2937000095844269
Training round: 107		accuracy = 0.148499995470047
Training round: 108		accuracy = 0.2648000121116638
Training round: 109		accuracy = 0.13899999856948853
Training round: 110		accuracy = 0.3125999867916107
Training round: 111		accuracy = 0.3450999855995178
Training round: 112		accuracy = 0.23559999465942383
Training round: 113		accuracy = 0.2329999953508377
Training round: 114		accuracy = 0.2912999987602234
Training round: 115		accuracy = 0.34130001068115234
Training round: 116		accuracy = 0.20329999923706055
Training round: 117		accuracy = 0.2565000057220459
Training round: 118		accuracy = 0.24879999458789825
Training round: 119		accuracy = 0.36309999227523804
Training round: 120		accuracy = 0.28349998593330383
Training round: 121		accuracy = 0.17749999463558197
Training round: 122		accuracy = 0.35899999737739563
Training round: 123		accuracy = 0.2906000018119812
Training round: 124		accuracy = 0.29919999837875366
Training round: 125		accuracy = 0.25049999356269836
Training round: 126		accuracy = 0.29350000619888306
Training round: 127		accuracy = 0.21570000052452087
Training round: 128		accuracy = 0.2459000051021576
Training round: 129		accuracy = 0.33399999141693115
Training round: 130		accuracy = 0.2939999997615814
Training round: 131		accuracy = 0.31220000982284546
Training round: 132		accuracy = 0.3434000015258789
Training round: 133		accuracy = 0.219200000166893
Training round: 134		accuracy = 0.3467999994754791
Training round: 135		accuracy = 0.22210000455379486
Training round: 136		accuracy = 0.3630000054836273
Training round: 137		accuracy = 0.34769999980926514
Training round: 138		accuracy = 0.2632000148296356
Training round: 139		accuracy = 0.34549999237060547
Training round: 140		accuracy = 0.23270000517368317
Training round: 141		accuracy = 0.35350000858306885
Training round: 142		accuracy = 0.3138999938964844
Training round: 143		accuracy = 0.19480000436306
Training round: 144		accuracy = 0.19259999692440033
Training round: 145		accuracy = 0.3391999900341034
Training round: 146		accuracy = 0.2935999929904938
Training round: 147		accuracy = 0.19020000100135803
Training round: 148		accuracy = 0.17059999704360962
Training round: 149		accuracy = 0.15080000460147858
Training round: 150		accuracy = 0.15639999508857727
Training round: 151		accuracy = 0.2635999917984009
Training round: 152		accuracy = 0.314300000667572
Training round: 153		accuracy = 0.27149999141693115
Training round: 154		accuracy = 0.29030001163482666
Training round: 155		accuracy = 0.4099999964237213
Training round: 156		accuracy = 0.26030001044273376
Training round: 157		accuracy = 0.3206000030040741
Training round: 158		accuracy = 0.30720001459121704
Training round: 159		accuracy = 0.1784999966621399
Training round: 160		accuracy = 0.23019999265670776
Training round: 161		accuracy = 0.3488999903202057
Training round: 162		accuracy = 0.19740000367164612
Training round: 163		accuracy = 0.15139999985694885
Training round: 164		accuracy = 0.16910000145435333
Training round: 165		accuracy = 0.17810000479221344
Training round: 166		accuracy = 0.14630000293254852
Training round: 167		accuracy = 0.3610999882221222
Training round: 168		accuracy = 0.17270000278949738
Training round: 169		accuracy = 0.2599000036716461
Training round: 170		accuracy = 0.37720000743865967
Training round: 171		accuracy = 0.3578000068664551
Training round: 172		accuracy = 0.260699987411499
Training round: 173		accuracy = 0.17329999804496765
Training round: 174		accuracy = 0.1606999933719635
Training round: 175		accuracy = 0.32199999690055847
Training round: 176		accuracy = 0.34130001068115234
Training round: 177		accuracy = 0.24529999494552612
Training round: 178		accuracy = 0.22709999978542328
Training round: 179		accuracy = 0.3822000026702881
Training round: 180		accuracy = 0.27160000801086426
Training round: 181		accuracy = 0.2502000033855438
Training round: 182		accuracy = 0.32580000162124634
Training round: 183		accuracy = 0.3901999890804291
Training round: 184		accuracy = 0.20990000665187836
Training round: 185		accuracy = 0.21050000190734863
Training round: 186		accuracy = 0.4065000116825104
Training round: 187		accuracy = 0.3711000084877014
Training round: 188		accuracy = 0.29109999537467957
Training round: 189		accuracy = 0.3222000002861023
Training round: 190		accuracy = 0.22310000658035278
Training round: 191		accuracy = 0.23250000178813934
Training round: 192		accuracy = 0.3587999939918518
Training round: 193		accuracy = 0.2630999982357025
Training round: 194		accuracy = 0.3400999903678894
Training round: 195		accuracy = 0.4512999951839447
Training round: 196		accuracy = 0.36489999294281006
Training round: 197		accuracy = 0.41190001368522644
Training round: 198		accuracy = 0.3763999938964844
Training round: 199		accuracy = 0.22059999406337738
Training round: 200		accuracy = 0.2919999957084656
Training round: 201		accuracy = 0.3815999925136566
Training round: 202		accuracy = 0.3287999927997589
Training round: 203		accuracy = 0.321399986743927
Training round: 204		accuracy = 0.19869999587535858
Training round: 205		accuracy = 0.21359999477863312
Training round: 206		accuracy = 0.3449000120162964
Training round: 207		accuracy = 0.17479999363422394
Training round: 208		accuracy = 0.38670000433921814
Training round: 209		accuracy = 0.2720000147819519
Training round: 210		accuracy = 0.1800999939441681
Training round: 211		accuracy = 0.40560001134872437
Training round: 212		accuracy = 0.2395000010728836
Training round: 213		accuracy = 0.26420000195503235
Training round: 214		accuracy = 0.21410000324249268
Training round: 215		accuracy = 0.2125999927520752
Training round: 216		accuracy = 0.27970001101493835
Training round: 217		accuracy = 0.3061999976634979
Training round: 218		accuracy = 0.38530001044273376
Training round: 219		accuracy = 0.20520000159740448
Training round: 220		accuracy = 0.15199999511241913
Training round: 221		accuracy = 0.21130000054836273
Training round: 222		accuracy = 0.20630000531673431
Training round: 223		accuracy = 0.1662999987602234
Training round: 224		accuracy = 0.34869998693466187
Training round: 225		accuracy = 0.3140000104904175
Training round: 226		accuracy = 0.24959999322891235
Training round: 227		accuracy = 0.17569999396800995
Training round: 228		accuracy = 0.3434999883174896
Training round: 229		accuracy = 0.3935999870300293
Training round: 230		accuracy = 0.39070001244544983
Training round: 231		accuracy = 0.2987000048160553
Training round: 232		accuracy = 0.33230000734329224
Training round: 233		accuracy = 0.33379998803138733
Training round: 234		accuracy = 0.33730000257492065
Training round: 235		accuracy = 0.3828999996185303
Training round: 236		accuracy = 0.19370000064373016
Training round: 237		accuracy = 0.3538999855518341
Training round: 238		accuracy = 0.3781999945640564
Training round: 239		accuracy = 0.28949999809265137
Training round: 240		accuracy = 0.30300000309944153
Training round: 241		accuracy = 0.2467000037431717
Training round: 242		accuracy = 0.25839999318122864
Training round: 243		accuracy = 0.31690001487731934
Training round: 244		accuracy = 0.3093000054359436
Training round: 245		accuracy = 0.24809999763965607
Training round: 246		accuracy = 0.28529998660087585
Training round: 247		accuracy = 0.17319999635219574
Training round: 248		accuracy = 0.2644999921321869
Training round: 249		accuracy = 0.35199999809265137
Training round: 250		accuracy = 0.22660000622272491
Training round: 251		accuracy = 0.21889999508857727
Training round: 252		accuracy = 0.18649999797344208
Training round: 253		accuracy = 0.2653000056743622
Training round: 254		accuracy = 0.34529998898506165
Training round: 255		accuracy = 0.3287000060081482
Training round: 256		accuracy = 0.36320000886917114
Training round: 257		accuracy = 0.16820000112056732
Training round: 258		accuracy = 0.4041999876499176
Training round: 259		accuracy = 0.1882999986410141
Training round: 260		accuracy = 0.4375
Training round: 261		accuracy = 0.3880999982357025
Training round: 262		accuracy = 0.1501999944448471
Training round: 263		accuracy = 0.1477999985218048
Training round: 264		accuracy = 0.2401999980211258
Training round: 265		accuracy = 0.29820001125335693
Training round: 266		accuracy = 0.15680000185966492
Training round: 267		accuracy = 0.17790000140666962
Training round: 268		accuracy = 0.27070000767707825
Training round: 269		accuracy = 0.16830000281333923
Training round: 270		accuracy = 0.3944999873638153
Training round: 271		accuracy = 0.38589999079704285
Training round: 272		accuracy = 0.4092999994754791
Training round: 273		accuracy = 0.4221999943256378
Training round: 274		accuracy = 0.28369998931884766
Training round: 275		accuracy = 0.34869998693466187
Training round: 276		accuracy = 0.3912000060081482
Training round: 277		accuracy = 0.3499000072479248
Training round: 278		accuracy = 0.35989999771118164
Training round: 279		accuracy = 0.42239999771118164
Training round: 280		accuracy = 0.3686999976634979
Training round: 281		accuracy = 0.361299991607666
Training round: 282		accuracy = 0.21889999508857727
Training round: 283		accuracy = 0.36719998717308044
Training round: 284		accuracy = 0.2833000123500824
Training round: 285		accuracy = 0.2752000093460083
Training round: 286		accuracy = 0.3427000045776367
Training round: 287		accuracy = 0.21610000729560852
Training round: 288		accuracy = 0.36320000886917114
Training round: 289		accuracy = 0.3091999888420105
Training round: 290		accuracy = 0.3497999906539917
Training round: 291		accuracy = 0.16769999265670776
Training round: 292		accuracy = 0.22759999334812164
Training round: 293		accuracy = 0.17810000479221344
Training round: 294		accuracy = 0.38839998841285706
Training round: 295		accuracy = 0.2529999911785126
Training round: 296		accuracy = 0.2720000147819519
Training round: 297		accuracy = 0.34139999747276306
Training round: 298		accuracy = 0.4262999892234802
Training round: 299		accuracy = 0.211899995803833
Training round: 300		accuracy = 0.3416000008583069
Training round: 301		accuracy = 0.22699999809265137
Training round: 302		accuracy = 0.3637999892234802
Training round: 303		accuracy = 0.23589999973773956
Training round: 304		accuracy = 0.2824999988079071
Training round: 305		accuracy = 0.2782000005245209
Training round: 306		accuracy = 0.3596000075340271
Training round: 307		accuracy = 0.22120000422000885
Training round: 308		accuracy = 0.4081000089645386
Training round: 309		accuracy = 0.38519999384880066
Training round: 310		accuracy = 0.2671999931335449
Training round: 311		accuracy = 0.30379998683929443
Training round: 312		accuracy = 0.24779999256134033
Training round: 313		accuracy = 0.15690000355243683
Training round: 314		accuracy = 0.17110000550746918
Training round: 315		accuracy = 0.24729999899864197
Training round: 316		accuracy = 0.37139999866485596
Training round: 317		accuracy = 0.3034000098705292
Training round: 318		accuracy = 0.288100004196167
Training round: 319		accuracy = 0.2989000082015991
Training round: 320		accuracy = 0.48080000281333923
Training round: 321		accuracy = 0.22300000488758087
Training round: 322		accuracy = 0.3898000121116638
Training round: 323		accuracy = 0.22849999368190765
Training round: 324		accuracy = 0.251800000667572
Training round: 325		accuracy = 0.2687999904155731
Training round: 326		accuracy = 0.2831000089645386
Training round: 327		accuracy = 0.14180000126361847
Training round: 328		accuracy = 0.2623000144958496
Training round: 329		accuracy = 0.3695000112056732
Training round: 330		accuracy = 0.21330000460147858
Training round: 331		accuracy = 0.16779999434947968
Training round: 332		accuracy = 0.2906999886035919
Training round: 333		accuracy = 0.29319998621940613
Training round: 334		accuracy = 0.25679999589920044
Training round: 335		accuracy = 0.36570000648498535
Training round: 336		accuracy = 0.1873999983072281
Training round: 337		accuracy = 0.31779998540878296
Training round: 338		accuracy = 0.40310001373291016
Training round: 339		accuracy = 0.35580000281333923
Training round: 340		accuracy = 0.25290000438690186
Training round: 341		accuracy = 0.3305000066757202
Training round: 342		accuracy = 0.14730000495910645
Training round: 343		accuracy = 0.38989999890327454
Training round: 344		accuracy = 0.29670000076293945
Training round: 345		accuracy = 0.3416000008583069
Training round: 346		accuracy = 0.17679999768733978
Training round: 347		accuracy = 0.1632000058889389
Training round: 348		accuracy = 0.21940000355243683
Training round: 349		accuracy = 0.3046000003814697
Training round: 350		accuracy = 0.30480000376701355
Training round: 351		accuracy = 0.4047999978065491
Training round: 352		accuracy = 0.3495999872684479
Training round: 353		accuracy = 0.25870001316070557
Training round: 354		accuracy = 0.26249998807907104
Training round: 355		accuracy = 0.3330000042915344
Training round: 356		accuracy = 0.2912999987602234
Training round: 357		accuracy = 0.29179999232292175
Training round: 358		accuracy = 0.2542000114917755
Training round: 359		accuracy = 0.3260999917984009
Training round: 360		accuracy = 0.3034000098705292
Training round: 361		accuracy = 0.30230000615119934
Training round: 362		accuracy = 0.22709999978542328
Training round: 363		accuracy = 0.325300008058548
Training round: 364		accuracy = 0.2021999955177307
Training round: 365		accuracy = 0.36649999022483826
Training round: 366		accuracy = 0.24240000545978546
Training round: 367		accuracy = 0.39579999446868896
Training round: 368		accuracy = 0.18440000712871552
Training round: 369		accuracy = 0.3707999885082245
Training round: 370		accuracy = 0.2766999900341034
Training round: 371		accuracy = 0.3758000135421753
Training round: 372		accuracy = 0.2583000063896179
Training round: 373		accuracy = 0.4129999876022339
Training round: 374		accuracy = 0.265500009059906
Training round: 375		accuracy = 0.1655000001192093
Training round: 376		accuracy = 0.3889000117778778
Training round: 377		accuracy = 0.29980000853538513
Training round: 378		accuracy = 0.40299999713897705
Training round: 379		accuracy = 0.34450000524520874
Training round: 380		accuracy = 0.2363000065088272
Training round: 381		accuracy = 0.29989999532699585
Training round: 382		accuracy = 0.17069999873638153
Training round: 383		accuracy = 0.18170000612735748
Training round: 384		accuracy = 0.2680000066757202
Training round: 385		accuracy = 0.4255000054836273
Training round: 386		accuracy = 0.2702000141143799
Training round: 387		accuracy = 0.4284000098705292
Training round: 388		accuracy = 0.15610000491142273
Training round: 389		accuracy = 0.19030000269412994
Training round: 390		accuracy = 0.4092999994754791
Training round: 391		accuracy = 0.19760000705718994
Training round: 392		accuracy = 0.4284999966621399
Training round: 393		accuracy = 0.23899999260902405
Training round: 394		accuracy = 0.44190001487731934
Training round: 395		accuracy = 0.2825999855995178
Training round: 396		accuracy = 0.36419999599456787
Training round: 397		accuracy = 0.2612000107765198
Training round: 398		accuracy = 0.33250001072883606
Training round: 399		accuracy = 0.3822000026702881
Training round: 400		accuracy = 0.2881999909877777
Training round: 401		accuracy = 0.24940000474452972
Training round: 402		accuracy = 0.31290000677108765
Training round: 403		accuracy = 0.19030000269412994
Training round: 404		accuracy = 0.44359999895095825
Training round: 405		accuracy = 0.3749000132083893
Training round: 406		accuracy = 0.2660999894142151
Training round: 407		accuracy = 0.2994999885559082
Training round: 408		accuracy = 0.36719998717308044
Training round: 409		accuracy = 0.40869998931884766
Training round: 410		accuracy = 0.1981000006198883
Training round: 411		accuracy = 0.32589998841285706
Training round: 412		accuracy = 0.35839998722076416
Training round: 413		accuracy = 0.19769999384880066
Training round: 414		accuracy = 0.3709000051021576
Training round: 415		accuracy = 0.33399999141693115
Training round: 416		accuracy = 0.16130000352859497
Training round: 417		accuracy = 0.15610000491142273
Training round: 418		accuracy = 0.40130001306533813
Training round: 419		accuracy = 0.3939000070095062
Training round: 420		accuracy = 0.23569999635219574
Training round: 421		accuracy = 0.39719998836517334
Training round: 422		accuracy = 0.4546999931335449
Training round: 423		accuracy = 0.4077000021934509
Training round: 424		accuracy = 0.2818000018596649
Training round: 425		accuracy = 0.42739999294281006
Training round: 426		accuracy = 0.4397999942302704
Training round: 427		accuracy = 0.35850000381469727
Training round: 428		accuracy = 0.40799999237060547
Training round: 429		accuracy = 0.34139999747276306
Training round: 430		accuracy = 0.3531999886035919
Training round: 431		accuracy = 0.3398999869823456
Training round: 432		accuracy = 0.31520000100135803
Training round: 433		accuracy = 0.40369999408721924
Training round: 434		accuracy = 0.37059998512268066
Training round: 435		accuracy = 0.4088999927043915
Training round: 436		accuracy = 0.3634999990463257
Training round: 437		accuracy = 0.392300009727478
Training round: 438		accuracy = 0.41019999980926514
Training round: 439		accuracy = 0.2581999897956848
Training round: 440		accuracy = 0.24699999392032623
Training round: 441		accuracy = 0.4194999933242798
Training round: 442		accuracy = 0.3091999888420105
Training round: 443		accuracy = 0.27970001101493835
Training round: 444		accuracy = 0.3296000063419342
Training round: 445		accuracy = 0.23659999668598175
Training round: 446		accuracy = 0.35749998688697815
Training round: 447		accuracy = 0.23890000581741333
Training round: 448		accuracy = 0.287200003862381
Training round: 449		accuracy = 0.3490000069141388
Training round: 450		accuracy = 0.2720000147819519
Training round: 451		accuracy = 0.22769999504089355
Training round: 452		accuracy = 0.3183000087738037
Training round: 453		accuracy = 0.3479999899864197
Training round: 454		accuracy = 0.25279998779296875
Training round: 455		accuracy = 0.3391000032424927
Training round: 456		accuracy = 0.30399999022483826
Training round: 457		accuracy = 0.23190000653266907
Training round: 458		accuracy = 0.2012999951839447
Training round: 459		accuracy = 0.21089999377727509
Training round: 460		accuracy = 0.335099995136261
Training round: 461		accuracy = 0.3352000117301941
Training round: 462		accuracy = 0.16380000114440918
Training round: 463		accuracy = 0.20170000195503235
Training round: 464		accuracy = 0.23190000653266907
Training round: 465		accuracy = 0.4000999927520752
Training round: 466		accuracy = 0.32910001277923584
Training round: 467		accuracy = 0.25699999928474426
Training round: 468		accuracy = 0.30320000648498535
Training round: 469		accuracy = 0.2418999969959259
Training round: 470		accuracy = 0.1914999932050705
Training round: 471		accuracy = 0.36399999260902405
Training round: 472		accuracy = 0.26089999079704285
Training round: 473		accuracy = 0.2078000009059906
Training round: 474		accuracy = 0.4269999861717224
Training round: 475		accuracy = 0.1875
Training round: 476		accuracy = 0.23270000517368317
Training round: 477		accuracy = 0.24150000512599945
Training round: 478		accuracy = 0.4219000041484833
Training round: 479		accuracy = 0.36469998955726624
Training round: 480		accuracy = 0.24779999256134033
Training round: 481		accuracy = 0.42559999227523804
Training round: 482		accuracy = 0.34540000557899475
Training round: 483		accuracy = 0.3140000104904175
Training round: 484		accuracy = 0.3138999938964844
Training round: 485		accuracy = 0.3199999928474426
Training round: 486		accuracy = 0.4237000048160553
Training round: 487		accuracy = 0.3837999999523163
Training round: 488		accuracy = 0.26829999685287476
Training round: 489		accuracy = 0.4293999969959259
Training round: 490		accuracy = 0.40450000762939453
Training round: 491		accuracy = 0.367000013589859
Training round: 492		accuracy = 0.36559998989105225
Training round: 493		accuracy = 0.32989999651908875
Training round: 494		accuracy = 0.20880000293254852
Training round: 495		accuracy = 0.2289000004529953
Training round: 496		accuracy = 0.34869998693466187
Training round: 497		accuracy = 0.30550000071525574
Training round: 498		accuracy = 0.18039999902248383
Training round: 499		accuracy = 0.3573000133037567
Training round: 500		accuracy = 0.32120001316070557
Training round: 501		accuracy = 0.3118000030517578
Training round: 502		accuracy = 0.29440000653266907
Training round: 503		accuracy = 0.32710000872612
Training round: 504		accuracy = 0.3772999942302704
Training round: 505		accuracy = 0.40369999408721924
Training round: 506		accuracy = 0.3684000074863434
Training round: 507		accuracy = 0.5006999969482422
Training round: 508		accuracy = 0.3885999917984009
Training round: 509		accuracy = 0.2304999977350235
Training round: 510		accuracy = 0.3684999942779541
Training round: 511		accuracy = 0.4009999930858612
Training round: 512		accuracy = 0.4357999861240387
Training round: 513		accuracy = 0.29120001196861267
Training round: 514		accuracy = 0.18619999289512634
Training round: 515		accuracy = 0.3359000086784363
Training round: 516		accuracy = 0.3578000068664551
Training round: 517		accuracy = 0.21699999272823334
Training round: 518		accuracy = 0.3926999866962433
Training round: 519		accuracy = 0.21559999883174896
Training round: 520		accuracy = 0.18639999628067017
Training round: 521		accuracy = 0.24619999527931213
Training round: 522		accuracy = 0.15189999341964722
Training round: 523		accuracy = 0.3190000057220459
Training round: 524		accuracy = 0.33570000529289246
Training round: 525		accuracy = 0.40799999237060547
Training round: 526		accuracy = 0.44510000944137573
Training round: 527		accuracy = 0.4902999997138977
Training round: 528		accuracy = 0.3894999921321869
Training round: 529		accuracy = 0.4359000027179718
Training round: 530		accuracy = 0.22460000216960907
Training round: 531		accuracy = 0.4645000100135803
Training round: 532		accuracy = 0.289000004529953
Training round: 533		accuracy = 0.22830000519752502
Training round: 534		accuracy = 0.1915999948978424
Training round: 535		accuracy = 0.3325999975204468
Training round: 536		accuracy = 0.4528000056743622
Training round: 537		accuracy = 0.22849999368190765
Training round: 538		accuracy = 0.3359000086784363
Training round: 539		accuracy = 0.22259999811649323
Training round: 540		accuracy = 0.22390000522136688
Training round: 541		accuracy = 0.4156999886035919
Training round: 542		accuracy = 0.3928999900817871
Training round: 543		accuracy = 0.37229999899864197
Training round: 544		accuracy = 0.4007999897003174
Training round: 545		accuracy = 0.41929998993873596
Training round: 546		accuracy = 0.3896999955177307
Training round: 547		accuracy = 0.3476000130176544
Training round: 548		accuracy = 0.3720000088214874
Training round: 549		accuracy = 0.26409998536109924
Training round: 550		accuracy = 0.257099986076355
Training round: 551		accuracy = 0.41600000858306885
Training round: 552		accuracy = 0.3140000104904175
Training round: 553		accuracy = 0.3452000021934509
Training round: 554		accuracy = 0.34880000352859497
Training round: 555		accuracy = 0.3919999897480011
Training round: 556		accuracy = 0.4068000018596649
Training round: 557		accuracy = 0.2662999927997589
Training round: 558		accuracy = 0.29919999837875366
Training round: 559		accuracy = 0.43459999561309814
Training round: 560		accuracy = 0.43560001254081726
Training round: 561		accuracy = 0.43849998712539673
Training round: 562		accuracy = 0.46149998903274536
Training round: 563		accuracy = 0.2678999900817871
Training round: 564		accuracy = 0.2879999876022339
Training round: 565		accuracy = 0.4526999890804291
Training round: 566		accuracy = 0.23360000550746918
Training round: 567		accuracy = 0.3479999899864197
Training round: 568		accuracy = 0.4438999891281128
Training round: 569		accuracy = 0.40790000557899475
Training round: 570		accuracy = 0.3160000145435333
Training round: 571		accuracy = 0.3569999933242798
Training round: 572		accuracy = 0.33230000734329224
Training round: 573		accuracy = 0.38429999351501465
Training round: 574		accuracy = 0.17159999907016754
Training round: 575		accuracy = 0.4027000069618225
Training round: 576		accuracy = 0.4185999929904938
Training round: 577		accuracy = 0.17669999599456787
Training round: 578		accuracy = 0.26179999113082886
Training round: 579		accuracy = 0.44760000705718994
Training round: 580		accuracy = 0.2759999930858612
Training round: 581		accuracy = 0.42080000042915344
Training round: 582		accuracy = 0.4009000062942505
Training round: 583		accuracy = 0.3659999966621399
Training round: 584		accuracy = 0.32179999351501465
Training round: 585		accuracy = 0.22499999403953552
Training round: 586		accuracy = 0.29100000858306885
Training round: 587		accuracy = 0.19280000030994415
Training round: 588		accuracy = 0.19380000233650208
Training round: 589		accuracy = 0.4221000075340271
Training round: 590		accuracy = 0.23469999432563782
Training round: 591		accuracy = 0.16179999709129333
Training round: 592		accuracy = 0.28369998931884766
Training round: 593		accuracy = 0.42829999327659607
Training round: 594		accuracy = 0.4018999934196472
Training round: 595		accuracy = 0.41019999980926514
Training round: 596		accuracy = 0.3573000133037567
Training round: 597		accuracy = 0.44369998574256897
Training round: 598		accuracy = 0.3813000023365021
Training round: 599		accuracy = 0.3700999915599823
Training round: 600		accuracy = 0.33629998564720154
Training round: 601		accuracy = 0.23440000414848328
Training round: 602		accuracy = 0.43070000410079956
Training round: 603		accuracy = 0.3610999882221222
Training round: 604		accuracy = 0.2644999921321869
Training round: 605		accuracy = 0.24070000648498535
Training round: 606		accuracy = 0.3366999924182892
Training round: 607		accuracy = 0.2467000037431717
Training round: 608		accuracy = 0.3955000042915344
Training round: 609		accuracy = 0.3434000015258789
Training round: 610		accuracy = 0.2468000054359436
Training round: 611		accuracy = 0.33399999141693115
Training round: 612		accuracy = 0.3700999915599823
Training round: 613		accuracy = 0.39169999957084656
Training round: 614		accuracy = 0.3165999948978424
Training round: 615		accuracy = 0.4043000042438507
Training round: 616		accuracy = 0.3425999879837036
Training round: 617		accuracy = 0.4309999942779541
Training round: 618		accuracy = 0.3488999903202057
Training round: 619		accuracy = 0.3440999984741211
Training round: 620		accuracy = 0.4607999920845032
Training round: 621		accuracy = 0.46160000562667847
Training round: 622		accuracy = 0.43880000710487366
Training round: 623		accuracy = 0.32679998874664307
Training round: 624		accuracy = 0.26809999346733093
Training round: 625		accuracy = 0.39750000834465027
Training round: 626		accuracy = 0.2752000093460083
Training round: 627		accuracy = 0.3292999863624573
Training round: 628		accuracy = 0.2985000014305115
Training round: 629		accuracy = 0.25270000100135803
Training round: 630		accuracy = 0.22869999706745148
Training round: 631		accuracy = 0.23260000348091125
Training round: 632		accuracy = 0.37279999256134033
Training round: 633		accuracy = 0.400299996137619
Training round: 634		accuracy = 0.29190000891685486
Training round: 635		accuracy = 0.3571000099182129
Training round: 636		accuracy = 0.34869998693466187
Training round: 637		accuracy = 0.2029000073671341
Training round: 638		accuracy = 0.39419999718666077
Training round: 639		accuracy = 0.2524999976158142
Training round: 640		accuracy = 0.35440000891685486
Training round: 641		accuracy = 0.4388999938964844
Training round: 642		accuracy = 0.19499999284744263
Training round: 643		accuracy = 0.22380000352859497
Training round: 644		accuracy = 0.17679999768733978
Training round: 645		accuracy = 0.2549999952316284
Training round: 646		accuracy = 0.19050000607967377
Training round: 647		accuracy = 0.299699991941452
Training round: 648		accuracy = 0.454800009727478
Training round: 649		accuracy = 0.4300000071525574
Training round: 650		accuracy = 0.30630001425743103
Training round: 651		accuracy = 0.3587999939918518
Training round: 652		accuracy = 0.2361000031232834
Training round: 653		accuracy = 0.4542999863624573
Training round: 654		accuracy = 0.2468000054359436
Training round: 655		accuracy = 0.42489999532699585
Training round: 656		accuracy = 0.1988999992609024
Training round: 657		accuracy = 0.29660001397132874
Training round: 658		accuracy = 0.23229999840259552
Training round: 659		accuracy = 0.24799999594688416
Training round: 660		accuracy = 0.4417000114917755
Training round: 661		accuracy = 0.2825999855995178
Training round: 662		accuracy = 0.41280001401901245
Training round: 663		accuracy = 0.2858999967575073
Training round: 664		accuracy = 0.4185999929904938
Training round: 665		accuracy = 0.4778999984264374
Training round: 666		accuracy = 0.40860000252723694
Training round: 667		accuracy = 0.43299999833106995
Training round: 668		accuracy = 0.2921000123023987
Training round: 669		accuracy = 0.29170000553131104
Training round: 670		accuracy = 0.42719998955726624
Training round: 671		accuracy = 0.4043999910354614
Training round: 672		accuracy = 0.35280001163482666
Training round: 673		accuracy = 0.33629998564720154
Training round: 674		accuracy = 0.22599999606609344
Training round: 675		accuracy = 0.16590000689029694
Training round: 676		accuracy = 0.23109999299049377
Training round: 677		accuracy = 0.4291999936103821
Training round: 678		accuracy = 0.18050000071525574
Training round: 679		accuracy = 0.28690001368522644
Training round: 680		accuracy = 0.34360000491142273
Training round: 681		accuracy = 0.3384999930858612
Training round: 682		accuracy = 0.2833000123500824
Training round: 683		accuracy = 0.36800000071525574
Training round: 684		accuracy = 0.3571000099182129
Training round: 685		accuracy = 0.25040000677108765
Training round: 686		accuracy = 0.2962000072002411
Training round: 687		accuracy = 0.31540000438690186
Training round: 688		accuracy = 0.22579999268054962
Training round: 689		accuracy = 0.38029998540878296
Training round: 690		accuracy = 0.46230000257492065
Training round: 691		accuracy = 0.25049999356269836
Training round: 692		accuracy = 0.35249999165534973
Training round: 693		accuracy = 0.31040000915527344
Training round: 694		accuracy = 0.2232999950647354
Training round: 695		accuracy = 0.20759999752044678
Training round: 696		accuracy = 0.15549999475479126
Training round: 697		accuracy = 0.3050000071525574
Training round: 698		accuracy = 0.1995999962091446
Training round: 699		accuracy = 0.20389999449253082
Training round: 700		accuracy = 0.3046000003814697
Training round: 701		accuracy = 0.41359999775886536
Training round: 702		accuracy = 0.24690000712871552
Training round: 703		accuracy = 0.26579999923706055
Training round: 704		accuracy = 0.39100000262260437
Training round: 705		accuracy = 0.20329999923706055
Training round: 706		accuracy = 0.2159000039100647
Training round: 707		accuracy = 0.4302999973297119
Training round: 708		accuracy = 0.2379000037908554
Training round: 709		accuracy = 0.2791000008583069
Training round: 710		accuracy = 0.460999995470047
Training round: 711		accuracy = 0.16760000586509705
Training round: 712		accuracy = 0.2092999964952469
Training round: 713		accuracy = 0.19349999725818634
Training round: 714		accuracy = 0.22939999401569366
Training round: 715		accuracy = 0.2207999974489212
Training round: 716		accuracy = 0.21070000529289246
Training round: 717		accuracy = 0.41659998893737793
Training round: 718		accuracy = 0.40959998965263367
Training round: 719		accuracy = 0.1785999983549118
Training round: 720		accuracy = 0.42649999260902405
Training round: 721		accuracy = 0.19820000231266022
Training round: 722		accuracy = 0.43959999084472656
Training round: 723		accuracy = 0.42890000343322754
Training round: 724		accuracy = 0.3212999999523163
Training round: 725		accuracy = 0.21870000660419464
Training round: 726		accuracy = 0.18719999492168427
Training round: 727		accuracy = 0.23430000245571136
Training round: 728		accuracy = 0.41749998927116394
Training round: 729		accuracy = 0.24320000410079956
Training round: 730		accuracy = 0.21539999544620514
Training round: 731		accuracy = 0.2603999972343445
Training round: 732		accuracy = 0.24979999661445618
Training round: 733		accuracy = 0.4388999938964844
Training round: 734		accuracy = 0.1746000051498413
Training round: 735		accuracy = 0.45010000467300415
Training round: 736		accuracy = 0.3188999891281128
Training round: 737		accuracy = 0.16089999675750732
Training round: 738		accuracy = 0.19699999690055847
Training round: 739		accuracy = 0.40149998664855957
Training round: 740		accuracy = 0.3472000062465668
Training round: 741		accuracy = 0.3718000054359436
Training round: 742		accuracy = 0.438400000333786
Training round: 743		accuracy = 0.3684000074863434
Training round: 744		accuracy = 0.41920000314712524
Training round: 745		accuracy = 0.4512999951839447
Training round: 746		accuracy = 0.23330000042915344
Training round: 747		accuracy = 0.3181999921798706
Training round: 748		accuracy = 0.2117999941110611
Training round: 749		accuracy = 0.23240000009536743
Training round: 750		accuracy = 0.2152000069618225
Training round: 751		accuracy = 0.2874000072479248
Training round: 752		accuracy = 0.1784999966621399
Training round: 753		accuracy = 0.2257000058889389
Training round: 754		accuracy = 0.46380001306533813
Training round: 755		accuracy = 0.3481000065803528
Training round: 756		accuracy = 0.3862999975681305
Training round: 757		accuracy = 0.20890000462532043
Training round: 758		accuracy = 0.16750000417232513
Training round: 759		accuracy = 0.14329999685287476
Training round: 760		accuracy = 0.2597000002861023
Training round: 761		accuracy = 0.19370000064373016
Training round: 762		accuracy = 0.4878999888896942
Training round: 763		accuracy = 0.23569999635219574
Training round: 764		accuracy = 0.17839999496936798
Training round: 765		accuracy = 0.2888999879360199
Training round: 766		accuracy = 0.3425000011920929
Training round: 767		accuracy = 0.3953999876976013
Training round: 768		accuracy = 0.3555999994277954
Training round: 769		accuracy = 0.2371000051498413
Training round: 770		accuracy = 0.29829999804496765
Training round: 771		accuracy = 0.4235000014305115
Training round: 772		accuracy = 0.2563000023365021
Training round: 773		accuracy = 0.30959999561309814
Training round: 774		accuracy = 0.1817999929189682
Training round: 775		accuracy = 0.447299987077713
Training round: 776		accuracy = 0.19930000603199005
Training round: 777		accuracy = 0.2815999984741211
Training round: 778		accuracy = 0.28690001368522644
Training round: 779		accuracy = 0.4345000088214874
Training round: 780		accuracy = 0.2870999872684479
Training round: 781		accuracy = 0.3709000051021576
Training round: 782		accuracy = 0.4050000011920929
Training round: 783		accuracy = 0.2694000005722046
Training round: 784		accuracy = 0.40130001306533813
Training round: 785		accuracy = 0.26969999074935913
Training round: 786		accuracy = 0.48179998993873596
Training round: 787		accuracy = 0.4016000032424927
Training round: 788		accuracy = 0.41530001163482666
Training round: 789		accuracy = 0.3327000141143799
Training round: 790		accuracy = 0.181099995970726
Training round: 791		accuracy = 0.2705000042915344
Training round: 792		accuracy = 0.40310001373291016
Training round: 793		accuracy = 0.3174000084400177
Training round: 794		accuracy = 0.2168000042438507
Training round: 795		accuracy = 0.27090001106262207
Training round: 796		accuracy = 0.16760000586509705
Training round: 797		accuracy = 0.22759999334812164
Training round: 798		accuracy = 0.2393999993801117
Training round: 799		accuracy = 0.3292999863624573
Training round: 800		accuracy = 0.4343000054359436
Training round: 801		accuracy = 0.4456000030040741
Training round: 802		accuracy = 0.25699999928474426
Training round: 803		accuracy = 0.2754000127315521
Training round: 804		accuracy = 0.41780000925064087
Training round: 805		accuracy = 0.41359999775886536
Training round: 806		accuracy = 0.36469998955726624
Training round: 807		accuracy = 0.33739998936653137
Training round: 808		accuracy = 0.22920000553131104
Training round: 809		accuracy = 0.25850000977516174
Training round: 810		accuracy = 0.28949999809265137
Training round: 811		accuracy = 0.39430001378059387
Training round: 812		accuracy = 0.40700000524520874
Training round: 813		accuracy = 0.22540000081062317
Training round: 814		accuracy = 0.28529998660087585
Training round: 815		accuracy = 0.33399999141693115
Training round: 816		accuracy = 0.21690000593662262
Training round: 817		accuracy = 0.305400013923645
Training round: 818		accuracy = 0.38690000772476196
Training round: 819		accuracy = 0.2922999858856201
Training round: 820		accuracy = 0.4747999906539917
Training round: 821		accuracy = 0.3684999942779541
Training round: 822		accuracy = 0.31349998712539673
Training round: 823		accuracy = 0.445499986410141
Training round: 824		accuracy = 0.27709999680519104
Training round: 825		accuracy = 0.44839999079704285
Training round: 826		accuracy = 0.3806000053882599
Training round: 827		accuracy = 0.4781999886035919
Training round: 828		accuracy = 0.31859999895095825
Training round: 829		accuracy = 0.2522999942302704
Training round: 830		accuracy = 0.19740000367164612
Training round: 831		accuracy = 0.18330000340938568
Training round: 832		accuracy = 0.2897999882698059
Training round: 833		accuracy = 0.39809998869895935
Training round: 834		accuracy = 0.30309998989105225
Training round: 835		accuracy = 0.3456000089645386
Training round: 836		accuracy = 0.13030000030994415
Training round: 837		accuracy = 0.398499995470047
Training round: 838		accuracy = 0.3598000109195709
Training round: 839		accuracy = 0.33660000562667847
Training round: 840		accuracy = 0.46369999647140503
Training round: 841		accuracy = 0.29030001163482666
Training round: 842		accuracy = 0.4106999933719635
Training round: 843		accuracy = 0.36309999227523804
Training round: 844		accuracy = 0.3046000003814697
Training round: 845		accuracy = 0.41940000653266907
Training round: 846		accuracy = 0.24729999899864197
Training round: 847		accuracy = 0.3564999997615814
Training round: 848		accuracy = 0.2605000138282776
Training round: 849		accuracy = 0.2386000007390976
Training round: 850		accuracy = 0.29030001163482666
Training round: 851		accuracy = 0.3894999921321869
Training round: 852		accuracy = 0.17990000545978546
Training round: 853		accuracy = 0.31859999895095825
Training round: 854		accuracy = 0.3971000015735626
Training round: 855		accuracy = 0.412200003862381
Training round: 856		accuracy = 0.30649998784065247
Training round: 857		accuracy = 0.18000000715255737
Training round: 858		accuracy = 0.18320000171661377
Training round: 859		accuracy = 0.16990000009536743
Training round: 860		accuracy = 0.27880001068115234
Training round: 861		accuracy = 0.25850000977516174
Training round: 862		accuracy = 0.1981000006198883
Training round: 863		accuracy = 0.2667999863624573
Training round: 864		accuracy = 0.3206999897956848
Training round: 865		accuracy = 0.31200000643730164
Training round: 866		accuracy = 0.388700008392334
Training round: 867		accuracy = 0.2526000142097473
Training round: 868		accuracy = 0.3718000054359436
Training round: 869		accuracy = 0.4212000072002411
Training round: 870		accuracy = 0.272599995136261
Training round: 871		accuracy = 0.41839998960494995
Training round: 872		accuracy = 0.4223000109195709
Training round: 873		accuracy = 0.2969000041484833
Training round: 874		accuracy = 0.18299999833106995
Training round: 875		accuracy = 0.17790000140666962
Training round: 876		accuracy = 0.218299999833107
Training round: 877		accuracy = 0.4049000144004822
Training round: 878		accuracy = 0.3142000138759613
Training round: 879		accuracy = 0.45879998803138733
Training round: 880		accuracy = 0.33959999680519104
Training round: 881		accuracy = 0.27549999952316284
Training round: 882		accuracy = 0.21170000731945038
Training round: 883		accuracy = 0.46959999203681946
Training round: 884		accuracy = 0.33880001306533813
Training round: 885		accuracy = 0.35370001196861267
Training round: 886		accuracy = 0.22120000422000885
Training round: 887		accuracy = 0.3262999951839447
Training round: 888		accuracy = 0.14139999449253082
Training round: 889		accuracy = 0.41609999537467957
Training round: 890		accuracy = 0.400299996137619
Training round: 891		accuracy = 0.1623000055551529
Training round: 892		accuracy = 0.21160000562667847
Training round: 893		accuracy = 0.34040001034736633
Training round: 894		accuracy = 0.3156999945640564
Training round: 895		accuracy = 0.3359000086784363
Training round: 896		accuracy = 0.29989999532699585
Training round: 897		accuracy = 0.20890000462532043
Training round: 898		accuracy = 0.35019999742507935
Training round: 899		accuracy = 0.24799999594688416
Training round: 900		accuracy = 0.32260000705718994
Training round: 901		accuracy = 0.30149999260902405
Training round: 902		accuracy = 0.1655000001192093
Training round: 903		accuracy = 0.2596000134944916
Training round: 904		accuracy = 0.20730000734329224
Training round: 905		accuracy = 0.15189999341964722
Training round: 906		accuracy = 0.3138999938964844
Training round: 907		accuracy = 0.3659000098705292
Training round: 908		accuracy = 0.25429999828338623
Training round: 909		accuracy = 0.38440001010894775
Training round: 910		accuracy = 0.2761000096797943
Training round: 911		accuracy = 0.2054000049829483
Training round: 912		accuracy = 0.272599995136261
Training round: 913		accuracy = 0.447299987077713
Training round: 914		accuracy = 0.226500004529953
Training round: 915		accuracy = 0.23280000686645508
Training round: 916		accuracy = 0.1826999932527542
Training round: 917		accuracy = 0.48840001225471497
Training round: 918		accuracy = 0.45410001277923584
Training round: 919		accuracy = 0.44290000200271606
Training round: 920		accuracy = 0.4350000023841858
Training round: 921		accuracy = 0.4196000099182129
Training round: 922		accuracy = 0.48399999737739563
Training round: 923		accuracy = 0.20589999854564667
Training round: 924		accuracy = 0.27950000762939453
Training round: 925		accuracy = 0.3801000118255615
Training round: 926		accuracy = 0.15800000727176666
Training round: 927		accuracy = 0.4018999934196472
Training round: 928		accuracy = 0.25940001010894775
Training round: 929		accuracy = 0.2759999930858612
Training round: 930		accuracy = 0.3700000047683716
Training round: 931		accuracy = 0.4244000017642975
Training round: 932		accuracy = 0.32330000400543213
Training round: 933		accuracy = 0.3873000144958496
Training round: 934		accuracy = 0.25850000977516174
Training round: 935		accuracy = 0.3743000030517578
Training round: 936		accuracy = 0.2687000036239624
Training round: 937		accuracy = 0.258899986743927
Training round: 938		accuracy = 0.16040000319480896
Training round: 939		accuracy = 0.17159999907016754
Training round: 940		accuracy = 0.21809999644756317
Training round: 941		accuracy = 0.1720999926328659
Training round: 942		accuracy = 0.24320000410079956
Training round: 943		accuracy = 0.3889000117778778
Training round: 944		accuracy = 0.26820001006126404
Training round: 945		accuracy = 0.21739999949932098
Training round: 946		accuracy = 0.44190001487731934
Training round: 947		accuracy = 0.3538999855518341
Training round: 948		accuracy = 0.20029999315738678
Training round: 949		accuracy = 0.3977000117301941
Training round: 950		accuracy = 0.3393000066280365
Training round: 951		accuracy = 0.4090999960899353
Training round: 952		accuracy = 0.46000000834465027
Training round: 953		accuracy = 0.4733000099658966
Training round: 954		accuracy = 0.35019999742507935
Training round: 955		accuracy = 0.2973000109195709
Training round: 956		accuracy = 0.35679998993873596
Training round: 957		accuracy = 0.43630000948905945
Training round: 958		accuracy = 0.20640000700950623
Training round: 959		accuracy = 0.2727000117301941
Training round: 960		accuracy = 0.4417000114917755
Training round: 961		accuracy = 0.3172000050544739
Training round: 962		accuracy = 0.16359999775886536
Training round: 963		accuracy = 0.3093000054359436
Training round: 964		accuracy = 0.22470000386238098
Training round: 965		accuracy = 0.45590001344680786
Training round: 966		accuracy = 0.21459999680519104
Training round: 967		accuracy = 0.27309998869895935
Training round: 968		accuracy = 0.18559999763965607
Training round: 969		accuracy = 0.37950000166893005
Training round: 970		accuracy = 0.33230000734329224
Training round: 971		accuracy = 0.3499999940395355
Training round: 972		accuracy = 0.4189000129699707
Training round: 973		accuracy = 0.31119999289512634
Training round: 974		accuracy = 0.25699999928474426
Training round: 975		accuracy = 0.24539999663829803
Training round: 976		accuracy = 0.38989999890327454
Training round: 977		accuracy = 0.2599000036716461
Training round: 978		accuracy = 0.2094999998807907
Training round: 979		accuracy = 0.36480000615119934
Training round: 980		accuracy = 0.35429999232292175
Training round: 981		accuracy = 0.3240000009536743
Training round: 982		accuracy = 0.30630001425743103
Training round: 983		accuracy = 0.4025000035762787
Training round: 984		accuracy = 0.459199994802475
Training round: 985		accuracy = 0.43630000948905945
Training round: 986		accuracy = 0.3589000105857849
Training round: 987		accuracy = 0.37770000100135803
Training round: 988		accuracy = 0.358599990606308
Training round: 989		accuracy = 0.42989999055862427
Training round: 990		accuracy = 0.25589999556541443
Training round: 991		accuracy = 0.41339999437332153
Training round: 992		accuracy = 0.22020000219345093
Training round: 993		accuracy = 0.3700000047683716
Training round: 994		accuracy = 0.218299999833107
Training round: 995		accuracy = 0.31450000405311584
Training round: 996		accuracy = 0.23270000517368317
Training round: 997		accuracy = 0.430400013923645
Training round: 998		accuracy = 0.18799999356269836
Training round: 999		accuracy = 0.4544000029563904
Training round: 1000		accuracy = 0.2838999927043915
Training duration 14927.455898284912
