2021-08-23 15:25:54.780170: I tensorflow/stream_executor/platform/default/dso_loader.cc:49] Successfully opened dynamic library libcudart.so.11.0
2021-08-23 15:26:48.187380: I tensorflow/compiler/jit/xla_cpu_device.cc:41] Not creating XLA devices, tf_xla_enable_xla_devices not set
2021-08-23 15:26:48.237080: I tensorflow/stream_executor/platform/default/dso_loader.cc:49] Successfully opened dynamic library libcuda.so.1
2021-08-23 15:26:48.317941: I tensorflow/core/common_runtime/gpu/gpu_device.cc:1720] Found device 0 with properties: 
pciBusID: 0000:18:00.0 name: Tesla V100-SXM2-32GB computeCapability: 7.0
coreClock: 1.53GHz coreCount: 80 deviceMemorySize: 31.75GiB deviceMemoryBandwidth: 836.37GiB/s
2021-08-23 15:26:48.318523: I tensorflow/stream_executor/platform/default/dso_loader.cc:49] Successfully opened dynamic library libcudart.so.11.0
2021-08-23 15:26:48.341966: I tensorflow/stream_executor/platform/default/dso_loader.cc:49] Successfully opened dynamic library libcublas.so.11
2021-08-23 15:26:48.342149: I tensorflow/stream_executor/platform/default/dso_loader.cc:49] Successfully opened dynamic library libcublasLt.so.11
2021-08-23 15:26:48.348096: I tensorflow/stream_executor/platform/default/dso_loader.cc:49] Successfully opened dynamic library libcufft.so.10
2021-08-23 15:26:48.350857: I tensorflow/stream_executor/platform/default/dso_loader.cc:49] Successfully opened dynamic library libcurand.so.10
2021-08-23 15:26:48.359594: I tensorflow/stream_executor/platform/default/dso_loader.cc:49] Successfully opened dynamic library libcusolver.so.10
2021-08-23 15:26:48.361684: I tensorflow/stream_executor/platform/default/dso_loader.cc:49] Successfully opened dynamic library libcusparse.so.11
2021-08-23 15:26:48.362455: I tensorflow/stream_executor/platform/default/dso_loader.cc:49] Successfully opened dynamic library libcudnn.so.8
2021-08-23 15:26:48.368169: I tensorflow/core/common_runtime/gpu/gpu_device.cc:1862] Adding visible gpu devices: 0
2021-08-23 15:26:48.369053: I tensorflow/core/platform/cpu_feature_guard.cc:142] This TensorFlow binary is optimized with oneAPI Deep Neural Network Library (oneDNN) to use the following CPU instructions in performance-critical operations:  AVX2 AVX512F FMA
To enable them in other operations, rebuild TensorFlow with the appropriate compiler flags.
2021-08-23 15:26:48.369477: I tensorflow/compiler/jit/xla_gpu_device.cc:99] Not creating XLA devices, tf_xla_enable_xla_devices not set
2021-08-23 15:26:48.372101: I tensorflow/core/common_runtime/gpu/gpu_device.cc:1720] Found device 0 with properties: 
pciBusID: 0000:18:00.0 name: Tesla V100-SXM2-32GB computeCapability: 7.0
coreClock: 1.53GHz coreCount: 80 deviceMemorySize: 31.75GiB deviceMemoryBandwidth: 836.37GiB/s
2021-08-23 15:26:48.372186: I tensorflow/stream_executor/platform/default/dso_loader.cc:49] Successfully opened dynamic library libcudart.so.11.0
2021-08-23 15:26:48.372326: I tensorflow/stream_executor/platform/default/dso_loader.cc:49] Successfully opened dynamic library libcublas.so.11
2021-08-23 15:26:48.372443: I tensorflow/stream_executor/platform/default/dso_loader.cc:49] Successfully opened dynamic library libcublasLt.so.11
2021-08-23 15:26:48.372493: I tensorflow/stream_executor/platform/default/dso_loader.cc:49] Successfully opened dynamic library libcufft.so.10
2021-08-23 15:26:48.372626: I tensorflow/stream_executor/platform/default/dso_loader.cc:49] Successfully opened dynamic library libcurand.so.10
2021-08-23 15:26:48.372680: I tensorflow/stream_executor/platform/default/dso_loader.cc:49] Successfully opened dynamic library libcusolver.so.10
2021-08-23 15:26:48.372796: I tensorflow/stream_executor/platform/default/dso_loader.cc:49] Successfully opened dynamic library libcusparse.so.11
2021-08-23 15:26:48.372844: I tensorflow/stream_executor/platform/default/dso_loader.cc:49] Successfully opened dynamic library libcudnn.so.8
2021-08-23 15:26:48.377693: I tensorflow/core/common_runtime/gpu/gpu_device.cc:1862] Adding visible gpu devices: 0
2021-08-23 15:26:48.377868: I tensorflow/stream_executor/platform/default/dso_loader.cc:49] Successfully opened dynamic library libcudart.so.11.0
2021-08-23 15:26:49.685223: I tensorflow/core/common_runtime/gpu/gpu_device.cc:1261] Device interconnect StreamExecutor with strength 1 edge matrix:
2021-08-23 15:26:49.685443: I tensorflow/core/common_runtime/gpu/gpu_device.cc:1267]      0 
2021-08-23 15:26:49.685596: I tensorflow/core/common_runtime/gpu/gpu_device.cc:1280] 0:   N 
2021-08-23 15:26:49.694115: I tensorflow/core/common_runtime/gpu/gpu_device.cc:1406] Created TensorFlow device (/job:localhost/replica:0/task:0/device:GPU:0 with 30130 MB memory) -> physical GPU (device: 0, name: Tesla V100-SXM2-32GB, pci bus id: 0000:18:00.0, compute capability: 7.0)
2021-08-23 15:26:58.412088: I tensorflow/compiler/mlir/mlir_graph_optimization_pass.cc:116] None of the MLIR optimization passes are enabled (registered 2)
2021-08-23 15:26:58.416810: I tensorflow/core/platform/profile_utils/cpu_utils.cc:112] CPU Frequency: 2100000000 Hz
2021-08-23 15:26:58.494733: I tensorflow/stream_executor/platform/default/dso_loader.cc:49] Successfully opened dynamic library libcublas.so.11
2021-08-23 15:26:59.094009: I tensorflow/stream_executor/platform/default/dso_loader.cc:49] Successfully opened dynamic library libcublasLt.so.11
2021-08-23 15:26:59.104845: I tensorflow/stream_executor/platform/default/dso_loader.cc:49] Successfully opened dynamic library libcudnn.so.8
2021-08-23 15:27:01.824651: W tensorflow/stream_executor/gpu/asm_compiler.cc:63] Running ptxas --version returned 256
2021-08-23 15:27:01.931004: W tensorflow/stream_executor/gpu/redzone_allocator.cc:314] Internal: ptxas exited with non-zero error code 256, output: 
Relying on driver to perform ptx compilation. 
Modify $PATH to customize ptxas location.
This message will be only logged once.
NoiseMutator started.
NoiseMutator finished.
Training round: 1		accuracy = 0.6634782552719116
Training round: 2		accuracy = 0.6527536511421204
Training round: 3		accuracy = 0.6081159710884094
Training round: 4		accuracy = 0.6428985595703125
Training round: 5		accuracy = 0.6713043451309204
Training round: 6		accuracy = 0.6486956477165222
Training round: 7		accuracy = 0.6660869717597961
Training round: 8		accuracy = 0.6443478465080261
Training round: 9		accuracy = 0.6626086831092834
Training round: 10		accuracy = 0.6776811480522156
Training round: 11		accuracy = 0.6913043260574341
Training round: 12		accuracy = 0.6915941834449768
Training round: 13		accuracy = 0.6927536129951477
Training round: 14		accuracy = 0.6973913311958313
Training round: 15		accuracy = 0.692463755607605
Training round: 16		accuracy = 0.7023188471794128
Training round: 17		accuracy = 0.7156521677970886
Training round: 18		accuracy = 0.7046377062797546
Training round: 19		accuracy = 0.6968116164207458
Training round: 20		accuracy = 0.6968116164207458
Training round: 21		accuracy = 0.7165217399597168
Training round: 22		accuracy = 0.6953623294830322
Training round: 23		accuracy = 0.7075362205505371
Training round: 24		accuracy = 0.6968116164207458
Training round: 25		accuracy = 0.7121739387512207
Training round: 26		accuracy = 0.7095652222633362
Training round: 27		accuracy = 0.7049275636672974
Training round: 28		accuracy = 0.7243478298187256
Training round: 29		accuracy = 0.7257971167564392
Training round: 30		accuracy = 0.7084057927131653
Training round: 31		accuracy = 0.7266666889190674
Training round: 32		accuracy = 0.7217391133308411
Training round: 33		accuracy = 0.7171014547348022
Training round: 34		accuracy = 0.7298550605773926
Training round: 35		accuracy = 0.7214492559432983
Training round: 36		accuracy = 0.7214492559432983
Training round: 37		accuracy = 0.7260869741439819
Training round: 38		accuracy = 0.7208695411682129
Training round: 39		accuracy = 0.7260869741439819
Training round: 40		accuracy = 0.7286956310272217
Training round: 41		accuracy = 0.7307246327400208
Training round: 42		accuracy = 0.724927544593811
Training round: 43		accuracy = 0.7313043475151062
Training round: 44		accuracy = 0.7324637770652771
Training round: 45		accuracy = 0.7289854884147644
Training round: 46		accuracy = 0.7310144901275635
Training round: 47		accuracy = 0.7272464036941528
Training round: 48		accuracy = 0.7240579724311829
Training round: 49		accuracy = 0.7231884002685547
Training round: 50		accuracy = 0.7240579724311829
Training round: 51		accuracy = 0.7292753458023071
Training round: 52		accuracy = 0.7234782576560974
Training round: 53		accuracy = 0.7237681150436401
Training round: 54		accuracy = 0.7240579724311829
Training round: 55		accuracy = 0.7226086854934692
Training round: 56		accuracy = 0.7318840622901917
Training round: 57		accuracy = 0.7260869741439819
Training round: 58		accuracy = 0.717391312122345
Training round: 59		accuracy = 0.724927544593811
Training round: 60		accuracy = 0.7255072593688965
Training round: 61		accuracy = 0.728405773639679
Training round: 62		accuracy = 0.7246376872062683
Training round: 63		accuracy = 0.7211593985557556
Training round: 64		accuracy = 0.7257971167564392
Training round: 65		accuracy = 0.7246376872062683
Training round: 66		accuracy = 0.7231884002685547
Training round: 67		accuracy = 0.7185507416725159
Training round: 68		accuracy = 0.7185507416725159
Training round: 69		accuracy = 0.7182608842849731
Training round: 70		accuracy = 0.7211593985557556
Training round: 71		accuracy = 0.7226086854934692
Training round: 72		accuracy = 0.7263768315315247
Training round: 73		accuracy = 0.7231884002685547
Training round: 74		accuracy = 0.7231884002685547
Training round: 75		accuracy = 0.7240579724311829
Training round: 76		accuracy = 0.7234782576560974
Training round: 77		accuracy = 0.7171014547348022
Training round: 78		accuracy = 0.7208695411682129
Training round: 79		accuracy = 0.7176811695098877
Training round: 80		accuracy = 0.7220289707183838
Training round: 81		accuracy = 0.7226086854934692
Training round: 82		accuracy = 0.7231884002685547
Training round: 83		accuracy = 0.7208695411682129
Training round: 84		accuracy = 0.7211593985557556
Training round: 85		accuracy = 0.7220289707183838
Training round: 86		accuracy = 0.7260869741439819
Training round: 87		accuracy = 0.7255072593688965
Training round: 88		accuracy = 0.7263768315315247
Training round: 89		accuracy = 0.7217391133308411
Training round: 90		accuracy = 0.7240579724311829
Training round: 91		accuracy = 0.7231884002685547
Training round: 92		accuracy = 0.7226086854934692
Training round: 93		accuracy = 0.7260869741439819
Training round: 94		accuracy = 0.7246376872062683
Training round: 95		accuracy = 0.7252174019813538
Training round: 96		accuracy = 0.7278260588645935
Training round: 97		accuracy = 0.7255072593688965
Training round: 98		accuracy = 0.7286956310272217
Training round: 99		accuracy = 0.7243478298187256
Training round: 100		accuracy = 0.724927544593811
Training duration 6029.8056128025055
