2021-08-12 08:59:13.026410: I tensorflow/stream_executor/platform/default/dso_loader.cc:49] Successfully opened dynamic library libcudart.so.11.0
2021-08-12 08:59:20.598958: I tensorflow/compiler/jit/xla_cpu_device.cc:41] Not creating XLA devices, tf_xla_enable_xla_devices not set
2021-08-12 08:59:20.601959: I tensorflow/stream_executor/platform/default/dso_loader.cc:49] Successfully opened dynamic library libcuda.so.1
2021-08-12 08:59:20.655806: I tensorflow/core/common_runtime/gpu/gpu_device.cc:1720] Found device 0 with properties: 
pciBusID: 0000:1e:00.0 name: Tesla V100-SXM2-16GB computeCapability: 7.0
coreClock: 1.53GHz coreCount: 80 deviceMemorySize: 15.78GiB deviceMemoryBandwidth: 836.37GiB/s
2021-08-12 08:59:20.656024: I tensorflow/stream_executor/platform/default/dso_loader.cc:49] Successfully opened dynamic library libcudart.so.11.0
2021-08-12 08:59:20.676643: I tensorflow/stream_executor/platform/default/dso_loader.cc:49] Successfully opened dynamic library libcublas.so.11
2021-08-12 08:59:20.676765: I tensorflow/stream_executor/platform/default/dso_loader.cc:49] Successfully opened dynamic library libcublasLt.so.11
2021-08-12 08:59:20.683040: I tensorflow/stream_executor/platform/default/dso_loader.cc:49] Successfully opened dynamic library libcufft.so.10
2021-08-12 08:59:20.686040: I tensorflow/stream_executor/platform/default/dso_loader.cc:49] Successfully opened dynamic library libcurand.so.10
2021-08-12 08:59:20.697488: I tensorflow/stream_executor/platform/default/dso_loader.cc:49] Successfully opened dynamic library libcusolver.so.10
2021-08-12 08:59:20.700210: I tensorflow/stream_executor/platform/default/dso_loader.cc:49] Successfully opened dynamic library libcusparse.so.11
2021-08-12 08:59:20.700867: I tensorflow/stream_executor/platform/default/dso_loader.cc:49] Successfully opened dynamic library libcudnn.so.8
2021-08-12 08:59:20.703734: I tensorflow/core/common_runtime/gpu/gpu_device.cc:1862] Adding visible gpu devices: 0
2021-08-12 08:59:20.706676: I tensorflow/core/platform/cpu_feature_guard.cc:142] This TensorFlow binary is optimized with oneAPI Deep Neural Network Library (oneDNN) to use the following CPU instructions in performance-critical operations:  AVX2 AVX512F FMA
To enable them in other operations, rebuild TensorFlow with the appropriate compiler flags.
2021-08-12 08:59:20.706976: I tensorflow/compiler/jit/xla_gpu_device.cc:99] Not creating XLA devices, tf_xla_enable_xla_devices not set
2021-08-12 08:59:20.707938: I tensorflow/core/common_runtime/gpu/gpu_device.cc:1720] Found device 0 with properties: 
pciBusID: 0000:1e:00.0 name: Tesla V100-SXM2-16GB computeCapability: 7.0
coreClock: 1.53GHz coreCount: 80 deviceMemorySize: 15.78GiB deviceMemoryBandwidth: 836.37GiB/s
2021-08-12 08:59:20.707972: I tensorflow/stream_executor/platform/default/dso_loader.cc:49] Successfully opened dynamic library libcudart.so.11.0
2021-08-12 08:59:20.707992: I tensorflow/stream_executor/platform/default/dso_loader.cc:49] Successfully opened dynamic library libcublas.so.11
2021-08-12 08:59:20.708007: I tensorflow/stream_executor/platform/default/dso_loader.cc:49] Successfully opened dynamic library libcublasLt.so.11
2021-08-12 08:59:20.708021: I tensorflow/stream_executor/platform/default/dso_loader.cc:49] Successfully opened dynamic library libcufft.so.10
2021-08-12 08:59:20.708035: I tensorflow/stream_executor/platform/default/dso_loader.cc:49] Successfully opened dynamic library libcurand.so.10
2021-08-12 08:59:20.708049: I tensorflow/stream_executor/platform/default/dso_loader.cc:49] Successfully opened dynamic library libcusolver.so.10
2021-08-12 08:59:20.708063: I tensorflow/stream_executor/platform/default/dso_loader.cc:49] Successfully opened dynamic library libcusparse.so.11
2021-08-12 08:59:20.708077: I tensorflow/stream_executor/platform/default/dso_loader.cc:49] Successfully opened dynamic library libcudnn.so.8
2021-08-12 08:59:20.709717: I tensorflow/core/common_runtime/gpu/gpu_device.cc:1862] Adding visible gpu devices: 0
2021-08-12 08:59:20.710306: I tensorflow/stream_executor/platform/default/dso_loader.cc:49] Successfully opened dynamic library libcudart.so.11.0
2021-08-12 08:59:21.626629: I tensorflow/core/common_runtime/gpu/gpu_device.cc:1261] Device interconnect StreamExecutor with strength 1 edge matrix:
2021-08-12 08:59:21.626682: I tensorflow/core/common_runtime/gpu/gpu_device.cc:1267]      0 
2021-08-12 08:59:21.626696: I tensorflow/core/common_runtime/gpu/gpu_device.cc:1280] 0:   N 
2021-08-12 08:59:21.630848: I tensorflow/core/common_runtime/gpu/gpu_device.cc:1406] Created TensorFlow device (/job:localhost/replica:0/task:0/device:GPU:0 with 14761 MB memory) -> physical GPU (device: 0, name: Tesla V100-SXM2-16GB, pci bus id: 0000:1e:00.0, compute capability: 7.0)
2021-08-12 08:59:22.241049: I tensorflow/compiler/mlir/mlir_graph_optimization_pass.cc:116] None of the MLIR optimization passes are enabled (registered 2)
2021-08-12 08:59:22.242561: I tensorflow/core/platform/profile_utils/cpu_utils.cc:112] CPU Frequency: 2400000000 Hz
2021-08-12 08:59:22.705657: I tensorflow/stream_executor/platform/default/dso_loader.cc:49] Successfully opened dynamic library libcublas.so.11
2021-08-12 08:59:23.176435: I tensorflow/stream_executor/platform/default/dso_loader.cc:49] Successfully opened dynamic library libcublasLt.so.11
2021-08-12 08:59:23.200408: I tensorflow/stream_executor/platform/default/dso_loader.cc:49] Successfully opened dynamic library libcudnn.so.8
2021-08-12 08:59:25.590317: W tensorflow/stream_executor/gpu/asm_compiler.cc:63] Running ptxas --version returned 256
2021-08-12 08:59:25.640597: W tensorflow/stream_executor/gpu/redzone_allocator.cc:314] Internal: ptxas exited with non-zero error code 256, output: 
Relying on driver to perform ptx compilation. 
Modify $PATH to customize ptxas location.
This message will be only logged once.
LabelAttacker started.
LabelAttacker finished.
Training round: 1		accuracy = 0.10050000250339508
Training round: 2		accuracy = 0.10000000149011612
Training round: 3		accuracy = 0.09749999642372131
Training round: 4		accuracy = 0.1136000007390976
Training round: 5		accuracy = 0.13369999825954437
Training round: 6		accuracy = 0.14740000665187836
Training round: 7		accuracy = 0.1395999938249588
Training round: 8		accuracy = 0.14390000700950623
Training round: 9		accuracy = 0.1581999957561493
Training round: 10		accuracy = 0.13009999692440033
Training round: 11		accuracy = 0.1428000032901764
Training round: 12		accuracy = 0.1728000044822693
Training round: 13		accuracy = 0.20229999721050262
Training round: 14		accuracy = 0.1941000074148178
Training round: 15		accuracy = 0.20970000326633453
Training round: 16		accuracy = 0.2296999990940094
Training round: 17		accuracy = 0.2363000065088272
Training round: 18		accuracy = 0.2353000044822693
Training round: 19		accuracy = 0.09489999711513519
Training round: 20		accuracy = 0.08940000087022781
Training round: 21		accuracy = 0.20970000326633453
Training round: 22		accuracy = 0.24609999358654022
Training round: 23		accuracy = 0.22550000250339508
Training round: 24		accuracy = 0.2198999971151352
Training round: 25		accuracy = 0.24690000712871552
Training round: 26		accuracy = 0.23649999499320984
Training round: 27		accuracy = 0.29010000824928284
Training round: 28		accuracy = 0.2694000005722046
Training round: 29		accuracy = 0.24869999289512634
Training round: 30		accuracy = 0.2784999907016754
Training round: 31		accuracy = 0.24699999392032623
Training round: 32		accuracy = 0.2199999988079071
Training round: 33		accuracy = 0.2329999953508377
Training round: 34		accuracy = 0.25609999895095825
Training round: 35		accuracy = 0.2614000141620636
Training round: 36		accuracy = 0.30809998512268066
Training round: 37		accuracy = 0.21160000562667847
Training round: 38		accuracy = 0.1818999946117401
Training round: 39		accuracy = 0.2526000142097473
Training round: 40		accuracy = 0.27149999141693115
Training round: 41		accuracy = 0.30889999866485596
Training round: 42		accuracy = 0.18850000202655792
Training round: 43		accuracy = 0.3269999921321869
Training round: 44		accuracy = 0.3490000069141388
Training round: 45		accuracy = 0.3537999987602234
Training round: 46		accuracy = 0.3601999878883362
Training round: 47		accuracy = 0.31209999322891235
Training round: 48		accuracy = 0.36550000309944153
Training round: 49		accuracy = 0.2689000070095062
Training round: 50		accuracy = 0.35260000824928284
Training round: 51		accuracy = 0.31209999322891235
Training round: 52		accuracy = 0.31220000982284546
Training round: 53		accuracy = 0.2870999872684479
Training round: 54		accuracy = 0.26809999346733093
Training round: 55		accuracy = 0.3273000121116638
Training round: 56		accuracy = 0.35040000081062317
Training round: 57		accuracy = 0.18279999494552612
Training round: 58		accuracy = 0.21250000596046448
Training round: 59		accuracy = 0.35679998993873596
Training round: 60		accuracy = 0.34850001335144043
Training round: 61		accuracy = 0.2061000019311905
Training round: 62		accuracy = 0.14740000665187836
Training round: 63		accuracy = 0.25870001316070557
Training round: 64		accuracy = 0.14329999685287476
Training round: 65		accuracy = 0.3353999853134155
Training round: 66		accuracy = 0.33799999952316284
Training round: 67		accuracy = 0.3734000027179718
Training round: 68		accuracy = 0.25459998846054077
Training round: 69		accuracy = 0.1949000060558319
Training round: 70		accuracy = 0.2087000012397766
Training round: 71		accuracy = 0.1860000044107437
Training round: 72		accuracy = 0.20020000636577606
Training round: 73		accuracy = 0.3513000011444092
Training round: 74		accuracy = 0.22339999675750732
Training round: 75		accuracy = 0.1873999983072281
Training round: 76		accuracy = 0.37770000100135803
Training round: 77		accuracy = 0.13740000128746033
Training round: 78		accuracy = 0.29179999232292175
Training round: 79		accuracy = 0.13189999759197235
Training round: 80		accuracy = 0.1453000009059906
Training round: 81		accuracy = 0.20479999482631683
Training round: 82		accuracy = 0.11270000040531158
Training round: 83		accuracy = 0.36970001459121704
Training round: 84		accuracy = 0.37950000166893005
Training round: 85		accuracy = 0.2784999907016754
Training round: 86		accuracy = 0.3763999938964844
Training round: 87		accuracy = 0.3327000141143799
Training round: 88		accuracy = 0.2583000063896179
Training round: 89		accuracy = 0.33649998903274536
Training round: 90		accuracy = 0.2298000007867813
Training round: 91		accuracy = 0.13930000364780426
Training round: 92		accuracy = 0.4108000099658966
Training round: 93		accuracy = 0.2612999975681305
Training round: 94		accuracy = 0.40959998965263367
Training round: 95		accuracy = 0.322299987077713
Training round: 96		accuracy = 0.43790000677108765
Training round: 97		accuracy = 0.19979999959468842
Training round: 98		accuracy = 0.3596999943256378
Training round: 99		accuracy = 0.31130000948905945
Training round: 100		accuracy = 0.2971000075340271
Training round: 101		accuracy = 0.3292999863624573
Training round: 102		accuracy = 0.2797999978065491
Training round: 103		accuracy = 0.3425000011920929
Training round: 104		accuracy = 0.4000999927520752
Training round: 105		accuracy = 0.15549999475479126
Training round: 106		accuracy = 0.3806999921798706
Training round: 107		accuracy = 0.1251000016927719
Training round: 108		accuracy = 0.2897000014781952
Training round: 109		accuracy = 0.16449999809265137
Training round: 110		accuracy = 0.2721000015735626
Training round: 111		accuracy = 0.15610000491142273
Training round: 112		accuracy = 0.15539999306201935
Training round: 113		accuracy = 0.37130001187324524
Training round: 114		accuracy = 0.41940000653266907
Training round: 115		accuracy = 0.13300000131130219
Training round: 116		accuracy = 0.23999999463558197
Training round: 117		accuracy = 0.17550000548362732
Training round: 118		accuracy = 0.3894999921321869
Training round: 119		accuracy = 0.3504999876022339
Training round: 120		accuracy = 0.147599995136261
Training round: 121		accuracy = 0.39570000767707825
Training round: 122		accuracy = 0.3264000117778778
Training round: 123		accuracy = 0.41280001401901245
Training round: 124		accuracy = 0.2053000032901764
Training round: 125		accuracy = 0.23489999771118164
Training round: 126		accuracy = 0.2818000018596649
Training round: 127		accuracy = 0.27880001068115234
Training round: 128		accuracy = 0.13529999554157257
Training round: 129		accuracy = 0.11079999804496765
Training round: 130		accuracy = 0.4302000105381012
Training round: 131		accuracy = 0.295199990272522
Training round: 132		accuracy = 0.12060000002384186
Training round: 133		accuracy = 0.15150000154972076
Training round: 134		accuracy = 0.2833000123500824
Training round: 135		accuracy = 0.2029999941587448
Training round: 136		accuracy = 0.37950000166893005
Training round: 137		accuracy = 0.36399999260902405
Training round: 138		accuracy = 0.31769999861717224
Training round: 139		accuracy = 0.43220001459121704
Training round: 140		accuracy = 0.1899999976158142
Training round: 141		accuracy = 0.19529999792575836
Training round: 142		accuracy = 0.4307999908924103
Training round: 143		accuracy = 0.3578000068664551
Training round: 144		accuracy = 0.44830000400543213
Training round: 145		accuracy = 0.2694000005722046
Training round: 146		accuracy = 0.1770000010728836
Training round: 147		accuracy = 0.29409998655319214
Training round: 148		accuracy = 0.4496000111103058
Training round: 149		accuracy = 0.2854999899864197
Training round: 150		accuracy = 0.2806999981403351
Training round: 151		accuracy = 0.18320000171661377
Training round: 152		accuracy = 0.1793999969959259
Training round: 153		accuracy = 0.43959999084472656
Training round: 154		accuracy = 0.4244000017642975
Training round: 155		accuracy = 0.4456999897956848
Training round: 156		accuracy = 0.335099995136261
Training round: 157		accuracy = 0.21729999780654907
Training round: 158		accuracy = 0.42419999837875366
Training round: 159		accuracy = 0.367900013923645
Training round: 160		accuracy = 0.45899999141693115
Training round: 161		accuracy = 0.16869999468326569
Training round: 162		accuracy = 0.249099999666214
Training round: 163		accuracy = 0.2425999939441681
Training round: 164		accuracy = 0.2928999960422516
Training round: 165		accuracy = 0.211899995803833
Training round: 166		accuracy = 0.1941000074148178
Training round: 167		accuracy = 0.12099999934434891
Training round: 168		accuracy = 0.26159998774528503
Training round: 169		accuracy = 0.27810001373291016
Training round: 170		accuracy = 0.4348999857902527
Training round: 171		accuracy = 0.3025999963283539
Training round: 172		accuracy = 0.43059998750686646
Training round: 173		accuracy = 0.451200008392334
Training round: 174		accuracy = 0.4650999903678894
Training round: 175		accuracy = 0.28690001368522644
Training round: 176		accuracy = 0.155799999833107
Training round: 177		accuracy = 0.258899986743927
Training round: 178		accuracy = 0.4223000109195709
Training round: 179		accuracy = 0.2736999988555908
Training round: 180		accuracy = 0.2583000063896179
Training round: 181		accuracy = 0.2969000041484833
Training round: 182		accuracy = 0.4250999987125397
Training round: 183		accuracy = 0.2549999952316284
Training round: 184		accuracy = 0.4255000054836273
Training round: 185		accuracy = 0.27570000290870667
Training round: 186		accuracy = 0.17409999668598175
Training round: 187		accuracy = 0.2313999980688095
Training round: 188		accuracy = 0.47099998593330383
Training round: 189		accuracy = 0.48559999465942383
Training round: 190		accuracy = 0.4722000062465668
Training round: 191		accuracy = 0.31439998745918274
Training round: 192		accuracy = 0.4844000041484833
Training round: 193		accuracy = 0.20550000667572021
Training round: 194		accuracy = 0.31290000677108765
Training round: 195		accuracy = 0.45829999446868896
Training round: 196		accuracy = 0.44020000100135803
Training round: 197		accuracy = 0.18400000035762787
Training round: 198		accuracy = 0.15760000050067902
Training round: 199		accuracy = 0.46959999203681946
Training round: 200		accuracy = 0.49140000343322754
Training round: 201		accuracy = 0.23569999635219574
Training round: 202		accuracy = 0.1906999945640564
Training round: 203		accuracy = 0.4830999970436096
Training round: 204		accuracy = 0.4756999909877777
Training round: 205		accuracy = 0.43619999289512634
Training round: 206		accuracy = 0.15950000286102295
Training round: 207		accuracy = 0.2711000144481659
Training round: 208		accuracy = 0.27250000834465027
Training round: 209		accuracy = 0.4514999985694885
Training round: 210		accuracy = 0.3528999984264374
Training round: 211		accuracy = 0.2928999960422516
Training round: 212		accuracy = 0.43389999866485596
Training round: 213		accuracy = 0.29919999837875366
Training round: 214		accuracy = 0.2363000065088272
Training round: 215		accuracy = 0.4544000029563904
Training round: 216		accuracy = 0.4681999981403351
Training round: 217		accuracy = 0.4154999852180481
Training round: 218		accuracy = 0.1808999925851822
Training round: 219		accuracy = 0.21570000052452087
Training round: 220		accuracy = 0.48669999837875366
Training round: 221		accuracy = 0.1851000040769577
Training round: 222		accuracy = 0.43050000071525574
Training round: 223		accuracy = 0.2614000141620636
Training round: 224		accuracy = 0.17910000681877136
Training round: 225		accuracy = 0.2476000040769577
Training round: 226		accuracy = 0.4772999882698059
Training round: 227		accuracy = 0.2345999926328659
Training round: 228		accuracy = 0.2879999876022339
Training round: 229		accuracy = 0.17569999396800995
Training round: 230		accuracy = 0.2879999876022339
Training round: 231		accuracy = 0.4603999853134155
Training round: 232		accuracy = 0.29170000553131104
Training round: 233		accuracy = 0.15389999747276306
Training round: 234		accuracy = 0.43880000710487366
Training round: 235		accuracy = 0.27869999408721924
Training round: 236		accuracy = 0.44209998846054077
Training round: 237		accuracy = 0.1704999953508377
Training round: 238		accuracy = 0.14800000190734863
Training round: 239		accuracy = 0.43860000371932983
Training round: 240		accuracy = 0.2206999957561493
Training round: 241		accuracy = 0.15539999306201935
Training round: 242		accuracy = 0.30399999022483826
Training round: 243		accuracy = 0.32519999146461487
Training round: 244		accuracy = 0.24740000069141388
Training round: 245		accuracy = 0.4645000100135803
Training round: 246		accuracy = 0.20059999823570251
Training round: 247		accuracy = 0.28029999136924744
Training round: 248		accuracy = 0.20180000364780426
Training round: 249		accuracy = 0.4691999852657318
Training round: 250		accuracy = 0.31690001487731934
Training round: 251		accuracy = 0.30329999327659607
Training round: 252		accuracy = 0.155799999833107
Training round: 253		accuracy = 0.23819999396800995
Training round: 254		accuracy = 0.4366999864578247
Training round: 255		accuracy = 0.43869999051094055
Training round: 256		accuracy = 0.3118000030517578
Training round: 257		accuracy = 0.15129999816417694
Training round: 258		accuracy = 0.2728999853134155
Training round: 259		accuracy = 0.23019999265670776
Training round: 260		accuracy = 0.2004999965429306
Training round: 261		accuracy = 0.15719999372959137
Training round: 262		accuracy = 0.46650001406669617
Training round: 263		accuracy = 0.22059999406337738
Training round: 264		accuracy = 0.483599990606308
Training round: 265		accuracy = 0.3133000135421753
Training round: 266		accuracy = 0.3122999966144562
Training round: 267		accuracy = 0.16590000689029694
Training round: 268		accuracy = 0.5141000151634216
Training round: 269		accuracy = 0.43630000948905945
Training round: 270		accuracy = 0.2549999952316284
Training round: 271		accuracy = 0.34200000762939453
Training round: 272		accuracy = 0.49149999022483826
Training round: 273		accuracy = 0.22789999842643738
Training round: 274		accuracy = 0.49309998750686646
Training round: 275		accuracy = 0.25
Training round: 276		accuracy = 0.3278999924659729
Training round: 277		accuracy = 0.14329999685287476
Training round: 278		accuracy = 0.16779999434947968
Training round: 279		accuracy = 0.1386999934911728
Training round: 280		accuracy = 0.1988999992609024
Training round: 281		accuracy = 0.43549999594688416
Training round: 282		accuracy = 0.225600004196167
Training round: 283		accuracy = 0.1678999960422516
Training round: 284		accuracy = 0.4551999866962433
Training round: 285		accuracy = 0.225600004196167
Training round: 286		accuracy = 0.30230000615119934
Training round: 287		accuracy = 0.1662999987602234
Training round: 288		accuracy = 0.21250000596046448
Training round: 289		accuracy = 0.49219998717308044
Training round: 290		accuracy = 0.3287999927997589
Training round: 291		accuracy = 0.289900004863739
Training round: 292		accuracy = 0.2989000082015991
Training round: 293		accuracy = 0.1770000010728836
Training round: 294		accuracy = 0.4738999903202057
Training round: 295		accuracy = 0.18410000205039978
Training round: 296		accuracy = 0.47940000891685486
Training round: 297		accuracy = 0.22130000591278076
Training round: 298		accuracy = 0.1632000058889389
Training round: 299		accuracy = 0.503000020980835
Training round: 300		accuracy = 0.47589999437332153
Training round: 301		accuracy = 0.4787999987602234
Training round: 302		accuracy = 0.15889999270439148
Training round: 303		accuracy = 0.4343000054359436
Training round: 304		accuracy = 0.24889999628067017
Training round: 305		accuracy = 0.48829999566078186
Training round: 306		accuracy = 0.44850000739097595
Training round: 307		accuracy = 0.1785999983549118
Training round: 308		accuracy = 0.14249999821186066
Training round: 309		accuracy = 0.2678999900817871
Training round: 310		accuracy = 0.4708000123500824
Training round: 311		accuracy = 0.44510000944137573
Training round: 312		accuracy = 0.42820000648498535
Training round: 313		accuracy = 0.2928999960422516
Training round: 314		accuracy = 0.20329999923706055
Training round: 315		accuracy = 0.4674000144004822
Training round: 316		accuracy = 0.4699000120162964
Training round: 317		accuracy = 0.16580000519752502
Training round: 318		accuracy = 0.28760001063346863
Training round: 319		accuracy = 0.48739999532699585
Training round: 320		accuracy = 0.21570000052452087
Training round: 321		accuracy = 0.2694000005722046
Training round: 322		accuracy = 0.5116000175476074
Training round: 323		accuracy = 0.2614000141620636
Training round: 324		accuracy = 0.3334999978542328
Training round: 325		accuracy = 0.19280000030994415
Training round: 326		accuracy = 0.5090000033378601
Training round: 327		accuracy = 0.4821999967098236
Training round: 328		accuracy = 0.48260000348091125
Training round: 329		accuracy = 0.4472000002861023
Training round: 330		accuracy = 0.3343999981880188
Training round: 331		accuracy = 0.3131999969482422
Training round: 332		accuracy = 0.5192999839782715
Training round: 333		accuracy = 0.13439999520778656
Training round: 334		accuracy = 0.49630001187324524
Training round: 335		accuracy = 0.48980000615119934
Training round: 336		accuracy = 0.5019000172615051
Training round: 337		accuracy = 0.2134000062942505
Training round: 338		accuracy = 0.2978000044822693
Training round: 339		accuracy = 0.1800999939441681
Training round: 340		accuracy = 0.5015000104904175
Training round: 341		accuracy = 0.20839999616146088
Training round: 342		accuracy = 0.4984999895095825
Training round: 343		accuracy = 0.23559999465942383
Training round: 344		accuracy = 0.21469999849796295
Training round: 345		accuracy = 0.3174999952316284
Training round: 346		accuracy = 0.20960000157356262
Training round: 347		accuracy = 0.17520000040531158
Training round: 348		accuracy = 0.48989999294281006
Training round: 349		accuracy = 0.38350000977516174
Training round: 350		accuracy = 0.1703999936580658
Training round: 351		accuracy = 0.1648000031709671
Training round: 352		accuracy = 0.13950000703334808
Training round: 353		accuracy = 0.22020000219345093
Training round: 354		accuracy = 0.1973000019788742
Training round: 355		accuracy = 0.4740000069141388
Training round: 356		accuracy = 0.16339999437332153
Training round: 357		accuracy = 0.4422999918460846
Training round: 358		accuracy = 0.33899998664855957
Training round: 359		accuracy = 0.5238999724388123
Training round: 360		accuracy = 0.515500009059906
Training round: 361		accuracy = 0.5095999836921692
Training round: 362		accuracy = 0.5178999900817871
Training round: 363		accuracy = 0.5252000093460083
Training round: 364		accuracy = 0.38530001044273376
Training round: 365		accuracy = 0.17170000076293945
Training round: 366		accuracy = 0.5006999969482422
Training round: 367		accuracy = 0.14970000088214874
Training round: 368		accuracy = 0.25519999861717224
Training round: 369		accuracy = 0.2888999879360199
Training round: 370		accuracy = 0.5288000106811523
Training round: 371		accuracy = 0.15309999883174896
Training round: 372		accuracy = 0.507099986076355
Training round: 373		accuracy = 0.14489999413490295
Training round: 374		accuracy = 0.5110999941825867
Training round: 375		accuracy = 0.4943999946117401
Training round: 376		accuracy = 0.1665000021457672
Training round: 377		accuracy = 0.4699999988079071
Training round: 378		accuracy = 0.5020999908447266
Training round: 379		accuracy = 0.49729999899864197
Training round: 380		accuracy = 0.1559000015258789
Training round: 381		accuracy = 0.13199999928474426
Training round: 382		accuracy = 0.46480000019073486
Training round: 383		accuracy = 0.23929999768733978
Training round: 384		accuracy = 0.3546999990940094
Training round: 385		accuracy = 0.29420000314712524
Training round: 386		accuracy = 0.289900004863739
Training round: 387		accuracy = 0.2800000011920929
Training round: 388		accuracy = 0.15839999914169312
Training round: 389		accuracy = 0.14190000295639038
Training round: 390		accuracy = 0.20659999549388885
Training round: 391		accuracy = 0.2574999928474426
Training round: 392		accuracy = 0.5022000074386597
Training round: 393		accuracy = 0.2280000001192093
Training round: 394		accuracy = 0.5027999877929688
Training round: 395		accuracy = 0.19040000438690186
Training round: 396		accuracy = 0.5404999852180481
Training round: 397		accuracy = 0.2542000114917755
Training round: 398		accuracy = 0.17409999668598175
Training round: 399		accuracy = 0.2020999938249588
Training round: 400		accuracy = 0.219200000166893
Training round: 401		accuracy = 0.5372999906539917
Training round: 402		accuracy = 0.2865999937057495
Training round: 403		accuracy = 0.1703999936580658
Training round: 404		accuracy = 0.5024999976158142
Training round: 405		accuracy = 0.5109000205993652
Training round: 406		accuracy = 0.534600019454956
Training round: 407		accuracy = 0.4952999949455261
Training round: 408		accuracy = 0.5309000015258789
Training round: 409		accuracy = 0.3043999969959259
Training round: 410		accuracy = 0.44690001010894775
Training round: 411		accuracy = 0.48649999499320984
Training round: 412		accuracy = 0.5254999995231628
Training round: 413		accuracy = 0.3637999892234802
Training round: 414		accuracy = 0.5134000182151794
Training round: 415		accuracy = 0.20020000636577606
Training round: 416		accuracy = 0.313400000333786
Training round: 417		accuracy = 0.20600000023841858
Training round: 418		accuracy = 0.22220000624656677
Training round: 419		accuracy = 0.4918999969959259
Training round: 420		accuracy = 0.19280000030994415
Training round: 421		accuracy = 0.32839998602867126
Training round: 422		accuracy = 0.4921000003814697
Training round: 423		accuracy = 0.17389999330043793
Training round: 424		accuracy = 0.17990000545978546
Training round: 425		accuracy = 0.14980000257492065
Training round: 426		accuracy = 0.11949999630451202
Training round: 427		accuracy = 0.5221999883651733
Training round: 428		accuracy = 0.2953000068664551
Training round: 429		accuracy = 0.29899999499320984
Training round: 430		accuracy = 0.2924000024795532
Training round: 431		accuracy = 0.13920000195503235
Training round: 432		accuracy = 0.5236999988555908
Training round: 433		accuracy = 0.19009999930858612
Training round: 434		accuracy = 0.5281000137329102
Training round: 435		accuracy = 0.18240000307559967
Training round: 436		accuracy = 0.20200000703334808
Training round: 437		accuracy = 0.35989999771118164
Training round: 438		accuracy = 0.17720000445842743
Training round: 439		accuracy = 0.47040000557899475
Training round: 440		accuracy = 0.23659999668598175
Training round: 441		accuracy = 0.5078999996185303
Training round: 442		accuracy = 0.15700000524520874
Training round: 443		accuracy = 0.18629999458789825
Training round: 444		accuracy = 0.4684000015258789
Training round: 445		accuracy = 0.34290000796318054
Training round: 446		accuracy = 0.16940000653266907
Training round: 447		accuracy = 0.13930000364780426
Training round: 448		accuracy = 0.15889999270439148
Training round: 449		accuracy = 0.2955000102519989
Training round: 450		accuracy = 0.32030001282691956
Training round: 451		accuracy = 0.49810001254081726
Training round: 452		accuracy = 0.5163999795913696
Training round: 453		accuracy = 0.15379999577999115
Training round: 454		accuracy = 0.47699999809265137
Training round: 455		accuracy = 0.3407000005245209
Training round: 456		accuracy = 0.17669999599456787
Training round: 457		accuracy = 0.14550000429153442
Training round: 458		accuracy = 0.14409999549388885
Training round: 459		accuracy = 0.1265999972820282
Training round: 460		accuracy = 0.12690000236034393
Training round: 461		accuracy = 0.1632000058889389
Training round: 462		accuracy = 0.3116999864578247
Training round: 463		accuracy = 0.19550000131130219
Training round: 464		accuracy = 0.477400004863739
Training round: 465		accuracy = 0.296999990940094
Training round: 466		accuracy = 0.17430000007152557
Training round: 467		accuracy = 0.1784999966621399
Training round: 468		accuracy = 0.1527000069618225
Training round: 469		accuracy = 0.24230000376701355
Training round: 470		accuracy = 0.14319999516010284
Training round: 471		accuracy = 0.13109999895095825
Training round: 472		accuracy = 0.20190000534057617
Training round: 473		accuracy = 0.5009999871253967
Training round: 474		accuracy = 0.5218999981880188
Training round: 475		accuracy = 0.5109000205993652
Training round: 476		accuracy = 0.4458000063896179
Training round: 477		accuracy = 0.4860000014305115
Training round: 478		accuracy = 0.3684999942779541
Training round: 479		accuracy = 0.5020999908447266
Training round: 480		accuracy = 0.15109999477863312
Training round: 481		accuracy = 0.520799994468689
Training round: 482		accuracy = 0.3027999997138977
Training round: 483		accuracy = 0.4984999895095825
Training round: 484		accuracy = 0.2410999983549118
Training round: 485		accuracy = 0.20069999992847443
Training round: 486		accuracy = 0.2515999972820282
Training round: 487		accuracy = 0.24969999492168427
Training round: 488		accuracy = 0.4900999963283539
Training round: 489		accuracy = 0.4668000042438507
Training round: 490		accuracy = 0.32760000228881836
Training round: 491		accuracy = 0.3345000147819519
Training round: 492		accuracy = 0.20669999718666077
Training round: 493		accuracy = 0.302700012922287
Training round: 494		accuracy = 0.5577999949455261
Training round: 495		accuracy = 0.5203999876976013
Training round: 496		accuracy = 0.30489999055862427
Training round: 497		accuracy = 0.4869999885559082
Training round: 498		accuracy = 0.5203999876976013
Training round: 499		accuracy = 0.33410000801086426
Training round: 500		accuracy = 0.19920000433921814
Training round: 501		accuracy = 0.1543000042438507
Training round: 502		accuracy = 0.16200000047683716
Training round: 503		accuracy = 0.4666999876499176
Training round: 504		accuracy = 0.2833000123500824
Training round: 505		accuracy = 0.19220000505447388
Training round: 506		accuracy = 0.22380000352859497
Training round: 507		accuracy = 0.5364999771118164
Training round: 508		accuracy = 0.22769999504089355
Training round: 509		accuracy = 0.2003999948501587
Training round: 510		accuracy = 0.34299999475479126
Training round: 511		accuracy = 0.2563000023365021
Training round: 512		accuracy = 0.17569999396800995
Training round: 513		accuracy = 0.5063999891281128
Training round: 514		accuracy = 0.4625000059604645
Training round: 515		accuracy = 0.4339999854564667
Training round: 516		accuracy = 0.19859999418258667
Training round: 517		accuracy = 0.517799973487854
Training round: 518		accuracy = 0.19580000638961792
Training round: 519		accuracy = 0.18119999766349792
Training round: 520		accuracy = 0.195700004696846
Training round: 521		accuracy = 0.5340999960899353
Training round: 522		accuracy = 0.4708000123500824
Training round: 523		accuracy = 0.23909999430179596
Training round: 524		accuracy = 0.2630000114440918
Training round: 525		accuracy = 0.15700000524520874
Training round: 526		accuracy = 0.16760000586509705
Training round: 527		accuracy = 0.5101000070571899
Training round: 528		accuracy = 0.2587999999523163
Training round: 529		accuracy = 0.5532000064849854
Training round: 530		accuracy = 0.32249999046325684
Training round: 531		accuracy = 0.48330000042915344
Training round: 532		accuracy = 0.5073999762535095
Training round: 533		accuracy = 0.2842999994754791
Training round: 534		accuracy = 0.21160000562667847
Training round: 535		accuracy = 0.4848000109195709
Training round: 536		accuracy = 0.21439999341964722
Training round: 537		accuracy = 0.2092999964952469
Training round: 538		accuracy = 0.28279998898506165
Training round: 539		accuracy = 0.51910001039505
Training round: 540		accuracy = 0.2232999950647354
Training round: 541		accuracy = 0.2451000064611435
Training round: 542		accuracy = 0.14839999377727509
Training round: 543		accuracy = 0.11540000140666962
Training round: 544		accuracy = 0.12759999930858612
Training round: 545		accuracy = 0.22419999539852142
Training round: 546		accuracy = 0.1316000074148178
Training round: 547		accuracy = 0.5493999719619751
Training round: 548		accuracy = 0.18379999697208405
Training round: 549		accuracy = 0.5054000020027161
Training round: 550		accuracy = 0.26660001277923584
Training round: 551		accuracy = 0.4666000008583069
Training round: 552		accuracy = 0.15199999511241913
Training round: 553		accuracy = 0.5426999926567078
Training round: 554		accuracy = 0.52920001745224
Training round: 555		accuracy = 0.48820000886917114
Training round: 556		accuracy = 0.5425999760627747
Training round: 557		accuracy = 0.5616999864578247
Training round: 558		accuracy = 0.21889999508857727
Training round: 559		accuracy = 0.5160999894142151
Training round: 560		accuracy = 0.5515999794006348
Training round: 561		accuracy = 0.14659999310970306
Training round: 562		accuracy = 0.29589998722076416
Training round: 563		accuracy = 0.16439999639987946
Training round: 564		accuracy = 0.148499995470047
Training round: 565		accuracy = 0.30630001425743103
Training round: 566		accuracy = 0.3037000000476837
Training round: 567		accuracy = 0.3093000054359436
Training round: 568		accuracy = 0.5284000039100647
Training round: 569		accuracy = 0.4966999888420105
Training round: 570		accuracy = 0.5056999921798706
Training round: 571		accuracy = 0.19179999828338623
Training round: 572		accuracy = 0.4936000108718872
Training round: 573		accuracy = 0.4844000041484833
Training round: 574		accuracy = 0.17900000512599945
Training round: 575		accuracy = 0.16619999706745148
Training round: 576		accuracy = 0.22679999470710754
Training round: 577		accuracy = 0.5153999924659729
Training round: 578		accuracy = 0.24300000071525574
Training round: 579		accuracy = 0.23010000586509705
Training round: 580		accuracy = 0.5008000135421753
Training round: 581		accuracy = 0.28600001335144043
Training round: 582		accuracy = 0.24379999935626984
Training round: 583		accuracy = 0.3278999924659729
Training round: 584		accuracy = 0.26989999413490295
Training round: 585		accuracy = 0.453000009059906
Training round: 586		accuracy = 0.49470001459121704
Training round: 587		accuracy = 0.5325000286102295
Training round: 588		accuracy = 0.26170000433921814
Training round: 589		accuracy = 0.47679999470710754
Training round: 590		accuracy = 0.5095000267028809
Training round: 591		accuracy = 0.47859999537467957
Training round: 592		accuracy = 0.491100013256073
Training round: 593		accuracy = 0.19900000095367432
Training round: 594		accuracy = 0.49309998750686646
Training round: 595		accuracy = 0.5131999850273132
Training round: 596		accuracy = 0.38940000534057617
Training round: 597		accuracy = 0.23499999940395355
Training round: 598		accuracy = 0.2685999870300293
Training round: 599		accuracy = 0.48399999737739563
Training round: 600		accuracy = 0.5120999813079834
Training round: 601		accuracy = 0.34450000524520874
Training round: 602		accuracy = 0.18479999899864197
Training round: 603		accuracy = 0.13920000195503235
Training round: 604		accuracy = 0.5418000221252441
Training round: 605		accuracy = 0.28459998965263367
Training round: 606		accuracy = 0.1446000039577484
Training round: 607		accuracy = 0.5462999939918518
Training round: 608		accuracy = 0.262800008058548
Training round: 609		accuracy = 0.16609999537467957
Training round: 610		accuracy = 0.4805000126361847
Training round: 611		accuracy = 0.27649998664855957
Training round: 612		accuracy = 0.2800000011920929
Training round: 613		accuracy = 0.16179999709129333
Training round: 614		accuracy = 0.47600001096725464
Training round: 615		accuracy = 0.35920000076293945
Training round: 616		accuracy = 0.1964000016450882
Training round: 617		accuracy = 0.20350000262260437
Training round: 618		accuracy = 0.49729999899864197
Training round: 619		accuracy = 0.5238999724388123
Training round: 620		accuracy = 0.21310000121593475
Training round: 621		accuracy = 0.4869000017642975
Training round: 622		accuracy = 0.14920000731945038
Training round: 623		accuracy = 0.5924999713897705
Training round: 624		accuracy = 0.2084999978542328
Training round: 625		accuracy = 0.2879999876022339
Training round: 626		accuracy = 0.2964000105857849
Training round: 627		accuracy = 0.5593000054359436
Training round: 628		accuracy = 0.3203999996185303
Training round: 629		accuracy = 0.15960000455379486
Training round: 630		accuracy = 0.5401999950408936
Training round: 631		accuracy = 0.3140000104904175
Training round: 632		accuracy = 0.24650000035762787
Training round: 633		accuracy = 0.5519000291824341
Training round: 634		accuracy = 0.51910001039505
Training round: 635		accuracy = 0.5340999960899353
Training round: 636		accuracy = 0.5242000222206116
Training round: 637		accuracy = 0.5497999787330627
Training round: 638		accuracy = 0.3084000051021576
Training round: 639		accuracy = 0.26429998874664307
Training round: 640		accuracy = 0.5453000068664551
Training round: 641		accuracy = 0.18080000579357147
Training round: 642		accuracy = 0.5723999738693237
Training round: 643		accuracy = 0.18539999425411224
Training round: 644		accuracy = 0.4715000092983246
Training round: 645		accuracy = 0.5378999710083008
Training round: 646		accuracy = 0.23270000517368317
Training round: 647		accuracy = 0.5485000014305115
Training round: 648		accuracy = 0.3312000036239624
Training round: 649		accuracy = 0.28870001435279846
Training round: 650		accuracy = 0.2493000030517578
Training round: 651		accuracy = 0.2705000042915344
Training round: 652		accuracy = 0.5202000141143799
Training round: 653		accuracy = 0.30630001425743103
Training round: 654		accuracy = 0.4756999909877777
Training round: 655		accuracy = 0.15790000557899475
Training round: 656		accuracy = 0.5113999843597412
Training round: 657		accuracy = 0.484499990940094
Training round: 658		accuracy = 0.490200012922287
Training round: 659		accuracy = 0.19089999794960022
Training round: 660		accuracy = 0.2777000069618225
Training round: 661		accuracy = 0.47209998965263367
Training round: 662		accuracy = 0.30320000648498535
Training round: 663		accuracy = 0.19900000095367432
Training round: 664		accuracy = 0.16279999911785126
Training round: 665		accuracy = 0.24969999492168427
Training round: 666		accuracy = 0.47209998965263367
Training round: 667		accuracy = 0.5559999942779541
Training round: 668		accuracy = 0.5127999782562256
Training round: 669		accuracy = 0.12300000339746475
Training round: 670		accuracy = 0.14239999651908875
Training round: 671		accuracy = 0.1315000057220459
Training round: 672		accuracy = 0.11940000206232071
Training round: 673		accuracy = 0.27379998564720154
Training round: 674		accuracy = 0.14900000393390656
Training round: 675		accuracy = 0.46299999952316284
Training round: 676		accuracy = 0.12849999964237213
Training round: 677		accuracy = 0.14259999990463257
Training round: 678		accuracy = 0.2922999858856201
Training round: 679		accuracy = 0.11990000307559967
Training round: 680		accuracy = 0.19939999282360077
Training round: 681		accuracy = 0.5666999816894531
Training round: 682		accuracy = 0.5386000275611877
Training round: 683		accuracy = 0.5515999794006348
Training round: 684		accuracy = 0.5443999767303467
Training round: 685		accuracy = 0.16660000383853912
Training round: 686		accuracy = 0.17880000174045563
Training round: 687		accuracy = 0.13609999418258667
Training round: 688		accuracy = 0.14139999449253082
Training round: 689		accuracy = 0.2718999981880188
Training round: 690		accuracy = 0.1843000054359436
Training round: 691		accuracy = 0.23309999704360962
Training round: 692		accuracy = 0.576200008392334
Training round: 693		accuracy = 0.23170000314712524
Training round: 694		accuracy = 0.5475000143051147
Training round: 695		accuracy = 0.32249999046325684
Training round: 696		accuracy = 0.2328999936580658
Training round: 697		accuracy = 0.18979999423027039
Training round: 698		accuracy = 0.2775000035762787
Training round: 699		accuracy = 0.16329999268054962
Training round: 700		accuracy = 0.16509999334812164
Training round: 701		accuracy = 0.14030000567436218
Training round: 702		accuracy = 0.5371000170707703
Training round: 703		accuracy = 0.47269999980926514
Training round: 704		accuracy = 0.15440000593662262
Training round: 705		accuracy = 0.31859999895095825
Training round: 706		accuracy = 0.47600001096725464
Training round: 707		accuracy = 0.5383999943733215
Training round: 708		accuracy = 0.4999000132083893
Training round: 709		accuracy = 0.4932999908924103
Training round: 710		accuracy = 0.2669000029563904
Training round: 711		accuracy = 0.271699994802475
Training round: 712		accuracy = 0.2248000055551529
Training round: 713		accuracy = 0.5202999711036682
Training round: 714		accuracy = 0.20509999990463257
Training round: 715		accuracy = 0.515500009059906
Training round: 716		accuracy = 0.23399999737739563
Training round: 717		accuracy = 0.1890999972820282
Training round: 718		accuracy = 0.48910000920295715
Training round: 719		accuracy = 0.4537999927997589
Training round: 720		accuracy = 0.30140000581741333
Training round: 721		accuracy = 0.49320000410079956
Training round: 722		accuracy = 0.19949999451637268
Training round: 723		accuracy = 0.2930000126361847
Training round: 724		accuracy = 0.477400004863739
Training round: 725		accuracy = 0.5019999742507935
Training round: 726		accuracy = 0.2597000002861023
Training round: 727		accuracy = 0.5303000211715698
Training round: 728		accuracy = 0.1306000053882599
Training round: 729		accuracy = 0.1356000006198883
Training round: 730		accuracy = 0.4846999943256378
Training round: 731		accuracy = 0.5498999953269958
Training round: 732		accuracy = 0.3702999949455261
Training round: 733		accuracy = 0.14790000021457672
Training round: 734		accuracy = 0.15479999780654907
Training round: 735		accuracy = 0.1160999983549118
Training round: 736		accuracy = 0.1598999947309494
Training round: 737		accuracy = 0.46790000796318054
Training round: 738		accuracy = 0.272599995136261
Training round: 739		accuracy = 0.501800000667572
Training round: 740		accuracy = 0.13099999725818634
Training round: 741		accuracy = 0.23489999771118164
Training round: 742		accuracy = 0.2508000135421753
Training round: 743		accuracy = 0.49380001425743103
Training round: 744		accuracy = 0.5113999843597412
Training round: 745		accuracy = 0.2872999906539917
Training round: 746		accuracy = 0.1670999974012375
Training round: 747		accuracy = 0.23409999907016754
Training round: 748		accuracy = 0.5357000231742859
Training round: 749		accuracy = 0.27619999647140503
Training round: 750		accuracy = 0.36489999294281006
Training round: 751		accuracy = 0.5325000286102295
Training round: 752		accuracy = 0.5388000011444092
Training round: 753		accuracy = 0.40799999237060547
Training round: 754		accuracy = 0.5501000285148621
Training round: 755		accuracy = 0.3089999854564667
Training round: 756		accuracy = 0.21770000457763672
Training round: 757		accuracy = 0.1606999933719635
Training round: 758		accuracy = 0.19449999928474426
Training round: 759		accuracy = 0.23389999568462372
Training round: 760		accuracy = 0.5156999826431274
Training round: 761		accuracy = 0.23569999635219574
Training round: 762		accuracy = 0.2705000042915344
Training round: 763		accuracy = 0.16189999878406525
Training round: 764		accuracy = 0.5530999898910522
Training round: 765		accuracy = 0.3192000091075897
Training round: 766		accuracy = 0.5616000294685364
Training round: 767		accuracy = 0.5192999839782715
Training round: 768		accuracy = 0.24779999256134033
Training round: 769		accuracy = 0.5647000074386597
Training round: 770		accuracy = 0.2809999883174896
Training round: 771		accuracy = 0.1818999946117401
Training round: 772		accuracy = 0.14480000734329224
Training round: 773		accuracy = 0.4867999851703644
Training round: 774		accuracy = 0.22020000219345093
Training round: 775		accuracy = 0.25920000672340393
Training round: 776		accuracy = 0.46889999508857727
Training round: 777		accuracy = 0.13269999623298645
Training round: 778		accuracy = 0.1834000051021576
Training round: 779		accuracy = 0.12380000203847885
Training round: 780		accuracy = 0.29190000891685486
Training round: 781		accuracy = 0.5227000117301941
Training round: 782		accuracy = 0.25540000200271606
Training round: 783		accuracy = 0.5763000249862671
Training round: 784		accuracy = 0.16009999811649323
Training round: 785		accuracy = 0.15889999270439148
Training round: 786		accuracy = 0.2289000004529953
Training round: 787		accuracy = 0.21809999644756317
Training round: 788		accuracy = 0.4844000041484833
Training round: 789		accuracy = 0.47380000352859497
Training round: 790		accuracy = 0.14880000054836273
Training round: 791		accuracy = 0.47519999742507935
Training round: 792		accuracy = 0.21449999511241913
Training round: 793		accuracy = 0.49880000948905945
Training round: 794		accuracy = 0.17659999430179596
Training round: 795		accuracy = 0.16580000519752502
Training round: 796		accuracy = 0.4837999939918518
Training round: 797		accuracy = 0.13819999992847443
Training round: 798		accuracy = 0.25859999656677246
Training round: 799		accuracy = 0.28439998626708984
Training round: 800		accuracy = 0.1363999992609024
Training round: 801		accuracy = 0.5184999704360962
Training round: 802		accuracy = 0.352400004863739
Training round: 803		accuracy = 0.3255999982357025
Training round: 804		accuracy = 0.3212999999523163
Training round: 805		accuracy = 0.5547000169754028
Training round: 806		accuracy = 0.2581000030040741
Training round: 807		accuracy = 0.5457000136375427
Training round: 808		accuracy = 0.15549999475479126
Training round: 809		accuracy = 0.14730000495910645
Training round: 810		accuracy = 0.1889999955892563
Training round: 811		accuracy = 0.5863999724388123
Training round: 812		accuracy = 0.47269999980926514
Training round: 813		accuracy = 0.31769999861717224
Training round: 814		accuracy = 0.17470000684261322
Training round: 815		accuracy = 0.2563000023365021
Training round: 816		accuracy = 0.5249000191688538
Training round: 817		accuracy = 0.2766999900341034
Training round: 818		accuracy = 0.16670000553131104
Training round: 819		accuracy = 0.46059998869895935
Training round: 820		accuracy = 0.3019999861717224
Training round: 821		accuracy = 0.2240999937057495
Training round: 822		accuracy = 0.15119999647140503
Training round: 823		accuracy = 0.14350000023841858
Training round: 824		accuracy = 0.262800008058548
Training round: 825		accuracy = 0.2402999997138977
Training round: 826		accuracy = 0.14409999549388885
Training round: 827		accuracy = 0.2328999936580658
Training round: 828		accuracy = 0.579200029373169
Training round: 829		accuracy = 0.5041999816894531
Training round: 830		accuracy = 0.5077000260353088
Training round: 831		accuracy = 0.527999997138977
Training round: 832		accuracy = 0.2549999952316284
Training round: 833		accuracy = 0.5144000053405762
Training round: 834		accuracy = 0.272599995136261
Training round: 835		accuracy = 0.1404999941587448
Training round: 836		accuracy = 0.2572000026702881
Training round: 837		accuracy = 0.2865999937057495
Training round: 838		accuracy = 0.21449999511241913
Training round: 839		accuracy = 0.32030001282691956
Training round: 840		accuracy = 0.186599999666214
Training round: 841		accuracy = 0.25529998540878296
Training round: 842		accuracy = 0.5454000234603882
Training round: 843		accuracy = 0.16060000658035278
Training round: 844		accuracy = 0.5133000016212463
Training round: 845		accuracy = 0.2955000102519989
Training round: 846		accuracy = 0.5284000039100647
Training round: 847		accuracy = 0.5274999737739563
Training round: 848		accuracy = 0.36000001430511475
Training round: 849		accuracy = 0.18240000307559967
Training round: 850		accuracy = 0.211899995803833
Training round: 851		accuracy = 0.2858000099658966
Training round: 852		accuracy = 0.23100000619888306
Training round: 853		accuracy = 0.1941000074148178
Training round: 854		accuracy = 0.28139999508857727
Training round: 855		accuracy = 0.303600013256073
Training round: 856		accuracy = 0.5199000239372253
Training round: 857		accuracy = 0.24320000410079956
Training round: 858		accuracy = 0.19099999964237213
Training round: 859		accuracy = 0.5450999736785889
Training round: 860		accuracy = 0.3001999855041504
Training round: 861		accuracy = 0.5702999830245972
Training round: 862		accuracy = 0.34049999713897705
Training round: 863		accuracy = 0.2303999960422516
Training round: 864		accuracy = 0.4936999976634979
Training round: 865		accuracy = 0.5619000196456909
Training round: 866		accuracy = 0.18809999525547028
Training round: 867		accuracy = 0.24320000410079956
Training round: 868		accuracy = 0.17800000309944153
Training round: 869		accuracy = 0.24199999868869781
Training round: 870		accuracy = 0.227400004863739
Training round: 871		accuracy = 0.48500001430511475
Training round: 872		accuracy = 0.1509000062942505
Training round: 873		accuracy = 0.5593000054359436
Training round: 874		accuracy = 0.2953000068664551
Training round: 875		accuracy = 0.5602999925613403
Training round: 876		accuracy = 0.251800000667572
Training round: 877		accuracy = 0.5024999976158142
Training round: 878		accuracy = 0.5163000226020813
Training round: 879		accuracy = 0.538100004196167
Training round: 880		accuracy = 0.3626999855041504
Training round: 881		accuracy = 0.32350000739097595
Training round: 882		accuracy = 0.20739999413490295
Training round: 883		accuracy = 0.4781000018119812
Training round: 884		accuracy = 0.20319999754428864
Training round: 885		accuracy = 0.5572999715805054
Training round: 886		accuracy = 0.25189998745918274
Training round: 887		accuracy = 0.13680000603199005
Training round: 888		accuracy = 0.273499995470047
Training round: 889		accuracy = 0.28949999809265137
Training round: 890		accuracy = 0.13220000267028809
Training round: 891		accuracy = 0.15440000593662262
Training round: 892		accuracy = 0.15880000591278076
Training round: 893		accuracy = 0.4982999861240387
Training round: 894		accuracy = 0.14920000731945038
Training round: 895		accuracy = 0.13910000026226044
Training round: 896		accuracy = 0.46239998936653137
Training round: 897		accuracy = 0.5059000253677368
Training round: 898		accuracy = 0.5113000273704529
Training round: 899		accuracy = 0.12710000574588776
Training round: 900		accuracy = 0.17960000038146973
Training round: 901		accuracy = 0.1914999932050705
Training round: 902		accuracy = 0.18629999458789825
Training round: 903		accuracy = 0.5375000238418579
Training round: 904		accuracy = 0.2662000060081482
Training round: 905		accuracy = 0.26350000500679016
Training round: 906		accuracy = 0.5317999720573425
Training round: 907		accuracy = 0.33809998631477356
Training round: 908		accuracy = 0.5677000284194946
Training round: 909		accuracy = 0.19419999420642853
Training round: 910		accuracy = 0.5687999725341797
Training round: 911		accuracy = 0.31700000166893005
Training round: 912		accuracy = 0.1460999995470047
Training round: 913		accuracy = 0.14910000562667847
Training round: 914		accuracy = 0.5047000050544739
Training round: 915		accuracy = 0.4392000138759613
Training round: 916		accuracy = 0.48429998755455017
Training round: 917		accuracy = 0.13539999723434448
Training round: 918		accuracy = 0.5133000016212463
Training round: 919		accuracy = 0.3301999866962433
Training round: 920		accuracy = 0.5896999835968018
Training round: 921		accuracy = 0.5435000061988831
Training round: 922		accuracy = 0.4805000126361847
Training round: 923		accuracy = 0.1581999957561493
Training round: 924		accuracy = 0.27480000257492065
Training round: 925		accuracy = 0.5608999729156494
Training round: 926		accuracy = 0.13050000369548798
Training round: 927		accuracy = 0.5321999788284302
Training round: 928		accuracy = 0.2694000005722046
Training round: 929		accuracy = 0.5601999759674072
Training round: 930		accuracy = 0.3057999908924103
Training round: 931		accuracy = 0.17749999463558197
Training round: 932		accuracy = 0.17430000007152557
Training round: 933		accuracy = 0.13529999554157257
Training round: 934		accuracy = 0.1371999979019165
Training round: 935		accuracy = 0.47839999198913574
Training round: 936		accuracy = 0.2547000050544739
Training round: 937		accuracy = 0.12720000743865967
Training round: 938		accuracy = 0.12710000574588776
Training round: 939		accuracy = 0.5328999757766724
Training round: 940		accuracy = 0.2800999879837036
Training round: 941		accuracy = 0.26339998841285706
Training round: 942		accuracy = 0.14169999957084656
Training round: 943		accuracy = 0.5151000022888184
Training round: 944		accuracy = 0.22499999403953552
Training round: 945		accuracy = 0.1387999951839447
Training round: 946		accuracy = 0.26980000734329224
Training round: 947		accuracy = 0.23569999635219574
Training round: 948		accuracy = 0.5317000150680542
Training round: 949		accuracy = 0.2558000087738037
Training round: 950		accuracy = 0.13030000030994415
Training round: 951		accuracy = 0.1370999962091446
Training round: 952		accuracy = 0.45660001039505005
Training round: 953		accuracy = 0.32179999351501465
Training round: 954		accuracy = 0.2476000040769577
Training round: 955		accuracy = 0.20059999823570251
Training round: 956		accuracy = 0.15690000355243683
Training round: 957		accuracy = 0.53329998254776
Training round: 958		accuracy = 0.25850000977516174
Training round: 959		accuracy = 0.519599974155426
Training round: 960		accuracy = 0.4431000053882599
Training round: 961		accuracy = 0.5989000201225281
Training round: 962		accuracy = 0.5443000197410583
Training round: 963		accuracy = 0.1907999962568283
Training round: 964		accuracy = 0.5220999717712402
Training round: 965		accuracy = 0.5090000033378601
Training round: 966		accuracy = 0.5321999788284302
Training round: 967		accuracy = 0.5
Training round: 968		accuracy = 0.5785999894142151
Training round: 969		accuracy = 0.32019999623298645
Training round: 970		accuracy = 0.49309998750686646
Training round: 971		accuracy = 0.5163000226020813
Training round: 972		accuracy = 0.5659000277519226
Training round: 973		accuracy = 0.529699981212616
Training round: 974		accuracy = 0.3452000021934509
Training round: 975		accuracy = 0.28529998660087585
Training round: 976		accuracy = 0.16089999675750732
Training round: 977		accuracy = 0.2741999924182892
Training round: 978		accuracy = 0.33009999990463257
Training round: 979		accuracy = 0.5408999919891357
Training round: 980		accuracy = 0.4964999854564667
Training round: 981		accuracy = 0.5214999914169312
Training round: 982		accuracy = 0.2660999894142151
Training round: 983		accuracy = 0.5069000124931335
Training round: 984		accuracy = 0.17820000648498535
Training round: 985		accuracy = 0.4880000054836273
Training round: 986		accuracy = 0.13420000672340393
Training round: 987		accuracy = 0.47690001130104065
Training round: 988		accuracy = 0.5659999847412109
Training round: 989		accuracy = 0.542900025844574
Training round: 990		accuracy = 0.21240000426769257
Training round: 991		accuracy = 0.1615999937057495
Training round: 992		accuracy = 0.12710000574588776
Training round: 993		accuracy = 0.26460000872612
Training round: 994		accuracy = 0.3305000066757202
Training round: 995		accuracy = 0.49320000410079956
Training round: 996		accuracy = 0.13079999387264252
Training round: 997		accuracy = 0.45249998569488525
Training round: 998		accuracy = 0.13300000131130219
Training round: 999		accuracy = 0.2809000015258789
Training round: 1000		accuracy = 0.22429999709129333
Training duration 10520.365028142929
