2021-08-21 22:39:51.639520: I tensorflow/stream_executor/platform/default/dso_loader.cc:49] Successfully opened dynamic library libcudart.so.11.0
2021-08-21 22:40:36.450431: I tensorflow/compiler/jit/xla_cpu_device.cc:41] Not creating XLA devices, tf_xla_enable_xla_devices not set
2021-08-21 22:40:36.495329: I tensorflow/stream_executor/platform/default/dso_loader.cc:49] Successfully opened dynamic library libcuda.so.1
2021-08-21 22:40:36.541775: I tensorflow/core/common_runtime/gpu/gpu_device.cc:1720] Found device 0 with properties: 
pciBusID: 0000:03:00.0 name: Tesla P100-PCIE-12GB computeCapability: 6.0
coreClock: 1.3285GHz coreCount: 56 deviceMemorySize: 11.91GiB deviceMemoryBandwidth: 511.41GiB/s
2021-08-21 22:40:36.542303: I tensorflow/stream_executor/platform/default/dso_loader.cc:49] Successfully opened dynamic library libcudart.so.11.0
2021-08-21 22:40:36.555031: I tensorflow/stream_executor/platform/default/dso_loader.cc:49] Successfully opened dynamic library libcublas.so.11
2021-08-21 22:40:36.555219: I tensorflow/stream_executor/platform/default/dso_loader.cc:49] Successfully opened dynamic library libcublasLt.so.11
2021-08-21 22:40:36.561487: I tensorflow/stream_executor/platform/default/dso_loader.cc:49] Successfully opened dynamic library libcufft.so.10
2021-08-21 22:40:36.564293: I tensorflow/stream_executor/platform/default/dso_loader.cc:49] Successfully opened dynamic library libcurand.so.10
2021-08-21 22:40:36.573855: I tensorflow/stream_executor/platform/default/dso_loader.cc:49] Successfully opened dynamic library libcusolver.so.10
2021-08-21 22:40:36.576416: I tensorflow/stream_executor/platform/default/dso_loader.cc:49] Successfully opened dynamic library libcusparse.so.11
2021-08-21 22:40:36.577412: I tensorflow/stream_executor/platform/default/dso_loader.cc:49] Successfully opened dynamic library libcudnn.so.8
2021-08-21 22:40:36.580728: I tensorflow/core/common_runtime/gpu/gpu_device.cc:1862] Adding visible gpu devices: 0
2021-08-21 22:40:36.584704: I tensorflow/core/platform/cpu_feature_guard.cc:142] This TensorFlow binary is optimized with oneAPI Deep Neural Network Library (oneDNN) to use the following CPU instructions in performance-critical operations:  AVX2 FMA
To enable them in other operations, rebuild TensorFlow with the appropriate compiler flags.
2021-08-21 22:40:36.585129: I tensorflow/compiler/jit/xla_gpu_device.cc:99] Not creating XLA devices, tf_xla_enable_xla_devices not set
2021-08-21 22:40:36.586635: I tensorflow/core/common_runtime/gpu/gpu_device.cc:1720] Found device 0 with properties: 
pciBusID: 0000:03:00.0 name: Tesla P100-PCIE-12GB computeCapability: 6.0
coreClock: 1.3285GHz coreCount: 56 deviceMemorySize: 11.91GiB deviceMemoryBandwidth: 511.41GiB/s
2021-08-21 22:40:36.586768: I tensorflow/stream_executor/platform/default/dso_loader.cc:49] Successfully opened dynamic library libcudart.so.11.0
2021-08-21 22:40:36.586884: I tensorflow/stream_executor/platform/default/dso_loader.cc:49] Successfully opened dynamic library libcublas.so.11
2021-08-21 22:40:36.586989: I tensorflow/stream_executor/platform/default/dso_loader.cc:49] Successfully opened dynamic library libcublasLt.so.11
2021-08-21 22:40:36.587091: I tensorflow/stream_executor/platform/default/dso_loader.cc:49] Successfully opened dynamic library libcufft.so.10
2021-08-21 22:40:36.587199: I tensorflow/stream_executor/platform/default/dso_loader.cc:49] Successfully opened dynamic library libcurand.so.10
2021-08-21 22:40:36.587309: I tensorflow/stream_executor/platform/default/dso_loader.cc:49] Successfully opened dynamic library libcusolver.so.10
2021-08-21 22:40:36.587416: I tensorflow/stream_executor/platform/default/dso_loader.cc:49] Successfully opened dynamic library libcusparse.so.11
2021-08-21 22:40:36.587519: I tensorflow/stream_executor/platform/default/dso_loader.cc:49] Successfully opened dynamic library libcudnn.so.8
2021-08-21 22:40:36.590244: I tensorflow/core/common_runtime/gpu/gpu_device.cc:1862] Adding visible gpu devices: 0
2021-08-21 22:40:36.590344: I tensorflow/stream_executor/platform/default/dso_loader.cc:49] Successfully opened dynamic library libcudart.so.11.0
2021-08-21 22:40:38.200499: I tensorflow/core/common_runtime/gpu/gpu_device.cc:1261] Device interconnect StreamExecutor with strength 1 edge matrix:
2021-08-21 22:40:38.200709: I tensorflow/core/common_runtime/gpu/gpu_device.cc:1267]      0 
2021-08-21 22:40:38.200845: I tensorflow/core/common_runtime/gpu/gpu_device.cc:1280] 0:   N 
2021-08-21 22:40:38.206379: I tensorflow/core/common_runtime/gpu/gpu_device.cc:1406] Created TensorFlow device (/job:localhost/replica:0/task:0/device:GPU:0 with 11119 MB memory) -> physical GPU (device: 0, name: Tesla P100-PCIE-12GB, pci bus id: 0000:03:00.0, compute capability: 6.0)
2021-08-21 22:40:48.857484: I tensorflow/compiler/mlir/mlir_graph_optimization_pass.cc:116] None of the MLIR optimization passes are enabled (registered 2)
2021-08-21 22:40:48.861051: I tensorflow/core/platform/profile_utils/cpu_utils.cc:112] CPU Frequency: 2200130000 Hz
2021-08-21 22:40:48.936276: I tensorflow/stream_executor/platform/default/dso_loader.cc:49] Successfully opened dynamic library libcublas.so.11
2021-08-21 22:40:49.307013: I tensorflow/stream_executor/platform/default/dso_loader.cc:49] Successfully opened dynamic library libcublasLt.so.11
2021-08-21 22:40:49.316660: I tensorflow/stream_executor/platform/default/dso_loader.cc:49] Successfully opened dynamic library libcudnn.so.8
2021-08-21 22:40:51.370792: W tensorflow/stream_executor/gpu/asm_compiler.cc:63] Running ptxas --version returned 256
2021-08-21 22:40:51.826490: W tensorflow/stream_executor/gpu/redzone_allocator.cc:314] Internal: ptxas exited with non-zero error code 256, output: 
Relying on driver to perform ptx compilation. 
Modify $PATH to customize ptxas location.
This message will be only logged once.
Training round: 1		accuracy = 0.6472463607788086
Training round: 2		accuracy = 0.6663768291473389
Training round: 3		accuracy = 0.6724637746810913
Training round: 4		accuracy = 0.6860869526863098
Training round: 5		accuracy = 0.6982608437538147
Training round: 6		accuracy = 0.7046377062797546
Training round: 7		accuracy = 0.695652186870575
Training round: 8		accuracy = 0.7095652222633362
Training round: 9		accuracy = 0.7034782767295837
Training round: 10		accuracy = 0.7049275636672974
Training round: 11		accuracy = 0.7185507416725159
Training round: 12		accuracy = 0.7078260779380798
Training round: 13		accuracy = 0.7139130234718323
Training round: 14		accuracy = 0.7153623104095459
Training round: 15		accuracy = 0.7365217208862305
Training round: 16		accuracy = 0.7246376872062683
Training round: 17		accuracy = 0.7344927787780762
Training round: 18		accuracy = 0.7226086854934692
Training round: 19		accuracy = 0.7234782576560974
Training round: 20		accuracy = 0.7281159162521362
Training round: 21		accuracy = 0.7315942049026489
Training round: 22		accuracy = 0.7295652031898499
Training round: 23		accuracy = 0.7278260588645935
Training round: 24		accuracy = 0.7318840622901917
Training round: 25		accuracy = 0.7318840622901917
Training round: 26		accuracy = 0.7368115782737732
Training round: 27		accuracy = 0.7298550605773926
Training round: 28		accuracy = 0.7263768315315247
Training round: 29		accuracy = 0.7353622913360596
Training round: 30		accuracy = 0.7356521487236023
Training round: 31		accuracy = 0.7321739196777344
Training round: 32		accuracy = 0.7344927787780762
Training round: 33		accuracy = 0.7344927787780762
Training round: 34		accuracy = 0.7353622913360596
Training round: 35		accuracy = 0.7347826361656189
Training round: 36		accuracy = 0.7353622913360596
Training round: 37		accuracy = 0.7342029213905334
Training round: 38		accuracy = 0.7356521487236023
Training round: 39		accuracy = 0.7289854884147644
Training round: 40		accuracy = 0.7365217208862305
Training round: 41		accuracy = 0.7379710078239441
Training round: 42		accuracy = 0.7379710078239441
Training round: 43		accuracy = 0.7382608652114868
Training round: 44		accuracy = 0.7385507225990295
Training round: 45		accuracy = 0.7388405799865723
Training round: 46		accuracy = 0.7405797243118286
Training round: 47		accuracy = 0.7388405799865723
Training round: 48		accuracy = 0.7405797243118286
Training round: 49		accuracy = 0.7400000095367432
Training round: 50		accuracy = 0.7405797243118286
Training round: 51		accuracy = 0.7408695816993713
Training round: 52		accuracy = 0.7414492964744568
Training round: 53		accuracy = 0.7394202947616577
Training round: 54		accuracy = 0.7397101521492004
Training round: 55		accuracy = 0.7420290112495422
Training round: 56		accuracy = 0.7405797243118286
Training round: 57		accuracy = 0.7402898669242859
Training round: 58		accuracy = 0.7388405799865723
Training round: 59		accuracy = 0.7379710078239441
Training round: 60		accuracy = 0.7414492964744568
Training round: 61		accuracy = 0.7431883811950684
Training round: 62		accuracy = 0.7402898669242859
Training round: 63		accuracy = 0.7428985238075256
Training round: 64		accuracy = 0.7414492964744568
Training round: 65		accuracy = 0.7431883811950684
Training round: 66		accuracy = 0.742318868637085
Training round: 67		accuracy = 0.7426086664199829
Training round: 68		accuracy = 0.742318868637085
Training round: 69		accuracy = 0.7434782385826111
Training round: 70		accuracy = 0.7437680959701538
Training round: 71		accuracy = 0.7431883811950684
Training round: 72		accuracy = 0.7443478107452393
Training round: 73		accuracy = 0.7431883811950684
Training round: 74		accuracy = 0.7431883811950684
Training round: 75		accuracy = 0.7426086664199829
Training round: 76		accuracy = 0.7452173829078674
Training round: 77		accuracy = 0.7428985238075256
Training round: 78		accuracy = 0.7437680959701538
Training round: 79		accuracy = 0.7457970976829529
Training round: 80		accuracy = 0.7449275255203247
Training round: 81		accuracy = 0.742318868637085
Training round: 82		accuracy = 0.7408695816993713
Training round: 83		accuracy = 0.7440579533576965
Training round: 84		accuracy = 0.7440579533576965
Training round: 85		accuracy = 0.7437680959701538
Training round: 86		accuracy = 0.7443478107452393
Training round: 87		accuracy = 0.7405797243118286
Training round: 88		accuracy = 0.7434782385826111
Training round: 89		accuracy = 0.7428985238075256
Training round: 90		accuracy = 0.7440579533576965
Training round: 91		accuracy = 0.7443478107452393
Training round: 92		accuracy = 0.7449275255203247
Training round: 93		accuracy = 0.742318868637085
Training round: 94		accuracy = 0.7414492964744568
Training round: 95		accuracy = 0.7452173829078674
Training round: 96		accuracy = 0.742318868637085
Training round: 97		accuracy = 0.744637668132782
Training round: 98		accuracy = 0.7431883811950684
Training round: 99		accuracy = 0.7431883811950684
Training round: 100		accuracy = 0.7434782385826111
Training duration 8424.842990398407
