2021-08-21 22:57:34.521177: I tensorflow/stream_executor/platform/default/dso_loader.cc:49] Successfully opened dynamic library libcudart.so.11.0
2021-08-21 22:57:59.623535: I tensorflow/compiler/jit/xla_cpu_device.cc:41] Not creating XLA devices, tf_xla_enable_xla_devices not set
2021-08-21 22:57:59.629264: I tensorflow/stream_executor/platform/default/dso_loader.cc:49] Successfully opened dynamic library libcuda.so.1
2021-08-21 22:57:59.706840: I tensorflow/core/common_runtime/gpu/gpu_device.cc:1720] Found device 0 with properties: 
pciBusID: 0000:86:00.0 name: Tesla V100-SXM2-32GB computeCapability: 7.0
coreClock: 1.53GHz coreCount: 80 deviceMemorySize: 31.75GiB deviceMemoryBandwidth: 836.37GiB/s
2021-08-21 22:57:59.707803: I tensorflow/stream_executor/platform/default/dso_loader.cc:49] Successfully opened dynamic library libcudart.so.11.0
2021-08-21 22:57:59.717795: I tensorflow/stream_executor/platform/default/dso_loader.cc:49] Successfully opened dynamic library libcublas.so.11
2021-08-21 22:57:59.717922: I tensorflow/stream_executor/platform/default/dso_loader.cc:49] Successfully opened dynamic library libcublasLt.so.11
2021-08-21 22:57:59.723024: I tensorflow/stream_executor/platform/default/dso_loader.cc:49] Successfully opened dynamic library libcufft.so.10
2021-08-21 22:57:59.726795: I tensorflow/stream_executor/platform/default/dso_loader.cc:49] Successfully opened dynamic library libcurand.so.10
2021-08-21 22:57:59.734139: I tensorflow/stream_executor/platform/default/dso_loader.cc:49] Successfully opened dynamic library libcusolver.so.10
2021-08-21 22:57:59.736110: I tensorflow/stream_executor/platform/default/dso_loader.cc:49] Successfully opened dynamic library libcusparse.so.11
2021-08-21 22:57:59.736784: I tensorflow/stream_executor/platform/default/dso_loader.cc:49] Successfully opened dynamic library libcudnn.so.8
2021-08-21 22:57:59.745554: I tensorflow/core/common_runtime/gpu/gpu_device.cc:1862] Adding visible gpu devices: 0
2021-08-21 22:57:59.751693: I tensorflow/core/platform/cpu_feature_guard.cc:142] This TensorFlow binary is optimized with oneAPI Deep Neural Network Library (oneDNN) to use the following CPU instructions in performance-critical operations:  AVX2 AVX512F FMA
To enable them in other operations, rebuild TensorFlow with the appropriate compiler flags.
2021-08-21 22:57:59.752158: I tensorflow/compiler/jit/xla_gpu_device.cc:99] Not creating XLA devices, tf_xla_enable_xla_devices not set
2021-08-21 22:57:59.758161: I tensorflow/core/common_runtime/gpu/gpu_device.cc:1720] Found device 0 with properties: 
pciBusID: 0000:86:00.0 name: Tesla V100-SXM2-32GB computeCapability: 7.0
coreClock: 1.53GHz coreCount: 80 deviceMemorySize: 31.75GiB deviceMemoryBandwidth: 836.37GiB/s
2021-08-21 22:57:59.758390: I tensorflow/stream_executor/platform/default/dso_loader.cc:49] Successfully opened dynamic library libcudart.so.11.0
2021-08-21 22:57:59.758529: I tensorflow/stream_executor/platform/default/dso_loader.cc:49] Successfully opened dynamic library libcublas.so.11
2021-08-21 22:57:59.758694: I tensorflow/stream_executor/platform/default/dso_loader.cc:49] Successfully opened dynamic library libcublasLt.so.11
2021-08-21 22:57:59.758858: I tensorflow/stream_executor/platform/default/dso_loader.cc:49] Successfully opened dynamic library libcufft.so.10
2021-08-21 22:57:59.758952: I tensorflow/stream_executor/platform/default/dso_loader.cc:49] Successfully opened dynamic library libcurand.so.10
2021-08-21 22:57:59.759045: I tensorflow/stream_executor/platform/default/dso_loader.cc:49] Successfully opened dynamic library libcusolver.so.10
2021-08-21 22:57:59.759137: I tensorflow/stream_executor/platform/default/dso_loader.cc:49] Successfully opened dynamic library libcusparse.so.11
2021-08-21 22:57:59.759237: I tensorflow/stream_executor/platform/default/dso_loader.cc:49] Successfully opened dynamic library libcudnn.so.8
2021-08-21 22:57:59.769956: I tensorflow/core/common_runtime/gpu/gpu_device.cc:1862] Adding visible gpu devices: 0
2021-08-21 22:57:59.770178: I tensorflow/stream_executor/platform/default/dso_loader.cc:49] Successfully opened dynamic library libcudart.so.11.0
2021-08-21 22:58:01.165774: I tensorflow/core/common_runtime/gpu/gpu_device.cc:1261] Device interconnect StreamExecutor with strength 1 edge matrix:
2021-08-21 22:58:01.165969: I tensorflow/core/common_runtime/gpu/gpu_device.cc:1267]      0 
2021-08-21 22:58:01.166067: I tensorflow/core/common_runtime/gpu/gpu_device.cc:1280] 0:   N 
2021-08-21 22:58:01.176441: I tensorflow/core/common_runtime/gpu/gpu_device.cc:1406] Created TensorFlow device (/job:localhost/replica:0/task:0/device:GPU:0 with 30130 MB memory) -> physical GPU (device: 0, name: Tesla V100-SXM2-32GB, pci bus id: 0000:86:00.0, compute capability: 7.0)
2021-08-21 22:58:08.995682: I tensorflow/compiler/mlir/mlir_graph_optimization_pass.cc:116] None of the MLIR optimization passes are enabled (registered 2)
2021-08-21 22:58:08.999737: I tensorflow/core/platform/profile_utils/cpu_utils.cc:112] CPU Frequency: 2100000000 Hz
2021-08-21 22:58:09.089574: I tensorflow/stream_executor/platform/default/dso_loader.cc:49] Successfully opened dynamic library libcublas.so.11
2021-08-21 22:58:09.671129: I tensorflow/stream_executor/platform/default/dso_loader.cc:49] Successfully opened dynamic library libcublasLt.so.11
2021-08-21 22:58:09.681870: I tensorflow/stream_executor/platform/default/dso_loader.cc:49] Successfully opened dynamic library libcudnn.so.8
2021-08-21 22:58:12.427098: W tensorflow/stream_executor/gpu/asm_compiler.cc:63] Running ptxas --version returned 256
2021-08-21 22:58:12.534599: W tensorflow/stream_executor/gpu/redzone_allocator.cc:314] Internal: ptxas exited with non-zero error code 256, output: 
Relying on driver to perform ptx compilation. 
Modify $PATH to customize ptxas location.
This message will be only logged once.
DeleteMutator started.
DeleteMutator finished.
Training round: 1		accuracy = 0.6550724506378174
Training round: 2		accuracy = 0.6556521654129028
Training round: 3		accuracy = 0.6550724506378174
Training round: 4		accuracy = 0.6544927358627319
Training round: 5		accuracy = 0.6550724506378174
Training round: 6		accuracy = 0.6550724506378174
Training round: 7		accuracy = 0.6550724506378174
Training round: 8		accuracy = 0.6547825932502747
Training round: 9		accuracy = 0.6550724506378174
Training round: 10		accuracy = 0.6553623080253601
Training round: 11		accuracy = 0.6550724506378174
Training round: 12		accuracy = 0.6550724506378174
Training round: 13		accuracy = 0.6527536511421204
Training round: 14		accuracy = 0.6562318801879883
Training round: 15		accuracy = 0.6550724506378174
Training round: 16		accuracy = 0.6536231637001038
Training round: 17		accuracy = 0.6559420228004456
Training round: 18		accuracy = 0.659710168838501
Training round: 19		accuracy = 0.6582608819007874
Training round: 20		accuracy = 0.6617391109466553
Training round: 21		accuracy = 0.6605796813964844
Training round: 22		accuracy = 0.6649275422096252
Training round: 23		accuracy = 0.662028968334198
Training round: 24		accuracy = 0.6669565439224243
Training round: 25		accuracy = 0.6646376848220825
Training round: 26		accuracy = 0.6715942025184631
Training round: 27		accuracy = 0.6698550581932068
Training round: 28		accuracy = 0.6715942025184631
Training round: 29		accuracy = 0.6695652008056641
Training round: 30		accuracy = 0.6730434894561768
Training round: 31		accuracy = 0.6733333468437195
Training round: 32		accuracy = 0.6739130616188049
Training round: 33		accuracy = 0.6765217185020447
Training round: 34		accuracy = 0.6753623485565186
Training round: 35		accuracy = 0.6773912906646729
Training round: 36		accuracy = 0.6771014332771301
Training round: 37		accuracy = 0.678260862827301
Training round: 38		accuracy = 0.6834782361984253
Training round: 39		accuracy = 0.6808695793151855
Training round: 40		accuracy = 0.6797101497650146
Training round: 41		accuracy = 0.6826087236404419
Training round: 42		accuracy = 0.6831883788108826
Training round: 43		accuracy = 0.6866666674613953
Training round: 44		accuracy = 0.6852173805236816
Training round: 45		accuracy = 0.6846376657485962
Training round: 46		accuracy = 0.6846376657485962
Training round: 47		accuracy = 0.6875362396240234
Training round: 48		accuracy = 0.6875362396240234
Training round: 49		accuracy = 0.6866666674613953
Training round: 50		accuracy = 0.6863768100738525
Training round: 51		accuracy = 0.6866666674613953
Training round: 52		accuracy = 0.6872463822364807
Training round: 53		accuracy = 0.6875362396240234
Training round: 54		accuracy = 0.6898550987243652
Training round: 55		accuracy = 0.6895652413368225
Training round: 56		accuracy = 0.6915941834449768
Training round: 57		accuracy = 0.6904347538948059
Training round: 58		accuracy = 0.6904347538948059
Training round: 59		accuracy = 0.6913043260574341
Training round: 60		accuracy = 0.6904347538948059
Training round: 61		accuracy = 0.6921738982200623
Training round: 62		accuracy = 0.6921738982200623
Training round: 63		accuracy = 0.6930434703826904
Training round: 64		accuracy = 0.6939130425453186
Training round: 65		accuracy = 0.6930434703826904
Training round: 66		accuracy = 0.6918840408325195
Training round: 67		accuracy = 0.6927536129951477
Training round: 68		accuracy = 0.6933333277702332
Training round: 69		accuracy = 0.6959420442581177
Training round: 70		accuracy = 0.695652186870575
Training round: 71		accuracy = 0.695652186870575
Training round: 72		accuracy = 0.695652186870575
Training round: 73		accuracy = 0.6959420442581177
Training round: 74		accuracy = 0.6953623294830322
Training round: 75		accuracy = 0.6959420442581177
Training round: 76		accuracy = 0.6962319016456604
Training round: 77		accuracy = 0.6973913311958313
Training round: 78		accuracy = 0.697970986366272
Training round: 79		accuracy = 0.697681188583374
Training round: 80		accuracy = 0.697970986366272
Training round: 81		accuracy = 0.6985507011413574
Training round: 82		accuracy = 0.6962319016456604
Training round: 83		accuracy = 0.697681188583374
Training round: 84		accuracy = 0.6988405585289001
Training round: 85		accuracy = 0.6985507011413574
Training round: 86		accuracy = 0.6991304159164429
Training round: 87		accuracy = 0.6988405585289001
Training round: 88		accuracy = 0.6988405585289001
Training round: 89		accuracy = 0.6994202733039856
Training round: 90		accuracy = 0.6982608437538147
Training round: 91		accuracy = 0.6985507011413574
Training round: 92		accuracy = 0.6994202733039856
Training round: 93		accuracy = 0.6988405585289001
Training round: 94		accuracy = 0.6991304159164429
Training round: 95		accuracy = 0.6988405585289001
Training round: 96		accuracy = 0.6997101306915283
Training round: 97		accuracy = 0.6997101306915283
Training round: 98		accuracy = 0.699999988079071
Training round: 99		accuracy = 0.6997101306915283
Training round: 100		accuracy = 0.6988405585289001
Training duration 5082.48571062088
