2021-08-21 22:52:54.968139: I tensorflow/stream_executor/platform/default/dso_loader.cc:49] Successfully opened dynamic library libcudart.so.11.0
2021-08-21 22:53:15.079715: I tensorflow/compiler/jit/xla_cpu_device.cc:41] Not creating XLA devices, tf_xla_enable_xla_devices not set
2021-08-21 22:53:15.081955: I tensorflow/stream_executor/platform/default/dso_loader.cc:49] Successfully opened dynamic library libcuda.so.1
2021-08-21 22:53:15.106535: I tensorflow/core/common_runtime/gpu/gpu_device.cc:1720] Found device 0 with properties: 
pciBusID: 0000:05:00.0 name: Tesla P100-PCIE-16GB computeCapability: 6.0
coreClock: 1.3285GHz coreCount: 56 deviceMemorySize: 15.90GiB deviceMemoryBandwidth: 681.88GiB/s
2021-08-21 22:53:15.106715: I tensorflow/stream_executor/platform/default/dso_loader.cc:49] Successfully opened dynamic library libcudart.so.11.0
2021-08-21 22:53:15.115519: I tensorflow/stream_executor/platform/default/dso_loader.cc:49] Successfully opened dynamic library libcublas.so.11
2021-08-21 22:53:15.115681: I tensorflow/stream_executor/platform/default/dso_loader.cc:49] Successfully opened dynamic library libcublasLt.so.11
2021-08-21 22:53:15.120816: I tensorflow/stream_executor/platform/default/dso_loader.cc:49] Successfully opened dynamic library libcufft.so.10
2021-08-21 22:53:15.123264: I tensorflow/stream_executor/platform/default/dso_loader.cc:49] Successfully opened dynamic library libcurand.so.10
2021-08-21 22:53:15.130703: I tensorflow/stream_executor/platform/default/dso_loader.cc:49] Successfully opened dynamic library libcusolver.so.10
2021-08-21 22:53:15.132742: I tensorflow/stream_executor/platform/default/dso_loader.cc:49] Successfully opened dynamic library libcusparse.so.11
2021-08-21 22:53:15.133475: I tensorflow/stream_executor/platform/default/dso_loader.cc:49] Successfully opened dynamic library libcudnn.so.8
2021-08-21 22:53:15.136133: I tensorflow/core/common_runtime/gpu/gpu_device.cc:1862] Adding visible gpu devices: 0
2021-08-21 22:53:15.136974: I tensorflow/core/platform/cpu_feature_guard.cc:142] This TensorFlow binary is optimized with oneAPI Deep Neural Network Library (oneDNN) to use the following CPU instructions in performance-critical operations:  AVX2 FMA
To enable them in other operations, rebuild TensorFlow with the appropriate compiler flags.
2021-08-21 22:53:15.137318: I tensorflow/compiler/jit/xla_gpu_device.cc:99] Not creating XLA devices, tf_xla_enable_xla_devices not set
2021-08-21 22:53:15.138651: I tensorflow/core/common_runtime/gpu/gpu_device.cc:1720] Found device 0 with properties: 
pciBusID: 0000:05:00.0 name: Tesla P100-PCIE-16GB computeCapability: 6.0
coreClock: 1.3285GHz coreCount: 56 deviceMemorySize: 15.90GiB deviceMemoryBandwidth: 681.88GiB/s
2021-08-21 22:53:15.138792: I tensorflow/stream_executor/platform/default/dso_loader.cc:49] Successfully opened dynamic library libcudart.so.11.0
2021-08-21 22:53:15.138893: I tensorflow/stream_executor/platform/default/dso_loader.cc:49] Successfully opened dynamic library libcublas.so.11
2021-08-21 22:53:15.138978: I tensorflow/stream_executor/platform/default/dso_loader.cc:49] Successfully opened dynamic library libcublasLt.so.11
2021-08-21 22:53:15.139067: I tensorflow/stream_executor/platform/default/dso_loader.cc:49] Successfully opened dynamic library libcufft.so.10
2021-08-21 22:53:15.139154: I tensorflow/stream_executor/platform/default/dso_loader.cc:49] Successfully opened dynamic library libcurand.so.10
2021-08-21 22:53:15.139248: I tensorflow/stream_executor/platform/default/dso_loader.cc:49] Successfully opened dynamic library libcusolver.so.10
2021-08-21 22:53:15.139316: I tensorflow/stream_executor/platform/default/dso_loader.cc:49] Successfully opened dynamic library libcusparse.so.11
2021-08-21 22:53:15.139402: I tensorflow/stream_executor/platform/default/dso_loader.cc:49] Successfully opened dynamic library libcudnn.so.8
2021-08-21 22:53:15.141912: I tensorflow/core/common_runtime/gpu/gpu_device.cc:1862] Adding visible gpu devices: 0
2021-08-21 22:53:15.142031: I tensorflow/stream_executor/platform/default/dso_loader.cc:49] Successfully opened dynamic library libcudart.so.11.0
2021-08-21 22:53:15.876478: I tensorflow/core/common_runtime/gpu/gpu_device.cc:1261] Device interconnect StreamExecutor with strength 1 edge matrix:
2021-08-21 22:53:15.876686: I tensorflow/core/common_runtime/gpu/gpu_device.cc:1267]      0 
2021-08-21 22:53:15.876790: I tensorflow/core/common_runtime/gpu/gpu_device.cc:1280] 0:   N 
2021-08-21 22:53:15.880798: I tensorflow/core/common_runtime/gpu/gpu_device.cc:1406] Created TensorFlow device (/job:localhost/replica:0/task:0/device:GPU:0 with 14957 MB memory) -> physical GPU (device: 0, name: Tesla P100-PCIE-16GB, pci bus id: 0000:05:00.0, compute capability: 6.0)
2021-08-21 22:53:25.171470: I tensorflow/compiler/mlir/mlir_graph_optimization_pass.cc:116] None of the MLIR optimization passes are enabled (registered 2)
2021-08-21 22:53:25.175777: I tensorflow/core/platform/profile_utils/cpu_utils.cc:112] CPU Frequency: 2200185000 Hz
2021-08-21 22:53:25.252063: I tensorflow/stream_executor/platform/default/dso_loader.cc:49] Successfully opened dynamic library libcublas.so.11
2021-08-21 22:53:25.545390: I tensorflow/stream_executor/platform/default/dso_loader.cc:49] Successfully opened dynamic library libcublasLt.so.11
2021-08-21 22:53:25.552625: I tensorflow/stream_executor/platform/default/dso_loader.cc:49] Successfully opened dynamic library libcudnn.so.8
2021-08-21 22:53:27.087103: W tensorflow/stream_executor/gpu/asm_compiler.cc:63] Running ptxas --version returned 256
2021-08-21 22:53:27.156108: W tensorflow/stream_executor/gpu/redzone_allocator.cc:314] Internal: ptxas exited with non-zero error code 256, output: 
Relying on driver to perform ptx compilation. 
Modify $PATH to customize ptxas location.
This message will be only logged once.
OverlapMutator started.
OverlapMutator finished.
Training round: 1		accuracy = 0.6692753434181213
Training round: 2		accuracy = 0.6686956286430359
Training round: 3		accuracy = 0.6573913097381592
Training round: 4		accuracy = 0.6527536511421204
Training round: 5		accuracy = 0.656521737575531
Training round: 6		accuracy = 0.6571014523506165
Training round: 7		accuracy = 0.6724637746810913
Training round: 8		accuracy = 0.6649275422096252
Training round: 9		accuracy = 0.6481159329414368
Training round: 10		accuracy = 0.6771014332771301
Training round: 11		accuracy = 0.6915941834449768
Training round: 12		accuracy = 0.705507218837738
Training round: 13		accuracy = 0.6828985214233398
Training round: 14		accuracy = 0.7089855074882507
Training round: 15		accuracy = 0.7060869336128235
Training round: 16		accuracy = 0.7046377062797546
Training round: 17		accuracy = 0.7046377062797546
Training round: 18		accuracy = 0.7046377062797546
Training round: 19		accuracy = 0.697970986366272
Training round: 20		accuracy = 0.686956524848938
Training round: 21		accuracy = 0.7052174210548401
Training round: 22		accuracy = 0.6939130425453186
Training round: 23		accuracy = 0.7156521677970886
Training round: 24		accuracy = 0.7069565057754517
Training round: 25		accuracy = 0.7144927382469177
Training round: 26		accuracy = 0.7014492750167847
Training round: 27		accuracy = 0.692463755607605
Training round: 28		accuracy = 0.7078260779380798
Training round: 29		accuracy = 0.7350724935531616
Training round: 30		accuracy = 0.7110145092010498
Training round: 31		accuracy = 0.7069565057754517
Training round: 32		accuracy = 0.7260869741439819
Training round: 33		accuracy = 0.7240579724311829
Training round: 34		accuracy = 0.7292753458023071
Training round: 35		accuracy = 0.7353622913360596
Training round: 36		accuracy = 0.7275362610816956
Training round: 37		accuracy = 0.7292753458023071
Training round: 38		accuracy = 0.733623206615448
Training round: 39		accuracy = 0.719420313835144
Training round: 40		accuracy = 0.719420313835144
Training round: 41		accuracy = 0.7159420251846313
Training round: 42		accuracy = 0.708695650100708
Training round: 43		accuracy = 0.7150724530220032
Training round: 44		accuracy = 0.7220289707183838
Training round: 45		accuracy = 0.717391312122345
Training round: 46		accuracy = 0.7115942239761353
Training round: 47		accuracy = 0.7272464036941528
Training round: 48		accuracy = 0.7408695816993713
Training round: 49		accuracy = 0.7310144901275635
Training round: 50		accuracy = 0.7252174019813538
Training round: 51		accuracy = 0.7289854884147644
Training round: 52		accuracy = 0.7266666889190674
Training round: 53		accuracy = 0.7281159162521362
Training round: 54		accuracy = 0.7052174210548401
Training round: 55		accuracy = 0.7255072593688965
Training round: 56		accuracy = 0.730434775352478
Training round: 57		accuracy = 0.7272464036941528
Training round: 58		accuracy = 0.722898542881012
Training round: 59		accuracy = 0.7321739196777344
Training round: 60		accuracy = 0.7356521487236023
Training round: 61		accuracy = 0.7321739196777344
Training round: 62		accuracy = 0.7333333492279053
Training round: 63		accuracy = 0.744637668132782
Training round: 64		accuracy = 0.7307246327400208
Training round: 65		accuracy = 0.7327536344528198
Training round: 66		accuracy = 0.733623206615448
Training round: 67		accuracy = 0.735942006111145
Training round: 68		accuracy = 0.7408695816993713
Training round: 69		accuracy = 0.7333333492279053
Training round: 70		accuracy = 0.7318840622901917
Training round: 71		accuracy = 0.7289854884147644
Training round: 72		accuracy = 0.7347826361656189
Training round: 73		accuracy = 0.7350724935531616
Training round: 74		accuracy = 0.7353622913360596
Training round: 75		accuracy = 0.7362318634986877
Training round: 76		accuracy = 0.7243478298187256
Training round: 77		accuracy = 0.7373912930488586
Training round: 78		accuracy = 0.7397101521492004
Training round: 79		accuracy = 0.7339130640029907
Training round: 80		accuracy = 0.7275362610816956
Training round: 81		accuracy = 0.7353622913360596
Training round: 82		accuracy = 0.7301449179649353
Training round: 83		accuracy = 0.7376811504364014
Training round: 84		accuracy = 0.7365217208862305
Training round: 85		accuracy = 0.7353622913360596
Training round: 86		accuracy = 0.7408695816993713
Training round: 87		accuracy = 0.7368115782737732
Training round: 88		accuracy = 0.7342029213905334
Training round: 89		accuracy = 0.742318868637085
Training round: 90		accuracy = 0.7315942049026489
Training round: 91		accuracy = 0.7428985238075256
Training round: 92		accuracy = 0.7385507225990295
Training round: 93		accuracy = 0.7382608652114868
Training round: 94		accuracy = 0.7411594390869141
Training round: 95		accuracy = 0.7371014356613159
Training round: 96		accuracy = 0.742318868637085
Training round: 97		accuracy = 0.7469565272331238
Training round: 98		accuracy = 0.7400000095367432
Training round: 99		accuracy = 0.7385507225990295
Training round: 100		accuracy = 0.7484058141708374
Training duration 7109.453417301178
