2021-08-22 12:20:28.464681: I tensorflow/stream_executor/platform/default/dso_loader.cc:49] Successfully opened dynamic library libcudart.so.11.0
2021-08-22 12:21:10.900989: I tensorflow/compiler/jit/xla_cpu_device.cc:41] Not creating XLA devices, tf_xla_enable_xla_devices not set
2021-08-22 12:21:10.910802: I tensorflow/stream_executor/platform/default/dso_loader.cc:49] Successfully opened dynamic library libcuda.so.1
2021-08-22 12:21:10.953521: I tensorflow/core/common_runtime/gpu/gpu_device.cc:1720] Found device 0 with properties: 
pciBusID: 0000:03:00.0 name: Tesla P100-PCIE-12GB computeCapability: 6.0
coreClock: 1.3285GHz coreCount: 56 deviceMemorySize: 11.91GiB deviceMemoryBandwidth: 511.41GiB/s
2021-08-22 12:21:10.954032: I tensorflow/stream_executor/platform/default/dso_loader.cc:49] Successfully opened dynamic library libcudart.so.11.0
2021-08-22 12:21:10.966059: I tensorflow/stream_executor/platform/default/dso_loader.cc:49] Successfully opened dynamic library libcublas.so.11
2021-08-22 12:21:10.966218: I tensorflow/stream_executor/platform/default/dso_loader.cc:49] Successfully opened dynamic library libcublasLt.so.11
2021-08-22 12:21:10.972307: I tensorflow/stream_executor/platform/default/dso_loader.cc:49] Successfully opened dynamic library libcufft.so.10
2021-08-22 12:21:10.977184: I tensorflow/stream_executor/platform/default/dso_loader.cc:49] Successfully opened dynamic library libcurand.so.10
2021-08-22 12:21:10.986530: I tensorflow/stream_executor/platform/default/dso_loader.cc:49] Successfully opened dynamic library libcusolver.so.10
2021-08-22 12:21:10.988979: I tensorflow/stream_executor/platform/default/dso_loader.cc:49] Successfully opened dynamic library libcusparse.so.11
2021-08-22 12:21:10.989886: I tensorflow/stream_executor/platform/default/dso_loader.cc:49] Successfully opened dynamic library libcudnn.so.8
2021-08-22 12:21:10.994075: I tensorflow/core/common_runtime/gpu/gpu_device.cc:1862] Adding visible gpu devices: 0
2021-08-22 12:21:11.007074: I tensorflow/core/platform/cpu_feature_guard.cc:142] This TensorFlow binary is optimized with oneAPI Deep Neural Network Library (oneDNN) to use the following CPU instructions in performance-critical operations:  AVX2 FMA
To enable them in other operations, rebuild TensorFlow with the appropriate compiler flags.
2021-08-22 12:21:11.007466: I tensorflow/compiler/jit/xla_gpu_device.cc:99] Not creating XLA devices, tf_xla_enable_xla_devices not set
2021-08-22 12:21:11.009028: I tensorflow/core/common_runtime/gpu/gpu_device.cc:1720] Found device 0 with properties: 
pciBusID: 0000:03:00.0 name: Tesla P100-PCIE-12GB computeCapability: 6.0
coreClock: 1.3285GHz coreCount: 56 deviceMemorySize: 11.91GiB deviceMemoryBandwidth: 511.41GiB/s
2021-08-22 12:21:11.009159: I tensorflow/stream_executor/platform/default/dso_loader.cc:49] Successfully opened dynamic library libcudart.so.11.0
2021-08-22 12:21:11.009274: I tensorflow/stream_executor/platform/default/dso_loader.cc:49] Successfully opened dynamic library libcublas.so.11
2021-08-22 12:21:11.009383: I tensorflow/stream_executor/platform/default/dso_loader.cc:49] Successfully opened dynamic library libcublasLt.so.11
2021-08-22 12:21:11.009508: I tensorflow/stream_executor/platform/default/dso_loader.cc:49] Successfully opened dynamic library libcufft.so.10
2021-08-22 12:21:11.009614: I tensorflow/stream_executor/platform/default/dso_loader.cc:49] Successfully opened dynamic library libcurand.so.10
2021-08-22 12:21:11.009717: I tensorflow/stream_executor/platform/default/dso_loader.cc:49] Successfully opened dynamic library libcusolver.so.10
2021-08-22 12:21:11.009793: I tensorflow/stream_executor/platform/default/dso_loader.cc:49] Successfully opened dynamic library libcusparse.so.11
2021-08-22 12:21:11.009899: I tensorflow/stream_executor/platform/default/dso_loader.cc:49] Successfully opened dynamic library libcudnn.so.8
2021-08-22 12:21:11.012576: I tensorflow/core/common_runtime/gpu/gpu_device.cc:1862] Adding visible gpu devices: 0
2021-08-22 12:21:11.012731: I tensorflow/stream_executor/platform/default/dso_loader.cc:49] Successfully opened dynamic library libcudart.so.11.0
2021-08-22 12:21:12.311643: I tensorflow/core/common_runtime/gpu/gpu_device.cc:1261] Device interconnect StreamExecutor with strength 1 edge matrix:
2021-08-22 12:21:12.311840: I tensorflow/core/common_runtime/gpu/gpu_device.cc:1267]      0 
2021-08-22 12:21:12.311995: I tensorflow/core/common_runtime/gpu/gpu_device.cc:1280] 0:   N 
2021-08-22 12:21:12.319842: I tensorflow/core/common_runtime/gpu/gpu_device.cc:1406] Created TensorFlow device (/job:localhost/replica:0/task:0/device:GPU:0 with 11119 MB memory) -> physical GPU (device: 0, name: Tesla P100-PCIE-12GB, pci bus id: 0000:03:00.0, compute capability: 6.0)
2021-08-22 12:21:24.872356: I tensorflow/compiler/mlir/mlir_graph_optimization_pass.cc:116] None of the MLIR optimization passes are enabled (registered 2)
2021-08-22 12:21:24.876131: I tensorflow/core/platform/profile_utils/cpu_utils.cc:112] CPU Frequency: 2199950000 Hz
2021-08-22 12:21:24.955675: I tensorflow/stream_executor/platform/default/dso_loader.cc:49] Successfully opened dynamic library libcublas.so.11
2021-08-22 12:21:25.342717: I tensorflow/stream_executor/platform/default/dso_loader.cc:49] Successfully opened dynamic library libcublasLt.so.11
2021-08-22 12:21:25.352525: I tensorflow/stream_executor/platform/default/dso_loader.cc:49] Successfully opened dynamic library libcudnn.so.8
2021-08-22 12:21:27.592782: W tensorflow/stream_executor/gpu/asm_compiler.cc:63] Running ptxas --version returned 256
2021-08-22 12:21:28.081102: W tensorflow/stream_executor/gpu/redzone_allocator.cc:314] Internal: ptxas exited with non-zero error code 256, output: 
Relying on driver to perform ptx compilation. 
Modify $PATH to customize ptxas location.
This message will be only logged once.
OverlapMutator started.
OverlapMutator finished.
Training round: 1		accuracy = 0.34521737694740295
Training round: 2		accuracy = 0.3449275493621826
Training round: 3		accuracy = 0.3449275493621826
Training round: 4		accuracy = 0.3449275493621826
Training round: 5		accuracy = 0.3449275493621826
Training round: 6		accuracy = 0.3449275493621826
Training round: 7		accuracy = 0.3449275493621826
Training round: 8		accuracy = 0.3449275493621826
Training round: 9		accuracy = 0.3449275493621826
Training round: 10		accuracy = 0.5153623223304749
Training round: 11		accuracy = 0.527246356010437
Training round: 12		accuracy = 0.5498550534248352
Training round: 13		accuracy = 0.5240579843521118
Training round: 14		accuracy = 0.5501449108123779
Training round: 15		accuracy = 0.59014493227005
Training round: 16		accuracy = 0.5814492702484131
Training round: 17		accuracy = 0.5846377015113831
Training round: 18		accuracy = 0.6089854836463928
Training round: 19		accuracy = 0.5985507369041443
Training round: 20		accuracy = 0.609855055809021
Training round: 21		accuracy = 0.6113043427467346
Training round: 22		accuracy = 0.6266666650772095
Training round: 23		accuracy = 0.6124637722969055
Training round: 24		accuracy = 0.6101449131965637
Training round: 25		accuracy = 0.6144927740097046
Training round: 26		accuracy = 0.620579719543457
Training round: 27		accuracy = 0.6278260946273804
Training round: 28		accuracy = 0.629275381565094
Training round: 29		accuracy = 0.626086950302124
Training round: 30		accuracy = 0.6333333253860474
Training round: 31		accuracy = 0.6359420418739319
Training round: 32		accuracy = 0.6344927549362183
Training round: 33		accuracy = 0.6385506987571716
Training round: 34		accuracy = 0.6399999856948853
Training round: 35		accuracy = 0.6394202709197998
Training round: 36		accuracy = 0.6399999856948853
Training round: 37		accuracy = 0.6437681317329407
Training round: 38		accuracy = 0.643478274345398
Training round: 39		accuracy = 0.6437681317329407
Training round: 40		accuracy = 0.6437681317329407
Training round: 41		accuracy = 0.6449275612831116
Training round: 42		accuracy = 0.6475362181663513
Training round: 43		accuracy = 0.645507276058197
Training round: 44		accuracy = 0.6489855051040649
Training round: 45		accuracy = 0.6489855051040649
Training round: 46		accuracy = 0.6504347920417786
Training round: 47		accuracy = 0.6515942215919495
Training round: 48		accuracy = 0.6530434489250183
Training round: 49		accuracy = 0.6544927358627319
Training round: 50		accuracy = 0.6562318801879883
Training round: 51		accuracy = 0.6571014523506165
Training round: 52		accuracy = 0.6579710245132446
Training round: 53		accuracy = 0.6571014523506165
Training round: 54		accuracy = 0.3449275493621826
Training round: 55		accuracy = 0.5501449108123779
Training round: 56		accuracy = 0.5843478441238403
Training round: 57		accuracy = 0.5910145044326782
Training round: 58		accuracy = 0.6031883955001831
Training round: 59		accuracy = 0.6095651984214783
Training round: 60		accuracy = 0.6142029166221619
Training round: 61		accuracy = 0.6191304326057434
Training round: 62		accuracy = 0.6208695769309998
Training round: 63		accuracy = 0.6263768076896667
Training round: 64		accuracy = 0.6301449537277222
Training round: 65		accuracy = 0.6336231827735901
Training round: 66		accuracy = 0.6362318992614746
Training round: 67		accuracy = 0.637971043586731
Training round: 68		accuracy = 0.6405797004699707
Training round: 69		accuracy = 0.6417391300201416
Training round: 70		accuracy = 0.6431884169578552
Training round: 71		accuracy = 0.6443478465080261
Training round: 72		accuracy = 0.34521737694740295
Training round: 73		accuracy = 0.5333333611488342
Training round: 74		accuracy = 0.5678260922431946
Training round: 75		accuracy = 0.5802898406982422
Training round: 76		accuracy = 0.588115930557251
Training round: 77		accuracy = 0.593623161315918
Training round: 78		accuracy = 0.5971014499664307
Training round: 79		accuracy = 0.6046376824378967
Training round: 80		accuracy = 0.6072463989257812
Training round: 81		accuracy = 0.6142029166221619
Training round: 82		accuracy = 0.6156522035598755
Training round: 83		accuracy = 0.6156522035598755
Training round: 84		accuracy = 0.6171014308929443
Training round: 85		accuracy = 0.6197101473808289
Training round: 86		accuracy = 0.6214492917060852
Training round: 87		accuracy = 0.624057948589325
Training round: 88		accuracy = 0.6243478059768677
Training round: 89		accuracy = 0.6246376633644104
Training round: 90		accuracy = 0.6266666650772095
Training round: 91		accuracy = 0.6263768076896667
Training round: 92		accuracy = 0.6286956667900085
Training round: 93		accuracy = 0.6295652389526367
Training round: 94		accuracy = 0.6284058094024658
Training round: 95		accuracy = 0.6281159520149231
Training round: 96		accuracy = 0.629275381565094
Training round: 97		accuracy = 0.6286956667900085
Training round: 98		accuracy = 0.6289855241775513
Training round: 99		accuracy = 0.6289855241775513
Training round: 100		accuracy = 0.6295652389526367
Training duration 9263.185915708542
