2021-08-12 23:12:23.664326: I tensorflow/stream_executor/platform/default/dso_loader.cc:49] Successfully opened dynamic library libcudart.so.11.0
2021-08-12 23:12:28.076139: I tensorflow/compiler/jit/xla_cpu_device.cc:41] Not creating XLA devices, tf_xla_enable_xla_devices not set
2021-08-12 23:12:28.078669: I tensorflow/stream_executor/platform/default/dso_loader.cc:49] Successfully opened dynamic library libcuda.so.1
2021-08-12 23:12:28.126740: I tensorflow/core/common_runtime/gpu/gpu_device.cc:1720] Found device 0 with properties: 
pciBusID: 0000:af:00.0 name: Tesla V100-SXM2-32GB computeCapability: 7.0
coreClock: 1.53GHz coreCount: 80 deviceMemorySize: 31.75GiB deviceMemoryBandwidth: 836.37GiB/s
2021-08-12 23:12:28.126958: I tensorflow/stream_executor/platform/default/dso_loader.cc:49] Successfully opened dynamic library libcudart.so.11.0
2021-08-12 23:12:28.148630: I tensorflow/stream_executor/platform/default/dso_loader.cc:49] Successfully opened dynamic library libcublas.so.11
2021-08-12 23:12:28.148770: I tensorflow/stream_executor/platform/default/dso_loader.cc:49] Successfully opened dynamic library libcublasLt.so.11
2021-08-12 23:12:28.153965: I tensorflow/stream_executor/platform/default/dso_loader.cc:49] Successfully opened dynamic library libcufft.so.10
2021-08-12 23:12:28.156137: I tensorflow/stream_executor/platform/default/dso_loader.cc:49] Successfully opened dynamic library libcurand.so.10
2021-08-12 23:12:28.164556: I tensorflow/stream_executor/platform/default/dso_loader.cc:49] Successfully opened dynamic library libcusolver.so.10
2021-08-12 23:12:28.166709: I tensorflow/stream_executor/platform/default/dso_loader.cc:49] Successfully opened dynamic library libcusparse.so.11
2021-08-12 23:12:28.167273: I tensorflow/stream_executor/platform/default/dso_loader.cc:49] Successfully opened dynamic library libcudnn.so.8
2021-08-12 23:12:28.172012: I tensorflow/core/common_runtime/gpu/gpu_device.cc:1862] Adding visible gpu devices: 0
2021-08-12 23:12:28.172796: I tensorflow/core/platform/cpu_feature_guard.cc:142] This TensorFlow binary is optimized with oneAPI Deep Neural Network Library (oneDNN) to use the following CPU instructions in performance-critical operations:  AVX2 AVX512F FMA
To enable them in other operations, rebuild TensorFlow with the appropriate compiler flags.
2021-08-12 23:12:28.173243: I tensorflow/compiler/jit/xla_gpu_device.cc:99] Not creating XLA devices, tf_xla_enable_xla_devices not set
2021-08-12 23:12:28.175679: I tensorflow/core/common_runtime/gpu/gpu_device.cc:1720] Found device 0 with properties: 
pciBusID: 0000:af:00.0 name: Tesla V100-SXM2-32GB computeCapability: 7.0
coreClock: 1.53GHz coreCount: 80 deviceMemorySize: 31.75GiB deviceMemoryBandwidth: 836.37GiB/s
2021-08-12 23:12:28.175760: I tensorflow/stream_executor/platform/default/dso_loader.cc:49] Successfully opened dynamic library libcudart.so.11.0
2021-08-12 23:12:28.175820: I tensorflow/stream_executor/platform/default/dso_loader.cc:49] Successfully opened dynamic library libcublas.so.11
2021-08-12 23:12:28.175887: I tensorflow/stream_executor/platform/default/dso_loader.cc:49] Successfully opened dynamic library libcublasLt.so.11
2021-08-12 23:12:28.175942: I tensorflow/stream_executor/platform/default/dso_loader.cc:49] Successfully opened dynamic library libcufft.so.10
2021-08-12 23:12:28.176002: I tensorflow/stream_executor/platform/default/dso_loader.cc:49] Successfully opened dynamic library libcurand.so.10
2021-08-12 23:12:28.176059: I tensorflow/stream_executor/platform/default/dso_loader.cc:49] Successfully opened dynamic library libcusolver.so.10
2021-08-12 23:12:28.176104: I tensorflow/stream_executor/platform/default/dso_loader.cc:49] Successfully opened dynamic library libcusparse.so.11
2021-08-12 23:12:28.176153: I tensorflow/stream_executor/platform/default/dso_loader.cc:49] Successfully opened dynamic library libcudnn.so.8
2021-08-12 23:12:28.180765: I tensorflow/core/common_runtime/gpu/gpu_device.cc:1862] Adding visible gpu devices: 0
2021-08-12 23:12:28.180858: I tensorflow/stream_executor/platform/default/dso_loader.cc:49] Successfully opened dynamic library libcudart.so.11.0
2021-08-12 23:12:28.888502: I tensorflow/core/common_runtime/gpu/gpu_device.cc:1261] Device interconnect StreamExecutor with strength 1 edge matrix:
2021-08-12 23:12:28.888751: I tensorflow/core/common_runtime/gpu/gpu_device.cc:1267]      0 
2021-08-12 23:12:28.888858: I tensorflow/core/common_runtime/gpu/gpu_device.cc:1280] 0:   N 
2021-08-12 23:12:28.895934: I tensorflow/core/common_runtime/gpu/gpu_device.cc:1406] Created TensorFlow device (/job:localhost/replica:0/task:0/device:GPU:0 with 30130 MB memory) -> physical GPU (device: 0, name: Tesla V100-SXM2-32GB, pci bus id: 0000:af:00.0, compute capability: 7.0)
2021-08-12 23:12:29.798590: I tensorflow/compiler/mlir/mlir_graph_optimization_pass.cc:116] None of the MLIR optimization passes are enabled (registered 2)
2021-08-12 23:12:29.799603: I tensorflow/core/platform/profile_utils/cpu_utils.cc:112] CPU Frequency: 2100000000 Hz
2021-08-12 23:12:30.452592: I tensorflow/stream_executor/platform/default/dso_loader.cc:49] Successfully opened dynamic library libcublas.so.11
2021-08-12 23:12:31.003075: I tensorflow/stream_executor/platform/default/dso_loader.cc:49] Successfully opened dynamic library libcublasLt.so.11
2021-08-12 23:12:31.006439: I tensorflow/stream_executor/platform/default/dso_loader.cc:49] Successfully opened dynamic library libcudnn.so.8
2021-08-12 23:12:33.480777: W tensorflow/stream_executor/gpu/asm_compiler.cc:63] Running ptxas --version returned 256
2021-08-12 23:12:33.560558: W tensorflow/stream_executor/gpu/redzone_allocator.cc:314] Internal: ptxas exited with non-zero error code 256, output: 
Relying on driver to perform ptx compilation. 
Modify $PATH to customize ptxas location.
This message will be only logged once.
Training round: 1		accuracy = 0.10090000182390213
Training round: 2		accuracy = 0.10000000149011612
Training round: 3		accuracy = 0.13500000536441803
Training round: 4		accuracy = 0.1607999950647354
Training round: 5		accuracy = 0.14399999380111694
Training round: 6		accuracy = 0.1615000069141388
Training round: 7		accuracy = 0.17090000212192535
Training round: 8		accuracy = 0.16439999639987946
Training round: 9		accuracy = 0.1657000035047531
Training round: 10		accuracy = 0.21529999375343323
Training round: 11		accuracy = 0.2053000032901764
Training round: 12		accuracy = 0.24650000035762787
Training round: 13		accuracy = 0.25189998745918274
Training round: 14		accuracy = 0.16359999775886536
Training round: 15		accuracy = 0.20170000195503235
Training round: 16		accuracy = 0.2363000065088272
Training round: 17		accuracy = 0.18209999799728394
Training round: 18		accuracy = 0.2321999967098236
Training round: 19		accuracy = 0.20350000262260437
Training round: 20		accuracy = 0.21960000693798065
Training round: 21		accuracy = 0.1923000067472458
Training round: 22		accuracy = 0.21410000324249268
Training round: 23		accuracy = 0.22709999978542328
Training round: 24		accuracy = 0.2313999980688095
Training round: 25		accuracy = 0.22579999268054962
Training round: 26		accuracy = 0.20329999923706055
Training round: 27		accuracy = 0.3441999852657318
Training round: 28		accuracy = 0.19419999420642853
Training round: 29		accuracy = 0.3244999945163727
Training round: 30		accuracy = 0.3149999976158142
Training round: 31		accuracy = 0.2773999869823456
Training round: 32		accuracy = 0.2992999851703644
Training round: 33		accuracy = 0.2773999869823456
Training round: 34		accuracy = 0.3325999975204468
Training round: 35		accuracy = 0.2529999911785126
Training round: 36		accuracy = 0.289000004529953
Training round: 37		accuracy = 0.27959999442100525
Training round: 38		accuracy = 0.28769999742507935
Training round: 39		accuracy = 0.321399986743927
Training round: 40		accuracy = 0.296099990606308
Training round: 41		accuracy = 0.2930000126361847
Training round: 42		accuracy = 0.2354000061750412
Training round: 43		accuracy = 0.3068999946117401
Training round: 44		accuracy = 0.3149000108242035
Training round: 45		accuracy = 0.2946000099182129
Training round: 46		accuracy = 0.262800008058548
Training round: 47		accuracy = 0.36010000109672546
Training round: 48		accuracy = 0.32910001277923584
Training round: 49		accuracy = 0.32499998807907104
Training round: 50		accuracy = 0.3418000042438507
Training round: 51		accuracy = 0.3156000077724457
Training round: 52		accuracy = 0.32330000400543213
Training round: 53		accuracy = 0.3138999938964844
Training round: 54		accuracy = 0.33629998564720154
Training round: 55		accuracy = 0.35899999737739563
Training round: 56		accuracy = 0.3887999951839447
Training round: 57		accuracy = 0.3156000077724457
Training round: 58		accuracy = 0.3301999866962433
Training round: 59		accuracy = 0.31130000948905945
Training round: 60		accuracy = 0.3560999929904938
Training round: 61		accuracy = 0.27959999442100525
Training round: 62		accuracy = 0.31850001215934753
Training round: 63		accuracy = 0.4099000096321106
Training round: 64		accuracy = 0.3018999993801117
Training round: 65		accuracy = 0.3959999978542328
Training round: 66		accuracy = 0.35850000381469727
Training round: 67		accuracy = 0.3386000096797943
Training round: 68		accuracy = 0.3677000105381012
Training round: 69		accuracy = 0.3677000105381012
Training round: 70		accuracy = 0.295199990272522
Training round: 71		accuracy = 0.36079999804496765
Training round: 72		accuracy = 0.3977999985218048
Training round: 73		accuracy = 0.37119999527931213
Training round: 74		accuracy = 0.37790000438690186
Training round: 75		accuracy = 0.3337000012397766
Training round: 76		accuracy = 0.37869998812675476
Training round: 77		accuracy = 0.3188000023365021
Training round: 78		accuracy = 0.30640000104904175
Training round: 79		accuracy = 0.3790999948978424
Training round: 80		accuracy = 0.30250000953674316
Training round: 81		accuracy = 0.31200000643730164
Training round: 82		accuracy = 0.438400000333786
Training round: 83		accuracy = 0.287200003862381
Training round: 84		accuracy = 0.4268999993801117
Training round: 85		accuracy = 0.3662000000476837
Training round: 86		accuracy = 0.3603000044822693
Training round: 87		accuracy = 0.4691999852657318
Training round: 88		accuracy = 0.4404999911785126
Training round: 89		accuracy = 0.45019999146461487
Training round: 90		accuracy = 0.39250001311302185
Training round: 91		accuracy = 0.3910999894142151
Training round: 92		accuracy = 0.42559999227523804
Training round: 93		accuracy = 0.3709000051021576
Training round: 94		accuracy = 0.42590001225471497
Training round: 95		accuracy = 0.4212000072002411
Training round: 96		accuracy = 0.34769999980926514
Training round: 97		accuracy = 0.4275999963283539
Training round: 98		accuracy = 0.504800021648407
Training round: 99		accuracy = 0.3043999969959259
Training round: 100		accuracy = 0.28110000491142273
Training round: 101		accuracy = 0.4618000090122223
Training round: 102		accuracy = 0.39089998602867126
Training round: 103		accuracy = 0.4507000148296356
Training round: 104		accuracy = 0.44130000472068787
Training round: 105		accuracy = 0.42809998989105225
Training round: 106		accuracy = 0.4569999873638153
Training round: 107		accuracy = 0.4812000095844269
Training round: 108		accuracy = 0.4616999924182892
Training round: 109		accuracy = 0.36800000071525574
Training round: 110		accuracy = 0.3434999883174896
Training round: 111		accuracy = 0.4056999981403351
Training round: 112		accuracy = 0.4230000078678131
Training round: 113		accuracy = 0.48980000615119934
Training round: 114		accuracy = 0.3472999930381775
Training round: 115		accuracy = 0.5454999804496765
Training round: 116		accuracy = 0.4717000126838684
Training round: 117		accuracy = 0.39500001072883606
Training round: 118		accuracy = 0.4677000045776367
Training round: 119		accuracy = 0.5138999819755554
Training round: 120		accuracy = 0.49639999866485596
Training round: 121		accuracy = 0.35359999537467957
Training round: 122		accuracy = 0.4442000091075897
Training round: 123		accuracy = 0.40400001406669617
Training round: 124		accuracy = 0.4359999895095825
Training round: 125		accuracy = 0.3190999925136566
Training round: 126		accuracy = 0.5184000134468079
Training round: 127		accuracy = 0.4674000144004822
Training round: 128		accuracy = 0.4244000017642975
Training round: 129		accuracy = 0.45329999923706055
Training round: 130		accuracy = 0.4417000114917755
Training round: 131		accuracy = 0.4205000102519989
Training round: 132		accuracy = 0.5048999786376953
Training round: 133		accuracy = 0.5038999915122986
Training round: 134		accuracy = 0.40059998631477356
Training round: 135		accuracy = 0.3783999979496002
Training round: 136		accuracy = 0.46889999508857727
Training round: 137		accuracy = 0.47360000014305115
Training round: 138		accuracy = 0.4090999960899353
Training round: 139		accuracy = 0.39100000262260437
Training round: 140		accuracy = 0.4537999927997589
Training round: 141		accuracy = 0.4345000088214874
Training round: 142		accuracy = 0.5076000094413757
Training round: 143		accuracy = 0.5213000178337097
Training round: 144		accuracy = 0.49639999866485596
Training round: 145		accuracy = 0.4722999930381775
Training round: 146		accuracy = 0.40130001306533813
Training round: 147		accuracy = 0.5273000001907349
Training round: 148		accuracy = 0.43880000710487366
Training round: 149		accuracy = 0.36820000410079956
Training round: 150		accuracy = 0.3718000054359436
Training round: 151		accuracy = 0.4799000024795532
Training round: 152		accuracy = 0.4968999922275543
Training round: 153		accuracy = 0.47859999537467957
Training round: 154		accuracy = 0.43639999628067017
Training round: 155		accuracy = 0.4544000029563904
Training round: 156		accuracy = 0.30570000410079956
Training round: 157		accuracy = 0.4284999966621399
Training round: 158		accuracy = 0.46639999747276306
Training round: 159		accuracy = 0.42879998683929443
Training round: 160		accuracy = 0.4790000021457672
Training round: 161		accuracy = 0.5059000253677368
Training round: 162		accuracy = 0.42890000343322754
Training round: 163		accuracy = 0.3467000126838684
Training round: 164		accuracy = 0.4537999927997589
Training round: 165		accuracy = 0.507099986076355
Training round: 166		accuracy = 0.4968999922275543
Training round: 167		accuracy = 0.46619999408721924
Training round: 168		accuracy = 0.42320001125335693
Training round: 169		accuracy = 0.5299000144004822
Training round: 170		accuracy = 0.45239999890327454
Training round: 171		accuracy = 0.5551999807357788
Training round: 172		accuracy = 0.47369998693466187
Training round: 173		accuracy = 0.4196999967098236
Training round: 174		accuracy = 0.49219998717308044
Training round: 175		accuracy = 0.43070000410079956
Training round: 176		accuracy = 0.492900013923645
Training round: 177		accuracy = 0.4523000121116638
Training round: 178		accuracy = 0.4293000102043152
Training round: 179		accuracy = 0.48410001397132874
Training round: 180		accuracy = 0.46050000190734863
Training round: 181		accuracy = 0.38420000672340393
Training round: 182		accuracy = 0.5115000009536743
Training round: 183		accuracy = 0.4560000002384186
Training round: 184		accuracy = 0.5515999794006348
Training round: 185		accuracy = 0.3418000042438507
Training round: 186		accuracy = 0.5310999751091003
Training round: 187		accuracy = 0.555400013923645
Training round: 188		accuracy = 0.558899998664856
Training round: 189		accuracy = 0.5569999814033508
Training round: 190		accuracy = 0.5845000147819519
Training round: 191		accuracy = 0.45410001277923584
Training round: 192		accuracy = 0.5343000292778015
Training round: 193		accuracy = 0.5267000198364258
Training round: 194		accuracy = 0.5198000073432922
Training round: 195		accuracy = 0.5351999998092651
Training round: 196		accuracy = 0.39089998602867126
Training round: 197		accuracy = 0.525600016117096
Training round: 198		accuracy = 0.486299991607666
Training round: 199		accuracy = 0.5447999835014343
Training round: 200		accuracy = 0.5123999714851379
Training round: 201		accuracy = 0.44119998812675476
Training round: 202		accuracy = 0.5620999932289124
Training round: 203		accuracy = 0.4278999865055084
Training round: 204		accuracy = 0.4374000132083893
Training round: 205		accuracy = 0.3447999954223633
Training round: 206		accuracy = 0.5303000211715698
Training round: 207		accuracy = 0.5379999876022339
Training round: 208		accuracy = 0.49729999899864197
Training round: 209		accuracy = 0.44279998540878296
Training round: 210		accuracy = 0.45559999346733093
Training round: 211		accuracy = 0.4189999997615814
Training round: 212		accuracy = 0.541100025177002
Training round: 213		accuracy = 0.5504999756813049
Training round: 214		accuracy = 0.47690001130104065
Training round: 215		accuracy = 0.5196999907493591
Training round: 216		accuracy = 0.49709999561309814
Training round: 217		accuracy = 0.46209999918937683
Training round: 218		accuracy = 0.5457000136375427
Training round: 219		accuracy = 0.5303000211715698
Training round: 220		accuracy = 0.593999981880188
Training round: 221		accuracy = 0.510699987411499
Training round: 222		accuracy = 0.5169000029563904
Training round: 223		accuracy = 0.619700014591217
Training round: 224		accuracy = 0.4918999969959259
Training round: 225		accuracy = 0.5608999729156494
Training round: 226		accuracy = 0.5166000127792358
Training round: 227		accuracy = 0.4666999876499176
Training round: 228		accuracy = 0.6133999824523926
Training round: 229		accuracy = 0.46140000224113464
Training round: 230		accuracy = 0.4230000078678131
Training round: 231		accuracy = 0.5590000152587891
Training round: 232		accuracy = 0.5479000210762024
Training round: 233		accuracy = 0.5568000078201294
Training round: 234		accuracy = 0.49729999899864197
Training round: 235		accuracy = 0.5799000263214111
Training round: 236		accuracy = 0.5561000108718872
Training round: 237		accuracy = 0.5113000273704529
Training round: 238		accuracy = 0.579800009727478
Training round: 239		accuracy = 0.5447999835014343
Training round: 240		accuracy = 0.5543000102043152
Training round: 241		accuracy = 0.5166000127792358
Training round: 242		accuracy = 0.4625999927520752
Training round: 243		accuracy = 0.49070000648498535
Training round: 244		accuracy = 0.5383999943733215
Training round: 245		accuracy = 0.5347999930381775
Training round: 246		accuracy = 0.5590000152587891
Training round: 247		accuracy = 0.5131999850273132
Training round: 248		accuracy = 0.4961000084877014
Training round: 249		accuracy = 0.5899999737739563
Training round: 250		accuracy = 0.5934000015258789
Training round: 251		accuracy = 0.5523999929428101
Training round: 252		accuracy = 0.5623000264167786
Training round: 253		accuracy = 0.5281999707221985
Training round: 254		accuracy = 0.5300999879837036
Training round: 255		accuracy = 0.4966999888420105
Training round: 256		accuracy = 0.5457000136375427
Training round: 257		accuracy = 0.5841000080108643
Training round: 258		accuracy = 0.5601999759674072
Training round: 259		accuracy = 0.4869999885559082
Training round: 260		accuracy = 0.5443999767303467
Training round: 261		accuracy = 0.48669999837875366
Training round: 262		accuracy = 0.5719000101089478
Training round: 263		accuracy = 0.46720001101493835
Training round: 264		accuracy = 0.5101000070571899
Training round: 265		accuracy = 0.5063999891281128
Training round: 266		accuracy = 0.5540000200271606
Training round: 267		accuracy = 0.545199990272522
Training round: 268		accuracy = 0.42080000042915344
Training round: 269		accuracy = 0.5393000245094299
Training round: 270		accuracy = 0.5519000291824341
Training round: 271		accuracy = 0.5781000256538391
Training round: 272		accuracy = 0.6122999787330627
Training round: 273		accuracy = 0.5802000164985657
Training round: 274		accuracy = 0.6003999710083008
Training round: 275		accuracy = 0.5753999948501587
Training round: 276		accuracy = 0.5616999864578247
Training round: 277		accuracy = 0.4300000071525574
Training round: 278		accuracy = 0.45899999141693115
Training round: 279		accuracy = 0.527899980545044
Training round: 280		accuracy = 0.5942000150680542
Training round: 281		accuracy = 0.48260000348091125
Training round: 282		accuracy = 0.48570001125335693
Training round: 283		accuracy = 0.4977000057697296
Training round: 284		accuracy = 0.4320000112056732
Training round: 285		accuracy = 0.6040999889373779
Training round: 286		accuracy = 0.607200026512146
Training round: 287		accuracy = 0.4855000078678131
Training round: 288		accuracy = 0.3822999894618988
Training round: 289		accuracy = 0.5303999781608582
Training round: 290		accuracy = 0.5802000164985657
Training round: 291		accuracy = 0.553600013256073
Training round: 292		accuracy = 0.6517999768257141
Training round: 293		accuracy = 0.5232999920845032
Training round: 294		accuracy = 0.613099992275238
Training round: 295		accuracy = 0.5774000287055969
Training round: 296		accuracy = 0.5945000052452087
Training round: 297		accuracy = 0.532800018787384
Training round: 298		accuracy = 0.5275999903678894
Training round: 299		accuracy = 0.5918999910354614
Training round: 300		accuracy = 0.5723999738693237
Training round: 301		accuracy = 0.589900016784668
Training round: 302		accuracy = 0.5503000020980835
Training round: 303		accuracy = 0.47290000319480896
Training round: 304		accuracy = 0.5767999887466431
Training round: 305		accuracy = 0.46050000190734863
Training round: 306		accuracy = 0.5152000188827515
Training round: 307		accuracy = 0.6037999987602234
Training round: 308		accuracy = 0.5769000053405762
Training round: 309		accuracy = 0.5605000257492065
Training round: 310		accuracy = 0.5422000288963318
Training round: 311		accuracy = 0.5371000170707703
Training round: 312		accuracy = 0.5378000140190125
Training round: 313		accuracy = 0.5295000076293945
Training round: 314		accuracy = 0.5726000070571899
Training round: 315		accuracy = 0.545799970626831
Training round: 316		accuracy = 0.536899983882904
Training round: 317		accuracy = 0.5414000153541565
Training round: 318		accuracy = 0.588699996471405
Training round: 319		accuracy = 0.5430999994277954
Training round: 320		accuracy = 0.5705000162124634
Training round: 321		accuracy = 0.5507000088691711
Training round: 322		accuracy = 0.5216000080108643
Training round: 323		accuracy = 0.5508000254631042
Training round: 324		accuracy = 0.5547000169754028
Training round: 325		accuracy = 0.5898000001907349
Training round: 326		accuracy = 0.5569000244140625
Training round: 327		accuracy = 0.5922999978065491
Training round: 328		accuracy = 0.5156999826431274
Training round: 329		accuracy = 0.5552999973297119
Training round: 330		accuracy = 0.5655999779701233
Training round: 331		accuracy = 0.5982000231742859
Training round: 332		accuracy = 0.5530999898910522
Training round: 333		accuracy = 0.5523999929428101
Training round: 334		accuracy = 0.5651000142097473
Training round: 335		accuracy = 0.6128000020980835
Training round: 336		accuracy = 0.4684000015258789
Training round: 337		accuracy = 0.5884000062942505
Training round: 338		accuracy = 0.5476999878883362
Training round: 339		accuracy = 0.5170999765396118
Training round: 340		accuracy = 0.5189999938011169
Training round: 341		accuracy = 0.5633000135421753
Training round: 342		accuracy = 0.5540000200271606
Training round: 343		accuracy = 0.5390999913215637
Training round: 344		accuracy = 0.5910999774932861
Training round: 345		accuracy = 0.5902000069618225
Training round: 346		accuracy = 0.4977000057697296
Training round: 347		accuracy = 0.6287000179290771
Training round: 348		accuracy = 0.6432999968528748
Training round: 349		accuracy = 0.5088000297546387
Training round: 350		accuracy = 0.5256999731063843
Training round: 351		accuracy = 0.6152999997138977
Training round: 352		accuracy = 0.6080999970436096
Training round: 353		accuracy = 0.6201000213623047
Training round: 354		accuracy = 0.5195000171661377
Training round: 355		accuracy = 0.6503000259399414
Training round: 356		accuracy = 0.6043000221252441
Training round: 357		accuracy = 0.6166999936103821
Training round: 358		accuracy = 0.5759000182151794
Training round: 359		accuracy = 0.5976999998092651
Training round: 360		accuracy = 0.6029000282287598
Training round: 361		accuracy = 0.5633999705314636
Training round: 362		accuracy = 0.5282999873161316
Training round: 363		accuracy = 0.6575999855995178
Training round: 364		accuracy = 0.5357000231742859
Training round: 365		accuracy = 0.5654000043869019
Training round: 366		accuracy = 0.5573999881744385
Training round: 367		accuracy = 0.5759000182151794
Training round: 368		accuracy = 0.5199999809265137
Training round: 369		accuracy = 0.5932999849319458
Training round: 370		accuracy = 0.415800005197525
Training round: 371		accuracy = 0.630299985408783
Training round: 372		accuracy = 0.6272000074386597
Training round: 373		accuracy = 0.4812999963760376
Training round: 374		accuracy = 0.6001999974250793
Training round: 375		accuracy = 0.5860000252723694
Training round: 376		accuracy = 0.4244999885559082
Training round: 377		accuracy = 0.5360000133514404
Training round: 378		accuracy = 0.5138000249862671
Training round: 379		accuracy = 0.6075999736785889
Training round: 380		accuracy = 0.6541000008583069
Training round: 381		accuracy = 0.6129000186920166
Training round: 382		accuracy = 0.5986999869346619
Training round: 383		accuracy = 0.5999000072479248
Training round: 384		accuracy = 0.6237000226974487
Training round: 385		accuracy = 0.5843999981880188
Training round: 386		accuracy = 0.47540000081062317
Training round: 387		accuracy = 0.5763999819755554
Training round: 388		accuracy = 0.5054000020027161
Training round: 389		accuracy = 0.3837999999523163
Training round: 390		accuracy = 0.5978000164031982
Training round: 391		accuracy = 0.4984999895095825
Training round: 392		accuracy = 0.5569999814033508
Training round: 393		accuracy = 0.5231999754905701
Training round: 394		accuracy = 0.559499979019165
Training round: 395		accuracy = 0.4959999918937683
Training round: 396		accuracy = 0.6234999895095825
Training round: 397		accuracy = 0.5310999751091003
Training round: 398		accuracy = 0.5568000078201294
Training round: 399		accuracy = 0.4404999911785126
Training round: 400		accuracy = 0.5582000017166138
Training round: 401		accuracy = 0.536899983882904
Training round: 402		accuracy = 0.49950000643730164
Training round: 403		accuracy = 0.5024999976158142
Training round: 404		accuracy = 0.6107000112533569
Training round: 405		accuracy = 0.6198999881744385
Training round: 406		accuracy = 0.5565000176429749
Training round: 407		accuracy = 0.6180999875068665
Training round: 408		accuracy = 0.5867000222206116
Training round: 409		accuracy = 0.5837000012397766
Training round: 410		accuracy = 0.5674999952316284
Training round: 411		accuracy = 0.5169000029563904
Training round: 412		accuracy = 0.5985999703407288
Training round: 413		accuracy = 0.5925999879837036
Training round: 414		accuracy = 0.5838000178337097
Training round: 415		accuracy = 0.6186000108718872
Training round: 416		accuracy = 0.6126000285148621
Training round: 417		accuracy = 0.5746999979019165
Training round: 418		accuracy = 0.5899999737739563
Training round: 419		accuracy = 0.5388000011444092
Training round: 420		accuracy = 0.48840001225471497
Training round: 421		accuracy = 0.612500011920929
Training round: 422		accuracy = 0.5870000123977661
Training round: 423		accuracy = 0.43869999051094055
Training round: 424		accuracy = 0.5023000240325928
Training round: 425		accuracy = 0.6209999918937683
Training round: 426		accuracy = 0.5791000127792358
Training round: 427		accuracy = 0.5803999900817871
Training round: 428		accuracy = 0.6607000231742859
Training round: 429		accuracy = 0.6194000244140625
Training round: 430		accuracy = 0.6399999856948853
Training round: 431		accuracy = 0.5095999836921692
Training round: 432		accuracy = 0.5038999915122986
Training round: 433		accuracy = 0.5821999907493591
Training round: 434		accuracy = 0.6639000177383423
Training round: 435		accuracy = 0.6067000031471252
Training round: 436		accuracy = 0.6136999726295471
Training round: 437		accuracy = 0.592199981212616
Training round: 438		accuracy = 0.6014999747276306
Training round: 439		accuracy = 0.6499999761581421
Training round: 440		accuracy = 0.5932000279426575
Training round: 441		accuracy = 0.5853999853134155
Training round: 442		accuracy = 0.6183000206947327
Training round: 443		accuracy = 0.5733000040054321
Training round: 444		accuracy = 0.5947999954223633
Training round: 445		accuracy = 0.5999000072479248
Training round: 446		accuracy = 0.6240000128746033
Training round: 447		accuracy = 0.6227999925613403
Training round: 448		accuracy = 0.5512999892234802
Training round: 449		accuracy = 0.6420999765396118
Training round: 450		accuracy = 0.5566999912261963
Training round: 451		accuracy = 0.6672999858856201
Training round: 452		accuracy = 0.5181999802589417
Training round: 453		accuracy = 0.5857999920845032
Training round: 454		accuracy = 0.4966000020503998
Training round: 455		accuracy = 0.5656999945640564
Training round: 456		accuracy = 0.5551000237464905
Training round: 457		accuracy = 0.6087999939918518
Training round: 458		accuracy = 0.6586999893188477
Training round: 459		accuracy = 0.5648000240325928
Training round: 460		accuracy = 0.5831000208854675
Training round: 461		accuracy = 0.5770999789237976
Training round: 462		accuracy = 0.6310999989509583
Training round: 463		accuracy = 0.5169000029563904
Training round: 464		accuracy = 0.5408999919891357
Training round: 465		accuracy = 0.5699999928474426
Training round: 466		accuracy = 0.5824999809265137
Training round: 467		accuracy = 0.6344000101089478
Training round: 468		accuracy = 0.5406000018119812
Training round: 469		accuracy = 0.6470999717712402
Training round: 470		accuracy = 0.5903000235557556
Training round: 471		accuracy = 0.5383999943733215
Training round: 472		accuracy = 0.5289999842643738
Training round: 473		accuracy = 0.5770000219345093
Training round: 474		accuracy = 0.5112000107765198
Training round: 475		accuracy = 0.5314000248908997
Training round: 476		accuracy = 0.6251000165939331
Training round: 477		accuracy = 0.6222000122070312
Training round: 478		accuracy = 0.6241999864578247
Training round: 479		accuracy = 0.590499997138977
Training round: 480		accuracy = 0.6316999793052673
Training round: 481		accuracy = 0.5473999977111816
Training round: 482		accuracy = 0.628000020980835
Training round: 483		accuracy = 0.6399999856948853
Training round: 484		accuracy = 0.6488999724388123
Training round: 485		accuracy = 0.598800003528595
Training round: 486		accuracy = 0.5504000186920166
Training round: 487		accuracy = 0.5652999877929688
Training round: 488		accuracy = 0.621999979019165
Training round: 489		accuracy = 0.5425999760627747
Training round: 490		accuracy = 0.5264000296592712
Training round: 491		accuracy = 0.5273000001907349
Training round: 492		accuracy = 0.5647000074386597
Training round: 493		accuracy = 0.6212000250816345
Training round: 494		accuracy = 0.6047999858856201
Training round: 495		accuracy = 0.5633999705314636
Training round: 496		accuracy = 0.579800009727478
Training round: 497		accuracy = 0.6395999789237976
Training round: 498		accuracy = 0.5494999885559082
Training round: 499		accuracy = 0.5637000203132629
Training round: 500		accuracy = 0.5835000276565552
Training round: 501		accuracy = 0.5227000117301941
Training round: 502		accuracy = 0.6222000122070312
Training round: 503		accuracy = 0.5921000242233276
Training round: 504		accuracy = 0.637499988079071
Training round: 505		accuracy = 0.6252999901771545
Training round: 506		accuracy = 0.6604999899864197
Training round: 507		accuracy = 0.6482999920845032
Training round: 508		accuracy = 0.6532999873161316
Training round: 509		accuracy = 0.5906999707221985
Training round: 510		accuracy = 0.6004999876022339
Training round: 511		accuracy = 0.48500001430511475
Training round: 512		accuracy = 0.6722000241279602
Training round: 513		accuracy = 0.6572999954223633
Training round: 514		accuracy = 0.6682000160217285
Training round: 515		accuracy = 0.5789999961853027
Training round: 516		accuracy = 0.557699978351593
Training round: 517		accuracy = 0.5940999984741211
Training round: 518		accuracy = 0.6585000157356262
Training round: 519		accuracy = 0.6626999974250793
Training round: 520		accuracy = 0.6011000275611877
Training round: 521		accuracy = 0.5105999708175659
Training round: 522		accuracy = 0.5595999956130981
Training round: 523		accuracy = 0.5623999834060669
Training round: 524		accuracy = 0.6107000112533569
Training round: 525		accuracy = 0.6137999892234802
Training round: 526		accuracy = 0.6018999814987183
Training round: 527		accuracy = 0.5921000242233276
Training round: 528		accuracy = 0.5708000063896179
Training round: 529		accuracy = 0.4934999942779541
Training round: 530		accuracy = 0.5626999735832214
Training round: 531		accuracy = 0.5091999769210815
Training round: 532		accuracy = 0.6480000019073486
Training round: 533		accuracy = 0.5006999969482422
Training round: 534		accuracy = 0.5885999798774719
Training round: 535		accuracy = 0.6216999888420105
Training round: 536		accuracy = 0.6378999948501587
Training round: 537		accuracy = 0.6219000220298767
Training round: 538		accuracy = 0.6337000131607056
Training round: 539		accuracy = 0.63919997215271
Training round: 540		accuracy = 0.6478999853134155
Training round: 541		accuracy = 0.6349999904632568
Training round: 542		accuracy = 0.6492000222206116
Training round: 543		accuracy = 0.6381999850273132
Training round: 544		accuracy = 0.5382000207901001
Training round: 545		accuracy = 0.6014999747276306
Training round: 546		accuracy = 0.5723999738693237
Training round: 547		accuracy = 0.5929999947547913
Training round: 548		accuracy = 0.5705999732017517
Training round: 549		accuracy = 0.6692000031471252
Training round: 550		accuracy = 0.590399980545044
Training round: 551		accuracy = 0.5706999897956848
Training round: 552		accuracy = 0.6072999835014343
Training round: 553		accuracy = 0.6758999824523926
Training round: 554		accuracy = 0.6189000010490417
Training round: 555		accuracy = 0.6420999765396118
Training round: 556		accuracy = 0.6226000189781189
Training round: 557		accuracy = 0.6747999787330627
Training round: 558		accuracy = 0.6391000151634216
Training round: 559		accuracy = 0.6190000176429749
Training round: 560		accuracy = 0.5985999703407288
Training round: 561		accuracy = 0.6064000129699707
Training round: 562		accuracy = 0.6233000159263611
Training round: 563		accuracy = 0.6032000184059143
Training round: 564		accuracy = 0.6078000068664551
Training round: 565		accuracy = 0.6478999853134155
Training round: 566		accuracy = 0.65420001745224
Training round: 567		accuracy = 0.6464999914169312
Training round: 568		accuracy = 0.5967000126838684
Training round: 569		accuracy = 0.5885999798774719
Training round: 570		accuracy = 0.5976999998092651
Training round: 571		accuracy = 0.6294999718666077
Training round: 572		accuracy = 0.6172999739646912
Training round: 573		accuracy = 0.5598000288009644
Training round: 574		accuracy = 0.5073000192642212
Training round: 575		accuracy = 0.5570999979972839
Training round: 576		accuracy = 0.5604000091552734
Training round: 577		accuracy = 0.6315000057220459
Training round: 578		accuracy = 0.6521999835968018
Training round: 579		accuracy = 0.5960999727249146
Training round: 580		accuracy = 0.6082000136375427
Training round: 581		accuracy = 0.6344000101089478
Training round: 582		accuracy = 0.6158999800682068
Training round: 583		accuracy = 0.6358000040054321
Training round: 584		accuracy = 0.6456999778747559
Training round: 585		accuracy = 0.6794999837875366
Training round: 586		accuracy = 0.6718000173568726
Training round: 587		accuracy = 0.6509000062942505
Training round: 588		accuracy = 0.6402999758720398
Training round: 589		accuracy = 0.6215000152587891
Training round: 590		accuracy = 0.5849000215530396
Training round: 591		accuracy = 0.5485000014305115
Training round: 592		accuracy = 0.6381999850273132
Training round: 593		accuracy = 0.6444000005722046
Training round: 594		accuracy = 0.6482999920845032
Training round: 595		accuracy = 0.5788000226020813
Training round: 596		accuracy = 0.5751000046730042
Training round: 597		accuracy = 0.6815999746322632
Training round: 598		accuracy = 0.6517999768257141
Training round: 599		accuracy = 0.6341999769210815
Training round: 600		accuracy = 0.6017000079154968
Training round: 601		accuracy = 0.5370000004768372
Training round: 602		accuracy = 0.6445000171661377
Training round: 603		accuracy = 0.6004999876022339
Training round: 604		accuracy = 0.6674000024795532
Training round: 605		accuracy = 0.6425999999046326
Training round: 606		accuracy = 0.5511999726295471
Training round: 607		accuracy = 0.59579998254776
Training round: 608		accuracy = 0.6345999836921692
Training round: 609		accuracy = 0.6523000001907349
Training round: 610		accuracy = 0.5794000029563904
Training round: 611		accuracy = 0.5986999869346619
Training round: 612		accuracy = 0.6010000109672546
Training round: 613		accuracy = 0.597599983215332
Training round: 614		accuracy = 0.6384000182151794
Training round: 615		accuracy = 0.6273000240325928
Training round: 616		accuracy = 0.675599992275238
Training round: 617		accuracy = 0.6294999718666077
Training round: 618		accuracy = 0.6922000050544739
Training round: 619		accuracy = 0.6991000175476074
Training round: 620		accuracy = 0.6696000099182129
Training round: 621		accuracy = 0.6432999968528748
Training round: 622		accuracy = 0.5800999999046326
Training round: 623		accuracy = 0.6026999950408936
Training round: 624		accuracy = 0.5687999725341797
Training round: 625		accuracy = 0.6166999936103821
Training round: 626		accuracy = 0.5332000255584717
Training round: 627		accuracy = 0.5871999859809875
Training round: 628		accuracy = 0.5705999732017517
Training round: 629		accuracy = 0.5437999963760376
Training round: 630		accuracy = 0.595300018787384
Training round: 631		accuracy = 0.6794999837875366
Training round: 632		accuracy = 0.6452000141143799
Training round: 633		accuracy = 0.6424999833106995
Training round: 634		accuracy = 0.5958999991416931
Training round: 635		accuracy = 0.5922999978065491
Training round: 636		accuracy = 0.5925999879837036
Training round: 637		accuracy = 0.5681999921798706
Training round: 638		accuracy = 0.614300012588501
Training round: 639		accuracy = 0.6572999954223633
Training round: 640		accuracy = 0.6412000060081482
Training round: 641		accuracy = 0.6190999746322632
Training round: 642		accuracy = 0.6093000173568726
Training round: 643		accuracy = 0.6381000280380249
Training round: 644		accuracy = 0.6385999917984009
Training round: 645		accuracy = 0.6103000044822693
Training round: 646		accuracy = 0.6425999999046326
Training round: 647		accuracy = 0.6888999938964844
Training round: 648		accuracy = 0.6453999876976013
Training round: 649		accuracy = 0.6086999773979187
Training round: 650		accuracy = 0.6114000082015991
Training round: 651		accuracy = 0.650600016117096
Training round: 652		accuracy = 0.5727999806404114
Training round: 653		accuracy = 0.6366999745368958
Training round: 654		accuracy = 0.6593000292778015
Training round: 655		accuracy = 0.5871999859809875
Training round: 656		accuracy = 0.5444999933242798
Training round: 657		accuracy = 0.6725000143051147
Training round: 658		accuracy = 0.5763000249862671
Training round: 659		accuracy = 0.632099986076355
Training round: 660		accuracy = 0.5882999897003174
Training round: 661		accuracy = 0.6079999804496765
Training round: 662		accuracy = 0.5859000086784363
Training round: 663		accuracy = 0.6305000185966492
Training round: 664		accuracy = 0.5856999754905701
Training round: 665		accuracy = 0.676800012588501
Training round: 666		accuracy = 0.6837999820709229
Training round: 667		accuracy = 0.5960999727249146
Training round: 668		accuracy = 0.5629000067710876
Training round: 669		accuracy = 0.6463000178337097
Training round: 670		accuracy = 0.6290000081062317
Training round: 671		accuracy = 0.6700000166893005
Training round: 672		accuracy = 0.6141999959945679
Training round: 673		accuracy = 0.5856999754905701
Training round: 674		accuracy = 0.5769000053405762
Training round: 675		accuracy = 0.66839998960495
Training round: 676		accuracy = 0.6875
Training round: 677		accuracy = 0.6137999892234802
Training round: 678		accuracy = 0.6309999823570251
Training round: 679		accuracy = 0.6419000029563904
Training round: 680		accuracy = 0.685699999332428
Training round: 681		accuracy = 0.6620000004768372
Training round: 682		accuracy = 0.5939000248908997
Training round: 683		accuracy = 0.6492000222206116
Training round: 684		accuracy = 0.5612000226974487
Training round: 685		accuracy = 0.5295000076293945
Training round: 686		accuracy = 0.5982000231742859
Training round: 687		accuracy = 0.6205999851226807
Training round: 688		accuracy = 0.6718000173568726
Training round: 689		accuracy = 0.5745999813079834
Training round: 690		accuracy = 0.6661999821662903
Training round: 691		accuracy = 0.5812000036239624
Training round: 692		accuracy = 0.6377999782562256
Training round: 693		accuracy = 0.6739000082015991
Training round: 694		accuracy = 0.6643999814987183
Training round: 695		accuracy = 0.6237999796867371
Training round: 696		accuracy = 0.6484000086784363
Training round: 697		accuracy = 0.6909000277519226
Training round: 698		accuracy = 0.6208000183105469
Training round: 699		accuracy = 0.6615999937057495
Training round: 700		accuracy = 0.6578999757766724
Training round: 701		accuracy = 0.6615999937057495
Training round: 702		accuracy = 0.6384000182151794
Training round: 703		accuracy = 0.6244000196456909
Training round: 704		accuracy = 0.612500011920929
Training round: 705		accuracy = 0.6401000022888184
Training round: 706		accuracy = 0.6601999998092651
Training round: 707		accuracy = 0.6539999842643738
Training round: 708		accuracy = 0.6280999779701233
Training round: 709		accuracy = 0.5605999827384949
Training round: 710		accuracy = 0.678600013256073
Training round: 711		accuracy = 0.6765999794006348
Training round: 712		accuracy = 0.6025000214576721
Training round: 713		accuracy = 0.6327999830245972
Training round: 714		accuracy = 0.6908000111579895
Training round: 715		accuracy = 0.6416000127792358
Training round: 716		accuracy = 0.675000011920929
Training round: 717		accuracy = 0.6854000091552734
Training round: 718		accuracy = 0.6571999788284302
Training round: 719		accuracy = 0.6492999792098999
Training round: 720		accuracy = 0.6107000112533569
Training round: 721		accuracy = 0.6207000017166138
Training round: 722		accuracy = 0.6348000168800354
Training round: 723		accuracy = 0.6398000121116638
Training round: 724		accuracy = 0.6685000061988831
Training round: 725		accuracy = 0.6446999907493591
Training round: 726		accuracy = 0.6606000065803528
Training round: 727		accuracy = 0.6777999997138977
Training round: 728		accuracy = 0.6517000198364258
Training round: 729		accuracy = 0.6388000249862671
Training round: 730		accuracy = 0.6998000144958496
Training round: 731		accuracy = 0.6832000017166138
Training round: 732		accuracy = 0.6029999852180481
Training round: 733		accuracy = 0.651199996471405
Training round: 734		accuracy = 0.6176999807357788
Training round: 735		accuracy = 0.6818000078201294
Training round: 736		accuracy = 0.6150000095367432
Training round: 737		accuracy = 0.6298999786376953
Training round: 738		accuracy = 0.6777999997138977
Training round: 739		accuracy = 0.6111999750137329
Training round: 740		accuracy = 0.6004999876022339
Training round: 741		accuracy = 0.6086999773979187
Training round: 742		accuracy = 0.6769999861717224
Training round: 743		accuracy = 0.6092000007629395
Training round: 744		accuracy = 0.6182000041007996
Training round: 745		accuracy = 0.6721000075340271
Training round: 746		accuracy = 0.6754999756813049
Training round: 747		accuracy = 0.6516000032424927
Training round: 748		accuracy = 0.6158999800682068
Training round: 749		accuracy = 0.6287999749183655
Training round: 750		accuracy = 0.6186000108718872
Training round: 751		accuracy = 0.6689000129699707
Training round: 752		accuracy = 0.6079999804496765
Training round: 753		accuracy = 0.628600001335144
Training round: 754		accuracy = 0.5705999732017517
Training round: 755		accuracy = 0.6450999975204468
Training round: 756		accuracy = 0.652999997138977
Training round: 757		accuracy = 0.6516000032424927
Training round: 758		accuracy = 0.6496999859809875
Training round: 759		accuracy = 0.682200014591217
Training round: 760		accuracy = 0.6549000144004822
Training round: 761		accuracy = 0.6309999823570251
Training round: 762		accuracy = 0.652999997138977
Training round: 763		accuracy = 0.6640999913215637
Training round: 764		accuracy = 0.6654000282287598
Training round: 765		accuracy = 0.6270999908447266
Training round: 766		accuracy = 0.6215999722480774
Training round: 767		accuracy = 0.6324999928474426
Training round: 768		accuracy = 0.6431000232696533
Training round: 769		accuracy = 0.6491000056266785
Training round: 770		accuracy = 0.6783999800682068
Training round: 771		accuracy = 0.5932000279426575
Training round: 772		accuracy = 0.6837999820709229
Training round: 773		accuracy = 0.6610000133514404
Training round: 774		accuracy = 0.6715999841690063
Training round: 775		accuracy = 0.6409000158309937
Training round: 776		accuracy = 0.6085000038146973
Training round: 777		accuracy = 0.5859000086784363
Training round: 778		accuracy = 0.6496999859809875
Training round: 779		accuracy = 0.5875999927520752
Training round: 780		accuracy = 0.5938000082969666
Training round: 781		accuracy = 0.5958999991416931
Training round: 782		accuracy = 0.5825999975204468
Training round: 783		accuracy = 0.5648999810218811
Training round: 784		accuracy = 0.6085000038146973
Training round: 785		accuracy = 0.6366000175476074
Training round: 786		accuracy = 0.6729999780654907
Training round: 787		accuracy = 0.6743999719619751
Training round: 788		accuracy = 0.6208999752998352
Training round: 789		accuracy = 0.64410001039505
Training round: 790		accuracy = 0.6075000166893005
Training round: 791		accuracy = 0.6541000008583069
Training round: 792		accuracy = 0.6826000213623047
Training round: 793		accuracy = 0.6060000061988831
Training round: 794		accuracy = 0.5884000062942505
Training round: 795		accuracy = 0.5637999773025513
Training round: 796		accuracy = 0.5264000296592712
Training round: 797		accuracy = 0.6439999938011169
Training round: 798		accuracy = 0.6728000044822693
Training round: 799		accuracy = 0.6517999768257141
Training round: 800		accuracy = 0.6165000200271606
Training round: 801		accuracy = 0.6141999959945679
Training round: 802		accuracy = 0.6922000050544739
Training round: 803		accuracy = 0.6783999800682068
Training round: 804		accuracy = 0.6696000099182129
Training round: 805		accuracy = 0.6233000159263611
Training round: 806		accuracy = 0.60589998960495
Training round: 807		accuracy = 0.6668000221252441
Training round: 808		accuracy = 0.6660000085830688
Training round: 809		accuracy = 0.6586999893188477
Training round: 810		accuracy = 0.6014999747276306
Training round: 811		accuracy = 0.6604999899864197
Training round: 812		accuracy = 0.6527000069618225
Training round: 813		accuracy = 0.6919000148773193
Training round: 814		accuracy = 0.6381999850273132
Training round: 815		accuracy = 0.564300000667572
Training round: 816		accuracy = 0.5963000059127808
Training round: 817		accuracy = 0.6531999707221985
Training round: 818		accuracy = 0.6650999784469604
Training round: 819		accuracy = 0.6355000138282776
Training round: 820		accuracy = 0.6988999843597412
Training round: 821		accuracy = 0.6090999841690063
Training round: 822		accuracy = 0.652999997138977
Training round: 823		accuracy = 0.597000002861023
Training round: 824		accuracy = 0.677299976348877
Training round: 825		accuracy = 0.6322000026702881
Training round: 826		accuracy = 0.4860000014305115
Training round: 827		accuracy = 0.6743999719619751
Training round: 828		accuracy = 0.6381999850273132
Training round: 829		accuracy = 0.6987000107765198
Training round: 830		accuracy = 0.6444000005722046
Training round: 831		accuracy = 0.6345000267028809
Training round: 832		accuracy = 0.6790000200271606
Training round: 833		accuracy = 0.6037999987602234
Training round: 834		accuracy = 0.6797000169754028
Training round: 835		accuracy = 0.5950000286102295
Training round: 836		accuracy = 0.6489999890327454
Training round: 837		accuracy = 0.6814000010490417
Training round: 838		accuracy = 0.6872000098228455
Training round: 839		accuracy = 0.6775000095367432
Training round: 840		accuracy = 0.695900022983551
Training round: 841		accuracy = 0.5568000078201294
Training round: 842		accuracy = 0.6675000190734863
Training round: 843		accuracy = 0.6668000221252441
Training round: 844		accuracy = 0.6403999924659729
Training round: 845		accuracy = 0.656000018119812
Training round: 846		accuracy = 0.6647999882698059
Training round: 847		accuracy = 0.618399977684021
Training round: 848		accuracy = 0.6601999998092651
Training round: 849		accuracy = 0.521399974822998
Training round: 850		accuracy = 0.6442000269889832
Training round: 851		accuracy = 0.698199987411499
Training round: 852		accuracy = 0.6428999900817871
Training round: 853		accuracy = 0.5705999732017517
Training round: 854		accuracy = 0.6717000007629395
Training round: 855		accuracy = 0.6161999702453613
Training round: 856		accuracy = 0.6675999760627747
Training round: 857		accuracy = 0.6003999710083008
Training round: 858		accuracy = 0.6503999829292297
Training round: 859		accuracy = 0.644599974155426
Training round: 860		accuracy = 0.6640999913215637
Training round: 861		accuracy = 0.6078000068664551
Training round: 862		accuracy = 0.5795000195503235
Training round: 863		accuracy = 0.6363000273704529
Training round: 864		accuracy = 0.614300012588501
Training round: 865		accuracy = 0.6514000296592712
Training round: 866		accuracy = 0.6481999754905701
Training round: 867		accuracy = 0.6679999828338623
Training round: 868		accuracy = 0.6093999743461609
Training round: 869		accuracy = 0.6432999968528748
Training round: 870		accuracy = 0.7049999833106995
Training round: 871		accuracy = 0.6523000001907349
Training round: 872		accuracy = 0.6581000089645386
Training round: 873		accuracy = 0.6862000226974487
Training round: 874		accuracy = 0.6424999833106995
Training round: 875		accuracy = 0.6377000212669373
Training round: 876		accuracy = 0.63919997215271
Training round: 877		accuracy = 0.646399974822998
Training round: 878		accuracy = 0.6238999962806702
Training round: 879		accuracy = 0.6468999981880188
Training round: 880		accuracy = 0.64410001039505
Training round: 881		accuracy = 0.6513000130653381
Training round: 882		accuracy = 0.650600016117096
Training round: 883		accuracy = 0.6317999958992004
Training round: 884		accuracy = 0.646399974822998
Training round: 885		accuracy = 0.6704000234603882
Training round: 886		accuracy = 0.633899986743927
Training round: 887		accuracy = 0.6717000007629395
Training round: 888		accuracy = 0.6855999827384949
Training round: 889		accuracy = 0.6593999862670898
Training round: 890		accuracy = 0.6561999917030334
Training round: 891		accuracy = 0.65420001745224
Training round: 892		accuracy = 0.7056999802589417
Training round: 893		accuracy = 0.6660000085830688
Training round: 894		accuracy = 0.7168999910354614
Training round: 895		accuracy = 0.6748999953269958
Training round: 896		accuracy = 0.6764000058174133
Training round: 897		accuracy = 0.6744999885559082
Training round: 898		accuracy = 0.6301000118255615
Training round: 899		accuracy = 0.6704999804496765
Training round: 900		accuracy = 0.6815000176429749
Training round: 901		accuracy = 0.6919000148773193
Training round: 902		accuracy = 0.6937999725341797
Training round: 903		accuracy = 0.6189000010490417
Training round: 904		accuracy = 0.6832000017166138
Training round: 905		accuracy = 0.6413000226020813
Training round: 906		accuracy = 0.630299985408783
Training round: 907		accuracy = 0.5460000038146973
Training round: 908		accuracy = 0.5701000094413757
Training round: 909		accuracy = 0.6546000242233276
Training round: 910		accuracy = 0.7038999795913696
Training round: 911		accuracy = 0.685699999332428
Training round: 912		accuracy = 0.6654000282287598
Training round: 913		accuracy = 0.6678000092506409
Training round: 914		accuracy = 0.6657999753952026
Training round: 915		accuracy = 0.6248000264167786
Training round: 916		accuracy = 0.6686999797821045
Training round: 917		accuracy = 0.6607000231742859
Training round: 918		accuracy = 0.7031000256538391
Training round: 919		accuracy = 0.6597999930381775
Training round: 920		accuracy = 0.6503000259399414
Training round: 921		accuracy = 0.6498000025749207
Training round: 922		accuracy = 0.6093000173568726
Training round: 923		accuracy = 0.6401000022888184
Training round: 924		accuracy = 0.6664999723434448
Training round: 925		accuracy = 0.6140999794006348
Training round: 926		accuracy = 0.667900025844574
Training round: 927		accuracy = 0.644599974155426
Training round: 928		accuracy = 0.6545000076293945
Training round: 929		accuracy = 0.6352999806404114
Training round: 930		accuracy = 0.6861000061035156
Training round: 931		accuracy = 0.7214999794960022
Training round: 932		accuracy = 0.6366999745368958
Training round: 933		accuracy = 0.6789000034332275
Training round: 934		accuracy = 0.652899980545044
Training round: 935		accuracy = 0.6686000227928162
Training round: 936		accuracy = 0.6528000235557556
Training round: 937		accuracy = 0.6807000041007996
Training round: 938		accuracy = 0.6710000038146973
Training round: 939		accuracy = 0.5983999967575073
Training round: 940		accuracy = 0.6391000151634216
Training round: 941		accuracy = 0.6044999957084656
Training round: 942		accuracy = 0.6489999890327454
Training round: 943		accuracy = 0.6040999889373779
Training round: 944		accuracy = 0.6837000250816345
Training round: 945		accuracy = 0.6255000233650208
Training round: 946		accuracy = 0.6007999777793884
Training round: 947		accuracy = 0.6503000259399414
Training round: 948		accuracy = 0.6876999735832214
Training round: 949		accuracy = 0.6172000169754028
Training round: 950		accuracy = 0.6315000057220459
Training round: 951		accuracy = 0.6985999941825867
Training round: 952		accuracy = 0.6883999705314636
Training round: 953		accuracy = 0.6983000040054321
Training round: 954		accuracy = 0.6668999791145325
Training round: 955		accuracy = 0.6467999815940857
Training round: 956		accuracy = 0.6412000060081482
Training round: 957		accuracy = 0.6287000179290771
Training round: 958		accuracy = 0.6539000272750854
Training round: 959		accuracy = 0.6424000263214111
Training round: 960		accuracy = 0.6812000274658203
Training round: 961		accuracy = 0.642799973487854
Training round: 962		accuracy = 0.638700008392334
Training round: 963		accuracy = 0.6690999865531921
Training round: 964		accuracy = 0.6184999942779541
Training round: 965		accuracy = 0.6489999890327454
Training round: 966		accuracy = 0.6527000069618225
Training round: 967		accuracy = 0.6227999925613403
Training round: 968		accuracy = 0.6608999967575073
Training round: 969		accuracy = 0.6635000109672546
Training round: 970		accuracy = 0.6495000123977661
Training round: 971		accuracy = 0.6420000195503235
Training round: 972		accuracy = 0.7034000158309937
Training round: 973		accuracy = 0.6425999999046326
Training round: 974		accuracy = 0.6323000192642212
Training round: 975		accuracy = 0.6541000008583069
Training round: 976		accuracy = 0.6866000294685364
Training round: 977		accuracy = 0.691100001335144
Training round: 978		accuracy = 0.7020000219345093
Training round: 979		accuracy = 0.6348000168800354
Training round: 980		accuracy = 0.6707000136375427
Training round: 981		accuracy = 0.6365000009536743
Training round: 982		accuracy = 0.6561999917030334
Training round: 983		accuracy = 0.6080999970436096
Training round: 984		accuracy = 0.6064000129699707
Training round: 985		accuracy = 0.7084000110626221
Training round: 986		accuracy = 0.6916999816894531
Training round: 987		accuracy = 0.6431000232696533
Training round: 988		accuracy = 0.690500020980835
Training round: 989		accuracy = 0.6625999808311462
Training round: 990		accuracy = 0.7003999948501587
Training round: 991		accuracy = 0.6057999730110168
Training round: 992		accuracy = 0.5903000235557556
Training round: 993		accuracy = 0.6448000073432922
Training round: 994		accuracy = 0.6883999705314636
Training round: 995		accuracy = 0.6222000122070312
Training round: 996		accuracy = 0.6966000199317932
Training round: 997		accuracy = 0.6292999982833862
Training round: 998		accuracy = 0.6873000264167786
Training round: 999		accuracy = 0.6850000023841858
Training round: 1000		accuracy = 0.689300000667572
Training duration 15492.898004770279
