2021-08-23 17:28:46.969806: I tensorflow/stream_executor/platform/default/dso_loader.cc:49] Successfully opened dynamic library libcudart.so.11.0
2021-08-23 17:29:03.339651: I tensorflow/compiler/jit/xla_cpu_device.cc:41] Not creating XLA devices, tf_xla_enable_xla_devices not set
2021-08-23 17:29:03.344445: I tensorflow/stream_executor/platform/default/dso_loader.cc:49] Successfully opened dynamic library libcuda.so.1
2021-08-23 17:29:03.484094: I tensorflow/core/common_runtime/gpu/gpu_device.cc:1720] Found device 0 with properties: 
pciBusID: 0000:18:00.0 name: Tesla V100-SXM2-32GB computeCapability: 7.0
coreClock: 1.53GHz coreCount: 80 deviceMemorySize: 31.75GiB deviceMemoryBandwidth: 836.37GiB/s
2021-08-23 17:29:03.484902: I tensorflow/stream_executor/platform/default/dso_loader.cc:49] Successfully opened dynamic library libcudart.so.11.0
2021-08-23 17:29:03.502107: I tensorflow/stream_executor/platform/default/dso_loader.cc:49] Successfully opened dynamic library libcublas.so.11
2021-08-23 17:29:03.502365: I tensorflow/stream_executor/platform/default/dso_loader.cc:49] Successfully opened dynamic library libcublasLt.so.11
2021-08-23 17:29:03.509284: I tensorflow/stream_executor/platform/default/dso_loader.cc:49] Successfully opened dynamic library libcufft.so.10
2021-08-23 17:29:03.512147: I tensorflow/stream_executor/platform/default/dso_loader.cc:49] Successfully opened dynamic library libcurand.so.10
2021-08-23 17:29:03.522708: I tensorflow/stream_executor/platform/default/dso_loader.cc:49] Successfully opened dynamic library libcusolver.so.10
2021-08-23 17:29:03.525128: I tensorflow/stream_executor/platform/default/dso_loader.cc:49] Successfully opened dynamic library libcusparse.so.11
2021-08-23 17:29:03.525923: I tensorflow/stream_executor/platform/default/dso_loader.cc:49] Successfully opened dynamic library libcudnn.so.8
2021-08-23 17:29:03.533424: I tensorflow/core/common_runtime/gpu/gpu_device.cc:1862] Adding visible gpu devices: 0
2021-08-23 17:29:03.537497: I tensorflow/core/platform/cpu_feature_guard.cc:142] This TensorFlow binary is optimized with oneAPI Deep Neural Network Library (oneDNN) to use the following CPU instructions in performance-critical operations:  AVX2 AVX512F FMA
To enable them in other operations, rebuild TensorFlow with the appropriate compiler flags.
2021-08-23 17:29:03.538021: I tensorflow/compiler/jit/xla_gpu_device.cc:99] Not creating XLA devices, tf_xla_enable_xla_devices not set
2021-08-23 17:29:03.541496: I tensorflow/core/common_runtime/gpu/gpu_device.cc:1720] Found device 0 with properties: 
pciBusID: 0000:18:00.0 name: Tesla V100-SXM2-32GB computeCapability: 7.0
coreClock: 1.53GHz coreCount: 80 deviceMemorySize: 31.75GiB deviceMemoryBandwidth: 836.37GiB/s
2021-08-23 17:29:03.541583: I tensorflow/stream_executor/platform/default/dso_loader.cc:49] Successfully opened dynamic library libcudart.so.11.0
2021-08-23 17:29:03.541642: I tensorflow/stream_executor/platform/default/dso_loader.cc:49] Successfully opened dynamic library libcublas.so.11
2021-08-23 17:29:03.541698: I tensorflow/stream_executor/platform/default/dso_loader.cc:49] Successfully opened dynamic library libcublasLt.so.11
2021-08-23 17:29:03.541771: I tensorflow/stream_executor/platform/default/dso_loader.cc:49] Successfully opened dynamic library libcufft.so.10
2021-08-23 17:29:03.541832: I tensorflow/stream_executor/platform/default/dso_loader.cc:49] Successfully opened dynamic library libcurand.so.10
2021-08-23 17:29:03.541888: I tensorflow/stream_executor/platform/default/dso_loader.cc:49] Successfully opened dynamic library libcusolver.so.10
2021-08-23 17:29:03.541953: I tensorflow/stream_executor/platform/default/dso_loader.cc:49] Successfully opened dynamic library libcusparse.so.11
2021-08-23 17:29:03.542016: I tensorflow/stream_executor/platform/default/dso_loader.cc:49] Successfully opened dynamic library libcudnn.so.8
2021-08-23 17:29:03.548552: I tensorflow/core/common_runtime/gpu/gpu_device.cc:1862] Adding visible gpu devices: 0
2021-08-23 17:29:03.548660: I tensorflow/stream_executor/platform/default/dso_loader.cc:49] Successfully opened dynamic library libcudart.so.11.0
2021-08-23 17:29:04.691119: I tensorflow/core/common_runtime/gpu/gpu_device.cc:1261] Device interconnect StreamExecutor with strength 1 edge matrix:
2021-08-23 17:29:04.691316: I tensorflow/core/common_runtime/gpu/gpu_device.cc:1267]      0 
2021-08-23 17:29:04.691413: I tensorflow/core/common_runtime/gpu/gpu_device.cc:1280] 0:   N 
2021-08-23 17:29:04.705341: I tensorflow/core/common_runtime/gpu/gpu_device.cc:1406] Created TensorFlow device (/job:localhost/replica:0/task:0/device:GPU:0 with 30130 MB memory) -> physical GPU (device: 0, name: Tesla V100-SXM2-32GB, pci bus id: 0000:18:00.0, compute capability: 7.0)
2021-08-23 17:29:14.030432: I tensorflow/compiler/mlir/mlir_graph_optimization_pass.cc:116] None of the MLIR optimization passes are enabled (registered 2)
2021-08-23 17:29:14.034707: I tensorflow/core/platform/profile_utils/cpu_utils.cc:112] CPU Frequency: 2100000000 Hz
2021-08-23 17:29:14.112569: I tensorflow/stream_executor/platform/default/dso_loader.cc:49] Successfully opened dynamic library libcublas.so.11
2021-08-23 17:29:14.803822: I tensorflow/stream_executor/platform/default/dso_loader.cc:49] Successfully opened dynamic library libcublasLt.so.11
2021-08-23 17:29:14.814573: I tensorflow/stream_executor/platform/default/dso_loader.cc:49] Successfully opened dynamic library libcudnn.so.8
2021-08-23 17:29:17.196437: W tensorflow/stream_executor/gpu/asm_compiler.cc:63] Running ptxas --version returned 256
2021-08-23 17:29:17.295941: W tensorflow/stream_executor/gpu/redzone_allocator.cc:314] Internal: ptxas exited with non-zero error code 256, output: 
Relying on driver to perform ptx compilation. 
Modify $PATH to customize ptxas location.
This message will be only logged once.
Training round: 1		accuracy = 0.6449275612831116
Training round: 2		accuracy = 0.5866666436195374
Training round: 3		accuracy = 0.6414492726325989
Training round: 4		accuracy = 0.5959420204162598
Training round: 5		accuracy = 0.6382608413696289
Training round: 6		accuracy = 0.6365217566490173
Training round: 7		accuracy = 0.643478274345398
Training round: 8		accuracy = 0.6492753624916077
Training round: 9		accuracy = 0.6611593961715698
Training round: 10		accuracy = 0.662028968334198
Training round: 11		accuracy = 0.640289843082428
Training round: 12		accuracy = 0.6579710245132446
Training round: 13		accuracy = 0.6623188257217407
Training round: 14		accuracy = 0.6394202709197998
Training round: 15		accuracy = 0.6269565224647522
Training round: 16		accuracy = 0.6715942025184631
Training round: 17		accuracy = 0.6776811480522156
Training round: 18		accuracy = 0.6684057712554932
Training round: 19		accuracy = 0.6881159543991089
Training round: 20		accuracy = 0.6744927763938904
Training round: 21		accuracy = 0.6582608819007874
Training round: 22		accuracy = 0.6765217185020447
Training round: 23		accuracy = 0.6684057712554932
Training round: 24		accuracy = 0.6695652008056641
Training round: 25		accuracy = 0.665217399597168
Training round: 26		accuracy = 0.6715942025184631
Training round: 27		accuracy = 0.6831883788108826
Training round: 28		accuracy = 0.6771014332771301
Training round: 29		accuracy = 0.672753632068634
Training round: 30		accuracy = 0.678260862827301
Training round: 31		accuracy = 0.6776811480522156
Training round: 32		accuracy = 0.6742029190063477
Training round: 33		accuracy = 0.6768115758895874
Training round: 34		accuracy = 0.6724637746810913
Training round: 35		accuracy = 0.681449294090271
Training round: 36		accuracy = 0.6724637746810913
Training round: 37		accuracy = 0.6773912906646729
Training round: 38		accuracy = 0.6802898645401001
Training round: 39		accuracy = 0.6811594367027283
Training round: 40		accuracy = 0.6797101497650146
Training round: 41		accuracy = 0.6747826337814331
Training round: 42		accuracy = 0.6930434703826904
Training round: 43		accuracy = 0.6828985214233398
Training round: 44		accuracy = 0.6805797219276428
Training round: 45		accuracy = 0.6846376657485962
Training round: 46		accuracy = 0.6852173805236816
Training round: 47		accuracy = 0.686956524848938
Training round: 48		accuracy = 0.6907246112823486
Training round: 49		accuracy = 0.6895652413368225
Training round: 50		accuracy = 0.686956524848938
Training round: 51		accuracy = 0.6805797219276428
Training round: 52		accuracy = 0.6849275231361389
Training round: 53		accuracy = 0.6910144686698914
Training round: 54		accuracy = 0.6913043260574341
Training round: 55		accuracy = 0.6866666674613953
Training round: 56		accuracy = 0.6918840408325195
Training round: 57		accuracy = 0.6921738982200623
Training round: 58		accuracy = 0.6878260970115662
Training round: 59		accuracy = 0.6898550987243652
Training round: 60		accuracy = 0.6889855265617371
Training round: 61		accuracy = 0.6913043260574341
Training round: 62		accuracy = 0.6898550987243652
Training round: 63		accuracy = 0.6921738982200623
Training round: 64		accuracy = 0.6913043260574341
Training round: 65		accuracy = 0.6933333277702332
Training round: 66		accuracy = 0.6933333277702332
Training round: 67		accuracy = 0.6910144686698914
Training round: 68		accuracy = 0.6933333277702332
Training round: 69		accuracy = 0.6933333277702332
Training round: 70		accuracy = 0.6950724720954895
Training round: 71		accuracy = 0.6950724720954895
Training round: 72		accuracy = 0.6927536129951477
Training round: 73		accuracy = 0.6947826147079468
Training round: 74		accuracy = 0.6927536129951477
Training round: 75		accuracy = 0.6947826147079468
Training round: 76		accuracy = 0.6950724720954895
Training round: 77		accuracy = 0.6997101306915283
Training round: 78		accuracy = 0.697970986366272
Training round: 79		accuracy = 0.6994202733039856
Training round: 80		accuracy = 0.697681188583374
Training round: 81		accuracy = 0.695652186870575
Training round: 82		accuracy = 0.6994202733039856
Training round: 83		accuracy = 0.6994202733039856
Training round: 84		accuracy = 0.6965217590332031
Training round: 85		accuracy = 0.7002898454666138
Training round: 86		accuracy = 0.6994202733039856
Training round: 87		accuracy = 0.7026087045669556
Training round: 88		accuracy = 0.7008695602416992
Training round: 89		accuracy = 0.699999988079071
Training round: 90		accuracy = 0.7017391324043274
Training round: 91		accuracy = 0.7026087045669556
Training round: 92		accuracy = 0.7008695602416992
Training round: 93		accuracy = 0.705507218837738
Training round: 94		accuracy = 0.7023188471794128
Training round: 95		accuracy = 0.7028985619544983
Training round: 96		accuracy = 0.7037681341171265
Training round: 97		accuracy = 0.7034782767295837
Training round: 98		accuracy = 0.703188419342041
Training round: 99		accuracy = 0.7028985619544983
Training round: 100		accuracy = 0.7046377062797546
Training duration 4241.728959321976
