2021-08-11 15:50:40.590301: I tensorflow/stream_executor/platform/default/dso_loader.cc:49] Successfully opened dynamic library libcudart.so.11.0
2021-08-11 15:52:44.366654: I tensorflow/compiler/jit/xla_cpu_device.cc:41] Not creating XLA devices, tf_xla_enable_xla_devices not set
2021-08-11 15:52:44.372855: I tensorflow/stream_executor/platform/default/dso_loader.cc:49] Successfully opened dynamic library libcuda.so.1
2021-08-11 15:52:44.430287: I tensorflow/core/common_runtime/gpu/gpu_device.cc:1720] Found device 0 with properties: 
pciBusID: 0000:1d:00.0 name: Tesla V100-SXM2-16GB computeCapability: 7.0
coreClock: 1.53GHz coreCount: 80 deviceMemorySize: 15.78GiB deviceMemoryBandwidth: 836.37GiB/s
2021-08-11 15:52:44.430490: I tensorflow/stream_executor/platform/default/dso_loader.cc:49] Successfully opened dynamic library libcudart.so.11.0
2021-08-11 15:52:44.464988: I tensorflow/stream_executor/platform/default/dso_loader.cc:49] Successfully opened dynamic library libcublas.so.11
2021-08-11 15:52:44.465055: I tensorflow/stream_executor/platform/default/dso_loader.cc:49] Successfully opened dynamic library libcublasLt.so.11
2021-08-11 15:52:44.484196: I tensorflow/stream_executor/platform/default/dso_loader.cc:49] Successfully opened dynamic library libcufft.so.10
2021-08-11 15:52:44.500828: I tensorflow/stream_executor/platform/default/dso_loader.cc:49] Successfully opened dynamic library libcurand.so.10
2021-08-11 15:52:44.539666: I tensorflow/stream_executor/platform/default/dso_loader.cc:49] Successfully opened dynamic library libcusolver.so.10
2021-08-11 15:52:44.550611: I tensorflow/stream_executor/platform/default/dso_loader.cc:49] Successfully opened dynamic library libcusparse.so.11
2021-08-11 15:52:44.552112: I tensorflow/stream_executor/platform/default/dso_loader.cc:49] Successfully opened dynamic library libcudnn.so.8
2021-08-11 15:52:44.556703: I tensorflow/core/common_runtime/gpu/gpu_device.cc:1862] Adding visible gpu devices: 0
2021-08-11 15:52:44.564548: I tensorflow/core/platform/cpu_feature_guard.cc:142] This TensorFlow binary is optimized with oneAPI Deep Neural Network Library (oneDNN) to use the following CPU instructions in performance-critical operations:  AVX2 AVX512F FMA
To enable them in other operations, rebuild TensorFlow with the appropriate compiler flags.
2021-08-11 15:52:44.564850: I tensorflow/compiler/jit/xla_gpu_device.cc:99] Not creating XLA devices, tf_xla_enable_xla_devices not set
2021-08-11 15:52:44.565724: I tensorflow/core/common_runtime/gpu/gpu_device.cc:1720] Found device 0 with properties: 
pciBusID: 0000:1d:00.0 name: Tesla V100-SXM2-16GB computeCapability: 7.0
coreClock: 1.53GHz coreCount: 80 deviceMemorySize: 15.78GiB deviceMemoryBandwidth: 836.37GiB/s
2021-08-11 15:52:44.565753: I tensorflow/stream_executor/platform/default/dso_loader.cc:49] Successfully opened dynamic library libcudart.so.11.0
2021-08-11 15:52:44.565770: I tensorflow/stream_executor/platform/default/dso_loader.cc:49] Successfully opened dynamic library libcublas.so.11
2021-08-11 15:52:44.565783: I tensorflow/stream_executor/platform/default/dso_loader.cc:49] Successfully opened dynamic library libcublasLt.so.11
2021-08-11 15:52:44.565795: I tensorflow/stream_executor/platform/default/dso_loader.cc:49] Successfully opened dynamic library libcufft.so.10
2021-08-11 15:52:44.565808: I tensorflow/stream_executor/platform/default/dso_loader.cc:49] Successfully opened dynamic library libcurand.so.10
2021-08-11 15:52:44.565821: I tensorflow/stream_executor/platform/default/dso_loader.cc:49] Successfully opened dynamic library libcusolver.so.10
2021-08-11 15:52:44.565833: I tensorflow/stream_executor/platform/default/dso_loader.cc:49] Successfully opened dynamic library libcusparse.so.11
2021-08-11 15:52:44.565846: I tensorflow/stream_executor/platform/default/dso_loader.cc:49] Successfully opened dynamic library libcudnn.so.8
2021-08-11 15:52:44.567385: I tensorflow/core/common_runtime/gpu/gpu_device.cc:1862] Adding visible gpu devices: 0
2021-08-11 15:52:44.567885: I tensorflow/stream_executor/platform/default/dso_loader.cc:49] Successfully opened dynamic library libcudart.so.11.0
2021-08-11 15:52:46.110005: I tensorflow/core/common_runtime/gpu/gpu_device.cc:1261] Device interconnect StreamExecutor with strength 1 edge matrix:
2021-08-11 15:52:46.110047: I tensorflow/core/common_runtime/gpu/gpu_device.cc:1267]      0 
2021-08-11 15:52:46.110059: I tensorflow/core/common_runtime/gpu/gpu_device.cc:1280] 0:   N 
2021-08-11 15:52:46.114606: I tensorflow/core/common_runtime/gpu/gpu_device.cc:1406] Created TensorFlow device (/job:localhost/replica:0/task:0/device:GPU:0 with 14761 MB memory) -> physical GPU (device: 0, name: Tesla V100-SXM2-16GB, pci bus id: 0000:1d:00.0, compute capability: 7.0)
2021-08-11 15:52:47.024825: I tensorflow/compiler/mlir/mlir_graph_optimization_pass.cc:116] None of the MLIR optimization passes are enabled (registered 2)
2021-08-11 15:52:47.026319: I tensorflow/core/platform/profile_utils/cpu_utils.cc:112] CPU Frequency: 2400000000 Hz
2021-08-11 15:52:47.535557: I tensorflow/stream_executor/platform/default/dso_loader.cc:49] Successfully opened dynamic library libcublas.so.11
2021-08-11 15:52:48.769082: I tensorflow/stream_executor/platform/default/dso_loader.cc:49] Successfully opened dynamic library libcublasLt.so.11
2021-08-11 15:52:48.803346: I tensorflow/stream_executor/platform/default/dso_loader.cc:49] Successfully opened dynamic library libcudnn.so.8
2021-08-11 15:52:54.132349: W tensorflow/stream_executor/gpu/asm_compiler.cc:63] Running ptxas --version returned 256
2021-08-11 15:52:54.190146: W tensorflow/stream_executor/gpu/redzone_allocator.cc:314] Internal: ptxas exited with non-zero error code 256, output: 
Relying on driver to perform ptx compilation. 
Modify $PATH to customize ptxas location.
This message will be only logged once.
LabelAttacker started.
LabelAttacker finished.
Training round: 1		accuracy = 0.09690000116825104
Training round: 2		accuracy = 0.09629999846220016
Training round: 3		accuracy = 0.11829999834299088
Training round: 4		accuracy = 0.10580000281333923
Training round: 5		accuracy = 0.10040000081062317
Training round: 6		accuracy = 0.09860000014305115
Training round: 7		accuracy = 0.10019999742507935
Training round: 8		accuracy = 0.19419999420642853
Training round: 9		accuracy = 0.11760000139474869
Training round: 10		accuracy = 0.10010000318288803
Training round: 11		accuracy = 0.0868000015616417
Training round: 12		accuracy = 0.10050000250339508
Training round: 13		accuracy = 0.11050000041723251
Training round: 14		accuracy = 0.10520000010728836
Training round: 15		accuracy = 0.10010000318288803
Training round: 16		accuracy = 0.10040000081062317
Training round: 17		accuracy = 0.0997999981045723
Training round: 18		accuracy = 0.10000000149011612
Training round: 19		accuracy = 0.10970000177621841
Training round: 20		accuracy = 0.09989999979734421
Training round: 21		accuracy = 0.09989999979734421
Training round: 22		accuracy = 0.10119999945163727
Training round: 23		accuracy = 0.16259999573230743
Training round: 24		accuracy = 0.10090000182390213
Training round: 25		accuracy = 0.09950000047683716
Training round: 26		accuracy = 0.09989999979734421
Training round: 27		accuracy = 0.11550000309944153
Training round: 28		accuracy = 0.11140000075101852
Training round: 29		accuracy = 0.09969999641180038
Training round: 30		accuracy = 0.21299999952316284
Training round: 31		accuracy = 0.10189999639987946
Training round: 32		accuracy = 0.10029999911785126
Training round: 33		accuracy = 0.19470000267028809
Training round: 34		accuracy = 0.1088000014424324
Training round: 35		accuracy = 0.1316000074148178
Training round: 36		accuracy = 0.09950000047683716
Training round: 37		accuracy = 0.2305999994277954
Training round: 38		accuracy = 0.18119999766349792
Training round: 39		accuracy = 0.15710000693798065
Training round: 40		accuracy = 0.13220000267028809
Training round: 41		accuracy = 0.11230000108480453
Training round: 42		accuracy = 0.23409999907016754
Training round: 43		accuracy = 0.11100000143051147
Training round: 44		accuracy = 0.11599999666213989
Training round: 45		accuracy = 0.11349999904632568
Training round: 46		accuracy = 0.09009999781847
Training round: 47		accuracy = 0.2150000035762787
Training round: 48		accuracy = 0.14509999752044678
Training round: 49		accuracy = 0.23340000212192535
Training round: 50		accuracy = 0.1273999959230423
Training round: 51		accuracy = 0.1103999987244606
Training round: 52		accuracy = 0.11330000311136246
Training round: 53		accuracy = 0.08829999715089798
Training round: 54		accuracy = 0.07890000194311142
Training round: 55		accuracy = 0.09809999912977219
Training round: 56		accuracy = 0.10000000149011612
Training round: 57		accuracy = 0.1160999983549118
Training round: 58		accuracy = 0.12060000002384186
Training round: 59		accuracy = 0.1054999977350235
Training round: 60		accuracy = 0.10019999742507935
Training round: 61		accuracy = 0.1046999990940094
Training round: 62		accuracy = 0.1023000031709671
Training round: 63		accuracy = 0.1136000007390976
Training round: 64		accuracy = 0.09870000183582306
Training round: 65		accuracy = 0.09650000184774399
Training round: 66		accuracy = 0.09719999879598618
Training round: 67		accuracy = 0.11270000040531158
Training round: 68		accuracy = 0.1234000027179718
Training round: 69		accuracy = 0.15620000660419464
Training round: 70		accuracy = 0.23469999432563782
Training round: 71		accuracy = 0.1031000018119812
Training round: 72		accuracy = 0.09969999641180038
Training round: 73		accuracy = 0.09080000221729279
Training round: 74		accuracy = 0.12030000239610672
Training round: 75		accuracy = 0.09709999710321426
Training round: 76		accuracy = 0.11020000278949738
Training round: 77		accuracy = 0.10760000348091125
Training round: 78		accuracy = 0.1290999948978424
Training round: 79		accuracy = 0.13040000200271606
Training round: 80		accuracy = 0.09709999710321426
Training round: 81		accuracy = 0.21070000529289246
Training round: 82		accuracy = 0.11869999766349792
Training round: 83		accuracy = 0.10520000010728836
Training round: 84		accuracy = 0.053599998354911804
Training round: 85		accuracy = 0.07829999923706055
Training round: 86		accuracy = 0.1306000053882599
Training round: 87		accuracy = 0.05810000002384186
Training round: 88		accuracy = 0.1289999932050705
Training round: 89		accuracy = 0.24300000071525574
Training round: 90		accuracy = 0.12530000507831573
Training round: 91		accuracy = 0.11320000141859055
Training round: 92		accuracy = 0.10050000250339508
Training round: 93		accuracy = 0.08259999752044678
Training round: 94		accuracy = 0.09600000083446503
Training round: 95		accuracy = 0.11649999767541885
Training round: 96		accuracy = 0.09669999778270721
Training round: 97		accuracy = 0.07159999758005142
Training round: 98		accuracy = 0.07129999995231628
Training round: 99		accuracy = 0.11060000211000443
Training round: 100		accuracy = 0.05649999901652336
Training round: 101		accuracy = 0.20739999413490295
Training round: 102		accuracy = 0.07370000332593918
Training round: 103		accuracy = 0.0723000019788742
Training round: 104		accuracy = 0.03420000150799751
Training round: 105		accuracy = 0.13349999487400055
Training round: 106		accuracy = 0.0869000032544136
Training round: 107		accuracy = 0.07720000296831131
Training round: 108		accuracy = 0.07010000199079514
Training round: 109		accuracy = 0.06109999865293503
Training round: 110		accuracy = 0.03189999982714653
Training round: 111		accuracy = 0.10249999910593033
Training round: 112		accuracy = 0.11209999769926071
Training round: 113		accuracy = 0.09390000253915787
Training round: 114		accuracy = 0.07930000126361847
Training round: 115		accuracy = 0.07000000029802322
Training round: 116		accuracy = 0.1728000044822693
Training round: 117		accuracy = 0.13289999961853027
Training round: 118		accuracy = 0.08410000056028366
Training round: 119		accuracy = 0.22259999811649323
Training round: 120		accuracy = 0.062199998646974564
Training round: 121		accuracy = 0.2062000036239624
Training round: 122		accuracy = 0.120899997651577
Training round: 123		accuracy = 0.11819999665021896
Training round: 124		accuracy = 0.09809999912977219
Training round: 125		accuracy = 0.09629999846220016
Training round: 126		accuracy = 0.12080000340938568
Training round: 127		accuracy = 0.09769999980926514
Training round: 128		accuracy = 0.043299999088048935
Training round: 129		accuracy = 0.0754999965429306
Training round: 130		accuracy = 0.08129999786615372
Training round: 131		accuracy = 0.06129999831318855
Training round: 132		accuracy = 0.07440000027418137
Training round: 133		accuracy = 0.043299999088048935
Training round: 134		accuracy = 0.13089999556541443
Training round: 135		accuracy = 0.0851999968290329
Training round: 136		accuracy = 0.20800000429153442
Training round: 137		accuracy = 0.09120000153779984
Training round: 138		accuracy = 0.08860000222921371
Training round: 139		accuracy = 0.04340000078082085
Training round: 140		accuracy = 0.10130000114440918
Training round: 141		accuracy = 0.09529999643564224
Training round: 142		accuracy = 0.0689999982714653
Training round: 143		accuracy = 0.03610000014305115
Training round: 144		accuracy = 0.08900000154972076
Training round: 145		accuracy = 0.04820000007748604
Training round: 146		accuracy = 0.04780000075697899
Training round: 147		accuracy = 0.04729999974370003
Training round: 148		accuracy = 0.17139999568462372
Training round: 149		accuracy = 0.07750000059604645
Training round: 150		accuracy = 0.0406000018119812
Training round: 151		accuracy = 0.0478999987244606
Training round: 152		accuracy = 0.05000000074505806
Training round: 153		accuracy = 0.05000000074505806
Training round: 154		accuracy = 0.05220000073313713
Training round: 155		accuracy = 0.05660000070929527
Training round: 156		accuracy = 0.09109999984502792
Training round: 157		accuracy = 0.0544000007212162
Training round: 158		accuracy = 0.15129999816417694
Training round: 159		accuracy = 0.10689999908208847
Training round: 160		accuracy = 0.10779999941587448
Training round: 161		accuracy = 0.08320000022649765
Training round: 162		accuracy = 0.09120000153779984
Training round: 163		accuracy = 0.09510000050067902
Training round: 164		accuracy = 0.03720000013709068
Training round: 165		accuracy = 0.24009999632835388
Training round: 166		accuracy = 0.05999999865889549
Training round: 167		accuracy = 0.04569999873638153
Training round: 168		accuracy = 0.0617000013589859
Training round: 169		accuracy = 0.20029999315738678
Training round: 170		accuracy = 0.06210000067949295
Training round: 171		accuracy = 0.08489999920129776
Training round: 172		accuracy = 0.06449999660253525
Training round: 173		accuracy = 0.04670000076293945
Training round: 174		accuracy = 0.05180000141263008
Training round: 175		accuracy = 0.05260000005364418
Training round: 176		accuracy = 0.2540000081062317
Training round: 177		accuracy = 0.08990000188350677
Training round: 178		accuracy = 0.22259999811649323
Training round: 179		accuracy = 0.10639999806880951
Training round: 180		accuracy = 0.11289999634027481
Training round: 181		accuracy = 0.06989999860525131
Training round: 182		accuracy = 0.04830000177025795
Training round: 183		accuracy = 0.03840000182390213
Training round: 184		accuracy = 0.04800000041723251
Training round: 185		accuracy = 0.050999999046325684
Training round: 186		accuracy = 0.04839999973773956
Training round: 187		accuracy = 0.20630000531673431
Training round: 188		accuracy = 0.09030000120401382
Training round: 189		accuracy = 0.275299996137619
Training round: 190		accuracy = 0.08749999850988388
Training round: 191		accuracy = 0.08630000054836273
Training round: 192		accuracy = 0.06920000165700912
Training round: 193		accuracy = 0.056299999356269836
Training round: 194		accuracy = 0.06080000102519989
Training round: 195		accuracy = 0.3061999976634979
Training round: 196		accuracy = 0.12449999898672104
Training round: 197		accuracy = 0.05990000069141388
Training round: 198		accuracy = 0.059700001031160355
Training round: 199		accuracy = 0.0502999983727932
Training round: 200		accuracy = 0.04809999838471413
Training round: 201		accuracy = 0.06310000270605087
Training round: 202		accuracy = 0.061500001698732376
Training round: 203		accuracy = 0.051600001752376556
Training round: 204		accuracy = 0.0632999986410141
Training round: 205		accuracy = 0.0982000008225441
Training round: 206		accuracy = 0.07270000129938126
Training round: 207		accuracy = 0.0471000000834465
Training round: 208		accuracy = 0.05730000138282776
Training round: 209		accuracy = 0.06030000001192093
Training round: 210		accuracy = 0.049400001764297485
Training round: 211		accuracy = 0.07339999824762344
Training round: 212		accuracy = 0.04390000179409981
Training round: 213		accuracy = 0.05700000002980232
Training round: 214		accuracy = 0.0406000018119812
Training round: 215		accuracy = 0.30959999561309814
Training round: 216		accuracy = 0.1031000018119812
Training round: 217		accuracy = 0.07240000367164612
Training round: 218		accuracy = 0.07109999656677246
Training round: 219		accuracy = 0.061400000005960464
Training round: 220		accuracy = 0.053599998354911804
Training round: 221		accuracy = 0.2574999928474426
Training round: 222		accuracy = 0.09059999883174896
Training round: 223		accuracy = 0.06769999861717224
Training round: 224		accuracy = 0.3027999997138977
Training round: 225		accuracy = 0.055399999022483826
Training round: 226		accuracy = 0.03929999843239784
Training round: 227		accuracy = 0.3107999861240387
Training round: 228		accuracy = 0.08879999816417694
Training round: 229		accuracy = 0.04439999908208847
Training round: 230		accuracy = 0.043299999088048935
Training round: 231		accuracy = 0.06040000170469284
Training round: 232		accuracy = 0.04569999873638153
Training round: 233		accuracy = 0.05389999970793724
Training round: 234		accuracy = 0.06279999762773514
Training round: 235		accuracy = 0.0575999990105629
Training round: 236		accuracy = 0.06459999829530716
Training round: 237		accuracy = 0.0786999985575676
Training round: 238		accuracy = 0.2818000018596649
Training round: 239		accuracy = 0.10580000281333923
Training round: 240		accuracy = 0.04500000178813934
Training round: 241		accuracy = 0.05889999866485596
Training round: 242		accuracy = 0.04179999977350235
Training round: 243		accuracy = 0.029500000178813934
Training round: 244		accuracy = 0.04749999940395355
Training round: 245		accuracy = 0.06449999660253525
Training round: 246		accuracy = 0.04769999906420708
Training round: 247		accuracy = 0.05550000071525574
Training round: 248		accuracy = 0.04910000041127205
Training round: 249		accuracy = 0.040699999779462814
Training round: 250		accuracy = 0.04639999940991402
Training round: 251		accuracy = 0.029999999329447746
Training round: 252		accuracy = 0.2280000001192093
Training round: 253		accuracy = 0.1340000033378601
Training round: 254		accuracy = 0.056699998676776886
Training round: 255		accuracy = 0.07109999656677246
Training round: 256		accuracy = 0.060499999672174454
Training round: 257		accuracy = 0.2896000146865845
Training round: 258		accuracy = 0.054499998688697815
Training round: 259		accuracy = 0.05719999969005585
Training round: 260		accuracy = 0.054999999701976776
Training round: 261		accuracy = 0.06080000102519989
Training round: 262		accuracy = 0.05169999971985817
Training round: 263		accuracy = 0.03709999844431877
Training round: 264		accuracy = 0.050200000405311584
Training round: 265		accuracy = 0.04340000078082085
Training round: 266		accuracy = 0.05009999871253967
Training round: 267		accuracy = 0.03889999911189079
Training round: 268		accuracy = 0.03909999877214432
Training round: 269		accuracy = 0.03790000081062317
Training round: 270		accuracy = 0.039400000125169754
Training round: 271		accuracy = 0.03620000183582306
Training round: 272		accuracy = 0.03849999979138374
Training round: 273		accuracy = 0.04270000010728836
Training round: 274		accuracy = 0.2257000058889389
Training round: 275		accuracy = 0.09300000220537186
Training round: 276		accuracy = 0.08529999852180481
Training round: 277		accuracy = 0.042100001126527786
Training round: 278		accuracy = 0.07010000199079514
Training round: 279		accuracy = 0.26409998536109924
Training round: 280		accuracy = 0.10849999636411667
Training round: 281		accuracy = 0.0640999972820282
Training round: 282		accuracy = 0.08179999887943268
Training round: 283		accuracy = 0.2987000048160553
Training round: 284		accuracy = 0.060600001364946365
Training round: 285		accuracy = 0.04230000078678131
Training round: 286		accuracy = 0.04170000180602074
Training round: 287		accuracy = 0.03400000184774399
Training round: 288		accuracy = 0.04740000143647194
Training round: 289		accuracy = 0.32359999418258667
Training round: 290		accuracy = 0.08640000224113464
Training round: 291		accuracy = 0.23970000445842743
Training round: 292		accuracy = 0.08479999750852585
Training round: 293		accuracy = 0.05339999869465828
Training round: 294		accuracy = 0.05810000002384186
Training round: 295		accuracy = 0.04769999906420708
Training round: 296		accuracy = 0.040800001472234726
Training round: 297		accuracy = 0.04100000113248825
Training round: 298		accuracy = 0.04349999874830246
Training round: 299		accuracy = 0.037700001150369644
Training round: 300		accuracy = 0.03590000048279762
Training round: 301		accuracy = 0.2712000012397766
Training round: 302		accuracy = 0.08489999920129776
Training round: 303		accuracy = 0.05350000038743019
Training round: 304		accuracy = 0.05620000138878822
Training round: 305		accuracy = 0.04479999840259552
Training round: 306		accuracy = 0.041600000113248825
Training round: 307		accuracy = 0.2345999926328659
Training round: 308		accuracy = 0.16699999570846558
Training round: 309		accuracy = 0.08139999955892563
Training round: 310		accuracy = 0.0478999987244606
Training round: 311		accuracy = 0.04619999974966049
Training round: 312		accuracy = 0.3077999949455261
Training round: 313		accuracy = 0.0828000009059906
Training round: 314		accuracy = 0.3334999978542328
Training round: 315		accuracy = 0.09650000184774399
Training round: 316		accuracy = 0.05900000035762787
Training round: 317		accuracy = 0.066600002348423
Training round: 318		accuracy = 0.08860000222921371
Training round: 319		accuracy = 0.06120000034570694
Training round: 320		accuracy = 0.043800000101327896
Training round: 321		accuracy = 0.32429999113082886
Training round: 322		accuracy = 0.10540000349283218
Training round: 323		accuracy = 0.06270000338554382
Training round: 324		accuracy = 0.04910000041127205
Training round: 325		accuracy = 0.3296000063419342
Training round: 326		accuracy = 0.06629999727010727
Training round: 327		accuracy = 0.049800001084804535
Training round: 328		accuracy = 0.045899998396635056
Training round: 329		accuracy = 0.05290000140666962
Training round: 330		accuracy = 0.05889999866485596
Training round: 331		accuracy = 0.28529998660087585
Training round: 332		accuracy = 0.061799999326467514
Training round: 333		accuracy = 0.33160001039505005
Training round: 334		accuracy = 0.06040000170469284
Training round: 335		accuracy = 0.3393000066280365
Training round: 336		accuracy = 0.07249999791383743
Training round: 337		accuracy = 0.3271999955177307
Training round: 338		accuracy = 0.07940000295639038
Training round: 339		accuracy = 0.07689999788999557
Training round: 340		accuracy = 0.33629998564720154
Training round: 341		accuracy = 0.30640000104904175
Training round: 342		accuracy = 0.06319999694824219
Training round: 343		accuracy = 0.32019999623298645
Training round: 344		accuracy = 0.1388999968767166
Training round: 345		accuracy = 0.08410000056028366
Training round: 346		accuracy = 0.357699990272522
Training round: 347		accuracy = 0.3538999855518341
Training round: 348		accuracy = 0.10530000180006027
Training round: 349		accuracy = 0.08370000123977661
Training round: 350		accuracy = 0.09740000218153
Training round: 351		accuracy = 0.053300000727176666
Training round: 352		accuracy = 0.3481999933719635
Training round: 353		accuracy = 0.0877000018954277
Training round: 354		accuracy = 0.06040000170469284
Training round: 355		accuracy = 0.05119999870657921
Training round: 356		accuracy = 0.3440999984741211
Training round: 357		accuracy = 0.08500000089406967
Training round: 358		accuracy = 0.05869999900460243
Training round: 359		accuracy = 0.3626999855041504
Training round: 360		accuracy = 0.08309999853372574
Training round: 361		accuracy = 0.06840000301599503
Training round: 362		accuracy = 0.09189999848604202
Training round: 363		accuracy = 0.05779999867081642
Training round: 364		accuracy = 0.054999999701976776
Training round: 365		accuracy = 0.050700001418590546
Training round: 366		accuracy = 0.06360000371932983
Training round: 367		accuracy = 0.04960000142455101
Training round: 368		accuracy = 0.04769999906420708
Training round: 369		accuracy = 0.3100000023841858
Training round: 370		accuracy = 0.11819999665021896
Training round: 371		accuracy = 0.04410000145435333
Training round: 372		accuracy = 0.3034000098705292
Training round: 373		accuracy = 0.14990000426769257
Training round: 374		accuracy = 0.3456999957561493
Training round: 375		accuracy = 0.07270000129938126
Training round: 376		accuracy = 0.052400000393390656
Training round: 377		accuracy = 0.3066999912261963
Training round: 378		accuracy = 0.10369999706745148
Training round: 379		accuracy = 0.08330000191926956
Training round: 380		accuracy = 0.3653999865055084
Training round: 381		accuracy = 0.10289999842643738
Training round: 382		accuracy = 0.09260000288486481
Training round: 383		accuracy = 0.07840000092983246
Training round: 384		accuracy = 0.060600001364946365
Training round: 385		accuracy = 0.06069999933242798
Training round: 386		accuracy = 0.042100001126527786
Training round: 387		accuracy = 0.054499998688697815
Training round: 388		accuracy = 0.06480000168085098
Training round: 389		accuracy = 0.3813000023365021
Training round: 390		accuracy = 0.3569999933242798
Training round: 391		accuracy = 0.06930000334978104
Training round: 392		accuracy = 0.054099999368190765
Training round: 393		accuracy = 0.047200001776218414
Training round: 394		accuracy = 0.06509999930858612
Training round: 395		accuracy = 0.06289999932050705
Training round: 396		accuracy = 0.05829999968409538
Training round: 397		accuracy = 0.0560000017285347
Training round: 398		accuracy = 0.2888999879360199
Training round: 399		accuracy = 0.05270000174641609
Training round: 400		accuracy = 0.33889999985694885
Training round: 401		accuracy = 0.13009999692440033
Training round: 402		accuracy = 0.351500004529953
Training round: 403		accuracy = 0.08609999716281891
Training round: 404		accuracy = 0.06689999997615814
Training round: 405		accuracy = 0.3564999997615814
Training round: 406		accuracy = 0.061799999326467514
Training round: 407		accuracy = 0.07919999957084656
Training round: 408		accuracy = 0.04170000180602074
Training round: 409		accuracy = 0.34049999713897705
Training round: 410		accuracy = 0.09549999982118607
Training round: 411		accuracy = 0.06589999794960022
Training round: 412		accuracy = 0.3831000030040741
Training round: 413		accuracy = 0.08749999850988388
Training round: 414		accuracy = 0.05640000104904175
Training round: 415		accuracy = 0.07639999687671661
Training round: 416		accuracy = 0.07930000126361847
Training round: 417		accuracy = 0.05249999836087227
Training round: 418		accuracy = 0.046799998730421066
Training round: 419		accuracy = 0.385699987411499
Training round: 420		accuracy = 0.06620000302791595
Training round: 421		accuracy = 0.3702999949455261
Training round: 422		accuracy = 0.07999999821186066
Training round: 423		accuracy = 0.36469998955726624
Training round: 424		accuracy = 0.09000000357627869
Training round: 425		accuracy = 0.08489999920129776
Training round: 426		accuracy = 0.05820000171661377
Training round: 427		accuracy = 0.3781000077724457
Training round: 428		accuracy = 0.0763000026345253
Training round: 429		accuracy = 0.0794999971985817
Training round: 430		accuracy = 0.050599999725818634
Training round: 431		accuracy = 0.4052000045776367
Training round: 432		accuracy = 0.07500000298023224
Training round: 433		accuracy = 0.08129999786615372
Training round: 434		accuracy = 0.09040000289678574
Training round: 435		accuracy = 0.3449000120162964
Training round: 436		accuracy = 0.07769999653100967
Training round: 437		accuracy = 0.07259999960660934
Training round: 438		accuracy = 0.06069999933242798
Training round: 439		accuracy = 0.4120999872684479
Training round: 440		accuracy = 0.11710000038146973
Training round: 441		accuracy = 0.07989999651908875
Training round: 442		accuracy = 0.349700003862381
Training round: 443		accuracy = 0.1062999963760376
Training round: 444		accuracy = 0.41510000824928284
Training round: 445		accuracy = 0.12620000541210175
Training round: 446		accuracy = 0.07559999823570251
Training round: 447		accuracy = 0.061400000005960464
Training round: 448		accuracy = 0.3919000029563904
Training round: 449		accuracy = 0.06549999862909317
Training round: 450		accuracy = 0.3847000002861023
Training round: 451		accuracy = 0.06849999725818634
Training round: 452		accuracy = 0.0917000025510788
Training round: 453		accuracy = 0.3513999879360199
Training round: 454		accuracy = 0.07930000126361847
Training round: 455		accuracy = 0.41819998621940613
Training round: 456		accuracy = 0.1371999979019165
Training round: 457		accuracy = 0.08340000361204147
Training round: 458		accuracy = 0.07880000025033951
Training round: 459		accuracy = 0.06769999861717224
Training round: 460		accuracy = 0.39739999175071716
Training round: 461		accuracy = 0.06430000066757202
Training round: 462		accuracy = 0.06599999964237213
Training round: 463		accuracy = 0.39430001378059387
Training round: 464		accuracy = 0.05979999899864197
Training round: 465		accuracy = 0.05889999866485596
Training round: 466		accuracy = 0.06859999895095825
Training round: 467		accuracy = 0.3959999978542328
Training round: 468		accuracy = 0.4307999908924103
Training round: 469		accuracy = 0.10379999876022339
Training round: 470		accuracy = 0.09679999947547913
Training round: 471		accuracy = 0.09539999812841415
Training round: 472		accuracy = 0.09080000221729279
Training round: 473		accuracy = 0.45329999923706055
Training round: 474		accuracy = 0.4244999885559082
Training round: 475		accuracy = 0.12099999934434891
Training round: 476		accuracy = 0.10809999704360962
Training round: 477		accuracy = 0.06210000067949295
Training round: 478		accuracy = 0.35359999537467957
Training round: 479		accuracy = 0.10530000180006027
Training round: 480		accuracy = 0.42149999737739563
Training round: 481		accuracy = 0.08500000089406967
Training round: 482		accuracy = 0.42239999771118164
Training round: 483		accuracy = 0.13179999589920044
Training round: 484		accuracy = 0.0771000012755394
Training round: 485		accuracy = 0.056699998676776886
Training round: 486		accuracy = 0.0494999997317791
Training round: 487		accuracy = 0.4643000066280365
Training round: 488		accuracy = 0.09629999846220016
Training round: 489		accuracy = 0.08229999989271164
Training round: 490		accuracy = 0.05310000106692314
Training round: 491		accuracy = 0.05979999899864197
Training round: 492		accuracy = 0.08980000019073486
Training round: 493		accuracy = 0.08839999884366989
Training round: 494		accuracy = 0.04969999939203262
Training round: 495		accuracy = 0.44290000200271606
Training round: 496		accuracy = 0.42739999294281006
Training round: 497		accuracy = 0.4657000005245209
Training round: 498		accuracy = 0.10520000010728836
Training round: 499		accuracy = 0.08900000154972076
Training round: 500		accuracy = 0.45010000467300415
Training round: 501		accuracy = 0.10679999738931656
Training round: 502		accuracy = 0.08799999952316284
Training round: 503		accuracy = 0.4133000075817108
Training round: 504		accuracy = 0.08380000293254852
Training round: 505		accuracy = 0.45249998569488525
Training round: 506		accuracy = 0.08609999716281891
Training round: 507		accuracy = 0.4390000104904175
Training round: 508		accuracy = 0.11020000278949738
Training round: 509		accuracy = 0.3840999901294708
Training round: 510		accuracy = 0.06750000268220901
Training round: 511		accuracy = 0.07410000264644623
Training round: 512		accuracy = 0.4458000063896179
Training round: 513		accuracy = 0.06849999725818634
Training round: 514		accuracy = 0.46059998869895935
Training round: 515		accuracy = 0.12110000103712082
Training round: 516		accuracy = 0.07150000333786011
Training round: 517		accuracy = 0.09929999709129333
Training round: 518		accuracy = 0.08299999684095383
Training round: 519		accuracy = 0.06430000066757202
Training round: 520		accuracy = 0.42829999327659607
Training round: 521		accuracy = 0.08460000157356262
Training round: 522		accuracy = 0.0828000009059906
Training round: 523		accuracy = 0.4625000059604645
Training round: 524		accuracy = 0.09459999948740005
Training round: 525		accuracy = 0.07699999958276749
Training round: 526		accuracy = 0.42329999804496765
Training round: 527		accuracy = 0.43639999628067017
Training round: 528		accuracy = 0.11479999870061874
Training round: 529		accuracy = 0.08309999853372574
Training round: 530		accuracy = 0.06379999965429306
Training round: 531		accuracy = 0.4165000021457672
Training round: 532		accuracy = 0.11840000003576279
Training round: 533		accuracy = 0.4643000066280365
Training round: 534		accuracy = 0.11909999698400497
Training round: 535		accuracy = 0.3862000107765198
Training round: 536		accuracy = 0.0989999994635582
Training round: 537		accuracy = 0.11069999635219574
Training round: 538		accuracy = 0.08340000361204147
Training round: 539		accuracy = 0.4399000108242035
Training round: 540		accuracy = 0.09390000253915787
Training round: 541		accuracy = 0.4681999981403351
Training round: 542		accuracy = 0.08860000222921371
Training round: 543		accuracy = 0.42260000109672546
Training round: 544		accuracy = 0.42590001225471497
Training round: 545		accuracy = 0.0803999975323677
Training round: 546		accuracy = 0.0803999975323677
Training round: 547		accuracy = 0.4122999906539917
Training round: 548		accuracy = 0.10339999943971634
Training round: 549		accuracy = 0.06369999796152115
Training round: 550		accuracy = 0.07980000227689743
Training round: 551		accuracy = 0.4918999969959259
Training round: 552		accuracy = 0.09470000118017197
Training round: 553		accuracy = 0.48899999260902405
Training round: 554		accuracy = 0.09799999743700027
Training round: 555		accuracy = 0.4641000032424927
Training round: 556		accuracy = 0.10249999910593033
Training round: 557		accuracy = 0.4560999870300293
Training round: 558		accuracy = 0.47369998693466187
Training round: 559		accuracy = 0.1251000016927719
Training round: 560		accuracy = 0.07079999893903732
Training round: 561		accuracy = 0.0640999972820282
Training round: 562		accuracy = 0.08590000122785568
Training round: 563		accuracy = 0.41909998655319214
Training round: 564		accuracy = 0.09390000253915787
Training round: 565		accuracy = 0.38429999351501465
Training round: 566		accuracy = 0.5049999952316284
Training round: 567		accuracy = 0.1324000060558319
Training round: 568		accuracy = 0.4878000020980835
Training round: 569		accuracy = 0.08429999649524689
Training round: 570		accuracy = 0.07419999688863754
Training round: 571		accuracy = 0.06159999966621399
Training round: 572		accuracy = 0.48019999265670776
Training round: 573		accuracy = 0.10220000147819519
Training round: 574		accuracy = 0.07620000094175339
Training round: 575		accuracy = 0.45820000767707825
Training round: 576		accuracy = 0.45329999923706055
Training round: 577		accuracy = 0.46790000796318054
Training round: 578		accuracy = 0.10360000282526016
Training round: 579		accuracy = 0.44429999589920044
Training round: 580		accuracy = 0.4749000072479248
Training round: 581		accuracy = 0.07900000363588333
Training round: 582		accuracy = 0.4887999892234802
Training round: 583		accuracy = 0.15489999949932098
Training round: 584		accuracy = 0.5044000148773193
Training round: 585		accuracy = 0.14730000495910645
Training round: 586		accuracy = 0.4903999865055084
Training round: 587		accuracy = 0.4867999851703644
Training round: 588		accuracy = 0.10000000149011612
Training round: 589		accuracy = 0.44749999046325684
Training round: 590		accuracy = 0.0869000032544136
Training round: 591		accuracy = 0.09309999644756317
Training round: 592		accuracy = 0.5029000043869019
Training round: 593		accuracy = 0.5038999915122986
Training round: 594		accuracy = 0.09239999949932098
Training round: 595		accuracy = 0.066600002348423
Training round: 596		accuracy = 0.5067999958992004
Training round: 597		accuracy = 0.08699999749660492
Training round: 598		accuracy = 0.4999000132083893
Training round: 599		accuracy = 0.5081999897956848
Training round: 600		accuracy = 0.07109999656677246
Training round: 601		accuracy = 0.09679999947547913
Training round: 602		accuracy = 0.49050000309944153
Training round: 603		accuracy = 0.0731000006198883
Training round: 604		accuracy = 0.11349999904632568
Training round: 605		accuracy = 0.0794999971985817
Training round: 606		accuracy = 0.5284000039100647
Training round: 607		accuracy = 0.05609999969601631
Training round: 608		accuracy = 0.08619999885559082
Training round: 609		accuracy = 0.10729999840259552
Training round: 610		accuracy = 0.49810001254081726
Training round: 611		accuracy = 0.5102999806404114
Training round: 612		accuracy = 0.07159999758005142
Training round: 613		accuracy = 0.06719999760389328
Training round: 614		accuracy = 0.07859999686479568
Training round: 615		accuracy = 0.5081999897956848
Training round: 616		accuracy = 0.4982999861240387
Training round: 617		accuracy = 0.07999999821186066
Training round: 618		accuracy = 0.09440000355243683
Training round: 619		accuracy = 0.06499999761581421
Training round: 620		accuracy = 0.08760000020265579
Training round: 621		accuracy = 0.4846000075340271
Training round: 622		accuracy = 0.0625
Training round: 623		accuracy = 0.5091000199317932
Training round: 624		accuracy = 0.09870000183582306
Training round: 625		accuracy = 0.4862000048160553
Training round: 626		accuracy = 0.07689999788999557
Training round: 627		accuracy = 0.5044999718666077
Training round: 628		accuracy = 0.09570000320672989
Training round: 629		accuracy = 0.507099986076355
Training round: 630		accuracy = 0.5092999935150146
Training round: 631		accuracy = 0.08579999953508377
Training round: 632		accuracy = 0.5322999954223633
Training round: 633		accuracy = 0.08449999988079071
Training round: 634		accuracy = 0.08540000021457672
Training round: 635		accuracy = 0.055399999022483826
Training round: 636		accuracy = 0.5281000137329102
Training round: 637		accuracy = 0.05849999934434891
Training round: 638		accuracy = 0.53329998254776
Training round: 639		accuracy = 0.07559999823570251
Training round: 640		accuracy = 0.0763000026345253
Training round: 641		accuracy = 0.08900000154972076
Training round: 642		accuracy = 0.08959999680519104
Training round: 643		accuracy = 0.5166000127792358
Training round: 644		accuracy = 0.5228000283241272
Training round: 645		accuracy = 0.5288000106811523
Training round: 646		accuracy = 0.09830000251531601
Training round: 647		accuracy = 0.07810000330209732
Training round: 648		accuracy = 0.529699981212616
Training round: 649		accuracy = 0.06419999897480011
Training round: 650		accuracy = 0.12120000272989273
Training round: 651		accuracy = 0.5218999981880188
Training round: 652		accuracy = 0.07959999889135361
Training round: 653		accuracy = 0.06669999659061432
Training round: 654		accuracy = 0.05139999836683273
Training round: 655		accuracy = 0.47350001335144043
Training round: 656		accuracy = 0.5315999984741211
Training round: 657		accuracy = 0.08900000154972076
Training round: 658		accuracy = 0.08429999649524689
Training round: 659		accuracy = 0.5296000242233276
Training round: 660		accuracy = 0.11060000211000443
Training round: 661		accuracy = 0.525600016117096
Training round: 662		accuracy = 0.1151999980211258
Training round: 663		accuracy = 0.5044999718666077
Training round: 664		accuracy = 0.094200000166893
Training round: 665		accuracy = 0.5406000018119812
Training round: 666		accuracy = 0.06790000200271606
Training round: 667		accuracy = 0.5375999808311462
Training round: 668		accuracy = 0.5152999758720398
Training round: 669		accuracy = 0.08250000327825546
Training round: 670		accuracy = 0.08429999649524689
Training round: 671		accuracy = 0.09099999815225601
Training round: 672		accuracy = 0.07620000094175339
Training round: 673		accuracy = 0.08009999990463257
Training round: 674		accuracy = 0.5385000109672546
Training round: 675		accuracy = 0.07559999823570251
Training round: 676		accuracy = 0.478300005197525
Training round: 677		accuracy = 0.08139999955892563
Training round: 678		accuracy = 0.07609999924898148
Training round: 679		accuracy = 0.5209000110626221
Training round: 680		accuracy = 0.10090000182390213
Training round: 681		accuracy = 0.5432999730110168
Training round: 682		accuracy = 0.5214999914169312
Training round: 683		accuracy = 0.09260000288486481
Training round: 684		accuracy = 0.06260000169277191
Training round: 685		accuracy = 0.5209000110626221
Training round: 686		accuracy = 0.1111999973654747
Training round: 687		accuracy = 0.5367000102996826
Training round: 688		accuracy = 0.5335000157356262
Training round: 689		accuracy = 0.06930000334978104
Training round: 690		accuracy = 0.526199996471405
Training round: 691		accuracy = 0.5347999930381775
Training round: 692		accuracy = 0.5239999890327454
Training round: 693		accuracy = 0.12280000001192093
Training round: 694		accuracy = 0.546999990940094
Training round: 695		accuracy = 0.5306000113487244
Training round: 696		accuracy = 0.11819999665021896
Training round: 697		accuracy = 0.5339000225067139
Training round: 698		accuracy = 0.12309999763965607
Training round: 699		accuracy = 0.5038999915122986
Training round: 700		accuracy = 0.19220000505447388
Training round: 701		accuracy = 0.5407000184059143
Training round: 702		accuracy = 0.10360000282526016
Training round: 703		accuracy = 0.5375000238418579
Training round: 704		accuracy = 0.1501999944448471
Training round: 705		accuracy = 0.5180000066757202
Training round: 706		accuracy = 0.5450000166893005
Training round: 707		accuracy = 0.536300003528595
Training round: 708		accuracy = 0.1315000057220459
Training round: 709		accuracy = 0.5325999855995178
Training round: 710		accuracy = 0.1404000073671341
Training round: 711		accuracy = 0.5192999839782715
Training round: 712		accuracy = 0.1454000025987625
Training round: 713		accuracy = 0.541700005531311
Training round: 714		accuracy = 0.12300000339746475
Training round: 715		accuracy = 0.548799991607666
Training round: 716		accuracy = 0.5557000041007996
Training round: 717		accuracy = 0.13779999315738678
Training round: 718		accuracy = 0.5479000210762024
Training round: 719		accuracy = 0.12700000405311584
Training round: 720		accuracy = 0.09759999811649323
Training round: 721		accuracy = 0.5333999991416931
Training round: 722		accuracy = 0.5529999732971191
Training round: 723		accuracy = 0.1370999962091446
Training round: 724		accuracy = 0.5450000166893005
Training round: 725		accuracy = 0.07259999960660934
Training round: 726		accuracy = 0.516700029373169
Training round: 727		accuracy = 0.15760000050067902
Training round: 728		accuracy = 0.09539999812841415
Training round: 729		accuracy = 0.5418000221252441
Training round: 730		accuracy = 0.5633999705314636
Training round: 731		accuracy = 0.5562999844551086
Training round: 732		accuracy = 0.08950000256299973
Training round: 733		accuracy = 0.09040000289678574
Training round: 734		accuracy = 0.5472000241279602
Training round: 735		accuracy = 0.10920000076293945
Training round: 736		accuracy = 0.555899977684021
Training round: 737		accuracy = 0.545199990272522
Training round: 738		accuracy = 0.5508999824523926
Training round: 739		accuracy = 0.09309999644756317
Training round: 740		accuracy = 0.08110000193119049
Training round: 741		accuracy = 0.5598000288009644
Training round: 742		accuracy = 0.11710000038146973
Training round: 743		accuracy = 0.1307000070810318
Training round: 744		accuracy = 0.5534999966621399
Training round: 745		accuracy = 0.10459999740123749
Training round: 746		accuracy = 0.10350000113248825
Training round: 747		accuracy = 0.5393000245094299
Training round: 748		accuracy = 0.08919999748468399
Training round: 749		accuracy = 0.5390999913215637
Training round: 750		accuracy = 0.12620000541210175
Training round: 751		accuracy = 0.09160000085830688
Training round: 752		accuracy = 0.07580000162124634
Training round: 753		accuracy = 0.1315000057220459
Training round: 754		accuracy = 0.5357999801635742
Training round: 755		accuracy = 0.08879999816417694
Training round: 756		accuracy = 0.08100000023841858
Training round: 757		accuracy = 0.09009999781847
Training round: 758		accuracy = 0.5421000123023987
Training round: 759		accuracy = 0.5404999852180481
Training round: 760		accuracy = 0.5430999994277954
Training round: 761		accuracy = 0.07760000228881836
Training round: 762		accuracy = 0.4778999984264374
Training round: 763		accuracy = 0.09350000321865082
Training round: 764		accuracy = 0.08609999716281891
Training round: 765		accuracy = 0.5507000088691711
Training round: 766		accuracy = 0.5335999727249146
Training round: 767		accuracy = 0.08889999985694885
Training round: 768		accuracy = 0.5458999872207642
Training round: 769		accuracy = 0.09830000251531601
Training round: 770		accuracy = 0.5493999719619751
Training round: 771		accuracy = 0.5547999739646912
Training round: 772		accuracy = 0.5422000288963318
Training round: 773		accuracy = 0.5467000007629395
Training round: 774		accuracy = 0.09520000219345093
Training round: 775		accuracy = 0.5519000291824341
Training round: 776		accuracy = 0.09749999642372131
Training round: 777		accuracy = 0.0949999988079071
Training round: 778		accuracy = 0.09210000187158585
Training round: 779		accuracy = 0.09210000187158585
Training round: 780		accuracy = 0.5407999753952026
Training round: 781		accuracy = 0.10010000318288803
Training round: 782		accuracy = 0.5393000245094299
Training round: 783		accuracy = 0.0851999968290329
Training round: 784		accuracy = 0.506600022315979
Training round: 785		accuracy = 0.5509999990463257
Training round: 786		accuracy = 0.557200014591217
Training round: 787		accuracy = 0.5389999747276306
Training round: 788		accuracy = 0.10329999774694443
Training round: 789		accuracy = 0.552299976348877
Training round: 790		accuracy = 0.546500027179718
Training round: 791		accuracy = 0.09440000355243683
Training round: 792		accuracy = 0.5442000031471252
Training round: 793		accuracy = 0.09200000017881393
Training round: 794		accuracy = 0.5455999970436096
Training round: 795		accuracy = 0.5493000149726868
Training round: 796		accuracy = 0.5523999929428101
Training round: 797		accuracy = 0.553600013256073
Training round: 798		accuracy = 0.5516999959945679
Training round: 799		accuracy = 0.5468000173568726
Training round: 800		accuracy = 0.54830002784729
Training round: 801		accuracy = 0.5490000247955322
Training round: 802		accuracy = 0.5533999800682068
Training round: 803		accuracy = 0.08110000193119049
Training round: 804		accuracy = 0.5619000196456909
Training round: 805		accuracy = 0.5551999807357788
Training round: 806		accuracy = 0.1080000028014183
Training round: 807		accuracy = 0.08269999921321869
Training round: 808		accuracy = 0.11029999703168869
Training round: 809		accuracy = 0.5468000173568726
Training round: 810		accuracy = 0.09730000048875809
Training round: 811		accuracy = 0.5425000190734863
Training round: 812		accuracy = 0.07810000330209732
Training round: 813		accuracy = 0.5331000089645386
Training round: 814		accuracy = 0.5374000072479248
Training round: 815		accuracy = 0.5515999794006348
Training round: 816		accuracy = 0.546999990940094
Training round: 817		accuracy = 0.09040000289678574
Training round: 818		accuracy = 0.09000000357627869
Training round: 819		accuracy = 0.5546000003814697
Training round: 820		accuracy = 0.06970000267028809
Training round: 821		accuracy = 0.5174999833106995
Training round: 822		accuracy = 0.5406000018119812
Training round: 823		accuracy = 0.5619000196456909
Training round: 824		accuracy = 0.5591999888420105
Training round: 825		accuracy = 0.12139999866485596
Training round: 826		accuracy = 0.09860000014305115
Training round: 827		accuracy = 0.5559999942779541
Training round: 828		accuracy = 0.5539000034332275
Training round: 829		accuracy = 0.5561000108718872
Training round: 830		accuracy = 0.5543000102043152
Training round: 831		accuracy = 0.08799999952316284
Training round: 832		accuracy = 0.08380000293254852
Training round: 833		accuracy = 0.5501999855041504
Training round: 834		accuracy = 0.5490999817848206
Training round: 835		accuracy = 0.06729999929666519
Training round: 836		accuracy = 0.5515999794006348
Training round: 837		accuracy = 0.5473999977111816
Training round: 838		accuracy = 0.10949999839067459
Training round: 839		accuracy = 0.09099999815225601
Training round: 840		accuracy = 0.5565999746322632
Training round: 841		accuracy = 0.08470000326633453
Training round: 842		accuracy = 0.5608000159263611
Training round: 843		accuracy = 0.5539000034332275
Training round: 844		accuracy = 0.548799991607666
Training round: 845		accuracy = 0.08410000056028366
Training round: 846		accuracy = 0.3926999866962433
Training round: 847		accuracy = 0.5583000183105469
Training round: 848		accuracy = 0.1071000024676323
Training round: 849		accuracy = 0.5519000291824341
Training round: 850		accuracy = 0.0925000011920929
Training round: 851		accuracy = 0.10869999974966049
Training round: 852		accuracy = 0.08089999854564667
Training round: 853		accuracy = 0.1005999967455864
Training round: 854		accuracy = 0.5392000079154968
Training round: 855		accuracy = 0.5475999712944031
Training round: 856		accuracy = 0.5483999848365784
Training round: 857		accuracy = 0.5467000007629395
Training round: 858		accuracy = 0.5498999953269958
Training round: 859		accuracy = 0.12430000305175781
Training round: 860		accuracy = 0.5482000112533569
Training round: 861		accuracy = 0.5468999743461609
Training round: 862		accuracy = 0.05900000035762787
Training round: 863		accuracy = 0.11410000175237656
Training round: 864		accuracy = 0.13619999587535858
Training round: 865		accuracy = 0.11680000275373459
Training round: 866		accuracy = 0.0917000025510788
Training round: 867		accuracy = 0.18129999935626984
Training round: 868		accuracy = 0.5551000237464905
Training round: 869		accuracy = 0.13989999890327454
Training round: 870		accuracy = 0.5497999787330627
Training round: 871		accuracy = 0.1216999962925911
Training round: 872		accuracy = 0.512499988079071
Training round: 873		accuracy = 0.1316000074148178
Training round: 874		accuracy = 0.5561000108718872
Training round: 875		accuracy = 0.5526999831199646
Training round: 876		accuracy = 0.5498999953269958
Training round: 877		accuracy = 0.14169999957084656
Training round: 878		accuracy = 0.10440000146627426
Training round: 879		accuracy = 0.12280000001192093
Training round: 880		accuracy = 0.5569999814033508
Training round: 881		accuracy = 0.5424000024795532
Training round: 882		accuracy = 0.11299999803304672
Training round: 883		accuracy = 0.09759999811649323
Training round: 884		accuracy = 0.5242000222206116
Training round: 885		accuracy = 0.120899997651577
Training round: 886		accuracy = 0.5497999787330627
Training round: 887		accuracy = 0.5663999915122986
Training round: 888		accuracy = 0.09849999845027924
Training round: 889		accuracy = 0.5616999864578247
Training round: 890		accuracy = 0.5656999945640564
Training round: 891		accuracy = 0.5540000200271606
Training round: 892		accuracy = 0.5597000122070312
Training round: 893		accuracy = 0.560699999332428
Training round: 894		accuracy = 0.5625
Training round: 895		accuracy = 0.12470000237226486
Training round: 896		accuracy = 0.5587999820709229
Training round: 897		accuracy = 0.5673999786376953
Training round: 898		accuracy = 0.559499979019165
Training round: 899		accuracy = 0.5541999936103821
Training round: 900		accuracy = 0.5544999837875366
Training round: 901		accuracy = 0.12039999663829803
Training round: 902		accuracy = 0.5552999973297119
Training round: 903		accuracy = 0.5638999938964844
Training round: 904		accuracy = 0.5672000050544739
Training round: 905		accuracy = 0.5674999952316284
Training round: 906		accuracy = 0.10379999876022339
Training round: 907		accuracy = 0.5522000193595886
Training round: 908		accuracy = 0.5608000159263611
Training round: 909		accuracy = 0.5529000163078308
Training round: 910		accuracy = 0.5618000030517578
Training round: 911		accuracy = 0.10050000250339508
Training round: 912		accuracy = 0.11169999837875366
Training round: 913		accuracy = 0.5521000027656555
Training round: 914		accuracy = 0.1362999975681305
Training round: 915		accuracy = 0.552299976348877
Training round: 916		accuracy = 0.10830000042915344
Training round: 917		accuracy = 0.5496000051498413
Training round: 918		accuracy = 0.5480999946594238
Training round: 919		accuracy = 0.5604000091552734
Training round: 920		accuracy = 0.5633999705314636
Training round: 921		accuracy = 0.11050000041723251
Training round: 922		accuracy = 0.554099977016449
Training round: 923		accuracy = 0.5498999953269958
Training round: 924		accuracy = 0.5619999766349792
Training round: 925		accuracy = 0.5655999779701233
Training round: 926		accuracy = 0.1145000010728836
Training round: 927		accuracy = 0.5539000034332275
Training round: 928		accuracy = 0.5515999794006348
Training round: 929		accuracy = 0.07569999992847443
Training round: 930		accuracy = 0.5321999788284302
Training round: 931		accuracy = 0.07900000363588333
Training round: 932		accuracy = 0.5601000189781189
Training round: 933		accuracy = 0.5566999912261963
Training round: 934		accuracy = 0.5590999722480774
Training round: 935		accuracy = 0.11500000208616257
Training round: 936		accuracy = 0.09600000083446503
Training round: 937		accuracy = 0.0632999986410141
Training round: 938		accuracy = 0.5346999764442444
Training round: 939		accuracy = 0.5612000226974487
Training round: 940		accuracy = 0.5636000037193298
Training round: 941		accuracy = 0.10819999873638153
Training round: 942		accuracy = 0.5604000091552734
Training round: 943		accuracy = 0.5591999888420105
Training round: 944		accuracy = 0.11180000007152557
Training round: 945		accuracy = 0.5472999811172485
Training round: 946		accuracy = 0.10899999737739563
Training round: 947		accuracy = 0.5544999837875366
Training round: 948		accuracy = 0.5598999857902527
Training round: 949		accuracy = 0.09049999713897705
Training round: 950		accuracy = 0.5543000102043152
Training round: 951		accuracy = 0.09889999777078629
Training round: 952		accuracy = 0.555899977684021
Training round: 953		accuracy = 0.5600000023841858
Training round: 954		accuracy = 0.554099977016449
Training round: 955		accuracy = 0.5450000166893005
Training round: 956		accuracy = 0.10540000349283218
Training round: 957		accuracy = 0.5570999979972839
Training round: 958		accuracy = 0.09399999678134918
Training round: 959		accuracy = 0.5557000041007996
Training round: 960		accuracy = 0.5620999932289124
Training round: 961		accuracy = 0.5565000176429749
Training round: 962		accuracy = 0.5611000061035156
Training round: 963		accuracy = 0.08569999784231186
Training round: 964		accuracy = 0.5587000250816345
Training round: 965		accuracy = 0.558899998664856
Training round: 966		accuracy = 0.557699978351593
Training round: 967		accuracy = 0.08299999684095383
Training round: 968		accuracy = 0.5579000115394592
Training round: 969		accuracy = 0.10450000315904617
Training round: 970		accuracy = 0.08309999853372574
Training round: 971		accuracy = 0.5303000211715698
Training round: 972		accuracy = 0.12600000202655792
Training round: 973		accuracy = 0.5274999737739563
Training round: 974		accuracy = 0.10369999706745148
Training round: 975		accuracy = 0.5641999840736389
Training round: 976		accuracy = 0.5679000020027161
Training round: 977		accuracy = 0.10509999841451645
Training round: 978		accuracy = 0.5288000106811523
Training round: 979		accuracy = 0.5738999843597412
Training round: 980		accuracy = 0.5662999749183655
Training round: 981		accuracy = 0.09749999642372131
Training round: 982		accuracy = 0.10949999839067459
Training round: 983		accuracy = 0.5562999844551086
Training round: 984		accuracy = 0.09929999709129333
Training round: 985		accuracy = 0.5486999750137329
Training round: 986		accuracy = 0.12380000203847885
Training round: 987		accuracy = 0.12430000305175781
Training round: 988		accuracy = 0.08799999952316284
Training round: 989		accuracy = 0.0820000022649765
Training round: 990		accuracy = 0.527400016784668
Training round: 991		accuracy = 0.571399986743927
Training round: 992		accuracy = 0.5626000165939331
Training round: 993		accuracy = 0.5396000146865845
Training round: 994		accuracy = 0.14399999380111694
Training round: 995		accuracy = 0.564300000667572
Training round: 996		accuracy = 0.5641000270843506
Training round: 997		accuracy = 0.5669000148773193
Training round: 998		accuracy = 0.5745000243186951
Training round: 999		accuracy = 0.11580000072717667
Training round: 1000		accuracy = 0.13519999384880066
Training duration 9548.759811401367
