2021-08-13 11:42:04.939479: I tensorflow/stream_executor/platform/default/dso_loader.cc:49] Successfully opened dynamic library libcudart.so.11.0
2021-08-13 11:42:24.130018: I tensorflow/compiler/jit/xla_cpu_device.cc:41] Not creating XLA devices, tf_xla_enable_xla_devices not set
2021-08-13 11:42:24.131981: I tensorflow/stream_executor/platform/default/dso_loader.cc:49] Successfully opened dynamic library libcuda.so.1
2021-08-13 11:42:24.168567: I tensorflow/core/common_runtime/gpu/gpu_device.cc:1720] Found device 0 with properties: 
pciBusID: 0000:04:00.0 name: Tesla P100-PCIE-12GB computeCapability: 6.0
coreClock: 1.3285GHz coreCount: 56 deviceMemorySize: 11.91GiB deviceMemoryBandwidth: 511.41GiB/s
2021-08-13 11:42:24.169168: I tensorflow/stream_executor/platform/default/dso_loader.cc:49] Successfully opened dynamic library libcudart.so.11.0
2021-08-13 11:42:24.182935: I tensorflow/stream_executor/platform/default/dso_loader.cc:49] Successfully opened dynamic library libcublas.so.11
2021-08-13 11:42:24.183163: I tensorflow/stream_executor/platform/default/dso_loader.cc:49] Successfully opened dynamic library libcublasLt.so.11
2021-08-13 11:42:24.189527: I tensorflow/stream_executor/platform/default/dso_loader.cc:49] Successfully opened dynamic library libcufft.so.10
2021-08-13 11:42:24.192489: I tensorflow/stream_executor/platform/default/dso_loader.cc:49] Successfully opened dynamic library libcurand.so.10
2021-08-13 11:42:24.202867: I tensorflow/stream_executor/platform/default/dso_loader.cc:49] Successfully opened dynamic library libcusolver.so.10
2021-08-13 11:42:24.205507: I tensorflow/stream_executor/platform/default/dso_loader.cc:49] Successfully opened dynamic library libcusparse.so.11
2021-08-13 11:42:24.206300: I tensorflow/stream_executor/platform/default/dso_loader.cc:49] Successfully opened dynamic library libcudnn.so.8
2021-08-13 11:42:24.212470: I tensorflow/core/common_runtime/gpu/gpu_device.cc:1862] Adding visible gpu devices: 0
2021-08-13 11:42:24.214306: I tensorflow/core/platform/cpu_feature_guard.cc:142] This TensorFlow binary is optimized with oneAPI Deep Neural Network Library (oneDNN) to use the following CPU instructions in performance-critical operations:  AVX2 FMA
To enable them in other operations, rebuild TensorFlow with the appropriate compiler flags.
2021-08-13 11:42:24.214696: I tensorflow/compiler/jit/xla_gpu_device.cc:99] Not creating XLA devices, tf_xla_enable_xla_devices not set
2021-08-13 11:42:24.217537: I tensorflow/core/common_runtime/gpu/gpu_device.cc:1720] Found device 0 with properties: 
pciBusID: 0000:04:00.0 name: Tesla P100-PCIE-12GB computeCapability: 6.0
coreClock: 1.3285GHz coreCount: 56 deviceMemorySize: 11.91GiB deviceMemoryBandwidth: 511.41GiB/s
2021-08-13 11:42:24.217646: I tensorflow/stream_executor/platform/default/dso_loader.cc:49] Successfully opened dynamic library libcudart.so.11.0
2021-08-13 11:42:24.217729: I tensorflow/stream_executor/platform/default/dso_loader.cc:49] Successfully opened dynamic library libcublas.so.11
2021-08-13 11:42:24.217812: I tensorflow/stream_executor/platform/default/dso_loader.cc:49] Successfully opened dynamic library libcublasLt.so.11
2021-08-13 11:42:24.217914: I tensorflow/stream_executor/platform/default/dso_loader.cc:49] Successfully opened dynamic library libcufft.so.10
2021-08-13 11:42:24.217984: I tensorflow/stream_executor/platform/default/dso_loader.cc:49] Successfully opened dynamic library libcurand.so.10
2021-08-13 11:42:24.218064: I tensorflow/stream_executor/platform/default/dso_loader.cc:49] Successfully opened dynamic library libcusolver.so.10
2021-08-13 11:42:24.218157: I tensorflow/stream_executor/platform/default/dso_loader.cc:49] Successfully opened dynamic library libcusparse.so.11
2021-08-13 11:42:24.218230: I tensorflow/stream_executor/platform/default/dso_loader.cc:49] Successfully opened dynamic library libcudnn.so.8
2021-08-13 11:42:24.224792: I tensorflow/core/common_runtime/gpu/gpu_device.cc:1862] Adding visible gpu devices: 0
2021-08-13 11:42:24.224951: I tensorflow/stream_executor/platform/default/dso_loader.cc:49] Successfully opened dynamic library libcudart.so.11.0
2021-08-13 11:42:25.496612: I tensorflow/core/common_runtime/gpu/gpu_device.cc:1261] Device interconnect StreamExecutor with strength 1 edge matrix:
2021-08-13 11:42:25.496748: I tensorflow/core/common_runtime/gpu/gpu_device.cc:1267]      0 
2021-08-13 11:42:25.496853: I tensorflow/core/common_runtime/gpu/gpu_device.cc:1280] 0:   N 
2021-08-13 11:42:25.499966: I tensorflow/core/common_runtime/gpu/gpu_device.cc:1406] Created TensorFlow device (/job:localhost/replica:0/task:0/device:GPU:0 with 11119 MB memory) -> physical GPU (device: 0, name: Tesla P100-PCIE-12GB, pci bus id: 0000:04:00.0, compute capability: 6.0)
2021-08-13 11:42:26.233763: I tensorflow/compiler/mlir/mlir_graph_optimization_pass.cc:116] None of the MLIR optimization passes are enabled (registered 2)
2021-08-13 11:42:26.248390: I tensorflow/core/platform/profile_utils/cpu_utils.cc:112] CPU Frequency: 2200015000 Hz
2021-08-13 11:42:26.868753: I tensorflow/stream_executor/platform/default/dso_loader.cc:49] Successfully opened dynamic library libcublas.so.11
2021-08-13 11:42:27.198454: I tensorflow/stream_executor/platform/default/dso_loader.cc:49] Successfully opened dynamic library libcublasLt.so.11
2021-08-13 11:42:27.206420: I tensorflow/stream_executor/platform/default/dso_loader.cc:49] Successfully opened dynamic library libcudnn.so.8
2021-08-13 11:42:28.798058: W tensorflow/stream_executor/gpu/asm_compiler.cc:63] Running ptxas --version returned 256
2021-08-13 11:42:28.844802: W tensorflow/stream_executor/gpu/redzone_allocator.cc:314] Internal: ptxas exited with non-zero error code 256, output: 
Relying on driver to perform ptx compilation. 
Modify $PATH to customize ptxas location.
This message will be only logged once.
UnbalanceMutator started.
UnbalanceMutator finished.
Training round: 1		accuracy = 0.10000000149011612
Training round: 2		accuracy = 0.10000000149011612
Training round: 3		accuracy = 0.10000000149011612
Training round: 4		accuracy = 0.10450000315904617
Training round: 5		accuracy = 0.10000000149011612
Training round: 6		accuracy = 0.10000000149011612
Training round: 7		accuracy = 0.16120000183582306
Training round: 8		accuracy = 0.1088000014424324
Training round: 9		accuracy = 0.11129999905824661
Training round: 10		accuracy = 0.12780000269412994
Training round: 11		accuracy = 0.14509999752044678
Training round: 12		accuracy = 0.15850000083446503
Training round: 13		accuracy = 0.16760000586509705
Training round: 14		accuracy = 0.13689999282360077
Training round: 15		accuracy = 0.15469999611377716
Training round: 16		accuracy = 0.2013999968767166
Training round: 17		accuracy = 0.12790000438690186
Training round: 18		accuracy = 0.11670000106096268
Training round: 19		accuracy = 0.15710000693798065
Training round: 20		accuracy = 0.17389999330043793
Training round: 21		accuracy = 0.16249999403953552
Training round: 22		accuracy = 0.16099999845027924
Training round: 23		accuracy = 0.20520000159740448
Training round: 24		accuracy = 0.1712999939918518
Training round: 25		accuracy = 0.16269999742507935
Training round: 26		accuracy = 0.16990000009536743
Training round: 27		accuracy = 0.12070000171661377
Training round: 28		accuracy = 0.16019999980926514
Training round: 29		accuracy = 0.11140000075101852
Training round: 30		accuracy = 0.12439999729394913
Training round: 31		accuracy = 0.17000000178813934
Training round: 32		accuracy = 0.14000000059604645
Training round: 33		accuracy = 0.21860000491142273
Training round: 34		accuracy = 0.22259999811649323
Training round: 35		accuracy = 0.1746000051498413
Training round: 36		accuracy = 0.1581999957561493
Training round: 37		accuracy = 0.1972000002861023
Training round: 38		accuracy = 0.23770000040531158
Training round: 39		accuracy = 0.18250000476837158
Training round: 40		accuracy = 0.241799995303154
Training round: 41		accuracy = 0.18940000236034393
Training round: 42		accuracy = 0.1632000058889389
Training round: 43		accuracy = 0.2362000048160553
Training round: 44		accuracy = 0.17399999499320984
Training round: 45		accuracy = 0.23989999294281006
Training round: 46		accuracy = 0.225600004196167
Training round: 47		accuracy = 0.179299995303154
Training round: 48		accuracy = 0.1784999966621399
Training round: 49		accuracy = 0.2143000066280365
Training round: 50		accuracy = 0.25119999051094055
Training round: 51		accuracy = 0.2362000048160553
Training round: 52		accuracy = 0.21809999644756317
Training round: 53		accuracy = 0.24210000038146973
Training round: 54		accuracy = 0.17190000414848328
Training round: 55		accuracy = 0.21780000627040863
Training round: 56		accuracy = 0.23829999566078186
Training round: 57		accuracy = 0.27059999108314514
Training round: 58		accuracy = 0.2985000014305115
Training round: 59		accuracy = 0.2224999964237213
Training round: 60		accuracy = 0.23520000278949738
Training round: 61		accuracy = 0.27549999952316284
Training round: 62		accuracy = 0.241799995303154
Training round: 63		accuracy = 0.22550000250339508
Training round: 64		accuracy = 0.2775999903678894
Training round: 65		accuracy = 0.17790000140666962
Training round: 66		accuracy = 0.2644999921321869
Training round: 67		accuracy = 0.18940000236034393
Training round: 68		accuracy = 0.27390000224113464
Training round: 69		accuracy = 0.2766000032424927
Training round: 70		accuracy = 0.19480000436306
Training round: 71		accuracy = 0.15600000321865082
Training round: 72		accuracy = 0.25270000100135803
Training round: 73		accuracy = 0.2632000148296356
Training round: 74		accuracy = 0.257099986076355
Training round: 75		accuracy = 0.2012999951839447
Training round: 76		accuracy = 0.2483000010251999
Training round: 77		accuracy = 0.22190000116825104
Training round: 78		accuracy = 0.29190000891685486
Training round: 79		accuracy = 0.2996000051498413
Training round: 80		accuracy = 0.19460000097751617
Training round: 81		accuracy = 0.23029999434947968
Training round: 82		accuracy = 0.22310000658035278
Training round: 83		accuracy = 0.2784000039100647
Training round: 84		accuracy = 0.30079999566078186
Training round: 85		accuracy = 0.258899986743927
Training round: 86		accuracy = 0.27399998903274536
Training round: 87		accuracy = 0.24699999392032623
Training round: 88		accuracy = 0.26750001311302185
Training round: 89		accuracy = 0.24940000474452972
Training round: 90		accuracy = 0.2892000079154968
Training round: 91		accuracy = 0.2906000018119812
Training round: 92		accuracy = 0.28630000352859497
Training round: 93		accuracy = 0.28369998931884766
Training round: 94		accuracy = 0.3070000112056732
Training round: 95		accuracy = 0.3061000108718872
Training round: 96		accuracy = 0.29109999537467957
Training round: 97		accuracy = 0.2662999927997589
Training round: 98		accuracy = 0.26170000433921814
Training round: 99		accuracy = 0.2989000082015991
Training round: 100		accuracy = 0.34279999136924744
Training round: 101		accuracy = 0.27799999713897705
Training round: 102		accuracy = 0.24660000205039978
Training round: 103		accuracy = 0.30799999833106995
Training round: 104		accuracy = 0.2985000014305115
Training round: 105		accuracy = 0.3319000005722046
Training round: 106		accuracy = 0.320499986410141
Training round: 107		accuracy = 0.20069999992847443
Training round: 108		accuracy = 0.3093000054359436
Training round: 109		accuracy = 0.2694999873638153
Training round: 110		accuracy = 0.290800005197525
Training round: 111		accuracy = 0.23589999973773956
Training round: 112		accuracy = 0.29490000009536743
Training round: 113		accuracy = 0.33000001311302185
Training round: 114		accuracy = 0.23589999973773956
Training round: 115		accuracy = 0.311599999666214
Training round: 116		accuracy = 0.23810000717639923
Training round: 117		accuracy = 0.23980000615119934
Training round: 118		accuracy = 0.3174999952316284
Training round: 119		accuracy = 0.1817999929189682
Training round: 120		accuracy = 0.25360000133514404
Training round: 121		accuracy = 0.30309998989105225
Training round: 122		accuracy = 0.30959999561309814
Training round: 123		accuracy = 0.29829999804496765
Training round: 124		accuracy = 0.3553999960422516
Training round: 125		accuracy = 0.34299999475479126
Training round: 126		accuracy = 0.35850000381469727
Training round: 127		accuracy = 0.3605000078678131
Training round: 128		accuracy = 0.32280001044273376
Training round: 129		accuracy = 0.2337999939918518
Training round: 130		accuracy = 0.25600001215934753
Training round: 131		accuracy = 0.20200000703334808
Training round: 132		accuracy = 0.3474999964237213
Training round: 133		accuracy = 0.3725999891757965
Training round: 134		accuracy = 0.32010000944137573
Training round: 135		accuracy = 0.350600004196167
Training round: 136		accuracy = 0.373199999332428
Training round: 137		accuracy = 0.3513999879360199
Training round: 138		accuracy = 0.35749998688697815
Training round: 139		accuracy = 0.3630000054836273
Training round: 140		accuracy = 0.35109999775886536
Training round: 141		accuracy = 0.37790000438690186
Training round: 142		accuracy = 0.32170000672340393
Training round: 143		accuracy = 0.37630000710487366
Training round: 144		accuracy = 0.335099995136261
Training round: 145		accuracy = 0.19699999690055847
Training round: 146		accuracy = 0.37310001254081726
Training round: 147		accuracy = 0.23810000717639923
Training round: 148		accuracy = 0.24539999663829803
Training round: 149		accuracy = 0.3165000081062317
Training round: 150		accuracy = 0.3928000032901764
Training round: 151		accuracy = 0.39730000495910645
Training round: 152		accuracy = 0.20340000092983246
Training round: 153		accuracy = 0.2037000060081482
Training round: 154		accuracy = 0.41100001335144043
Training round: 155		accuracy = 0.2273000031709671
Training round: 156		accuracy = 0.3799999952316284
Training round: 157		accuracy = 0.3237999975681305
Training round: 158		accuracy = 0.38269999623298645
Training round: 159		accuracy = 0.4058000147342682
Training round: 160		accuracy = 0.34950000047683716
Training round: 161		accuracy = 0.2093999981880188
Training round: 162		accuracy = 0.3465000092983246
Training round: 163		accuracy = 0.38370001316070557
Training round: 164		accuracy = 0.387800008058548
Training round: 165		accuracy = 0.41440001130104065
Training round: 166		accuracy = 0.4072999954223633
Training round: 167		accuracy = 0.2687000036239624
Training round: 168		accuracy = 0.3515999913215637
Training round: 169		accuracy = 0.37720000743865967
Training round: 170		accuracy = 0.3935999870300293
Training round: 171		accuracy = 0.4115000069141388
Training round: 172		accuracy = 0.3950999975204468
Training round: 173		accuracy = 0.4172999858856201
Training round: 174		accuracy = 0.2354000061750412
Training round: 175		accuracy = 0.4090999960899353
Training round: 176		accuracy = 0.26969999074935913
Training round: 177		accuracy = 0.45170000195503235
Training round: 178		accuracy = 0.24560000002384186
Training round: 179		accuracy = 0.37880000472068787
Training round: 180		accuracy = 0.3917999863624573
Training round: 181		accuracy = 0.41609999537467957
Training round: 182		accuracy = 0.4020000100135803
Training round: 183		accuracy = 0.43970000743865967
Training round: 184		accuracy = 0.2572999894618988
Training round: 185		accuracy = 0.391400009393692
Training round: 186		accuracy = 0.39340001344680786
Training round: 187		accuracy = 0.3646000027656555
Training round: 188		accuracy = 0.43459999561309814
Training round: 189		accuracy = 0.40310001373291016
Training round: 190		accuracy = 0.2808000147342682
Training round: 191		accuracy = 0.26170000433921814
Training round: 192		accuracy = 0.4296000003814697
Training round: 193		accuracy = 0.40059998631477356
Training round: 194		accuracy = 0.26350000500679016
Training round: 195		accuracy = 0.259799987077713
Training round: 196		accuracy = 0.414900004863739
Training round: 197		accuracy = 0.4498000144958496
Training round: 198		accuracy = 0.44670000672340393
Training round: 199		accuracy = 0.42559999227523804
Training round: 200		accuracy = 0.3483999967575073
Training round: 201		accuracy = 0.4142000079154968
Training round: 202		accuracy = 0.3968999981880188
Training round: 203		accuracy = 0.2809000015258789
Training round: 204		accuracy = 0.3995000123977661
Training round: 205		accuracy = 0.45489999651908875
Training round: 206		accuracy = 0.26649999618530273
Training round: 207		accuracy = 0.3041999936103821
Training round: 208		accuracy = 0.40639999508857727
Training round: 209		accuracy = 0.2816999852657318
Training round: 210		accuracy = 0.4106999933719635
Training round: 211		accuracy = 0.2689000070095062
Training round: 212		accuracy = 0.2863999903202057
Training round: 213		accuracy = 0.42730000615119934
Training round: 214		accuracy = 0.2581000030040741
Training round: 215		accuracy = 0.4196000099182129
Training round: 216		accuracy = 0.2994000017642975
Training round: 217		accuracy = 0.44429999589920044
Training round: 218		accuracy = 0.2727000117301941
Training round: 219		accuracy = 0.42559999227523804
Training round: 220		accuracy = 0.3172999918460846
Training round: 221		accuracy = 0.3075000047683716
Training round: 222		accuracy = 0.45730000734329224
Training round: 223		accuracy = 0.4163999855518341
Training round: 224		accuracy = 0.4138000011444092
Training round: 225		accuracy = 0.25870001316070557
Training round: 226		accuracy = 0.4668000042438507
Training round: 227		accuracy = 0.26930001378059387
Training round: 228		accuracy = 0.39750000834465027
Training round: 229		accuracy = 0.4350999891757965
Training round: 230		accuracy = 0.4059000015258789
Training round: 231		accuracy = 0.29510000348091125
Training round: 232		accuracy = 0.43149998784065247
Training round: 233		accuracy = 0.4106000065803528
Training round: 234		accuracy = 0.30480000376701355
Training round: 235		accuracy = 0.39480000734329224
Training round: 236		accuracy = 0.28610000014305115
Training round: 237		accuracy = 0.4207000136375427
Training round: 238		accuracy = 0.4223000109195709
Training round: 239		accuracy = 0.4124000072479248
Training round: 240		accuracy = 0.44609999656677246
Training round: 241		accuracy = 0.31290000677108765
Training round: 242		accuracy = 0.48330000042915344
Training round: 243		accuracy = 0.4876999855041504
Training round: 244		accuracy = 0.4260999858379364
Training round: 245		accuracy = 0.40310001373291016
Training round: 246		accuracy = 0.4074999988079071
Training round: 247		accuracy = 0.30059999227523804
Training round: 248		accuracy = 0.23890000581741333
Training round: 249		accuracy = 0.42489999532699585
Training round: 250		accuracy = 0.42669999599456787
Training round: 251		accuracy = 0.2865999937057495
Training round: 252		accuracy = 0.28839999437332153
Training round: 253		accuracy = 0.4997999966144562
Training round: 254		accuracy = 0.44760000705718994
Training round: 255		accuracy = 0.24709999561309814
Training round: 256		accuracy = 0.2980000078678131
Training round: 257		accuracy = 0.4699000120162964
Training round: 258		accuracy = 0.45649999380111694
Training round: 259		accuracy = 0.29339998960494995
Training round: 260		accuracy = 0.37389999628067017
Training round: 261		accuracy = 0.4226999878883362
Training round: 262		accuracy = 0.4390999972820282
Training round: 263		accuracy = 0.43140000104904175
Training round: 264		accuracy = 0.3041999936103821
Training round: 265		accuracy = 0.43700000643730164
Training round: 266		accuracy = 0.4442000091075897
Training round: 267		accuracy = 0.2994999885559082
Training round: 268		accuracy = 0.42579999566078186
Training round: 269		accuracy = 0.4090000092983246
Training round: 270		accuracy = 0.435699999332428
Training round: 271		accuracy = 0.295199990272522
Training round: 272		accuracy = 0.3165999948978424
Training round: 273		accuracy = 0.2639999985694885
Training round: 274		accuracy = 0.28060001134872437
Training round: 275		accuracy = 0.27950000762939453
Training round: 276		accuracy = 0.2687000036239624
Training round: 277		accuracy = 0.41339999437332153
Training round: 278		accuracy = 0.4684000015258789
Training round: 279		accuracy = 0.4846000075340271
Training round: 280		accuracy = 0.4693000018596649
Training round: 281		accuracy = 0.38089999556541443
Training round: 282		accuracy = 0.4684000015258789
Training round: 283		accuracy = 0.305400013923645
Training round: 284		accuracy = 0.42899999022483826
Training round: 285		accuracy = 0.45809999108314514
Training round: 286		accuracy = 0.3725999891757965
Training round: 287		accuracy = 0.42969998717308044
Training round: 288		accuracy = 0.3005000054836273
Training round: 289		accuracy = 0.4706000089645386
Training round: 290		accuracy = 0.4047999978065491
Training round: 291		accuracy = 0.4887000024318695
Training round: 292		accuracy = 0.43389999866485596
Training round: 293		accuracy = 0.4957999885082245
Training round: 294		accuracy = 0.3181000053882599
Training round: 295		accuracy = 0.4715999960899353
Training round: 296		accuracy = 0.46309998631477356
Training round: 297		accuracy = 0.4528999924659729
Training round: 298		accuracy = 0.48590001463890076
Training round: 299		accuracy = 0.3418999910354614
Training round: 300		accuracy = 0.46639999747276306
Training round: 301		accuracy = 0.3052999973297119
Training round: 302		accuracy = 0.4189999997615814
Training round: 303		accuracy = 0.29420000314712524
Training round: 304		accuracy = 0.46799999475479126
Training round: 305		accuracy = 0.31220000982284546
Training round: 306		accuracy = 0.5152000188827515
Training round: 307		accuracy = 0.2937000095844269
Training round: 308		accuracy = 0.29840001463890076
Training round: 309		accuracy = 0.4507000148296356
Training round: 310		accuracy = 0.46239998936653137
Training round: 311		accuracy = 0.3073999881744385
Training round: 312		accuracy = 0.31209999322891235
Training round: 313		accuracy = 0.46140000224113464
Training round: 314		accuracy = 0.45410001277923584
Training round: 315		accuracy = 0.3310000002384186
Training round: 316		accuracy = 0.31940001249313354
Training round: 317		accuracy = 0.48089998960494995
Training round: 318		accuracy = 0.5182999968528748
Training round: 319		accuracy = 0.47839999198913574
Training round: 320		accuracy = 0.3246999979019165
Training round: 321		accuracy = 0.43619999289512634
Training round: 322		accuracy = 0.5544999837875366
Training round: 323		accuracy = 0.4771000146865845
Training round: 324		accuracy = 0.5184000134468079
Training round: 325		accuracy = 0.5055999755859375
Training round: 326		accuracy = 0.33219999074935913
Training round: 327		accuracy = 0.31349998712539673
Training round: 328		accuracy = 0.3212999999523163
Training round: 329		accuracy = 0.4674000144004822
Training round: 330		accuracy = 0.519599974155426
Training round: 331		accuracy = 0.462799996137619
Training round: 332		accuracy = 0.5138999819755554
Training round: 333		accuracy = 0.4936000108718872
Training round: 334		accuracy = 0.3476000130176544
Training round: 335		accuracy = 0.46779999136924744
Training round: 336		accuracy = 0.46140000224113464
Training round: 337		accuracy = 0.46540001034736633
Training round: 338		accuracy = 0.4724000096321106
Training round: 339		accuracy = 0.47690001130104065
Training round: 340		accuracy = 0.4652999937534332
Training round: 341		accuracy = 0.4975000023841858
Training round: 342		accuracy = 0.4837000072002411
Training round: 343		accuracy = 0.4733999967575073
Training round: 344		accuracy = 0.33570000529289246
Training round: 345		accuracy = 0.46720001101493835
Training round: 346		accuracy = 0.46549999713897705
Training round: 347		accuracy = 0.44200000166893005
Training round: 348		accuracy = 0.49619999527931213
Training round: 349		accuracy = 0.5356000065803528
Training round: 350		accuracy = 0.5379999876022339
Training round: 351		accuracy = 0.48539999127388
Training round: 352		accuracy = 0.33820000290870667
Training round: 353		accuracy = 0.49149999022483826
Training round: 354		accuracy = 0.35920000076293945
Training round: 355		accuracy = 0.3384999930858612
Training round: 356		accuracy = 0.5274999737739563
Training round: 357		accuracy = 0.39430001378059387
Training round: 358		accuracy = 0.4837000072002411
Training round: 359		accuracy = 0.32030001282691956
Training round: 360		accuracy = 0.520799994468689
Training round: 361		accuracy = 0.49619999527931213
Training round: 362		accuracy = 0.5085999965667725
Training round: 363		accuracy = 0.4936999976634979
Training round: 364		accuracy = 0.49779999256134033
Training round: 365		accuracy = 0.4950999915599823
Training round: 366		accuracy = 0.503600001335144
Training round: 367		accuracy = 0.5058000087738037
Training round: 368		accuracy = 0.4652000069618225
Training round: 369		accuracy = 0.48190000653266907
Training round: 370		accuracy = 0.5338000059127808
Training round: 371		accuracy = 0.536899983882904
Training round: 372		accuracy = 0.34310001134872437
Training round: 373		accuracy = 0.4927999973297119
Training round: 374		accuracy = 0.5175999999046326
Training round: 375		accuracy = 0.47920000553131104
Training round: 376		accuracy = 0.413100004196167
Training round: 377		accuracy = 0.2903999984264374
Training round: 378		accuracy = 0.3172000050544739
Training round: 379		accuracy = 0.4772000014781952
Training round: 380		accuracy = 0.4966000020503998
Training round: 381		accuracy = 0.44440001249313354
Training round: 382		accuracy = 0.49070000648498535
Training round: 383		accuracy = 0.33899998664855957
Training round: 384		accuracy = 0.4641000032424927
Training round: 385		accuracy = 0.31040000915527344
Training round: 386		accuracy = 0.30059999227523804
Training round: 387		accuracy = 0.4422000050544739
Training round: 388		accuracy = 0.32339999079704285
Training round: 389		accuracy = 0.3043000102043152
Training round: 390		accuracy = 0.4587000012397766
Training round: 391		accuracy = 0.5058000087738037
Training round: 392		accuracy = 0.3264000117778778
Training round: 393		accuracy = 0.4934999942779541
Training round: 394		accuracy = 0.3450999855995178
Training round: 395		accuracy = 0.4803999960422516
Training round: 396		accuracy = 0.49079999327659607
Training round: 397		accuracy = 0.548799991607666
Training round: 398		accuracy = 0.5026999711990356
Training round: 399		accuracy = 0.3352000117301941
Training round: 400		accuracy = 0.3521000146865845
Training round: 401		accuracy = 0.49549999833106995
Training round: 402		accuracy = 0.4675000011920929
Training round: 403		accuracy = 0.48410001397132874
Training round: 404		accuracy = 0.4726000130176544
Training round: 405		accuracy = 0.4438999891281128
Training round: 406		accuracy = 0.4523000121116638
Training round: 407		accuracy = 0.4943999946117401
Training round: 408		accuracy = 0.5012999773025513
Training round: 409		accuracy = 0.3537999987602234
Training round: 410		accuracy = 0.5199000239372253
Training round: 411		accuracy = 0.512499988079071
Training round: 412		accuracy = 0.5856000185012817
Training round: 413		accuracy = 0.5422000288963318
Training round: 414		accuracy = 0.5246000289916992
Training round: 415		accuracy = 0.34220001101493835
Training round: 416		accuracy = 0.513700008392334
Training round: 417		accuracy = 0.5077999830245972
Training round: 418		accuracy = 0.49639999866485596
Training round: 419		accuracy = 0.505299985408783
Training round: 420		accuracy = 0.5426999926567078
Training round: 421		accuracy = 0.3587999939918518
Training round: 422		accuracy = 0.3630000054836273
Training round: 423		accuracy = 0.477400004863739
Training round: 424		accuracy = 0.3425000011920929
Training round: 425		accuracy = 0.4902999997138977
Training round: 426		accuracy = 0.4099000096321106
Training round: 427		accuracy = 0.4472000002861023
Training round: 428		accuracy = 0.5266000032424927
Training round: 429		accuracy = 0.4779999852180481
Training round: 430		accuracy = 0.5763000249862671
Training round: 431		accuracy = 0.5501999855041504
Training round: 432		accuracy = 0.5189999938011169
Training round: 433		accuracy = 0.36970001459121704
Training round: 434		accuracy = 0.3626999855041504
Training round: 435		accuracy = 0.5069000124931335
Training round: 436		accuracy = 0.35929998755455017
Training round: 437		accuracy = 0.49399998784065247
Training round: 438		accuracy = 0.36489999294281006
Training round: 439		accuracy = 0.510200023651123
Training round: 440		accuracy = 0.5235000252723694
Training round: 441		accuracy = 0.5248000025749207
Training round: 442		accuracy = 0.5593000054359436
Training round: 443		accuracy = 0.47189998626708984
Training round: 444		accuracy = 0.4837999939918518
Training round: 445		accuracy = 0.5020999908447266
Training round: 446		accuracy = 0.5899999737739563
Training round: 447		accuracy = 0.5468999743461609
Training round: 448		accuracy = 0.551800012588501
Training round: 449		accuracy = 0.5605999827384949
Training round: 450		accuracy = 0.5145000219345093
Training round: 451		accuracy = 0.519599974155426
Training round: 452		accuracy = 0.5455999970436096
Training round: 453		accuracy = 0.508899986743927
Training round: 454		accuracy = 0.43130001425743103
Training round: 455		accuracy = 0.5105999708175659
Training round: 456		accuracy = 0.37450000643730164
Training round: 457		accuracy = 0.534500002861023
Training round: 458		accuracy = 0.4957999885082245
Training round: 459		accuracy = 0.47679999470710754
Training round: 460		accuracy = 0.39089998602867126
Training round: 461		accuracy = 0.3043000102043152
Training round: 462		accuracy = 0.4514999985694885
Training round: 463		accuracy = 0.5375000238418579
Training round: 464		accuracy = 0.35899999737739563
Training round: 465		accuracy = 0.4609000086784363
Training round: 466		accuracy = 0.5127000212669373
Training round: 467		accuracy = 0.3386000096797943
Training round: 468		accuracy = 0.5630000233650208
Training round: 469		accuracy = 0.35120001435279846
Training round: 470		accuracy = 0.5250999927520752
Training round: 471		accuracy = 0.572700023651123
Training round: 472		accuracy = 0.5611000061035156
Training round: 473		accuracy = 0.536899983882904
Training round: 474		accuracy = 0.5200999975204468
Training round: 475		accuracy = 0.3783999979496002
Training round: 476		accuracy = 0.3228999972343445
Training round: 477		accuracy = 0.36079999804496765
Training round: 478		accuracy = 0.5192999839782715
Training round: 479		accuracy = 0.5368000268936157
Training round: 480		accuracy = 0.5001000165939331
Training round: 481		accuracy = 0.5295000076293945
Training round: 482		accuracy = 0.37470000982284546
Training round: 483		accuracy = 0.4738999903202057
Training round: 484		accuracy = 0.47929999232292175
Training round: 485		accuracy = 0.49549999833106995
Training round: 486		accuracy = 0.34709998965263367
Training round: 487		accuracy = 0.4966999888420105
Training round: 488		accuracy = 0.5537999868392944
Training round: 489		accuracy = 0.5094000101089478
Training round: 490		accuracy = 0.508400022983551
Training round: 491		accuracy = 0.398499995470047
Training round: 492		accuracy = 0.4961000084877014
Training round: 493		accuracy = 0.49810001254081726
Training round: 494		accuracy = 0.37709999084472656
Training round: 495		accuracy = 0.5228000283241272
Training round: 496		accuracy = 0.5254999995231628
Training round: 497		accuracy = 0.38019999861717224
Training round: 498		accuracy = 0.5045999884605408
Training round: 499		accuracy = 0.5016999840736389
Training round: 500		accuracy = 0.49950000643730164
Training round: 501		accuracy = 0.4950000047683716
Training round: 502		accuracy = 0.5461999773979187
Training round: 503		accuracy = 0.5178999900817871
Training round: 504		accuracy = 0.4821999967098236
Training round: 505		accuracy = 0.47870001196861267
Training round: 506		accuracy = 0.3772999942302704
Training round: 507		accuracy = 0.5307000279426575
Training round: 508		accuracy = 0.4465999901294708
Training round: 509		accuracy = 0.525600016117096
Training round: 510		accuracy = 0.36640000343322754
Training round: 511		accuracy = 0.527400016784668
Training round: 512		accuracy = 0.5317000150680542
Training round: 513		accuracy = 0.41499999165534973
Training round: 514		accuracy = 0.5356000065803528
Training round: 515		accuracy = 0.5047000050544739
Training round: 516		accuracy = 0.5576000213623047
Training round: 517		accuracy = 0.40860000252723694
Training round: 518		accuracy = 0.5360999703407288
Training round: 519		accuracy = 0.3589000105857849
Training round: 520		accuracy = 0.37380000948905945
Training round: 521		accuracy = 0.5302000045776367
Training round: 522		accuracy = 0.576200008392334
Training round: 523		accuracy = 0.5442000031471252
Training round: 524		accuracy = 0.40939998626708984
Training round: 525		accuracy = 0.42750000953674316
Training round: 526		accuracy = 0.3837999999523163
Training round: 527		accuracy = 0.3431999981403351
Training round: 528		accuracy = 0.4991999864578247
Training round: 529		accuracy = 0.5430999994277954
Training round: 530		accuracy = 0.4997999966144562
Training round: 531		accuracy = 0.49950000643730164
Training round: 532		accuracy = 0.49549999833106995
Training round: 533		accuracy = 0.5633000135421753
Training round: 534		accuracy = 0.4115000069141388
Training round: 535		accuracy = 0.3662000000476837
Training round: 536		accuracy = 0.5198000073432922
Training round: 537		accuracy = 0.37689998745918274
Training round: 538		accuracy = 0.3077999949455261
Training round: 539		accuracy = 0.5654000043869019
Training round: 540		accuracy = 0.4456000030040741
Training round: 541		accuracy = 0.5038999915122986
Training round: 542		accuracy = 0.5407999753952026
Training round: 543		accuracy = 0.515999972820282
Training round: 544		accuracy = 0.5514000058174133
Training round: 545		accuracy = 0.40149998664855957
Training round: 546		accuracy = 0.5647000074386597
Training round: 547		accuracy = 0.5533999800682068
Training round: 548		accuracy = 0.5192999839782715
Training round: 549		accuracy = 0.5539000034332275
Training round: 550		accuracy = 0.3982999920845032
Training round: 551		accuracy = 0.5285000205039978
Training round: 552		accuracy = 0.5512999892234802
Training round: 553		accuracy = 0.5074999928474426
Training round: 554		accuracy = 0.5169000029563904
Training round: 555		accuracy = 0.5968000292778015
Training round: 556		accuracy = 0.5034999847412109
Training round: 557		accuracy = 0.5555999875068665
Training round: 558		accuracy = 0.5467000007629395
Training round: 559		accuracy = 0.557200014591217
Training round: 560		accuracy = 0.46140000224113464
Training round: 561		accuracy = 0.5370000004768372
Training round: 562		accuracy = 0.46149998903274536
Training round: 563		accuracy = 0.574999988079071
Training round: 564		accuracy = 0.451200008392334
Training round: 565		accuracy = 0.5414000153541565
Training round: 566		accuracy = 0.5403000116348267
Training round: 567		accuracy = 0.5216000080108643
Training round: 568		accuracy = 0.3978999853134155
Training round: 569		accuracy = 0.40369999408721924
Training round: 570		accuracy = 0.5296000242233276
Training round: 571		accuracy = 0.5759999752044678
Training round: 572		accuracy = 0.527999997138977
Training round: 573		accuracy = 0.588699996471405
Training round: 574		accuracy = 0.5302000045776367
Training round: 575		accuracy = 0.5242999792098999
Training round: 576		accuracy = 0.5508999824523926
Training round: 577		accuracy = 0.5266000032424927
Training round: 578		accuracy = 0.4016000032424927
Training round: 579		accuracy = 0.5418000221252441
Training round: 580		accuracy = 0.5770000219345093
Training round: 581		accuracy = 0.5526000261306763
Training round: 582		accuracy = 0.5250999927520752
Training round: 583		accuracy = 0.550000011920929
Training round: 584		accuracy = 0.5196999907493591
Training round: 585		accuracy = 0.39590001106262207
Training round: 586		accuracy = 0.5519000291824341
Training round: 587		accuracy = 0.5835999846458435
Training round: 588		accuracy = 0.5817000269889832
Training round: 589		accuracy = 0.5705000162124634
Training round: 590		accuracy = 0.5666000247001648
Training round: 591		accuracy = 0.42570000886917114
Training round: 592		accuracy = 0.6019999980926514
Training round: 593		accuracy = 0.4837000072002411
Training round: 594		accuracy = 0.44699999690055847
Training round: 595		accuracy = 0.5612000226974487
Training round: 596		accuracy = 0.5702999830245972
Training round: 597		accuracy = 0.5175999999046326
Training round: 598		accuracy = 0.6216999888420105
Training round: 599		accuracy = 0.3522000014781952
Training round: 600		accuracy = 0.5548999905586243
Training round: 601		accuracy = 0.6057000160217285
Training round: 602		accuracy = 0.5651999711990356
Training round: 603		accuracy = 0.5458999872207642
Training round: 604		accuracy = 0.46619999408721924
Training round: 605		accuracy = 0.3684000074863434
Training round: 606		accuracy = 0.5613999962806702
Training round: 607		accuracy = 0.5317000150680542
Training round: 608		accuracy = 0.546999990940094
Training round: 609		accuracy = 0.5751000046730042
Training round: 610		accuracy = 0.5774999856948853
Training round: 611		accuracy = 0.5663999915122986
Training round: 612		accuracy = 0.5291000008583069
Training round: 613		accuracy = 0.400299996137619
Training round: 614		accuracy = 0.5738000273704529
Training round: 615		accuracy = 0.5540000200271606
Training round: 616		accuracy = 0.5799000263214111
Training round: 617		accuracy = 0.553600013256073
Training round: 618		accuracy = 0.46779999136924744
Training round: 619		accuracy = 0.5475000143051147
Training round: 620		accuracy = 0.5393000245094299
Training round: 621		accuracy = 0.5169000029563904
Training round: 622		accuracy = 0.5383999943733215
Training round: 623		accuracy = 0.46939998865127563
Training round: 624		accuracy = 0.5178999900817871
Training round: 625		accuracy = 0.4973999857902527
Training round: 626		accuracy = 0.5396000146865845
Training round: 627		accuracy = 0.569599986076355
Training round: 628		accuracy = 0.5447999835014343
Training round: 629		accuracy = 0.5271000266075134
Training round: 630		accuracy = 0.5260999798774719
Training round: 631		accuracy = 0.5228999853134155
Training round: 632		accuracy = 0.46810001134872437
Training round: 633		accuracy = 0.5756999850273132
Training round: 634		accuracy = 0.48190000653266907
Training round: 635		accuracy = 0.5605000257492065
Training round: 636		accuracy = 0.39660000801086426
Training round: 637		accuracy = 0.5440999865531921
Training round: 638		accuracy = 0.604200005531311
Training round: 639		accuracy = 0.553600013256073
Training round: 640		accuracy = 0.611299991607666
Training round: 641		accuracy = 0.5436999797821045
Training round: 642		accuracy = 0.4936999976634979
Training round: 643		accuracy = 0.5171999931335449
Training round: 644		accuracy = 0.5893999934196472
Training round: 645		accuracy = 0.5388000011444092
Training round: 646		accuracy = 0.5504000186920166
Training round: 647		accuracy = 0.5534999966621399
Training round: 648		accuracy = 0.5604000091552734
Training round: 649		accuracy = 0.5511999726295471
Training round: 650		accuracy = 0.5460000038146973
Training round: 651		accuracy = 0.58160001039505
Training round: 652		accuracy = 0.6093000173568726
Training round: 653		accuracy = 0.5623999834060669
Training round: 654		accuracy = 0.6308000087738037
Training round: 655		accuracy = 0.43050000071525574
Training round: 656		accuracy = 0.508400022983551
Training round: 657		accuracy = 0.5490999817848206
Training round: 658		accuracy = 0.6191999912261963
Training round: 659		accuracy = 0.5802000164985657
Training round: 660		accuracy = 0.47850000858306885
Training round: 661		accuracy = 0.542900025844574
Training round: 662		accuracy = 0.4309999942779541
Training round: 663		accuracy = 0.3937000036239624
Training round: 664		accuracy = 0.40470001101493835
Training round: 665		accuracy = 0.5232999920845032
Training round: 666		accuracy = 0.5521000027656555
Training round: 667		accuracy = 0.5659999847412109
Training round: 668		accuracy = 0.4334999918937683
Training round: 669		accuracy = 0.5289999842643738
Training round: 670		accuracy = 0.45559999346733093
Training round: 671		accuracy = 0.3910999894142151
Training round: 672		accuracy = 0.46299999952316284
Training round: 673		accuracy = 0.4390999972820282
Training round: 674		accuracy = 0.37940001487731934
Training round: 675		accuracy = 0.5475000143051147
Training round: 676		accuracy = 0.5590999722480774
Training round: 677		accuracy = 0.5568000078201294
Training round: 678		accuracy = 0.5501000285148621
Training round: 679		accuracy = 0.5636000037193298
Training round: 680		accuracy = 0.46790000796318054
Training round: 681		accuracy = 0.388700008392334
Training round: 682		accuracy = 0.5713000297546387
Training round: 683		accuracy = 0.6123999953269958
Training round: 684		accuracy = 0.5372999906539917
Training round: 685		accuracy = 0.5684000253677368
Training round: 686		accuracy = 0.5546000003814697
Training round: 687		accuracy = 0.5388000011444092
Training round: 688		accuracy = 0.5465999841690063
Training round: 689		accuracy = 0.5633999705314636
Training round: 690		accuracy = 0.5317000150680542
Training round: 691		accuracy = 0.5501999855041504
Training round: 692		accuracy = 0.5730999708175659
Training round: 693		accuracy = 0.5722000002861023
Training round: 694		accuracy = 0.5568000078201294
Training round: 695		accuracy = 0.5727999806404114
Training round: 696		accuracy = 0.4309999942779541
Training round: 697		accuracy = 0.374099999666214
Training round: 698		accuracy = 0.5364999771118164
Training round: 699		accuracy = 0.522599995136261
Training round: 700		accuracy = 0.5860000252723694
Training round: 701		accuracy = 0.5861999988555908
Training round: 702		accuracy = 0.5806999802589417
Training round: 703		accuracy = 0.597100019454956
Training round: 704		accuracy = 0.5388000011444092
Training round: 705		accuracy = 0.48260000348091125
Training round: 706		accuracy = 0.5461000204086304
Training round: 707		accuracy = 0.5400000214576721
Training round: 708		accuracy = 0.6029999852180481
Training round: 709		accuracy = 0.6022999882698059
Training round: 710		accuracy = 0.4018999934196472
Training round: 711		accuracy = 0.4740999937057495
Training round: 712		accuracy = 0.5615000128746033
Training round: 713		accuracy = 0.5490999817848206
Training round: 714		accuracy = 0.5447999835014343
Training round: 715		accuracy = 0.5278000235557556
Training round: 716		accuracy = 0.5587000250816345
Training round: 717		accuracy = 0.6194999814033508
Training round: 718		accuracy = 0.5353999733924866
Training round: 719		accuracy = 0.5339999794960022
Training round: 720		accuracy = 0.5335000157356262
Training round: 721		accuracy = 0.5162000060081482
Training round: 722		accuracy = 0.45089998841285706
Training round: 723		accuracy = 0.3684000074863434
Training round: 724		accuracy = 0.5078999996185303
Training round: 725		accuracy = 0.5170999765396118
Training round: 726		accuracy = 0.5464000105857849
Training round: 727		accuracy = 0.550000011920929
Training round: 728		accuracy = 0.5512999892234802
Training round: 729		accuracy = 0.5759999752044678
Training round: 730		accuracy = 0.47609999775886536
Training round: 731		accuracy = 0.5774000287055969
Training round: 732		accuracy = 0.4738999903202057
Training round: 733		accuracy = 0.5665000081062317
Training round: 734		accuracy = 0.5569999814033508
Training round: 735		accuracy = 0.5788000226020813
Training round: 736		accuracy = 0.5454999804496765
Training round: 737		accuracy = 0.48500001430511475
Training round: 738		accuracy = 0.5509999990463257
Training round: 739		accuracy = 0.5713000297546387
Training round: 740		accuracy = 0.4049000144004822
Training round: 741		accuracy = 0.5271000266075134
Training round: 742		accuracy = 0.5342000126838684
Training round: 743		accuracy = 0.5475000143051147
Training round: 744		accuracy = 0.40470001101493835
Training round: 745		accuracy = 0.593500018119812
Training round: 746		accuracy = 0.40059998631477356
Training round: 747		accuracy = 0.387800008058548
Training round: 748		accuracy = 0.5605000257492065
Training round: 749		accuracy = 0.4717000126838684
Training round: 750		accuracy = 0.5914999842643738
Training round: 751		accuracy = 0.4106000065803528
Training round: 752		accuracy = 0.5735999941825867
Training round: 753		accuracy = 0.5795000195503235
Training round: 754		accuracy = 0.5058000087738037
Training round: 755		accuracy = 0.383899986743927
Training round: 756		accuracy = 0.5358999967575073
Training round: 757		accuracy = 0.5789999961853027
Training round: 758		accuracy = 0.590399980545044
Training round: 759		accuracy = 0.5852000117301941
Training round: 760		accuracy = 0.5896000266075134
Training round: 761		accuracy = 0.5787000060081482
Training round: 762		accuracy = 0.5468999743461609
Training round: 763		accuracy = 0.5766000151634216
Training round: 764		accuracy = 0.5038999915122986
Training round: 765		accuracy = 0.38019999861717224
Training round: 766		accuracy = 0.5821999907493591
Training round: 767		accuracy = 0.5709999799728394
Training round: 768		accuracy = 0.3930000066757202
Training round: 769		accuracy = 0.5813000202178955
Training round: 770		accuracy = 0.6140999794006348
Training round: 771		accuracy = 0.4984999895095825
Training round: 772		accuracy = 0.4880000054836273
Training round: 773		accuracy = 0.52920001745224
Training round: 774		accuracy = 0.5799999833106995
Training round: 775		accuracy = 0.5522000193595886
Training round: 776		accuracy = 0.5611000061035156
Training round: 777		accuracy = 0.5759999752044678
Training round: 778		accuracy = 0.5361999869346619
Training round: 779		accuracy = 0.5914999842643738
Training round: 780		accuracy = 0.566100001335144
Training round: 781		accuracy = 0.585099995136261
Training round: 782		accuracy = 0.41260001063346863
Training round: 783		accuracy = 0.4011000096797943
Training round: 784		accuracy = 0.5922999978065491
Training round: 785		accuracy = 0.527400016784668
Training round: 786		accuracy = 0.5861999988555908
Training round: 787		accuracy = 0.5735999941825867
Training round: 788		accuracy = 0.5738999843597412
Training round: 789		accuracy = 0.574400007724762
Training round: 790		accuracy = 0.5831000208854675
Training round: 791		accuracy = 0.49410000443458557
Training round: 792		accuracy = 0.5597000122070312
Training round: 793		accuracy = 0.5849999785423279
Training round: 794		accuracy = 0.5805000066757202
Training round: 795		accuracy = 0.5522000193595886
Training round: 796		accuracy = 0.4505000114440918
Training round: 797		accuracy = 0.5958999991416931
Training round: 798		accuracy = 0.6173999905586243
Training round: 799		accuracy = 0.536899983882904
Training round: 800		accuracy = 0.5177000164985657
Training round: 801		accuracy = 0.5738999843597412
Training round: 802		accuracy = 0.6169999837875366
Training round: 803		accuracy = 0.590499997138977
Training round: 804		accuracy = 0.5985000133514404
Training round: 805		accuracy = 0.53329998254776
Training round: 806		accuracy = 0.5771999955177307
Training round: 807		accuracy = 0.5638999938964844
Training round: 808		accuracy = 0.5699999928474426
Training round: 809		accuracy = 0.551800012588501
Training round: 810		accuracy = 0.5483999848365784
Training round: 811		accuracy = 0.569100022315979
Training round: 812		accuracy = 0.5776000022888184
Training round: 813		accuracy = 0.5831000208854675
Training round: 814		accuracy = 0.42590001225471497
Training round: 815		accuracy = 0.5633999705314636
Training round: 816		accuracy = 0.6040999889373779
Training round: 817		accuracy = 0.43709999322891235
Training round: 818		accuracy = 0.41110000014305115
Training round: 819		accuracy = 0.3905999958515167
Training round: 820		accuracy = 0.5910999774932861
Training round: 821		accuracy = 0.5861999988555908
Training round: 822		accuracy = 0.5228000283241272
Training round: 823		accuracy = 0.58160001039505
Training round: 824		accuracy = 0.4178999960422516
Training round: 825		accuracy = 0.5938000082969666
Training round: 826		accuracy = 0.5742999911308289
Training round: 827		accuracy = 0.5907999873161316
Training round: 828		accuracy = 0.5213000178337097
Training round: 829		accuracy = 0.597000002861023
Training round: 830		accuracy = 0.5997999906539917
Training round: 831		accuracy = 0.5878000259399414
Training round: 832		accuracy = 0.43309998512268066
Training round: 833		accuracy = 0.48980000615119934
Training round: 834		accuracy = 0.529699981212616
Training round: 835		accuracy = 0.5551999807357788
Training round: 836		accuracy = 0.5491999983787537
Training round: 837		accuracy = 0.4259999990463257
Training round: 838		accuracy = 0.5491999983787537
Training round: 839		accuracy = 0.5745999813079834
Training round: 840		accuracy = 0.5881999731063843
Training round: 841		accuracy = 0.4625999927520752
Training round: 842		accuracy = 0.5997999906539917
Training round: 843		accuracy = 0.5853000283241272
Training round: 844		accuracy = 0.6051999926567078
Training round: 845		accuracy = 0.5633000135421753
Training round: 846		accuracy = 0.5
Training round: 847		accuracy = 0.3995000123977661
Training round: 848		accuracy = 0.5856999754905701
Training round: 849		accuracy = 0.602400004863739
Training round: 850		accuracy = 0.576200008392334
Training round: 851		accuracy = 0.6008999943733215
Training round: 852		accuracy = 0.5425000190734863
Training round: 853		accuracy = 0.5422000288963318
Training round: 854		accuracy = 0.6068999767303467
Training round: 855		accuracy = 0.5268999934196472
Training round: 856		accuracy = 0.511900007724762
Training round: 857		accuracy = 0.5299000144004822
Training round: 858		accuracy = 0.5084999799728394
Training round: 859		accuracy = 0.525600016117096
Training round: 860		accuracy = 0.5432000160217285
Training round: 861		accuracy = 0.43549999594688416
Training round: 862		accuracy = 0.6272000074386597
Training round: 863		accuracy = 0.5440999865531921
Training round: 864		accuracy = 0.5861999988555908
Training round: 865		accuracy = 0.5910000205039978
Training round: 866		accuracy = 0.5375000238418579
Training round: 867		accuracy = 0.5242000222206116
Training round: 868		accuracy = 0.5695000290870667
Training round: 869		accuracy = 0.5195000171661377
Training round: 870		accuracy = 0.5715000033378601
Training round: 871		accuracy = 0.5681999921798706
Training round: 872		accuracy = 0.5667999982833862
Training round: 873		accuracy = 0.5898000001907349
Training round: 874		accuracy = 0.6001999974250793
Training round: 875		accuracy = 0.5004000067710876
Training round: 876		accuracy = 0.49559998512268066
Training round: 877		accuracy = 0.5891000032424927
Training round: 878		accuracy = 0.5095999836921692
Training round: 879		accuracy = 0.5317000150680542
Training round: 880		accuracy = 0.5946000218391418
Training round: 881		accuracy = 0.5393000245094299
Training round: 882		accuracy = 0.5964999794960022
Training round: 883		accuracy = 0.5752999782562256
Training round: 884		accuracy = 0.5895000100135803
Training round: 885		accuracy = 0.44200000166893005
Training round: 886		accuracy = 0.42480000853538513
Training round: 887		accuracy = 0.6046000123023987
Training round: 888		accuracy = 0.607699990272522
Training round: 889		accuracy = 0.5501999855041504
Training round: 890		accuracy = 0.5893999934196472
Training round: 891		accuracy = 0.593999981880188
Training round: 892		accuracy = 0.5440000295639038
Training round: 893		accuracy = 0.5760999917984009
Training round: 894		accuracy = 0.6083999872207642
Training round: 895		accuracy = 0.4607999920845032
Training round: 896		accuracy = 0.5514000058174133
Training round: 897		accuracy = 0.41530001163482666
Training round: 898		accuracy = 0.6031000018119812
Training round: 899		accuracy = 0.5860000252723694
Training round: 900		accuracy = 0.6116999983787537
Training round: 901		accuracy = 0.4528999924659729
Training round: 902		accuracy = 0.57669997215271
Training round: 903		accuracy = 0.6086999773979187
Training round: 904		accuracy = 0.5328999757766724
Training round: 905		accuracy = 0.5839999914169312
Training round: 906		accuracy = 0.6007000207901001
Training round: 907		accuracy = 0.5600000023841858
Training round: 908		accuracy = 0.5949000120162964
Training round: 909		accuracy = 0.48350000381469727
Training round: 910		accuracy = 0.5921000242233276
Training round: 911		accuracy = 0.436599999666214
Training round: 912		accuracy = 0.5996000170707703
Training round: 913		accuracy = 0.6132000088691711
Training round: 914		accuracy = 0.46470001339912415
Training round: 915		accuracy = 0.5012999773025513
Training round: 916		accuracy = 0.5246999859809875
Training round: 917		accuracy = 0.5805000066757202
Training round: 918		accuracy = 0.5812000036239624
Training round: 919		accuracy = 0.5979999899864197
Training round: 920		accuracy = 0.5756000280380249
Training round: 921		accuracy = 0.5878000259399414
Training round: 922		accuracy = 0.5964999794960022
Training round: 923		accuracy = 0.47369998693466187
Training round: 924		accuracy = 0.5995000004768372
Training round: 925		accuracy = 0.6007999777793884
Training round: 926		accuracy = 0.6000999808311462
Training round: 927		accuracy = 0.5253999829292297
Training round: 928		accuracy = 0.5910000205039978
Training round: 929		accuracy = 0.5259000062942505
Training round: 930		accuracy = 0.5935999751091003
Training round: 931		accuracy = 0.6104999780654907
Training round: 932		accuracy = 0.5450000166893005
Training round: 933		accuracy = 0.6147000193595886
Training round: 934		accuracy = 0.5458999872207642
Training round: 935		accuracy = 0.6046000123023987
Training round: 936		accuracy = 0.6015999913215637
Training round: 937		accuracy = 0.5967000126838684
Training round: 938		accuracy = 0.6068000197410583
Training round: 939		accuracy = 0.4505000114440918
Training round: 940		accuracy = 0.5613999962806702
Training round: 941		accuracy = 0.598800003528595
Training round: 942		accuracy = 0.5322999954223633
Training round: 943		accuracy = 0.5547000169754028
Training round: 944		accuracy = 0.5720999836921692
Training round: 945		accuracy = 0.5608000159263611
Training round: 946		accuracy = 0.57669997215271
Training round: 947		accuracy = 0.4065999984741211
Training round: 948		accuracy = 0.5852000117301941
Training round: 949		accuracy = 0.5738999843597412
Training round: 950		accuracy = 0.5695000290870667
Training round: 951		accuracy = 0.5875999927520752
Training round: 952		accuracy = 0.5314000248908997
Training round: 953		accuracy = 0.5667999982833862
Training round: 954		accuracy = 0.570900022983551
Training round: 955		accuracy = 0.5231000185012817
Training round: 956		accuracy = 0.43320000171661377
Training round: 957		accuracy = 0.5572999715805054
Training round: 958		accuracy = 0.45419999957084656
Training round: 959		accuracy = 0.6101999878883362
Training round: 960		accuracy = 0.5462999939918518
Training round: 961		accuracy = 0.6218000054359436
Training round: 962		accuracy = 0.5771999955177307
Training round: 963		accuracy = 0.5770000219345093
Training round: 964		accuracy = 0.5522000193595886
Training round: 965		accuracy = 0.5728999972343445
Training round: 966		accuracy = 0.593500018119812
Training round: 967		accuracy = 0.6334999799728394
Training round: 968		accuracy = 0.5683000087738037
Training round: 969		accuracy = 0.6207000017166138
Training round: 970		accuracy = 0.6061000227928162
Training round: 971		accuracy = 0.5879999995231628
Training round: 972		accuracy = 0.5975000262260437
Training round: 973		accuracy = 0.45559999346733093
Training round: 974		accuracy = 0.40059998631477356
Training round: 975		accuracy = 0.5478000044822693
Training round: 976		accuracy = 0.5703999996185303
Training round: 977		accuracy = 0.4235999882221222
Training round: 978		accuracy = 0.4002000093460083
Training round: 979		accuracy = 0.42419999837875366
Training round: 980		accuracy = 0.38960000872612
Training round: 981		accuracy = 0.5859000086784363
Training round: 982		accuracy = 0.5723999738693237
Training round: 983		accuracy = 0.5620999932289124
Training round: 984		accuracy = 0.4142000079154968
Training round: 985		accuracy = 0.5394999980926514
Training round: 986		accuracy = 0.5698999762535095
Training round: 987		accuracy = 0.5830000042915344
Training round: 988		accuracy = 0.6212000250816345
Training round: 989		accuracy = 0.43880000710487366
Training round: 990		accuracy = 0.5799000263214111
Training round: 991		accuracy = 0.614799976348877
Training round: 992		accuracy = 0.5037999749183655
Training round: 993		accuracy = 0.5773000121116638
Training round: 994		accuracy = 0.5892000198364258
Training round: 995		accuracy = 0.598800003528595
Training round: 996		accuracy = 0.460999995470047
Training round: 997		accuracy = 0.6039999723434448
Training round: 998		accuracy = 0.5333999991416931
Training round: 999		accuracy = 0.5497999787330627
Training round: 1000		accuracy = 0.5813000202178955
Training duration 14253.009151935577
