2021-08-23 17:46:07.237472: I tensorflow/stream_executor/platform/default/dso_loader.cc:49] Successfully opened dynamic library libcudart.so.11.0
2021-08-23 17:46:35.756558: I tensorflow/compiler/jit/xla_cpu_device.cc:41] Not creating XLA devices, tf_xla_enable_xla_devices not set
2021-08-23 17:46:35.762186: I tensorflow/stream_executor/platform/default/dso_loader.cc:49] Successfully opened dynamic library libcuda.so.1
2021-08-23 17:46:35.813683: I tensorflow/core/common_runtime/gpu/gpu_device.cc:1720] Found device 0 with properties: 
pciBusID: 0000:03:00.0 name: Tesla P100-PCIE-12GB computeCapability: 6.0
coreClock: 1.3285GHz coreCount: 56 deviceMemorySize: 11.91GiB deviceMemoryBandwidth: 511.41GiB/s
2021-08-23 17:46:35.814141: I tensorflow/stream_executor/platform/default/dso_loader.cc:49] Successfully opened dynamic library libcudart.so.11.0
2021-08-23 17:46:35.826060: I tensorflow/stream_executor/platform/default/dso_loader.cc:49] Successfully opened dynamic library libcublas.so.11
2021-08-23 17:46:35.826207: I tensorflow/stream_executor/platform/default/dso_loader.cc:49] Successfully opened dynamic library libcublasLt.so.11
2021-08-23 17:46:35.831730: I tensorflow/stream_executor/platform/default/dso_loader.cc:49] Successfully opened dynamic library libcufft.so.10
2021-08-23 17:46:35.835499: I tensorflow/stream_executor/platform/default/dso_loader.cc:49] Successfully opened dynamic library libcurand.so.10
2021-08-23 17:46:35.844065: I tensorflow/stream_executor/platform/default/dso_loader.cc:49] Successfully opened dynamic library libcusolver.so.10
2021-08-23 17:46:35.846291: I tensorflow/stream_executor/platform/default/dso_loader.cc:49] Successfully opened dynamic library libcusparse.so.11
2021-08-23 17:46:35.847225: I tensorflow/stream_executor/platform/default/dso_loader.cc:49] Successfully opened dynamic library libcudnn.so.8
2021-08-23 17:46:35.849518: I tensorflow/core/common_runtime/gpu/gpu_device.cc:1862] Adding visible gpu devices: 0
2021-08-23 17:46:35.853641: I tensorflow/core/platform/cpu_feature_guard.cc:142] This TensorFlow binary is optimized with oneAPI Deep Neural Network Library (oneDNN) to use the following CPU instructions in performance-critical operations:  AVX2 FMA
To enable them in other operations, rebuild TensorFlow with the appropriate compiler flags.
2021-08-23 17:46:35.853989: I tensorflow/compiler/jit/xla_gpu_device.cc:99] Not creating XLA devices, tf_xla_enable_xla_devices not set
2021-08-23 17:46:35.855029: I tensorflow/core/common_runtime/gpu/gpu_device.cc:1720] Found device 0 with properties: 
pciBusID: 0000:03:00.0 name: Tesla P100-PCIE-12GB computeCapability: 6.0
coreClock: 1.3285GHz coreCount: 56 deviceMemorySize: 11.91GiB deviceMemoryBandwidth: 511.41GiB/s
2021-08-23 17:46:35.855148: I tensorflow/stream_executor/platform/default/dso_loader.cc:49] Successfully opened dynamic library libcudart.so.11.0
2021-08-23 17:46:35.855243: I tensorflow/stream_executor/platform/default/dso_loader.cc:49] Successfully opened dynamic library libcublas.so.11
2021-08-23 17:46:35.855309: I tensorflow/stream_executor/platform/default/dso_loader.cc:49] Successfully opened dynamic library libcublasLt.so.11
2021-08-23 17:46:35.855387: I tensorflow/stream_executor/platform/default/dso_loader.cc:49] Successfully opened dynamic library libcufft.so.10
2021-08-23 17:46:35.855497: I tensorflow/stream_executor/platform/default/dso_loader.cc:49] Successfully opened dynamic library libcurand.so.10
2021-08-23 17:46:35.855634: I tensorflow/stream_executor/platform/default/dso_loader.cc:49] Successfully opened dynamic library libcusolver.so.10
2021-08-23 17:46:35.855700: I tensorflow/stream_executor/platform/default/dso_loader.cc:49] Successfully opened dynamic library libcusparse.so.11
2021-08-23 17:46:35.855791: I tensorflow/stream_executor/platform/default/dso_loader.cc:49] Successfully opened dynamic library libcudnn.so.8
2021-08-23 17:46:35.857570: I tensorflow/core/common_runtime/gpu/gpu_device.cc:1862] Adding visible gpu devices: 0
2021-08-23 17:46:35.857679: I tensorflow/stream_executor/platform/default/dso_loader.cc:49] Successfully opened dynamic library libcudart.so.11.0
2021-08-23 17:46:37.335444: I tensorflow/core/common_runtime/gpu/gpu_device.cc:1261] Device interconnect StreamExecutor with strength 1 edge matrix:
2021-08-23 17:46:37.335647: I tensorflow/core/common_runtime/gpu/gpu_device.cc:1267]      0 
2021-08-23 17:46:37.335771: I tensorflow/core/common_runtime/gpu/gpu_device.cc:1280] 0:   N 
2021-08-23 17:46:37.339376: I tensorflow/core/common_runtime/gpu/gpu_device.cc:1406] Created TensorFlow device (/job:localhost/replica:0/task:0/device:GPU:0 with 11119 MB memory) -> physical GPU (device: 0, name: Tesla P100-PCIE-12GB, pci bus id: 0000:03:00.0, compute capability: 6.0)
2021-08-23 17:46:49.476548: I tensorflow/compiler/mlir/mlir_graph_optimization_pass.cc:116] None of the MLIR optimization passes are enabled (registered 2)
2021-08-23 17:46:49.480192: I tensorflow/core/platform/profile_utils/cpu_utils.cc:112] CPU Frequency: 2200025000 Hz
2021-08-23 17:46:49.558394: I tensorflow/stream_executor/platform/default/dso_loader.cc:49] Successfully opened dynamic library libcublas.so.11
2021-08-23 17:46:49.951285: I tensorflow/stream_executor/platform/default/dso_loader.cc:49] Successfully opened dynamic library libcublasLt.so.11
2021-08-23 17:46:49.960982: I tensorflow/stream_executor/platform/default/dso_loader.cc:49] Successfully opened dynamic library libcudnn.so.8
2021-08-23 17:46:52.109225: W tensorflow/stream_executor/gpu/asm_compiler.cc:63] Running ptxas --version returned 256
2021-08-23 17:46:52.653690: W tensorflow/stream_executor/gpu/redzone_allocator.cc:314] Internal: ptxas exited with non-zero error code 256, output: 
Relying on driver to perform ptx compilation. 
Modify $PATH to customize ptxas location.
This message will be only logged once.
Training round: 1		accuracy = 0.6600000262260437
Training round: 2		accuracy = 0.6808695793151855
Training round: 3		accuracy = 0.6576811671257019
Training round: 4		accuracy = 0.6243478059768677
Training round: 5		accuracy = 0.6536231637001038
Training round: 6		accuracy = 0.6431884169578552
Training round: 7		accuracy = 0.667246401309967
Training round: 8		accuracy = 0.6739130616188049
Training round: 9		accuracy = 0.6602898836135864
Training round: 10		accuracy = 0.6692753434181213
Training round: 11		accuracy = 0.683768093585968
Training round: 12		accuracy = 0.6808695793151855
Training round: 13		accuracy = 0.6736232042312622
Training round: 14		accuracy = 0.6831883788108826
Training round: 15		accuracy = 0.5124637484550476
Training round: 16		accuracy = 0.6571014523506165
Training round: 17		accuracy = 0.6623188257217407
Training round: 18		accuracy = 0.6881159543991089
Training round: 19		accuracy = 0.6623188257217407
Training round: 20		accuracy = 0.6849275231361389
Training round: 21		accuracy = 0.6649275422096252
Training round: 22		accuracy = 0.681449294090271
Training round: 23		accuracy = 0.6933333277702332
Training round: 24		accuracy = 0.667246401309967
Training round: 25		accuracy = 0.6776811480522156
Training round: 26		accuracy = 0.6823188662528992
Training round: 27		accuracy = 0.7052174210548401
Training round: 28		accuracy = 0.7089855074882507
Training round: 29		accuracy = 0.7002898454666138
Training round: 30		accuracy = 0.6808695793151855
Training round: 31		accuracy = 0.683768093585968
Training round: 32		accuracy = 0.697970986366272
Training round: 33		accuracy = 0.6860869526863098
Training round: 34		accuracy = 0.6663768291473389
Training round: 35		accuracy = 0.6855072379112244
Training round: 36		accuracy = 0.699999988079071
Training round: 37		accuracy = 0.6895652413368225
Training round: 38		accuracy = 0.6104347705841064
Training round: 39		accuracy = 0.7028985619544983
Training round: 40		accuracy = 0.6713043451309204
Training round: 41		accuracy = 0.6542028784751892
Training round: 42		accuracy = 0.6776811480522156
Training round: 43		accuracy = 0.699999988079071
Training round: 44		accuracy = 0.7002898454666138
Training round: 45		accuracy = 0.6878260970115662
Training round: 46		accuracy = 0.6884058117866516
Training round: 47		accuracy = 0.6695652008056641
Training round: 48		accuracy = 0.690144956111908
Training round: 49		accuracy = 0.6736232042312622
Training round: 50		accuracy = 0.6753623485565186
Training round: 51		accuracy = 0.7188405990600586
Training round: 52		accuracy = 0.7017391324043274
Training round: 53		accuracy = 0.6936231851577759
Training round: 54		accuracy = 0.6617391109466553
Training round: 55		accuracy = 0.6863768100738525
Training round: 56		accuracy = 0.7075362205505371
Training round: 57		accuracy = 0.6997101306915283
Training round: 58		accuracy = 0.6852173805236816
Training round: 59		accuracy = 0.6860869526863098
Training round: 60		accuracy = 0.7176811695098877
Training round: 61		accuracy = 0.6997101306915283
Training round: 62		accuracy = 0.6907246112823486
Training round: 63		accuracy = 0.6776811480522156
Training round: 64		accuracy = 0.6884058117866516
Training round: 65		accuracy = 0.7046377062797546
Training round: 66		accuracy = 0.7136231660842896
Training round: 67		accuracy = 0.711884081363678
Training round: 68		accuracy = 0.7101449370384216
Training round: 69		accuracy = 0.6907246112823486
Training round: 70		accuracy = 0.6831883788108826
Training round: 71		accuracy = 0.7040579915046692
Training round: 72		accuracy = 0.7040579915046692
Training round: 73		accuracy = 0.7072463631629944
Training round: 74		accuracy = 0.7092753648757935
Training round: 75		accuracy = 0.7028985619544983
Training round: 76		accuracy = 0.6997101306915283
Training round: 77		accuracy = 0.6892753839492798
Training round: 78		accuracy = 0.6831883788108826
Training round: 79		accuracy = 0.7144927382469177
Training round: 80		accuracy = 0.7266666889190674
Training round: 81		accuracy = 0.6933333277702332
Training round: 82		accuracy = 0.6968116164207458
Training round: 83		accuracy = 0.703188419342041
Training round: 84		accuracy = 0.6895652413368225
Training round: 85		accuracy = 0.6910144686698914
Training round: 86		accuracy = 0.7063767910003662
Training round: 87		accuracy = 0.686956524848938
Training round: 88		accuracy = 0.6947826147079468
Training round: 89		accuracy = 0.6973913311958313
Training round: 90		accuracy = 0.6721739172935486
Training round: 91		accuracy = 0.7153623104095459
Training round: 92		accuracy = 0.6942028999328613
Training round: 93		accuracy = 0.7063767910003662
Training round: 94		accuracy = 0.6878260970115662
Training round: 95		accuracy = 0.6773912906646729
Training round: 96		accuracy = 0.7037681341171265
Training round: 97		accuracy = 0.705507218837738
Training round: 98		accuracy = 0.7136231660842896
Training round: 99		accuracy = 0.6794202923774719
Training round: 100		accuracy = 0.6759420037269592
Training duration 8460.953762292862
