2021-08-22 20:06:11.677839: I tensorflow/stream_executor/platform/default/dso_loader.cc:49] Successfully opened dynamic library libcudart.so.11.0
2021-08-22 20:06:37.612480: I tensorflow/compiler/jit/xla_cpu_device.cc:41] Not creating XLA devices, tf_xla_enable_xla_devices not set
2021-08-22 20:06:37.617859: I tensorflow/stream_executor/platform/default/dso_loader.cc:49] Successfully opened dynamic library libcuda.so.1
2021-08-22 20:06:37.654512: I tensorflow/core/common_runtime/gpu/gpu_device.cc:1720] Found device 0 with properties: 
pciBusID: 0000:03:00.0 name: Tesla P100-PCIE-12GB computeCapability: 6.0
coreClock: 1.3285GHz coreCount: 56 deviceMemorySize: 11.91GiB deviceMemoryBandwidth: 511.41GiB/s
2021-08-22 20:06:37.654941: I tensorflow/stream_executor/platform/default/dso_loader.cc:49] Successfully opened dynamic library libcudart.so.11.0
2021-08-22 20:06:37.664709: I tensorflow/stream_executor/platform/default/dso_loader.cc:49] Successfully opened dynamic library libcublas.so.11
2021-08-22 20:06:37.664879: I tensorflow/stream_executor/platform/default/dso_loader.cc:49] Successfully opened dynamic library libcublasLt.so.11
2021-08-22 20:06:37.671132: I tensorflow/stream_executor/platform/default/dso_loader.cc:49] Successfully opened dynamic library libcufft.so.10
2021-08-22 20:06:37.674396: I tensorflow/stream_executor/platform/default/dso_loader.cc:49] Successfully opened dynamic library libcurand.so.10
2021-08-22 20:06:37.682901: I tensorflow/stream_executor/platform/default/dso_loader.cc:49] Successfully opened dynamic library libcusolver.so.10
2021-08-22 20:06:37.685476: I tensorflow/stream_executor/platform/default/dso_loader.cc:49] Successfully opened dynamic library libcusparse.so.11
2021-08-22 20:06:37.686490: I tensorflow/stream_executor/platform/default/dso_loader.cc:49] Successfully opened dynamic library libcudnn.so.8
2021-08-22 20:06:37.688962: I tensorflow/core/common_runtime/gpu/gpu_device.cc:1862] Adding visible gpu devices: 0
2021-08-22 20:06:37.709073: I tensorflow/core/platform/cpu_feature_guard.cc:142] This TensorFlow binary is optimized with oneAPI Deep Neural Network Library (oneDNN) to use the following CPU instructions in performance-critical operations:  AVX2 FMA
To enable them in other operations, rebuild TensorFlow with the appropriate compiler flags.
2021-08-22 20:06:37.709424: I tensorflow/compiler/jit/xla_gpu_device.cc:99] Not creating XLA devices, tf_xla_enable_xla_devices not set
2021-08-22 20:06:37.711567: I tensorflow/core/common_runtime/gpu/gpu_device.cc:1720] Found device 0 with properties: 
pciBusID: 0000:03:00.0 name: Tesla P100-PCIE-12GB computeCapability: 6.0
coreClock: 1.3285GHz coreCount: 56 deviceMemorySize: 11.91GiB deviceMemoryBandwidth: 511.41GiB/s
2021-08-22 20:06:37.711762: I tensorflow/stream_executor/platform/default/dso_loader.cc:49] Successfully opened dynamic library libcudart.so.11.0
2021-08-22 20:06:37.711870: I tensorflow/stream_executor/platform/default/dso_loader.cc:49] Successfully opened dynamic library libcublas.so.11
2021-08-22 20:06:37.712007: I tensorflow/stream_executor/platform/default/dso_loader.cc:49] Successfully opened dynamic library libcublasLt.so.11
2021-08-22 20:06:37.712145: I tensorflow/stream_executor/platform/default/dso_loader.cc:49] Successfully opened dynamic library libcufft.so.10
2021-08-22 20:06:37.712274: I tensorflow/stream_executor/platform/default/dso_loader.cc:49] Successfully opened dynamic library libcurand.so.10
2021-08-22 20:06:37.712401: I tensorflow/stream_executor/platform/default/dso_loader.cc:49] Successfully opened dynamic library libcusolver.so.10
2021-08-22 20:06:37.712531: I tensorflow/stream_executor/platform/default/dso_loader.cc:49] Successfully opened dynamic library libcusparse.so.11
2021-08-22 20:06:37.712681: I tensorflow/stream_executor/platform/default/dso_loader.cc:49] Successfully opened dynamic library libcudnn.so.8
2021-08-22 20:06:37.716454: I tensorflow/core/common_runtime/gpu/gpu_device.cc:1862] Adding visible gpu devices: 0
2021-08-22 20:06:37.716648: I tensorflow/stream_executor/platform/default/dso_loader.cc:49] Successfully opened dynamic library libcudart.so.11.0
2021-08-22 20:06:39.058745: I tensorflow/core/common_runtime/gpu/gpu_device.cc:1261] Device interconnect StreamExecutor with strength 1 edge matrix:
2021-08-22 20:06:39.059236: I tensorflow/core/common_runtime/gpu/gpu_device.cc:1267]      0 
2021-08-22 20:06:39.059388: I tensorflow/core/common_runtime/gpu/gpu_device.cc:1280] 0:   N 
2021-08-22 20:06:39.066087: I tensorflow/core/common_runtime/gpu/gpu_device.cc:1406] Created TensorFlow device (/job:localhost/replica:0/task:0/device:GPU:0 with 11119 MB memory) -> physical GPU (device: 0, name: Tesla P100-PCIE-12GB, pci bus id: 0000:03:00.0, compute capability: 6.0)
2021-08-22 20:06:48.473122: I tensorflow/compiler/mlir/mlir_graph_optimization_pass.cc:116] None of the MLIR optimization passes are enabled (registered 2)
2021-08-22 20:06:48.480141: I tensorflow/core/platform/profile_utils/cpu_utils.cc:112] CPU Frequency: 2199990000 Hz
2021-08-22 20:06:48.597025: I tensorflow/stream_executor/platform/default/dso_loader.cc:49] Successfully opened dynamic library libcublas.so.11
2021-08-22 20:06:49.001023: I tensorflow/stream_executor/platform/default/dso_loader.cc:49] Successfully opened dynamic library libcublasLt.so.11
2021-08-22 20:06:49.009822: I tensorflow/stream_executor/platform/default/dso_loader.cc:49] Successfully opened dynamic library libcudnn.so.8
2021-08-22 20:06:50.801072: W tensorflow/stream_executor/gpu/asm_compiler.cc:63] Running ptxas --version returned 256
2021-08-22 20:06:50.947644: W tensorflow/stream_executor/gpu/redzone_allocator.cc:314] Internal: ptxas exited with non-zero error code 256, output: 
Relying on driver to perform ptx compilation. 
Modify $PATH to customize ptxas location.
This message will be only logged once.
OverlapMutator started.
OverlapMutator finished.
Training round: 1		accuracy = 0.4736231863498688
Training round: 2		accuracy = 0.401159405708313
Training round: 3		accuracy = 0.5043478012084961
Training round: 4		accuracy = 0.3843478262424469
Training round: 5		accuracy = 0.4385507106781006
Training round: 6		accuracy = 0.40289855003356934
Training round: 7		accuracy = 0.4171014428138733
Training round: 8		accuracy = 0.41768115758895874
Training round: 9		accuracy = 0.4107246398925781
Training round: 10		accuracy = 0.47797101736068726
Training round: 11		accuracy = 0.45304349064826965
Training round: 12		accuracy = 0.44405797123908997
Training round: 13		accuracy = 0.4333333373069763
Training round: 14		accuracy = 0.4443478286266327
Training round: 15		accuracy = 0.4385507106781006
Training round: 16		accuracy = 0.43362319469451904
Training round: 17		accuracy = 0.45971015095710754
Training round: 18		accuracy = 0.4466666579246521
Training round: 19		accuracy = 0.46753624081611633
Training round: 20		accuracy = 0.46434783935546875
Training round: 21		accuracy = 0.47768115997314453
Training round: 22		accuracy = 0.46753624081611633
Training round: 23		accuracy = 0.46782609820365906
Training round: 24		accuracy = 0.4660869538784027
Training round: 25		accuracy = 0.4715942144393921
Training round: 26		accuracy = 0.4672463834285736
Training round: 27		accuracy = 0.4681159555912018
Training round: 28		accuracy = 0.48028984665870667
Training round: 29		accuracy = 0.4707246422767639
Training round: 30		accuracy = 0.5185507535934448
Training round: 31		accuracy = 0.4626086950302124
Training round: 32		accuracy = 0.5049275159835815
Training round: 33		accuracy = 0.49594202637672424
Training round: 34		accuracy = 0.5081159472465515
Training round: 35		accuracy = 0.48579710721969604
Training round: 36		accuracy = 0.5202898383140564
Training round: 37		accuracy = 0.505507230758667
Training round: 38		accuracy = 0.5124637484550476
Training round: 39		accuracy = 0.5075362324714661
Training round: 40		accuracy = 0.49507245421409607
Training round: 41		accuracy = 0.5362318754196167
Training round: 42		accuracy = 0.5092753767967224
Training round: 43		accuracy = 0.5313043594360352
Training round: 44		accuracy = 0.5773913264274597
Training round: 45		accuracy = 0.5397101640701294
Training round: 46		accuracy = 0.5350724458694458
Training round: 47		accuracy = 0.6153623461723328
Training round: 48		accuracy = 0.5721738934516907
Training round: 49		accuracy = 0.5440579652786255
Training round: 50		accuracy = 0.571884036064148
Training round: 51		accuracy = 0.6159420013427734
Training round: 52		accuracy = 0.5840579867362976
Training round: 53		accuracy = 0.5933333039283752
Training round: 54		accuracy = 0.5820289850234985
Training round: 55		accuracy = 0.5910145044326782
Training round: 56		accuracy = 0.6266666650772095
Training round: 57		accuracy = 0.5979710221290588
Training round: 58		accuracy = 0.5889855027198792
Training round: 59		accuracy = 0.5805796980857849
Training round: 60		accuracy = 0.6092753410339355
Training round: 61		accuracy = 0.6202898621559143
Training round: 62		accuracy = 0.5753623247146606
Training round: 63		accuracy = 0.6081159710884094
Training round: 64		accuracy = 0.6104347705841064
Training round: 65		accuracy = 0.6252173781394958
Training round: 66		accuracy = 0.6202898621559143
Training round: 67		accuracy = 0.629275381565094
Training round: 68		accuracy = 0.6182608604431152
Training round: 69		accuracy = 0.6228985786437988
Training round: 70		accuracy = 0.6092753410339355
Training round: 71		accuracy = 0.656521737575531
Training round: 72		accuracy = 0.6350724697113037
Training round: 73		accuracy = 0.6208695769309998
Training round: 74		accuracy = 0.6168115735054016
Training round: 75		accuracy = 0.6307246088981628
Training round: 76		accuracy = 0.6684057712554932
Training round: 77		accuracy = 0.6208695769309998
Training round: 78		accuracy = 0.6463767886161804
Training round: 79		accuracy = 0.6681159138679504
Training round: 80		accuracy = 0.6286956667900085
Training round: 81		accuracy = 0.6475362181663513
Training round: 82		accuracy = 0.6324637532234192
Training round: 83		accuracy = 0.6655072569847107
Training round: 84		accuracy = 0.6014492511749268
Training round: 85		accuracy = 0.6562318801879883
Training round: 86		accuracy = 0.6324637532234192
Training round: 87		accuracy = 0.6275362372398376
Training round: 88		accuracy = 0.6397101283073425
Training round: 89		accuracy = 0.645797073841095
Training round: 90		accuracy = 0.6698550581932068
Training round: 91		accuracy = 0.6281159520149231
Training round: 92		accuracy = 0.6484057903289795
Training round: 93		accuracy = 0.6562318801879883
Training round: 94		accuracy = 0.631594181060791
Training round: 95		accuracy = 0.6321738958358765
Training round: 96		accuracy = 0.6646376848220825
Training round: 97		accuracy = 0.645507276058197
Training round: 98		accuracy = 0.6388405561447144
Training round: 99		accuracy = 0.6486956477165222
Training round: 100		accuracy = 0.6356521844863892
Training duration 7978.017066240311
