2021-08-23 17:09:19.278673: I tensorflow/stream_executor/platform/default/dso_loader.cc:49] Successfully opened dynamic library libcudart.so.11.0
2021-08-23 17:09:49.703730: I tensorflow/compiler/jit/xla_cpu_device.cc:41] Not creating XLA devices, tf_xla_enable_xla_devices not set
2021-08-23 17:09:49.708538: I tensorflow/stream_executor/platform/default/dso_loader.cc:49] Successfully opened dynamic library libcuda.so.1
2021-08-23 17:09:49.760485: I tensorflow/core/common_runtime/gpu/gpu_device.cc:1720] Found device 0 with properties: 
pciBusID: 0000:18:00.0 name: Tesla V100-SXM2-32GB computeCapability: 7.0
coreClock: 1.53GHz coreCount: 80 deviceMemorySize: 31.75GiB deviceMemoryBandwidth: 836.37GiB/s
2021-08-23 17:09:49.761240: I tensorflow/stream_executor/platform/default/dso_loader.cc:49] Successfully opened dynamic library libcudart.so.11.0
2021-08-23 17:09:49.781567: I tensorflow/stream_executor/platform/default/dso_loader.cc:49] Successfully opened dynamic library libcublas.so.11
2021-08-23 17:09:49.781700: I tensorflow/stream_executor/platform/default/dso_loader.cc:49] Successfully opened dynamic library libcublasLt.so.11
2021-08-23 17:09:49.786678: I tensorflow/stream_executor/platform/default/dso_loader.cc:49] Successfully opened dynamic library libcufft.so.10
2021-08-23 17:09:49.789030: I tensorflow/stream_executor/platform/default/dso_loader.cc:49] Successfully opened dynamic library libcurand.so.10
2021-08-23 17:09:49.796372: I tensorflow/stream_executor/platform/default/dso_loader.cc:49] Successfully opened dynamic library libcusolver.so.10
2021-08-23 17:09:49.798101: I tensorflow/stream_executor/platform/default/dso_loader.cc:49] Successfully opened dynamic library libcusparse.so.11
2021-08-23 17:09:49.798713: I tensorflow/stream_executor/platform/default/dso_loader.cc:49] Successfully opened dynamic library libcudnn.so.8
2021-08-23 17:09:49.803730: I tensorflow/core/common_runtime/gpu/gpu_device.cc:1862] Adding visible gpu devices: 0
2021-08-23 17:09:49.804557: I tensorflow/core/platform/cpu_feature_guard.cc:142] This TensorFlow binary is optimized with oneAPI Deep Neural Network Library (oneDNN) to use the following CPU instructions in performance-critical operations:  AVX2 AVX512F FMA
To enable them in other operations, rebuild TensorFlow with the appropriate compiler flags.
2021-08-23 17:09:49.804922: I tensorflow/compiler/jit/xla_gpu_device.cc:99] Not creating XLA devices, tf_xla_enable_xla_devices not set
2021-08-23 17:09:49.811054: I tensorflow/core/common_runtime/gpu/gpu_device.cc:1720] Found device 0 with properties: 
pciBusID: 0000:18:00.0 name: Tesla V100-SXM2-32GB computeCapability: 7.0
coreClock: 1.53GHz coreCount: 80 deviceMemorySize: 31.75GiB deviceMemoryBandwidth: 836.37GiB/s
2021-08-23 17:09:49.811250: I tensorflow/stream_executor/platform/default/dso_loader.cc:49] Successfully opened dynamic library libcudart.so.11.0
2021-08-23 17:09:49.811429: I tensorflow/stream_executor/platform/default/dso_loader.cc:49] Successfully opened dynamic library libcublas.so.11
2021-08-23 17:09:49.811527: I tensorflow/stream_executor/platform/default/dso_loader.cc:49] Successfully opened dynamic library libcublasLt.so.11
2021-08-23 17:09:49.811628: I tensorflow/stream_executor/platform/default/dso_loader.cc:49] Successfully opened dynamic library libcufft.so.10
2021-08-23 17:09:49.811726: I tensorflow/stream_executor/platform/default/dso_loader.cc:49] Successfully opened dynamic library libcurand.so.10
2021-08-23 17:09:49.811820: I tensorflow/stream_executor/platform/default/dso_loader.cc:49] Successfully opened dynamic library libcusolver.so.10
2021-08-23 17:09:49.811983: I tensorflow/stream_executor/platform/default/dso_loader.cc:49] Successfully opened dynamic library libcusparse.so.11
2021-08-23 17:09:49.812136: I tensorflow/stream_executor/platform/default/dso_loader.cc:49] Successfully opened dynamic library libcudnn.so.8
2021-08-23 17:09:49.822896: I tensorflow/core/common_runtime/gpu/gpu_device.cc:1862] Adding visible gpu devices: 0
2021-08-23 17:09:49.823153: I tensorflow/stream_executor/platform/default/dso_loader.cc:49] Successfully opened dynamic library libcudart.so.11.0
2021-08-23 17:09:51.198029: I tensorflow/core/common_runtime/gpu/gpu_device.cc:1261] Device interconnect StreamExecutor with strength 1 edge matrix:
2021-08-23 17:09:51.198260: I tensorflow/core/common_runtime/gpu/gpu_device.cc:1267]      0 
2021-08-23 17:09:51.198398: I tensorflow/core/common_runtime/gpu/gpu_device.cc:1280] 0:   N 
2021-08-23 17:09:51.206854: I tensorflow/core/common_runtime/gpu/gpu_device.cc:1406] Created TensorFlow device (/job:localhost/replica:0/task:0/device:GPU:0 with 30130 MB memory) -> physical GPU (device: 0, name: Tesla V100-SXM2-32GB, pci bus id: 0000:18:00.0, compute capability: 7.0)
2021-08-23 17:10:05.466631: I tensorflow/compiler/mlir/mlir_graph_optimization_pass.cc:116] None of the MLIR optimization passes are enabled (registered 2)
2021-08-23 17:10:05.470779: I tensorflow/core/platform/profile_utils/cpu_utils.cc:112] CPU Frequency: 2100000000 Hz
2021-08-23 17:10:05.558584: I tensorflow/stream_executor/platform/default/dso_loader.cc:49] Successfully opened dynamic library libcublas.so.11
2021-08-23 17:10:06.139184: I tensorflow/stream_executor/platform/default/dso_loader.cc:49] Successfully opened dynamic library libcublasLt.so.11
2021-08-23 17:10:06.147817: I tensorflow/stream_executor/platform/default/dso_loader.cc:49] Successfully opened dynamic library libcudnn.so.8
2021-08-23 17:10:09.144460: W tensorflow/stream_executor/gpu/asm_compiler.cc:63] Running ptxas --version returned 256
2021-08-23 17:10:09.657986: W tensorflow/stream_executor/gpu/redzone_allocator.cc:314] Internal: ptxas exited with non-zero error code 256, output: 
Relying on driver to perform ptx compilation. 
Modify $PATH to customize ptxas location.
This message will be only logged once.
UnbalanceMutator started.
UnbalanceMutator finished.
Training round: 1		accuracy = 0.5973913073539734
Training round: 2		accuracy = 0.6550724506378174
Training round: 3		accuracy = 0.6550724506378174
Training round: 4		accuracy = 0.6060869693756104
Training round: 5		accuracy = 0.5950724482536316
Training round: 6		accuracy = 0.6005797386169434
Training round: 7		accuracy = 0.6176811456680298
Training round: 8		accuracy = 0.6046376824378967
Training round: 9		accuracy = 0.6275362372398376
Training round: 10		accuracy = 0.6298550963401794
Training round: 11		accuracy = 0.6234782338142395
Training round: 12		accuracy = 0.6327536106109619
Training round: 13		accuracy = 0.6544927358627319
Training round: 14		accuracy = 0.6481159329414368
Training round: 15		accuracy = 0.6492753624916077
Training round: 16		accuracy = 0.6513043642044067
Training round: 17		accuracy = 0.6475362181663513
Training round: 18		accuracy = 0.6527536511421204
Training round: 19		accuracy = 0.6513043642044067
Training round: 20		accuracy = 0.653333306312561
Training round: 21		accuracy = 0.653333306312561
Training round: 22		accuracy = 0.6521739363670349
Training round: 23		accuracy = 0.6553623080253601
Training round: 24		accuracy = 0.6553623080253601
Training round: 25		accuracy = 0.6568115949630737
Training round: 26		accuracy = 0.6513043642044067
Training round: 27		accuracy = 0.6547825932502747
Training round: 28		accuracy = 0.6530434489250183
Training round: 29		accuracy = 0.6542028784751892
Training round: 30		accuracy = 0.6530434489250183
Training round: 31		accuracy = 0.653333306312561
Training round: 32		accuracy = 0.6568115949630737
Training round: 33		accuracy = 0.678260862827301
Training round: 34		accuracy = 0.6742029190063477
Training round: 35		accuracy = 0.6739130616188049
Training round: 36		accuracy = 0.672753632068634
Training round: 37		accuracy = 0.6718840599060059
Training round: 38		accuracy = 0.6718840599060059
Training round: 39		accuracy = 0.6704347729682922
Training round: 40		accuracy = 0.6695652008056641
Training round: 41		accuracy = 0.6684057712554932
Training round: 42		accuracy = 0.6573913097381592
Training round: 43		accuracy = 0.6779710054397583
Training round: 44		accuracy = 0.6785507202148438
Training round: 45		accuracy = 0.6773912906646729
Training round: 46		accuracy = 0.6788405776023865
Training round: 47		accuracy = 0.6811594367027283
Training round: 48		accuracy = 0.6817391514778137
Training round: 49		accuracy = 0.6811594367027283
Training round: 50		accuracy = 0.6797101497650146
Training round: 51		accuracy = 0.6788405776023865
Training round: 52		accuracy = 0.678260862827301
Training round: 53		accuracy = 0.6779710054397583
Training round: 54		accuracy = 0.678260862827301
Training round: 55		accuracy = 0.678260862827301
Training round: 56		accuracy = 0.6785507202148438
Training round: 57		accuracy = 0.6773912906646729
Training round: 58		accuracy = 0.6600000262260437
Training round: 59		accuracy = 0.6889855265617371
Training round: 60		accuracy = 0.6875362396240234
Training round: 61		accuracy = 0.6866666674613953
Training round: 62		accuracy = 0.6860869526863098
Training round: 63		accuracy = 0.6857970952987671
Training round: 64		accuracy = 0.6866666674613953
Training round: 65		accuracy = 0.6860869526863098
Training round: 66		accuracy = 0.6866666674613953
Training round: 67		accuracy = 0.6863768100738525
Training round: 68		accuracy = 0.6872463822364807
Training round: 69		accuracy = 0.6872463822364807
Training round: 70		accuracy = 0.6863768100738525
Training round: 71		accuracy = 0.6855072379112244
Training round: 72		accuracy = 0.6855072379112244
Training round: 73		accuracy = 0.6849275231361389
Training round: 74		accuracy = 0.6843478083610535
Training round: 75		accuracy = 0.6843478083610535
Training round: 76		accuracy = 0.6840579509735107
Training round: 77		accuracy = 0.683768093585968
Training round: 78		accuracy = 0.6600000262260437
Training round: 79		accuracy = 0.6855072379112244
Training round: 80		accuracy = 0.6921738982200623
Training round: 81		accuracy = 0.6910144686698914
Training round: 82		accuracy = 0.6907246112823486
Training round: 83		accuracy = 0.6918840408325195
Training round: 84		accuracy = 0.6915941834449768
Training round: 85		accuracy = 0.6921738982200623
Training round: 86		accuracy = 0.6921738982200623
Training round: 87		accuracy = 0.6915941834449768
Training round: 88		accuracy = 0.6921738982200623
Training round: 89		accuracy = 0.6602898836135864
Training round: 90		accuracy = 0.6849275231361389
Training round: 91		accuracy = 0.6898550987243652
Training round: 92		accuracy = 0.6915941834449768
Training round: 93		accuracy = 0.6910144686698914
Training round: 94		accuracy = 0.6921738982200623
Training round: 95		accuracy = 0.6904347538948059
Training round: 96		accuracy = 0.6907246112823486
Training round: 97		accuracy = 0.6904347538948059
Training round: 98		accuracy = 0.690144956111908
Training round: 99		accuracy = 0.6892753839492798
Training round: 100		accuracy = 0.6892753839492798
Training duration 7258.150356292725
