2021-08-22 20:06:11.839964: I tensorflow/stream_executor/platform/default/dso_loader.cc:49] Successfully opened dynamic library libcudart.so.11.0
2021-08-22 20:06:34.207103: I tensorflow/compiler/jit/xla_cpu_device.cc:41] Not creating XLA devices, tf_xla_enable_xla_devices not set
2021-08-22 20:06:34.216318: I tensorflow/stream_executor/platform/default/dso_loader.cc:49] Successfully opened dynamic library libcuda.so.1
2021-08-22 20:06:34.308494: I tensorflow/core/common_runtime/gpu/gpu_device.cc:1720] Found device 0 with properties: 
pciBusID: 0000:af:00.0 name: Tesla V100-SXM2-32GB computeCapability: 7.0
coreClock: 1.53GHz coreCount: 80 deviceMemorySize: 31.75GiB deviceMemoryBandwidth: 836.37GiB/s
2021-08-22 20:06:34.309197: I tensorflow/stream_executor/platform/default/dso_loader.cc:49] Successfully opened dynamic library libcudart.so.11.0
2021-08-22 20:06:34.839710: I tensorflow/stream_executor/platform/default/dso_loader.cc:49] Successfully opened dynamic library libcublas.so.11
2021-08-22 20:06:34.840021: I tensorflow/stream_executor/platform/default/dso_loader.cc:49] Successfully opened dynamic library libcublasLt.so.11
2021-08-22 20:06:34.848512: I tensorflow/stream_executor/platform/default/dso_loader.cc:49] Successfully opened dynamic library libcufft.so.10
2021-08-22 20:06:35.281656: I tensorflow/stream_executor/platform/default/dso_loader.cc:49] Successfully opened dynamic library libcurand.so.10
2021-08-22 20:06:35.743684: I tensorflow/stream_executor/platform/default/dso_loader.cc:49] Successfully opened dynamic library libcusolver.so.10
2021-08-22 20:06:35.877365: I tensorflow/stream_executor/platform/default/dso_loader.cc:49] Successfully opened dynamic library libcusparse.so.11
2021-08-22 20:06:35.884160: I tensorflow/stream_executor/platform/default/dso_loader.cc:49] Successfully opened dynamic library libcudnn.so.8
2021-08-22 20:06:35.892686: I tensorflow/core/common_runtime/gpu/gpu_device.cc:1862] Adding visible gpu devices: 0
2021-08-22 20:06:35.895467: I tensorflow/core/platform/cpu_feature_guard.cc:142] This TensorFlow binary is optimized with oneAPI Deep Neural Network Library (oneDNN) to use the following CPU instructions in performance-critical operations:  AVX2 AVX512F FMA
To enable them in other operations, rebuild TensorFlow with the appropriate compiler flags.
2021-08-22 20:06:35.895876: I tensorflow/compiler/jit/xla_gpu_device.cc:99] Not creating XLA devices, tf_xla_enable_xla_devices not set
2021-08-22 20:06:35.901471: I tensorflow/core/common_runtime/gpu/gpu_device.cc:1720] Found device 0 with properties: 
pciBusID: 0000:af:00.0 name: Tesla V100-SXM2-32GB computeCapability: 7.0
coreClock: 1.53GHz coreCount: 80 deviceMemorySize: 31.75GiB deviceMemoryBandwidth: 836.37GiB/s
2021-08-22 20:06:35.901718: I tensorflow/stream_executor/platform/default/dso_loader.cc:49] Successfully opened dynamic library libcudart.so.11.0
2021-08-22 20:06:35.901894: I tensorflow/stream_executor/platform/default/dso_loader.cc:49] Successfully opened dynamic library libcublas.so.11
2021-08-22 20:06:35.902013: I tensorflow/stream_executor/platform/default/dso_loader.cc:49] Successfully opened dynamic library libcublasLt.so.11
2021-08-22 20:06:35.902174: I tensorflow/stream_executor/platform/default/dso_loader.cc:49] Successfully opened dynamic library libcufft.so.10
2021-08-22 20:06:35.902279: I tensorflow/stream_executor/platform/default/dso_loader.cc:49] Successfully opened dynamic library libcurand.so.10
2021-08-22 20:06:35.902367: I tensorflow/stream_executor/platform/default/dso_loader.cc:49] Successfully opened dynamic library libcusolver.so.10
2021-08-22 20:06:35.902453: I tensorflow/stream_executor/platform/default/dso_loader.cc:49] Successfully opened dynamic library libcusparse.so.11
2021-08-22 20:06:35.902534: I tensorflow/stream_executor/platform/default/dso_loader.cc:49] Successfully opened dynamic library libcudnn.so.8
2021-08-22 20:06:35.912068: I tensorflow/core/common_runtime/gpu/gpu_device.cc:1862] Adding visible gpu devices: 0
2021-08-22 20:06:35.912310: I tensorflow/stream_executor/platform/default/dso_loader.cc:49] Successfully opened dynamic library libcudart.so.11.0
2021-08-22 20:06:37.291228: I tensorflow/core/common_runtime/gpu/gpu_device.cc:1261] Device interconnect StreamExecutor with strength 1 edge matrix:
2021-08-22 20:06:37.291457: I tensorflow/core/common_runtime/gpu/gpu_device.cc:1267]      0 
2021-08-22 20:06:37.291607: I tensorflow/core/common_runtime/gpu/gpu_device.cc:1280] 0:   N 
2021-08-22 20:06:37.303724: I tensorflow/core/common_runtime/gpu/gpu_device.cc:1406] Created TensorFlow device (/job:localhost/replica:0/task:0/device:GPU:0 with 30130 MB memory) -> physical GPU (device: 0, name: Tesla V100-SXM2-32GB, pci bus id: 0000:af:00.0, compute capability: 7.0)
2021-08-22 20:06:43.825203: I tensorflow/compiler/mlir/mlir_graph_optimization_pass.cc:116] None of the MLIR optimization passes are enabled (registered 2)
2021-08-22 20:06:43.829743: I tensorflow/core/platform/profile_utils/cpu_utils.cc:112] CPU Frequency: 2100000000 Hz
2021-08-22 20:06:43.966196: I tensorflow/stream_executor/platform/default/dso_loader.cc:49] Successfully opened dynamic library libcublas.so.11
2021-08-22 20:06:49.711662: I tensorflow/stream_executor/platform/default/dso_loader.cc:49] Successfully opened dynamic library libcublasLt.so.11
2021-08-22 20:06:49.721994: I tensorflow/stream_executor/platform/default/dso_loader.cc:49] Successfully opened dynamic library libcudnn.so.8
2021-08-22 20:07:14.425686: W tensorflow/stream_executor/gpu/asm_compiler.cc:63] Running ptxas --version returned 256
2021-08-22 20:07:14.518916: W tensorflow/stream_executor/gpu/redzone_allocator.cc:314] Internal: ptxas exited with non-zero error code 256, output: 
Relying on driver to perform ptx compilation. 
Modify $PATH to customize ptxas location.
This message will be only logged once.
DeleteMutator started.
DeleteMutator finished.
Training round: 1		accuracy = 0.6301449537277222
Training round: 2		accuracy = 0.6602898836135864
Training round: 3		accuracy = 0.6678261160850525
Training round: 4		accuracy = 0.6701449155807495
Training round: 5		accuracy = 0.6756521463394165
Training round: 6		accuracy = 0.6773912906646729
Training round: 7		accuracy = 0.6889855265617371
Training round: 8		accuracy = 0.6863768100738525
Training round: 9		accuracy = 0.6936231851577759
Training round: 10		accuracy = 0.6904347538948059
Training round: 11		accuracy = 0.6927536129951477
Training round: 12		accuracy = 0.6968116164207458
Training round: 13		accuracy = 0.690144956111908
Training round: 14		accuracy = 0.6936231851577759
Training round: 15		accuracy = 0.6991304159164429
Training round: 16		accuracy = 0.7040579915046692
Training round: 17		accuracy = 0.7017391324043274
Training round: 18		accuracy = 0.7002898454666138
Training round: 19		accuracy = 0.7020289897918701
Training round: 20		accuracy = 0.7057970762252808
Training round: 21		accuracy = 0.705507218837738
Training round: 22		accuracy = 0.7089855074882507
Training round: 23		accuracy = 0.7153623104095459
Training round: 24		accuracy = 0.7159420251846313
Training round: 25		accuracy = 0.7147825956344604
Training round: 26		accuracy = 0.7165217399597168
Training round: 27		accuracy = 0.7234782576560974
Training round: 28		accuracy = 0.722898542881012
Training round: 29		accuracy = 0.7240579724311829
Training round: 30		accuracy = 0.7272464036941528
Training round: 31		accuracy = 0.7292753458023071
Training round: 32		accuracy = 0.7281159162521362
Training round: 33		accuracy = 0.7281159162521362
Training round: 34		accuracy = 0.7307246327400208
Training round: 35		accuracy = 0.7307246327400208
Training round: 36		accuracy = 0.7286956310272217
Training round: 37		accuracy = 0.7301449179649353
Training round: 38		accuracy = 0.7301449179649353
Training round: 39		accuracy = 0.733623206615448
Training round: 40		accuracy = 0.733623206615448
Training round: 41		accuracy = 0.7342029213905334
Training round: 42		accuracy = 0.7373912930488586
Training round: 43		accuracy = 0.7385507225990295
Training round: 44		accuracy = 0.7397101521492004
Training round: 45		accuracy = 0.7400000095367432
Training round: 46		accuracy = 0.7394202947616577
Training round: 47		accuracy = 0.7385507225990295
Training round: 48		accuracy = 0.7408695816993713
Training round: 49		accuracy = 0.7417391538619995
Training round: 50		accuracy = 0.7397101521492004
Training round: 51		accuracy = 0.7417391538619995
Training round: 52		accuracy = 0.7379710078239441
Training round: 53		accuracy = 0.7417391538619995
Training round: 54		accuracy = 0.7428985238075256
Training round: 55		accuracy = 0.7405797243118286
Training round: 56		accuracy = 0.7405797243118286
Training round: 57		accuracy = 0.7411594390869141
Training round: 58		accuracy = 0.7457970976829529
Training round: 59		accuracy = 0.7457970976829529
Training round: 60		accuracy = 0.7463768124580383
Training round: 61		accuracy = 0.7486956715583801
Training round: 62		accuracy = 0.746666669845581
Training round: 63		accuracy = 0.7437680959701538
Training round: 64		accuracy = 0.7495652437210083
Training round: 65		accuracy = 0.7428985238075256
Training round: 66		accuracy = 0.7495652437210083
Training round: 67		accuracy = 0.7481159567832947
Training round: 68		accuracy = 0.747826099395752
Training round: 69		accuracy = 0.747826099395752
Training round: 70		accuracy = 0.7484058141708374
Training round: 71		accuracy = 0.749855101108551
Training round: 72		accuracy = 0.7463768124580383
Training round: 73		accuracy = 0.7455072402954102
Training round: 74		accuracy = 0.7463768124580383
Training round: 75		accuracy = 0.7489855289459229
Training round: 76		accuracy = 0.7495652437210083
Training round: 77		accuracy = 0.7513043284416199
Training round: 78		accuracy = 0.7492753863334656
Training round: 79		accuracy = 0.7484058141708374
Training round: 80		accuracy = 0.7495652437210083
Training round: 81		accuracy = 0.7527536153793335
Training round: 82		accuracy = 0.753333330154419
Training round: 83		accuracy = 0.7518840432167053
Training round: 84		accuracy = 0.7536231875419617
Training round: 85		accuracy = 0.7524637579917908
Training round: 86		accuracy = 0.7518840432167053
Training round: 87		accuracy = 0.752173900604248
Training round: 88		accuracy = 0.7515941858291626
Training round: 89		accuracy = 0.753333330154419
Training round: 90		accuracy = 0.7544927597045898
Training round: 91		accuracy = 0.7513043284416199
Training round: 92		accuracy = 0.7544927597045898
Training round: 93		accuracy = 0.7544927597045898
Training round: 94		accuracy = 0.7518840432167053
Training round: 95		accuracy = 0.755362331867218
Training round: 96		accuracy = 0.7562319040298462
Training round: 97		accuracy = 0.7542029023170471
Training round: 98		accuracy = 0.753333330154419
Training round: 99		accuracy = 0.7550724744796753
Training round: 100		accuracy = 0.7542029023170471
Training duration 4830.955487728119
