2021-08-21 23:24:03.935904: I tensorflow/stream_executor/platform/default/dso_loader.cc:49] Successfully opened dynamic library libcudart.so.11.0
2021-08-21 23:24:26.125609: I tensorflow/compiler/jit/xla_cpu_device.cc:41] Not creating XLA devices, tf_xla_enable_xla_devices not set
2021-08-21 23:24:26.131096: I tensorflow/stream_executor/platform/default/dso_loader.cc:49] Successfully opened dynamic library libcuda.so.1
2021-08-21 23:24:26.195058: I tensorflow/core/common_runtime/gpu/gpu_device.cc:1720] Found device 0 with properties: 
pciBusID: 0000:86:00.0 name: Tesla V100-SXM2-32GB computeCapability: 7.0
coreClock: 1.53GHz coreCount: 80 deviceMemorySize: 31.75GiB deviceMemoryBandwidth: 836.37GiB/s
2021-08-21 23:24:26.195718: I tensorflow/stream_executor/platform/default/dso_loader.cc:49] Successfully opened dynamic library libcudart.so.11.0
2021-08-21 23:24:26.207787: I tensorflow/stream_executor/platform/default/dso_loader.cc:49] Successfully opened dynamic library libcublas.so.11
2021-08-21 23:24:26.207972: I tensorflow/stream_executor/platform/default/dso_loader.cc:49] Successfully opened dynamic library libcublasLt.so.11
2021-08-21 23:24:26.213607: I tensorflow/stream_executor/platform/default/dso_loader.cc:49] Successfully opened dynamic library libcufft.so.10
2021-08-21 23:24:26.216374: I tensorflow/stream_executor/platform/default/dso_loader.cc:49] Successfully opened dynamic library libcurand.so.10
2021-08-21 23:24:26.224723: I tensorflow/stream_executor/platform/default/dso_loader.cc:49] Successfully opened dynamic library libcusolver.so.10
2021-08-21 23:24:26.226876: I tensorflow/stream_executor/platform/default/dso_loader.cc:49] Successfully opened dynamic library libcusparse.so.11
2021-08-21 23:24:26.227825: I tensorflow/stream_executor/platform/default/dso_loader.cc:49] Successfully opened dynamic library libcudnn.so.8
2021-08-21 23:24:26.233077: I tensorflow/core/common_runtime/gpu/gpu_device.cc:1862] Adding visible gpu devices: 0
2021-08-21 23:24:26.236025: I tensorflow/core/platform/cpu_feature_guard.cc:142] This TensorFlow binary is optimized with oneAPI Deep Neural Network Library (oneDNN) to use the following CPU instructions in performance-critical operations:  AVX2 AVX512F FMA
To enable them in other operations, rebuild TensorFlow with the appropriate compiler flags.
2021-08-21 23:24:26.236499: I tensorflow/compiler/jit/xla_gpu_device.cc:99] Not creating XLA devices, tf_xla_enable_xla_devices not set
2021-08-21 23:24:26.238910: I tensorflow/core/common_runtime/gpu/gpu_device.cc:1720] Found device 0 with properties: 
pciBusID: 0000:86:00.0 name: Tesla V100-SXM2-32GB computeCapability: 7.0
coreClock: 1.53GHz coreCount: 80 deviceMemorySize: 31.75GiB deviceMemoryBandwidth: 836.37GiB/s
2021-08-21 23:24:26.238986: I tensorflow/stream_executor/platform/default/dso_loader.cc:49] Successfully opened dynamic library libcudart.so.11.0
2021-08-21 23:24:26.239114: I tensorflow/stream_executor/platform/default/dso_loader.cc:49] Successfully opened dynamic library libcublas.so.11
2021-08-21 23:24:26.239240: I tensorflow/stream_executor/platform/default/dso_loader.cc:49] Successfully opened dynamic library libcublasLt.so.11
2021-08-21 23:24:26.239294: I tensorflow/stream_executor/platform/default/dso_loader.cc:49] Successfully opened dynamic library libcufft.so.10
2021-08-21 23:24:26.239402: I tensorflow/stream_executor/platform/default/dso_loader.cc:49] Successfully opened dynamic library libcurand.so.10
2021-08-21 23:24:26.239553: I tensorflow/stream_executor/platform/default/dso_loader.cc:49] Successfully opened dynamic library libcusolver.so.10
2021-08-21 23:24:26.239667: I tensorflow/stream_executor/platform/default/dso_loader.cc:49] Successfully opened dynamic library libcusparse.so.11
2021-08-21 23:24:26.239782: I tensorflow/stream_executor/platform/default/dso_loader.cc:49] Successfully opened dynamic library libcudnn.so.8
2021-08-21 23:24:26.244358: I tensorflow/core/common_runtime/gpu/gpu_device.cc:1862] Adding visible gpu devices: 0
2021-08-21 23:24:26.244516: I tensorflow/stream_executor/platform/default/dso_loader.cc:49] Successfully opened dynamic library libcudart.so.11.0
2021-08-21 23:24:27.585392: I tensorflow/core/common_runtime/gpu/gpu_device.cc:1261] Device interconnect StreamExecutor with strength 1 edge matrix:
2021-08-21 23:24:27.585595: I tensorflow/core/common_runtime/gpu/gpu_device.cc:1267]      0 
2021-08-21 23:24:27.585741: I tensorflow/core/common_runtime/gpu/gpu_device.cc:1280] 0:   N 
2021-08-21 23:24:27.603641: I tensorflow/core/common_runtime/gpu/gpu_device.cc:1406] Created TensorFlow device (/job:localhost/replica:0/task:0/device:GPU:0 with 30130 MB memory) -> physical GPU (device: 0, name: Tesla V100-SXM2-32GB, pci bus id: 0000:86:00.0, compute capability: 7.0)
2021-08-21 23:24:34.575606: I tensorflow/compiler/mlir/mlir_graph_optimization_pass.cc:116] None of the MLIR optimization passes are enabled (registered 2)
2021-08-21 23:24:34.579901: I tensorflow/core/platform/profile_utils/cpu_utils.cc:112] CPU Frequency: 2100000000 Hz
2021-08-21 23:24:34.683867: I tensorflow/stream_executor/platform/default/dso_loader.cc:49] Successfully opened dynamic library libcublas.so.11
2021-08-21 23:24:35.301600: I tensorflow/stream_executor/platform/default/dso_loader.cc:49] Successfully opened dynamic library libcublasLt.so.11
2021-08-21 23:24:35.312087: I tensorflow/stream_executor/platform/default/dso_loader.cc:49] Successfully opened dynamic library libcudnn.so.8
2021-08-21 23:24:38.122878: W tensorflow/stream_executor/gpu/asm_compiler.cc:63] Running ptxas --version returned 256
2021-08-21 23:24:38.211157: W tensorflow/stream_executor/gpu/redzone_allocator.cc:314] Internal: ptxas exited with non-zero error code 256, output: 
Relying on driver to perform ptx compilation. 
Modify $PATH to customize ptxas location.
This message will be only logged once.
UnbalanceMutator started.
UnbalanceMutator finished.
Training round: 1		accuracy = 0.6550724506378174
Training round: 2		accuracy = 0.6550724506378174
Training round: 3		accuracy = 0.6550724506378174
Training round: 4		accuracy = 0.6550724506378174
Training round: 5		accuracy = 0.6553623080253601
Training round: 6		accuracy = 0.6550724506378174
Training round: 7		accuracy = 0.6550724506378174
Training round: 8		accuracy = 0.6550724506378174
Training round: 9		accuracy = 0.6550724506378174
Training round: 10		accuracy = 0.6550724506378174
Training round: 11		accuracy = 0.6550724506378174
Training round: 12		accuracy = 0.6550724506378174
Training round: 13		accuracy = 0.6550724506378174
Training round: 14		accuracy = 0.6550724506378174
Training round: 15		accuracy = 0.6550724506378174
Training round: 16		accuracy = 0.6550724506378174
Training round: 17		accuracy = 0.6550724506378174
Training round: 18		accuracy = 0.6550724506378174
Training round: 19		accuracy = 0.6550724506378174
Training round: 20		accuracy = 0.6550724506378174
Training round: 21		accuracy = 0.6550724506378174
Training round: 22		accuracy = 0.6550724506378174
Training round: 23		accuracy = 0.6550724506378174
Training round: 24		accuracy = 0.6550724506378174
Training round: 25		accuracy = 0.6550724506378174
Training round: 26		accuracy = 0.6550724506378174
Training round: 27		accuracy = 0.6550724506378174
Training round: 28		accuracy = 0.6550724506378174
Training round: 29		accuracy = 0.6550724506378174
Training round: 30		accuracy = 0.6544927358627319
Training round: 31		accuracy = 0.6556521654129028
Training round: 32		accuracy = 0.6550724506378174
Training round: 33		accuracy = 0.6550724506378174
Training round: 34		accuracy = 0.6559420228004456
Training round: 35		accuracy = 0.6562318801879883
Training round: 36		accuracy = 0.6571014523506165
Training round: 37		accuracy = 0.6550724506378174
Training round: 38		accuracy = 0.6571014523506165
Training round: 39		accuracy = 0.6582608819007874
Training round: 40		accuracy = 0.6594203114509583
Training round: 41		accuracy = 0.6547825932502747
Training round: 42		accuracy = 0.6579710245132446
Training round: 43		accuracy = 0.6605796813964844
Training round: 44		accuracy = 0.6608695387840271
Training round: 45		accuracy = 0.6617391109466553
Training round: 46		accuracy = 0.6634782552719116
Training round: 47		accuracy = 0.6550724506378174
Training round: 48		accuracy = 0.6556521654129028
Training round: 49		accuracy = 0.6623188257217407
Training round: 50		accuracy = 0.6643478274345398
Training round: 51		accuracy = 0.665217399597168
Training round: 52		accuracy = 0.665217399597168
Training round: 53		accuracy = 0.6669565439224243
Training round: 54		accuracy = 0.6675362586975098
Training round: 55		accuracy = 0.6559420228004456
Training round: 56		accuracy = 0.6637681126594543
Training round: 57		accuracy = 0.6562318801879883
Training round: 58		accuracy = 0.6559420228004456
Training round: 59		accuracy = 0.665217399597168
Training round: 60		accuracy = 0.6660869717597961
Training round: 61		accuracy = 0.6568115949630737
Training round: 62		accuracy = 0.6649275422096252
Training round: 63		accuracy = 0.6582608819007874
Training round: 64		accuracy = 0.6576811671257019
Training round: 65		accuracy = 0.667246401309967
Training round: 66		accuracy = 0.6588405966758728
Training round: 67		accuracy = 0.6591304540634155
Training round: 68		accuracy = 0.6591304540634155
Training round: 69		accuracy = 0.6594203114509583
Training round: 70		accuracy = 0.659710168838501
Training round: 71		accuracy = 0.6605796813964844
Training round: 72		accuracy = 0.662028968334198
Training round: 73		accuracy = 0.6698550581932068
Training round: 74		accuracy = 0.6614492535591125
Training round: 75		accuracy = 0.6626086831092834
Training round: 76		accuracy = 0.6646376848220825
Training round: 77		accuracy = 0.6646376848220825
Training round: 78		accuracy = 0.6733333468437195
Training round: 79		accuracy = 0.6759420037269592
Training round: 80		accuracy = 0.6776811480522156
Training round: 81		accuracy = 0.6655072569847107
Training round: 82		accuracy = 0.6794202923774719
Training round: 83		accuracy = 0.6663768291473389
Training round: 84		accuracy = 0.6681159138679504
Training round: 85		accuracy = 0.6704347729682922
Training round: 86		accuracy = 0.6776811480522156
Training round: 87		accuracy = 0.6797101497650146
Training round: 88		accuracy = 0.6802898645401001
Training round: 89		accuracy = 0.6811594367027283
Training round: 90		accuracy = 0.6808695793151855
Training round: 91		accuracy = 0.6730434894561768
Training round: 92		accuracy = 0.6733333468437195
Training round: 93		accuracy = 0.6730434894561768
Training round: 94		accuracy = 0.6730434894561768
Training round: 95		accuracy = 0.6846376657485962
Training round: 96		accuracy = 0.6886956691741943
Training round: 97		accuracy = 0.6753623485565186
Training round: 98		accuracy = 0.6881159543991089
Training round: 99		accuracy = 0.6776811480522156
Training round: 100		accuracy = 0.6768115758895874
Training duration 5293.842021226883
