2021-08-22 19:39:29.703639: I tensorflow/stream_executor/platform/default/dso_loader.cc:49] Successfully opened dynamic library libcudart.so.11.0
2021-08-22 19:40:36.090901: I tensorflow/compiler/jit/xla_cpu_device.cc:41] Not creating XLA devices, tf_xla_enable_xla_devices not set
2021-08-22 19:40:36.155343: I tensorflow/stream_executor/platform/default/dso_loader.cc:49] Successfully opened dynamic library libcuda.so.1
2021-08-22 19:40:36.210679: I tensorflow/core/common_runtime/gpu/gpu_device.cc:1720] Found device 0 with properties: 
pciBusID: 0000:03:00.0 name: Tesla P100-PCIE-12GB computeCapability: 6.0
coreClock: 1.3285GHz coreCount: 56 deviceMemorySize: 11.91GiB deviceMemoryBandwidth: 511.41GiB/s
2021-08-22 19:40:36.212048: I tensorflow/stream_executor/platform/default/dso_loader.cc:49] Successfully opened dynamic library libcudart.so.11.0
2021-08-22 19:40:36.228212: I tensorflow/stream_executor/platform/default/dso_loader.cc:49] Successfully opened dynamic library libcublas.so.11
2021-08-22 19:40:36.228375: I tensorflow/stream_executor/platform/default/dso_loader.cc:49] Successfully opened dynamic library libcublasLt.so.11
2021-08-22 19:40:36.237279: I tensorflow/stream_executor/platform/default/dso_loader.cc:49] Successfully opened dynamic library libcufft.so.10
2021-08-22 19:40:36.242787: I tensorflow/stream_executor/platform/default/dso_loader.cc:49] Successfully opened dynamic library libcurand.so.10
2021-08-22 19:40:36.252057: I tensorflow/stream_executor/platform/default/dso_loader.cc:49] Successfully opened dynamic library libcusolver.so.10
2021-08-22 19:40:36.254753: I tensorflow/stream_executor/platform/default/dso_loader.cc:49] Successfully opened dynamic library libcusparse.so.11
2021-08-22 19:40:36.257219: I tensorflow/stream_executor/platform/default/dso_loader.cc:49] Successfully opened dynamic library libcudnn.so.8
2021-08-22 19:40:36.268718: I tensorflow/core/common_runtime/gpu/gpu_device.cc:1862] Adding visible gpu devices: 0
2021-08-22 19:40:36.309981: I tensorflow/core/platform/cpu_feature_guard.cc:142] This TensorFlow binary is optimized with oneAPI Deep Neural Network Library (oneDNN) to use the following CPU instructions in performance-critical operations:  AVX2 FMA
To enable them in other operations, rebuild TensorFlow with the appropriate compiler flags.
2021-08-22 19:40:36.317643: I tensorflow/compiler/jit/xla_gpu_device.cc:99] Not creating XLA devices, tf_xla_enable_xla_devices not set
2021-08-22 19:40:36.320576: I tensorflow/core/common_runtime/gpu/gpu_device.cc:1720] Found device 0 with properties: 
pciBusID: 0000:03:00.0 name: Tesla P100-PCIE-12GB computeCapability: 6.0
coreClock: 1.3285GHz coreCount: 56 deviceMemorySize: 11.91GiB deviceMemoryBandwidth: 511.41GiB/s
2021-08-22 19:40:36.320721: I tensorflow/stream_executor/platform/default/dso_loader.cc:49] Successfully opened dynamic library libcudart.so.11.0
2021-08-22 19:40:36.320844: I tensorflow/stream_executor/platform/default/dso_loader.cc:49] Successfully opened dynamic library libcublas.so.11
2021-08-22 19:40:36.320957: I tensorflow/stream_executor/platform/default/dso_loader.cc:49] Successfully opened dynamic library libcublasLt.so.11
2021-08-22 19:40:36.321069: I tensorflow/stream_executor/platform/default/dso_loader.cc:49] Successfully opened dynamic library libcufft.so.10
2021-08-22 19:40:36.321192: I tensorflow/stream_executor/platform/default/dso_loader.cc:49] Successfully opened dynamic library libcurand.so.10
2021-08-22 19:40:36.321302: I tensorflow/stream_executor/platform/default/dso_loader.cc:49] Successfully opened dynamic library libcusolver.so.10
2021-08-22 19:40:36.321407: I tensorflow/stream_executor/platform/default/dso_loader.cc:49] Successfully opened dynamic library libcusparse.so.11
2021-08-22 19:40:36.321509: I tensorflow/stream_executor/platform/default/dso_loader.cc:49] Successfully opened dynamic library libcudnn.so.8
2021-08-22 19:40:36.323800: I tensorflow/core/common_runtime/gpu/gpu_device.cc:1862] Adding visible gpu devices: 0
2021-08-22 19:40:36.324619: I tensorflow/stream_executor/platform/default/dso_loader.cc:49] Successfully opened dynamic library libcudart.so.11.0
2021-08-22 19:40:38.045576: I tensorflow/core/common_runtime/gpu/gpu_device.cc:1261] Device interconnect StreamExecutor with strength 1 edge matrix:
2021-08-22 19:40:38.045791: I tensorflow/core/common_runtime/gpu/gpu_device.cc:1267]      0 
2021-08-22 19:40:38.048303: I tensorflow/core/common_runtime/gpu/gpu_device.cc:1280] 0:   N 
2021-08-22 19:40:38.070715: I tensorflow/core/common_runtime/gpu/gpu_device.cc:1406] Created TensorFlow device (/job:localhost/replica:0/task:0/device:GPU:0 with 11119 MB memory) -> physical GPU (device: 0, name: Tesla P100-PCIE-12GB, pci bus id: 0000:03:00.0, compute capability: 6.0)
2021-08-22 19:40:50.341927: I tensorflow/compiler/mlir/mlir_graph_optimization_pass.cc:116] None of the MLIR optimization passes are enabled (registered 2)
2021-08-22 19:40:50.352384: I tensorflow/core/platform/profile_utils/cpu_utils.cc:112] CPU Frequency: 2199975000 Hz
2021-08-22 19:40:50.610671: I tensorflow/stream_executor/platform/default/dso_loader.cc:49] Successfully opened dynamic library libcublas.so.11
2021-08-22 19:40:51.004231: I tensorflow/stream_executor/platform/default/dso_loader.cc:49] Successfully opened dynamic library libcublasLt.so.11
2021-08-22 19:40:51.060745: I tensorflow/stream_executor/platform/default/dso_loader.cc:49] Successfully opened dynamic library libcudnn.so.8
2021-08-22 19:40:53.172571: W tensorflow/stream_executor/gpu/asm_compiler.cc:63] Running ptxas --version returned 256
2021-08-22 19:40:53.451009: W tensorflow/stream_executor/gpu/redzone_allocator.cc:314] Internal: ptxas exited with non-zero error code 256, output: 
Relying on driver to perform ptx compilation. 
Modify $PATH to customize ptxas location.
This message will be only logged once.
NoiseMutator started.
NoiseMutator finished.
Training round: 1		accuracy = 0.6310144662857056
Training round: 2		accuracy = 0.601159393787384
Training round: 3		accuracy = 0.6202898621559143
Training round: 4		accuracy = 0.626086950302124
Training round: 5		accuracy = 0.6359420418739319
Training round: 6		accuracy = 0.6640579700469971
Training round: 7		accuracy = 0.6666666865348816
Training round: 8		accuracy = 0.6834782361984253
Training round: 9		accuracy = 0.6628985404968262
Training round: 10		accuracy = 0.694492757320404
Training round: 11		accuracy = 0.695652186870575
Training round: 12		accuracy = 0.6915941834449768
Training round: 13		accuracy = 0.6886956691741943
Training round: 14		accuracy = 0.7063767910003662
Training round: 15		accuracy = 0.6889855265617371
Training round: 16		accuracy = 0.7049275636672974
Training round: 17		accuracy = 0.6985507011413574
Training round: 18		accuracy = 0.695652186870575
Training round: 19		accuracy = 0.722898542881012
Training round: 20		accuracy = 0.703188419342041
Training round: 21		accuracy = 0.6971014738082886
Training round: 22		accuracy = 0.6797101497650146
Training round: 23		accuracy = 0.7081159353256226
Training round: 24		accuracy = 0.7020289897918701
Training round: 25		accuracy = 0.6930434703826904
Training round: 26		accuracy = 0.7037681341171265
Training round: 27		accuracy = 0.7095652222633362
Training round: 28		accuracy = 0.7043478488922119
Training round: 29		accuracy = 0.7217391133308411
Training round: 30		accuracy = 0.711884081363678
Training round: 31		accuracy = 0.7040579915046692
Training round: 32		accuracy = 0.7188405990600586
Training round: 33		accuracy = 0.7182608842849731
Training round: 34		accuracy = 0.7075362205505371
Training round: 35		accuracy = 0.7171014547348022
Training round: 36		accuracy = 0.7084057927131653
Training round: 37		accuracy = 0.7081159353256226
Training round: 38		accuracy = 0.714202880859375
Training round: 39		accuracy = 0.7150724530220032
Training round: 40		accuracy = 0.714202880859375
Training round: 41		accuracy = 0.7133333086967468
Training round: 42		accuracy = 0.7043478488922119
Training round: 43		accuracy = 0.7159420251846313
Training round: 44		accuracy = 0.7246376872062683
Training round: 45		accuracy = 0.7246376872062683
Training round: 46		accuracy = 0.7286956310272217
Training round: 47		accuracy = 0.7298550605773926
Training round: 48		accuracy = 0.7200000286102295
Training round: 49		accuracy = 0.7295652031898499
Training round: 50		accuracy = 0.719420313835144
Training round: 51		accuracy = 0.7034782767295837
Training round: 52		accuracy = 0.7252174019813538
Training round: 53		accuracy = 0.7301449179649353
Training round: 54		accuracy = 0.7226086854934692
Training round: 55		accuracy = 0.7324637770652771
Training round: 56		accuracy = 0.7182608842849731
Training round: 57		accuracy = 0.7252174019813538
Training round: 58		accuracy = 0.7226086854934692
Training round: 59		accuracy = 0.7185507416725159
Training round: 60		accuracy = 0.7234782576560974
Training round: 61		accuracy = 0.7269565463066101
Training round: 62		accuracy = 0.7208695411682129
Training round: 63		accuracy = 0.7260869741439819
Training round: 64		accuracy = 0.7205796837806702
Training round: 65		accuracy = 0.7263768315315247
Training round: 66		accuracy = 0.7257971167564392
Training round: 67		accuracy = 0.719420313835144
Training round: 68		accuracy = 0.7223188281059265
Training round: 69		accuracy = 0.7220289707183838
Training round: 70		accuracy = 0.7266666889190674
Training round: 71		accuracy = 0.722898542881012
Training round: 72		accuracy = 0.722898542881012
Training round: 73		accuracy = 0.7252174019813538
Training round: 74		accuracy = 0.7211593985557556
Training round: 75		accuracy = 0.7217391133308411
Training round: 76		accuracy = 0.7237681150436401
Training round: 77		accuracy = 0.7214492559432983
Training round: 78		accuracy = 0.7231884002685547
Training round: 79		accuracy = 0.7255072593688965
Training round: 80		accuracy = 0.7226086854934692
Training round: 81		accuracy = 0.7223188281059265
Training round: 82		accuracy = 0.7223188281059265
Training round: 83		accuracy = 0.7243478298187256
Training round: 84		accuracy = 0.724927544593811
Training round: 85		accuracy = 0.7246376872062683
Training round: 86		accuracy = 0.7260869741439819
Training round: 87		accuracy = 0.7243478298187256
Training round: 88		accuracy = 0.7272464036941528
Training round: 89		accuracy = 0.7292753458023071
Training round: 90		accuracy = 0.7269565463066101
Training round: 91		accuracy = 0.7266666889190674
Training round: 92		accuracy = 0.7269565463066101
Training round: 93		accuracy = 0.7275362610816956
Training round: 94		accuracy = 0.7321739196777344
Training round: 95		accuracy = 0.7292753458023071
Training round: 96		accuracy = 0.7286956310272217
Training round: 97		accuracy = 0.7301449179649353
Training round: 98		accuracy = 0.7292753458023071
Training round: 99		accuracy = 0.7272464036941528
Training round: 100		accuracy = 0.7286956310272217
Training duration 8114.337195634842
