2021-08-22 20:25:56.791735: I tensorflow/stream_executor/platform/default/dso_loader.cc:49] Successfully opened dynamic library libcudart.so.11.0
2021-08-22 20:26:27.060114: I tensorflow/compiler/jit/xla_cpu_device.cc:41] Not creating XLA devices, tf_xla_enable_xla_devices not set
2021-08-22 20:26:27.065309: I tensorflow/stream_executor/platform/default/dso_loader.cc:49] Successfully opened dynamic library libcuda.so.1
2021-08-22 20:26:27.135049: I tensorflow/core/common_runtime/gpu/gpu_device.cc:1720] Found device 0 with properties: 
pciBusID: 0000:86:00.0 name: Tesla V100-SXM2-32GB computeCapability: 7.0
coreClock: 1.53GHz coreCount: 80 deviceMemorySize: 31.75GiB deviceMemoryBandwidth: 836.37GiB/s
2021-08-22 20:26:27.135726: I tensorflow/stream_executor/platform/default/dso_loader.cc:49] Successfully opened dynamic library libcudart.so.11.0
2021-08-22 20:26:27.170293: I tensorflow/stream_executor/platform/default/dso_loader.cc:49] Successfully opened dynamic library libcublas.so.11
2021-08-22 20:26:27.170525: I tensorflow/stream_executor/platform/default/dso_loader.cc:49] Successfully opened dynamic library libcublasLt.so.11
2021-08-22 20:26:27.177175: I tensorflow/stream_executor/platform/default/dso_loader.cc:49] Successfully opened dynamic library libcufft.so.10
2021-08-22 20:26:27.181116: I tensorflow/stream_executor/platform/default/dso_loader.cc:49] Successfully opened dynamic library libcurand.so.10
2021-08-22 20:26:27.190986: I tensorflow/stream_executor/platform/default/dso_loader.cc:49] Successfully opened dynamic library libcusolver.so.10
2021-08-22 20:26:27.193324: I tensorflow/stream_executor/platform/default/dso_loader.cc:49] Successfully opened dynamic library libcusparse.so.11
2021-08-22 20:26:27.194090: I tensorflow/stream_executor/platform/default/dso_loader.cc:49] Successfully opened dynamic library libcudnn.so.8
2021-08-22 20:26:27.201375: I tensorflow/core/common_runtime/gpu/gpu_device.cc:1862] Adding visible gpu devices: 0
2021-08-22 20:26:27.202476: I tensorflow/core/platform/cpu_feature_guard.cc:142] This TensorFlow binary is optimized with oneAPI Deep Neural Network Library (oneDNN) to use the following CPU instructions in performance-critical operations:  AVX2 AVX512F FMA
To enable them in other operations, rebuild TensorFlow with the appropriate compiler flags.
2021-08-22 20:26:27.202872: I tensorflow/compiler/jit/xla_gpu_device.cc:99] Not creating XLA devices, tf_xla_enable_xla_devices not set
2021-08-22 20:26:27.206271: I tensorflow/core/common_runtime/gpu/gpu_device.cc:1720] Found device 0 with properties: 
pciBusID: 0000:86:00.0 name: Tesla V100-SXM2-32GB computeCapability: 7.0
coreClock: 1.53GHz coreCount: 80 deviceMemorySize: 31.75GiB deviceMemoryBandwidth: 836.37GiB/s
2021-08-22 20:26:27.206453: I tensorflow/stream_executor/platform/default/dso_loader.cc:49] Successfully opened dynamic library libcudart.so.11.0
2021-08-22 20:26:27.206541: I tensorflow/stream_executor/platform/default/dso_loader.cc:49] Successfully opened dynamic library libcublas.so.11
2021-08-22 20:26:27.206616: I tensorflow/stream_executor/platform/default/dso_loader.cc:49] Successfully opened dynamic library libcublasLt.so.11
2021-08-22 20:26:27.206674: I tensorflow/stream_executor/platform/default/dso_loader.cc:49] Successfully opened dynamic library libcufft.so.10
2021-08-22 20:26:27.206727: I tensorflow/stream_executor/platform/default/dso_loader.cc:49] Successfully opened dynamic library libcurand.so.10
2021-08-22 20:26:27.206777: I tensorflow/stream_executor/platform/default/dso_loader.cc:49] Successfully opened dynamic library libcusolver.so.10
2021-08-22 20:26:27.206834: I tensorflow/stream_executor/platform/default/dso_loader.cc:49] Successfully opened dynamic library libcusparse.so.11
2021-08-22 20:26:27.206897: I tensorflow/stream_executor/platform/default/dso_loader.cc:49] Successfully opened dynamic library libcudnn.so.8
2021-08-22 20:26:27.213128: I tensorflow/core/common_runtime/gpu/gpu_device.cc:1862] Adding visible gpu devices: 0
2021-08-22 20:26:27.213324: I tensorflow/stream_executor/platform/default/dso_loader.cc:49] Successfully opened dynamic library libcudart.so.11.0
2021-08-22 20:26:28.587160: I tensorflow/core/common_runtime/gpu/gpu_device.cc:1261] Device interconnect StreamExecutor with strength 1 edge matrix:
2021-08-22 20:26:28.587401: I tensorflow/core/common_runtime/gpu/gpu_device.cc:1267]      0 
2021-08-22 20:26:28.587577: I tensorflow/core/common_runtime/gpu/gpu_device.cc:1280] 0:   N 
2021-08-22 20:26:28.597065: I tensorflow/core/common_runtime/gpu/gpu_device.cc:1406] Created TensorFlow device (/job:localhost/replica:0/task:0/device:GPU:0 with 30130 MB memory) -> physical GPU (device: 0, name: Tesla V100-SXM2-32GB, pci bus id: 0000:86:00.0, compute capability: 7.0)
2021-08-22 20:26:42.646053: I tensorflow/compiler/mlir/mlir_graph_optimization_pass.cc:116] None of the MLIR optimization passes are enabled (registered 2)
2021-08-22 20:26:42.650609: I tensorflow/core/platform/profile_utils/cpu_utils.cc:112] CPU Frequency: 2100000000 Hz
2021-08-22 20:26:42.733499: I tensorflow/stream_executor/platform/default/dso_loader.cc:49] Successfully opened dynamic library libcublas.so.11
2021-08-22 20:26:43.414432: I tensorflow/stream_executor/platform/default/dso_loader.cc:49] Successfully opened dynamic library libcublasLt.so.11
2021-08-22 20:26:43.425863: I tensorflow/stream_executor/platform/default/dso_loader.cc:49] Successfully opened dynamic library libcudnn.so.8
2021-08-22 20:26:46.940327: W tensorflow/stream_executor/gpu/asm_compiler.cc:63] Running ptxas --version returned 256
2021-08-22 20:26:47.627927: W tensorflow/stream_executor/gpu/redzone_allocator.cc:314] Internal: ptxas exited with non-zero error code 256, output: 
Relying on driver to perform ptx compilation. 
Modify $PATH to customize ptxas location.
This message will be only logged once.
UnbalanceMutator started.
UnbalanceMutator finished.
Training round: 1		accuracy = 0.4582608640193939
Training round: 2		accuracy = 0.6536231637001038
Training round: 3		accuracy = 0.6623188257217407
Training round: 4		accuracy = 0.6626086831092834
Training round: 5		accuracy = 0.6684057712554932
Training round: 6		accuracy = 0.6718840599060059
Training round: 7		accuracy = 0.678260862827301
Training round: 8		accuracy = 0.6759420037269592
Training round: 9		accuracy = 0.6776811480522156
Training round: 10		accuracy = 0.6846376657485962
Training round: 11		accuracy = 0.678260862827301
Training round: 12		accuracy = 0.6820290088653564
Training round: 13		accuracy = 0.6820290088653564
Training round: 14		accuracy = 0.6791304349899292
Training round: 15		accuracy = 0.6962319016456604
Training round: 16		accuracy = 0.6875362396240234
Training round: 17		accuracy = 0.697970986366272
Training round: 18		accuracy = 0.6953623294830322
Training round: 19		accuracy = 0.7081159353256226
Training round: 20		accuracy = 0.6857970952987671
Training round: 21		accuracy = 0.7017391324043274
Training round: 22		accuracy = 0.7008695602416992
Training round: 23		accuracy = 0.7046377062797546
Training round: 24		accuracy = 0.7075362205505371
Training round: 25		accuracy = 0.6947826147079468
Training round: 26		accuracy = 0.6985507011413574
Training round: 27		accuracy = 0.7101449370384216
Training round: 28		accuracy = 0.7159420251846313
Training round: 29		accuracy = 0.7072463631629944
Training round: 30		accuracy = 0.7136231660842896
Training round: 31		accuracy = 0.7144927382469177
Training round: 32		accuracy = 0.7098550796508789
Training round: 33		accuracy = 0.7121739387512207
Training round: 34		accuracy = 0.7168115973472595
Training round: 35		accuracy = 0.7159420251846313
Training round: 36		accuracy = 0.7095652222633362
Training round: 37		accuracy = 0.7133333086967468
Training round: 38		accuracy = 0.7165217399597168
Training round: 39		accuracy = 0.7130434513092041
Training round: 40		accuracy = 0.7223188281059265
Training round: 41		accuracy = 0.7136231660842896
Training round: 42		accuracy = 0.7176811695098877
Training round: 43		accuracy = 0.7214492559432983
Training round: 44		accuracy = 0.719420313835144
Training round: 45		accuracy = 0.7220289707183838
Training round: 46		accuracy = 0.717391312122345
Training round: 47		accuracy = 0.7226086854934692
Training round: 48		accuracy = 0.7188405990600586
Training round: 49		accuracy = 0.7301449179649353
Training round: 50		accuracy = 0.7234782576560974
Training round: 51		accuracy = 0.7153623104095459
Training round: 52		accuracy = 0.7205796837806702
Training round: 53		accuracy = 0.7237681150436401
Training round: 54		accuracy = 0.724927544593811
Training round: 55		accuracy = 0.7150724530220032
Training round: 56		accuracy = 0.7255072593688965
Training round: 57		accuracy = 0.7156521677970886
Training round: 58		accuracy = 0.7246376872062683
Training round: 59		accuracy = 0.7211593985557556
Training round: 60		accuracy = 0.7252174019813538
Training round: 61		accuracy = 0.7301449179649353
Training round: 62		accuracy = 0.7307246327400208
Training round: 63		accuracy = 0.7275362610816956
Training round: 64		accuracy = 0.7298550605773926
Training round: 65		accuracy = 0.7333333492279053
Training round: 66		accuracy = 0.730434775352478
Training round: 67		accuracy = 0.7313043475151062
Training round: 68		accuracy = 0.7339130640029907
Training round: 69		accuracy = 0.7315942049026489
Training round: 70		accuracy = 0.7356521487236023
Training round: 71		accuracy = 0.7330434918403625
Training round: 72		accuracy = 0.7315942049026489
Training round: 73		accuracy = 0.7324637770652771
Training round: 74		accuracy = 0.7350724935531616
Training round: 75		accuracy = 0.733623206615448
Training round: 76		accuracy = 0.7356521487236023
Training round: 77		accuracy = 0.7356521487236023
Training round: 78		accuracy = 0.739130437374115
Training round: 79		accuracy = 0.7356521487236023
Training round: 80		accuracy = 0.7382608652114868
Training round: 81		accuracy = 0.7347826361656189
Training round: 82		accuracy = 0.7344927787780762
Training round: 83		accuracy = 0.7347826361656189
Training round: 84		accuracy = 0.735942006111145
Training round: 85		accuracy = 0.7318840622901917
Training round: 86		accuracy = 0.7286956310272217
Training round: 87		accuracy = 0.7371014356613159
Training round: 88		accuracy = 0.7339130640029907
Training round: 89		accuracy = 0.733623206615448
Training round: 90		accuracy = 0.733623206615448
Training round: 91		accuracy = 0.7324637770652771
Training round: 92		accuracy = 0.7344927787780762
Training round: 93		accuracy = 0.7292753458023071
Training round: 94		accuracy = 0.7356521487236023
Training round: 95		accuracy = 0.7417391538619995
Training round: 96		accuracy = 0.7382608652114868
Training round: 97		accuracy = 0.7385507225990295
Training round: 98		accuracy = 0.7414492964744568
Training round: 99		accuracy = 0.7388405799865723
Training round: 100		accuracy = 0.7400000095367432
Training duration 7235.698960781097
