2021-08-21 23:06:01.817448: I tensorflow/stream_executor/platform/default/dso_loader.cc:49] Successfully opened dynamic library libcudart.so.11.0
2021-08-21 23:06:38.389623: I tensorflow/compiler/jit/xla_cpu_device.cc:41] Not creating XLA devices, tf_xla_enable_xla_devices not set
2021-08-21 23:06:38.391965: I tensorflow/stream_executor/platform/default/dso_loader.cc:49] Successfully opened dynamic library libcuda.so.1
2021-08-21 23:06:38.505655: I tensorflow/core/common_runtime/gpu/gpu_device.cc:1720] Found device 0 with properties: 
pciBusID: 0000:3b:00.0 name: Tesla V100-SXM2-32GB computeCapability: 7.0
coreClock: 1.53GHz coreCount: 80 deviceMemorySize: 31.75GiB deviceMemoryBandwidth: 836.37GiB/s
2021-08-21 23:06:38.505897: I tensorflow/stream_executor/platform/default/dso_loader.cc:49] Successfully opened dynamic library libcudart.so.11.0
2021-08-21 23:06:38.515724: I tensorflow/stream_executor/platform/default/dso_loader.cc:49] Successfully opened dynamic library libcublas.so.11
2021-08-21 23:06:38.515878: I tensorflow/stream_executor/platform/default/dso_loader.cc:49] Successfully opened dynamic library libcublasLt.so.11
2021-08-21 23:06:38.521004: I tensorflow/stream_executor/platform/default/dso_loader.cc:49] Successfully opened dynamic library libcufft.so.10
2021-08-21 23:06:38.523109: I tensorflow/stream_executor/platform/default/dso_loader.cc:49] Successfully opened dynamic library libcurand.so.10
2021-08-21 23:06:38.532752: I tensorflow/stream_executor/platform/default/dso_loader.cc:49] Successfully opened dynamic library libcusolver.so.10
2021-08-21 23:06:38.536302: I tensorflow/stream_executor/platform/default/dso_loader.cc:49] Successfully opened dynamic library libcusparse.so.11
2021-08-21 23:06:38.536970: I tensorflow/stream_executor/platform/default/dso_loader.cc:49] Successfully opened dynamic library libcudnn.so.8
2021-08-21 23:06:38.542771: I tensorflow/core/common_runtime/gpu/gpu_device.cc:1862] Adding visible gpu devices: 0
2021-08-21 23:06:38.543788: I tensorflow/core/platform/cpu_feature_guard.cc:142] This TensorFlow binary is optimized with oneAPI Deep Neural Network Library (oneDNN) to use the following CPU instructions in performance-critical operations:  AVX2 AVX512F FMA
To enable them in other operations, rebuild TensorFlow with the appropriate compiler flags.
2021-08-21 23:06:38.544173: I tensorflow/compiler/jit/xla_gpu_device.cc:99] Not creating XLA devices, tf_xla_enable_xla_devices not set
2021-08-21 23:06:38.547008: I tensorflow/core/common_runtime/gpu/gpu_device.cc:1720] Found device 0 with properties: 
pciBusID: 0000:3b:00.0 name: Tesla V100-SXM2-32GB computeCapability: 7.0
coreClock: 1.53GHz coreCount: 80 deviceMemorySize: 31.75GiB deviceMemoryBandwidth: 836.37GiB/s
2021-08-21 23:06:38.547116: I tensorflow/stream_executor/platform/default/dso_loader.cc:49] Successfully opened dynamic library libcudart.so.11.0
2021-08-21 23:06:38.547193: I tensorflow/stream_executor/platform/default/dso_loader.cc:49] Successfully opened dynamic library libcublas.so.11
2021-08-21 23:06:38.547260: I tensorflow/stream_executor/platform/default/dso_loader.cc:49] Successfully opened dynamic library libcublasLt.so.11
2021-08-21 23:06:38.547309: I tensorflow/stream_executor/platform/default/dso_loader.cc:49] Successfully opened dynamic library libcufft.so.10
2021-08-21 23:06:38.547373: I tensorflow/stream_executor/platform/default/dso_loader.cc:49] Successfully opened dynamic library libcurand.so.10
2021-08-21 23:06:38.547459: I tensorflow/stream_executor/platform/default/dso_loader.cc:49] Successfully opened dynamic library libcusolver.so.10
2021-08-21 23:06:38.547506: I tensorflow/stream_executor/platform/default/dso_loader.cc:49] Successfully opened dynamic library libcusparse.so.11
2021-08-21 23:06:38.547551: I tensorflow/stream_executor/platform/default/dso_loader.cc:49] Successfully opened dynamic library libcudnn.so.8
2021-08-21 23:06:38.553128: I tensorflow/core/common_runtime/gpu/gpu_device.cc:1862] Adding visible gpu devices: 0
2021-08-21 23:06:38.553272: I tensorflow/stream_executor/platform/default/dso_loader.cc:49] Successfully opened dynamic library libcudart.so.11.0
2021-08-21 23:06:39.513061: I tensorflow/core/common_runtime/gpu/gpu_device.cc:1261] Device interconnect StreamExecutor with strength 1 edge matrix:
2021-08-21 23:06:39.513238: I tensorflow/core/common_runtime/gpu/gpu_device.cc:1267]      0 
2021-08-21 23:06:39.513371: I tensorflow/core/common_runtime/gpu/gpu_device.cc:1280] 0:   N 
2021-08-21 23:06:39.527486: I tensorflow/core/common_runtime/gpu/gpu_device.cc:1406] Created TensorFlow device (/job:localhost/replica:0/task:0/device:GPU:0 with 30130 MB memory) -> physical GPU (device: 0, name: Tesla V100-SXM2-32GB, pci bus id: 0000:3b:00.0, compute capability: 7.0)
2021-08-21 23:06:49.015501: I tensorflow/compiler/mlir/mlir_graph_optimization_pass.cc:116] None of the MLIR optimization passes are enabled (registered 2)
2021-08-21 23:06:49.019534: I tensorflow/core/platform/profile_utils/cpu_utils.cc:112] CPU Frequency: 2100000000 Hz
2021-08-21 23:06:49.097093: I tensorflow/stream_executor/platform/default/dso_loader.cc:49] Successfully opened dynamic library libcublas.so.11
2021-08-21 23:06:49.596882: I tensorflow/stream_executor/platform/default/dso_loader.cc:49] Successfully opened dynamic library libcublasLt.so.11
2021-08-21 23:06:49.607280: I tensorflow/stream_executor/platform/default/dso_loader.cc:49] Successfully opened dynamic library libcudnn.so.8
2021-08-21 23:06:52.251788: W tensorflow/stream_executor/gpu/asm_compiler.cc:63] Running ptxas --version returned 256
2021-08-21 23:06:52.542611: W tensorflow/stream_executor/gpu/redzone_allocator.cc:314] Internal: ptxas exited with non-zero error code 256, output: 
Relying on driver to perform ptx compilation. 
Modify $PATH to customize ptxas location.
This message will be only logged once.
DeleteMutator started.
DeleteMutator finished.
Training round: 1		accuracy = 0.6518840789794922
Training round: 2		accuracy = 0.647826075553894
Training round: 3		accuracy = 0.6550724506378174
Training round: 4		accuracy = 0.6550724506378174
Training round: 5		accuracy = 0.6501449346542358
Training round: 6		accuracy = 0.6550724506378174
Training round: 7		accuracy = 0.6550724506378174
Training round: 8		accuracy = 0.6550724506378174
Training round: 9		accuracy = 0.6550724506378174
Training round: 10		accuracy = 0.6547825932502747
Training round: 11		accuracy = 0.6550724506378174
Training round: 12		accuracy = 0.6550724506378174
Training round: 13		accuracy = 0.6527536511421204
Training round: 14		accuracy = 0.6559420228004456
Training round: 15		accuracy = 0.6547825932502747
Training round: 16		accuracy = 0.653333306312561
Training round: 17		accuracy = 0.6524637937545776
Training round: 18		accuracy = 0.6489855051040649
Training round: 19		accuracy = 0.6550724506378174
Training round: 20		accuracy = 0.6536231637001038
Training round: 21		accuracy = 0.6521739363670349
Training round: 22		accuracy = 0.6542028784751892
Training round: 23		accuracy = 0.656521737575531
Training round: 24		accuracy = 0.6553623080253601
Training round: 25		accuracy = 0.6559420228004456
Training round: 26		accuracy = 0.6582608819007874
Training round: 27		accuracy = 0.6594203114509583
Training round: 28		accuracy = 0.6591304540634155
Training round: 29		accuracy = 0.6591304540634155
Training round: 30		accuracy = 0.6634782552719116
Training round: 31		accuracy = 0.6631883978843689
Training round: 32		accuracy = 0.659710168838501
Training round: 33		accuracy = 0.6602898836135864
Training round: 34		accuracy = 0.6568115949630737
Training round: 35		accuracy = 0.6669565439224243
Training round: 36		accuracy = 0.662028968334198
Training round: 37		accuracy = 0.6553623080253601
Training round: 38		accuracy = 0.6591304540634155
Training round: 39		accuracy = 0.6643478274345398
Training round: 40		accuracy = 0.6600000262260437
Training round: 41		accuracy = 0.6681159138679504
Training round: 42		accuracy = 0.6666666865348816
Training round: 43		accuracy = 0.6689854860305786
Training round: 44		accuracy = 0.6692753434181213
Training round: 45		accuracy = 0.667246401309967
Training round: 46		accuracy = 0.6608695387840271
Training round: 47		accuracy = 0.670724630355835
Training round: 48		accuracy = 0.6681159138679504
Training round: 49		accuracy = 0.6605796813964844
Training round: 50		accuracy = 0.6684057712554932
Training round: 51		accuracy = 0.6611593961715698
Training round: 52		accuracy = 0.6698550581932068
Training round: 53		accuracy = 0.665217399597168
Training round: 54		accuracy = 0.6710144877433777
Training round: 55		accuracy = 0.6698550581932068
Training round: 56		accuracy = 0.670724630355835
Training round: 57		accuracy = 0.6715942025184631
Training round: 58		accuracy = 0.665217399597168
Training round: 59		accuracy = 0.6655072569847107
Training round: 60		accuracy = 0.665217399597168
Training round: 61		accuracy = 0.6701449155807495
Training round: 62		accuracy = 0.6715942025184631
Training round: 63		accuracy = 0.6718840599060059
Training round: 64		accuracy = 0.6747826337814331
Training round: 65		accuracy = 0.6747826337814331
Training round: 66		accuracy = 0.672753632068634
Training round: 67		accuracy = 0.6750724911689758
Training round: 68		accuracy = 0.6739130616188049
Training round: 69		accuracy = 0.6736232042312622
Training round: 70		accuracy = 0.6768115758895874
Training round: 71		accuracy = 0.681449294090271
Training round: 72		accuracy = 0.6756521463394165
Training round: 73		accuracy = 0.678260862827301
Training round: 74		accuracy = 0.6788405776023865
Training round: 75		accuracy = 0.6811594367027283
Training round: 76		accuracy = 0.6753623485565186
Training round: 77		accuracy = 0.6771014332771301
Training round: 78		accuracy = 0.6811594367027283
Training round: 79		accuracy = 0.678260862827301
Training round: 80		accuracy = 0.6785507202148438
Training round: 81		accuracy = 0.6823188662528992
Training round: 82		accuracy = 0.6849275231361389
Training round: 83		accuracy = 0.6785507202148438
Training round: 84		accuracy = 0.6846376657485962
Training round: 85		accuracy = 0.6785507202148438
Training round: 86		accuracy = 0.6785507202148438
Training round: 87		accuracy = 0.6866666674613953
Training round: 88		accuracy = 0.6834782361984253
Training round: 89		accuracy = 0.6831883788108826
Training round: 90		accuracy = 0.6866666674613953
Training round: 91		accuracy = 0.6866666674613953
Training round: 92		accuracy = 0.6872463822364807
Training round: 93		accuracy = 0.6866666674613953
Training round: 94		accuracy = 0.6863768100738525
Training round: 95		accuracy = 0.6857970952987671
Training round: 96		accuracy = 0.6855072379112244
Training round: 97		accuracy = 0.686956524848938
Training round: 98		accuracy = 0.6889855265617371
Training round: 99		accuracy = 0.6866666674613953
Training round: 100		accuracy = 0.6889855265617371
Training duration 4992.369972229004
