2021-08-11 04:59:01.675413: I tensorflow/stream_executor/platform/default/dso_loader.cc:49] Successfully opened dynamic library libcudart.so.11.0
2021-08-11 04:59:10.447999: I tensorflow/compiler/jit/xla_cpu_device.cc:41] Not creating XLA devices, tf_xla_enable_xla_devices not set
2021-08-11 04:59:10.450173: I tensorflow/stream_executor/platform/default/dso_loader.cc:49] Successfully opened dynamic library libcuda.so.1
2021-08-11 04:59:10.525430: I tensorflow/core/common_runtime/gpu/gpu_device.cc:1720] Found device 0 with properties: 
pciBusID: 0000:1c:00.0 name: Tesla V100-SXM2-16GB computeCapability: 7.0
coreClock: 1.53GHz coreCount: 80 deviceMemorySize: 15.78GiB deviceMemoryBandwidth: 836.37GiB/s
2021-08-11 04:59:10.525486: I tensorflow/stream_executor/platform/default/dso_loader.cc:49] Successfully opened dynamic library libcudart.so.11.0
2021-08-11 04:59:10.532123: I tensorflow/stream_executor/platform/default/dso_loader.cc:49] Successfully opened dynamic library libcublas.so.11
2021-08-11 04:59:10.532214: I tensorflow/stream_executor/platform/default/dso_loader.cc:49] Successfully opened dynamic library libcublasLt.so.11
2021-08-11 04:59:10.535940: I tensorflow/stream_executor/platform/default/dso_loader.cc:49] Successfully opened dynamic library libcufft.so.10
2021-08-11 04:59:10.537356: I tensorflow/stream_executor/platform/default/dso_loader.cc:49] Successfully opened dynamic library libcurand.so.10
2021-08-11 04:59:10.544427: I tensorflow/stream_executor/platform/default/dso_loader.cc:49] Successfully opened dynamic library libcusolver.so.10
2021-08-11 04:59:10.546041: I tensorflow/stream_executor/platform/default/dso_loader.cc:49] Successfully opened dynamic library libcusparse.so.11
2021-08-11 04:59:10.546420: I tensorflow/stream_executor/platform/default/dso_loader.cc:49] Successfully opened dynamic library libcudnn.so.8
2021-08-11 04:59:10.548735: I tensorflow/core/common_runtime/gpu/gpu_device.cc:1862] Adding visible gpu devices: 0
2021-08-11 04:59:10.549505: I tensorflow/core/platform/cpu_feature_guard.cc:142] This TensorFlow binary is optimized with oneAPI Deep Neural Network Library (oneDNN) to use the following CPU instructions in performance-critical operations:  AVX2 AVX512F FMA
To enable them in other operations, rebuild TensorFlow with the appropriate compiler flags.
2021-08-11 04:59:10.549844: I tensorflow/compiler/jit/xla_gpu_device.cc:99] Not creating XLA devices, tf_xla_enable_xla_devices not set
2021-08-11 04:59:10.551274: I tensorflow/core/common_runtime/gpu/gpu_device.cc:1720] Found device 0 with properties: 
pciBusID: 0000:1c:00.0 name: Tesla V100-SXM2-16GB computeCapability: 7.0
coreClock: 1.53GHz coreCount: 80 deviceMemorySize: 15.78GiB deviceMemoryBandwidth: 836.37GiB/s
2021-08-11 04:59:10.551308: I tensorflow/stream_executor/platform/default/dso_loader.cc:49] Successfully opened dynamic library libcudart.so.11.0
2021-08-11 04:59:10.551328: I tensorflow/stream_executor/platform/default/dso_loader.cc:49] Successfully opened dynamic library libcublas.so.11
2021-08-11 04:59:10.551343: I tensorflow/stream_executor/platform/default/dso_loader.cc:49] Successfully opened dynamic library libcublasLt.so.11
2021-08-11 04:59:10.551358: I tensorflow/stream_executor/platform/default/dso_loader.cc:49] Successfully opened dynamic library libcufft.so.10
2021-08-11 04:59:10.551373: I tensorflow/stream_executor/platform/default/dso_loader.cc:49] Successfully opened dynamic library libcurand.so.10
2021-08-11 04:59:10.551388: I tensorflow/stream_executor/platform/default/dso_loader.cc:49] Successfully opened dynamic library libcusolver.so.10
2021-08-11 04:59:10.551403: I tensorflow/stream_executor/platform/default/dso_loader.cc:49] Successfully opened dynamic library libcusparse.so.11
2021-08-11 04:59:10.551418: I tensorflow/stream_executor/platform/default/dso_loader.cc:49] Successfully opened dynamic library libcudnn.so.8
2021-08-11 04:59:10.592654: I tensorflow/core/common_runtime/gpu/gpu_device.cc:1862] Adding visible gpu devices: 0
2021-08-11 04:59:10.592793: I tensorflow/stream_executor/platform/default/dso_loader.cc:49] Successfully opened dynamic library libcudart.so.11.0
2021-08-11 04:59:11.787071: I tensorflow/core/common_runtime/gpu/gpu_device.cc:1261] Device interconnect StreamExecutor with strength 1 edge matrix:
2021-08-11 04:59:11.787143: I tensorflow/core/common_runtime/gpu/gpu_device.cc:1267]      0 
2021-08-11 04:59:11.787156: I tensorflow/core/common_runtime/gpu/gpu_device.cc:1280] 0:   N 
2021-08-11 04:59:11.789717: I tensorflow/core/common_runtime/gpu/gpu_device.cc:1406] Created TensorFlow device (/job:localhost/replica:0/task:0/device:GPU:0 with 14761 MB memory) -> physical GPU (device: 0, name: Tesla V100-SXM2-16GB, pci bus id: 0000:1c:00.0, compute capability: 7.0)
2021-08-11 04:59:12.489302: I tensorflow/compiler/mlir/mlir_graph_optimization_pass.cc:116] None of the MLIR optimization passes are enabled (registered 2)
2021-08-11 04:59:12.489974: I tensorflow/core/platform/profile_utils/cpu_utils.cc:112] CPU Frequency: 2400000000 Hz
2021-08-11 04:59:12.933973: I tensorflow/stream_executor/platform/default/dso_loader.cc:49] Successfully opened dynamic library libcublas.so.11
2021-08-11 04:59:13.638896: I tensorflow/stream_executor/platform/default/dso_loader.cc:49] Successfully opened dynamic library libcublasLt.so.11
2021-08-11 04:59:13.643171: I tensorflow/stream_executor/platform/default/dso_loader.cc:49] Successfully opened dynamic library libcudnn.so.8
2021-08-11 04:59:16.463313: W tensorflow/stream_executor/gpu/asm_compiler.cc:63] Running ptxas --version returned 256
2021-08-11 04:59:16.585100: W tensorflow/stream_executor/gpu/redzone_allocator.cc:314] Internal: ptxas exited with non-zero error code 256, output: 
Relying on driver to perform ptx compilation. 
Modify $PATH to customize ptxas location.
This message will be only logged once.
Training round: 1		accuracy = 0.10719999670982361
Training round: 2		accuracy = 0.10000000149011612
Training round: 3		accuracy = 0.10189999639987946
Training round: 4		accuracy = 0.10000000149011612
Training round: 5		accuracy = 0.10109999775886536
Training round: 6		accuracy = 0.10080000013113022
Training round: 7		accuracy = 0.1404000073671341
Training round: 8		accuracy = 0.14890000224113464
Training round: 9		accuracy = 0.10520000010728836
Training round: 10		accuracy = 0.14749999344348907
Training round: 11		accuracy = 0.11710000038146973
Training round: 12		accuracy = 0.10279999673366547
Training round: 13		accuracy = 0.10369999706745148
Training round: 14		accuracy = 0.10859999805688858
Training round: 15		accuracy = 0.10029999911785126
Training round: 16		accuracy = 0.13570000231266022
Training round: 17		accuracy = 0.1136000007390976
Training round: 18		accuracy = 0.11219999939203262
Training round: 19		accuracy = 0.11699999868869781
Training round: 20		accuracy = 0.15559999644756317
Training round: 21		accuracy = 0.1915999948978424
Training round: 22		accuracy = 0.11089999973773956
Training round: 23		accuracy = 0.13040000200271606
Training round: 24		accuracy = 0.11789999902248383
Training round: 25		accuracy = 0.1949000060558319
Training round: 26		accuracy = 0.11180000007152557
Training round: 27		accuracy = 0.17430000007152557
Training round: 28		accuracy = 0.1607999950647354
Training round: 29		accuracy = 0.22179999947547913
Training round: 30		accuracy = 0.19740000367164612
Training round: 31		accuracy = 0.16140000522136688
Training round: 32		accuracy = 0.1793999969959259
Training round: 33		accuracy = 0.2011999934911728
Training round: 34		accuracy = 0.21480000019073486
Training round: 35		accuracy = 0.17319999635219574
Training round: 36		accuracy = 0.1809999942779541
Training round: 37		accuracy = 0.2328999936580658
Training round: 38		accuracy = 0.2563999891281128
Training round: 39		accuracy = 0.15649999678134918
Training round: 40		accuracy = 0.24719999730587006
Training round: 41		accuracy = 0.2434999942779541
Training round: 42		accuracy = 0.1729000061750412
Training round: 43		accuracy = 0.2395000010728836
Training round: 44		accuracy = 0.2621999979019165
Training round: 45		accuracy = 0.1680999994277954
Training round: 46		accuracy = 0.18619999289512634
Training round: 47		accuracy = 0.2605000138282776
Training round: 48		accuracy = 0.24079999327659607
Training round: 49		accuracy = 0.2599000036716461
Training round: 50		accuracy = 0.2370000034570694
Training round: 51		accuracy = 0.2061000019311905
Training round: 52		accuracy = 0.23680000007152557
Training round: 53		accuracy = 0.16089999675750732
Training round: 54		accuracy = 0.20890000462532043
Training round: 55		accuracy = 0.2572000026702881
Training round: 56		accuracy = 0.2971000075340271
Training round: 57		accuracy = 0.2700999975204468
Training round: 58		accuracy = 0.31200000643730164
Training round: 59		accuracy = 0.2838999927043915
Training round: 60		accuracy = 0.289900004863739
Training round: 61		accuracy = 0.26429998874664307
Training round: 62		accuracy = 0.24230000376701355
Training round: 63		accuracy = 0.24330000579357147
Training round: 64		accuracy = 0.20469999313354492
Training round: 65		accuracy = 0.27970001101493835
Training round: 66		accuracy = 0.28139999508857727
Training round: 67		accuracy = 0.2752000093460083
Training round: 68		accuracy = 0.24950000643730164
Training round: 69		accuracy = 0.24300000071525574
Training round: 70		accuracy = 0.2522999942302704
Training round: 71		accuracy = 0.1808999925851822
Training round: 72		accuracy = 0.23880000412464142
Training round: 73		accuracy = 0.16940000653266907
Training round: 74		accuracy = 0.17170000076293945
Training round: 75		accuracy = 0.20489999651908875
Training round: 76		accuracy = 0.26570001244544983
Training round: 77		accuracy = 0.25999999046325684
Training round: 78		accuracy = 0.29159998893737793
Training round: 79		accuracy = 0.2703999876976013
Training round: 80		accuracy = 0.314300000667572
Training round: 81		accuracy = 0.31049999594688416
Training round: 82		accuracy = 0.27709999680519104
Training round: 83		accuracy = 0.33550000190734863
Training round: 84		accuracy = 0.32440000772476196
Training round: 85		accuracy = 0.25130000710487366
Training round: 86		accuracy = 0.19339999556541443
Training round: 87		accuracy = 0.2498999983072281
Training round: 88		accuracy = 0.26249998807907104
Training round: 89		accuracy = 0.39089998602867126
Training round: 90		accuracy = 0.32919999957084656
Training round: 91		accuracy = 0.31790000200271606
Training round: 92		accuracy = 0.33550000190734863
Training round: 93		accuracy = 0.32589998841285706
Training round: 94		accuracy = 0.3677000105381012
Training round: 95		accuracy = 0.25429999828338623
Training round: 96		accuracy = 0.353300005197525
Training round: 97		accuracy = 0.3653999865055084
Training round: 98		accuracy = 0.30390000343322754
Training round: 99		accuracy = 0.36980000138282776
Training round: 100		accuracy = 0.17710000276565552
Training round: 101		accuracy = 0.18619999289512634
Training round: 102		accuracy = 0.37619999051094055
Training round: 103		accuracy = 0.30630001425743103
Training round: 104		accuracy = 0.3296999931335449
Training round: 105		accuracy = 0.4162999987602234
Training round: 106		accuracy = 0.3578999936580658
Training round: 107		accuracy = 0.3212999999523163
Training round: 108		accuracy = 0.34700000286102295
Training round: 109		accuracy = 0.36899998784065247
Training round: 110		accuracy = 0.32589998841285706
Training round: 111		accuracy = 0.3662000000476837
Training round: 112		accuracy = 0.20649999380111694
Training round: 113		accuracy = 0.35019999742507935
Training round: 114		accuracy = 0.39079999923706055
Training round: 115		accuracy = 0.35839998722076416
Training round: 116		accuracy = 0.2937999963760376
Training round: 117		accuracy = 0.36469998955726624
Training round: 118		accuracy = 0.3856000006198883
Training round: 119		accuracy = 0.39820000529289246
Training round: 120		accuracy = 0.20360000431537628
Training round: 121		accuracy = 0.38850000500679016
Training round: 122		accuracy = 0.3025999963283539
Training round: 123		accuracy = 0.19679999351501465
Training round: 124		accuracy = 0.4113999903202057
Training round: 125		accuracy = 0.2623000144958496
Training round: 126		accuracy = 0.3671000003814697
Training round: 127		accuracy = 0.34599998593330383
Training round: 128		accuracy = 0.3862999975681305
Training round: 129		accuracy = 0.38989999890327454
Training round: 130		accuracy = 0.38609999418258667
Training round: 131		accuracy = 0.41780000925064087
Training round: 132		accuracy = 0.3330000042915344
Training round: 133		accuracy = 0.35109999775886536
Training round: 134		accuracy = 0.20999999344348907
Training round: 135		accuracy = 0.4433000087738037
Training round: 136		accuracy = 0.26820001006126404
Training round: 137		accuracy = 0.22169999778270721
Training round: 138		accuracy = 0.28110000491142273
Training round: 139		accuracy = 0.36809998750686646
Training round: 140		accuracy = 0.43160000443458557
Training round: 141		accuracy = 0.4196000099182129
Training round: 142		accuracy = 0.39489999413490295
Training round: 143		accuracy = 0.26989999413490295
Training round: 144		accuracy = 0.2874999940395355
Training round: 145		accuracy = 0.41940000653266907
Training round: 146		accuracy = 0.42809998989105225
Training round: 147		accuracy = 0.3725999891757965
Training round: 148		accuracy = 0.2797999978065491
Training round: 149		accuracy = 0.41780000925064087
Training round: 150		accuracy = 0.45509999990463257
Training round: 151		accuracy = 0.3887999951839447
Training round: 152		accuracy = 0.44749999046325684
Training round: 153		accuracy = 0.4219000041484833
Training round: 154		accuracy = 0.39340001344680786
Training round: 155		accuracy = 0.39660000801086426
Training round: 156		accuracy = 0.4503999948501587
Training round: 157		accuracy = 0.2906000018119812
Training round: 158		accuracy = 0.2768999934196472
Training round: 159		accuracy = 0.45339998602867126
Training round: 160		accuracy = 0.4194999933242798
Training round: 161		accuracy = 0.47119998931884766
Training round: 162		accuracy = 0.41519999504089355
Training round: 163		accuracy = 0.2363000065088272
Training round: 164		accuracy = 0.28040000796318054
Training round: 165		accuracy = 0.4729999899864197
Training round: 166		accuracy = 0.43560001254081726
Training round: 167		accuracy = 0.3010999858379364
Training round: 168		accuracy = 0.4772999882698059
Training round: 169		accuracy = 0.23659999668598175
Training round: 170		accuracy = 0.448199987411499
Training round: 171		accuracy = 0.41519999504089355
Training round: 172		accuracy = 0.42179998755455017
Training round: 173		accuracy = 0.4284999966621399
Training round: 174		accuracy = 0.4474000036716461
Training round: 175		accuracy = 0.4381999969482422
Training round: 176		accuracy = 0.4059999883174896
Training round: 177		accuracy = 0.27970001101493835
Training round: 178		accuracy = 0.5044000148773193
Training round: 179		accuracy = 0.2854999899864197
Training round: 180		accuracy = 0.42010000348091125
Training round: 181		accuracy = 0.4462999999523163
Training round: 182		accuracy = 0.38040000200271606
Training round: 183		accuracy = 0.43560001254081726
Training round: 184		accuracy = 0.2125999927520752
Training round: 185		accuracy = 0.3723999857902527
Training round: 186		accuracy = 0.4016000032424927
Training round: 187		accuracy = 0.4415000081062317
Training round: 188		accuracy = 0.4242999851703644
Training round: 189		accuracy = 0.41119998693466187
Training round: 190		accuracy = 0.29899999499320984
Training round: 191		accuracy = 0.4408999979496002
Training round: 192		accuracy = 0.4115000069141388
Training round: 193		accuracy = 0.43650001287460327
Training round: 194		accuracy = 0.4487999975681305
Training round: 195		accuracy = 0.45419999957084656
Training round: 196		accuracy = 0.48899999260902405
Training round: 197		accuracy = 0.4745999872684479
Training round: 198		accuracy = 0.4884999990463257
Training round: 199		accuracy = 0.2468000054359436
Training round: 200		accuracy = 0.23829999566078186
Training round: 201		accuracy = 0.4650999903678894
Training round: 202		accuracy = 0.4625999927520752
Training round: 203		accuracy = 0.5067999958992004
Training round: 204		accuracy = 0.48330000042915344
Training round: 205		accuracy = 0.478300005197525
Training round: 206		accuracy = 0.45489999651908875
Training round: 207		accuracy = 0.4611000120639801
Training round: 208		accuracy = 0.5085999965667725
Training round: 209		accuracy = 0.2833999991416931
Training round: 210		accuracy = 0.3059999942779541
Training round: 211		accuracy = 0.4747999906539917
Training round: 212		accuracy = 0.41040000319480896
Training round: 213		accuracy = 0.4832000136375427
Training round: 214		accuracy = 0.421999990940094
Training round: 215		accuracy = 0.49880000948905945
Training round: 216		accuracy = 0.2881999909877777
Training round: 217		accuracy = 0.3086000084877014
Training round: 218		accuracy = 0.4740000069141388
Training round: 219		accuracy = 0.4426000118255615
Training round: 220		accuracy = 0.4677000045776367
Training round: 221		accuracy = 0.461899995803833
Training round: 222		accuracy = 0.48339998722076416
Training round: 223		accuracy = 0.49470001459121704
Training round: 224		accuracy = 0.4885999858379364
Training round: 225		accuracy = 0.4733999967575073
Training round: 226		accuracy = 0.48170000314712524
Training round: 227		accuracy = 0.4803999960422516
Training round: 228		accuracy = 0.4683000147342682
Training round: 229		accuracy = 0.47029998898506165
Training round: 230		accuracy = 0.30790001153945923
Training round: 231		accuracy = 0.302700012922287
Training round: 232		accuracy = 0.44909998774528503
Training round: 233		accuracy = 0.46230000257492065
Training round: 234		accuracy = 0.3287999927997589
Training round: 235		accuracy = 0.5217999815940857
Training round: 236		accuracy = 0.4632999897003174
Training round: 237		accuracy = 0.30300000309944153
Training round: 238		accuracy = 0.3935999870300293
Training round: 239		accuracy = 0.49309998750686646
Training round: 240		accuracy = 0.32330000400543213
Training round: 241		accuracy = 0.5116000175476074
Training round: 242		accuracy = 0.4902999997138977
Training round: 243		accuracy = 0.48660001158714294
Training round: 244		accuracy = 0.5198000073432922
Training round: 245		accuracy = 0.48899999260902405
Training round: 246		accuracy = 0.49959999322891235
Training round: 247		accuracy = 0.5005999803543091
Training round: 248		accuracy = 0.424699991941452
Training round: 249		accuracy = 0.5149999856948853
Training round: 250		accuracy = 0.46959999203681946
Training round: 251		accuracy = 0.49079999327659607
Training round: 252		accuracy = 0.4846999943256378
Training round: 253		accuracy = 0.5105999708175659
Training round: 254		accuracy = 0.33059999346733093
Training round: 255		accuracy = 0.4875999987125397
Training round: 256		accuracy = 0.4595000147819519
Training round: 257		accuracy = 0.47269999980926514
Training round: 258		accuracy = 0.3068000078201294
Training round: 259		accuracy = 0.4661000072956085
Training round: 260		accuracy = 0.5059000253677368
Training round: 261		accuracy = 0.5065000057220459
Training round: 262		accuracy = 0.5084999799728394
Training round: 263		accuracy = 0.521399974822998
Training round: 264		accuracy = 0.3093000054359436
Training round: 265		accuracy = 0.47690001130104065
Training round: 266		accuracy = 0.4909999966621399
Training round: 267		accuracy = 0.45680001378059387
Training round: 268		accuracy = 0.2957000136375427
Training round: 269		accuracy = 0.5410000085830688
Training round: 270		accuracy = 0.5400000214576721
Training round: 271		accuracy = 0.3100000023841858
Training round: 272		accuracy = 0.5318999886512756
Training round: 273		accuracy = 0.5300999879837036
Training round: 274		accuracy = 0.5174999833106995
Training round: 275		accuracy = 0.5166000127792358
Training round: 276		accuracy = 0.3158000111579895
Training round: 277		accuracy = 0.3246999979019165
Training round: 278		accuracy = 0.5149999856948853
Training round: 279		accuracy = 0.48330000042915344
Training round: 280		accuracy = 0.3147999942302704
Training round: 281		accuracy = 0.47440001368522644
Training round: 282		accuracy = 0.4810999929904938
Training round: 283		accuracy = 0.44769999384880066
Training round: 284		accuracy = 0.45910000801086426
Training round: 285		accuracy = 0.47530001401901245
Training round: 286		accuracy = 0.5029000043869019
Training round: 287		accuracy = 0.2939000129699707
Training round: 288		accuracy = 0.29330000281333923
Training round: 289		accuracy = 0.33809998631477356
Training round: 290		accuracy = 0.47279998660087585
Training round: 291		accuracy = 0.5266000032424927
Training round: 292		accuracy = 0.5019999742507935
Training round: 293		accuracy = 0.42329999804496765
Training round: 294		accuracy = 0.49059998989105225
Training round: 295		accuracy = 0.29910001158714294
Training round: 296		accuracy = 0.4230000078678131
Training round: 297		accuracy = 0.32100000977516174
Training round: 298		accuracy = 0.29739999771118164
Training round: 299		accuracy = 0.257999986410141
Training round: 300		accuracy = 0.4343999922275543
Training round: 301		accuracy = 0.2687999904155731
Training round: 302		accuracy = 0.49570000171661377
Training round: 303		accuracy = 0.5205000042915344
Training round: 304		accuracy = 0.5194000005722046
Training round: 305		accuracy = 0.30869999527931213
Training round: 306		accuracy = 0.5357999801635742
Training round: 307		accuracy = 0.5331000089645386
Training round: 308		accuracy = 0.36559998989105225
Training round: 309		accuracy = 0.3246000111103058
Training round: 310		accuracy = 0.3140999972820282
Training round: 311		accuracy = 0.2750000059604645
Training round: 312		accuracy = 0.484499990940094
Training round: 313		accuracy = 0.5131999850273132
Training round: 314		accuracy = 0.47859999537467957
Training round: 315		accuracy = 0.5083000063896179
Training round: 316		accuracy = 0.5024999976158142
Training round: 317		accuracy = 0.5184000134468079
Training round: 318		accuracy = 0.3206000030040741
Training round: 319		accuracy = 0.4611999988555908
Training round: 320		accuracy = 0.4523000121116638
Training round: 321		accuracy = 0.5325999855995178
Training round: 322		accuracy = 0.3522000014781952
Training round: 323		accuracy = 0.48969998955726624
Training round: 324		accuracy = 0.33480000495910645
Training round: 325		accuracy = 0.5072000026702881
Training round: 326		accuracy = 0.5235999822616577
Training round: 327		accuracy = 0.28700000047683716
Training round: 328		accuracy = 0.5216000080108643
Training round: 329		accuracy = 0.5037000179290771
Training round: 330		accuracy = 0.2522999942302704
Training round: 331		accuracy = 0.49380001425743103
Training round: 332		accuracy = 0.36250001192092896
Training round: 333		accuracy = 0.534500002861023
Training round: 334		accuracy = 0.569100022315979
Training round: 335		accuracy = 0.5324000120162964
Training round: 336		accuracy = 0.335999995470047
Training round: 337		accuracy = 0.5641999840736389
Training round: 338		accuracy = 0.5566999912261963
Training round: 339		accuracy = 0.541700005531311
Training round: 340		accuracy = 0.5324000120162964
Training round: 341		accuracy = 0.5404999852180481
Training round: 342		accuracy = 0.5126000046730042
Training round: 343		accuracy = 0.5444999933242798
Training round: 344		accuracy = 0.3463999927043915
Training round: 345		accuracy = 0.5112000107765198
Training round: 346		accuracy = 0.5651999711990356
Training round: 347		accuracy = 0.5613999962806702
Training round: 348		accuracy = 0.3359000086784363
Training round: 349		accuracy = 0.5767999887466431
Training round: 350		accuracy = 0.5228000283241272
Training round: 351		accuracy = 0.5462999939918518
Training round: 352		accuracy = 0.5393000245094299
Training round: 353		accuracy = 0.34389999508857727
Training round: 354		accuracy = 0.567799985408783
Training round: 355		accuracy = 0.4745999872684479
Training round: 356		accuracy = 0.48260000348091125
Training round: 357		accuracy = 0.517799973487854
Training round: 358		accuracy = 0.5414000153541565
Training round: 359		accuracy = 0.5160999894142151
Training round: 360		accuracy = 0.5365999937057495
Training round: 361		accuracy = 0.5169000029563904
Training round: 362		accuracy = 0.5738999843597412
Training round: 363		accuracy = 0.3483999967575073
Training round: 364		accuracy = 0.5654000043869019
Training round: 365		accuracy = 0.5357999801635742
Training round: 366		accuracy = 0.5271999835968018
Training round: 367		accuracy = 0.4918999969959259
Training round: 368		accuracy = 0.4740000069141388
Training round: 369		accuracy = 0.2768999934196472
Training round: 370		accuracy = 0.26840001344680786
Training round: 371		accuracy = 0.498199999332428
Training round: 372		accuracy = 0.5196999907493591
Training round: 373		accuracy = 0.5299999713897705
Training round: 374		accuracy = 0.5485000014305115
Training round: 375		accuracy = 0.5228000283241272
Training round: 376		accuracy = 0.570900022983551
Training round: 377		accuracy = 0.5383999943733215
Training round: 378		accuracy = 0.5339999794960022
Training round: 379		accuracy = 0.5397999882698059
Training round: 380		accuracy = 0.5253999829292297
Training round: 381		accuracy = 0.5094000101089478
Training round: 382		accuracy = 0.5548999905586243
Training round: 383		accuracy = 0.5662999749183655
Training round: 384		accuracy = 0.57669997215271
Training round: 385		accuracy = 0.5293999910354614
Training round: 386		accuracy = 0.5615000128746033
Training round: 387		accuracy = 0.5401999950408936
Training round: 388		accuracy = 0.542900025844574
Training round: 389		accuracy = 0.5619000196456909
Training round: 390		accuracy = 0.5435000061988831
Training round: 391		accuracy = 0.5311999917030334
Training round: 392		accuracy = 0.5705000162124634
Training round: 393		accuracy = 0.5457000136375427
Training round: 394		accuracy = 0.2915000021457672
Training round: 395		accuracy = 0.5320000052452087
Training round: 396		accuracy = 0.32190001010894775
Training round: 397		accuracy = 0.30230000615119934
Training round: 398		accuracy = 0.5536999702453613
Training round: 399		accuracy = 0.38659998774528503
Training round: 400		accuracy = 0.5475000143051147
Training round: 401		accuracy = 0.414000004529953
Training round: 402		accuracy = 0.5629000067710876
Training round: 403		accuracy = 0.5530999898910522
Training round: 404		accuracy = 0.5856999754905701
Training round: 405		accuracy = 0.30480000376701355
Training round: 406		accuracy = 0.3359000086784363
Training round: 407		accuracy = 0.5559999942779541
Training round: 408		accuracy = 0.5320000052452087
Training round: 409		accuracy = 0.4805999994277954
Training round: 410		accuracy = 0.5049999952316284
Training round: 411		accuracy = 0.3937999904155731
Training round: 412		accuracy = 0.28769999742507935
Training round: 413		accuracy = 0.5577999949455261
Training round: 414		accuracy = 0.40709999203681946
Training round: 415		accuracy = 0.27790001034736633
Training round: 416		accuracy = 0.4927999973297119
Training round: 417		accuracy = 0.2493000030517578
Training round: 418		accuracy = 0.5605999827384949
Training round: 419		accuracy = 0.5465999841690063
Training round: 420		accuracy = 0.571399986743927
Training round: 421		accuracy = 0.5667999982833862
Training round: 422		accuracy = 0.536300003528595
Training round: 423		accuracy = 0.5637000203132629
Training round: 424		accuracy = 0.4138000011444092
Training round: 425		accuracy = 0.5364000201225281
Training round: 426		accuracy = 0.5845000147819519
Training round: 427		accuracy = 0.5591999888420105
Training round: 428		accuracy = 0.35679998993873596
Training round: 429		accuracy = 0.328000009059906
Training round: 430		accuracy = 0.5374000072479248
Training round: 431		accuracy = 0.5676000118255615
Training round: 432		accuracy = 0.365200012922287
Training round: 433		accuracy = 0.566100001335144
Training round: 434		accuracy = 0.5056999921798706
Training round: 435		accuracy = 0.5080999732017517
Training round: 436		accuracy = 0.5242000222206116
Training round: 437		accuracy = 0.4560000002384186
Training round: 438		accuracy = 0.5569000244140625
Training round: 439		accuracy = 0.557699978351593
Training round: 440		accuracy = 0.5464000105857849
Training round: 441		accuracy = 0.508400022983551
Training round: 442		accuracy = 0.5586000084877014
Training round: 443		accuracy = 0.5679000020027161
Training round: 444		accuracy = 0.5170000195503235
Training round: 445		accuracy = 0.5515999794006348
Training round: 446		accuracy = 0.5432999730110168
Training round: 447		accuracy = 0.3043999969959259
Training round: 448		accuracy = 0.5552999973297119
Training round: 449		accuracy = 0.5615000128746033
Training round: 450		accuracy = 0.3061000108718872
Training round: 451		accuracy = 0.5634999871253967
Training round: 452		accuracy = 0.5652999877929688
Training round: 453		accuracy = 0.5713000297546387
Training round: 454		accuracy = 0.5853999853134155
Training round: 455		accuracy = 0.3075000047683716
Training round: 456		accuracy = 0.5669999718666077
Training round: 457		accuracy = 0.42980000376701355
Training round: 458		accuracy = 0.5446000099182129
Training round: 459		accuracy = 0.5864999890327454
Training round: 460		accuracy = 0.3544999957084656
Training round: 461		accuracy = 0.5674999952316284
Training round: 462		accuracy = 0.5472000241279602
Training round: 463		accuracy = 0.36980000138282776
Training round: 464		accuracy = 0.5580000281333923
Training round: 465		accuracy = 0.4023999869823456
Training round: 466		accuracy = 0.5752000212669373
Training round: 467		accuracy = 0.5182999968528748
Training round: 468		accuracy = 0.5699999928474426
Training round: 469		accuracy = 0.5515000224113464
Training round: 470		accuracy = 0.566100001335144
Training round: 471		accuracy = 0.5881999731063843
Training round: 472		accuracy = 0.5936999917030334
Training round: 473		accuracy = 0.5569000244140625
Training round: 474		accuracy = 0.5612999796867371
Training round: 475		accuracy = 0.5845000147819519
Training round: 476		accuracy = 0.5895000100135803
Training round: 477		accuracy = 0.5625
Training round: 478		accuracy = 0.5813999772071838
Training round: 479		accuracy = 0.3262999951839447
Training round: 480		accuracy = 0.33880001306533813
Training round: 481		accuracy = 0.551800012588501
Training round: 482		accuracy = 0.5615000128746033
Training round: 483		accuracy = 0.5708000063896179
Training round: 484		accuracy = 0.5964999794960022
Training round: 485		accuracy = 0.5483999848365784
Training round: 486		accuracy = 0.2777000069618225
Training round: 487		accuracy = 0.5644999742507935
Training round: 488		accuracy = 0.5651000142097473
Training round: 489		accuracy = 0.5799000263214111
Training round: 490		accuracy = 0.5297999978065491
Training round: 491		accuracy = 0.5299999713897705
Training round: 492		accuracy = 0.565500020980835
Training round: 493		accuracy = 0.5550000071525574
Training round: 494		accuracy = 0.532800018787384
Training round: 495		accuracy = 0.39259999990463257
Training round: 496		accuracy = 0.5950999855995178
Training round: 497		accuracy = 0.5856000185012817
Training round: 498		accuracy = 0.5760999917984009
Training round: 499		accuracy = 0.4993000030517578
Training round: 500		accuracy = 0.5735999941825867
Training round: 501		accuracy = 0.5724999904632568
Training round: 502		accuracy = 0.599399983882904
Training round: 503		accuracy = 0.5777999758720398
Training round: 504		accuracy = 0.5938000082969666
Training round: 505		accuracy = 0.5705000162124634
Training round: 506		accuracy = 0.6107000112533569
Training round: 507		accuracy = 0.5460000038146973
Training round: 508		accuracy = 0.5425000190734863
Training round: 509		accuracy = 0.3610999882221222
Training round: 510		accuracy = 0.5257999897003174
Training round: 511		accuracy = 0.5878000259399414
Training round: 512		accuracy = 0.5792999863624573
Training round: 513		accuracy = 0.5769000053405762
Training round: 514		accuracy = 0.5662999749183655
Training round: 515		accuracy = 0.5145999789237976
Training round: 516		accuracy = 0.5782999992370605
Training round: 517		accuracy = 0.36480000615119934
Training round: 518		accuracy = 0.6031000018119812
Training round: 519		accuracy = 0.527899980545044
Training round: 520		accuracy = 0.3790999948978424
Training round: 521		accuracy = 0.5163000226020813
Training round: 522		accuracy = 0.5936999917030334
Training round: 523		accuracy = 0.3919000029563904
Training round: 524		accuracy = 0.5220999717712402
Training round: 525		accuracy = 0.4431999921798706
Training round: 526		accuracy = 0.6043999791145325
Training round: 527		accuracy = 0.5547999739646912
Training round: 528		accuracy = 0.44110000133514404
Training round: 529		accuracy = 0.5532000064849854
Training round: 530		accuracy = 0.5490999817848206
Training round: 531		accuracy = 0.5799000263214111
Training round: 532		accuracy = 0.42480000853538513
Training round: 533		accuracy = 0.36570000648498535
Training round: 534		accuracy = 0.5687999725341797
Training round: 535		accuracy = 0.5702000260353088
Training round: 536		accuracy = 0.5309000015258789
Training round: 537		accuracy = 0.5817999839782715
Training round: 538		accuracy = 0.5735999941825867
Training round: 539		accuracy = 0.5992000102996826
Training round: 540		accuracy = 0.6025999784469604
Training round: 541		accuracy = 0.34450000524520874
Training round: 542		accuracy = 0.5802000164985657
Training round: 543		accuracy = 0.59170001745224
Training round: 544		accuracy = 0.564300000667572
Training round: 545		accuracy = 0.5767999887466431
Training round: 546		accuracy = 0.5759999752044678
Training round: 547		accuracy = 0.45730000734329224
Training round: 548		accuracy = 0.43790000677108765
Training round: 549		accuracy = 0.5911999940872192
Training round: 550		accuracy = 0.5954999923706055
Training round: 551		accuracy = 0.5889000296592712
Training round: 552		accuracy = 0.5821999907493591
Training round: 553		accuracy = 0.4629000127315521
Training round: 554		accuracy = 0.5464000105857849
Training round: 555		accuracy = 0.42089998722076416
Training round: 556		accuracy = 0.5706999897956848
Training round: 557		accuracy = 0.6013000011444092
Training round: 558		accuracy = 0.5806999802589417
Training round: 559		accuracy = 0.5965999960899353
Training round: 560		accuracy = 0.47699999809265137
Training round: 561		accuracy = 0.5892999768257141
Training round: 562		accuracy = 0.5680000185966492
Training round: 563		accuracy = 0.4602000117301941
Training round: 564		accuracy = 0.5446000099182129
Training round: 565		accuracy = 0.5676000118255615
Training round: 566		accuracy = 0.5289999842643738
Training round: 567		accuracy = 0.3037000000476837
Training round: 568		accuracy = 0.5882999897003174
Training round: 569		accuracy = 0.5946000218391418
Training round: 570		accuracy = 0.36660000681877136
Training round: 571		accuracy = 0.5848000049591064
Training round: 572		accuracy = 0.5259000062942505
Training round: 573		accuracy = 0.5532000064849854
Training round: 574		accuracy = 0.5618000030517578
Training round: 575		accuracy = 0.49239999055862427
Training round: 576		accuracy = 0.5964999794960022
Training round: 577		accuracy = 0.5866000056266785
Training round: 578		accuracy = 0.6128000020980835
Training round: 579		accuracy = 0.5742999911308289
Training round: 580		accuracy = 0.5396999716758728
Training round: 581		accuracy = 0.5756999850273132
Training round: 582		accuracy = 0.37389999628067017
Training round: 583		accuracy = 0.586899995803833
Training round: 584		accuracy = 0.44510000944137573
Training round: 585		accuracy = 0.35199999809265137
Training round: 586		accuracy = 0.6141999959945679
Training round: 587		accuracy = 0.5878000259399414
Training round: 588		accuracy = 0.5853999853134155
Training round: 589		accuracy = 0.598800003528595
Training round: 590		accuracy = 0.5867000222206116
Training round: 591		accuracy = 0.400299996137619
Training round: 592		accuracy = 0.5996999740600586
Training round: 593		accuracy = 0.5853000283241272
Training round: 594		accuracy = 0.30379998683929443
Training round: 595		accuracy = 0.5238999724388123
Training round: 596		accuracy = 0.544700026512146
Training round: 597		accuracy = 0.5972999930381775
Training round: 598		accuracy = 0.5788000226020813
Training round: 599		accuracy = 0.550599992275238
Training round: 600		accuracy = 0.5616000294685364
Training round: 601		accuracy = 0.5881999731063843
Training round: 602		accuracy = 0.550000011920929
Training round: 603		accuracy = 0.5961999893188477
Training round: 604		accuracy = 0.5773000121116638
Training round: 605		accuracy = 0.5669999718666077
Training round: 606		accuracy = 0.5640000104904175
Training round: 607		accuracy = 0.5794000029563904
Training round: 608		accuracy = 0.5439000129699707
Training round: 609		accuracy = 0.5931000113487244
Training round: 610		accuracy = 0.6049000024795532
Training round: 611		accuracy = 0.5795000195503235
Training round: 612		accuracy = 0.5835999846458435
Training round: 613		accuracy = 0.5879999995231628
Training round: 614		accuracy = 0.5967000126838684
Training round: 615		accuracy = 0.3594000041484833
Training round: 616		accuracy = 0.604200005531311
Training round: 617		accuracy = 0.6031000018119812
Training round: 618		accuracy = 0.4388999938964844
Training round: 619		accuracy = 0.37279999256134033
Training round: 620		accuracy = 0.4465999901294708
Training round: 621		accuracy = 0.5985000133514404
Training round: 622		accuracy = 0.6072999835014343
Training round: 623		accuracy = 0.6103000044822693
Training round: 624		accuracy = 0.3292999863624573
Training round: 625		accuracy = 0.6097999811172485
Training round: 626		accuracy = 0.5989000201225281
Training round: 627		accuracy = 0.574400007724762
Training round: 628		accuracy = 0.6140999794006348
Training round: 629		accuracy = 0.4577000141143799
Training round: 630		accuracy = 0.5568000078201294
Training round: 631		accuracy = 0.43459999561309814
Training round: 632		accuracy = 0.620199978351593
Training round: 633		accuracy = 0.4032000005245209
Training round: 634		accuracy = 0.4422000050544739
Training round: 635		accuracy = 0.6162999868392944
Training round: 636		accuracy = 0.5928999781608582
Training round: 637		accuracy = 0.6179999709129333
Training round: 638		accuracy = 0.5976999998092651
Training round: 639		accuracy = 0.6074000000953674
Training round: 640		accuracy = 0.5716999769210815
Training round: 641		accuracy = 0.5996000170707703
Training round: 642		accuracy = 0.5728999972343445
Training round: 643		accuracy = 0.5870000123977661
Training round: 644		accuracy = 0.593999981880188
Training round: 645		accuracy = 0.6129999756813049
Training round: 646		accuracy = 0.6069999933242798
Training round: 647		accuracy = 0.6032999753952026
Training round: 648		accuracy = 0.6028000116348267
Training round: 649		accuracy = 0.5964999794960022
Training round: 650		accuracy = 0.6067000031471252
Training round: 651		accuracy = 0.6172000169754028
Training round: 652		accuracy = 0.5899999737739563
Training round: 653		accuracy = 0.626800000667572
Training round: 654		accuracy = 0.6157000064849854
Training round: 655		accuracy = 0.5727999806404114
Training round: 656		accuracy = 0.6281999945640564
Training round: 657		accuracy = 0.6093999743461609
Training round: 658		accuracy = 0.614300012588501
Training round: 659		accuracy = 0.607200026512146
Training round: 660		accuracy = 0.5990999937057495
Training round: 661		accuracy = 0.5742999911308289
Training round: 662		accuracy = 0.5386000275611877
Training round: 663		accuracy = 0.5508000254631042
Training round: 664		accuracy = 0.35910001397132874
Training round: 665		accuracy = 0.6086999773979187
Training round: 666		accuracy = 0.3391999900341034
Training round: 667		accuracy = 0.5681999921798706
Training round: 668		accuracy = 0.6176000237464905
Training round: 669		accuracy = 0.3555999994277954
Training round: 670		accuracy = 0.34850001335144043
Training round: 671		accuracy = 0.6098999977111816
Training round: 672		accuracy = 0.3637999892234802
Training round: 673		accuracy = 0.5447999835014343
Training round: 674		accuracy = 0.5350000262260437
Training round: 675		accuracy = 0.5809000134468079
Training round: 676		accuracy = 0.3668000102043152
Training round: 677		accuracy = 0.5986999869346619
Training round: 678		accuracy = 0.6068999767303467
Training round: 679		accuracy = 0.6223000288009644
Training round: 680		accuracy = 0.5906000137329102
Training round: 681		accuracy = 0.6148999929428101
Training round: 682		accuracy = 0.6413999795913696
Training round: 683		accuracy = 0.6126999855041504
Training round: 684		accuracy = 0.5910000205039978
Training round: 685		accuracy = 0.5842999815940857
Training round: 686		accuracy = 0.5902000069618225
Training round: 687		accuracy = 0.6044999957084656
Training round: 688		accuracy = 0.6065999865531921
Training round: 689		accuracy = 0.60589998960495
Training round: 690		accuracy = 0.5877000093460083
Training round: 691		accuracy = 0.35830000042915344
Training round: 692		accuracy = 0.39160001277923584
Training round: 693		accuracy = 0.5958999991416931
Training round: 694		accuracy = 0.5972999930381775
Training round: 695		accuracy = 0.6111000180244446
Training round: 696		accuracy = 0.597000002861023
Training round: 697		accuracy = 0.5834000110626221
Training round: 698		accuracy = 0.6223999857902527
Training round: 699		accuracy = 0.6144000291824341
Training round: 700		accuracy = 0.6115000247955322
Training round: 701		accuracy = 0.4374000132083893
Training round: 702		accuracy = 0.6317999958992004
Training round: 703		accuracy = 0.38350000977516174
Training round: 704		accuracy = 0.60589998960495
Training round: 705		accuracy = 0.612500011920929
Training round: 706		accuracy = 0.6164000034332275
Training round: 707		accuracy = 0.6344000101089478
Training round: 708		accuracy = 0.570900022983551
Training round: 709		accuracy = 0.6087999939918518
Training round: 710		accuracy = 0.5995000004768372
Training round: 711		accuracy = 0.5450999736785889
Training round: 712		accuracy = 0.6098999977111816
Training round: 713		accuracy = 0.6169999837875366
Training round: 714		accuracy = 0.6025999784469604
Training round: 715		accuracy = 0.6150000095367432
Training round: 716		accuracy = 0.5964999794960022
Training round: 717		accuracy = 0.41449999809265137
Training round: 718		accuracy = 0.3167000114917755
Training round: 719		accuracy = 0.614799976348877
Training round: 720		accuracy = 0.5932000279426575
Training round: 721		accuracy = 0.6144999861717224
Training round: 722		accuracy = 0.3594000041484833
Training round: 723		accuracy = 0.4499000012874603
Training round: 724		accuracy = 0.38999998569488525
Training round: 725		accuracy = 0.6050999760627747
Training round: 726		accuracy = 0.4690000116825104
Training round: 727		accuracy = 0.6025000214576721
Training round: 728		accuracy = 0.6157000064849854
Training round: 729		accuracy = 0.6301000118255615
Training round: 730		accuracy = 0.6141999959945679
Training round: 731		accuracy = 0.542900025844574
Training round: 732		accuracy = 0.5846999883651733
Training round: 733		accuracy = 0.6025999784469604
Training round: 734		accuracy = 0.3955000042915344
Training round: 735		accuracy = 0.6068999767303467
Training round: 736		accuracy = 0.6003999710083008
Training round: 737		accuracy = 0.6104999780654907
Training round: 738		accuracy = 0.5819000005722046
Training round: 739		accuracy = 0.5554999709129333
Training round: 740		accuracy = 0.5924999713897705
Training round: 741		accuracy = 0.5436999797821045
Training round: 742		accuracy = 0.6000000238418579
Training round: 743		accuracy = 0.6104000210762024
Training round: 744		accuracy = 0.6252999901771545
Training round: 745		accuracy = 0.6137999892234802
Training round: 746		accuracy = 0.5940999984741211
Training round: 747		accuracy = 0.6068999767303467
Training round: 748		accuracy = 0.5713000297546387
Training round: 749		accuracy = 0.6062999963760376
Training round: 750		accuracy = 0.616599977016449
Training round: 751		accuracy = 0.6344000101089478
Training round: 752		accuracy = 0.5938000082969666
Training round: 753		accuracy = 0.6126999855041504
Training round: 754		accuracy = 0.3862000107765198
Training round: 755		accuracy = 0.3935999870300293
Training round: 756		accuracy = 0.5767999887466431
Training round: 757		accuracy = 0.6341000199317932
Training round: 758		accuracy = 0.6159999966621399
Training round: 759		accuracy = 0.6261000037193298
Training round: 760		accuracy = 0.6263999938964844
Training round: 761		accuracy = 0.6334999799728394
Training round: 762		accuracy = 0.63919997215271
Training round: 763		accuracy = 0.6025999784469604
Training round: 764		accuracy = 0.580299973487854
Training round: 765		accuracy = 0.6208999752998352
Training round: 766		accuracy = 0.5885000228881836
Training round: 767		accuracy = 0.6089000105857849
Training round: 768		accuracy = 0.6205000281333923
Training round: 769		accuracy = 0.6047999858856201
Training round: 770		accuracy = 0.6363999843597412
Training round: 771		accuracy = 0.39959999918937683
Training round: 772		accuracy = 0.6202999949455261
Training round: 773		accuracy = 0.6335999965667725
Training round: 774		accuracy = 0.6155999898910522
Training round: 775		accuracy = 0.6093999743461609
Training round: 776		accuracy = 0.6057000160217285
Training round: 777		accuracy = 0.6276000142097473
Training round: 778		accuracy = 0.391400009393692
Training round: 779		accuracy = 0.39430001378059387
Training round: 780		accuracy = 0.6021999716758728
Training round: 781		accuracy = 0.6168000102043152
Training round: 782		accuracy = 0.6230000257492065
Training round: 783		accuracy = 0.5938000082969666
Training round: 784		accuracy = 0.6477000117301941
Training round: 785		accuracy = 0.6057000160217285
Training round: 786		accuracy = 0.4410000145435333
Training round: 787		accuracy = 0.6273999810218811
Training round: 788		accuracy = 0.6223999857902527
Training round: 789		accuracy = 0.6406000256538391
Training round: 790		accuracy = 0.6370000243186951
Training round: 791		accuracy = 0.6295999884605408
Training round: 792		accuracy = 0.5831000208854675
Training round: 793		accuracy = 0.5641000270843506
Training round: 794		accuracy = 0.5756999850273132
Training round: 795		accuracy = 0.5666999816894531
Training round: 796		accuracy = 0.6399000287055969
Training round: 797		accuracy = 0.6245999932289124
Training round: 798		accuracy = 0.5658000111579895
Training round: 799		accuracy = 0.5877000093460083
Training round: 800		accuracy = 0.6208999752998352
Training round: 801		accuracy = 0.6090999841690063
Training round: 802		accuracy = 0.6401000022888184
Training round: 803		accuracy = 0.5681999921798706
Training round: 804		accuracy = 0.5748000144958496
Training round: 805		accuracy = 0.5972999930381775
Training round: 806		accuracy = 0.6363000273704529
Training round: 807		accuracy = 0.48809999227523804
Training round: 808		accuracy = 0.35499998927116394
Training round: 809		accuracy = 0.6121000051498413
Training round: 810		accuracy = 0.5778999924659729
Training round: 811		accuracy = 0.40290001034736633
Training round: 812		accuracy = 0.6060000061988831
Training round: 813		accuracy = 0.6097999811172485
Training round: 814		accuracy = 0.6474000215530396
Training round: 815		accuracy = 0.6222000122070312
Training round: 816		accuracy = 0.6453999876976013
Training round: 817		accuracy = 0.6481000185012817
Training round: 818		accuracy = 0.6517999768257141
Training round: 819		accuracy = 0.6445000171661377
Training round: 820		accuracy = 0.6155999898910522
Training round: 821		accuracy = 0.6132000088691711
Training round: 822		accuracy = 0.6305000185966492
Training round: 823		accuracy = 0.6302000284194946
Training round: 824		accuracy = 0.657800018787384
Training round: 825		accuracy = 0.6288999915122986
Training round: 826		accuracy = 0.6007999777793884
Training round: 827		accuracy = 0.6419000029563904
Training round: 828		accuracy = 0.6320000290870667
Training round: 829		accuracy = 0.5845000147819519
Training round: 830		accuracy = 0.6327999830245972
Training round: 831		accuracy = 0.6148999929428101
Training round: 832		accuracy = 0.642799973487854
Training round: 833		accuracy = 0.6074000000953674
Training round: 834		accuracy = 0.41179999709129333
Training round: 835		accuracy = 0.6377999782562256
Training round: 836		accuracy = 0.5490999817848206
Training round: 837		accuracy = 0.6229000091552734
Training round: 838		accuracy = 0.6050999760627747
Training round: 839		accuracy = 0.4235999882221222
Training round: 840		accuracy = 0.6531000137329102
Training round: 841		accuracy = 0.6467000246047974
Training round: 842		accuracy = 0.6304000020027161
Training round: 843		accuracy = 0.4221000075340271
Training round: 844		accuracy = 0.6276999711990356
Training round: 845		accuracy = 0.6157000064849854
Training round: 846		accuracy = 0.6527000069618225
Training round: 847		accuracy = 0.6085000038146973
Training round: 848		accuracy = 0.6316999793052673
Training round: 849		accuracy = 0.585099995136261
Training round: 850		accuracy = 0.5835000276565552
Training round: 851		accuracy = 0.5690000057220459
Training round: 852		accuracy = 0.5898000001907349
Training round: 853		accuracy = 0.41819998621940613
Training round: 854		accuracy = 0.6137999892234802
Training round: 855		accuracy = 0.6331999897956848
Training round: 856		accuracy = 0.5920000076293945
Training round: 857		accuracy = 0.6409000158309937
Training round: 858		accuracy = 0.3928999900817871
Training round: 859		accuracy = 0.6370999813079834
Training round: 860		accuracy = 0.6450999975204468
Training round: 861		accuracy = 0.6097999811172485
Training round: 862		accuracy = 0.6046000123023987
Training round: 863		accuracy = 0.534500002861023
Training round: 864		accuracy = 0.5950000286102295
Training round: 865		accuracy = 0.5763000249862671
Training round: 866		accuracy = 0.5756999850273132
Training round: 867		accuracy = 0.5827999711036682
Training round: 868		accuracy = 0.5784000158309937
Training round: 869		accuracy = 0.6406999826431274
Training round: 870		accuracy = 0.6247000098228455
Training round: 871		accuracy = 0.47279998660087585
Training round: 872		accuracy = 0.5293999910354614
Training round: 873		accuracy = 0.6026999950408936
Training round: 874		accuracy = 0.6313999891281128
Training round: 875		accuracy = 0.6287000179290771
Training round: 876		accuracy = 0.6276000142097473
Training round: 877		accuracy = 0.6118999719619751
Training round: 878		accuracy = 0.3788999915122986
Training round: 879		accuracy = 0.6432999968528748
Training round: 880		accuracy = 0.60589998960495
Training round: 881		accuracy = 0.41119998693466187
Training round: 882		accuracy = 0.5925999879837036
Training round: 883		accuracy = 0.6287000179290771
Training round: 884		accuracy = 0.6392999887466431
Training round: 885		accuracy = 0.6431999802589417
Training round: 886		accuracy = 0.6294999718666077
Training round: 887		accuracy = 0.6460000276565552
Training round: 888		accuracy = 0.6424000263214111
Training round: 889		accuracy = 0.6322000026702881
Training round: 890		accuracy = 0.6334999799728394
Training round: 891		accuracy = 0.6258999705314636
Training round: 892		accuracy = 0.6068000197410583
Training round: 893		accuracy = 0.6100000143051147
Training round: 894		accuracy = 0.3898000121116638
Training round: 895		accuracy = 0.6395000219345093
Training round: 896		accuracy = 0.6306999921798706
Training round: 897		accuracy = 0.6227999925613403
Training round: 898		accuracy = 0.6140999794006348
Training round: 899		accuracy = 0.5924000144004822
Training round: 900		accuracy = 0.41679999232292175
Training round: 901		accuracy = 0.6310999989509583
Training round: 902		accuracy = 0.6039999723434448
Training round: 903		accuracy = 0.3995000123977661
Training round: 904		accuracy = 0.5932999849319458
Training round: 905		accuracy = 0.6532999873161316
Training round: 906		accuracy = 0.6008999943733215
Training round: 907		accuracy = 0.646399974822998
Training round: 908		accuracy = 0.6399000287055969
Training round: 909		accuracy = 0.6365000009536743
Training round: 910		accuracy = 0.6265000104904175
Training round: 911		accuracy = 0.5953999757766724
Training round: 912		accuracy = 0.6362000107765198
Training round: 913		accuracy = 0.6223000288009644
Training round: 914		accuracy = 0.6248999834060669
Training round: 915		accuracy = 0.3869999945163727
Training round: 916		accuracy = 0.6244000196456909
Training round: 917		accuracy = 0.6521999835968018
Training round: 918		accuracy = 0.637499988079071
Training round: 919		accuracy = 0.6412000060081482
Training round: 920		accuracy = 0.6208999752998352
Training round: 921		accuracy = 0.6175000071525574
Training round: 922		accuracy = 0.6194000244140625
Training round: 923		accuracy = 0.618399977684021
Training round: 924		accuracy = 0.5601000189781189
Training round: 925		accuracy = 0.5931000113487244
Training round: 926		accuracy = 0.5960999727249146
Training round: 927		accuracy = 0.5967000126838684
Training round: 928		accuracy = 0.4832000136375427
Training round: 929		accuracy = 0.6157000064849854
Training round: 930		accuracy = 0.6194000244140625
Training round: 931		accuracy = 0.6029999852180481
Training round: 932		accuracy = 0.4138999879360199
Training round: 933		accuracy = 0.6406999826431274
Training round: 934		accuracy = 0.6417999863624573
Training round: 935		accuracy = 0.6585000157356262
Training round: 936		accuracy = 0.6151000261306763
Training round: 937		accuracy = 0.6561999917030334
Training round: 938		accuracy = 0.49470001459121704
Training round: 939		accuracy = 0.5142999887466431
Training round: 940		accuracy = 0.6396999955177307
Training round: 941		accuracy = 0.6370000243186951
Training round: 942		accuracy = 0.4316999912261963
Training round: 943		accuracy = 0.3698999881744385
Training round: 944		accuracy = 0.6150000095367432
Training round: 945		accuracy = 0.6549999713897705
Training round: 946		accuracy = 0.630299985408783
Training round: 947		accuracy = 0.649399995803833
Training round: 948		accuracy = 0.6200000047683716
Training round: 949		accuracy = 0.6437000036239624
Training round: 950		accuracy = 0.6263999938964844
Training round: 951		accuracy = 0.5752000212669373
Training round: 952		accuracy = 0.5852000117301941
Training round: 953		accuracy = 0.6378999948501587
Training round: 954		accuracy = 0.6107000112533569
Training round: 955		accuracy = 0.6539000272750854
Training round: 956		accuracy = 0.650600016117096
Training round: 957		accuracy = 0.6470999717712402
Training round: 958		accuracy = 0.6028000116348267
Training round: 959		accuracy = 0.6481999754905701
Training round: 960		accuracy = 0.5011000037193298
Training round: 961		accuracy = 0.640500009059906
Training round: 962		accuracy = 0.638700008392334
Training round: 963		accuracy = 0.6547999978065491
Training round: 964		accuracy = 0.5995000004768372
Training round: 965		accuracy = 0.6506999731063843
Training round: 966		accuracy = 0.621999979019165
Training round: 967		accuracy = 0.6496000289916992
Training round: 968		accuracy = 0.6485000252723694
Training round: 969		accuracy = 0.6485999822616577
Training round: 970		accuracy = 0.6347000002861023
Training round: 971		accuracy = 0.6363000273704529
Training round: 972		accuracy = 0.6345000267028809
Training round: 973		accuracy = 0.6586999893188477
Training round: 974		accuracy = 0.6274999976158142
Training round: 975		accuracy = 0.6171000003814697
Training round: 976		accuracy = 0.6503000259399414
Training round: 977		accuracy = 0.6341999769210815
Training round: 978		accuracy = 0.6330999732017517
Training round: 979		accuracy = 0.6541000008583069
Training round: 980		accuracy = 0.6462000012397766
Training round: 981		accuracy = 0.6248000264167786
Training round: 982		accuracy = 0.5105000138282776
Training round: 983		accuracy = 0.6438999772071838
Training round: 984		accuracy = 0.6389999985694885
Training round: 985		accuracy = 0.6182000041007996
Training round: 986		accuracy = 0.6269999742507935
Training round: 987		accuracy = 0.5117999911308289
Training round: 988		accuracy = 0.6541000008583069
Training round: 989		accuracy = 0.6481999754905701
Training round: 990		accuracy = 0.5889999866485596
Training round: 991		accuracy = 0.5698999762535095
Training round: 992		accuracy = 0.595300018787384
Training round: 993		accuracy = 0.5676000118255615
Training round: 994		accuracy = 0.5889000296592712
Training round: 995		accuracy = 0.6577000021934509
Training round: 996		accuracy = 0.6140999794006348
Training round: 997		accuracy = 0.650600016117096
Training round: 998		accuracy = 0.6258000135421753
Training round: 999		accuracy = 0.5205000042915344
Training round: 1000		accuracy = 0.6560999751091003
Training duration 6798.30561375618
