2021-08-22 19:39:30.597242: I tensorflow/stream_executor/platform/default/dso_loader.cc:49] Successfully opened dynamic library libcudart.so.11.0
2021-08-22 19:41:06.980783: I tensorflow/compiler/jit/xla_cpu_device.cc:41] Not creating XLA devices, tf_xla_enable_xla_devices not set
2021-08-22 19:41:07.156006: I tensorflow/stream_executor/platform/default/dso_loader.cc:49] Successfully opened dynamic library libcuda.so.1
2021-08-22 19:41:07.258408: I tensorflow/core/common_runtime/gpu/gpu_device.cc:1720] Found device 0 with properties: 
pciBusID: 0000:af:00.0 name: Tesla V100-SXM2-32GB computeCapability: 7.0
coreClock: 1.53GHz coreCount: 80 deviceMemorySize: 31.75GiB deviceMemoryBandwidth: 836.37GiB/s
2021-08-22 19:41:07.260788: I tensorflow/stream_executor/platform/default/dso_loader.cc:49] Successfully opened dynamic library libcudart.so.11.0
2021-08-22 19:41:07.274447: I tensorflow/stream_executor/platform/default/dso_loader.cc:49] Successfully opened dynamic library libcublas.so.11
2021-08-22 19:41:07.274569: I tensorflow/stream_executor/platform/default/dso_loader.cc:49] Successfully opened dynamic library libcublasLt.so.11
2021-08-22 19:41:07.281862: I tensorflow/stream_executor/platform/default/dso_loader.cc:49] Successfully opened dynamic library libcufft.so.10
2021-08-22 19:41:07.286302: I tensorflow/stream_executor/platform/default/dso_loader.cc:49] Successfully opened dynamic library libcurand.so.10
2021-08-22 19:41:07.294621: I tensorflow/stream_executor/platform/default/dso_loader.cc:49] Successfully opened dynamic library libcusolver.so.10
2021-08-22 19:41:07.296757: I tensorflow/stream_executor/platform/default/dso_loader.cc:49] Successfully opened dynamic library libcusparse.so.11
2021-08-22 19:41:07.299580: I tensorflow/stream_executor/platform/default/dso_loader.cc:49] Successfully opened dynamic library libcudnn.so.8
2021-08-22 19:41:07.314794: I tensorflow/core/common_runtime/gpu/gpu_device.cc:1862] Adding visible gpu devices: 0
2021-08-22 19:41:07.355359: I tensorflow/core/platform/cpu_feature_guard.cc:142] This TensorFlow binary is optimized with oneAPI Deep Neural Network Library (oneDNN) to use the following CPU instructions in performance-critical operations:  AVX2 AVX512F FMA
To enable them in other operations, rebuild TensorFlow with the appropriate compiler flags.
2021-08-22 19:41:07.368745: I tensorflow/compiler/jit/xla_gpu_device.cc:99] Not creating XLA devices, tf_xla_enable_xla_devices not set
2021-08-22 19:41:07.371888: I tensorflow/core/common_runtime/gpu/gpu_device.cc:1720] Found device 0 with properties: 
pciBusID: 0000:af:00.0 name: Tesla V100-SXM2-32GB computeCapability: 7.0
coreClock: 1.53GHz coreCount: 80 deviceMemorySize: 31.75GiB deviceMemoryBandwidth: 836.37GiB/s
2021-08-22 19:41:07.372052: I tensorflow/stream_executor/platform/default/dso_loader.cc:49] Successfully opened dynamic library libcudart.so.11.0
2021-08-22 19:41:07.372174: I tensorflow/stream_executor/platform/default/dso_loader.cc:49] Successfully opened dynamic library libcublas.so.11
2021-08-22 19:41:07.372296: I tensorflow/stream_executor/platform/default/dso_loader.cc:49] Successfully opened dynamic library libcublasLt.so.11
2021-08-22 19:41:07.372359: I tensorflow/stream_executor/platform/default/dso_loader.cc:49] Successfully opened dynamic library libcufft.so.10
2021-08-22 19:41:07.372411: I tensorflow/stream_executor/platform/default/dso_loader.cc:49] Successfully opened dynamic library libcurand.so.10
2021-08-22 19:41:07.372466: I tensorflow/stream_executor/platform/default/dso_loader.cc:49] Successfully opened dynamic library libcusolver.so.10
2021-08-22 19:41:07.372517: I tensorflow/stream_executor/platform/default/dso_loader.cc:49] Successfully opened dynamic library libcusparse.so.11
2021-08-22 19:41:07.372572: I tensorflow/stream_executor/platform/default/dso_loader.cc:49] Successfully opened dynamic library libcudnn.so.8
2021-08-22 19:41:07.377224: I tensorflow/core/common_runtime/gpu/gpu_device.cc:1862] Adding visible gpu devices: 0
2021-08-22 19:41:07.378063: I tensorflow/stream_executor/platform/default/dso_loader.cc:49] Successfully opened dynamic library libcudart.so.11.0
2021-08-22 19:41:08.881373: I tensorflow/core/common_runtime/gpu/gpu_device.cc:1261] Device interconnect StreamExecutor with strength 1 edge matrix:
2021-08-22 19:41:08.881574: I tensorflow/core/common_runtime/gpu/gpu_device.cc:1267]      0 
2021-08-22 19:41:08.884181: I tensorflow/core/common_runtime/gpu/gpu_device.cc:1280] 0:   N 
2021-08-22 19:41:08.911945: I tensorflow/core/common_runtime/gpu/gpu_device.cc:1406] Created TensorFlow device (/job:localhost/replica:0/task:0/device:GPU:0 with 30130 MB memory) -> physical GPU (device: 0, name: Tesla V100-SXM2-32GB, pci bus id: 0000:af:00.0, compute capability: 7.0)
2021-08-22 19:41:18.733685: I tensorflow/compiler/mlir/mlir_graph_optimization_pass.cc:116] None of the MLIR optimization passes are enabled (registered 2)
2021-08-22 19:41:18.746197: I tensorflow/core/platform/profile_utils/cpu_utils.cc:112] CPU Frequency: 2100000000 Hz
2021-08-22 19:41:18.970021: I tensorflow/stream_executor/platform/default/dso_loader.cc:49] Successfully opened dynamic library libcublas.so.11
2021-08-22 19:41:19.555107: I tensorflow/stream_executor/platform/default/dso_loader.cc:49] Successfully opened dynamic library libcublasLt.so.11
2021-08-22 19:41:19.603364: I tensorflow/stream_executor/platform/default/dso_loader.cc:49] Successfully opened dynamic library libcudnn.so.8
2021-08-22 19:41:22.292840: W tensorflow/stream_executor/gpu/asm_compiler.cc:63] Running ptxas --version returned 256
2021-08-22 19:41:22.389251: W tensorflow/stream_executor/gpu/redzone_allocator.cc:314] Internal: ptxas exited with non-zero error code 256, output: 
Relying on driver to perform ptx compilation. 
Modify $PATH to customize ptxas location.
This message will be only logged once.
NoiseMutator started.
NoiseMutator finished.
Training round: 1		accuracy = 0.6339130401611328
Training round: 2		accuracy = 0.5605797171592712
Training round: 3		accuracy = 0.5779710412025452
Training round: 4		accuracy = 0.5846377015113831
Training round: 5		accuracy = 0.5617391467094421
Training round: 6		accuracy = 0.5547826290130615
Training round: 7		accuracy = 0.593623161315918
Training round: 8		accuracy = 0.5971014499664307
Training round: 9		accuracy = 0.6034782528877258
Training round: 10		accuracy = 0.5991304516792297
Training round: 11		accuracy = 0.6142029166221619
Training round: 12		accuracy = 0.5979710221290588
Training round: 13		accuracy = 0.5898550748825073
Training round: 14		accuracy = 0.6072463989257812
Training round: 15		accuracy = 0.5991304516792297
Training round: 16		accuracy = 0.6304348111152649
Training round: 17		accuracy = 0.634782612323761
Training round: 18		accuracy = 0.6281159520149231
Training round: 19		accuracy = 0.6336231827735901
Training round: 20		accuracy = 0.6501449346542358
Training round: 21		accuracy = 0.6318840384483337
Training round: 22		accuracy = 0.6681159138679504
Training round: 23		accuracy = 0.6600000262260437
Training round: 24		accuracy = 0.6356521844863892
Training round: 25		accuracy = 0.653333306312561
Training round: 26		accuracy = 0.6675362586975098
Training round: 27		accuracy = 0.656521737575531
Training round: 28		accuracy = 0.6594203114509583
Training round: 29		accuracy = 0.662028968334198
Training round: 30		accuracy = 0.6747826337814331
Training round: 31		accuracy = 0.6643478274345398
Training round: 32		accuracy = 0.6585507392883301
Training round: 33		accuracy = 0.6689854860305786
Training round: 34		accuracy = 0.6614492535591125
Training round: 35		accuracy = 0.6750724911689758
Training round: 36		accuracy = 0.6686956286430359
Training round: 37		accuracy = 0.6675362586975098
Training round: 38		accuracy = 0.6634782552719116
Training round: 39		accuracy = 0.6669565439224243
Training round: 40		accuracy = 0.6675362586975098
Training round: 41		accuracy = 0.6626086831092834
Training round: 42		accuracy = 0.6713043451309204
Training round: 43		accuracy = 0.6747826337814331
Training round: 44		accuracy = 0.6655072569847107
Training round: 45		accuracy = 0.672753632068634
Training round: 46		accuracy = 0.6701449155807495
Training round: 47		accuracy = 0.678260862827301
Training round: 48		accuracy = 0.6759420037269592
Training round: 49		accuracy = 0.6788405776023865
Training round: 50		accuracy = 0.6779710054397583
Training round: 51		accuracy = 0.6788405776023865
Training round: 52		accuracy = 0.678260862827301
Training round: 53		accuracy = 0.676231861114502
Training round: 54		accuracy = 0.6750724911689758
Training round: 55		accuracy = 0.672753632068634
Training round: 56		accuracy = 0.681449294090271
Training round: 57		accuracy = 0.6750724911689758
Training round: 58		accuracy = 0.6759420037269592
Training round: 59		accuracy = 0.6779710054397583
Training round: 60		accuracy = 0.683768093585968
Training round: 61		accuracy = 0.6736232042312622
Training round: 62		accuracy = 0.6779710054397583
Training round: 63		accuracy = 0.6855072379112244
Training round: 64		accuracy = 0.6840579509735107
Training round: 65		accuracy = 0.6773912906646729
Training round: 66		accuracy = 0.6820290088653564
Training round: 67		accuracy = 0.6889855265617371
Training round: 68		accuracy = 0.6904347538948059
Training round: 69		accuracy = 0.6826087236404419
Training round: 70		accuracy = 0.6872463822364807
Training round: 71		accuracy = 0.6878260970115662
Training round: 72		accuracy = 0.6855072379112244
Training round: 73		accuracy = 0.6875362396240234
Training round: 74		accuracy = 0.6904347538948059
Training round: 75		accuracy = 0.6892753839492798
Training round: 76		accuracy = 0.6823188662528992
Training round: 77		accuracy = 0.6866666674613953
Training round: 78		accuracy = 0.6892753839492798
Training round: 79		accuracy = 0.6866666674613953
Training round: 80		accuracy = 0.6895652413368225
Training round: 81		accuracy = 0.6936231851577759
Training round: 82		accuracy = 0.6942028999328613
Training round: 83		accuracy = 0.6950724720954895
Training round: 84		accuracy = 0.6927536129951477
Training round: 85		accuracy = 0.690144956111908
Training round: 86		accuracy = 0.6907246112823486
Training round: 87		accuracy = 0.6939130425453186
Training round: 88		accuracy = 0.6965217590332031
Training round: 89		accuracy = 0.694492757320404
Training round: 90		accuracy = 0.7002898454666138
Training round: 91		accuracy = 0.697681188583374
Training round: 92		accuracy = 0.6965217590332031
Training round: 93		accuracy = 0.6936231851577759
Training round: 94		accuracy = 0.695652186870575
Training round: 95		accuracy = 0.6959420442581177
Training round: 96		accuracy = 0.6965217590332031
Training round: 97		accuracy = 0.694492757320404
Training round: 98		accuracy = 0.6971014738082886
Training round: 99		accuracy = 0.6962319016456604
Training round: 100		accuracy = 0.7023188471794128
Training duration 5881.152518033981
