2021-08-11 16:08:47.647513: I tensorflow/stream_executor/platform/default/dso_loader.cc:49] Successfully opened dynamic library libcudart.so.11.0
2021-08-11 16:08:51.208532: I tensorflow/compiler/jit/xla_cpu_device.cc:41] Not creating XLA devices, tf_xla_enable_xla_devices not set
2021-08-11 16:08:51.210830: I tensorflow/stream_executor/platform/default/dso_loader.cc:49] Successfully opened dynamic library libcuda.so.1
2021-08-11 16:08:51.264855: I tensorflow/core/common_runtime/gpu/gpu_device.cc:1720] Found device 0 with properties: 
pciBusID: 0000:1c:00.0 name: Tesla V100-SXM2-16GB computeCapability: 7.0
coreClock: 1.53GHz coreCount: 80 deviceMemorySize: 15.78GiB deviceMemoryBandwidth: 836.37GiB/s
2021-08-11 16:08:51.264927: I tensorflow/stream_executor/platform/default/dso_loader.cc:49] Successfully opened dynamic library libcudart.so.11.0
2021-08-11 16:08:51.282310: I tensorflow/stream_executor/platform/default/dso_loader.cc:49] Successfully opened dynamic library libcublas.so.11
2021-08-11 16:08:51.282433: I tensorflow/stream_executor/platform/default/dso_loader.cc:49] Successfully opened dynamic library libcublasLt.so.11
2021-08-11 16:08:51.288817: I tensorflow/stream_executor/platform/default/dso_loader.cc:49] Successfully opened dynamic library libcufft.so.10
2021-08-11 16:08:51.291705: I tensorflow/stream_executor/platform/default/dso_loader.cc:49] Successfully opened dynamic library libcurand.so.10
2021-08-11 16:08:51.301747: I tensorflow/stream_executor/platform/default/dso_loader.cc:49] Successfully opened dynamic library libcusolver.so.10
2021-08-11 16:08:51.304411: I tensorflow/stream_executor/platform/default/dso_loader.cc:49] Successfully opened dynamic library libcusparse.so.11
2021-08-11 16:08:51.305127: I tensorflow/stream_executor/platform/default/dso_loader.cc:49] Successfully opened dynamic library libcudnn.so.8
2021-08-11 16:08:51.306928: I tensorflow/core/common_runtime/gpu/gpu_device.cc:1862] Adding visible gpu devices: 0
2021-08-11 16:08:51.307694: I tensorflow/core/platform/cpu_feature_guard.cc:142] This TensorFlow binary is optimized with oneAPI Deep Neural Network Library (oneDNN) to use the following CPU instructions in performance-critical operations:  AVX2 AVX512F FMA
To enable them in other operations, rebuild TensorFlow with the appropriate compiler flags.
2021-08-11 16:08:51.307955: I tensorflow/compiler/jit/xla_gpu_device.cc:99] Not creating XLA devices, tf_xla_enable_xla_devices not set
2021-08-11 16:08:51.308847: I tensorflow/core/common_runtime/gpu/gpu_device.cc:1720] Found device 0 with properties: 
pciBusID: 0000:1c:00.0 name: Tesla V100-SXM2-16GB computeCapability: 7.0
coreClock: 1.53GHz coreCount: 80 deviceMemorySize: 15.78GiB deviceMemoryBandwidth: 836.37GiB/s
2021-08-11 16:08:51.308886: I tensorflow/stream_executor/platform/default/dso_loader.cc:49] Successfully opened dynamic library libcudart.so.11.0
2021-08-11 16:08:51.308909: I tensorflow/stream_executor/platform/default/dso_loader.cc:49] Successfully opened dynamic library libcublas.so.11
2021-08-11 16:08:51.308924: I tensorflow/stream_executor/platform/default/dso_loader.cc:49] Successfully opened dynamic library libcublasLt.so.11
2021-08-11 16:08:51.308938: I tensorflow/stream_executor/platform/default/dso_loader.cc:49] Successfully opened dynamic library libcufft.so.10
2021-08-11 16:08:51.308952: I tensorflow/stream_executor/platform/default/dso_loader.cc:49] Successfully opened dynamic library libcurand.so.10
2021-08-11 16:08:51.308967: I tensorflow/stream_executor/platform/default/dso_loader.cc:49] Successfully opened dynamic library libcusolver.so.10
2021-08-11 16:08:51.308981: I tensorflow/stream_executor/platform/default/dso_loader.cc:49] Successfully opened dynamic library libcusparse.so.11
2021-08-11 16:08:51.308996: I tensorflow/stream_executor/platform/default/dso_loader.cc:49] Successfully opened dynamic library libcudnn.so.8
2021-08-11 16:08:51.310548: I tensorflow/core/common_runtime/gpu/gpu_device.cc:1862] Adding visible gpu devices: 0
2021-08-11 16:08:51.310598: I tensorflow/stream_executor/platform/default/dso_loader.cc:49] Successfully opened dynamic library libcudart.so.11.0
2021-08-11 16:08:51.937542: I tensorflow/core/common_runtime/gpu/gpu_device.cc:1261] Device interconnect StreamExecutor with strength 1 edge matrix:
2021-08-11 16:08:51.937610: I tensorflow/core/common_runtime/gpu/gpu_device.cc:1267]      0 
2021-08-11 16:08:51.937622: I tensorflow/core/common_runtime/gpu/gpu_device.cc:1280] 0:   N 
2021-08-11 16:08:51.940186: I tensorflow/core/common_runtime/gpu/gpu_device.cc:1406] Created TensorFlow device (/job:localhost/replica:0/task:0/device:GPU:0 with 14761 MB memory) -> physical GPU (device: 0, name: Tesla V100-SXM2-16GB, pci bus id: 0000:1c:00.0, compute capability: 7.0)
2021-08-11 16:08:52.490768: I tensorflow/compiler/mlir/mlir_graph_optimization_pass.cc:116] None of the MLIR optimization passes are enabled (registered 2)
2021-08-11 16:08:52.491459: I tensorflow/core/platform/profile_utils/cpu_utils.cc:112] CPU Frequency: 2400000000 Hz
2021-08-11 16:08:52.909751: I tensorflow/stream_executor/platform/default/dso_loader.cc:49] Successfully opened dynamic library libcublas.so.11
2021-08-11 16:08:53.380063: I tensorflow/stream_executor/platform/default/dso_loader.cc:49] Successfully opened dynamic library libcublasLt.so.11
2021-08-11 16:08:53.382045: I tensorflow/stream_executor/platform/default/dso_loader.cc:49] Successfully opened dynamic library libcudnn.so.8
2021-08-11 16:08:55.725117: W tensorflow/stream_executor/gpu/asm_compiler.cc:63] Running ptxas --version returned 256
2021-08-11 16:08:55.771191: W tensorflow/stream_executor/gpu/redzone_allocator.cc:314] Internal: ptxas exited with non-zero error code 256, output: 
Relying on driver to perform ptx compilation. 
Modify $PATH to customize ptxas location.
This message will be only logged once.
NoiseMutator started.
NoiseMutator finished.
Training round: 1		accuracy = 0.10000000149011612
Training round: 2		accuracy = 0.10000000149011612
Training round: 3		accuracy = 0.10000000149011612
Training round: 4		accuracy = 0.13199999928474426
Training round: 5		accuracy = 0.10029999911785126
Training round: 6		accuracy = 0.10610000044107437
Training round: 7		accuracy = 0.12430000305175781
Training round: 8		accuracy = 0.12610000371932983
Training round: 9		accuracy = 0.14669999480247498
Training round: 10		accuracy = 0.10000000149011612
Training round: 11		accuracy = 0.10989999771118164
Training round: 12		accuracy = 0.10849999636411667
Training round: 13		accuracy = 0.1005999967455864
Training round: 14		accuracy = 0.10000000149011612
Training round: 15		accuracy = 0.10540000349283218
Training round: 16		accuracy = 0.1006999984383583
Training round: 17		accuracy = 0.10000000149011612
Training round: 18		accuracy = 0.10570000112056732
Training round: 19		accuracy = 0.10679999738931656
Training round: 20		accuracy = 0.10010000318288803
Training round: 21		accuracy = 0.1485999971628189
Training round: 22		accuracy = 0.14010000228881836
Training round: 23		accuracy = 0.1128000020980835
Training round: 24		accuracy = 0.15469999611377716
Training round: 25		accuracy = 0.1436000019311905
Training round: 26		accuracy = 0.12489999830722809
Training round: 27		accuracy = 0.10010000318288803
Training round: 28		accuracy = 0.0989999994635582
Training round: 29		accuracy = 0.11110000312328339
Training round: 30		accuracy = 0.1462000012397766
Training round: 31		accuracy = 0.10360000282526016
Training round: 32		accuracy = 0.1273999959230423
Training round: 33		accuracy = 0.13519999384880066
Training round: 34		accuracy = 0.14710000157356262
Training round: 35		accuracy = 0.10840000212192535
Training round: 36		accuracy = 0.11640000343322754
Training round: 37		accuracy = 0.14820000529289246
Training round: 38		accuracy = 0.10050000250339508
Training round: 39		accuracy = 0.1543000042438507
Training round: 40		accuracy = 0.14149999618530273
Training round: 41		accuracy = 0.11129999905824661
Training round: 42		accuracy = 0.18050000071525574
Training round: 43		accuracy = 0.14980000257492065
Training round: 44		accuracy = 0.15559999644756317
Training round: 45		accuracy = 0.13910000026226044
Training round: 46		accuracy = 0.17509999871253967
Training round: 47		accuracy = 0.1842000037431717
Training round: 48		accuracy = 0.16189999878406525
Training round: 49		accuracy = 0.17319999635219574
Training round: 50		accuracy = 0.16580000519752502
Training round: 51		accuracy = 0.10859999805688858
Training round: 52		accuracy = 0.17239999771118164
Training round: 53		accuracy = 0.18299999833106995
Training round: 54		accuracy = 0.2101999968290329
Training round: 55		accuracy = 0.18940000236034393
Training round: 56		accuracy = 0.17759999632835388
Training round: 57		accuracy = 0.17870000004768372
Training round: 58		accuracy = 0.23720000684261322
Training round: 59		accuracy = 0.1906999945640564
Training round: 60		accuracy = 0.18230000138282776
Training round: 61		accuracy = 0.12549999356269836
Training round: 62		accuracy = 0.1768999993801117
Training round: 63		accuracy = 0.2353000044822693
Training round: 64		accuracy = 0.17309999465942383
Training round: 65		accuracy = 0.19419999420642853
Training round: 66		accuracy = 0.1281999945640564
Training round: 67		accuracy = 0.1543000042438507
Training round: 68		accuracy = 0.17569999396800995
Training round: 69		accuracy = 0.17890000343322754
Training round: 70		accuracy = 0.17960000038146973
Training round: 71		accuracy = 0.24140000343322754
Training round: 72		accuracy = 0.17679999768733978
Training round: 73		accuracy = 0.1768999993801117
Training round: 74		accuracy = 0.1712000072002411
Training round: 75		accuracy = 0.19059999287128448
Training round: 76		accuracy = 0.17479999363422394
Training round: 77		accuracy = 0.19130000472068787
Training round: 78		accuracy = 0.19480000436306
Training round: 79		accuracy = 0.15369999408721924
Training round: 80		accuracy = 0.21289999783039093
Training round: 81		accuracy = 0.16040000319480896
Training round: 82		accuracy = 0.22509999573230743
Training round: 83		accuracy = 0.16859999299049377
Training round: 84		accuracy = 0.17829999327659607
Training round: 85		accuracy = 0.18369999527931213
Training round: 86		accuracy = 0.19629999995231628
Training round: 87		accuracy = 0.1826000064611435
Training round: 88		accuracy = 0.18389999866485596
Training round: 89		accuracy = 0.1485999971628189
Training round: 90		accuracy = 0.20839999616146088
Training round: 91		accuracy = 0.19099999964237213
Training round: 92		accuracy = 0.20589999854564667
Training round: 93		accuracy = 0.14329999685287476
Training round: 94		accuracy = 0.22619999945163727
Training round: 95		accuracy = 0.25279998779296875
Training round: 96		accuracy = 0.18410000205039978
Training round: 97		accuracy = 0.1809999942779541
Training round: 98		accuracy = 0.15360000729560852
Training round: 99		accuracy = 0.20180000364780426
Training round: 100		accuracy = 0.19200000166893005
Training round: 101		accuracy = 0.2101999968290329
Training round: 102		accuracy = 0.20090000331401825
Training round: 103		accuracy = 0.20170000195503235
Training round: 104		accuracy = 0.20280000567436218
Training round: 105		accuracy = 0.2313999980688095
Training round: 106		accuracy = 0.2273000031709671
Training round: 107		accuracy = 0.2240000069141388
Training round: 108		accuracy = 0.1843000054359436
Training round: 109		accuracy = 0.18160000443458557
Training round: 110		accuracy = 0.25130000710487366
Training round: 111		accuracy = 0.21610000729560852
Training round: 112		accuracy = 0.18809999525547028
Training round: 113		accuracy = 0.23350000381469727
Training round: 114		accuracy = 0.18060000240802765
Training round: 115		accuracy = 0.19120000302791595
Training round: 116		accuracy = 0.2046000063419342
Training round: 117		accuracy = 0.2069000005722046
Training round: 118		accuracy = 0.2410999983549118
Training round: 119		accuracy = 0.1665000021457672
Training round: 120		accuracy = 0.17800000309944153
Training round: 121		accuracy = 0.18279999494552612
Training round: 122		accuracy = 0.1834000051021576
Training round: 123		accuracy = 0.23180000483989716
Training round: 124		accuracy = 0.2206999957561493
Training round: 125		accuracy = 0.1914999932050705
Training round: 126		accuracy = 0.2312999963760376
Training round: 127		accuracy = 0.27480000257492065
Training round: 128		accuracy = 0.22210000455379486
Training round: 129		accuracy = 0.2443999946117401
Training round: 130		accuracy = 0.22370000183582306
Training round: 131		accuracy = 0.22460000216960907
Training round: 132		accuracy = 0.25769999623298645
Training round: 133		accuracy = 0.22869999706745148
Training round: 134		accuracy = 0.25540000200271606
Training round: 135		accuracy = 0.17180000245571136
Training round: 136		accuracy = 0.18549999594688416
Training round: 137		accuracy = 0.2700999975204468
Training round: 138		accuracy = 0.25540000200271606
Training round: 139		accuracy = 0.22990000247955322
Training round: 140		accuracy = 0.26100000739097595
Training round: 141		accuracy = 0.1762000024318695
Training round: 142		accuracy = 0.24789999425411224
Training round: 143		accuracy = 0.2770000100135803
Training round: 144		accuracy = 0.2282000035047531
Training round: 145		accuracy = 0.1818999946117401
Training round: 146		accuracy = 0.16279999911785126
Training round: 147		accuracy = 0.2651999890804291
Training round: 148		accuracy = 0.24199999868869781
Training round: 149		accuracy = 0.25870001316070557
Training round: 150		accuracy = 0.2150000035762787
Training round: 151		accuracy = 0.2535000145435333
Training round: 152		accuracy = 0.18389999866485596
Training round: 153		accuracy = 0.18070000410079956
Training round: 154		accuracy = 0.2581000030040741
Training round: 155		accuracy = 0.23749999701976776
Training round: 156		accuracy = 0.1817999929189682
Training round: 157		accuracy = 0.21199999749660492
Training round: 158		accuracy = 0.290800005197525
Training round: 159		accuracy = 0.30880001187324524
Training round: 160		accuracy = 0.26570001244544983
Training round: 161		accuracy = 0.18440000712871552
Training round: 162		accuracy = 0.18150000274181366
Training round: 163		accuracy = 0.18119999766349792
Training round: 164		accuracy = 0.29789999127388
Training round: 165		accuracy = 0.2653999924659729
Training round: 166		accuracy = 0.2513999938964844
Training round: 167		accuracy = 0.18379999697208405
Training round: 168		accuracy = 0.17890000343322754
Training round: 169		accuracy = 0.18310000002384186
Training round: 170		accuracy = 0.26030001044273376
Training round: 171		accuracy = 0.29319998621940613
Training round: 172		accuracy = 0.2718000113964081
Training round: 173		accuracy = 0.2305999994277954
Training round: 174		accuracy = 0.2912999987602234
Training round: 175		accuracy = 0.25769999623298645
Training round: 176		accuracy = 0.29820001125335693
Training round: 177		accuracy = 0.3490999937057495
Training round: 178		accuracy = 0.2700999975204468
Training round: 179		accuracy = 0.27250000834465027
Training round: 180		accuracy = 0.1851000040769577
Training round: 181		accuracy = 0.2556999921798706
Training round: 182		accuracy = 0.2791999876499176
Training round: 183		accuracy = 0.2053000032901764
Training round: 184		accuracy = 0.27379998564720154
Training round: 185		accuracy = 0.30320000648498535
Training round: 186		accuracy = 0.2924000024795532
Training round: 187		accuracy = 0.22280000150203705
Training round: 188		accuracy = 0.29319998621940613
Training round: 189		accuracy = 0.33000001311302185
Training round: 190		accuracy = 0.2696000039577484
Training round: 191		accuracy = 0.32100000977516174
Training round: 192		accuracy = 0.1809999942779541
Training round: 193		accuracy = 0.2393999993801117
Training round: 194		accuracy = 0.29760000109672546
Training round: 195		accuracy = 0.35010001063346863
Training round: 196		accuracy = 0.3021000027656555
Training round: 197		accuracy = 0.2687999904155731
Training round: 198		accuracy = 0.1776999980211258
Training round: 199		accuracy = 0.2551000118255615
Training round: 200		accuracy = 0.265500009059906
Training round: 201		accuracy = 0.29589998722076416
Training round: 202		accuracy = 0.1891999989748001
Training round: 203		accuracy = 0.2847999930381775
Training round: 204		accuracy = 0.24539999663829803
Training round: 205		accuracy = 0.28040000796318054
Training round: 206		accuracy = 0.19439999759197235
Training round: 207		accuracy = 0.2754000127315521
Training round: 208		accuracy = 0.2757999897003174
Training round: 209		accuracy = 0.2825999855995178
Training round: 210		accuracy = 0.3021000027656555
Training round: 211		accuracy = 0.29649999737739563
Training round: 212		accuracy = 0.26170000433921814
Training round: 213		accuracy = 0.2614000141620636
Training round: 214		accuracy = 0.2793999910354614
Training round: 215		accuracy = 0.31769999861717224
Training round: 216		accuracy = 0.2249000072479248
Training round: 217		accuracy = 0.22789999842643738
Training round: 218		accuracy = 0.28450000286102295
Training round: 219		accuracy = 0.20350000262260437
Training round: 220		accuracy = 0.2930999994277954
Training round: 221		accuracy = 0.19550000131130219
Training round: 222		accuracy = 0.27090001106262207
Training round: 223		accuracy = 0.3856000006198883
Training round: 224		accuracy = 0.26840001344680786
Training round: 225		accuracy = 0.35199999809265137
Training round: 226		accuracy = 0.1941000074148178
Training round: 227		accuracy = 0.3084999918937683
Training round: 228		accuracy = 0.2930999994277954
Training round: 229		accuracy = 0.3467999994754791
Training round: 230		accuracy = 0.19789999723434448
Training round: 231		accuracy = 0.19930000603199005
Training round: 232		accuracy = 0.2671000063419342
Training round: 233		accuracy = 0.20569999516010284
Training round: 234		accuracy = 0.1941000074148178
Training round: 235		accuracy = 0.30640000104904175
Training round: 236		accuracy = 0.2721000015735626
Training round: 237		accuracy = 0.25040000677108765
Training round: 238		accuracy = 0.28450000286102295
Training round: 239		accuracy = 0.2937000095844269
Training round: 240		accuracy = 0.2529999911785126
Training round: 241		accuracy = 0.2554999887943268
Training round: 242		accuracy = 0.3070000112056732
Training round: 243		accuracy = 0.31690001487731934
Training round: 244		accuracy = 0.19050000607967377
Training round: 245		accuracy = 0.3084000051021576
Training round: 246		accuracy = 0.3264999985694885
Training round: 247		accuracy = 0.32179999351501465
Training round: 248		accuracy = 0.32100000977516174
Training round: 249		accuracy = 0.3427000045776367
Training round: 250		accuracy = 0.3296000063419342
Training round: 251		accuracy = 0.25540000200271606
Training round: 252		accuracy = 0.3264999985694885
Training round: 253		accuracy = 0.3237000107765198
Training round: 254		accuracy = 0.30230000615119934
Training round: 255		accuracy = 0.18850000202655792
Training round: 256		accuracy = 0.30709999799728394
Training round: 257		accuracy = 0.3124000132083893
Training round: 258		accuracy = 0.31380000710487366
Training round: 259		accuracy = 0.20389999449253082
Training round: 260		accuracy = 0.33899998664855957
Training round: 261		accuracy = 0.3009999990463257
Training round: 262		accuracy = 0.3425000011920929
Training round: 263		accuracy = 0.20440000295639038
Training round: 264		accuracy = 0.29660001397132874
Training round: 265		accuracy = 0.24120000004768372
Training round: 266		accuracy = 0.18780000507831573
Training round: 267		accuracy = 0.28529998660087585
Training round: 268		accuracy = 0.38960000872612
Training round: 269		accuracy = 0.3084000051021576
Training round: 270		accuracy = 0.19460000097751617
Training round: 271		accuracy = 0.19030000269412994
Training round: 272		accuracy = 0.2973000109195709
Training round: 273		accuracy = 0.2102999985218048
Training round: 274		accuracy = 0.19589999318122864
Training round: 275		accuracy = 0.2662000060081482
Training round: 276		accuracy = 0.33629998564720154
Training round: 277		accuracy = 0.19329999387264252
Training round: 278		accuracy = 0.33570000529289246
Training round: 279		accuracy = 0.19539999961853027
Training round: 280		accuracy = 0.19040000438690186
Training round: 281		accuracy = 0.26080000400543213
Training round: 282		accuracy = 0.3465000092983246
Training round: 283		accuracy = 0.33230000734329224
Training round: 284		accuracy = 0.29260000586509705
Training round: 285		accuracy = 0.3521000146865845
Training round: 286		accuracy = 0.3296999931335449
Training round: 287		accuracy = 0.3133000135421753
Training round: 288		accuracy = 0.30379998683929443
Training round: 289		accuracy = 0.2948000133037567
Training round: 290		accuracy = 0.32100000977516174
Training round: 291		accuracy = 0.35010001063346863
Training round: 292		accuracy = 0.19979999959468842
Training round: 293		accuracy = 0.33559998869895935
Training round: 294		accuracy = 0.3393000066280365
Training round: 295		accuracy = 0.38040000200271606
Training round: 296		accuracy = 0.3765999972820282
Training round: 297		accuracy = 0.33550000190734863
Training round: 298		accuracy = 0.36570000648498535
Training round: 299		accuracy = 0.26080000400543213
Training round: 300		accuracy = 0.31310001015663147
Training round: 301		accuracy = 0.4056999981403351
Training round: 302		accuracy = 0.3116999864578247
Training round: 303		accuracy = 0.19439999759197235
Training round: 304		accuracy = 0.3264000117778778
Training round: 305		accuracy = 0.336899995803833
Training round: 306		accuracy = 0.30160000920295715
Training round: 307		accuracy = 0.3264999985694885
Training round: 308		accuracy = 0.3021000027656555
Training round: 309		accuracy = 0.32350000739097595
Training round: 310		accuracy = 0.35249999165534973
Training round: 311		accuracy = 0.1988999992609024
Training round: 312		accuracy = 0.33649998903274536
Training round: 313		accuracy = 0.3190000057220459
Training round: 314		accuracy = 0.33869999647140503
Training round: 315		accuracy = 0.3278999924659729
Training round: 316		accuracy = 0.3255999982357025
Training round: 317		accuracy = 0.2517000138759613
Training round: 318		accuracy = 0.3314000070095062
Training round: 319		accuracy = 0.21379999816417694
Training round: 320		accuracy = 0.3061999976634979
Training round: 321		accuracy = 0.20229999721050262
Training round: 322		accuracy = 0.34389999508857727
Training round: 323		accuracy = 0.26910001039505005
Training round: 324		accuracy = 0.20679999887943268
Training round: 325		accuracy = 0.19679999351501465
Training round: 326		accuracy = 0.3188000023365021
Training round: 327		accuracy = 0.33500000834465027
Training round: 328		accuracy = 0.33390000462532043
Training round: 329		accuracy = 0.33250001072883606
Training round: 330		accuracy = 0.296099990606308
Training round: 331		accuracy = 0.3465999960899353
Training round: 332		accuracy = 0.3662000000476837
Training round: 333		accuracy = 0.36489999294281006
Training round: 334		accuracy = 0.35339999198913574
Training round: 335		accuracy = 0.353300005197525
Training round: 336		accuracy = 0.35339999198913574
Training round: 337		accuracy = 0.313400000333786
Training round: 338		accuracy = 0.2079000025987625
Training round: 339		accuracy = 0.31049999594688416
Training round: 340		accuracy = 0.3179999887943268
Training round: 341		accuracy = 0.3560999929904938
Training round: 342		accuracy = 0.2101999968290329
Training round: 343		accuracy = 0.20409999787807465
Training round: 344		accuracy = 0.20309999585151672
Training round: 345		accuracy = 0.3425000011920929
Training round: 346		accuracy = 0.2565999925136566
Training round: 347		accuracy = 0.26669999957084656
Training round: 348		accuracy = 0.2071000039577484
Training round: 349		accuracy = 0.39250001311302185
Training round: 350		accuracy = 0.3903000056743622
Training round: 351		accuracy = 0.21580000221729279
Training round: 352		accuracy = 0.3668000102043152
Training round: 353		accuracy = 0.3628000020980835
Training round: 354		accuracy = 0.35929998755455017
Training round: 355		accuracy = 0.34619998931884766
Training round: 356		accuracy = 0.35100001096725464
Training round: 357		accuracy = 0.3955000042915344
Training round: 358		accuracy = 0.3111000061035156
Training round: 359		accuracy = 0.3422999978065491
Training round: 360		accuracy = 0.19179999828338623
Training round: 361		accuracy = 0.34459999203681946
Training round: 362		accuracy = 0.3433000147342682
Training round: 363		accuracy = 0.3693999946117401
Training round: 364		accuracy = 0.3499999940395355
Training round: 365		accuracy = 0.39800000190734863
Training round: 366		accuracy = 0.39410001039505005
Training round: 367		accuracy = 0.3783999979496002
Training round: 368		accuracy = 0.39800000190734863
Training round: 369		accuracy = 0.35429999232292175
Training round: 370		accuracy = 0.3580999970436096
Training round: 371		accuracy = 0.1972000002861023
Training round: 372		accuracy = 0.19439999759197235
Training round: 373		accuracy = 0.20000000298023224
Training round: 374		accuracy = 0.304500013589859
Training round: 375		accuracy = 0.36719998717308044
Training round: 376		accuracy = 0.22869999706745148
Training round: 377		accuracy = 0.1860000044107437
Training round: 378		accuracy = 0.36629998683929443
Training round: 379		accuracy = 0.2214999943971634
Training round: 380		accuracy = 0.218299999833107
Training round: 381		accuracy = 0.3361000120639801
Training round: 382		accuracy = 0.34709998965263367
Training round: 383		accuracy = 0.3831999897956848
Training round: 384		accuracy = 0.35760000348091125
Training round: 385		accuracy = 0.3596999943256378
Training round: 386		accuracy = 0.33169999718666077
Training round: 387		accuracy = 0.2037999927997589
Training round: 388		accuracy = 0.34850001335144043
Training round: 389		accuracy = 0.38960000872612
Training round: 390		accuracy = 0.3921000063419342
Training round: 391		accuracy = 0.34470000863075256
Training round: 392		accuracy = 0.38370001316070557
Training round: 393		accuracy = 0.3684000074863434
Training round: 394		accuracy = 0.22300000488758087
Training round: 395		accuracy = 0.2215999960899353
Training round: 396		accuracy = 0.21660000085830688
Training round: 397		accuracy = 0.38029998540878296
Training round: 398		accuracy = 0.375
Training round: 399		accuracy = 0.22910000383853912
Training round: 400		accuracy = 0.3562000095844269
Training round: 401		accuracy = 0.3569999933242798
Training round: 402		accuracy = 0.37040001153945923
Training round: 403		accuracy = 0.36629998683929443
Training round: 404		accuracy = 0.4251999855041504
Training round: 405		accuracy = 0.41029998660087585
Training round: 406		accuracy = 0.3865000009536743
Training round: 407		accuracy = 0.3001999855041504
Training round: 408		accuracy = 0.3659999966621399
Training round: 409		accuracy = 0.22380000352859497
Training round: 410		accuracy = 0.21789999306201935
Training round: 411		accuracy = 0.21690000593662262
Training round: 412		accuracy = 0.37940001487731934
Training round: 413		accuracy = 0.2295999974012375
Training round: 414		accuracy = 0.2915000021457672
Training round: 415		accuracy = 0.38029998540878296
Training round: 416		accuracy = 0.3896999955177307
Training round: 417		accuracy = 0.4000000059604645
Training round: 418		accuracy = 0.3978999853134155
Training round: 419		accuracy = 0.21490000188350677
Training round: 420		accuracy = 0.3418999910354614
Training round: 421		accuracy = 0.3846000134944916
Training round: 422		accuracy = 0.3634999990463257
Training round: 423		accuracy = 0.4381999969482422
Training round: 424		accuracy = 0.3758000135421753
Training round: 425		accuracy = 0.3221000134944916
Training round: 426		accuracy = 0.29919999837875366
Training round: 427		accuracy = 0.22429999709129333
Training round: 428		accuracy = 0.20890000462532043
Training round: 429		accuracy = 0.38100001215934753
Training round: 430		accuracy = 0.41280001401901245
Training round: 431		accuracy = 0.39739999175071716
Training round: 432		accuracy = 0.3880000114440918
Training round: 433		accuracy = 0.3222000002861023
Training round: 434		accuracy = 0.4047999978065491
Training round: 435		accuracy = 0.23199999332427979
Training round: 436		accuracy = 0.3912000060081482
Training round: 437		accuracy = 0.36169999837875366
Training round: 438		accuracy = 0.3158999979496002
Training round: 439		accuracy = 0.337799996137619
Training round: 440		accuracy = 0.3303000032901764
Training round: 441		accuracy = 0.3880000114440918
Training round: 442		accuracy = 0.39399999380111694
Training round: 443		accuracy = 0.40470001101493835
Training round: 444		accuracy = 0.40779998898506165
Training round: 445		accuracy = 0.3917999863624573
Training round: 446		accuracy = 0.3977000117301941
Training round: 447		accuracy = 0.22930000722408295
Training round: 448		accuracy = 0.3869999945163727
Training round: 449		accuracy = 0.41280001401901245
Training round: 450		accuracy = 0.31709998846054077
Training round: 451		accuracy = 0.40880000591278076
Training round: 452		accuracy = 0.3896999955177307
Training round: 453		accuracy = 0.3831999897956848
Training round: 454		accuracy = 0.39879998564720154
Training round: 455		accuracy = 0.4146000146865845
Training round: 456		accuracy = 0.350600004196167
Training round: 457		accuracy = 0.4255000054836273
Training round: 458		accuracy = 0.4172999858856201
Training round: 459		accuracy = 0.41830000281333923
Training round: 460		accuracy = 0.24709999561309814
Training round: 461		accuracy = 0.23199999332427979
Training round: 462		accuracy = 0.39149999618530273
Training round: 463		accuracy = 0.25519999861717224
Training round: 464		accuracy = 0.2475000023841858
Training round: 465		accuracy = 0.376800000667572
Training round: 466		accuracy = 0.37059998512268066
Training round: 467		accuracy = 0.39989998936653137
Training round: 468		accuracy = 0.4196000099182129
Training round: 469		accuracy = 0.40610000491142273
Training round: 470		accuracy = 0.24199999868869781
Training round: 471		accuracy = 0.24289999902248383
Training round: 472		accuracy = 0.38600000739097595
Training round: 473		accuracy = 0.3237000107765198
Training round: 474		accuracy = 0.22709999978542328
Training round: 475		accuracy = 0.41370001435279846
Training round: 476		accuracy = 0.4047999978065491
Training round: 477		accuracy = 0.4487000107765198
Training round: 478		accuracy = 0.4124999940395355
Training round: 479		accuracy = 0.2502000033855438
Training round: 480		accuracy = 0.45159998536109924
Training round: 481		accuracy = 0.41609999537467957
Training round: 482		accuracy = 0.4101000130176544
Training round: 483		accuracy = 0.4138000011444092
Training round: 484		accuracy = 0.3767000138759613
Training round: 485		accuracy = 0.4499000012874603
Training round: 486		accuracy = 0.46970000863075256
Training round: 487		accuracy = 0.42010000348091125
Training round: 488		accuracy = 0.33219999074935913
Training round: 489		accuracy = 0.40790000557899475
Training round: 490		accuracy = 0.23770000040531158
Training round: 491		accuracy = 0.3249000012874603
Training round: 492		accuracy = 0.4235999882221222
Training round: 493		accuracy = 0.3190000057220459
Training round: 494		accuracy = 0.24050000309944153
Training round: 495		accuracy = 0.397599995136261
Training round: 496		accuracy = 0.38519999384880066
Training round: 497		accuracy = 0.4325000047683716
Training round: 498		accuracy = 0.44350001215934753
Training round: 499		accuracy = 0.22869999706745148
Training round: 500		accuracy = 0.423799991607666
Training round: 501		accuracy = 0.44190001487731934
Training round: 502		accuracy = 0.4056999981403351
Training round: 503		accuracy = 0.4156999886035919
Training round: 504		accuracy = 0.4117000102996826
Training round: 505		accuracy = 0.421999990940094
Training round: 506		accuracy = 0.43860000371932983
Training round: 507		accuracy = 0.42809998989105225
Training round: 508		accuracy = 0.4133000075817108
Training round: 509		accuracy = 0.42890000343322754
Training round: 510		accuracy = 0.43459999561309814
Training round: 511		accuracy = 0.4097000062465668
Training round: 512		accuracy = 0.3357999920845032
Training round: 513		accuracy = 0.23690000176429749
Training round: 514		accuracy = 0.4171000123023987
Training round: 515		accuracy = 0.27639999985694885
Training round: 516		accuracy = 0.33500000834465027
Training round: 517		accuracy = 0.32820001244544983
Training round: 518		accuracy = 0.41510000824928284
Training round: 519		accuracy = 0.44999998807907104
Training round: 520		accuracy = 0.3946000039577484
Training round: 521		accuracy = 0.436599999666214
Training round: 522		accuracy = 0.41589999198913574
Training round: 523		accuracy = 0.3799999952316284
Training round: 524		accuracy = 0.22529999911785126
Training round: 525		accuracy = 0.3594000041484833
Training round: 526		accuracy = 0.4278999865055084
Training round: 527		accuracy = 0.43970000743865967
Training round: 528		accuracy = 0.260699987411499
Training round: 529		accuracy = 0.3386000096797943
Training round: 530		accuracy = 0.24699999392032623
Training round: 531		accuracy = 0.40880000591278076
Training round: 532		accuracy = 0.42160001397132874
Training round: 533		accuracy = 0.4122999906539917
Training round: 534		accuracy = 0.42730000615119934
Training round: 535		accuracy = 0.41530001163482666
Training round: 536		accuracy = 0.41690000891685486
Training round: 537		accuracy = 0.2773999869823456
Training round: 538		accuracy = 0.2526000142097473
Training round: 539		accuracy = 0.4368000030517578
Training round: 540		accuracy = 0.2451999932527542
Training round: 541		accuracy = 0.4059999883174896
Training round: 542		accuracy = 0.34049999713897705
Training round: 543		accuracy = 0.4214000105857849
Training round: 544		accuracy = 0.44449999928474426
Training round: 545		accuracy = 0.4262999892234802
Training round: 546		accuracy = 0.44999998807907104
Training round: 547		accuracy = 0.259799987077713
Training round: 548		accuracy = 0.3246000111103058
Training round: 549		accuracy = 0.46209999918937683
Training round: 550		accuracy = 0.4383000135421753
Training round: 551		accuracy = 0.4187000095844269
Training round: 552		accuracy = 0.4458000063896179
Training round: 553		accuracy = 0.2379000037908554
Training round: 554		accuracy = 0.44290000200271606
Training round: 555		accuracy = 0.4458000063896179
Training round: 556		accuracy = 0.42570000886917114
Training round: 557		accuracy = 0.41819998621940613
Training round: 558		accuracy = 0.24560000002384186
Training round: 559		accuracy = 0.421099990606308
Training round: 560		accuracy = 0.4334999918937683
Training round: 561		accuracy = 0.46309998631477356
Training round: 562		accuracy = 0.4375999867916107
Training round: 563		accuracy = 0.3402999937534332
Training round: 564		accuracy = 0.3828999996185303
Training round: 565		accuracy = 0.4269999861717224
Training round: 566		accuracy = 0.41530001163482666
Training round: 567		accuracy = 0.41830000281333923
Training round: 568		accuracy = 0.41749998927116394
Training round: 569		accuracy = 0.44119998812675476
Training round: 570		accuracy = 0.414900004863739
Training round: 571		accuracy = 0.44769999384880066
Training round: 572		accuracy = 0.40959998965263367
Training round: 573		accuracy = 0.2508000135421753
Training round: 574		accuracy = 0.24379999935626984
Training round: 575		accuracy = 0.424699991941452
Training round: 576		accuracy = 0.4043000042438507
Training round: 577		accuracy = 0.4715000092983246
Training round: 578		accuracy = 0.2802000045776367
Training round: 579		accuracy = 0.43779999017715454
Training round: 580		accuracy = 0.2849000096321106
Training round: 581		accuracy = 0.26080000400543213
Training round: 582		accuracy = 0.38589999079704285
Training round: 583		accuracy = 0.4235000014305115
Training round: 584		accuracy = 0.4490000009536743
Training round: 585		accuracy = 0.4325999915599823
Training round: 586		accuracy = 0.39730000495910645
Training round: 587		accuracy = 0.413100004196167
Training round: 588		accuracy = 0.4099000096321106
Training round: 589		accuracy = 0.4401000142097473
Training round: 590		accuracy = 0.45190000534057617
Training round: 591		accuracy = 0.454800009727478
Training round: 592		accuracy = 0.4510999917984009
Training round: 593		accuracy = 0.42969998717308044
Training round: 594		accuracy = 0.2924000024795532
Training round: 595		accuracy = 0.4343999922275543
Training round: 596		accuracy = 0.429500013589859
Training round: 597		accuracy = 0.2676999866962433
Training round: 598		accuracy = 0.3903999924659729
Training round: 599		accuracy = 0.23839999735355377
Training round: 600		accuracy = 0.4291999936103821
Training round: 601		accuracy = 0.43220001459121704
Training round: 602		accuracy = 0.42899999022483826
Training round: 603		accuracy = 0.271699994802475
Training round: 604		accuracy = 0.3849000036716461
Training round: 605		accuracy = 0.45210000872612
Training round: 606		accuracy = 0.40779998898506165
Training round: 607		accuracy = 0.4171999990940094
Training round: 608		accuracy = 0.3515999913215637
Training round: 609		accuracy = 0.4401000142097473
Training round: 610		accuracy = 0.43459999561309814
Training round: 611		accuracy = 0.3458000123500824
Training round: 612		accuracy = 0.33660000562667847
Training round: 613		accuracy = 0.4424999952316284
Training round: 614		accuracy = 0.4375
Training round: 615		accuracy = 0.2761000096797943
Training round: 616		accuracy = 0.4212000072002411
Training round: 617		accuracy = 0.4002000093460083
Training round: 618		accuracy = 0.3490999937057495
Training round: 619		accuracy = 0.33160001039505005
Training round: 620		accuracy = 0.45329999923706055
Training round: 621		accuracy = 0.44279998540878296
Training round: 622		accuracy = 0.4381999969482422
Training round: 623		accuracy = 0.46059998869895935
Training round: 624		accuracy = 0.43779999017715454
Training round: 625		accuracy = 0.47749999165534973
Training round: 626		accuracy = 0.32120001316070557
Training round: 627		accuracy = 0.46059998869895935
Training round: 628		accuracy = 0.39410001039505005
Training round: 629		accuracy = 0.26260000467300415
Training round: 630		accuracy = 0.35030001401901245
Training round: 631		accuracy = 0.36399999260902405
Training round: 632		accuracy = 0.3513999879360199
Training round: 633		accuracy = 0.36899998784065247
Training round: 634		accuracy = 0.4632999897003174
Training round: 635		accuracy = 0.39660000801086426
Training round: 636		accuracy = 0.45669999718666077
Training round: 637		accuracy = 0.4465999901294708
Training round: 638		accuracy = 0.44359999895095825
Training round: 639		accuracy = 0.399399995803833
Training round: 640		accuracy = 0.3671000003814697
Training round: 641		accuracy = 0.3179999887943268
Training round: 642		accuracy = 0.4713999927043915
Training round: 643		accuracy = 0.4383000135421753
Training round: 644		accuracy = 0.447299987077713
Training round: 645		accuracy = 0.4009000062942505
Training round: 646		accuracy = 0.41530001163482666
Training round: 647		accuracy = 0.43369999527931213
Training round: 648		accuracy = 0.5126000046730042
Training round: 649		accuracy = 0.48910000920295715
Training round: 650		accuracy = 0.43790000677108765
Training round: 651		accuracy = 0.4474000036716461
Training round: 652		accuracy = 0.45500001311302185
Training round: 653		accuracy = 0.4740999937057495
Training round: 654		accuracy = 0.4327000081539154
Training round: 655		accuracy = 0.35670000314712524
Training round: 656		accuracy = 0.4542999863624573
Training round: 657		accuracy = 0.29330000281333923
Training round: 658		accuracy = 0.2578999996185303
Training round: 659		accuracy = 0.4993000030517578
Training round: 660		accuracy = 0.4864000082015991
Training round: 661		accuracy = 0.44110000133514404
Training round: 662		accuracy = 0.2451000064611435
Training round: 663		accuracy = 0.23469999432563782
Training round: 664		accuracy = 0.4474000036716461
Training round: 665		accuracy = 0.24169999361038208
Training round: 666		accuracy = 0.45969998836517334
Training round: 667		accuracy = 0.4189000129699707
Training round: 668		accuracy = 0.37880000472068787
Training round: 669		accuracy = 0.3522999882698059
Training round: 670		accuracy = 0.4526999890804291
Training round: 671		accuracy = 0.4269999861717224
Training round: 672		accuracy = 0.4404999911785126
Training round: 673		accuracy = 0.4359000027179718
Training round: 674		accuracy = 0.37929999828338623
Training round: 675		accuracy = 0.4442000091075897
Training round: 676		accuracy = 0.4413999915122986
Training round: 677		accuracy = 0.2705000042915344
Training round: 678		accuracy = 0.4174000024795532
Training round: 679		accuracy = 0.25699999928474426
Training round: 680		accuracy = 0.24609999358654022
Training round: 681		accuracy = 0.23989999294281006
Training round: 682		accuracy = 0.4041000008583069
Training round: 683		accuracy = 0.4551999866962433
Training round: 684		accuracy = 0.44339999556541443
Training round: 685		accuracy = 0.43059998750686646
Training round: 686		accuracy = 0.43689998984336853
Training round: 687		accuracy = 0.5108000040054321
Training round: 688		accuracy = 0.46549999713897705
Training round: 689		accuracy = 0.44940000772476196
Training round: 690		accuracy = 0.3091000020503998
Training round: 691		accuracy = 0.2718999981880188
Training round: 692		accuracy = 0.2757999897003174
Training round: 693		accuracy = 0.25949999690055847
Training round: 694		accuracy = 0.4641000032424927
Training round: 695		accuracy = 0.44830000400543213
Training round: 696		accuracy = 0.41200000047683716
Training round: 697		accuracy = 0.4453999996185303
Training round: 698		accuracy = 0.45559999346733093
Training round: 699		accuracy = 0.4404999911785126
Training round: 700		accuracy = 0.35600000619888306
Training round: 701		accuracy = 0.4893999993801117
Training round: 702		accuracy = 0.43779999017715454
Training round: 703		accuracy = 0.4399000108242035
Training round: 704		accuracy = 0.45210000872612
Training round: 705		accuracy = 0.43880000710487366
Training round: 706		accuracy = 0.4659000039100647
Training round: 707		accuracy = 0.46480000019073486
Training round: 708		accuracy = 0.42829999327659607
Training round: 709		accuracy = 0.47870001196861267
Training round: 710		accuracy = 0.4603999853134155
Training round: 711		accuracy = 0.3319999873638153
Training round: 712		accuracy = 0.4221999943256378
Training round: 713		accuracy = 0.4406000077724457
Training round: 714		accuracy = 0.4275999963283539
Training round: 715		accuracy = 0.367000013589859
Training round: 716		accuracy = 0.41130000352859497
Training round: 717		accuracy = 0.391400009393692
Training round: 718		accuracy = 0.460999995470047
Training round: 719		accuracy = 0.4480000138282776
Training round: 720		accuracy = 0.4586000144481659
Training round: 721		accuracy = 0.45579999685287476
Training round: 722		accuracy = 0.4458000063896179
Training round: 723		accuracy = 0.4487999975681305
Training round: 724		accuracy = 0.27489998936653137
Training round: 725		accuracy = 0.4108000099658966
Training round: 726		accuracy = 0.45089998841285706
Training round: 727		accuracy = 0.4634999930858612
Training round: 728		accuracy = 0.4756999909877777
Training round: 729		accuracy = 0.4625000059604645
Training round: 730		accuracy = 0.4560999870300293
Training round: 731		accuracy = 0.46799999475479126
Training round: 732		accuracy = 0.44699999690055847
Training round: 733		accuracy = 0.46549999713897705
Training round: 734		accuracy = 0.415800005197525
Training round: 735		accuracy = 0.4505999982357025
Training round: 736		accuracy = 0.4408000111579895
Training round: 737		accuracy = 0.27880001068115234
Training round: 738		accuracy = 0.45190000534057617
Training round: 739		accuracy = 0.4693000018596649
Training round: 740		accuracy = 0.46959999203681946
Training round: 741		accuracy = 0.3610000014305115
Training round: 742		accuracy = 0.4790000021457672
Training round: 743		accuracy = 0.4832000136375427
Training round: 744		accuracy = 0.4481000006198883
Training round: 745		accuracy = 0.5078999996185303
Training round: 746		accuracy = 0.489300012588501
Training round: 747		accuracy = 0.4124000072479248
Training round: 748		accuracy = 0.3619000017642975
Training round: 749		accuracy = 0.450300008058548
Training round: 750		accuracy = 0.43869999051094055
Training round: 751		accuracy = 0.4733999967575073
Training round: 752		accuracy = 0.2705000042915344
Training round: 753		accuracy = 0.41370001435279846
Training round: 754		accuracy = 0.451200008392334
Training round: 755		accuracy = 0.2822999954223633
Training round: 756		accuracy = 0.459199994802475
Training round: 757		accuracy = 0.2700999975204468
Training round: 758		accuracy = 0.4056999981403351
Training round: 759		accuracy = 0.4352000057697296
Training round: 760		accuracy = 0.41260001063346863
Training round: 761		accuracy = 0.48010000586509705
Training round: 762		accuracy = 0.47189998626708984
Training round: 763		accuracy = 0.482699990272522
Training round: 764		accuracy = 0.4526999890804291
Training round: 765		accuracy = 0.47870001196861267
Training round: 766		accuracy = 0.48350000381469727
Training round: 767		accuracy = 0.48840001225471497
Training round: 768		accuracy = 0.47200000286102295
Training round: 769		accuracy = 0.49959999322891235
Training round: 770		accuracy = 0.5008999705314636
Training round: 771		accuracy = 0.4794999957084656
Training round: 772		accuracy = 0.383899986743927
Training round: 773		accuracy = 0.4966000020503998
Training round: 774		accuracy = 0.4878999888896942
Training round: 775		accuracy = 0.450300008058548
Training round: 776		accuracy = 0.4862000048160553
Training round: 777		accuracy = 0.41449999809265137
Training round: 778		accuracy = 0.47209998965263367
Training round: 779		accuracy = 0.49079999327659607
Training round: 780		accuracy = 0.3849000036716461
Training round: 781		accuracy = 0.47600001096725464
Training round: 782		accuracy = 0.4390999972820282
Training round: 783		accuracy = 0.44909998774528503
Training round: 784		accuracy = 0.400299996137619
Training round: 785		accuracy = 0.4772000014781952
Training round: 786		accuracy = 0.2621999979019165
Training round: 787		accuracy = 0.4530999958515167
Training round: 788		accuracy = 0.5019000172615051
Training round: 789		accuracy = 0.4832000136375427
Training round: 790		accuracy = 0.47749999165534973
Training round: 791		accuracy = 0.4844000041484833
Training round: 792		accuracy = 0.4846000075340271
Training round: 793		accuracy = 0.4788999855518341
Training round: 794		accuracy = 0.4706000089645386
Training round: 795		accuracy = 0.4693000018596649
Training round: 796		accuracy = 0.504800021648407
Training round: 797		accuracy = 0.3124000132083893
Training round: 798		accuracy = 0.47119998931884766
Training round: 799		accuracy = 0.42489999532699585
Training round: 800		accuracy = 0.5116000175476074
Training round: 801		accuracy = 0.4805000126361847
Training round: 802		accuracy = 0.46799999475479126
Training round: 803		accuracy = 0.43880000710487366
Training round: 804		accuracy = 0.4632999897003174
Training round: 805		accuracy = 0.28519999980926514
Training round: 806		accuracy = 0.28839999437332153
Training round: 807		accuracy = 0.2782999873161316
Training round: 808		accuracy = 0.45989999175071716
Training round: 809		accuracy = 0.48890000581741333
Training round: 810		accuracy = 0.4925000071525574
Training round: 811		accuracy = 0.48750001192092896
Training round: 812		accuracy = 0.47929999232292175
Training round: 813		accuracy = 0.4474000036716461
Training round: 814		accuracy = 0.4966999888420105
Training round: 815		accuracy = 0.492900013923645
Training round: 816		accuracy = 0.5135999917984009
Training round: 817		accuracy = 0.4952000081539154
Training round: 818		accuracy = 0.4471000134944916
Training round: 819		accuracy = 0.4553999900817871
Training round: 820		accuracy = 0.4896000027656555
Training round: 821		accuracy = 0.4494999945163727
Training round: 822		accuracy = 0.4867999851703644
Training round: 823		accuracy = 0.26260000467300415
Training round: 824		accuracy = 0.505299985408783
Training round: 825		accuracy = 0.4846000075340271
Training round: 826		accuracy = 0.4936999976634979
Training round: 827		accuracy = 0.5073999762535095
Training round: 828		accuracy = 0.30559998750686646
Training round: 829		accuracy = 0.4697999954223633
Training round: 830		accuracy = 0.47540000081062317
Training round: 831		accuracy = 0.45829999446868896
Training round: 832		accuracy = 0.4066999852657318
Training round: 833		accuracy = 0.4311999976634979
Training round: 834		accuracy = 0.48989999294281006
Training round: 835		accuracy = 0.3041999936103821
Training round: 836		accuracy = 0.4700999855995178
Training round: 837		accuracy = 0.4690000116825104
Training round: 838		accuracy = 0.4634999930858612
Training round: 839		accuracy = 0.2777000069618225
Training round: 840		accuracy = 0.48809999227523804
Training round: 841		accuracy = 0.28859999775886536
Training round: 842		accuracy = 0.4691999852657318
Training round: 843		accuracy = 0.49480000138282776
Training round: 844		accuracy = 0.51419997215271
Training round: 845		accuracy = 0.48240000009536743
Training round: 846		accuracy = 0.5242999792098999
Training round: 847		accuracy = 0.48669999837875366
Training round: 848		accuracy = 0.4174000024795532
Training round: 849		accuracy = 0.3693999946117401
Training round: 850		accuracy = 0.37389999628067017
Training round: 851		accuracy = 0.3386000096797943
Training round: 852		accuracy = 0.48559999465942383
Training round: 853		accuracy = 0.46549999713897705
Training round: 854		accuracy = 0.31369999051094055
Training round: 855		accuracy = 0.4618000090122223
Training round: 856		accuracy = 0.5065000057220459
Training round: 857		accuracy = 0.3027999997138977
Training round: 858		accuracy = 0.5019000172615051
Training round: 859		accuracy = 0.30149999260902405
Training round: 860		accuracy = 0.45260000228881836
Training round: 861		accuracy = 0.2513999938964844
Training round: 862		accuracy = 0.4018000066280365
Training round: 863		accuracy = 0.5325000286102295
Training round: 864		accuracy = 0.4352000057697296
Training round: 865		accuracy = 0.44999998807907104
Training round: 866		accuracy = 0.40860000252723694
Training round: 867		accuracy = 0.46050000190734863
Training round: 868		accuracy = 0.4424999952316284
Training round: 869		accuracy = 0.43630000948905945
Training round: 870		accuracy = 0.49779999256134033
Training round: 871		accuracy = 0.4916999936103821
Training round: 872		accuracy = 0.5013999938964844
Training round: 873		accuracy = 0.3109999895095825
Training round: 874		accuracy = 0.4503999948501587
Training round: 875		accuracy = 0.46639999747276306
Training round: 876		accuracy = 0.4918999969959259
Training round: 877		accuracy = 0.4950999915599823
Training round: 878		accuracy = 0.49390000104904175
Training round: 879		accuracy = 0.38690000772476196
Training round: 880		accuracy = 0.46700000762939453
Training round: 881		accuracy = 0.45089998841285706
Training round: 882		accuracy = 0.44179999828338623
Training round: 883		accuracy = 0.5040000081062317
Training round: 884		accuracy = 0.5067999958992004
Training round: 885		accuracy = 0.4921000003814697
Training round: 886		accuracy = 0.4918000102043152
Training round: 887		accuracy = 0.48910000920295715
Training round: 888		accuracy = 0.4912000000476837
Training round: 889		accuracy = 0.5162000060081482
Training round: 890		accuracy = 0.5045999884605408
Training round: 891		accuracy = 0.508400022983551
Training round: 892		accuracy = 0.3402999937534332
Training round: 893		accuracy = 0.47600001096725464
Training round: 894		accuracy = 0.47380000352859497
Training round: 895		accuracy = 0.43560001254081726
Training round: 896		accuracy = 0.5277000069618225
Training round: 897		accuracy = 0.4560999870300293
Training round: 898		accuracy = 0.48730000853538513
Training round: 899		accuracy = 0.5120000243186951
Training round: 900		accuracy = 0.505299985408783
Training round: 901		accuracy = 0.5149000287055969
Training round: 902		accuracy = 0.5024999976158142
Training round: 903		accuracy = 0.48510000109672546
Training round: 904		accuracy = 0.3165000081062317
Training round: 905		accuracy = 0.3005000054836273
Training round: 906		accuracy = 0.47099998593330383
Training round: 907		accuracy = 0.4690000116825104
Training round: 908		accuracy = 0.45829999446868896
Training round: 909		accuracy = 0.4560000002384186
Training round: 910		accuracy = 0.4607999920845032
Training round: 911		accuracy = 0.4562000036239624
Training round: 912		accuracy = 0.4641999900341034
Training round: 913		accuracy = 0.4781000018119812
Training round: 914		accuracy = 0.4959000051021576
Training round: 915		accuracy = 0.44530001282691956
Training round: 916		accuracy = 0.45100000500679016
Training round: 917		accuracy = 0.49309998750686646
Training round: 918		accuracy = 0.5047000050544739
Training round: 919		accuracy = 0.40700000524520874
Training round: 920		accuracy = 0.3066999912261963
Training round: 921		accuracy = 0.28209999203681946
Training round: 922		accuracy = 0.4767000079154968
Training round: 923		accuracy = 0.47909998893737793
Training round: 924		accuracy = 0.5386000275611877
Training round: 925		accuracy = 0.4684999883174896
Training round: 926		accuracy = 0.5217000246047974
Training round: 927		accuracy = 0.5303000211715698
Training round: 928		accuracy = 0.4871000051498413
Training round: 929		accuracy = 0.4948999881744385
Training round: 930		accuracy = 0.5011000037193298
Training round: 931		accuracy = 0.4742000102996826
Training round: 932		accuracy = 0.29679998755455017
Training round: 933		accuracy = 0.2533999979496002
Training round: 934		accuracy = 0.5142999887466431
Training round: 935		accuracy = 0.40689998865127563
Training round: 936		accuracy = 0.5167999863624573
Training round: 937		accuracy = 0.5098000168800354
Training round: 938		accuracy = 0.5121999979019165
Training round: 939		accuracy = 0.2851000130176544
Training round: 940		accuracy = 0.4830999970436096
Training round: 941		accuracy = 0.5145000219345093
Training round: 942		accuracy = 0.5322999954223633
Training round: 943		accuracy = 0.4390000104904175
Training round: 944		accuracy = 0.39469999074935913
Training round: 945		accuracy = 0.44209998846054077
Training round: 946		accuracy = 0.45170000195503235
Training round: 947		accuracy = 0.5248000025749207
Training round: 948		accuracy = 0.49000000953674316
Training round: 949		accuracy = 0.47999998927116394
Training round: 950		accuracy = 0.4661000072956085
Training round: 951		accuracy = 0.49779999256134033
Training round: 952		accuracy = 0.32089999318122864
Training round: 953		accuracy = 0.5069000124931335
Training round: 954		accuracy = 0.5152999758720398
Training round: 955		accuracy = 0.4991999864578247
Training round: 956		accuracy = 0.4000999927520752
Training round: 957		accuracy = 0.4027000069618225
Training round: 958		accuracy = 0.40540000796318054
Training round: 959		accuracy = 0.2964000105857849
Training round: 960		accuracy = 0.5286999940872192
Training round: 961		accuracy = 0.31630000472068787
Training round: 962		accuracy = 0.4814999997615814
Training round: 963		accuracy = 0.5260000228881836
Training round: 964		accuracy = 0.4652999937534332
Training round: 965		accuracy = 0.5321999788284302
Training round: 966		accuracy = 0.46160000562667847
Training round: 967		accuracy = 0.4970000088214874
Training round: 968		accuracy = 0.5314000248908997
Training round: 969		accuracy = 0.5504000186920166
Training round: 970		accuracy = 0.48159998655319214
Training round: 971		accuracy = 0.48539999127388
Training round: 972		accuracy = 0.5012999773025513
Training round: 973		accuracy = 0.49540001153945923
Training round: 974		accuracy = 0.44440001249313354
Training round: 975		accuracy = 0.4643000066280365
Training round: 976		accuracy = 0.46219998598098755
Training round: 977		accuracy = 0.29170000553131104
Training round: 978		accuracy = 0.2874000072479248
Training round: 979		accuracy = 0.47040000557899475
Training round: 980		accuracy = 0.5088000297546387
Training round: 981		accuracy = 0.5084999799728394
Training round: 982		accuracy = 0.3197000026702881
Training round: 983		accuracy = 0.5026000142097473
Training round: 984		accuracy = 0.32339999079704285
Training round: 985		accuracy = 0.5015000104904175
Training round: 986		accuracy = 0.4717000126838684
Training round: 987		accuracy = 0.4690999984741211
Training round: 988		accuracy = 0.5257999897003174
Training round: 989		accuracy = 0.5310999751091003
Training round: 990		accuracy = 0.5040000081062317
Training round: 991		accuracy = 0.4399000108242035
Training round: 992		accuracy = 0.48890000581741333
Training round: 993		accuracy = 0.517300009727478
Training round: 994		accuracy = 0.5083000063896179
Training round: 995		accuracy = 0.5327000021934509
Training round: 996		accuracy = 0.5131000280380249
Training round: 997		accuracy = 0.5015000104904175
Training round: 998		accuracy = 0.5533999800682068
Training round: 999		accuracy = 0.4830000102519989
Training round: 1000		accuracy = 0.46709999442100525
Training duration 10599.393273115158
