2021-08-23 16:56:11.696398: I tensorflow/stream_executor/platform/default/dso_loader.cc:49] Successfully opened dynamic library libcudart.so.11.0
2021-08-23 16:56:28.455800: I tensorflow/compiler/jit/xla_cpu_device.cc:41] Not creating XLA devices, tf_xla_enable_xla_devices not set
2021-08-23 16:56:28.463627: I tensorflow/stream_executor/platform/default/dso_loader.cc:49] Successfully opened dynamic library libcuda.so.1
2021-08-23 16:56:28.548680: I tensorflow/core/common_runtime/gpu/gpu_device.cc:1720] Found device 0 with properties: 
pciBusID: 0000:3b:00.0 name: Tesla V100-SXM2-32GB computeCapability: 7.0
coreClock: 1.53GHz coreCount: 80 deviceMemorySize: 31.75GiB deviceMemoryBandwidth: 836.37GiB/s
2021-08-23 16:56:28.559787: I tensorflow/stream_executor/platform/default/dso_loader.cc:49] Successfully opened dynamic library libcudart.so.11.0
2021-08-23 16:56:28.575800: I tensorflow/stream_executor/platform/default/dso_loader.cc:49] Successfully opened dynamic library libcublas.so.11
2021-08-23 16:56:28.576003: I tensorflow/stream_executor/platform/default/dso_loader.cc:49] Successfully opened dynamic library libcublasLt.so.11
2021-08-23 16:56:28.581623: I tensorflow/stream_executor/platform/default/dso_loader.cc:49] Successfully opened dynamic library libcufft.so.10
2021-08-23 16:56:28.585844: I tensorflow/stream_executor/platform/default/dso_loader.cc:49] Successfully opened dynamic library libcurand.so.10
2021-08-23 16:56:28.594631: I tensorflow/stream_executor/platform/default/dso_loader.cc:49] Successfully opened dynamic library libcusolver.so.10
2021-08-23 16:56:28.596962: I tensorflow/stream_executor/platform/default/dso_loader.cc:49] Successfully opened dynamic library libcusparse.so.11
2021-08-23 16:56:28.597581: I tensorflow/stream_executor/platform/default/dso_loader.cc:49] Successfully opened dynamic library libcudnn.so.8
2021-08-23 16:56:28.610617: I tensorflow/core/common_runtime/gpu/gpu_device.cc:1862] Adding visible gpu devices: 0
2021-08-23 16:56:28.614304: I tensorflow/core/platform/cpu_feature_guard.cc:142] This TensorFlow binary is optimized with oneAPI Deep Neural Network Library (oneDNN) to use the following CPU instructions in performance-critical operations:  AVX2 AVX512F FMA
To enable them in other operations, rebuild TensorFlow with the appropriate compiler flags.
2021-08-23 16:56:28.614826: I tensorflow/compiler/jit/xla_gpu_device.cc:99] Not creating XLA devices, tf_xla_enable_xla_devices not set
2021-08-23 16:56:28.620912: I tensorflow/core/common_runtime/gpu/gpu_device.cc:1720] Found device 0 with properties: 
pciBusID: 0000:3b:00.0 name: Tesla V100-SXM2-32GB computeCapability: 7.0
coreClock: 1.53GHz coreCount: 80 deviceMemorySize: 31.75GiB deviceMemoryBandwidth: 836.37GiB/s
2021-08-23 16:56:28.621085: I tensorflow/stream_executor/platform/default/dso_loader.cc:49] Successfully opened dynamic library libcudart.so.11.0
2021-08-23 16:56:28.621236: I tensorflow/stream_executor/platform/default/dso_loader.cc:49] Successfully opened dynamic library libcublas.so.11
2021-08-23 16:56:28.621397: I tensorflow/stream_executor/platform/default/dso_loader.cc:49] Successfully opened dynamic library libcublasLt.so.11
2021-08-23 16:56:28.621526: I tensorflow/stream_executor/platform/default/dso_loader.cc:49] Successfully opened dynamic library libcufft.so.10
2021-08-23 16:56:28.621661: I tensorflow/stream_executor/platform/default/dso_loader.cc:49] Successfully opened dynamic library libcurand.so.10
2021-08-23 16:56:28.621793: I tensorflow/stream_executor/platform/default/dso_loader.cc:49] Successfully opened dynamic library libcusolver.so.10
2021-08-23 16:56:28.621857: I tensorflow/stream_executor/platform/default/dso_loader.cc:49] Successfully opened dynamic library libcusparse.so.11
2021-08-23 16:56:28.622015: I tensorflow/stream_executor/platform/default/dso_loader.cc:49] Successfully opened dynamic library libcudnn.so.8
2021-08-23 16:56:28.634321: I tensorflow/core/common_runtime/gpu/gpu_device.cc:1862] Adding visible gpu devices: 0
2021-08-23 16:56:28.634510: I tensorflow/stream_executor/platform/default/dso_loader.cc:49] Successfully opened dynamic library libcudart.so.11.0
2021-08-23 16:56:29.692466: I tensorflow/core/common_runtime/gpu/gpu_device.cc:1261] Device interconnect StreamExecutor with strength 1 edge matrix:
2021-08-23 16:56:29.692639: I tensorflow/core/common_runtime/gpu/gpu_device.cc:1267]      0 
2021-08-23 16:56:29.692765: I tensorflow/core/common_runtime/gpu/gpu_device.cc:1280] 0:   N 
2021-08-23 16:56:29.700259: I tensorflow/core/common_runtime/gpu/gpu_device.cc:1406] Created TensorFlow device (/job:localhost/replica:0/task:0/device:GPU:0 with 30130 MB memory) -> physical GPU (device: 0, name: Tesla V100-SXM2-32GB, pci bus id: 0000:3b:00.0, compute capability: 7.0)
2021-08-23 16:56:35.258943: I tensorflow/compiler/mlir/mlir_graph_optimization_pass.cc:116] None of the MLIR optimization passes are enabled (registered 2)
2021-08-23 16:56:35.263143: I tensorflow/core/platform/profile_utils/cpu_utils.cc:112] CPU Frequency: 2100000000 Hz
2021-08-23 16:56:35.355833: I tensorflow/stream_executor/platform/default/dso_loader.cc:49] Successfully opened dynamic library libcublas.so.11
2021-08-23 16:56:35.919843: I tensorflow/stream_executor/platform/default/dso_loader.cc:49] Successfully opened dynamic library libcublasLt.so.11
2021-08-23 16:56:35.930580: I tensorflow/stream_executor/platform/default/dso_loader.cc:49] Successfully opened dynamic library libcudnn.so.8
2021-08-23 16:56:38.457406: W tensorflow/stream_executor/gpu/asm_compiler.cc:63] Running ptxas --version returned 256
2021-08-23 16:56:38.537641: W tensorflow/stream_executor/gpu/redzone_allocator.cc:314] Internal: ptxas exited with non-zero error code 256, output: 
Relying on driver to perform ptx compilation. 
Modify $PATH to customize ptxas location.
This message will be only logged once.
DeleteMutator started.
DeleteMutator finished.
Training round: 1		accuracy = 0.6550724506378174
Training round: 2		accuracy = 0.6550724506378174
Training round: 3		accuracy = 0.5927536487579346
Training round: 4		accuracy = 0.6550724506378174
Training round: 5		accuracy = 0.6550724506378174
Training round: 6		accuracy = 0.6550724506378174
Training round: 7		accuracy = 0.618550717830658
Training round: 8		accuracy = 0.5605797171592712
Training round: 9		accuracy = 0.6550724506378174
Training round: 10		accuracy = 0.643478274345398
Training round: 11		accuracy = 0.6440579891204834
Training round: 12		accuracy = 0.6556521654129028
Training round: 13		accuracy = 0.6484057903289795
Training round: 14		accuracy = 0.6553623080253601
Training round: 15		accuracy = 0.6376811861991882
Training round: 16		accuracy = 0.6371014714241028
Training round: 17		accuracy = 0.6397101283073425
Training round: 18		accuracy = 0.6472463607788086
Training round: 19		accuracy = 0.6556521654129028
Training round: 20		accuracy = 0.6547825932502747
Training round: 21		accuracy = 0.6550724506378174
Training round: 22		accuracy = 0.6382608413696289
Training round: 23		accuracy = 0.6559420228004456
Training round: 24		accuracy = 0.6542028784751892
Training round: 25		accuracy = 0.6556521654129028
Training round: 26		accuracy = 0.6556521654129028
Training round: 27		accuracy = 0.6623188257217407
Training round: 28		accuracy = 0.6553623080253601
Training round: 29		accuracy = 0.656521737575531
Training round: 30		accuracy = 0.6550724506378174
Training round: 31		accuracy = 0.6539130210876465
Training round: 32		accuracy = 0.6550724506378174
Training round: 33		accuracy = 0.6489855051040649
Training round: 34		accuracy = 0.6562318801879883
Training round: 35		accuracy = 0.6594203114509583
Training round: 36		accuracy = 0.6571014523506165
Training round: 37		accuracy = 0.6579710245132446
Training round: 38		accuracy = 0.6573913097381592
Training round: 39		accuracy = 0.6602898836135864
Training round: 40		accuracy = 0.6602898836135864
Training round: 41		accuracy = 0.659710168838501
Training round: 42		accuracy = 0.6631883978843689
Training round: 43		accuracy = 0.6640579700469971
Training round: 44		accuracy = 0.6623188257217407
Training round: 45		accuracy = 0.6649275422096252
Training round: 46		accuracy = 0.6669565439224243
Training round: 47		accuracy = 0.6626086831092834
Training round: 48		accuracy = 0.6628985404968262
Training round: 49		accuracy = 0.6666666865348816
Training round: 50		accuracy = 0.6640579700469971
Training round: 51		accuracy = 0.6721739172935486
Training round: 52		accuracy = 0.6721739172935486
Training round: 53		accuracy = 0.6646376848220825
Training round: 54		accuracy = 0.667246401309967
Training round: 55		accuracy = 0.6666666865348816
Training round: 56		accuracy = 0.6657971143722534
Training round: 57		accuracy = 0.6637681126594543
Training round: 58		accuracy = 0.6649275422096252
Training round: 59		accuracy = 0.6689854860305786
Training round: 60		accuracy = 0.6710144877433777
Training round: 61		accuracy = 0.6710144877433777
Training round: 62		accuracy = 0.6704347729682922
Training round: 63		accuracy = 0.6701449155807495
Training round: 64		accuracy = 0.6692753434181213
Training round: 65		accuracy = 0.6718840599060059
Training round: 66		accuracy = 0.6715942025184631
Training round: 67		accuracy = 0.6739130616188049
Training round: 68		accuracy = 0.6713043451309204
Training round: 69		accuracy = 0.6744927763938904
Training round: 70		accuracy = 0.6724637746810913
Training round: 71		accuracy = 0.6742029190063477
Training round: 72		accuracy = 0.6715942025184631
Training round: 73		accuracy = 0.6730434894561768
Training round: 74		accuracy = 0.6739130616188049
Training round: 75		accuracy = 0.6710144877433777
Training round: 76		accuracy = 0.6742029190063477
Training round: 77		accuracy = 0.6750724911689758
Training round: 78		accuracy = 0.6718840599060059
Training round: 79		accuracy = 0.6715942025184631
Training round: 80		accuracy = 0.6730434894561768
Training round: 81		accuracy = 0.6744927763938904
Training round: 82		accuracy = 0.6724637746810913
Training round: 83		accuracy = 0.6739130616188049
Training round: 84		accuracy = 0.6756521463394165
Training round: 85		accuracy = 0.6765217185020447
Training round: 86		accuracy = 0.676231861114502
Training round: 87		accuracy = 0.6776811480522156
Training round: 88		accuracy = 0.6759420037269592
Training round: 89		accuracy = 0.6791304349899292
Training round: 90		accuracy = 0.6794202923774719
Training round: 91		accuracy = 0.6791304349899292
Training round: 92		accuracy = 0.6785507202148438
Training round: 93		accuracy = 0.678260862827301
Training round: 94		accuracy = 0.6779710054397583
Training round: 95		accuracy = 0.6785507202148438
Training round: 96		accuracy = 0.6788405776023865
Training round: 97		accuracy = 0.6797101497650146
Training round: 98		accuracy = 0.6820290088653564
Training round: 99		accuracy = 0.6805797219276428
Training round: 100		accuracy = 0.6831883788108826
Training duration 4246.280869245529
