2021-08-11 16:08:32.914896: I tensorflow/stream_executor/platform/default/dso_loader.cc:49] Successfully opened dynamic library libcudart.so.11.0
2021-08-11 16:08:39.521349: I tensorflow/compiler/jit/xla_cpu_device.cc:41] Not creating XLA devices, tf_xla_enable_xla_devices not set
2021-08-11 16:08:39.523304: I tensorflow/stream_executor/platform/default/dso_loader.cc:49] Successfully opened dynamic library libcuda.so.1
2021-08-11 16:08:39.562803: I tensorflow/core/common_runtime/gpu/gpu_device.cc:1720] Found device 0 with properties: 
pciBusID: 0000:1d:00.0 name: Tesla V100-SXM2-16GB computeCapability: 7.0
coreClock: 1.53GHz coreCount: 80 deviceMemorySize: 15.78GiB deviceMemoryBandwidth: 836.37GiB/s
2021-08-11 16:08:39.562864: I tensorflow/stream_executor/platform/default/dso_loader.cc:49] Successfully opened dynamic library libcudart.so.11.0
2021-08-11 16:08:39.569760: I tensorflow/stream_executor/platform/default/dso_loader.cc:49] Successfully opened dynamic library libcublas.so.11
2021-08-11 16:08:39.569850: I tensorflow/stream_executor/platform/default/dso_loader.cc:49] Successfully opened dynamic library libcublasLt.so.11
2021-08-11 16:08:39.573776: I tensorflow/stream_executor/platform/default/dso_loader.cc:49] Successfully opened dynamic library libcufft.so.10
2021-08-11 16:08:39.575251: I tensorflow/stream_executor/platform/default/dso_loader.cc:49] Successfully opened dynamic library libcurand.so.10
2021-08-11 16:08:39.581635: I tensorflow/stream_executor/platform/default/dso_loader.cc:49] Successfully opened dynamic library libcusolver.so.10
2021-08-11 16:08:39.582975: I tensorflow/stream_executor/platform/default/dso_loader.cc:49] Successfully opened dynamic library libcusparse.so.11
2021-08-11 16:08:39.583370: I tensorflow/stream_executor/platform/default/dso_loader.cc:49] Successfully opened dynamic library libcudnn.so.8
2021-08-11 16:08:39.585321: I tensorflow/core/common_runtime/gpu/gpu_device.cc:1862] Adding visible gpu devices: 0
2021-08-11 16:08:39.585919: I tensorflow/core/platform/cpu_feature_guard.cc:142] This TensorFlow binary is optimized with oneAPI Deep Neural Network Library (oneDNN) to use the following CPU instructions in performance-critical operations:  AVX2 AVX512F FMA
To enable them in other operations, rebuild TensorFlow with the appropriate compiler flags.
2021-08-11 16:08:39.586164: I tensorflow/compiler/jit/xla_gpu_device.cc:99] Not creating XLA devices, tf_xla_enable_xla_devices not set
2021-08-11 16:08:39.587100: I tensorflow/core/common_runtime/gpu/gpu_device.cc:1720] Found device 0 with properties: 
pciBusID: 0000:1d:00.0 name: Tesla V100-SXM2-16GB computeCapability: 7.0
coreClock: 1.53GHz coreCount: 80 deviceMemorySize: 15.78GiB deviceMemoryBandwidth: 836.37GiB/s
2021-08-11 16:08:39.587136: I tensorflow/stream_executor/platform/default/dso_loader.cc:49] Successfully opened dynamic library libcudart.so.11.0
2021-08-11 16:08:39.587156: I tensorflow/stream_executor/platform/default/dso_loader.cc:49] Successfully opened dynamic library libcublas.so.11
2021-08-11 16:08:39.587170: I tensorflow/stream_executor/platform/default/dso_loader.cc:49] Successfully opened dynamic library libcublasLt.so.11
2021-08-11 16:08:39.587184: I tensorflow/stream_executor/platform/default/dso_loader.cc:49] Successfully opened dynamic library libcufft.so.10
2021-08-11 16:08:39.587199: I tensorflow/stream_executor/platform/default/dso_loader.cc:49] Successfully opened dynamic library libcurand.so.10
2021-08-11 16:08:39.587213: I tensorflow/stream_executor/platform/default/dso_loader.cc:49] Successfully opened dynamic library libcusolver.so.10
2021-08-11 16:08:39.587227: I tensorflow/stream_executor/platform/default/dso_loader.cc:49] Successfully opened dynamic library libcusparse.so.11
2021-08-11 16:08:39.587241: I tensorflow/stream_executor/platform/default/dso_loader.cc:49] Successfully opened dynamic library libcudnn.so.8
2021-08-11 16:08:39.588859: I tensorflow/core/common_runtime/gpu/gpu_device.cc:1862] Adding visible gpu devices: 0
2021-08-11 16:08:39.588908: I tensorflow/stream_executor/platform/default/dso_loader.cc:49] Successfully opened dynamic library libcudart.so.11.0
2021-08-11 16:08:40.271453: I tensorflow/core/common_runtime/gpu/gpu_device.cc:1261] Device interconnect StreamExecutor with strength 1 edge matrix:
2021-08-11 16:08:40.271529: I tensorflow/core/common_runtime/gpu/gpu_device.cc:1267]      0 
2021-08-11 16:08:40.271542: I tensorflow/core/common_runtime/gpu/gpu_device.cc:1280] 0:   N 
2021-08-11 16:08:40.274336: I tensorflow/core/common_runtime/gpu/gpu_device.cc:1406] Created TensorFlow device (/job:localhost/replica:0/task:0/device:GPU:0 with 14761 MB memory) -> physical GPU (device: 0, name: Tesla V100-SXM2-16GB, pci bus id: 0000:1d:00.0, compute capability: 7.0)
2021-08-11 16:08:40.847081: I tensorflow/compiler/mlir/mlir_graph_optimization_pass.cc:116] None of the MLIR optimization passes are enabled (registered 2)
2021-08-11 16:08:40.849826: I tensorflow/core/platform/profile_utils/cpu_utils.cc:112] CPU Frequency: 2400000000 Hz
2021-08-11 16:08:41.324105: I tensorflow/stream_executor/platform/default/dso_loader.cc:49] Successfully opened dynamic library libcublas.so.11
2021-08-11 16:08:42.086167: I tensorflow/stream_executor/platform/default/dso_loader.cc:49] Successfully opened dynamic library libcublasLt.so.11
2021-08-11 16:08:42.117117: I tensorflow/stream_executor/platform/default/dso_loader.cc:49] Successfully opened dynamic library libcudnn.so.8
2021-08-11 16:08:46.013929: W tensorflow/stream_executor/gpu/asm_compiler.cc:63] Running ptxas --version returned 256
2021-08-11 16:08:46.055154: W tensorflow/stream_executor/gpu/redzone_allocator.cc:314] Internal: ptxas exited with non-zero error code 256, output: 
Relying on driver to perform ptx compilation. 
Modify $PATH to customize ptxas location.
This message will be only logged once.
LabelAttacker started.
LabelAttacker finished.
Training round: 1		accuracy = 0.09870000183582306
Training round: 2		accuracy = 0.10000000149011612
Training round: 3		accuracy = 0.10189999639987946
Training round: 4		accuracy = 0.10239999741315842
Training round: 5		accuracy = 0.10000000149011612
Training round: 6		accuracy = 0.10000000149011612
Training round: 7		accuracy = 0.10000000149011612
Training round: 8		accuracy = 0.10000000149011612
Training round: 9		accuracy = 0.09560000151395798
Training round: 10		accuracy = 0.10029999911785126
Training round: 11		accuracy = 0.10000000149011612
Training round: 12		accuracy = 0.10000000149011612
Training round: 13		accuracy = 0.10000000149011612
Training round: 14		accuracy = 0.10000000149011612
Training round: 15		accuracy = 0.10000000149011612
Training round: 16		accuracy = 0.10000000149011612
Training round: 17		accuracy = 0.10000000149011612
Training round: 18		accuracy = 0.10000000149011612
Training round: 19		accuracy = 0.10000000149011612
Training round: 20		accuracy = 0.10000000149011612
Training round: 21		accuracy = 0.10000000149011612
Training round: 22		accuracy = 0.10000000149011612
Training round: 23		accuracy = 0.10000000149011612
Training round: 24		accuracy = 0.10000000149011612
Training round: 25		accuracy = 0.10000000149011612
Training round: 26		accuracy = 0.10869999974966049
Training round: 27		accuracy = 0.10000000149011612
Training round: 28		accuracy = 0.10000000149011612
Training round: 29		accuracy = 0.1005999967455864
Training round: 30		accuracy = 0.09960000216960907
Training round: 31		accuracy = 0.10000000149011612
Training round: 32		accuracy = 0.10000000149011612
Training round: 33		accuracy = 0.10000000149011612
Training round: 34		accuracy = 0.10000000149011612
Training round: 35		accuracy = 0.10010000318288803
Training round: 36		accuracy = 0.10000000149011612
Training round: 37		accuracy = 0.10000000149011612
Training round: 38		accuracy = 0.10000000149011612
Training round: 39		accuracy = 0.10000000149011612
Training round: 40		accuracy = 0.10000000149011612
Training round: 41		accuracy = 0.10000000149011612
Training round: 42		accuracy = 0.10000000149011612
Training round: 43		accuracy = 0.10000000149011612
Training round: 44		accuracy = 0.10000000149011612
Training round: 45		accuracy = 0.10000000149011612
Training round: 46		accuracy = 0.10000000149011612
Training round: 47		accuracy = 0.10000000149011612
Training round: 48		accuracy = 0.10000000149011612
Training round: 49		accuracy = 0.09489999711513519
Training round: 50		accuracy = 0.10000000149011612
Training round: 51		accuracy = 0.10090000182390213
Training round: 52		accuracy = 0.10000000149011612
Training round: 53		accuracy = 0.10000000149011612
Training round: 54		accuracy = 0.10819999873638153
Training round: 55		accuracy = 0.10649999976158142
Training round: 56		accuracy = 0.10000000149011612
Training round: 57		accuracy = 0.10000000149011612
Training round: 58		accuracy = 0.10000000149011612
Training round: 59		accuracy = 0.10000000149011612
Training round: 60		accuracy = 0.10000000149011612
Training round: 61		accuracy = 0.10000000149011612
Training round: 62		accuracy = 0.10000000149011612
Training round: 63		accuracy = 0.10000000149011612
Training round: 64		accuracy = 0.10000000149011612
Training round: 65		accuracy = 0.10000000149011612
Training round: 66		accuracy = 0.09969999641180038
Training round: 67		accuracy = 0.10000000149011612
Training round: 68		accuracy = 0.10000000149011612
Training round: 69		accuracy = 0.10000000149011612
Training round: 70		accuracy = 0.11800000071525574
Training round: 71		accuracy = 0.10000000149011612
Training round: 72		accuracy = 0.09860000014305115
Training round: 73		accuracy = 0.10000000149011612
Training round: 74		accuracy = 0.10000000149011612
Training round: 75		accuracy = 0.10000000149011612
Training round: 76		accuracy = 0.10000000149011612
Training round: 77		accuracy = 0.10000000149011612
Training round: 78		accuracy = 0.10000000149011612
Training round: 79		accuracy = 0.10000000149011612
Training round: 80		accuracy = 0.07100000232458115
Training round: 81		accuracy = 0.09910000115633011
Training round: 82		accuracy = 0.10000000149011612
Training round: 83		accuracy = 0.10000000149011612
Training round: 84		accuracy = 0.09210000187158585
Training round: 85		accuracy = 0.10000000149011612
Training round: 86		accuracy = 0.08969999849796295
Training round: 87		accuracy = 0.049400001764297485
Training round: 88		accuracy = 0.10000000149011612
Training round: 89		accuracy = 0.13249999284744263
Training round: 90		accuracy = 0.0568000003695488
Training round: 91		accuracy = 0.10000000149011612
Training round: 92		accuracy = 0.10000000149011612
Training round: 93		accuracy = 0.10000000149011612
Training round: 94		accuracy = 0.10000000149011612
Training round: 95		accuracy = 0.11490000039339066
Training round: 96		accuracy = 0.10000000149011612
Training round: 97		accuracy = 0.10000000149011612
Training round: 98		accuracy = 0.10000000149011612
Training round: 99		accuracy = 0.10000000149011612
Training round: 100		accuracy = 0.10000000149011612
Training round: 101		accuracy = 0.10000000149011612
Training round: 102		accuracy = 0.10000000149011612
Training round: 103		accuracy = 0.10000000149011612
Training round: 104		accuracy = 0.10000000149011612
Training round: 105		accuracy = 0.0885000005364418
Training round: 106		accuracy = 0.10000000149011612
Training round: 107		accuracy = 0.10000000149011612
Training round: 108		accuracy = 0.04899999871850014
Training round: 109		accuracy = 0.09309999644756317
Training round: 110		accuracy = 0.09889999777078629
Training round: 111		accuracy = 0.0997999981045723
Training round: 112		accuracy = 0.10350000113248825
Training round: 113		accuracy = 0.10000000149011612
Training round: 114		accuracy = 0.09989999979734421
Training round: 115		accuracy = 0.10000000149011612
Training round: 116		accuracy = 0.10000000149011612
Training round: 117		accuracy = 0.10000000149011612
Training round: 118		accuracy = 0.10000000149011612
Training round: 119		accuracy = 0.050200000405311584
Training round: 120		accuracy = 0.10000000149011612
Training round: 121		accuracy = 0.08789999783039093
Training round: 122		accuracy = 0.07460000365972519
Training round: 123		accuracy = 0.10000000149011612
Training round: 124		accuracy = 0.10000000149011612
Training round: 125		accuracy = 0.10000000149011612
Training round: 126		accuracy = 0.09910000115633011
Training round: 127		accuracy = 0.10000000149011612
Training round: 128		accuracy = 0.10279999673366547
Training round: 129		accuracy = 0.09549999982118607
Training round: 130		accuracy = 0.09989999979734421
Training round: 131		accuracy = 0.07940000295639038
Training round: 132		accuracy = 0.10000000149011612
Training round: 133		accuracy = 0.10000000149011612
Training round: 134		accuracy = 0.10000000149011612
Training round: 135		accuracy = 0.09390000253915787
Training round: 136		accuracy = 0.08699999749660492
Training round: 137		accuracy = 0.09700000286102295
Training round: 138		accuracy = 0.09880000352859497
Training round: 139		accuracy = 0.0989999994635582
Training round: 140		accuracy = 0.10000000149011612
Training round: 141		accuracy = 0.09950000047683716
Training round: 142		accuracy = 0.10000000149011612
Training round: 143		accuracy = 0.10000000149011612
Training round: 144		accuracy = 0.09220000356435776
Training round: 145		accuracy = 0.10000000149011612
Training round: 146		accuracy = 0.10000000149011612
Training round: 147		accuracy = 0.10000000149011612
Training round: 148		accuracy = 0.10000000149011612
Training round: 149		accuracy = 0.10000000149011612
Training round: 150		accuracy = 0.10199999809265137
Training round: 151		accuracy = 0.10249999910593033
Training round: 152		accuracy = 0.0997999981045723
Training round: 153		accuracy = 0.10700000077486038
Training round: 154		accuracy = 0.0868000015616417
Training round: 155		accuracy = 0.0949999988079071
Training round: 156		accuracy = 0.10019999742507935
Training round: 157		accuracy = 0.09889999777078629
Training round: 158		accuracy = 0.0333000011742115
Training round: 159		accuracy = 0.04910000041127205
Training round: 160		accuracy = 0.08510000258684158
Training round: 161		accuracy = 0.09000000357627869
Training round: 162		accuracy = 0.07419999688863754
Training round: 163		accuracy = 0.0706000030040741
Training round: 164		accuracy = 0.09080000221729279
Training round: 165		accuracy = 0.10000000149011612
Training round: 166		accuracy = 0.10000000149011612
Training round: 167		accuracy = 0.09290000051259995
Training round: 168		accuracy = 0.05559999868273735
Training round: 169		accuracy = 0.08569999784231186
Training round: 170		accuracy = 0.10000000149011612
Training round: 171		accuracy = 0.10090000182390213
Training round: 172		accuracy = 0.10000000149011612
Training round: 173		accuracy = 0.06199999898672104
Training round: 174		accuracy = 0.09969999641180038
Training round: 175		accuracy = 0.09969999641180038
Training round: 176		accuracy = 0.1103999987244606
Training round: 177		accuracy = 0.10000000149011612
Training round: 178		accuracy = 0.11760000139474869
Training round: 179		accuracy = 0.07289999723434448
Training round: 180		accuracy = 0.11720000207424164
Training round: 181		accuracy = 0.08820000290870667
Training round: 182		accuracy = 0.09889999777078629
Training round: 183		accuracy = 0.09749999642372131
Training round: 184		accuracy = 0.10400000214576721
Training round: 185		accuracy = 0.10000000149011612
Training round: 186		accuracy = 0.10000000149011612
Training round: 187		accuracy = 0.09080000221729279
Training round: 188		accuracy = 0.10019999742507935
Training round: 189		accuracy = 0.09700000286102295
Training round: 190		accuracy = 0.09969999641180038
Training round: 191		accuracy = 0.10459999740123749
Training round: 192		accuracy = 0.10019999742507935
Training round: 193		accuracy = 0.10000000149011612
Training round: 194		accuracy = 0.10010000318288803
Training round: 195		accuracy = 0.10000000149011612
Training round: 196		accuracy = 0.10029999911785126
Training round: 197		accuracy = 0.10220000147819519
Training round: 198		accuracy = 0.10100000351667404
Training round: 199		accuracy = 0.08160000294446945
Training round: 200		accuracy = 0.07289999723434448
Training round: 201		accuracy = 0.035100001841783524
Training round: 202		accuracy = 0.06750000268220901
Training round: 203		accuracy = 0.10779999941587448
Training round: 204		accuracy = 0.10620000213384628
Training round: 205		accuracy = 0.09929999709129333
Training round: 206		accuracy = 0.10849999636411667
Training round: 207		accuracy = 0.14030000567436218
Training round: 208		accuracy = 0.09099999815225601
Training round: 209		accuracy = 0.09160000085830688
Training round: 210		accuracy = 0.11140000075101852
Training round: 211		accuracy = 0.10080000013113022
Training round: 212		accuracy = 0.0949999988079071
Training round: 213		accuracy = 0.07280000299215317
Training round: 214		accuracy = 0.10920000076293945
Training round: 215		accuracy = 0.0786999985575676
Training round: 216		accuracy = 0.09149999916553497
Training round: 217		accuracy = 0.0738999992609024
Training round: 218		accuracy = 0.08389999717473984
Training round: 219		accuracy = 0.08959999680519104
Training round: 220		accuracy = 0.08640000224113464
Training round: 221		accuracy = 0.07289999723434448
Training round: 222		accuracy = 0.057500001043081284
Training round: 223		accuracy = 0.05860000103712082
Training round: 224		accuracy = 0.04899999871850014
Training round: 225		accuracy = 0.1120000034570694
Training round: 226		accuracy = 0.10869999974966049
Training round: 227		accuracy = 0.09539999812841415
Training round: 228		accuracy = 0.0885000005364418
Training round: 229		accuracy = 0.07909999787807465
Training round: 230		accuracy = 0.07100000232458115
Training round: 231		accuracy = 0.0763000026345253
Training round: 232		accuracy = 0.060499999672174454
Training round: 233		accuracy = 0.07169999927282333
Training round: 234		accuracy = 0.09099999815225601
Training round: 235		accuracy = 0.08889999985694885
Training round: 236		accuracy = 0.0820000022649765
Training round: 237		accuracy = 0.06880000233650208
Training round: 238		accuracy = 0.07450000196695328
Training round: 239		accuracy = 0.04830000177025795
Training round: 240		accuracy = 0.04450000077486038
Training round: 241		accuracy = 0.09179999679327011
Training round: 242		accuracy = 0.07779999822378159
Training round: 243		accuracy = 0.10320000350475311
Training round: 244		accuracy = 0.03909999877214432
Training round: 245		accuracy = 0.10369999706745148
Training round: 246		accuracy = 0.06520000100135803
Training round: 247		accuracy = 0.09920000284910202
Training round: 248		accuracy = 0.04910000041127205
Training round: 249		accuracy = 0.05820000171661377
Training round: 250		accuracy = 0.03720000013709068
Training round: 251		accuracy = 0.05869999900460243
Training round: 252		accuracy = 0.10909999907016754
Training round: 253		accuracy = 0.060499999672174454
Training round: 254		accuracy = 0.0803999975323677
Training round: 255		accuracy = 0.08529999852180481
Training round: 256		accuracy = 0.0430000014603138
Training round: 257		accuracy = 0.0568000003695488
Training round: 258		accuracy = 0.042500000447034836
Training round: 259		accuracy = 0.05460000038146973
Training round: 260		accuracy = 0.08030000329017639
Training round: 261		accuracy = 0.04859999939799309
Training round: 262		accuracy = 0.04470000043511391
Training round: 263		accuracy = 0.04439999908208847
Training round: 264		accuracy = 0.04430000111460686
Training round: 265		accuracy = 0.10000000149011612
Training round: 266		accuracy = 0.10209999978542328
Training round: 267		accuracy = 0.1031000018119812
Training round: 268		accuracy = 0.11969999969005585
Training round: 269		accuracy = 0.0989999994635582
Training round: 270		accuracy = 0.09510000050067902
Training round: 271		accuracy = 0.07360000163316727
Training round: 272		accuracy = 0.09690000116825104
Training round: 273		accuracy = 0.10700000077486038
Training round: 274		accuracy = 0.09910000115633011
Training round: 275		accuracy = 0.07599999755620956
Training round: 276		accuracy = 0.0406000018119812
Training round: 277		accuracy = 0.0729999989271164
Training round: 278		accuracy = 0.10589999705553055
Training round: 279		accuracy = 0.09679999947547913
Training round: 280		accuracy = 0.14020000398159027
Training round: 281		accuracy = 0.09059999883174896
Training round: 282		accuracy = 0.09179999679327011
Training round: 283		accuracy = 0.09539999812841415
Training round: 284		accuracy = 0.1264999955892563
Training round: 285		accuracy = 0.053599998354911804
Training round: 286		accuracy = 0.07530000060796738
Training round: 287		accuracy = 0.05050000175833702
Training round: 288		accuracy = 0.043800000101327896
Training round: 289		accuracy = 0.04659999907016754
Training round: 290		accuracy = 0.07079999893903732
Training round: 291		accuracy = 0.04450000077486038
Training round: 292		accuracy = 0.07580000162124634
Training round: 293		accuracy = 0.06620000302791595
Training round: 294		accuracy = 0.05719999969005585
Training round: 295		accuracy = 0.0892999991774559
Training round: 296		accuracy = 0.07460000365972519
Training round: 297		accuracy = 0.06909999996423721
Training round: 298		accuracy = 0.08349999785423279
Training round: 299		accuracy = 0.045899998396635056
Training round: 300		accuracy = 0.060600001364946365
Training round: 301		accuracy = 0.030400000512599945
Training round: 302		accuracy = 0.04809999838471413
Training round: 303		accuracy = 0.04560000076889992
Training round: 304		accuracy = 0.0982000008225441
Training round: 305		accuracy = 0.05689999833703041
Training round: 306		accuracy = 0.07840000092983246
Training round: 307		accuracy = 0.0828000009059906
Training round: 308		accuracy = 0.08959999680519104
Training round: 309		accuracy = 0.09229999780654907
Training round: 310		accuracy = 0.06530000269412994
Training round: 311		accuracy = 0.06639999896287918
Training round: 312		accuracy = 0.06400000303983688
Training round: 313		accuracy = 0.057999998331069946
Training round: 314		accuracy = 0.04280000180006027
Training round: 315		accuracy = 0.04390000179409981
Training round: 316		accuracy = 0.03689999878406525
Training round: 317		accuracy = 0.04610000178217888
Training round: 318		accuracy = 0.04190000146627426
Training round: 319		accuracy = 0.0640999972820282
Training round: 320		accuracy = 0.07079999893903732
Training round: 321		accuracy = 0.07029999792575836
Training round: 322		accuracy = 0.05849999934434891
Training round: 323		accuracy = 0.065700002014637
Training round: 324		accuracy = 0.0478999987244606
Training round: 325		accuracy = 0.05380000174045563
Training round: 326		accuracy = 0.05490000173449516
Training round: 327		accuracy = 0.06849999725818634
Training round: 328		accuracy = 0.05490000173449516
Training round: 329		accuracy = 0.052000001072883606
Training round: 330		accuracy = 0.062199998646974564
Training round: 331		accuracy = 0.04780000075697899
Training round: 332		accuracy = 0.06530000269412994
Training round: 333		accuracy = 0.04729999974370003
Training round: 334		accuracy = 0.06400000303983688
Training round: 335		accuracy = 0.09870000183582306
Training round: 336		accuracy = 0.053599998354911804
Training round: 337		accuracy = 0.05339999869465828
Training round: 338		accuracy = 0.06849999725818634
Training round: 339		accuracy = 0.05429999902844429
Training round: 340		accuracy = 0.07999999821186066
Training round: 341		accuracy = 0.048700001090765
Training round: 342		accuracy = 0.07150000333786011
Training round: 343		accuracy = 0.04529999941587448
Training round: 344		accuracy = 0.04670000076293945
Training round: 345		accuracy = 0.04309999942779541
Training round: 346		accuracy = 0.07909999787807465
Training round: 347		accuracy = 0.050700001418590546
Training round: 348		accuracy = 0.050599999725818634
Training round: 349		accuracy = 0.048700001090765
Training round: 350		accuracy = 0.05310000106692314
Training round: 351		accuracy = 0.04580000042915344
Training round: 352		accuracy = 0.045899998396635056
Training round: 353		accuracy = 0.06750000268220901
Training round: 354		accuracy = 0.05719999969005585
Training round: 355		accuracy = 0.05079999938607216
Training round: 356		accuracy = 0.03929999843239784
Training round: 357		accuracy = 0.10000000149011612
Training round: 358		accuracy = 0.06960000097751617
Training round: 359		accuracy = 0.09260000288486481
Training round: 360		accuracy = 0.04969999939203262
Training round: 361		accuracy = 0.05820000171661377
Training round: 362		accuracy = 0.08380000293254852
Training round: 363		accuracy = 0.0674000009894371
Training round: 364		accuracy = 0.05719999969005585
Training round: 365		accuracy = 0.10050000250339508
Training round: 366		accuracy = 0.09860000014305115
Training round: 367		accuracy = 0.09539999812841415
Training round: 368		accuracy = 0.09290000051259995
Training round: 369		accuracy = 0.07660000026226044
Training round: 370		accuracy = 0.08869999647140503
Training round: 371		accuracy = 0.05339999869465828
Training round: 372		accuracy = 0.12610000371932983
Training round: 373		accuracy = 0.0982000008225441
Training round: 374		accuracy = 0.08370000123977661
Training round: 375		accuracy = 0.047200001776218414
Training round: 376		accuracy = 0.09239999949932098
Training round: 377		accuracy = 0.0640999972820282
Training round: 378		accuracy = 0.0625
Training round: 379		accuracy = 0.05609999969601631
Training round: 380		accuracy = 0.0421999990940094
Training round: 381		accuracy = 0.0494999997317791
Training round: 382		accuracy = 0.09080000221729279
Training round: 383		accuracy = 0.04619999974966049
Training round: 384		accuracy = 0.08510000258684158
Training round: 385		accuracy = 0.08190000057220459
Training round: 386		accuracy = 0.05350000038743019
Training round: 387		accuracy = 0.044599998742341995
Training round: 388		accuracy = 0.06790000200271606
Training round: 389		accuracy = 0.04520000144839287
Training round: 390		accuracy = 0.03920000046491623
Training round: 391		accuracy = 0.048900000751018524
Training round: 392		accuracy = 0.06129999831318855
Training round: 393		accuracy = 0.06459999829530716
Training round: 394		accuracy = 0.06120000034570694
Training round: 395		accuracy = 0.049400001764297485
Training round: 396		accuracy = 0.047200001776218414
Training round: 397		accuracy = 0.0494999997317791
Training round: 398		accuracy = 0.05700000002980232
Training round: 399		accuracy = 0.07259999960660934
Training round: 400		accuracy = 0.062199998646974564
Training round: 401		accuracy = 0.06599999964237213
Training round: 402		accuracy = 0.12530000507831573
Training round: 403		accuracy = 0.10530000180006027
Training round: 404		accuracy = 0.06710000336170197
Training round: 405		accuracy = 0.055799998342990875
Training round: 406		accuracy = 0.06300000101327896
Training round: 407		accuracy = 0.07829999923706055
Training round: 408		accuracy = 0.06610000133514404
Training round: 409		accuracy = 0.05719999969005585
Training round: 410		accuracy = 0.06859999895095825
Training round: 411		accuracy = 0.07660000026226044
Training round: 412		accuracy = 0.08500000089406967
Training round: 413		accuracy = 0.06360000371932983
Training round: 414		accuracy = 0.0778999999165535
Training round: 415		accuracy = 0.06880000233650208
Training round: 416		accuracy = 0.0722000002861023
Training round: 417		accuracy = 0.0737999975681305
Training round: 418		accuracy = 0.07850000262260437
Training round: 419		accuracy = 0.09539999812841415
Training round: 420		accuracy = 0.07320000231266022
Training round: 421		accuracy = 0.09539999812841415
Training round: 422		accuracy = 0.07119999825954437
Training round: 423		accuracy = 0.06449999660253525
Training round: 424		accuracy = 0.06270000338554382
Training round: 425		accuracy = 0.08900000154972076
Training round: 426		accuracy = 0.054999999701976776
Training round: 427		accuracy = 0.07859999686479568
Training round: 428		accuracy = 0.08449999988079071
Training round: 429		accuracy = 0.06750000268220901
Training round: 430		accuracy = 0.050200000405311584
Training round: 431		accuracy = 0.08860000222921371
Training round: 432		accuracy = 0.08299999684095383
Training round: 433		accuracy = 0.07490000128746033
Training round: 434		accuracy = 0.06939999759197235
Training round: 435		accuracy = 0.06459999829530716
Training round: 436		accuracy = 0.08060000091791153
Training round: 437		accuracy = 0.06499999761581421
Training round: 438		accuracy = 0.05550000071525574
Training round: 439		accuracy = 0.04100000113248825
Training round: 440		accuracy = 0.043699998408555984
Training round: 441		accuracy = 0.05380000174045563
Training round: 442		accuracy = 0.07320000231266022
Training round: 443		accuracy = 0.05950000137090683
Training round: 444		accuracy = 0.06909999996423721
Training round: 445		accuracy = 0.057999998331069946
Training round: 446		accuracy = 0.06199999898672104
Training round: 447		accuracy = 0.06109999865293503
Training round: 448		accuracy = 0.057500001043081284
Training round: 449		accuracy = 0.06270000338554382
Training round: 450		accuracy = 0.05640000104904175
Training round: 451		accuracy = 0.0608999989926815
Training round: 452		accuracy = 0.06970000267028809
Training round: 453		accuracy = 0.0625
Training round: 454		accuracy = 0.061900001019239426
Training round: 455		accuracy = 0.05550000071525574
Training round: 456		accuracy = 0.05490000173449516
Training round: 457		accuracy = 0.08290000259876251
Training round: 458		accuracy = 0.05939999967813492
Training round: 459		accuracy = 0.05139999836683273
Training round: 460		accuracy = 0.0551999993622303
Training round: 461		accuracy = 0.05719999969005585
Training round: 462		accuracy = 0.06509999930858612
Training round: 463		accuracy = 0.05249999836087227
Training round: 464		accuracy = 0.05119999870657921
Training round: 465		accuracy = 0.06629999727010727
Training round: 466		accuracy = 0.08640000224113464
Training round: 467		accuracy = 0.06260000169277191
Training round: 468		accuracy = 0.05900000035762787
Training round: 469		accuracy = 0.05429999902844429
Training round: 470		accuracy = 0.059300001710653305
Training round: 471		accuracy = 0.06310000270605087
Training round: 472		accuracy = 0.04969999939203262
Training round: 473		accuracy = 0.06120000034570694
Training round: 474		accuracy = 0.09000000357627869
Training round: 475		accuracy = 0.05050000175833702
Training round: 476		accuracy = 0.05290000140666962
Training round: 477		accuracy = 0.0608999989926815
Training round: 478		accuracy = 0.061900001019239426
Training round: 479		accuracy = 0.07760000228881836
Training round: 480		accuracy = 0.07090000063180923
Training round: 481		accuracy = 0.08129999786615372
Training round: 482		accuracy = 0.06610000133514404
Training round: 483		accuracy = 0.07119999825954437
Training round: 484		accuracy = 0.07649999856948853
Training round: 485		accuracy = 0.05829999968409538
Training round: 486		accuracy = 0.06499999761581421
Training round: 487		accuracy = 0.056699998676776886
Training round: 488		accuracy = 0.11169999837875366
Training round: 489		accuracy = 0.0714000016450882
Training round: 490		accuracy = 0.07249999791383743
Training round: 491		accuracy = 0.057999998331069946
Training round: 492		accuracy = 0.05169999971985817
Training round: 493		accuracy = 0.05790000036358833
Training round: 494		accuracy = 0.07320000231266022
Training round: 495		accuracy = 0.052299998700618744
Training round: 496		accuracy = 0.06469999998807907
Training round: 497		accuracy = 0.05169999971985817
Training round: 498		accuracy = 0.08839999884366989
Training round: 499		accuracy = 0.08030000329017639
Training round: 500		accuracy = 0.0625
Training round: 501		accuracy = 0.13019999861717224
Training round: 502		accuracy = 0.0966000035405159
Training round: 503		accuracy = 0.08910000324249268
Training round: 504		accuracy = 0.09220000356435776
Training round: 505		accuracy = 0.0868000015616417
Training round: 506		accuracy = 0.07010000199079514
Training round: 507		accuracy = 0.06620000302791595
Training round: 508		accuracy = 0.07880000025033951
Training round: 509		accuracy = 0.05570000037550926
Training round: 510		accuracy = 0.16509999334812164
Training round: 511		accuracy = 0.09759999811649323
Training round: 512		accuracy = 0.07429999858140945
Training round: 513		accuracy = 0.06080000102519989
Training round: 514		accuracy = 0.08259999752044678
Training round: 515		accuracy = 0.0731000006198883
Training round: 516		accuracy = 0.0737999975681305
Training round: 517		accuracy = 0.05909999832510948
Training round: 518		accuracy = 0.060499999672174454
Training round: 519		accuracy = 0.15119999647140503
Training round: 520		accuracy = 0.09560000151395798
Training round: 521		accuracy = 0.06560000032186508
Training round: 522		accuracy = 0.08910000324249268
Training round: 523		accuracy = 0.08079999685287476
Training round: 524		accuracy = 0.1574999988079071
Training round: 525		accuracy = 0.10080000013113022
Training round: 526		accuracy = 0.08340000361204147
Training round: 527		accuracy = 0.07349999994039536
Training round: 528		accuracy = 0.18449999392032623
Training round: 529		accuracy = 0.1695999950170517
Training round: 530		accuracy = 0.1005999967455864
Training round: 531		accuracy = 0.08240000158548355
Training round: 532		accuracy = 0.10700000077486038
Training round: 533		accuracy = 0.14509999752044678
Training round: 534		accuracy = 0.10599999874830246
Training round: 535		accuracy = 0.08389999717473984
Training round: 536		accuracy = 0.06260000169277191
Training round: 537		accuracy = 0.06669999659061432
Training round: 538		accuracy = 0.08129999786615372
Training round: 539		accuracy = 0.08060000091791153
Training round: 540		accuracy = 0.17649999260902405
Training round: 541		accuracy = 0.09679999947547913
Training round: 542		accuracy = 0.14640000462532043
Training round: 543		accuracy = 0.09910000115633011
Training round: 544		accuracy = 0.08969999849796295
Training round: 545		accuracy = 0.09019999951124191
Training round: 546		accuracy = 0.08110000193119049
Training round: 547		accuracy = 0.07280000299215317
Training round: 548		accuracy = 0.07989999651908875
Training round: 549		accuracy = 0.08590000122785568
Training round: 550		accuracy = 0.06129999831318855
Training round: 551		accuracy = 0.131400004029274
Training round: 552		accuracy = 0.10750000178813934
Training round: 553		accuracy = 0.1615000069141388
Training round: 554		accuracy = 0.10700000077486038
Training round: 555		accuracy = 0.13650000095367432
Training round: 556		accuracy = 0.08630000054836273
Training round: 557		accuracy = 0.1777999997138977
Training round: 558		accuracy = 0.11680000275373459
Training round: 559		accuracy = 0.09640000015497208
Training round: 560		accuracy = 0.08789999783039093
Training round: 561		accuracy = 0.07010000199079514
Training round: 562		accuracy = 0.14390000700950623
Training round: 563		accuracy = 0.09149999916553497
Training round: 564		accuracy = 0.16769999265670776
Training round: 565		accuracy = 0.0925000011920929
Training round: 566		accuracy = 0.08789999783039093
Training round: 567		accuracy = 0.15919999778270721
Training round: 568		accuracy = 0.20260000228881836
Training round: 569		accuracy = 0.18289999663829803
Training round: 570		accuracy = 0.1784999966621399
Training round: 571		accuracy = 0.1282999962568283
Training round: 572		accuracy = 0.0868000015616417
Training round: 573		accuracy = 0.09040000289678574
Training round: 574		accuracy = 0.07769999653100967
Training round: 575		accuracy = 0.17970000207424164
Training round: 576		accuracy = 0.18870000541210175
Training round: 577		accuracy = 0.18870000541210175
Training round: 578		accuracy = 0.14059999585151672
Training round: 579		accuracy = 0.2012999951839447
Training round: 580		accuracy = 0.17949999868869781
Training round: 581		accuracy = 0.12610000371932983
Training round: 582		accuracy = 0.2053000032901764
Training round: 583		accuracy = 0.1370999962091446
Training round: 584		accuracy = 0.10090000182390213
Training round: 585		accuracy = 0.09570000320672989
Training round: 586		accuracy = 0.10540000349283218
Training round: 587		accuracy = 0.2020999938249588
Training round: 588		accuracy = 0.0723000019788742
Training round: 589		accuracy = 0.07819999754428864
Training round: 590		accuracy = 0.10010000318288803
Training round: 591		accuracy = 0.16689999401569366
Training round: 592		accuracy = 0.10350000113248825
Training round: 593		accuracy = 0.19040000438690186
Training round: 594		accuracy = 0.20149999856948853
Training round: 595		accuracy = 0.19910000264644623
Training round: 596		accuracy = 0.12099999934434891
Training round: 597		accuracy = 0.09359999746084213
Training round: 598		accuracy = 0.19519999623298645
Training round: 599		accuracy = 0.19609999656677246
Training round: 600		accuracy = 0.08349999785423279
Training round: 601		accuracy = 0.0860000029206276
Training round: 602		accuracy = 0.1738000065088272
Training round: 603		accuracy = 0.11400000005960464
Training round: 604		accuracy = 0.11729999631643295
Training round: 605		accuracy = 0.09860000014305115
Training round: 606		accuracy = 0.10989999771118164
Training round: 607		accuracy = 0.18950000405311584
Training round: 608		accuracy = 0.1574999988079071
Training round: 609		accuracy = 0.10260000079870224
Training round: 610		accuracy = 0.12409999966621399
Training round: 611		accuracy = 0.11500000208616257
Training round: 612		accuracy = 0.16869999468326569
Training round: 613		accuracy = 0.10610000044107437
Training round: 614		accuracy = 0.1834000051021576
Training round: 615		accuracy = 0.24580000340938568
Training round: 616		accuracy = 0.1995999962091446
Training round: 617		accuracy = 0.08579999953508377
Training round: 618		accuracy = 0.15610000491142273
Training round: 619		accuracy = 0.1421000063419342
Training round: 620		accuracy = 0.08780000358819962
Training round: 621		accuracy = 0.10100000351667404
Training round: 622		accuracy = 0.1274999976158142
Training round: 623		accuracy = 0.11890000104904175
Training round: 624		accuracy = 0.1785999983549118
Training round: 625		accuracy = 0.22300000488758087
Training round: 626		accuracy = 0.19779999554157257
Training round: 627		accuracy = 0.24459999799728394
Training round: 628		accuracy = 0.10540000349283218
Training round: 629		accuracy = 0.20239999890327454
Training round: 630		accuracy = 0.10409999638795853
Training round: 631		accuracy = 0.16279999911785126
Training round: 632		accuracy = 0.18860000371932983
Training round: 633		accuracy = 0.10819999873638153
Training round: 634		accuracy = 0.10719999670982361
Training round: 635		accuracy = 0.14300000667572021
Training round: 636		accuracy = 0.2078000009059906
Training round: 637		accuracy = 0.1589999943971634
Training round: 638		accuracy = 0.2547000050544739
Training round: 639		accuracy = 0.2483000010251999
Training round: 640		accuracy = 0.1396999955177307
Training round: 641		accuracy = 0.10040000081062317
Training round: 642		accuracy = 0.22709999978542328
Training round: 643		accuracy = 0.20720000565052032
Training round: 644		accuracy = 0.2793000042438507
Training round: 645		accuracy = 0.2071000039577484
Training round: 646		accuracy = 0.09610000252723694
Training round: 647		accuracy = 0.11389999836683273
Training round: 648		accuracy = 0.10329999774694443
Training round: 649		accuracy = 0.219200000166893
Training round: 650		accuracy = 0.13600000739097595
Training round: 651		accuracy = 0.13339999318122864
Training round: 652		accuracy = 0.11670000106096268
Training round: 653		accuracy = 0.21729999780654907
Training round: 654		accuracy = 0.2371000051498413
Training round: 655		accuracy = 0.16329999268054962
Training round: 656		accuracy = 0.2232999950647354
Training round: 657		accuracy = 0.2799000144004822
Training round: 658		accuracy = 0.21250000596046448
Training round: 659		accuracy = 0.11980000138282776
Training round: 660		accuracy = 0.2556999921798706
Training round: 661		accuracy = 0.15610000491142273
Training round: 662		accuracy = 0.21799999475479126
Training round: 663		accuracy = 0.21529999375343323
Training round: 664		accuracy = 0.23029999434947968
Training round: 665		accuracy = 0.12849999964237213
Training round: 666		accuracy = 0.23070000112056732
Training round: 667		accuracy = 0.2712000012397766
Training round: 668		accuracy = 0.24899999797344208
Training round: 669		accuracy = 0.25209999084472656
Training round: 670		accuracy = 0.28790000081062317
Training round: 671		accuracy = 0.20499999821186066
Training round: 672		accuracy = 0.16500000655651093
Training round: 673		accuracy = 0.2540000081062317
Training round: 674		accuracy = 0.20020000636577606
Training round: 675		accuracy = 0.22470000386238098
Training round: 676		accuracy = 0.25450000166893005
Training round: 677		accuracy = 0.26919999718666077
Training round: 678		accuracy = 0.24160000681877136
Training round: 679		accuracy = 0.2214999943971634
Training round: 680		accuracy = 0.23890000581741333
Training round: 681		accuracy = 0.1973000019788742
Training round: 682		accuracy = 0.24240000545978546
Training round: 683		accuracy = 0.2874999940395355
Training round: 684		accuracy = 0.21359999477863312
Training round: 685		accuracy = 0.2574999928474426
Training round: 686		accuracy = 0.26660001277923584
Training round: 687		accuracy = 0.25110000371932983
Training round: 688		accuracy = 0.1826999932527542
Training round: 689		accuracy = 0.14839999377727509
Training round: 690		accuracy = 0.2989000082015991
Training round: 691		accuracy = 0.302700012922287
Training round: 692		accuracy = 0.20389999449253082
Training round: 693		accuracy = 0.2702000141143799
Training round: 694		accuracy = 0.19990000128746033
Training round: 695		accuracy = 0.17080000042915344
Training round: 696		accuracy = 0.262800008058548
Training round: 697		accuracy = 0.21940000355243683
Training round: 698		accuracy = 0.20919999480247498
Training round: 699		accuracy = 0.21739999949932098
Training round: 700		accuracy = 0.19589999318122864
Training round: 701		accuracy = 0.18449999392032623
Training round: 702		accuracy = 0.24549999833106995
Training round: 703		accuracy = 0.17470000684261322
Training round: 704		accuracy = 0.2248000055551529
Training round: 705		accuracy = 0.22460000216960907
Training round: 706		accuracy = 0.1574999988079071
Training round: 707		accuracy = 0.25279998779296875
Training round: 708		accuracy = 0.2680000066757202
Training round: 709		accuracy = 0.3091999888420105
Training round: 710		accuracy = 0.1898999959230423
Training round: 711		accuracy = 0.29269999265670776
Training round: 712		accuracy = 0.18459999561309814
Training round: 713		accuracy = 0.2782000005245209
Training round: 714		accuracy = 0.28439998626708984
Training round: 715		accuracy = 0.2493000030517578
Training round: 716		accuracy = 0.30230000615119934
Training round: 717		accuracy = 0.296999990940094
Training round: 718		accuracy = 0.29989999532699585
Training round: 719		accuracy = 0.1657000035047531
Training round: 720		accuracy = 0.1404000073671341
Training round: 721		accuracy = 0.13330000638961792
Training round: 722		accuracy = 0.09459999948740005
Training round: 723		accuracy = 0.287200003862381
Training round: 724		accuracy = 0.29170000553131104
Training round: 725		accuracy = 0.1996999979019165
Training round: 726		accuracy = 0.2888999879360199
Training round: 727		accuracy = 0.287200003862381
Training round: 728		accuracy = 0.3010999858379364
Training round: 729		accuracy = 0.2775000035762787
Training round: 730		accuracy = 0.20640000700950623
Training round: 731		accuracy = 0.2053000032901764
Training round: 732		accuracy = 0.3027999997138977
Training round: 733		accuracy = 0.29510000348091125
Training round: 734		accuracy = 0.20589999854564667
Training round: 735		accuracy = 0.16599999368190765
Training round: 736		accuracy = 0.3138999938964844
Training round: 737		accuracy = 0.21119999885559082
Training round: 738		accuracy = 0.22910000383853912
Training round: 739		accuracy = 0.3181000053882599
Training round: 740		accuracy = 0.2583000063896179
Training round: 741		accuracy = 0.2793000042438507
Training round: 742		accuracy = 0.14890000224113464
Training round: 743		accuracy = 0.2980000078678131
Training round: 744		accuracy = 0.26080000400543213
Training round: 745		accuracy = 0.15029999613761902
Training round: 746		accuracy = 0.10499999672174454
Training round: 747		accuracy = 0.10559999942779541
Training round: 748		accuracy = 0.23160000145435333
Training round: 749		accuracy = 0.21119999885559082
Training round: 750		accuracy = 0.21170000731945038
Training round: 751		accuracy = 0.30379998683929443
Training round: 752		accuracy = 0.3199000060558319
Training round: 753		accuracy = 0.3203999996185303
Training round: 754		accuracy = 0.23350000381469727
Training round: 755		accuracy = 0.32109999656677246
Training round: 756		accuracy = 0.3273000121116638
Training round: 757		accuracy = 0.18529999256134033
Training round: 758		accuracy = 0.27889999747276306
Training round: 759		accuracy = 0.16500000655651093
Training round: 760		accuracy = 0.2630999982357025
Training round: 761		accuracy = 0.2222999930381775
Training round: 762		accuracy = 0.32429999113082886
Training round: 763		accuracy = 0.33219999074935913
Training round: 764		accuracy = 0.32429999113082886
Training round: 765		accuracy = 0.1868000030517578
Training round: 766		accuracy = 0.14800000190734863
Training round: 767		accuracy = 0.12439999729394913
Training round: 768		accuracy = 0.11800000071525574
Training round: 769		accuracy = 0.32019999623298645
Training round: 770		accuracy = 0.2599000036716461
Training round: 771		accuracy = 0.30550000071525574
Training round: 772		accuracy = 0.3091000020503998
Training round: 773		accuracy = 0.2872999906539917
Training round: 774		accuracy = 0.313400000333786
Training round: 775		accuracy = 0.3246999979019165
Training round: 776		accuracy = 0.3179999887943268
Training round: 777		accuracy = 0.305400013923645
Training round: 778		accuracy = 0.2551000118255615
Training round: 779		accuracy = 0.32910001277923584
Training round: 780		accuracy = 0.29280000925064087
Training round: 781		accuracy = 0.34290000796318054
Training round: 782		accuracy = 0.2094999998807907
Training round: 783		accuracy = 0.14920000731945038
Training round: 784		accuracy = 0.3059999942779541
Training round: 785		accuracy = 0.3149999976158142
Training round: 786		accuracy = 0.31459999084472656
Training round: 787		accuracy = 0.15929999947547913
Training round: 788		accuracy = 0.14499999582767487
Training round: 789		accuracy = 0.29170000553131104
Training round: 790		accuracy = 0.30390000343322754
Training round: 791		accuracy = 0.32350000739097595
Training round: 792		accuracy = 0.3292999863624573
Training round: 793		accuracy = 0.32679998874664307
Training round: 794		accuracy = 0.24369999766349792
Training round: 795		accuracy = 0.3334999978542328
Training round: 796		accuracy = 0.3386000096797943
Training round: 797		accuracy = 0.31929999589920044
Training round: 798		accuracy = 0.32170000672340393
Training round: 799		accuracy = 0.29829999804496765
Training round: 800		accuracy = 0.2906999886035919
Training round: 801		accuracy = 0.32409998774528503
Training round: 802		accuracy = 0.30079999566078186
Training round: 803		accuracy = 0.3222000002861023
Training round: 804		accuracy = 0.2782000005245209
Training round: 805		accuracy = 0.23890000581741333
Training round: 806		accuracy = 0.35089999437332153
Training round: 807		accuracy = 0.3093999922275543
Training round: 808		accuracy = 0.322299987077713
Training round: 809		accuracy = 0.3206000030040741
Training round: 810		accuracy = 0.34929999709129333
Training round: 811		accuracy = 0.20059999823570251
Training round: 812		accuracy = 0.13770000636577606
Training round: 813		accuracy = 0.33880001306533813
Training round: 814		accuracy = 0.3271999955177307
Training round: 815		accuracy = 0.179299995303154
Training round: 816		accuracy = 0.1316000074148178
Training round: 817		accuracy = 0.17000000178813934
Training round: 818		accuracy = 0.32249999046325684
Training round: 819		accuracy = 0.16419999301433563
Training round: 820		accuracy = 0.15539999306201935
Training round: 821		accuracy = 0.32919999957084656
Training round: 822		accuracy = 0.3240000009536743
Training round: 823		accuracy = 0.2281000018119812
Training round: 824		accuracy = 0.2648000121116638
Training round: 825		accuracy = 0.250900000333786
Training round: 826		accuracy = 0.3260999917984009
Training round: 827		accuracy = 0.34619998931884766
Training round: 828		accuracy = 0.1460999995470047
Training round: 829		accuracy = 0.25440001487731934
Training round: 830		accuracy = 0.1664000004529953
Training round: 831		accuracy = 0.2612999975681305
Training round: 832		accuracy = 0.3199000060558319
Training round: 833		accuracy = 0.3019999861717224
Training round: 834		accuracy = 0.314300000667572
Training round: 835		accuracy = 0.3301999866962433
Training round: 836		accuracy = 0.3100999891757965
Training round: 837		accuracy = 0.33090001344680786
Training round: 838		accuracy = 0.31779998540878296
Training round: 839		accuracy = 0.3456000089645386
Training round: 840		accuracy = 0.3255000114440918
Training round: 841		accuracy = 0.3336000144481659
Training round: 842		accuracy = 0.1500999927520752
Training round: 843		accuracy = 0.3228999972343445
Training round: 844		accuracy = 0.3495999872684479
Training round: 845		accuracy = 0.3424000144004822
Training round: 846		accuracy = 0.26159998774528503
Training round: 847		accuracy = 0.3328000009059906
Training round: 848		accuracy = 0.299699991941452
Training round: 849		accuracy = 0.1378999948501587
Training round: 850		accuracy = 0.3001999855041504
Training round: 851		accuracy = 0.3093999922275543
Training round: 852		accuracy = 0.35350000858306885
Training round: 853		accuracy = 0.2754000127315521
Training round: 854		accuracy = 0.3506999909877777
Training round: 855		accuracy = 0.3174999952316284
Training round: 856		accuracy = 0.33889999985694885
Training round: 857		accuracy = 0.3481000065803528
Training round: 858		accuracy = 0.31279999017715454
Training round: 859		accuracy = 0.31279999017715454
Training round: 860		accuracy = 0.314300000667572
Training round: 861		accuracy = 0.35409998893737793
Training round: 862		accuracy = 0.3343999981880188
Training round: 863		accuracy = 0.19140000641345978
Training round: 864		accuracy = 0.13289999961853027
Training round: 865		accuracy = 0.11559999734163284
Training round: 866		accuracy = 0.2935999929904938
Training round: 867		accuracy = 0.3391000032424927
Training round: 868		accuracy = 0.3328999876976013
Training round: 869		accuracy = 0.3012999892234802
Training round: 870		accuracy = 0.3573000133037567
Training round: 871		accuracy = 0.3416000008583069
Training round: 872		accuracy = 0.3582000136375427
Training round: 873		accuracy = 0.3544999957084656
Training round: 874		accuracy = 0.14100000262260437
Training round: 875		accuracy = 0.31060001254081726
Training round: 876		accuracy = 0.32670000195503235
Training round: 877		accuracy = 0.3206999897956848
Training round: 878		accuracy = 0.34450000524520874
Training round: 879		accuracy = 0.33160001039505005
Training round: 880		accuracy = 0.3179999887943268
Training round: 881		accuracy = 0.36399999260902405
Training round: 882		accuracy = 0.14499999582767487
Training round: 883		accuracy = 0.32670000195503235
Training round: 884		accuracy = 0.31200000643730164
Training round: 885		accuracy = 0.17949999868869781
Training round: 886		accuracy = 0.12470000237226486
Training round: 887		accuracy = 0.10589999705553055
Training round: 888		accuracy = 0.32510000467300415
Training round: 889		accuracy = 0.32199999690055847
Training round: 890		accuracy = 0.3675999939441681
Training round: 891		accuracy = 0.3635999858379364
Training round: 892		accuracy = 0.3625999987125397
Training round: 893		accuracy = 0.34279999136924744
Training round: 894		accuracy = 0.36980000138282776
Training round: 895		accuracy = 0.3573000133037567
Training round: 896		accuracy = 0.2720000147819519
Training round: 897		accuracy = 0.33219999074935913
Training round: 898		accuracy = 0.3431999981403351
Training round: 899		accuracy = 0.37529999017715454
Training round: 900		accuracy = 0.22709999978542328
Training round: 901		accuracy = 0.1761000007390976
Training round: 902		accuracy = 0.35280001163482666
Training round: 903		accuracy = 0.351500004529953
Training round: 904		accuracy = 0.3248000144958496
Training round: 905		accuracy = 0.35679998993873596
Training round: 906		accuracy = 0.3598000109195709
Training round: 907		accuracy = 0.34470000863075256
Training round: 908		accuracy = 0.3319999873638153
Training round: 909		accuracy = 0.3968000113964081
Training round: 910		accuracy = 0.15549999475479126
Training round: 911		accuracy = 0.3605000078678131
Training round: 912		accuracy = 0.1647000014781952
Training round: 913		accuracy = 0.3416000008583069
Training round: 914		accuracy = 0.2678999900817871
Training round: 915		accuracy = 0.34450000524520874
Training round: 916		accuracy = 0.15760000050067902
Training round: 917		accuracy = 0.13899999856948853
Training round: 918		accuracy = 0.10599999874830246
Training round: 919		accuracy = 0.3131999969482422
Training round: 920		accuracy = 0.3781999945640564
Training round: 921		accuracy = 0.3700999915599823
Training round: 922		accuracy = 0.36010000109672546
Training round: 923		accuracy = 0.35530000925064087
Training round: 924		accuracy = 0.3756999969482422
Training round: 925		accuracy = 0.35280001163482666
Training round: 926		accuracy = 0.1581999957561493
Training round: 927		accuracy = 0.16040000319480896
Training round: 928		accuracy = 0.32820001244544983
Training round: 929		accuracy = 0.3582000136375427
Training round: 930		accuracy = 0.28600001335144043
Training round: 931		accuracy = 0.3630000054836273
Training round: 932		accuracy = 0.27570000290870667
Training round: 933		accuracy = 0.33649998903274536
Training round: 934		accuracy = 0.34389999508857727
Training round: 935		accuracy = 0.2921999990940094
Training round: 936		accuracy = 0.36980000138282776
Training round: 937		accuracy = 0.17960000038146973
Training round: 938		accuracy = 0.35499998927116394
Training round: 939		accuracy = 0.3391000032424927
Training round: 940		accuracy = 0.2151000052690506
Training round: 941		accuracy = 0.3528999984264374
Training round: 942		accuracy = 0.19460000097751617
Training round: 943		accuracy = 0.3684999942779541
Training round: 944		accuracy = 0.3571000099182129
Training round: 945		accuracy = 0.36309999227523804
Training round: 946		accuracy = 0.31790000200271606
Training round: 947		accuracy = 0.328000009059906
Training round: 948		accuracy = 0.3625999987125397
Training round: 949		accuracy = 0.29170000553131104
Training round: 950		accuracy = 0.2745000123977661
Training round: 951		accuracy = 0.36419999599456787
Training round: 952		accuracy = 0.35409998893737793
Training round: 953		accuracy = 0.35670000314712524
Training round: 954		accuracy = 0.31040000915527344
Training round: 955		accuracy = 0.3781000077724457
Training round: 956		accuracy = 0.257999986410141
Training round: 957		accuracy = 0.2694999873638153
Training round: 958		accuracy = 0.3772999942302704
Training round: 959		accuracy = 0.3695000112056732
Training round: 960		accuracy = 0.3686000108718872
Training round: 961		accuracy = 0.38449999690055847
Training round: 962		accuracy = 0.3682999908924103
Training round: 963		accuracy = 0.3822000026702881
Training round: 964		accuracy = 0.27790001034736633
Training round: 965		accuracy = 0.335099995136261
Training round: 966		accuracy = 0.1080000028014183
Training round: 967		accuracy = 0.11079999804496765
Training round: 968		accuracy = 0.33309999108314514
Training round: 969		accuracy = 0.3617999851703644
Training round: 970		accuracy = 0.33230000734329224
Training round: 971		accuracy = 0.38659998774528503
Training round: 972		accuracy = 0.3871000111103058
Training round: 973		accuracy = 0.3993000090122223
Training round: 974		accuracy = 0.21979999542236328
Training round: 975		accuracy = 0.3402000069618225
Training round: 976		accuracy = 0.35589998960494995
Training round: 977		accuracy = 0.34450000524520874
Training round: 978		accuracy = 0.37439998984336853
Training round: 979		accuracy = 0.3513000011444092
Training round: 980		accuracy = 0.1429000049829483
Training round: 981		accuracy = 0.3544999957084656
Training round: 982		accuracy = 0.366100013256073
Training round: 983		accuracy = 0.38600000739097595
Training round: 984		accuracy = 0.3718999922275543
Training round: 985		accuracy = 0.18559999763965607
Training round: 986		accuracy = 0.36000001430511475
Training round: 987		accuracy = 0.37709999084472656
Training round: 988		accuracy = 0.3343999981880188
Training round: 989		accuracy = 0.2793000042438507
Training round: 990		accuracy = 0.3702999949455261
Training round: 991		accuracy = 0.3707999885082245
Training round: 992		accuracy = 0.3610999882221222
Training round: 993		accuracy = 0.3725999891757965
Training round: 994		accuracy = 0.23800000548362732
Training round: 995		accuracy = 0.1501999944448471
Training round: 996		accuracy = 0.13680000603199005
Training round: 997		accuracy = 0.35420000553131104
Training round: 998		accuracy = 0.37369999289512634
Training round: 999		accuracy = 0.38089999556541443
Training round: 1000		accuracy = 0.33889999985694885
Training duration 10128.70110654831
