2021-08-12 23:08:19.029749: I tensorflow/stream_executor/platform/default/dso_loader.cc:49] Successfully opened dynamic library libcudart.so.11.0
2021-08-12 23:08:25.231867: I tensorflow/compiler/jit/xla_cpu_device.cc:41] Not creating XLA devices, tf_xla_enable_xla_devices not set
2021-08-12 23:08:25.235310: I tensorflow/stream_executor/platform/default/dso_loader.cc:49] Successfully opened dynamic library libcuda.so.1
2021-08-12 23:08:25.271334: I tensorflow/core/common_runtime/gpu/gpu_device.cc:1720] Found device 0 with properties: 
pciBusID: 0000:03:00.0 name: Tesla P100-PCIE-12GB computeCapability: 6.0
coreClock: 1.3285GHz coreCount: 56 deviceMemorySize: 11.91GiB deviceMemoryBandwidth: 511.41GiB/s
2021-08-12 23:08:25.271529: I tensorflow/stream_executor/platform/default/dso_loader.cc:49] Successfully opened dynamic library libcudart.so.11.0
2021-08-12 23:08:25.296768: I tensorflow/stream_executor/platform/default/dso_loader.cc:49] Successfully opened dynamic library libcublas.so.11
2021-08-12 23:08:25.296936: I tensorflow/stream_executor/platform/default/dso_loader.cc:49] Successfully opened dynamic library libcublasLt.so.11
2021-08-12 23:08:25.302918: I tensorflow/stream_executor/platform/default/dso_loader.cc:49] Successfully opened dynamic library libcufft.so.10
2021-08-12 23:08:25.305502: I tensorflow/stream_executor/platform/default/dso_loader.cc:49] Successfully opened dynamic library libcurand.so.10
2021-08-12 23:08:25.314907: I tensorflow/stream_executor/platform/default/dso_loader.cc:49] Successfully opened dynamic library libcusolver.so.10
2021-08-12 23:08:25.317377: I tensorflow/stream_executor/platform/default/dso_loader.cc:49] Successfully opened dynamic library libcusparse.so.11
2021-08-12 23:08:25.318283: I tensorflow/stream_executor/platform/default/dso_loader.cc:49] Successfully opened dynamic library libcudnn.so.8
2021-08-12 23:08:25.320691: I tensorflow/core/common_runtime/gpu/gpu_device.cc:1862] Adding visible gpu devices: 0
2021-08-12 23:08:25.321596: I tensorflow/core/platform/cpu_feature_guard.cc:142] This TensorFlow binary is optimized with oneAPI Deep Neural Network Library (oneDNN) to use the following CPU instructions in performance-critical operations:  AVX2 FMA
To enable them in other operations, rebuild TensorFlow with the appropriate compiler flags.
2021-08-12 23:08:25.321917: I tensorflow/compiler/jit/xla_gpu_device.cc:99] Not creating XLA devices, tf_xla_enable_xla_devices not set
2021-08-12 23:08:25.324069: I tensorflow/core/common_runtime/gpu/gpu_device.cc:1720] Found device 0 with properties: 
pciBusID: 0000:03:00.0 name: Tesla P100-PCIE-12GB computeCapability: 6.0
coreClock: 1.3285GHz coreCount: 56 deviceMemorySize: 11.91GiB deviceMemoryBandwidth: 511.41GiB/s
2021-08-12 23:08:25.324217: I tensorflow/stream_executor/platform/default/dso_loader.cc:49] Successfully opened dynamic library libcudart.so.11.0
2021-08-12 23:08:25.324366: I tensorflow/stream_executor/platform/default/dso_loader.cc:49] Successfully opened dynamic library libcublas.so.11
2021-08-12 23:08:25.324501: I tensorflow/stream_executor/platform/default/dso_loader.cc:49] Successfully opened dynamic library libcublasLt.so.11
2021-08-12 23:08:25.324636: I tensorflow/stream_executor/platform/default/dso_loader.cc:49] Successfully opened dynamic library libcufft.so.10
2021-08-12 23:08:25.324761: I tensorflow/stream_executor/platform/default/dso_loader.cc:49] Successfully opened dynamic library libcurand.so.10
2021-08-12 23:08:25.324896: I tensorflow/stream_executor/platform/default/dso_loader.cc:49] Successfully opened dynamic library libcusolver.so.10
2021-08-12 23:08:25.325017: I tensorflow/stream_executor/platform/default/dso_loader.cc:49] Successfully opened dynamic library libcusparse.so.11
2021-08-12 23:08:25.325114: I tensorflow/stream_executor/platform/default/dso_loader.cc:49] Successfully opened dynamic library libcudnn.so.8
2021-08-12 23:08:25.328881: I tensorflow/core/common_runtime/gpu/gpu_device.cc:1862] Adding visible gpu devices: 0
2021-08-12 23:08:25.329029: I tensorflow/stream_executor/platform/default/dso_loader.cc:49] Successfully opened dynamic library libcudart.so.11.0
2021-08-12 23:08:25.904041: I tensorflow/core/common_runtime/gpu/gpu_device.cc:1261] Device interconnect StreamExecutor with strength 1 edge matrix:
2021-08-12 23:08:25.904260: I tensorflow/core/common_runtime/gpu/gpu_device.cc:1267]      0 
2021-08-12 23:08:25.904376: I tensorflow/core/common_runtime/gpu/gpu_device.cc:1280] 0:   N 
2021-08-12 23:08:25.907248: I tensorflow/core/common_runtime/gpu/gpu_device.cc:1406] Created TensorFlow device (/job:localhost/replica:0/task:0/device:GPU:0 with 11119 MB memory) -> physical GPU (device: 0, name: Tesla P100-PCIE-12GB, pci bus id: 0000:03:00.0, compute capability: 6.0)
2021-08-12 23:08:26.543894: I tensorflow/compiler/mlir/mlir_graph_optimization_pass.cc:116] None of the MLIR optimization passes are enabled (registered 2)
2021-08-12 23:08:26.544774: I tensorflow/core/platform/profile_utils/cpu_utils.cc:112] CPU Frequency: 2200000000 Hz
2021-08-12 23:08:27.120416: I tensorflow/stream_executor/platform/default/dso_loader.cc:49] Successfully opened dynamic library libcublas.so.11
2021-08-12 23:08:27.493137: I tensorflow/stream_executor/platform/default/dso_loader.cc:49] Successfully opened dynamic library libcublasLt.so.11
2021-08-12 23:08:27.495796: I tensorflow/stream_executor/platform/default/dso_loader.cc:49] Successfully opened dynamic library libcudnn.so.8
2021-08-12 23:08:29.297661: W tensorflow/stream_executor/gpu/asm_compiler.cc:63] Running ptxas --version returned 256
2021-08-12 23:08:29.351822: W tensorflow/stream_executor/gpu/redzone_allocator.cc:314] Internal: ptxas exited with non-zero error code 256, output: 
Relying on driver to perform ptx compilation. 
Modify $PATH to customize ptxas location.
This message will be only logged once.
OverlapMutator started.
OverlapMutator finished.
Training round: 1		accuracy = 0.10000000149011612
Training round: 2		accuracy = 0.10000000149011612
Training round: 3		accuracy = 0.10719999670982361
Training round: 4		accuracy = 0.0997999981045723
Training round: 5		accuracy = 0.11219999939203262
Training round: 6		accuracy = 0.1704999953508377
Training round: 7		accuracy = 0.15690000355243683
Training round: 8		accuracy = 0.17870000004768372
Training round: 9		accuracy = 0.19689999520778656
Training round: 10		accuracy = 0.20960000157356262
Training round: 11		accuracy = 0.20100000500679016
Training round: 12		accuracy = 0.14419999718666077
Training round: 13		accuracy = 0.13109999895095825
Training round: 14		accuracy = 0.19619999825954437
Training round: 15		accuracy = 0.19619999825954437
Training round: 16		accuracy = 0.16259999573230743
Training round: 17		accuracy = 0.16539999842643738
Training round: 18		accuracy = 0.21449999511241913
Training round: 19		accuracy = 0.21130000054836273
Training round: 20		accuracy = 0.2328999936580658
Training round: 21		accuracy = 0.2296999990940094
Training round: 22		accuracy = 0.17020000517368317
Training round: 23		accuracy = 0.20000000298023224
Training round: 24		accuracy = 0.25760000944137573
Training round: 25		accuracy = 0.2280000001192093
Training round: 26		accuracy = 0.20489999651908875
Training round: 27		accuracy = 0.2312999963760376
Training round: 28		accuracy = 0.24480000138282776
Training round: 29		accuracy = 0.22040000557899475
Training round: 30		accuracy = 0.22050000727176666
Training round: 31		accuracy = 0.2013999968767166
Training round: 32		accuracy = 0.21050000190734863
Training round: 33		accuracy = 0.2863999903202057
Training round: 34		accuracy = 0.25060001015663147
Training round: 35		accuracy = 0.19910000264644623
Training round: 36		accuracy = 0.2289000004529953
Training round: 37		accuracy = 0.13109999895095825
Training round: 38		accuracy = 0.3041999936103821
Training round: 39		accuracy = 0.23770000040531158
Training round: 40		accuracy = 0.29580000042915344
Training round: 41		accuracy = 0.23980000615119934
Training round: 42		accuracy = 0.2782999873161316
Training round: 43		accuracy = 0.29280000925064087
Training round: 44		accuracy = 0.25679999589920044
Training round: 45		accuracy = 0.31189998984336853
Training round: 46		accuracy = 0.3853999972343445
Training round: 47		accuracy = 0.24070000648498535
Training round: 48		accuracy = 0.20170000195503235
Training round: 49		accuracy = 0.3098999857902527
Training round: 50		accuracy = 0.27309998869895935
Training round: 51		accuracy = 0.27959999442100525
Training round: 52		accuracy = 0.3630000054836273
Training round: 53		accuracy = 0.382099986076355
Training round: 54		accuracy = 0.319599986076355
Training round: 55		accuracy = 0.31360000371932983
Training round: 56		accuracy = 0.397599995136261
Training round: 57		accuracy = 0.328900009393692
Training round: 58		accuracy = 0.3440000116825104
Training round: 59		accuracy = 0.3206999897956848
Training round: 60		accuracy = 0.32280001044273376
Training round: 61		accuracy = 0.22349999845027924
Training round: 62		accuracy = 0.3695000112056732
Training round: 63		accuracy = 0.28690001368522644
Training round: 64		accuracy = 0.262800008058548
Training round: 65		accuracy = 0.29789999127388
Training round: 66		accuracy = 0.34150001406669617
Training round: 67		accuracy = 0.40560001134872437
Training round: 68		accuracy = 0.2985999882221222
Training round: 69		accuracy = 0.3343000113964081
Training round: 70		accuracy = 0.435699999332428
Training round: 71		accuracy = 0.33970001339912415
Training round: 72		accuracy = 0.41290000081062317
Training round: 73		accuracy = 0.36169999837875366
Training round: 74		accuracy = 0.4219000041484833
Training round: 75		accuracy = 0.37689998745918274
Training round: 76		accuracy = 0.29010000824928284
Training round: 77		accuracy = 0.3767000138759613
Training round: 78		accuracy = 0.3781000077724457
Training round: 79		accuracy = 0.3652999997138977
Training round: 80		accuracy = 0.3476000130176544
Training round: 81		accuracy = 0.4519999921321869
Training round: 82		accuracy = 0.39750000834465027
Training round: 83		accuracy = 0.3725999891757965
Training round: 84		accuracy = 0.27459999918937683
Training round: 85		accuracy = 0.45399999618530273
Training round: 86		accuracy = 0.46000000834465027
Training round: 87		accuracy = 0.41940000653266907
Training round: 88		accuracy = 0.39800000190734863
Training round: 89		accuracy = 0.3564000129699707
Training round: 90		accuracy = 0.40389999747276306
Training round: 91		accuracy = 0.3452000021934509
Training round: 92		accuracy = 0.4205999970436096
Training round: 93		accuracy = 0.42149999737739563
Training round: 94		accuracy = 0.43709999322891235
Training round: 95		accuracy = 0.4194999933242798
Training round: 96		accuracy = 0.31439998745918274
Training round: 97		accuracy = 0.41370001435279846
Training round: 98		accuracy = 0.4526999890804291
Training round: 99		accuracy = 0.4392000138759613
Training round: 100		accuracy = 0.4004000127315521
Training round: 101		accuracy = 0.4943999946117401
Training round: 102		accuracy = 0.42010000348091125
Training round: 103		accuracy = 0.3837999999523163
Training round: 104		accuracy = 0.37529999017715454
Training round: 105		accuracy = 0.43939998745918274
Training round: 106		accuracy = 0.47600001096725464
Training round: 107		accuracy = 0.3571000099182129
Training round: 108		accuracy = 0.47279998660087585
Training round: 109		accuracy = 0.45210000872612
Training round: 110		accuracy = 0.4230000078678131
Training round: 111		accuracy = 0.4503999948501587
Training round: 112		accuracy = 0.5004000067710876
Training round: 113		accuracy = 0.4970000088214874
Training round: 114		accuracy = 0.39730000495910645
Training round: 115		accuracy = 0.37880000472068787
Training round: 116		accuracy = 0.3659000098705292
Training round: 117		accuracy = 0.4390999972820282
Training round: 118		accuracy = 0.41609999537467957
Training round: 119		accuracy = 0.4733000099658966
Training round: 120		accuracy = 0.47620001435279846
Training round: 121		accuracy = 0.4551999866962433
Training round: 122		accuracy = 0.3379000127315521
Training round: 123		accuracy = 0.398499995470047
Training round: 124		accuracy = 0.41350001096725464
Training round: 125		accuracy = 0.42719998955726624
Training round: 126		accuracy = 0.4345000088214874
Training round: 127		accuracy = 0.4296000003814697
Training round: 128		accuracy = 0.5383999943733215
Training round: 129		accuracy = 0.41819998621940613
Training round: 130		accuracy = 0.5231999754905701
Training round: 131		accuracy = 0.4251999855041504
Training round: 132		accuracy = 0.44589999318122864
Training round: 133		accuracy = 0.4697999954223633
Training round: 134		accuracy = 0.41190001368522644
Training round: 135		accuracy = 0.47850000858306885
Training round: 136		accuracy = 0.4812999963760376
Training round: 137		accuracy = 0.5056999921798706
Training round: 138		accuracy = 0.4542999863624573
Training round: 139		accuracy = 0.47209998965263367
Training round: 140		accuracy = 0.5221999883651733
Training round: 141		accuracy = 0.5178999900817871
Training round: 142		accuracy = 0.5414000153541565
Training round: 143		accuracy = 0.46050000190734863
Training round: 144		accuracy = 0.36230000853538513
Training round: 145		accuracy = 0.4390000104904175
Training round: 146		accuracy = 0.5187000036239624
Training round: 147		accuracy = 0.39399999380111694
Training round: 148		accuracy = 0.42010000348091125
Training round: 149		accuracy = 0.5321999788284302
Training round: 150		accuracy = 0.49230000376701355
Training round: 151		accuracy = 0.49079999327659607
Training round: 152		accuracy = 0.5026000142097473
Training round: 153		accuracy = 0.4810999929904938
Training round: 154		accuracy = 0.5792999863624573
Training round: 155		accuracy = 0.47130000591278076
Training round: 156		accuracy = 0.5546000003814697
Training round: 157		accuracy = 0.5299000144004822
Training round: 158		accuracy = 0.5162000060081482
Training round: 159		accuracy = 0.40369999408721924
Training round: 160		accuracy = 0.4927000105381012
Training round: 161		accuracy = 0.5846999883651733
Training round: 162		accuracy = 0.38600000739097595
Training round: 163		accuracy = 0.5012000203132629
Training round: 164		accuracy = 0.4120999872684479
Training round: 165		accuracy = 0.4627000093460083
Training round: 166		accuracy = 0.4738999903202057
Training round: 167		accuracy = 0.4408000111579895
Training round: 168		accuracy = 0.5019999742507935
Training round: 169		accuracy = 0.45410001277923584
Training round: 170		accuracy = 0.4221999943256378
Training round: 171		accuracy = 0.40290001034736633
Training round: 172		accuracy = 0.4717999994754791
Training round: 173		accuracy = 0.426800012588501
Training round: 174		accuracy = 0.48840001225471497
Training round: 175		accuracy = 0.5321999788284302
Training round: 176		accuracy = 0.527400016784668
Training round: 177		accuracy = 0.5194000005722046
Training round: 178		accuracy = 0.44670000672340393
Training round: 179		accuracy = 0.5085999965667725
Training round: 180		accuracy = 0.4514999985694885
Training round: 181		accuracy = 0.5181999802589417
Training round: 182		accuracy = 0.45509999990463257
Training round: 183		accuracy = 0.42879998683929443
Training round: 184		accuracy = 0.475600004196167
Training round: 185		accuracy = 0.4489000141620636
Training round: 186		accuracy = 0.5252000093460083
Training round: 187		accuracy = 0.5490000247955322
Training round: 188		accuracy = 0.5297999978065491
Training round: 189		accuracy = 0.5432999730110168
Training round: 190		accuracy = 0.5092999935150146
Training round: 191		accuracy = 0.4009000062942505
Training round: 192		accuracy = 0.4961000084877014
Training round: 193		accuracy = 0.4560000002384186
Training round: 194		accuracy = 0.4950000047683716
Training round: 195		accuracy = 0.5365999937057495
Training round: 196		accuracy = 0.5360000133514404
Training round: 197		accuracy = 0.589900016784668
Training round: 198		accuracy = 0.5472000241279602
Training round: 199		accuracy = 0.4708000123500824
Training round: 200		accuracy = 0.5239999890327454
Training round: 201		accuracy = 0.43959999084472656
Training round: 202		accuracy = 0.5374000072479248
Training round: 203		accuracy = 0.555899977684021
Training round: 204		accuracy = 0.4431000053882599
Training round: 205		accuracy = 0.5716999769210815
Training round: 206		accuracy = 0.47600001096725464
Training round: 207		accuracy = 0.4221999943256378
Training round: 208		accuracy = 0.43549999594688416
Training round: 209		accuracy = 0.5289000272750854
Training round: 210		accuracy = 0.5990999937057495
Training round: 211		accuracy = 0.512499988079071
Training round: 212		accuracy = 0.5511999726295471
Training round: 213		accuracy = 0.5167999863624573
Training round: 214		accuracy = 0.45179998874664307
Training round: 215		accuracy = 0.38749998807907104
Training round: 216		accuracy = 0.44999998807907104
Training round: 217		accuracy = 0.4880000054836273
Training round: 218		accuracy = 0.532800018787384
Training round: 219		accuracy = 0.560699999332428
Training round: 220		accuracy = 0.5303999781608582
Training round: 221		accuracy = 0.47530001401901245
Training round: 222		accuracy = 0.49869999289512634
Training round: 223		accuracy = 0.45660001039505005
Training round: 224		accuracy = 0.5430999994277954
Training round: 225		accuracy = 0.5695000290870667
Training round: 226		accuracy = 0.4973999857902527
Training round: 227		accuracy = 0.5522000193595886
Training round: 228		accuracy = 0.5618000030517578
Training round: 229		accuracy = 0.5902000069618225
Training round: 230		accuracy = 0.6207000017166138
Training round: 231		accuracy = 0.4097999930381775
Training round: 232		accuracy = 0.39469999074935913
Training round: 233		accuracy = 0.5694000124931335
Training round: 234		accuracy = 0.4715999960899353
Training round: 235		accuracy = 0.5436000227928162
Training round: 236		accuracy = 0.5083000063896179
Training round: 237		accuracy = 0.48739999532699585
Training round: 238		accuracy = 0.5946999788284302
Training round: 239		accuracy = 0.5497999787330627
Training round: 240		accuracy = 0.5338000059127808
Training round: 241		accuracy = 0.564300000667572
Training round: 242		accuracy = 0.5572999715805054
Training round: 243		accuracy = 0.5476999878883362
Training round: 244		accuracy = 0.513700008392334
Training round: 245		accuracy = 0.5437999963760376
Training round: 246		accuracy = 0.4717000126838684
Training round: 247		accuracy = 0.5016000270843506
Training round: 248		accuracy = 0.5375000238418579
Training round: 249		accuracy = 0.5284000039100647
Training round: 250		accuracy = 0.5428000092506409
Training round: 251		accuracy = 0.47620001435279846
Training round: 252		accuracy = 0.5315999984741211
Training round: 253		accuracy = 0.46810001134872437
Training round: 254		accuracy = 0.4140999913215637
Training round: 255		accuracy = 0.5271000266075134
Training round: 256		accuracy = 0.4726000130176544
Training round: 257		accuracy = 0.5913000106811523
Training round: 258		accuracy = 0.5594000220298767
Training round: 259		accuracy = 0.49230000376701355
Training round: 260		accuracy = 0.5600000023841858
Training round: 261		accuracy = 0.5975000262260437
Training round: 262		accuracy = 0.4875999987125397
Training round: 263		accuracy = 0.5285999774932861
Training round: 264		accuracy = 0.5400999784469604
Training round: 265		accuracy = 0.4659999907016754
Training round: 266		accuracy = 0.5264000296592712
Training round: 267		accuracy = 0.586899995803833
Training round: 268		accuracy = 0.5067999958992004
Training round: 269		accuracy = 0.6144999861717224
Training round: 270		accuracy = 0.511900007724762
Training round: 271		accuracy = 0.6496999859809875
Training round: 272		accuracy = 0.522599995136261
Training round: 273		accuracy = 0.565500020980835
Training round: 274		accuracy = 0.5073999762535095
Training round: 275		accuracy = 0.5551000237464905
Training round: 276		accuracy = 0.5254999995231628
Training round: 277		accuracy = 0.6071000099182129
Training round: 278		accuracy = 0.6305999755859375
Training round: 279		accuracy = 0.5425000190734863
Training round: 280		accuracy = 0.5228999853134155
Training round: 281		accuracy = 0.5723000168800354
Training round: 282		accuracy = 0.6351000070571899
Training round: 283		accuracy = 0.504800021648407
Training round: 284		accuracy = 0.5202000141143799
Training round: 285		accuracy = 0.579800009727478
Training round: 286		accuracy = 0.5236999988555908
Training round: 287		accuracy = 0.5637999773025513
Training round: 288		accuracy = 0.45410001277923584
Training round: 289		accuracy = 0.5637000203132629
Training round: 290		accuracy = 0.6171000003814697
Training round: 291		accuracy = 0.5202999711036682
Training round: 292		accuracy = 0.4731000065803528
Training round: 293		accuracy = 0.5837000012397766
Training round: 294		accuracy = 0.4327000081539154
Training round: 295		accuracy = 0.3952000141143799
Training round: 296		accuracy = 0.4668000042438507
Training round: 297		accuracy = 0.5152999758720398
Training round: 298		accuracy = 0.5885000228881836
Training round: 299		accuracy = 0.6363999843597412
Training round: 300		accuracy = 0.4810999929904938
Training round: 301		accuracy = 0.527999997138977
Training round: 302		accuracy = 0.5673999786376953
Training round: 303		accuracy = 0.5770000219345093
Training round: 304		accuracy = 0.579200029373169
Training round: 305		accuracy = 0.5162000060081482
Training round: 306		accuracy = 0.49939998984336853
Training round: 307		accuracy = 0.5468000173568726
Training round: 308		accuracy = 0.5331000089645386
Training round: 309		accuracy = 0.6444000005722046
Training round: 310		accuracy = 0.5
Training round: 311		accuracy = 0.36800000071525574
Training round: 312		accuracy = 0.48739999532699585
Training round: 313		accuracy = 0.5325000286102295
Training round: 314		accuracy = 0.5562000274658203
Training round: 315		accuracy = 0.60589998960495
Training round: 316		accuracy = 0.60589998960495
Training round: 317		accuracy = 0.6162999868392944
Training round: 318		accuracy = 0.5619000196456909
Training round: 319		accuracy = 0.6111000180244446
Training round: 320		accuracy = 0.5637999773025513
Training round: 321		accuracy = 0.5895000100135803
Training round: 322		accuracy = 0.5299000144004822
Training round: 323		accuracy = 0.5285000205039978
Training round: 324		accuracy = 0.5551000237464905
Training round: 325		accuracy = 0.633400022983551
Training round: 326		accuracy = 0.5702000260353088
Training round: 327		accuracy = 0.5891000032424927
Training round: 328		accuracy = 0.5189999938011169
Training round: 329		accuracy = 0.586899995803833
Training round: 330		accuracy = 0.45170000195503235
Training round: 331		accuracy = 0.6312999725341797
Training round: 332		accuracy = 0.5105999708175659
Training round: 333		accuracy = 0.6238999962806702
Training round: 334		accuracy = 0.5454999804496765
Training round: 335		accuracy = 0.5371999740600586
Training round: 336		accuracy = 0.5184000134468079
Training round: 337		accuracy = 0.5799999833106995
Training round: 338		accuracy = 0.6011000275611877
Training round: 339		accuracy = 0.4925000071525574
Training round: 340		accuracy = 0.6086000204086304
Training round: 341		accuracy = 0.5800999999046326
Training round: 342		accuracy = 0.5428000092506409
Training round: 343		accuracy = 0.6718999743461609
Training round: 344		accuracy = 0.6259999871253967
Training round: 345		accuracy = 0.541700005531311
Training round: 346		accuracy = 0.6029000282287598
Training round: 347		accuracy = 0.6341999769210815
Training round: 348		accuracy = 0.4456000030040741
Training round: 349		accuracy = 0.6201000213623047
Training round: 350		accuracy = 0.642300009727478
Training round: 351		accuracy = 0.6323000192642212
Training round: 352		accuracy = 0.43720000982284546
Training round: 353		accuracy = 0.5766000151634216
Training round: 354		accuracy = 0.6191999912261963
Training round: 355		accuracy = 0.46700000762939453
Training round: 356		accuracy = 0.5817999839782715
Training round: 357		accuracy = 0.6226999759674072
Training round: 358		accuracy = 0.6516000032424927
Training round: 359		accuracy = 0.5875999927520752
Training round: 360		accuracy = 0.6304000020027161
Training round: 361		accuracy = 0.6189000010490417
Training round: 362		accuracy = 0.5964000225067139
Training round: 363		accuracy = 0.6430000066757202
Training round: 364		accuracy = 0.6226999759674072
Training round: 365		accuracy = 0.5432000160217285
Training round: 366		accuracy = 0.6061000227928162
Training round: 367		accuracy = 0.5037000179290771
Training round: 368		accuracy = 0.6237000226974487
Training round: 369		accuracy = 0.48899999260902405
Training round: 370		accuracy = 0.5608999729156494
Training round: 371		accuracy = 0.551800012588501
Training round: 372		accuracy = 0.572700023651123
Training round: 373		accuracy = 0.5105999708175659
Training round: 374		accuracy = 0.412200003862381
Training round: 375		accuracy = 0.6240000128746033
Training round: 376		accuracy = 0.6021000146865845
Training round: 377		accuracy = 0.5263000130653381
Training round: 378		accuracy = 0.6365000009536743
Training round: 379		accuracy = 0.6459000110626221
Training round: 380		accuracy = 0.5680000185966492
Training round: 381		accuracy = 0.54339998960495
Training round: 382		accuracy = 0.6254000067710876
Training round: 383		accuracy = 0.647599995136261
Training round: 384		accuracy = 0.632099986076355
Training round: 385		accuracy = 0.657800018787384
Training round: 386		accuracy = 0.5600000023841858
Training round: 387		accuracy = 0.6080999970436096
Training round: 388		accuracy = 0.5217999815940857
Training round: 389		accuracy = 0.5310999751091003
Training round: 390		accuracy = 0.5942999720573425
Training round: 391		accuracy = 0.6283000111579895
Training round: 392		accuracy = 0.5297999978065491
Training round: 393		accuracy = 0.6344000101089478
Training round: 394		accuracy = 0.5236999988555908
Training round: 395		accuracy = 0.6279000043869019
Training round: 396		accuracy = 0.5631999969482422
Training round: 397		accuracy = 0.6039000153541565
Training round: 398		accuracy = 0.586899995803833
Training round: 399		accuracy = 0.6047000288963318
Training round: 400		accuracy = 0.6279000043869019
Training round: 401		accuracy = 0.6588000059127808
Training round: 402		accuracy = 0.629800021648407
Training round: 403		accuracy = 0.595300018787384
Training round: 404		accuracy = 0.626800000667572
Training round: 405		accuracy = 0.6514000296592712
Training round: 406		accuracy = 0.6448000073432922
Training round: 407		accuracy = 0.5212000012397766
Training round: 408		accuracy = 0.6126999855041504
Training round: 409		accuracy = 0.6592000126838684
Training round: 410		accuracy = 0.5770999789237976
Training round: 411		accuracy = 0.6312999725341797
Training round: 412		accuracy = 0.6617000102996826
Training round: 413		accuracy = 0.5738999843597412
Training round: 414		accuracy = 0.5306000113487244
Training round: 415		accuracy = 0.6225000023841858
Training round: 416		accuracy = 0.6248999834060669
Training round: 417		accuracy = 0.650600016117096
Training round: 418		accuracy = 0.620199978351593
Training round: 419		accuracy = 0.6699000000953674
Training round: 420		accuracy = 0.5931000113487244
Training round: 421		accuracy = 0.569599986076355
Training round: 422		accuracy = 0.6212999820709229
Training round: 423		accuracy = 0.6129999756813049
Training round: 424		accuracy = 0.5857999920845032
Training round: 425		accuracy = 0.534500002861023
Training round: 426		accuracy = 0.6154999732971191
Training round: 427		accuracy = 0.579200029373169
Training round: 428		accuracy = 0.609499990940094
Training round: 429		accuracy = 0.5579000115394592
Training round: 430		accuracy = 0.5855000019073486
Training round: 431		accuracy = 0.5357999801635742
Training round: 432		accuracy = 0.6198999881744385
Training round: 433		accuracy = 0.5623999834060669
Training round: 434		accuracy = 0.5418000221252441
Training round: 435		accuracy = 0.6740999817848206
Training round: 436		accuracy = 0.5561000108718872
Training round: 437		accuracy = 0.5792999863624573
Training round: 438		accuracy = 0.5187000036239624
Training round: 439		accuracy = 0.5593000054359436
Training round: 440		accuracy = 0.5932999849319458
Training round: 441		accuracy = 0.5807999968528748
Training round: 442		accuracy = 0.578499972820282
Training round: 443		accuracy = 0.5485000014305115
Training round: 444		accuracy = 0.5898000001907349
Training round: 445		accuracy = 0.5852000117301941
Training round: 446		accuracy = 0.6017000079154968
Training round: 447		accuracy = 0.5638999938964844
Training round: 448		accuracy = 0.5376999974250793
Training round: 449		accuracy = 0.6115999817848206
Training round: 450		accuracy = 0.6316999793052673
Training round: 451		accuracy = 0.6225000023841858
Training round: 452		accuracy = 0.5916000008583069
Training round: 453		accuracy = 0.5198000073432922
Training round: 454		accuracy = 0.6610999703407288
Training round: 455		accuracy = 0.6866000294685364
Training round: 456		accuracy = 0.6171000003814697
Training round: 457		accuracy = 0.5889000296592712
Training round: 458		accuracy = 0.6581000089645386
Training round: 459		accuracy = 0.6000000238418579
Training round: 460		accuracy = 0.6557999849319458
Training round: 461		accuracy = 0.6933000087738037
Training round: 462		accuracy = 0.5537999868392944
Training round: 463		accuracy = 0.49720001220703125
Training round: 464		accuracy = 0.5306000113487244
Training round: 465		accuracy = 0.6194000244140625
Training round: 466		accuracy = 0.6243000030517578
Training round: 467		accuracy = 0.5943999886512756
Training round: 468		accuracy = 0.5812000036239624
Training round: 469		accuracy = 0.5806000232696533
Training round: 470		accuracy = 0.5307999849319458
Training round: 471		accuracy = 0.5403000116348267
Training round: 472		accuracy = 0.5187000036239624
Training round: 473		accuracy = 0.5885999798774719
Training round: 474		accuracy = 0.6098999977111816
Training round: 475		accuracy = 0.6098999977111816
Training round: 476		accuracy = 0.6593000292778015
Training round: 477		accuracy = 0.6227999925613403
Training round: 478		accuracy = 0.6388000249862671
Training round: 479		accuracy = 0.5956000089645386
Training round: 480		accuracy = 0.5569000244140625
Training round: 481		accuracy = 0.590399980545044
Training round: 482		accuracy = 0.5875999927520752
Training round: 483		accuracy = 0.6978999972343445
Training round: 484		accuracy = 0.557699978351593
Training round: 485		accuracy = 0.5655999779701233
Training round: 486		accuracy = 0.6104000210762024
Training round: 487		accuracy = 0.5770000219345093
Training round: 488		accuracy = 0.5309000015258789
Training round: 489		accuracy = 0.6642000079154968
Training round: 490		accuracy = 0.657800018787384
Training round: 491		accuracy = 0.6610000133514404
Training round: 492		accuracy = 0.5440999865531921
Training round: 493		accuracy = 0.6539999842643738
Training round: 494		accuracy = 0.5699999928474426
Training round: 495		accuracy = 0.5503000020980835
Training round: 496		accuracy = 0.5709999799728394
Training round: 497		accuracy = 0.6276000142097473
Training round: 498		accuracy = 0.6420000195503235
Training round: 499		accuracy = 0.6676999926567078
Training round: 500		accuracy = 0.602400004863739
Training round: 501		accuracy = 0.6134999990463257
Training round: 502		accuracy = 0.6672999858856201
Training round: 503		accuracy = 0.5328999757766724
Training round: 504		accuracy = 0.5555999875068665
Training round: 505		accuracy = 0.5752999782562256
Training round: 506		accuracy = 0.5259000062942505
Training round: 507		accuracy = 0.6255000233650208
Training round: 508		accuracy = 0.6887000203132629
Training round: 509		accuracy = 0.6230000257492065
Training round: 510		accuracy = 0.5436000227928162
Training round: 511		accuracy = 0.5335999727249146
Training round: 512		accuracy = 0.6283000111579895
Training round: 513		accuracy = 0.6894999742507935
Training round: 514		accuracy = 0.5895000100135803
Training round: 515		accuracy = 0.6732000112533569
Training round: 516		accuracy = 0.6233000159263611
Training round: 517		accuracy = 0.6489999890327454
Training round: 518		accuracy = 0.6577000021934509
Training round: 519		accuracy = 0.6182000041007996
Training round: 520		accuracy = 0.565500020980835
Training round: 521		accuracy = 0.6347000002861023
Training round: 522		accuracy = 0.6693000197410583
Training round: 523		accuracy = 0.6561999917030334
Training round: 524		accuracy = 0.6777999997138977
Training round: 525		accuracy = 0.5605999827384949
Training round: 526		accuracy = 0.6176000237464905
Training round: 527		accuracy = 0.6269000172615051
Training round: 528		accuracy = 0.5968000292778015
Training round: 529		accuracy = 0.6542999744415283
Training round: 530		accuracy = 0.6026999950408936
Training round: 531		accuracy = 0.6442999839782715
Training round: 532		accuracy = 0.6776999831199646
Training round: 533		accuracy = 0.6830999851226807
Training round: 534		accuracy = 0.6362000107765198
Training round: 535		accuracy = 0.5842000246047974
Training round: 536		accuracy = 0.5946000218391418
Training round: 537		accuracy = 0.6284999847412109
Training round: 538		accuracy = 0.6488999724388123
Training round: 539		accuracy = 0.6434000134468079
Training round: 540		accuracy = 0.5515999794006348
Training round: 541		accuracy = 0.6459000110626221
Training round: 542		accuracy = 0.5889999866485596
Training round: 543		accuracy = 0.6753000020980835
Training round: 544		accuracy = 0.6998999714851379
Training round: 545		accuracy = 0.5841000080108643
Training round: 546		accuracy = 0.5983999967575073
Training round: 547		accuracy = 0.5666000247001648
Training round: 548		accuracy = 0.6295999884605408
Training round: 549		accuracy = 0.7014999985694885
Training round: 550		accuracy = 0.67330002784729
Training round: 551		accuracy = 0.6601999998092651
Training round: 552		accuracy = 0.6906999945640564
Training round: 553		accuracy = 0.6955999732017517
Training round: 554		accuracy = 0.5863000154495239
Training round: 555		accuracy = 0.5105000138282776
Training round: 556		accuracy = 0.6565999984741211
Training round: 557		accuracy = 0.5785999894142151
Training round: 558		accuracy = 0.5741000175476074
Training round: 559		accuracy = 0.7186999917030334
Training round: 560		accuracy = 0.5289000272750854
Training round: 561		accuracy = 0.703000009059906
Training round: 562		accuracy = 0.6098999977111816
Training round: 563		accuracy = 0.49639999866485596
Training round: 564		accuracy = 0.6022999882698059
Training round: 565		accuracy = 0.6798999905586243
Training round: 566		accuracy = 0.6495000123977661
Training round: 567		accuracy = 0.5134999752044678
Training round: 568		accuracy = 0.621399998664856
Training round: 569		accuracy = 0.6043000221252441
Training round: 570		accuracy = 0.5843999981880188
Training round: 571		accuracy = 0.656499981880188
Training round: 572		accuracy = 0.676800012588501
Training round: 573		accuracy = 0.6266999840736389
Training round: 574		accuracy = 0.7146000266075134
Training round: 575		accuracy = 0.6894999742507935
Training round: 576		accuracy = 0.6988999843597412
Training round: 577		accuracy = 0.6492000222206116
Training round: 578		accuracy = 0.6754000186920166
Training round: 579		accuracy = 0.5760999917984009
Training round: 580		accuracy = 0.6215999722480774
Training round: 581		accuracy = 0.6797999739646912
Training round: 582		accuracy = 0.6539999842643738
Training round: 583		accuracy = 0.5817000269889832
Training round: 584		accuracy = 0.5906000137329102
Training round: 585		accuracy = 0.6703000068664551
Training round: 586		accuracy = 0.5608000159263611
Training round: 587		accuracy = 0.6274999976158142
Training round: 588		accuracy = 0.6029999852180481
Training round: 589		accuracy = 0.6467999815940857
Training round: 590		accuracy = 0.6331999897956848
Training round: 591		accuracy = 0.5993000268936157
Training round: 592		accuracy = 0.6621999740600586
Training round: 593		accuracy = 0.6481000185012817
Training round: 594		accuracy = 0.6557999849319458
Training round: 595		accuracy = 0.6640999913215637
Training round: 596		accuracy = 0.6883999705314636
Training round: 597		accuracy = 0.6053000092506409
Training round: 598		accuracy = 0.6607999801635742
Training round: 599		accuracy = 0.6292999982833862
Training round: 600		accuracy = 0.6413999795913696
Training round: 601		accuracy = 0.6355000138282776
Training round: 602		accuracy = 0.6851999759674072
Training round: 603		accuracy = 0.6069999933242798
Training round: 604		accuracy = 0.6363000273704529
Training round: 605		accuracy = 0.6348999738693237
Training round: 606		accuracy = 0.6352999806404114
Training round: 607		accuracy = 0.670799970626831
Training round: 608		accuracy = 0.6898000240325928
Training round: 609		accuracy = 0.6744999885559082
Training round: 610		accuracy = 0.7038000226020813
Training round: 611		accuracy = 0.5860999822616577
Training round: 612		accuracy = 0.6029000282287598
Training round: 613		accuracy = 0.5751000046730042
Training round: 614		accuracy = 0.6040999889373779
Training round: 615		accuracy = 0.6383000016212463
Training round: 616		accuracy = 0.652999997138977
Training round: 617		accuracy = 0.6852999925613403
Training round: 618		accuracy = 0.6104000210762024
Training round: 619		accuracy = 0.6674000024795532
Training round: 620		accuracy = 0.7085000276565552
Training round: 621		accuracy = 0.6236000061035156
Training round: 622		accuracy = 0.6241999864578247
Training round: 623		accuracy = 0.6207000017166138
Training round: 624		accuracy = 0.535099983215332
Training round: 625		accuracy = 0.6974999904632568
Training round: 626		accuracy = 0.6428999900817871
Training round: 627		accuracy = 0.6079999804496765
Training round: 628		accuracy = 0.6736999750137329
Training round: 629		accuracy = 0.6811000108718872
Training round: 630		accuracy = 0.6603000164031982
Training round: 631		accuracy = 0.5478000044822693
Training round: 632		accuracy = 0.6395000219345093
Training round: 633		accuracy = 0.646399974822998
Training round: 634		accuracy = 0.6503999829292297
Training round: 635		accuracy = 0.708899974822998
Training round: 636		accuracy = 0.6523000001907349
Training round: 637		accuracy = 0.6723999977111816
Training round: 638		accuracy = 0.5986999869346619
Training round: 639		accuracy = 0.6625999808311462
Training round: 640		accuracy = 0.6876000165939331
Training round: 641		accuracy = 0.6779000163078308
Training round: 642		accuracy = 0.6590999960899353
Training round: 643		accuracy = 0.6735000014305115
Training round: 644		accuracy = 0.6148999929428101
Training round: 645		accuracy = 0.5773000121116638
Training round: 646		accuracy = 0.6215999722480774
Training round: 647		accuracy = 0.5412999987602234
Training round: 648		accuracy = 0.6445000171661377
Training round: 649		accuracy = 0.6593999862670898
Training round: 650		accuracy = 0.6672000288963318
Training round: 651		accuracy = 0.6711000204086304
Training round: 652		accuracy = 0.6258000135421753
Training round: 653		accuracy = 0.6413000226020813
Training round: 654		accuracy = 0.6507999897003174
Training round: 655		accuracy = 0.7142000198364258
Training round: 656		accuracy = 0.5910000205039978
Training round: 657		accuracy = 0.7009999752044678
Training round: 658		accuracy = 0.5537999868392944
Training round: 659		accuracy = 0.6237999796867371
Training round: 660		accuracy = 0.6446999907493591
Training round: 661		accuracy = 0.6254000067710876
Training round: 662		accuracy = 0.5270000100135803
Training round: 663		accuracy = 0.6419000029563904
Training round: 664		accuracy = 0.667900025844574
Training round: 665		accuracy = 0.6205999851226807
Training round: 666		accuracy = 0.5942999720573425
Training round: 667		accuracy = 0.6004999876022339
Training round: 668		accuracy = 0.6126000285148621
Training round: 669		accuracy = 0.6879000067710876
Training round: 670		accuracy = 0.6463000178337097
Training round: 671		accuracy = 0.6389999985694885
Training round: 672		accuracy = 0.6359000205993652
Training round: 673		accuracy = 0.651199996471405
Training round: 674		accuracy = 0.6078000068664551
Training round: 675		accuracy = 0.6245999932289124
Training round: 676		accuracy = 0.6644999980926514
Training round: 677		accuracy = 0.6739000082015991
Training round: 678		accuracy = 0.6721000075340271
Training round: 679		accuracy = 0.6395000219345093
Training round: 680		accuracy = 0.6478000283241272
Training round: 681		accuracy = 0.6061999797821045
Training round: 682		accuracy = 0.6868000030517578
Training round: 683		accuracy = 0.6097000241279602
Training round: 684		accuracy = 0.6358000040054321
Training round: 685		accuracy = 0.6658999919891357
Training round: 686		accuracy = 0.7041000127792358
Training round: 687		accuracy = 0.708299994468689
Training round: 688		accuracy = 0.6545000076293945
Training round: 689		accuracy = 0.6535000205039978
Training round: 690		accuracy = 0.6848000288009644
Training round: 691		accuracy = 0.6746000051498413
Training round: 692		accuracy = 0.5738999843597412
Training round: 693		accuracy = 0.5394999980926514
Training round: 694		accuracy = 0.6468999981880188
Training round: 695		accuracy = 0.6590999960899353
Training round: 696		accuracy = 0.7131999731063843
Training round: 697		accuracy = 0.6385999917984009
Training round: 698		accuracy = 0.6193000078201294
Training round: 699		accuracy = 0.6926000118255615
Training round: 700		accuracy = 0.7013000249862671
Training round: 701		accuracy = 0.6474000215530396
Training round: 702		accuracy = 0.5860000252723694
Training round: 703		accuracy = 0.6834999918937683
Training round: 704		accuracy = 0.7124000191688538
Training round: 705		accuracy = 0.6333000063896179
Training round: 706		accuracy = 0.6198999881744385
Training round: 707		accuracy = 0.6599000096321106
Training round: 708		accuracy = 0.6384999752044678
Training round: 709		accuracy = 0.5990999937057495
Training round: 710		accuracy = 0.6227999925613403
Training round: 711		accuracy = 0.7192000150680542
Training round: 712		accuracy = 0.6922000050544739
Training round: 713		accuracy = 0.5539000034332275
Training round: 714		accuracy = 0.6718000173568726
Training round: 715		accuracy = 0.6279000043869019
Training round: 716		accuracy = 0.6657000184059143
Training round: 717		accuracy = 0.6728000044822693
Training round: 718		accuracy = 0.6283000111579895
Training round: 719		accuracy = 0.609000027179718
Training round: 720		accuracy = 0.7149999737739563
Training round: 721		accuracy = 0.7206000089645386
Training round: 722		accuracy = 0.5985999703407288
Training round: 723		accuracy = 0.7010999917984009
Training round: 724		accuracy = 0.6412000060081482
Training round: 725		accuracy = 0.7031999826431274
Training round: 726		accuracy = 0.6554999947547913
Training round: 727		accuracy = 0.6639999747276306
Training round: 728		accuracy = 0.6902999877929688
Training round: 729		accuracy = 0.6470999717712402
Training round: 730		accuracy = 0.6481999754905701
Training round: 731		accuracy = 0.6151000261306763
Training round: 732		accuracy = 0.6503999829292297
Training round: 733		accuracy = 0.6722000241279602
Training round: 734		accuracy = 0.6462000012397766
Training round: 735		accuracy = 0.6349999904632568
Training round: 736		accuracy = 0.6754999756813049
Training round: 737		accuracy = 0.7182999849319458
Training round: 738		accuracy = 0.7077000141143799
Training round: 739		accuracy = 0.6976000070571899
Training round: 740		accuracy = 0.6560999751091003
Training round: 741		accuracy = 0.6625999808311462
Training round: 742		accuracy = 0.7013999819755554
Training round: 743		accuracy = 0.6685000061988831
Training round: 744		accuracy = 0.6302000284194946
Training round: 745		accuracy = 0.6855999827384949
Training round: 746		accuracy = 0.5690000057220459
Training round: 747		accuracy = 0.6753000020980835
Training round: 748		accuracy = 0.7124999761581421
Training round: 749		accuracy = 0.5914000272750854
Training round: 750		accuracy = 0.6462000012397766
Training round: 751		accuracy = 0.6446999907493591
Training round: 752		accuracy = 0.6348999738693237
Training round: 753		accuracy = 0.5856999754905701
Training round: 754		accuracy = 0.6227999925613403
Training round: 755		accuracy = 0.6665999889373779
Training round: 756		accuracy = 0.6480000019073486
Training round: 757		accuracy = 0.6658999919891357
Training round: 758		accuracy = 0.5960000157356262
Training round: 759		accuracy = 0.6665999889373779
Training round: 760		accuracy = 0.6675999760627747
Training round: 761		accuracy = 0.7109000086784363
Training round: 762		accuracy = 0.6462000012397766
Training round: 763		accuracy = 0.5881999731063843
Training round: 764		accuracy = 0.5685999989509583
Training round: 765		accuracy = 0.6523000001907349
Training round: 766		accuracy = 0.6736000180244446
Training round: 767		accuracy = 0.6949999928474426
Training round: 768		accuracy = 0.6654000282287598
Training round: 769		accuracy = 0.6373999714851379
Training round: 770		accuracy = 0.6653000116348267
Training round: 771		accuracy = 0.6816999912261963
Training round: 772		accuracy = 0.6973999738693237
Training round: 773		accuracy = 0.7314000129699707
Training round: 774		accuracy = 0.7027999758720398
Training round: 775		accuracy = 0.6496000289916992
Training round: 776		accuracy = 0.7092000246047974
Training round: 777		accuracy = 0.7317000031471252
Training round: 778		accuracy = 0.6639999747276306
Training round: 779		accuracy = 0.5442000031471252
Training round: 780		accuracy = 0.5764999985694885
Training round: 781		accuracy = 0.6757000088691711
Training round: 782		accuracy = 0.6013000011444092
Training round: 783		accuracy = 0.6636999845504761
Training round: 784		accuracy = 0.6234999895095825
Training round: 785		accuracy = 0.5468000173568726
Training round: 786		accuracy = 0.6198999881744385
Training round: 787		accuracy = 0.614300012588501
Training round: 788		accuracy = 0.6414999961853027
Training round: 789		accuracy = 0.5945000052452087
Training round: 790		accuracy = 0.6597999930381775
Training round: 791		accuracy = 0.6953999996185303
Training round: 792		accuracy = 0.6111000180244446
Training round: 793		accuracy = 0.6743000149726868
Training round: 794		accuracy = 0.6546000242233276
Training round: 795		accuracy = 0.7271999716758728
Training round: 796		accuracy = 0.7261999845504761
Training round: 797		accuracy = 0.5712000131607056
Training round: 798		accuracy = 0.6482999920845032
Training round: 799		accuracy = 0.6499000191688538
Training round: 800		accuracy = 0.6922000050544739
Training round: 801		accuracy = 0.6830000281333923
Training round: 802		accuracy = 0.6067000031471252
Training round: 803		accuracy = 0.6538000106811523
Training round: 804		accuracy = 0.7121999859809875
Training round: 805		accuracy = 0.7128999829292297
Training round: 806		accuracy = 0.7059999704360962
Training round: 807		accuracy = 0.6725999712944031
Training round: 808		accuracy = 0.7152000069618225
Training round: 809		accuracy = 0.6621000170707703
Training round: 810		accuracy = 0.6980999708175659
Training round: 811		accuracy = 0.6697999835014343
Training round: 812		accuracy = 0.6204000115394592
Training round: 813		accuracy = 0.5605999827384949
Training round: 814		accuracy = 0.6398000121116638
Training round: 815		accuracy = 0.691100001335144
Training round: 816		accuracy = 0.6245999932289124
Training round: 817		accuracy = 0.713699996471405
Training round: 818		accuracy = 0.6816999912261963
Training round: 819		accuracy = 0.7275999784469604
Training round: 820		accuracy = 0.7269999980926514
Training round: 821		accuracy = 0.6967999935150146
Training round: 822		accuracy = 0.6787999868392944
Training round: 823		accuracy = 0.6956999897956848
Training round: 824		accuracy = 0.6583999991416931
Training round: 825		accuracy = 0.6430000066757202
Training round: 826		accuracy = 0.6626999974250793
Training round: 827		accuracy = 0.6797999739646912
Training round: 828		accuracy = 0.6169999837875366
Training round: 829		accuracy = 0.6837000250816345
Training round: 830		accuracy = 0.6984000205993652
Training round: 831		accuracy = 0.728600025177002
Training round: 832		accuracy = 0.6412000060081482
Training round: 833		accuracy = 0.7218000292778015
Training round: 834		accuracy = 0.7197999954223633
Training round: 835		accuracy = 0.5807999968528748
Training round: 836		accuracy = 0.6151000261306763
Training round: 837		accuracy = 0.5394999980926514
Training round: 838		accuracy = 0.6930000185966492
Training round: 839		accuracy = 0.725600004196167
Training round: 840		accuracy = 0.7132999897003174
Training round: 841		accuracy = 0.6905999779701233
Training round: 842		accuracy = 0.670199990272522
Training round: 843		accuracy = 0.720300018787384
Training round: 844		accuracy = 0.6863999962806702
Training round: 845		accuracy = 0.7056000232696533
Training round: 846		accuracy = 0.7064999938011169
Training round: 847		accuracy = 0.7041000127792358
Training round: 848		accuracy = 0.6388999819755554
Training round: 849		accuracy = 0.7129999995231628
Training round: 850		accuracy = 0.6789000034332275
Training round: 851		accuracy = 0.5922999978065491
Training round: 852		accuracy = 0.7109000086784363
Training round: 853		accuracy = 0.6995000243186951
Training round: 854		accuracy = 0.6919000148773193
Training round: 855		accuracy = 0.632099986076355
Training round: 856		accuracy = 0.6897000074386597
Training round: 857		accuracy = 0.6363999843597412
Training round: 858		accuracy = 0.6254000067710876
Training round: 859		accuracy = 0.6489999890327454
Training round: 860		accuracy = 0.5978000164031982
Training round: 861		accuracy = 0.7006999850273132
Training round: 862		accuracy = 0.7251999974250793
Training round: 863		accuracy = 0.704800009727478
Training round: 864		accuracy = 0.6917999982833862
Training round: 865		accuracy = 0.5918999910354614
Training round: 866		accuracy = 0.6586999893188477
Training round: 867		accuracy = 0.7049000263214111
Training round: 868		accuracy = 0.6597999930381775
Training round: 869		accuracy = 0.6434000134468079
Training round: 870		accuracy = 0.6592000126838684
Training round: 871		accuracy = 0.5993000268936157
Training round: 872		accuracy = 0.632099986076355
Training round: 873		accuracy = 0.6096000075340271
Training round: 874		accuracy = 0.6421999931335449
Training round: 875		accuracy = 0.6545000076293945
Training round: 876		accuracy = 0.734000027179718
Training round: 877		accuracy = 0.6585000157356262
Training round: 878		accuracy = 0.7053999900817871
Training round: 879		accuracy = 0.6438999772071838
Training round: 880		accuracy = 0.6769000291824341
Training round: 881		accuracy = 0.5360999703407288
Training round: 882		accuracy = 0.6025999784469604
Training round: 883		accuracy = 0.6621999740600586
Training round: 884		accuracy = 0.6603000164031982
Training round: 885		accuracy = 0.5813000202178955
Training round: 886		accuracy = 0.6571000218391418
Training round: 887		accuracy = 0.6656000018119812
Training round: 888		accuracy = 0.6704999804496765
Training round: 889		accuracy = 0.7174000144004822
Training round: 890		accuracy = 0.7211999893188477
Training round: 891		accuracy = 0.6518999934196472
Training round: 892		accuracy = 0.6797000169754028
Training round: 893		accuracy = 0.7057999968528748
Training round: 894		accuracy = 0.6718999743461609
Training round: 895		accuracy = 0.6848000288009644
Training round: 896		accuracy = 0.7128999829292297
Training round: 897		accuracy = 0.7149999737739563
Training round: 898		accuracy = 0.6660000085830688
Training round: 899		accuracy = 0.6656000018119812
Training round: 900		accuracy = 0.6777999997138977
Training round: 901		accuracy = 0.5422999858856201
Training round: 902		accuracy = 0.652400016784668
Training round: 903		accuracy = 0.6899999976158142
Training round: 904		accuracy = 0.7063000202178955
Training round: 905		accuracy = 0.6829000115394592
Training round: 906		accuracy = 0.6416000127792358
Training round: 907		accuracy = 0.6559000015258789
Training round: 908		accuracy = 0.6032000184059143
Training round: 909		accuracy = 0.6800000071525574
Training round: 910		accuracy = 0.6858999729156494
Training round: 911		accuracy = 0.6653000116348267
Training round: 912		accuracy = 0.6725000143051147
Training round: 913		accuracy = 0.7239000201225281
Training round: 914		accuracy = 0.6676999926567078
Training round: 915		accuracy = 0.6836000084877014
Training round: 916		accuracy = 0.7039999961853027
Training round: 917		accuracy = 0.6697999835014343
Training round: 918		accuracy = 0.6990000009536743
Training round: 919		accuracy = 0.6790000200271606
Training round: 920		accuracy = 0.6406000256538391
Training round: 921		accuracy = 0.6718999743461609
Training round: 922		accuracy = 0.6334999799728394
Training round: 923		accuracy = 0.7102000117301941
Training round: 924		accuracy = 0.635200023651123
Training round: 925		accuracy = 0.6474999785423279
Training round: 926		accuracy = 0.6549000144004822
Training round: 927		accuracy = 0.6924999952316284
Training round: 928		accuracy = 0.6858999729156494
Training round: 929		accuracy = 0.5688999891281128
Training round: 930		accuracy = 0.640500009059906
Training round: 931		accuracy = 0.6942999958992004
Training round: 932		accuracy = 0.6845999956130981
Training round: 933		accuracy = 0.7063000202178955
Training round: 934		accuracy = 0.6930000185966492
Training round: 935		accuracy = 0.7110000252723694
Training round: 936		accuracy = 0.6137999892234802
Training round: 937		accuracy = 0.6326000094413757
Training round: 938		accuracy = 0.6855000257492065
Training round: 939		accuracy = 0.7257000207901001
Training round: 940		accuracy = 0.6725999712944031
Training round: 941		accuracy = 0.7056999802589417
Training round: 942		accuracy = 0.701200008392334
Training round: 943		accuracy = 0.708899974822998
Training round: 944		accuracy = 0.6779999732971191
Training round: 945		accuracy = 0.6775000095367432
Training round: 946		accuracy = 0.6546000242233276
Training round: 947		accuracy = 0.6963000297546387
Training round: 948		accuracy = 0.7042999863624573
Training round: 949		accuracy = 0.6610000133514404
Training round: 950		accuracy = 0.7106000185012817
Training round: 951		accuracy = 0.5881999731063843
Training round: 952		accuracy = 0.6794999837875366
Training round: 953		accuracy = 0.6468999981880188
Training round: 954		accuracy = 0.6557999849319458
Training round: 955		accuracy = 0.7164999842643738
Training round: 956		accuracy = 0.6866000294685364
Training round: 957		accuracy = 0.6182000041007996
Training round: 958		accuracy = 0.6919999718666077
Training round: 959		accuracy = 0.7188000082969666
Training round: 960		accuracy = 0.6948999762535095
Training round: 961		accuracy = 0.6355000138282776
Training round: 962		accuracy = 0.7099000215530396
Training round: 963		accuracy = 0.7188000082969666
Training round: 964		accuracy = 0.6901999711990356
Training round: 965		accuracy = 0.6542999744415283
Training round: 966		accuracy = 0.6116999983787537
Training round: 967		accuracy = 0.6916000247001648
Training round: 968		accuracy = 0.6722000241279602
Training round: 969		accuracy = 0.6815000176429749
Training round: 970		accuracy = 0.6449999809265137
Training round: 971		accuracy = 0.6547999978065491
Training round: 972		accuracy = 0.6108999848365784
Training round: 973		accuracy = 0.7109000086784363
Training round: 974		accuracy = 0.7067000269889832
Training round: 975		accuracy = 0.6690999865531921
Training round: 976		accuracy = 0.7050999999046326
Training round: 977		accuracy = 0.6906999945640564
Training round: 978		accuracy = 0.7149999737739563
Training round: 979		accuracy = 0.6704999804496765
Training round: 980		accuracy = 0.6585000157356262
Training round: 981		accuracy = 0.7081000208854675
Training round: 982		accuracy = 0.7105000019073486
Training round: 983		accuracy = 0.7199000120162964
Training round: 984		accuracy = 0.7013000249862671
Training round: 985		accuracy = 0.7139000296592712
Training round: 986		accuracy = 0.7013000249862671
Training round: 987		accuracy = 0.6620000004768372
Training round: 988		accuracy = 0.6093999743461609
Training round: 989		accuracy = 0.7250999808311462
Training round: 990		accuracy = 0.6298999786376953
Training round: 991		accuracy = 0.7384999990463257
Training round: 992		accuracy = 0.6635000109672546
Training round: 993		accuracy = 0.7095000147819519
Training round: 994		accuracy = 0.704800009727478
Training round: 995		accuracy = 0.6107000112533569
Training round: 996		accuracy = 0.6488000154495239
Training round: 997		accuracy = 0.6539000272750854
Training round: 998		accuracy = 0.6650999784469604
Training round: 999		accuracy = 0.6147000193595886
Training round: 1000		accuracy = 0.6337000131607056
Training duration 15169.504719495773
