2021-08-12 23:08:39.065566: I tensorflow/stream_executor/platform/default/dso_loader.cc:49] Successfully opened dynamic library libcudart.so.11.0
2021-08-12 23:08:46.095703: I tensorflow/compiler/jit/xla_cpu_device.cc:41] Not creating XLA devices, tf_xla_enable_xla_devices not set
2021-08-12 23:08:46.103997: I tensorflow/stream_executor/platform/default/dso_loader.cc:49] Successfully opened dynamic library libcuda.so.1
2021-08-12 23:08:46.154356: I tensorflow/core/common_runtime/gpu/gpu_device.cc:1720] Found device 0 with properties: 
pciBusID: 0000:83:00.0 name: Tesla P100-PCIE-12GB computeCapability: 6.0
coreClock: 1.3285GHz coreCount: 56 deviceMemorySize: 11.91GiB deviceMemoryBandwidth: 511.41GiB/s
2021-08-12 23:08:46.154926: I tensorflow/stream_executor/platform/default/dso_loader.cc:49] Successfully opened dynamic library libcudart.so.11.0
2021-08-12 23:08:46.165960: I tensorflow/stream_executor/platform/default/dso_loader.cc:49] Successfully opened dynamic library libcublas.so.11
2021-08-12 23:08:46.166197: I tensorflow/stream_executor/platform/default/dso_loader.cc:49] Successfully opened dynamic library libcublasLt.so.11
2021-08-12 23:08:46.172586: I tensorflow/stream_executor/platform/default/dso_loader.cc:49] Successfully opened dynamic library libcufft.so.10
2021-08-12 23:08:46.175914: I tensorflow/stream_executor/platform/default/dso_loader.cc:49] Successfully opened dynamic library libcurand.so.10
2021-08-12 23:08:46.186061: I tensorflow/stream_executor/platform/default/dso_loader.cc:49] Successfully opened dynamic library libcusolver.so.10
2021-08-12 23:08:46.188800: I tensorflow/stream_executor/platform/default/dso_loader.cc:49] Successfully opened dynamic library libcusparse.so.11
2021-08-12 23:08:46.189758: I tensorflow/stream_executor/platform/default/dso_loader.cc:49] Successfully opened dynamic library libcudnn.so.8
2021-08-12 23:08:46.192921: I tensorflow/core/common_runtime/gpu/gpu_device.cc:1862] Adding visible gpu devices: 0
2021-08-12 23:08:46.198091: I tensorflow/core/platform/cpu_feature_guard.cc:142] This TensorFlow binary is optimized with oneAPI Deep Neural Network Library (oneDNN) to use the following CPU instructions in performance-critical operations:  AVX2 FMA
To enable them in other operations, rebuild TensorFlow with the appropriate compiler flags.
2021-08-12 23:08:46.198538: I tensorflow/compiler/jit/xla_gpu_device.cc:99] Not creating XLA devices, tf_xla_enable_xla_devices not set
2021-08-12 23:08:46.200149: I tensorflow/core/common_runtime/gpu/gpu_device.cc:1720] Found device 0 with properties: 
pciBusID: 0000:83:00.0 name: Tesla P100-PCIE-12GB computeCapability: 6.0
coreClock: 1.3285GHz coreCount: 56 deviceMemorySize: 11.91GiB deviceMemoryBandwidth: 511.41GiB/s
2021-08-12 23:08:46.200287: I tensorflow/stream_executor/platform/default/dso_loader.cc:49] Successfully opened dynamic library libcudart.so.11.0
2021-08-12 23:08:46.200368: I tensorflow/stream_executor/platform/default/dso_loader.cc:49] Successfully opened dynamic library libcublas.so.11
2021-08-12 23:08:46.200468: I tensorflow/stream_executor/platform/default/dso_loader.cc:49] Successfully opened dynamic library libcublasLt.so.11
2021-08-12 23:08:46.200529: I tensorflow/stream_executor/platform/default/dso_loader.cc:49] Successfully opened dynamic library libcufft.so.10
2021-08-12 23:08:46.200632: I tensorflow/stream_executor/platform/default/dso_loader.cc:49] Successfully opened dynamic library libcurand.so.10
2021-08-12 23:08:46.200696: I tensorflow/stream_executor/platform/default/dso_loader.cc:49] Successfully opened dynamic library libcusolver.so.10
2021-08-12 23:08:46.200755: I tensorflow/stream_executor/platform/default/dso_loader.cc:49] Successfully opened dynamic library libcusparse.so.11
2021-08-12 23:08:46.200856: I tensorflow/stream_executor/platform/default/dso_loader.cc:49] Successfully opened dynamic library libcudnn.so.8
2021-08-12 23:08:46.203510: I tensorflow/core/common_runtime/gpu/gpu_device.cc:1862] Adding visible gpu devices: 0
2021-08-12 23:08:46.203655: I tensorflow/stream_executor/platform/default/dso_loader.cc:49] Successfully opened dynamic library libcudart.so.11.0
2021-08-12 23:08:47.592537: I tensorflow/core/common_runtime/gpu/gpu_device.cc:1261] Device interconnect StreamExecutor with strength 1 edge matrix:
2021-08-12 23:08:47.592725: I tensorflow/core/common_runtime/gpu/gpu_device.cc:1267]      0 
2021-08-12 23:08:47.592832: I tensorflow/core/common_runtime/gpu/gpu_device.cc:1280] 0:   N 
2021-08-12 23:08:47.599798: I tensorflow/core/common_runtime/gpu/gpu_device.cc:1406] Created TensorFlow device (/job:localhost/replica:0/task:0/device:GPU:0 with 11119 MB memory) -> physical GPU (device: 0, name: Tesla P100-PCIE-12GB, pci bus id: 0000:83:00.0, compute capability: 6.0)
2021-08-12 23:08:48.358668: I tensorflow/compiler/mlir/mlir_graph_optimization_pass.cc:116] None of the MLIR optimization passes are enabled (registered 2)
2021-08-12 23:08:48.360051: I tensorflow/core/platform/profile_utils/cpu_utils.cc:112] CPU Frequency: 2200170000 Hz
2021-08-12 23:08:48.985880: I tensorflow/stream_executor/platform/default/dso_loader.cc:49] Successfully opened dynamic library libcublas.so.11
2021-08-12 23:08:49.374375: I tensorflow/stream_executor/platform/default/dso_loader.cc:49] Successfully opened dynamic library libcublasLt.so.11
2021-08-12 23:08:49.376902: I tensorflow/stream_executor/platform/default/dso_loader.cc:49] Successfully opened dynamic library libcudnn.so.8
2021-08-12 23:08:51.075893: W tensorflow/stream_executor/gpu/asm_compiler.cc:63] Running ptxas --version returned 256
2021-08-12 23:08:51.126628: W tensorflow/stream_executor/gpu/redzone_allocator.cc:314] Internal: ptxas exited with non-zero error code 256, output: 
Relying on driver to perform ptx compilation. 
Modify $PATH to customize ptxas location.
This message will be only logged once.
OverlapMutator started.
OverlapMutator finished.
Training round: 1		accuracy = 0.10000000149011612
Training round: 2		accuracy = 0.10000000149011612
Training round: 3		accuracy = 0.17810000479221344
Training round: 4		accuracy = 0.13600000739097595
Training round: 5		accuracy = 0.148499995470047
Training round: 6		accuracy = 0.13899999856948853
Training round: 7		accuracy = 0.11479999870061874
Training round: 8		accuracy = 0.2102999985218048
Training round: 9		accuracy = 0.22259999811649323
Training round: 10		accuracy = 0.2442999929189682
Training round: 11		accuracy = 0.2361000031232834
Training round: 12		accuracy = 0.16200000047683716
Training round: 13		accuracy = 0.16920000314712524
Training round: 14		accuracy = 0.16949999332427979
Training round: 15		accuracy = 0.21230000257492065
Training round: 16		accuracy = 0.2167000025510788
Training round: 17		accuracy = 0.2021999955177307
Training round: 18		accuracy = 0.18170000612735748
Training round: 19		accuracy = 0.24220000207424164
Training round: 20		accuracy = 0.19089999794960022
Training round: 21		accuracy = 0.2190999984741211
Training round: 22		accuracy = 0.22290000319480896
Training round: 23		accuracy = 0.23989999294281006
Training round: 24		accuracy = 0.19930000603199005
Training round: 25		accuracy = 0.26930001378059387
Training round: 26		accuracy = 0.22990000247955322
Training round: 27		accuracy = 0.23680000007152557
Training round: 28		accuracy = 0.31769999861717224
Training round: 29		accuracy = 0.27810001373291016
Training round: 30		accuracy = 0.30970001220703125
Training round: 31		accuracy = 0.18199999630451202
Training round: 32		accuracy = 0.27059999108314514
Training round: 33		accuracy = 0.3010999858379364
Training round: 34		accuracy = 0.2029000073671341
Training round: 35		accuracy = 0.22050000727176666
Training round: 36		accuracy = 0.24150000512599945
Training round: 37		accuracy = 0.2874000072479248
Training round: 38		accuracy = 0.387800008058548
Training round: 39		accuracy = 0.2703000009059906
Training round: 40		accuracy = 0.28110000491142273
Training round: 41		accuracy = 0.3075000047683716
Training round: 42		accuracy = 0.2800999879837036
Training round: 43		accuracy = 0.35370001196861267
Training round: 44		accuracy = 0.3522000014781952
Training round: 45		accuracy = 0.27090001106262207
Training round: 46		accuracy = 0.3824000060558319
Training round: 47		accuracy = 0.36629998683929443
Training round: 48		accuracy = 0.2955999970436096
Training round: 49		accuracy = 0.32760000228881836
Training round: 50		accuracy = 0.3319000005722046
Training round: 51		accuracy = 0.29989999532699585
Training round: 52		accuracy = 0.37860000133514404
Training round: 53		accuracy = 0.3181999921798706
Training round: 54		accuracy = 0.4099999964237213
Training round: 55		accuracy = 0.31299999356269836
Training round: 56		accuracy = 0.30079999566078186
Training round: 57		accuracy = 0.41119998693466187
Training round: 58		accuracy = 0.42489999532699585
Training round: 59		accuracy = 0.3619000017642975
Training round: 60		accuracy = 0.30649998784065247
Training round: 61		accuracy = 0.3799000084400177
Training round: 62		accuracy = 0.4377000033855438
Training round: 63		accuracy = 0.33719998598098755
Training round: 64		accuracy = 0.3792000114917755
Training round: 65		accuracy = 0.328900009393692
Training round: 66		accuracy = 0.33480000495910645
Training round: 67		accuracy = 0.3837999999523163
Training round: 68		accuracy = 0.3142000138759613
Training round: 69		accuracy = 0.3474999964237213
Training round: 70		accuracy = 0.29330000281333923
Training round: 71		accuracy = 0.34299999475479126
Training round: 72		accuracy = 0.36730000376701355
Training round: 73		accuracy = 0.40209999680519104
Training round: 74		accuracy = 0.36570000648498535
Training round: 75		accuracy = 0.46619999408721924
Training round: 76		accuracy = 0.4388999938964844
Training round: 77		accuracy = 0.373199999332428
Training round: 78		accuracy = 0.44859999418258667
Training round: 79		accuracy = 0.3370000123977661
Training round: 80		accuracy = 0.37119999527931213
Training round: 81		accuracy = 0.4000999927520752
Training round: 82		accuracy = 0.4108999967575073
Training round: 83		accuracy = 0.40849998593330383
Training round: 84		accuracy = 0.43290001153945923
Training round: 85		accuracy = 0.3700000047683716
Training round: 86		accuracy = 0.4250999987125397
Training round: 87		accuracy = 0.26579999923706055
Training round: 88		accuracy = 0.37119999527931213
Training round: 89		accuracy = 0.3919000029563904
Training round: 90		accuracy = 0.4481000006198883
Training round: 91		accuracy = 0.4083999991416931
Training round: 92		accuracy = 0.40639999508857727
Training round: 93		accuracy = 0.42750000953674316
Training round: 94		accuracy = 0.2865999937057495
Training round: 95		accuracy = 0.43070000410079956
Training round: 96		accuracy = 0.46000000834465027
Training round: 97		accuracy = 0.41940000653266907
Training round: 98		accuracy = 0.4239000082015991
Training round: 99		accuracy = 0.40799999237060547
Training round: 100		accuracy = 0.41909998655319214
Training round: 101		accuracy = 0.4569999873638153
Training round: 102		accuracy = 0.35440000891685486
Training round: 103		accuracy = 0.4325000047683716
Training round: 104		accuracy = 0.4259999990463257
Training round: 105		accuracy = 0.4309000074863434
Training round: 106		accuracy = 0.4228000044822693
Training round: 107		accuracy = 0.5260000228881836
Training round: 108		accuracy = 0.4381999969482422
Training round: 109		accuracy = 0.3125
Training round: 110		accuracy = 0.47450000047683716
Training round: 111		accuracy = 0.4300000071525574
Training round: 112		accuracy = 0.36239999532699585
Training round: 113		accuracy = 0.4440999925136566
Training round: 114		accuracy = 0.5324000120162964
Training round: 115		accuracy = 0.3483000099658966
Training round: 116		accuracy = 0.46790000796318054
Training round: 117		accuracy = 0.47209998965263367
Training round: 118		accuracy = 0.5029000043869019
Training round: 119		accuracy = 0.44040000438690186
Training round: 120		accuracy = 0.4311000108718872
Training round: 121		accuracy = 0.501800000667572
Training round: 122		accuracy = 0.48240000009536743
Training round: 123		accuracy = 0.446399986743927
Training round: 124		accuracy = 0.5325000286102295
Training round: 125		accuracy = 0.5291000008583069
Training round: 126		accuracy = 0.46939998865127563
Training round: 127		accuracy = 0.48899999260902405
Training round: 128		accuracy = 0.5192999839782715
Training round: 129		accuracy = 0.4632999897003174
Training round: 130		accuracy = 0.4075999855995178
Training round: 131		accuracy = 0.44620001316070557
Training round: 132		accuracy = 0.45910000801086426
Training round: 133		accuracy = 0.461899995803833
Training round: 134		accuracy = 0.38960000872612
Training round: 135		accuracy = 0.42649999260902405
Training round: 136		accuracy = 0.5116000175476074
Training round: 137		accuracy = 0.47099998593330383
Training round: 138		accuracy = 0.5317999720573425
Training round: 139		accuracy = 0.5239999890327454
Training round: 140		accuracy = 0.49939998984336853
Training round: 141		accuracy = 0.45660001039505005
Training round: 142		accuracy = 0.5471000075340271
Training round: 143		accuracy = 0.47769999504089355
Training round: 144		accuracy = 0.5892000198364258
Training round: 145		accuracy = 0.44749999046325684
Training round: 146		accuracy = 0.5291000008583069
Training round: 147		accuracy = 0.48969998955726624
Training round: 148		accuracy = 0.4555000066757202
Training round: 149		accuracy = 0.477400004863739
Training round: 150		accuracy = 0.5113999843597412
Training round: 151		accuracy = 0.5087000131607056
Training round: 152		accuracy = 0.5605999827384949
Training round: 153		accuracy = 0.4341999888420105
Training round: 154		accuracy = 0.48030000925064087
Training round: 155		accuracy = 0.4544000029563904
Training round: 156		accuracy = 0.5716999769210815
Training round: 157		accuracy = 0.5379999876022339
Training round: 158		accuracy = 0.5472999811172485
Training round: 159		accuracy = 0.4546999931335449
Training round: 160		accuracy = 0.4235000014305115
Training round: 161		accuracy = 0.44339999556541443
Training round: 162		accuracy = 0.49230000376701355
Training round: 163		accuracy = 0.5030999779701233
Training round: 164		accuracy = 0.45339998602867126
Training round: 165		accuracy = 0.36730000376701355
Training round: 166		accuracy = 0.5946000218391418
Training round: 167		accuracy = 0.5641000270843506
Training round: 168		accuracy = 0.4880000054836273
Training round: 169		accuracy = 0.4950000047683716
Training round: 170		accuracy = 0.45339998602867126
Training round: 171		accuracy = 0.4717000126838684
Training round: 172		accuracy = 0.5236999988555908
Training round: 173		accuracy = 0.4259999990463257
Training round: 174		accuracy = 0.5353999733924866
Training round: 175		accuracy = 0.5569999814033508
Training round: 176		accuracy = 0.4325999915599823
Training round: 177		accuracy = 0.5138999819755554
Training round: 178		accuracy = 0.513700008392334
Training round: 179		accuracy = 0.4603999853134155
Training round: 180		accuracy = 0.49309998750686646
Training round: 181		accuracy = 0.6158000230789185
Training round: 182		accuracy = 0.5421000123023987
Training round: 183		accuracy = 0.4984000027179718
Training round: 184		accuracy = 0.5099999904632568
Training round: 185		accuracy = 0.49549999833106995
Training round: 186		accuracy = 0.48330000042915344
Training round: 187		accuracy = 0.4401000142097473
Training round: 188		accuracy = 0.4593999981880188
Training round: 189		accuracy = 0.476500004529953
Training round: 190		accuracy = 0.48919999599456787
Training round: 191		accuracy = 0.5515000224113464
Training round: 192		accuracy = 0.43230000138282776
Training round: 193		accuracy = 0.5094000101089478
Training round: 194		accuracy = 0.5521000027656555
Training round: 195		accuracy = 0.5115000009536743
Training round: 196		accuracy = 0.531000018119812
Training round: 197		accuracy = 0.5242999792098999
Training round: 198		accuracy = 0.5521000027656555
Training round: 199		accuracy = 0.5483999848365784
Training round: 200		accuracy = 0.6226999759674072
Training round: 201		accuracy = 0.5806000232696533
Training round: 202		accuracy = 0.5303999781608582
Training round: 203		accuracy = 0.446399986743927
Training round: 204		accuracy = 0.4927999973297119
Training round: 205		accuracy = 0.5662000179290771
Training round: 206		accuracy = 0.593999981880188
Training round: 207		accuracy = 0.54339998960495
Training round: 208		accuracy = 0.44519999623298645
Training round: 209		accuracy = 0.531000018119812
Training round: 210		accuracy = 0.5877000093460083
Training round: 211		accuracy = 0.5375000238418579
Training round: 212		accuracy = 0.49939998984336853
Training round: 213		accuracy = 0.4814000129699707
Training round: 214		accuracy = 0.597100019454956
Training round: 215		accuracy = 0.5307999849319458
Training round: 216		accuracy = 0.5860000252723694
Training round: 217		accuracy = 0.5879999995231628
Training round: 218		accuracy = 0.5156000256538391
Training round: 219		accuracy = 0.5385000109672546
Training round: 220		accuracy = 0.6000999808311462
Training round: 221		accuracy = 0.588699996471405
Training round: 222		accuracy = 0.5127000212669373
Training round: 223		accuracy = 0.482699990272522
Training round: 224		accuracy = 0.5436999797821045
Training round: 225		accuracy = 0.4514000117778778
Training round: 226		accuracy = 0.5371000170707703
Training round: 227		accuracy = 0.6060000061988831
Training round: 228		accuracy = 0.5641999840736389
Training round: 229		accuracy = 0.5455999970436096
Training round: 230		accuracy = 0.585099995136261
Training round: 231		accuracy = 0.5149999856948853
Training round: 232		accuracy = 0.5400999784469604
Training round: 233		accuracy = 0.5687000155448914
Training round: 234		accuracy = 0.5414000153541565
Training round: 235		accuracy = 0.47530001401901245
Training round: 236		accuracy = 0.4975999891757965
Training round: 237		accuracy = 0.5976999998092651
Training round: 238		accuracy = 0.6248999834060669
Training round: 239		accuracy = 0.5774000287055969
Training round: 240		accuracy = 0.45829999446868896
Training round: 241		accuracy = 0.5468999743461609
Training round: 242		accuracy = 0.4828000068664551
Training round: 243		accuracy = 0.5284000039100647
Training round: 244		accuracy = 0.5777000188827515
Training round: 245		accuracy = 0.4880000054836273
Training round: 246		accuracy = 0.5051000118255615
Training round: 247		accuracy = 0.5807999968528748
Training round: 248		accuracy = 0.5023000240325928
Training round: 249		accuracy = 0.5224999785423279
Training round: 250		accuracy = 0.5691999793052673
Training round: 251		accuracy = 0.5322999954223633
Training round: 252		accuracy = 0.5275999903678894
Training round: 253		accuracy = 0.5446000099182129
Training round: 254		accuracy = 0.43230000138282776
Training round: 255		accuracy = 0.5782999992370605
Training round: 256		accuracy = 0.5684999823570251
Training round: 257		accuracy = 0.5879999995231628
Training round: 258		accuracy = 0.5340999960899353
Training round: 259		accuracy = 0.525600016117096
Training round: 260		accuracy = 0.5928999781608582
Training round: 261		accuracy = 0.6026999950408936
Training round: 262		accuracy = 0.5436000227928162
Training round: 263		accuracy = 0.6079000234603882
Training round: 264		accuracy = 0.5680000185966492
Training round: 265		accuracy = 0.6380000114440918
Training round: 266		accuracy = 0.5723000168800354
Training round: 267		accuracy = 0.4878000020980835
Training round: 268		accuracy = 0.5232999920845032
Training round: 269		accuracy = 0.6262000203132629
Training round: 270		accuracy = 0.5194000005722046
Training round: 271		accuracy = 0.5151000022888184
Training round: 272		accuracy = 0.490200012922287
Training round: 273		accuracy = 0.5480999946594238
Training round: 274		accuracy = 0.4758000075817108
Training round: 275		accuracy = 0.47850000858306885
Training round: 276		accuracy = 0.5410000085830688
Training round: 277		accuracy = 0.5751000046730042
Training round: 278		accuracy = 0.5327000021934509
Training round: 279		accuracy = 0.6309999823570251
Training round: 280		accuracy = 0.5199999809265137
Training round: 281		accuracy = 0.58160001039505
Training round: 282		accuracy = 0.5945000052452087
Training round: 283		accuracy = 0.6442999839782715
Training round: 284		accuracy = 0.5827000141143799
Training round: 285		accuracy = 0.5863000154495239
Training round: 286		accuracy = 0.5616999864578247
Training round: 287		accuracy = 0.6333000063896179
Training round: 288		accuracy = 0.607699990272522
Training round: 289		accuracy = 0.5863999724388123
Training round: 290		accuracy = 0.5231999754905701
Training round: 291		accuracy = 0.5828999876976013
Training round: 292		accuracy = 0.5755000114440918
Training round: 293		accuracy = 0.611299991607666
Training round: 294		accuracy = 0.48339998722076416
Training round: 295		accuracy = 0.598800003528595
Training round: 296		accuracy = 0.5738000273704529
Training round: 297		accuracy = 0.5909000039100647
Training round: 298		accuracy = 0.5336999893188477
Training round: 299		accuracy = 0.567300021648407
Training round: 300		accuracy = 0.5659999847412109
Training round: 301		accuracy = 0.5601000189781189
Training round: 302		accuracy = 0.5831999778747559
Training round: 303		accuracy = 0.583899974822998
Training round: 304		accuracy = 0.5174999833106995
Training round: 305		accuracy = 0.5723999738693237
Training round: 306		accuracy = 0.4887999892234802
Training round: 307		accuracy = 0.6353999972343445
Training round: 308		accuracy = 0.5209000110626221
Training round: 309		accuracy = 0.5807999968528748
Training round: 310		accuracy = 0.5809000134468079
Training round: 311		accuracy = 0.6434999704360962
Training round: 312		accuracy = 0.554099977016449
Training round: 313		accuracy = 0.5644000172615051
Training round: 314		accuracy = 0.6098999977111816
Training round: 315		accuracy = 0.6191999912261963
Training round: 316		accuracy = 0.640500009059906
Training round: 317		accuracy = 0.5684999823570251
Training round: 318		accuracy = 0.5260000228881836
Training round: 319		accuracy = 0.5842000246047974
Training round: 320		accuracy = 0.6169000267982483
Training round: 321		accuracy = 0.5435000061988831
Training round: 322		accuracy = 0.5019000172615051
Training round: 323		accuracy = 0.5375999808311462
Training round: 324		accuracy = 0.579800009727478
Training round: 325		accuracy = 0.5978999733924866
Training round: 326		accuracy = 0.5687999725341797
Training round: 327		accuracy = 0.5952000021934509
Training round: 328		accuracy = 0.5573999881744385
Training round: 329		accuracy = 0.5133000016212463
Training round: 330		accuracy = 0.4661000072956085
Training round: 331		accuracy = 0.5551999807357788
Training round: 332		accuracy = 0.5450999736785889
Training round: 333		accuracy = 0.625
Training round: 334		accuracy = 0.6075000166893005
Training round: 335		accuracy = 0.5774000287055969
Training round: 336		accuracy = 0.6514000296592712
Training round: 337		accuracy = 0.5697000026702881
Training round: 338		accuracy = 0.6137999892234802
Training round: 339		accuracy = 0.5371999740600586
Training round: 340		accuracy = 0.6202999949455261
Training round: 341		accuracy = 0.567799985408783
Training round: 342		accuracy = 0.5375000238418579
Training round: 343		accuracy = 0.5751000046730042
Training round: 344		accuracy = 0.6243000030517578
Training round: 345		accuracy = 0.6312000155448914
Training round: 346		accuracy = 0.6394000053405762
Training round: 347		accuracy = 0.5483999848365784
Training round: 348		accuracy = 0.6367999911308289
Training round: 349		accuracy = 0.6696000099182129
Training round: 350		accuracy = 0.5333999991416931
Training round: 351		accuracy = 0.5656999945640564
Training round: 352		accuracy = 0.5928000211715698
Training round: 353		accuracy = 0.621999979019165
Training round: 354		accuracy = 0.5302000045776367
Training round: 355		accuracy = 0.5968000292778015
Training round: 356		accuracy = 0.6014999747276306
Training round: 357		accuracy = 0.5687000155448914
Training round: 358		accuracy = 0.5598000288009644
Training round: 359		accuracy = 0.5975000262260437
Training round: 360		accuracy = 0.5938000082969666
Training round: 361		accuracy = 0.6575000286102295
Training round: 362		accuracy = 0.5356000065803528
Training round: 363		accuracy = 0.61080002784729
Training round: 364		accuracy = 0.6334999799728394
Training round: 365		accuracy = 0.6355999708175659
Training round: 366		accuracy = 0.5935999751091003
Training round: 367		accuracy = 0.5393000245094299
Training round: 368		accuracy = 0.628600001335144
Training round: 369		accuracy = 0.6345999836921692
Training round: 370		accuracy = 0.6110000014305115
Training round: 371		accuracy = 0.6450999975204468
Training round: 372		accuracy = 0.491100013256073
Training round: 373		accuracy = 0.5266000032424927
Training round: 374		accuracy = 0.5760999917984009
Training round: 375		accuracy = 0.5037999749183655
Training round: 376		accuracy = 0.489300012588501
Training round: 377		accuracy = 0.5200999975204468
Training round: 378		accuracy = 0.6316999793052673
Training round: 379		accuracy = 0.6220999956130981
Training round: 380		accuracy = 0.5508999824523926
Training round: 381		accuracy = 0.6578999757766724
Training round: 382		accuracy = 0.6054999828338623
Training round: 383		accuracy = 0.6466000080108643
Training round: 384		accuracy = 0.49950000643730164
Training round: 385		accuracy = 0.6223999857902527
Training round: 386		accuracy = 0.6162999868392944
Training round: 387		accuracy = 0.6201000213623047
Training round: 388		accuracy = 0.5666000247001648
Training round: 389		accuracy = 0.5206999778747559
Training round: 390		accuracy = 0.5590000152587891
Training round: 391		accuracy = 0.5527999997138977
Training round: 392		accuracy = 0.5343999862670898
Training round: 393		accuracy = 0.6197999715805054
Training round: 394		accuracy = 0.5095000267028809
Training round: 395		accuracy = 0.6230999827384949
Training round: 396		accuracy = 0.640500009059906
Training round: 397		accuracy = 0.6247000098228455
Training round: 398		accuracy = 0.6082000136375427
Training round: 399		accuracy = 0.6456999778747559
Training round: 400		accuracy = 0.6248999834060669
Training round: 401		accuracy = 0.5809999704360962
Training round: 402		accuracy = 0.5776000022888184
Training round: 403		accuracy = 0.6424999833106995
Training round: 404		accuracy = 0.6690000295639038
Training round: 405		accuracy = 0.6628999710083008
Training round: 406		accuracy = 0.5210999846458435
Training round: 407		accuracy = 0.5916000008583069
Training round: 408		accuracy = 0.6032999753952026
Training round: 409		accuracy = 0.6503999829292297
Training round: 410		accuracy = 0.5486000180244446
Training round: 411		accuracy = 0.6233000159263611
Training round: 412		accuracy = 0.5995000004768372
Training round: 413		accuracy = 0.5767999887466431
Training round: 414		accuracy = 0.6254000067710876
Training round: 415		accuracy = 0.6406999826431274
Training round: 416		accuracy = 0.6427000164985657
Training round: 417		accuracy = 0.5590000152587891
Training round: 418		accuracy = 0.5324000120162964
Training round: 419		accuracy = 0.5203999876976013
Training round: 420		accuracy = 0.5751000046730042
Training round: 421		accuracy = 0.5655999779701233
Training round: 422		accuracy = 0.5942999720573425
Training round: 423		accuracy = 0.5371999740600586
Training round: 424		accuracy = 0.5666000247001648
Training round: 425		accuracy = 0.6388000249862671
Training round: 426		accuracy = 0.6360999941825867
Training round: 427		accuracy = 0.6360999941825867
Training round: 428		accuracy = 0.5753999948501587
Training round: 429		accuracy = 0.5789999961853027
Training round: 430		accuracy = 0.6118999719619751
Training round: 431		accuracy = 0.6291000247001648
Training round: 432		accuracy = 0.5493000149726868
Training round: 433		accuracy = 0.5264000296592712
Training round: 434		accuracy = 0.6414999961853027
Training round: 435		accuracy = 0.5957000255584717
Training round: 436		accuracy = 0.588699996471405
Training round: 437		accuracy = 0.5473999977111816
Training round: 438		accuracy = 0.5544000267982483
Training round: 439		accuracy = 0.6247000098228455
Training round: 440		accuracy = 0.650600016117096
Training round: 441		accuracy = 0.6233000159263611
Training round: 442		accuracy = 0.550000011920929
Training round: 443		accuracy = 0.6097000241279602
Training round: 444		accuracy = 0.49869999289512634
Training round: 445		accuracy = 0.53329998254776
Training round: 446		accuracy = 0.5480999946594238
Training round: 447		accuracy = 0.6326000094413757
Training round: 448		accuracy = 0.5831999778747559
Training round: 449		accuracy = 0.6376000046730042
Training round: 450		accuracy = 0.5974000096321106
Training round: 451		accuracy = 0.6263999938964844
Training round: 452		accuracy = 0.5401999950408936
Training round: 453		accuracy = 0.521399974822998
Training round: 454		accuracy = 0.6462000012397766
Training round: 455		accuracy = 0.6531999707221985
Training round: 456		accuracy = 0.6230000257492065
Training round: 457		accuracy = 0.6276999711990356
Training round: 458		accuracy = 0.5339000225067139
Training round: 459		accuracy = 0.6432999968528748
Training round: 460		accuracy = 0.5717999935150146
Training round: 461		accuracy = 0.5906999707221985
Training round: 462		accuracy = 0.5952000021934509
Training round: 463		accuracy = 0.5853999853134155
Training round: 464		accuracy = 0.5860000252723694
Training round: 465		accuracy = 0.5187000036239624
Training round: 466		accuracy = 0.614300012588501
Training round: 467		accuracy = 0.5831999778747559
Training round: 468		accuracy = 0.5586000084877014
Training round: 469		accuracy = 0.6326000094413757
Training round: 470		accuracy = 0.6651999950408936
Training round: 471		accuracy = 0.6291000247001648
Training round: 472		accuracy = 0.63919997215271
Training round: 473		accuracy = 0.5426999926567078
Training round: 474		accuracy = 0.5734000205993652
Training round: 475		accuracy = 0.559499979019165
Training round: 476		accuracy = 0.6179999709129333
Training round: 477		accuracy = 0.593500018119812
Training round: 478		accuracy = 0.6033999919891357
Training round: 479		accuracy = 0.6378999948501587
Training round: 480		accuracy = 0.6290000081062317
Training round: 481		accuracy = 0.574400007724762
Training round: 482		accuracy = 0.6254000067710876
Training round: 483		accuracy = 0.583899974822998
Training round: 484		accuracy = 0.65829998254776
Training round: 485		accuracy = 0.6376000046730042
Training round: 486		accuracy = 0.586899995803833
Training round: 487		accuracy = 0.6568999886512756
Training round: 488		accuracy = 0.5781000256538391
Training round: 489		accuracy = 0.5972999930381775
Training round: 490		accuracy = 0.4948999881744385
Training round: 491		accuracy = 0.6118999719619751
Training round: 492		accuracy = 0.6230999827384949
Training round: 493		accuracy = 0.516700029373169
Training round: 494		accuracy = 0.582099974155426
Training round: 495		accuracy = 0.4821999967098236
Training round: 496		accuracy = 0.5109999775886536
Training round: 497		accuracy = 0.5710999965667725
Training round: 498		accuracy = 0.6647999882698059
Training round: 499		accuracy = 0.6342999935150146
Training round: 500		accuracy = 0.6588000059127808
Training round: 501		accuracy = 0.5676000118255615
Training round: 502		accuracy = 0.5615000128746033
Training round: 503		accuracy = 0.6531000137329102
Training round: 504		accuracy = 0.6040999889373779
Training round: 505		accuracy = 0.5961999893188477
Training round: 506		accuracy = 0.58160001039505
Training round: 507		accuracy = 0.6043000221252441
Training round: 508		accuracy = 0.6176999807357788
Training round: 509		accuracy = 0.6626999974250793
Training round: 510		accuracy = 0.6028000116348267
Training round: 511		accuracy = 0.6302000284194946
Training round: 512		accuracy = 0.5616999864578247
Training round: 513		accuracy = 0.5210000276565552
Training round: 514		accuracy = 0.47269999980926514
Training round: 515		accuracy = 0.6672000288963318
Training round: 516		accuracy = 0.618399977684021
Training round: 517		accuracy = 0.6195999979972839
Training round: 518		accuracy = 0.6365000009536743
Training round: 519		accuracy = 0.589900016784668
Training round: 520		accuracy = 0.5900999903678894
Training round: 521		accuracy = 0.5436999797821045
Training round: 522		accuracy = 0.5479999780654907
Training round: 523		accuracy = 0.6718999743461609
Training round: 524		accuracy = 0.6211000084877014
Training round: 525		accuracy = 0.6251000165939331
Training round: 526		accuracy = 0.608299970626831
Training round: 527		accuracy = 0.6065000295639038
Training round: 528		accuracy = 0.6589999794960022
Training round: 529		accuracy = 0.6850000023841858
Training round: 530		accuracy = 0.6830000281333923
Training round: 531		accuracy = 0.5756000280380249
Training round: 532		accuracy = 0.5472000241279602
Training round: 533		accuracy = 0.6499999761581421
Training round: 534		accuracy = 0.6355999708175659
Training round: 535		accuracy = 0.5274999737739563
Training round: 536		accuracy = 0.5543000102043152
Training round: 537		accuracy = 0.6603000164031982
Training round: 538		accuracy = 0.5694000124931335
Training round: 539		accuracy = 0.5733000040054321
Training round: 540		accuracy = 0.5861999988555908
Training round: 541		accuracy = 0.6183000206947327
Training round: 542		accuracy = 0.6082000136375427
Training round: 543		accuracy = 0.6370000243186951
Training round: 544		accuracy = 0.6464999914169312
Training round: 545		accuracy = 0.6622999906539917
Training round: 546		accuracy = 0.6334999799728394
Training round: 547		accuracy = 0.6531999707221985
Training round: 548		accuracy = 0.6699000000953674
Training round: 549		accuracy = 0.6075999736785889
Training round: 550		accuracy = 0.6133000254631042
Training round: 551		accuracy = 0.599399983882904
Training round: 552		accuracy = 0.6442999839782715
Training round: 553		accuracy = 0.6244999766349792
Training round: 554		accuracy = 0.649399995803833
Training round: 555		accuracy = 0.5702000260353088
Training round: 556		accuracy = 0.6686999797821045
Training round: 557		accuracy = 0.6173999905586243
Training round: 558		accuracy = 0.4844000041484833
Training round: 559		accuracy = 0.5403000116348267
Training round: 560		accuracy = 0.6355999708175659
Training round: 561		accuracy = 0.640999972820282
Training round: 562		accuracy = 0.6710000038146973
Training round: 563		accuracy = 0.67330002784729
Training round: 564		accuracy = 0.6025000214576721
Training round: 565		accuracy = 0.6653000116348267
Training round: 566		accuracy = 0.5764999985694885
Training round: 567		accuracy = 0.6274999976158142
Training round: 568		accuracy = 0.6342999935150146
Training round: 569		accuracy = 0.6624000072479248
Training round: 570		accuracy = 0.6402000188827515
Training round: 571		accuracy = 0.663100004196167
Training round: 572		accuracy = 0.7024999856948853
Training round: 573		accuracy = 0.6843000054359436
Training round: 574		accuracy = 0.6219000220298767
Training round: 575		accuracy = 0.6258999705314636
Training round: 576		accuracy = 0.6086000204086304
Training round: 577		accuracy = 0.646399974822998
Training round: 578		accuracy = 0.6306999921798706
Training round: 579		accuracy = 0.5995000004768372
Training round: 580		accuracy = 0.599399983882904
Training round: 581		accuracy = 0.5971999764442444
Training round: 582		accuracy = 0.5622000098228455
Training round: 583		accuracy = 0.6503000259399414
Training round: 584		accuracy = 0.550000011920929
Training round: 585		accuracy = 0.5199000239372253
Training round: 586		accuracy = 0.5934000015258789
Training round: 587		accuracy = 0.5446000099182129
Training round: 588		accuracy = 0.650600016117096
Training round: 589		accuracy = 0.6915000081062317
Training round: 590		accuracy = 0.6039000153541565
Training round: 591		accuracy = 0.5989999771118164
Training round: 592		accuracy = 0.6177999973297119
Training round: 593		accuracy = 0.6292999982833862
Training round: 594		accuracy = 0.6560999751091003
Training round: 595		accuracy = 0.6334999799728394
Training round: 596		accuracy = 0.6725999712944031
Training round: 597		accuracy = 0.6596999764442444
Training round: 598		accuracy = 0.598800003528595
Training round: 599		accuracy = 0.5981000065803528
Training round: 600		accuracy = 0.6460000276565552
Training round: 601		accuracy = 0.5393999814987183
Training round: 602		accuracy = 0.652899980545044
Training round: 603		accuracy = 0.6141999959945679
Training round: 604		accuracy = 0.6710000038146973
Training round: 605		accuracy = 0.6913999915122986
Training round: 606		accuracy = 0.6288999915122986
Training round: 607		accuracy = 0.5968999862670898
Training round: 608		accuracy = 0.6662999987602234
Training round: 609		accuracy = 0.6599000096321106
Training round: 610		accuracy = 0.6370000243186951
Training round: 611		accuracy = 0.6680999994277954
Training round: 612		accuracy = 0.6704000234603882
Training round: 613		accuracy = 0.6039999723434448
Training round: 614		accuracy = 0.6399000287055969
Training round: 615		accuracy = 0.6517999768257141
Training round: 616		accuracy = 0.6323999762535095
Training round: 617		accuracy = 0.6802999973297119
Training round: 618		accuracy = 0.5712000131607056
Training round: 619		accuracy = 0.5688999891281128
Training round: 620		accuracy = 0.6373000144958496
Training round: 621		accuracy = 0.7113000154495239
Training round: 622		accuracy = 0.6897000074386597
Training round: 623		accuracy = 0.6377000212669373
Training round: 624		accuracy = 0.6908000111579895
Training round: 625		accuracy = 0.6347000002861023
Training round: 626		accuracy = 0.6129999756813049
Training round: 627		accuracy = 0.6011000275611877
Training round: 628		accuracy = 0.6556000113487244
Training round: 629		accuracy = 0.5590999722480774
Training round: 630		accuracy = 0.5843999981880188
Training round: 631		accuracy = 0.6941999793052673
Training round: 632		accuracy = 0.6373000144958496
Training round: 633		accuracy = 0.5601000189781189
Training round: 634		accuracy = 0.6567999720573425
Training round: 635		accuracy = 0.6913999915122986
Training round: 636		accuracy = 0.5907999873161316
Training round: 637		accuracy = 0.6625000238418579
Training round: 638		accuracy = 0.6341999769210815
Training round: 639		accuracy = 0.6696000099182129
Training round: 640		accuracy = 0.6746000051498413
Training round: 641		accuracy = 0.7032999992370605
Training round: 642		accuracy = 0.7105000019073486
Training round: 643		accuracy = 0.666100025177002
Training round: 644		accuracy = 0.5871000289916992
Training round: 645		accuracy = 0.5938000082969666
Training round: 646		accuracy = 0.6154000163078308
Training round: 647		accuracy = 0.6425999999046326
Training round: 648		accuracy = 0.6589000225067139
Training round: 649		accuracy = 0.5795000195503235
Training round: 650		accuracy = 0.6725999712944031
Training round: 651		accuracy = 0.573199987411499
Training round: 652		accuracy = 0.6852999925613403
Training round: 653		accuracy = 0.6294999718666077
Training round: 654		accuracy = 0.6420000195503235
Training round: 655		accuracy = 0.6888999938964844
Training round: 656		accuracy = 0.6746000051498413
Training round: 657		accuracy = 0.6983000040054321
Training round: 658		accuracy = 0.6632000207901001
Training round: 659		accuracy = 0.6421999931335449
Training round: 660		accuracy = 0.6272000074386597
Training round: 661		accuracy = 0.7008000016212463
Training round: 662		accuracy = 0.5874999761581421
Training round: 663		accuracy = 0.6029000282287598
Training round: 664		accuracy = 0.6660000085830688
Training round: 665		accuracy = 0.6317999958992004
Training round: 666		accuracy = 0.6523000001907349
Training round: 667		accuracy = 0.6966000199317932
Training round: 668		accuracy = 0.6171000003814697
Training round: 669		accuracy = 0.5814999938011169
Training round: 670		accuracy = 0.6642000079154968
Training round: 671		accuracy = 0.6699000000953674
Training round: 672		accuracy = 0.7142999768257141
Training round: 673		accuracy = 0.6945000290870667
Training round: 674		accuracy = 0.6923999786376953
Training round: 675		accuracy = 0.6133000254631042
Training round: 676		accuracy = 0.6251000165939331
Training round: 677		accuracy = 0.6678000092506409
Training round: 678		accuracy = 0.6507999897003174
Training round: 679		accuracy = 0.6523000001907349
Training round: 680		accuracy = 0.6628999710083008
Training round: 681		accuracy = 0.6230000257492065
Training round: 682		accuracy = 0.676800012588501
Training round: 683		accuracy = 0.6481999754905701
Training round: 684		accuracy = 0.6754999756813049
Training round: 685		accuracy = 0.6657000184059143
Training round: 686		accuracy = 0.6189000010490417
Training round: 687		accuracy = 0.6891000270843506
Training round: 688		accuracy = 0.642300009727478
Training round: 689		accuracy = 0.6696000099182129
Training round: 690		accuracy = 0.6733999848365784
Training round: 691		accuracy = 0.685699999332428
Training round: 692		accuracy = 0.6783999800682068
Training round: 693		accuracy = 0.7027999758720398
Training round: 694		accuracy = 0.6013000011444092
Training round: 695		accuracy = 0.6680999994277954
Training round: 696		accuracy = 0.6439999938011169
Training round: 697		accuracy = 0.6948999762535095
Training round: 698		accuracy = 0.6340000033378601
Training round: 699		accuracy = 0.6815000176429749
Training round: 700		accuracy = 0.623199999332428
Training round: 701		accuracy = 0.6363999843597412
Training round: 702		accuracy = 0.598800003528595
Training round: 703		accuracy = 0.7106000185012817
Training round: 704		accuracy = 0.5141000151634216
Training round: 705		accuracy = 0.5224999785423279
Training round: 706		accuracy = 0.5270000100135803
Training round: 707		accuracy = 0.5799000263214111
Training round: 708		accuracy = 0.6348999738693237
Training round: 709		accuracy = 0.6945000290870667
Training round: 710		accuracy = 0.5835999846458435
Training round: 711		accuracy = 0.6503000259399414
Training round: 712		accuracy = 0.6834999918937683
Training round: 713		accuracy = 0.6787999868392944
Training round: 714		accuracy = 0.7117000222206116
Training round: 715		accuracy = 0.6621000170707703
Training round: 716		accuracy = 0.5745000243186951
Training round: 717		accuracy = 0.6572999954223633
Training round: 718		accuracy = 0.6848999857902527
Training round: 719		accuracy = 0.6474000215530396
Training round: 720		accuracy = 0.593999981880188
Training round: 721		accuracy = 0.6625999808311462
Training round: 722		accuracy = 0.6539000272750854
Training round: 723		accuracy = 0.6689000129699707
Training round: 724		accuracy = 0.6668999791145325
Training round: 725		accuracy = 0.6758999824523926
Training round: 726		accuracy = 0.5997999906539917
Training round: 727		accuracy = 0.5881999731063843
Training round: 728		accuracy = 0.644599974155426
Training round: 729		accuracy = 0.6266999840736389
Training round: 730		accuracy = 0.5817999839782715
Training round: 731		accuracy = 0.5357999801635742
Training round: 732		accuracy = 0.6184999942779541
Training round: 733		accuracy = 0.6575999855995178
Training round: 734		accuracy = 0.6516000032424927
Training round: 735		accuracy = 0.6596999764442444
Training round: 736		accuracy = 0.6492999792098999
Training round: 737		accuracy = 0.6589000225067139
Training round: 738		accuracy = 0.5873000025749207
Training round: 739		accuracy = 0.6151000261306763
Training round: 740		accuracy = 0.6912999749183655
Training round: 741		accuracy = 0.6574000120162964
Training round: 742		accuracy = 0.6118999719619751
Training round: 743		accuracy = 0.57669997215271
Training round: 744		accuracy = 0.6448000073432922
Training round: 745		accuracy = 0.6220999956130981
Training round: 746		accuracy = 0.6265000104904175
Training round: 747		accuracy = 0.6467000246047974
Training round: 748		accuracy = 0.6679999828338623
Training round: 749		accuracy = 0.5677000284194946
Training round: 750		accuracy = 0.6524999737739563
Training round: 751		accuracy = 0.6754999756813049
Training round: 752		accuracy = 0.6837999820709229
Training round: 753		accuracy = 0.6236000061035156
Training round: 754		accuracy = 0.6025000214576721
Training round: 755		accuracy = 0.6765999794006348
Training round: 756		accuracy = 0.599399983882904
Training round: 757		accuracy = 0.5138000249862671
Training round: 758		accuracy = 0.6316999793052673
Training round: 759		accuracy = 0.6370000243186951
Training round: 760		accuracy = 0.6207000017166138
Training round: 761		accuracy = 0.6243000030517578
Training round: 762		accuracy = 0.6283000111579895
Training round: 763		accuracy = 0.6740999817848206
Training round: 764		accuracy = 0.7131999731063843
Training round: 765		accuracy = 0.6251000165939331
Training round: 766		accuracy = 0.6908000111579895
Training round: 767		accuracy = 0.6241000294685364
Training round: 768		accuracy = 0.6395999789237976
Training round: 769		accuracy = 0.7059000134468079
Training round: 770		accuracy = 0.6775000095367432
Training round: 771		accuracy = 0.6636000275611877
Training round: 772		accuracy = 0.6714000105857849
Training round: 773		accuracy = 0.6553999781608582
Training round: 774		accuracy = 0.6093000173568726
Training round: 775		accuracy = 0.661300003528595
Training round: 776		accuracy = 0.6226999759674072
Training round: 777		accuracy = 0.6452000141143799
Training round: 778		accuracy = 0.633400022983551
Training round: 779		accuracy = 0.6822999715805054
Training round: 780		accuracy = 0.6973999738693237
Training round: 781		accuracy = 0.7013000249862671
Training round: 782		accuracy = 0.6843000054359436
Training round: 783		accuracy = 0.6776000261306763
Training round: 784		accuracy = 0.6707000136375427
Training round: 785		accuracy = 0.6288999915122986
Training round: 786		accuracy = 0.6481000185012817
Training round: 787		accuracy = 0.6046000123023987
Training round: 788		accuracy = 0.6603999733924866
Training round: 789		accuracy = 0.5863000154495239
Training round: 790		accuracy = 0.6509000062942505
Training round: 791		accuracy = 0.5986999869346619
Training round: 792		accuracy = 0.6396999955177307
Training round: 793		accuracy = 0.6761999726295471
Training round: 794		accuracy = 0.6402999758720398
Training round: 795		accuracy = 0.6942999958992004
Training round: 796		accuracy = 0.7128000259399414
Training round: 797		accuracy = 0.6593999862670898
Training round: 798		accuracy = 0.5724999904632568
Training round: 799		accuracy = 0.6133999824523926
Training round: 800		accuracy = 0.6227999925613403
Training round: 801		accuracy = 0.6504999995231628
Training round: 802		accuracy = 0.6448000073432922
Training round: 803		accuracy = 0.5884000062942505
Training round: 804		accuracy = 0.6478999853134155
Training round: 805		accuracy = 0.6370999813079834
Training round: 806		accuracy = 0.6570000052452087
Training round: 807		accuracy = 0.6614000201225281
Training round: 808		accuracy = 0.6715999841690063
Training round: 809		accuracy = 0.707099974155426
Training round: 810		accuracy = 0.6456999778747559
Training round: 811		accuracy = 0.637499988079071
Training round: 812		accuracy = 0.6226999759674072
Training round: 813		accuracy = 0.656000018119812
Training round: 814		accuracy = 0.6283000111579895
Training round: 815		accuracy = 0.6931999921798706
Training round: 816		accuracy = 0.6693000197410583
Training round: 817		accuracy = 0.6626999974250793
Training round: 818		accuracy = 0.5956000089645386
Training round: 819		accuracy = 0.6424999833106995
Training round: 820		accuracy = 0.6868000030517578
Training round: 821		accuracy = 0.631600022315979
Training round: 822		accuracy = 0.5776000022888184
Training round: 823		accuracy = 0.5593000054359436
Training round: 824		accuracy = 0.6284999847412109
Training round: 825		accuracy = 0.6769000291824341
Training round: 826		accuracy = 0.6784999966621399
Training round: 827		accuracy = 0.5720000267028809
Training round: 828		accuracy = 0.6794000267982483
Training round: 829		accuracy = 0.5882999897003174
Training round: 830		accuracy = 0.6080999970436096
Training round: 831		accuracy = 0.6322000026702881
Training round: 832		accuracy = 0.6542999744415283
Training round: 833		accuracy = 0.6710000038146973
Training round: 834		accuracy = 0.6812999844551086
Training round: 835		accuracy = 0.6331999897956848
Training round: 836		accuracy = 0.6252999901771545
Training round: 837		accuracy = 0.6516000032424927
Training round: 838		accuracy = 0.6769000291824341
Training round: 839		accuracy = 0.701200008392334
Training round: 840		accuracy = 0.661899983882904
Training round: 841		accuracy = 0.6037999987602234
Training round: 842		accuracy = 0.7027000188827515
Training round: 843		accuracy = 0.680400013923645
Training round: 844		accuracy = 0.7125999927520752
Training round: 845		accuracy = 0.6421999931335449
Training round: 846		accuracy = 0.5612000226974487
Training round: 847		accuracy = 0.6812999844551086
Training round: 848		accuracy = 0.6492999792098999
Training round: 849		accuracy = 0.6830000281333923
Training round: 850		accuracy = 0.6786999702453613
Training round: 851		accuracy = 0.6815000176429749
Training round: 852		accuracy = 0.6651999950408936
Training round: 853		accuracy = 0.6467999815940857
Training round: 854		accuracy = 0.6764000058174133
Training round: 855		accuracy = 0.664900004863739
Training round: 856		accuracy = 0.7124999761581421
Training round: 857		accuracy = 0.6518999934196472
Training round: 858		accuracy = 0.6998000144958496
Training round: 859		accuracy = 0.6754000186920166
Training round: 860		accuracy = 0.6890000104904175
Training round: 861		accuracy = 0.6671000123023987
Training round: 862		accuracy = 0.617900013923645
Training round: 863		accuracy = 0.6444000005722046
Training round: 864		accuracy = 0.5418999791145325
Training round: 865		accuracy = 0.671500027179718
Training round: 866		accuracy = 0.6240000128746033
Training round: 867		accuracy = 0.6705999970436096
Training round: 868		accuracy = 0.7005000114440918
Training round: 869		accuracy = 0.7132999897003174
Training round: 870		accuracy = 0.7073000073432922
Training round: 871		accuracy = 0.656499981880188
Training round: 872		accuracy = 0.57669997215271
Training round: 873		accuracy = 0.6367999911308289
Training round: 874		accuracy = 0.6782000064849854
Training round: 875		accuracy = 0.7038000226020813
Training round: 876		accuracy = 0.7003999948501587
Training round: 877		accuracy = 0.6887000203132629
Training round: 878		accuracy = 0.6585000157356262
Training round: 879		accuracy = 0.6653000116348267
Training round: 880		accuracy = 0.6812999844551086
Training round: 881		accuracy = 0.6215999722480774
Training round: 882		accuracy = 0.5989999771118164
Training round: 883		accuracy = 0.5802000164985657
Training round: 884		accuracy = 0.6586999893188477
Training round: 885		accuracy = 0.6335999965667725
Training round: 886		accuracy = 0.5825999975204468
Training round: 887		accuracy = 0.5611000061035156
Training round: 888		accuracy = 0.6132000088691711
Training round: 889		accuracy = 0.6614000201225281
Training round: 890		accuracy = 0.6739000082015991
Training round: 891		accuracy = 0.6428999900817871
Training round: 892		accuracy = 0.6568999886512756
Training round: 893		accuracy = 0.6462000012397766
Training round: 894		accuracy = 0.6735000014305115
Training round: 895		accuracy = 0.6818000078201294
Training round: 896		accuracy = 0.6976000070571899
Training round: 897		accuracy = 0.7095000147819519
Training round: 898		accuracy = 0.564300000667572
Training round: 899		accuracy = 0.6553999781608582
Training round: 900		accuracy = 0.6312000155448914
Training round: 901		accuracy = 0.6585000157356262
Training round: 902		accuracy = 0.5733000040054321
Training round: 903		accuracy = 0.6111000180244446
Training round: 904		accuracy = 0.6610999703407288
Training round: 905		accuracy = 0.6248999834060669
Training round: 906		accuracy = 0.6421999931335449
Training round: 907		accuracy = 0.682699978351593
Training round: 908		accuracy = 0.659500002861023
Training round: 909		accuracy = 0.6962000131607056
Training round: 910		accuracy = 0.6586999893188477
Training round: 911		accuracy = 0.6808000206947327
Training round: 912		accuracy = 0.6639000177383423
Training round: 913		accuracy = 0.5746999979019165
Training round: 914		accuracy = 0.6972000002861023
Training round: 915		accuracy = 0.4975000023841858
Training round: 916		accuracy = 0.5943999886512756
Training round: 917		accuracy = 0.6887000203132629
Training round: 918		accuracy = 0.6682999730110168
Training round: 919		accuracy = 0.6851999759674072
Training round: 920		accuracy = 0.6151999831199646
Training round: 921		accuracy = 0.6057000160217285
Training round: 922		accuracy = 0.6837999820709229
Training round: 923		accuracy = 0.5924000144004822
Training round: 924		accuracy = 0.6061999797821045
Training round: 925		accuracy = 0.5909000039100647
Training round: 926		accuracy = 0.6417999863624573
Training round: 927		accuracy = 0.6517999768257141
Training round: 928		accuracy = 0.6514999866485596
Training round: 929		accuracy = 0.6226000189781189
Training round: 930		accuracy = 0.6306999921798706
Training round: 931		accuracy = 0.6579999923706055
Training round: 932		accuracy = 0.6478000283241272
Training round: 933		accuracy = 0.6468999981880188
Training round: 934		accuracy = 0.6176000237464905
Training round: 935		accuracy = 0.6385999917984009
Training round: 936		accuracy = 0.6991000175476074
Training round: 937		accuracy = 0.6324999928474426
Training round: 938		accuracy = 0.650600016117096
Training round: 939		accuracy = 0.7017999887466431
Training round: 940		accuracy = 0.6917999982833862
Training round: 941		accuracy = 0.7206000089645386
Training round: 942		accuracy = 0.6902999877929688
Training round: 943		accuracy = 0.6481999754905701
Training round: 944		accuracy = 0.6931999921798706
Training round: 945		accuracy = 0.6262000203132629
Training round: 946		accuracy = 0.6833000183105469
Training round: 947		accuracy = 0.6836000084877014
Training round: 948		accuracy = 0.6636000275611877
Training round: 949		accuracy = 0.593500018119812
Training round: 950		accuracy = 0.605400025844574
Training round: 951		accuracy = 0.6639999747276306
Training round: 952		accuracy = 0.6983000040054321
Training round: 953		accuracy = 0.6779000163078308
Training round: 954		accuracy = 0.6437000036239624
Training round: 955		accuracy = 0.6668000221252441
Training round: 956		accuracy = 0.6934999823570251
Training round: 957		accuracy = 0.642799973487854
Training round: 958		accuracy = 0.6550999879837036
Training round: 959		accuracy = 0.6883999705314636
Training round: 960		accuracy = 0.6898000240325928
Training round: 961		accuracy = 0.5080999732017517
Training round: 962		accuracy = 0.59170001745224
Training round: 963		accuracy = 0.6193000078201294
Training round: 964		accuracy = 0.6406000256538391
Training round: 965		accuracy = 0.609000027179718
Training round: 966		accuracy = 0.6622999906539917
Training round: 967		accuracy = 0.6549999713897705
Training round: 968		accuracy = 0.6531999707221985
Training round: 969		accuracy = 0.6395000219345093
Training round: 970		accuracy = 0.6836000084877014
Training round: 971		accuracy = 0.6718999743461609
Training round: 972		accuracy = 0.6342999935150146
Training round: 973		accuracy = 0.6582000255584717
Training round: 974		accuracy = 0.6690999865531921
Training round: 975		accuracy = 0.6017000079154968
Training round: 976		accuracy = 0.683899998664856
Training round: 977		accuracy = 0.6787999868392944
Training round: 978		accuracy = 0.692799985408783
Training round: 979		accuracy = 0.7095000147819519
Training round: 980		accuracy = 0.6758000254631042
Training round: 981		accuracy = 0.7021999955177307
Training round: 982		accuracy = 0.6510000228881836
Training round: 983		accuracy = 0.6812999844551086
Training round: 984		accuracy = 0.6496999859809875
Training round: 985		accuracy = 0.6825000047683716
Training round: 986		accuracy = 0.6425999999046326
Training round: 987		accuracy = 0.6917999982833862
Training round: 988		accuracy = 0.7023000121116638
Training round: 989		accuracy = 0.6638000011444092
Training round: 990		accuracy = 0.6570000052452087
Training round: 991		accuracy = 0.7181000113487244
Training round: 992		accuracy = 0.6672000288963318
Training round: 993		accuracy = 0.676800012588501
Training round: 994		accuracy = 0.6269000172615051
Training round: 995		accuracy = 0.6363999843597412
Training round: 996		accuracy = 0.6935999989509583
Training round: 997		accuracy = 0.605400025844574
Training round: 998		accuracy = 0.5455999970436096
Training round: 999		accuracy = 0.6565999984741211
Training round: 1000		accuracy = 0.7217000126838684
Training duration 14954.250423431396
