2021-08-23 15:10:59.698707: I tensorflow/stream_executor/platform/default/dso_loader.cc:49] Successfully opened dynamic library libcudart.so.11.0
2021-08-23 15:11:22.275160: I tensorflow/compiler/jit/xla_cpu_device.cc:41] Not creating XLA devices, tf_xla_enable_xla_devices not set
2021-08-23 15:11:22.277514: I tensorflow/stream_executor/platform/default/dso_loader.cc:49] Successfully opened dynamic library libcuda.so.1
2021-08-23 15:11:22.321062: I tensorflow/core/common_runtime/gpu/gpu_device.cc:1720] Found device 0 with properties: 
pciBusID: 0000:3b:00.0 name: Tesla V100-SXM2-32GB computeCapability: 7.0
coreClock: 1.53GHz coreCount: 80 deviceMemorySize: 31.75GiB deviceMemoryBandwidth: 836.37GiB/s
2021-08-23 15:11:22.321245: I tensorflow/stream_executor/platform/default/dso_loader.cc:49] Successfully opened dynamic library libcudart.so.11.0
2021-08-23 15:11:22.331103: I tensorflow/stream_executor/platform/default/dso_loader.cc:49] Successfully opened dynamic library libcublas.so.11
2021-08-23 15:11:22.331222: I tensorflow/stream_executor/platform/default/dso_loader.cc:49] Successfully opened dynamic library libcublasLt.so.11
2021-08-23 15:11:22.336264: I tensorflow/stream_executor/platform/default/dso_loader.cc:49] Successfully opened dynamic library libcufft.so.10
2021-08-23 15:11:22.338118: I tensorflow/stream_executor/platform/default/dso_loader.cc:49] Successfully opened dynamic library libcurand.so.10
2021-08-23 15:11:22.345526: I tensorflow/stream_executor/platform/default/dso_loader.cc:49] Successfully opened dynamic library libcusolver.so.10
2021-08-23 15:11:22.347252: I tensorflow/stream_executor/platform/default/dso_loader.cc:49] Successfully opened dynamic library libcusparse.so.11
2021-08-23 15:11:22.347780: I tensorflow/stream_executor/platform/default/dso_loader.cc:49] Successfully opened dynamic library libcudnn.so.8
2021-08-23 15:11:22.352480: I tensorflow/core/common_runtime/gpu/gpu_device.cc:1862] Adding visible gpu devices: 0
2021-08-23 15:11:22.353359: I tensorflow/core/platform/cpu_feature_guard.cc:142] This TensorFlow binary is optimized with oneAPI Deep Neural Network Library (oneDNN) to use the following CPU instructions in performance-critical operations:  AVX2 AVX512F FMA
To enable them in other operations, rebuild TensorFlow with the appropriate compiler flags.
2021-08-23 15:11:22.353626: I tensorflow/compiler/jit/xla_gpu_device.cc:99] Not creating XLA devices, tf_xla_enable_xla_devices not set
2021-08-23 15:11:22.360308: I tensorflow/core/common_runtime/gpu/gpu_device.cc:1720] Found device 0 with properties: 
pciBusID: 0000:3b:00.0 name: Tesla V100-SXM2-32GB computeCapability: 7.0
coreClock: 1.53GHz coreCount: 80 deviceMemorySize: 31.75GiB deviceMemoryBandwidth: 836.37GiB/s
2021-08-23 15:11:22.360567: I tensorflow/stream_executor/platform/default/dso_loader.cc:49] Successfully opened dynamic library libcudart.so.11.0
2021-08-23 15:11:22.360681: I tensorflow/stream_executor/platform/default/dso_loader.cc:49] Successfully opened dynamic library libcublas.so.11
2021-08-23 15:11:22.360862: I tensorflow/stream_executor/platform/default/dso_loader.cc:49] Successfully opened dynamic library libcublasLt.so.11
2021-08-23 15:11:22.361019: I tensorflow/stream_executor/platform/default/dso_loader.cc:49] Successfully opened dynamic library libcufft.so.10
2021-08-23 15:11:22.361172: I tensorflow/stream_executor/platform/default/dso_loader.cc:49] Successfully opened dynamic library libcurand.so.10
2021-08-23 15:11:22.361321: I tensorflow/stream_executor/platform/default/dso_loader.cc:49] Successfully opened dynamic library libcusolver.so.10
2021-08-23 15:11:22.361472: I tensorflow/stream_executor/platform/default/dso_loader.cc:49] Successfully opened dynamic library libcusparse.so.11
2021-08-23 15:11:22.361635: I tensorflow/stream_executor/platform/default/dso_loader.cc:49] Successfully opened dynamic library libcudnn.so.8
2021-08-23 15:11:22.372207: I tensorflow/core/common_runtime/gpu/gpu_device.cc:1862] Adding visible gpu devices: 0
2021-08-23 15:11:22.372492: I tensorflow/stream_executor/platform/default/dso_loader.cc:49] Successfully opened dynamic library libcudart.so.11.0
2021-08-23 15:11:23.298438: I tensorflow/core/common_runtime/gpu/gpu_device.cc:1261] Device interconnect StreamExecutor with strength 1 edge matrix:
2021-08-23 15:11:23.298647: I tensorflow/core/common_runtime/gpu/gpu_device.cc:1267]      0 
2021-08-23 15:11:23.298757: I tensorflow/core/common_runtime/gpu/gpu_device.cc:1280] 0:   N 
2021-08-23 15:11:23.314099: I tensorflow/core/common_runtime/gpu/gpu_device.cc:1406] Created TensorFlow device (/job:localhost/replica:0/task:0/device:GPU:0 with 30130 MB memory) -> physical GPU (device: 0, name: Tesla V100-SXM2-32GB, pci bus id: 0000:3b:00.0, compute capability: 7.0)
2021-08-23 15:11:32.477164: I tensorflow/compiler/mlir/mlir_graph_optimization_pass.cc:116] None of the MLIR optimization passes are enabled (registered 2)
2021-08-23 15:11:32.487528: I tensorflow/core/platform/profile_utils/cpu_utils.cc:112] CPU Frequency: 2100000000 Hz
2021-08-23 15:11:32.663146: I tensorflow/stream_executor/platform/default/dso_loader.cc:49] Successfully opened dynamic library libcublas.so.11
2021-08-23 15:11:33.226419: I tensorflow/stream_executor/platform/default/dso_loader.cc:49] Successfully opened dynamic library libcublasLt.so.11
2021-08-23 15:11:33.245687: I tensorflow/stream_executor/platform/default/dso_loader.cc:49] Successfully opened dynamic library libcudnn.so.8
2021-08-23 15:11:35.710541: W tensorflow/stream_executor/gpu/asm_compiler.cc:63] Running ptxas --version returned 256
2021-08-23 15:11:35.821471: W tensorflow/stream_executor/gpu/redzone_allocator.cc:314] Internal: ptxas exited with non-zero error code 256, output: 
Relying on driver to perform ptx compilation. 
Modify $PATH to customize ptxas location.
This message will be only logged once.
LabelAttacker started.
LabelAttacker finished.
Training round: 1		accuracy = 0.49159419536590576
Training round: 2		accuracy = 0.4979710280895233
Training round: 3		accuracy = 0.5481159687042236
Training round: 4		accuracy = 0.5281159281730652
Training round: 5		accuracy = 0.5655072331428528
Training round: 6		accuracy = 0.5620290040969849
Training round: 7		accuracy = 0.5808695554733276
Training round: 8		accuracy = 0.5475362539291382
Training round: 9		accuracy = 0.4997101426124573
Training round: 10		accuracy = 0.5782608985900879
Training round: 11		accuracy = 0.5773913264274597
Training round: 12		accuracy = 0.5214492678642273
Training round: 13		accuracy = 0.5542029142379761
Training round: 14		accuracy = 0.5594202876091003
Training round: 15		accuracy = 0.5571014285087585
Training round: 16		accuracy = 0.5759420394897461
Training round: 17		accuracy = 0.5823188424110413
Training round: 18		accuracy = 0.5515941977500916
Training round: 19		accuracy = 0.5611594319343567
Training round: 20		accuracy = 0.5944927334785461
Training round: 21		accuracy = 0.6086956262588501
Training round: 22		accuracy = 0.5953623056411743
Training round: 23		accuracy = 0.5559420585632324
Training round: 24		accuracy = 0.5968115925788879
Training round: 25		accuracy = 0.5605797171592712
Training round: 26		accuracy = 0.5982608795166016
Training round: 27		accuracy = 0.5701449513435364
Training round: 28		accuracy = 0.601159393787384
Training round: 29		accuracy = 0.5736231803894043
Training round: 30		accuracy = 0.5382608771324158
Training round: 31		accuracy = 0.6020289659500122
Training round: 32		accuracy = 0.6052173972129822
Training round: 33		accuracy = 0.5837681293487549
Training round: 34		accuracy = 0.5942028760910034
Training round: 35		accuracy = 0.5869565010070801
Training round: 36		accuracy = 0.573913037776947
Training round: 37		accuracy = 0.5820289850234985
Training round: 38		accuracy = 0.5924637913703918
Training round: 39		accuracy = 0.5930435061454773
Training round: 40		accuracy = 0.588115930557251
Training round: 41		accuracy = 0.5840579867362976
Training round: 42		accuracy = 0.5736231803894043
Training round: 43		accuracy = 0.5907246470451355
Training round: 44		accuracy = 0.5872463583946228
Training round: 45		accuracy = 0.5843478441238403
Training round: 46		accuracy = 0.6110144853591919
Training round: 47		accuracy = 0.5817391276359558
Training round: 48		accuracy = 0.5898550748825073
Training round: 49		accuracy = 0.5573912858963013
Training round: 50		accuracy = 0.5747826099395752
Training round: 51		accuracy = 0.5985507369041443
Training round: 52		accuracy = 0.604347825050354
Training round: 53		accuracy = 0.5759420394897461
Training round: 54		accuracy = 0.5898550748825073
Training round: 55		accuracy = 0.6040579676628113
Training round: 56		accuracy = 0.609855055809021
Training round: 57		accuracy = 0.5921739339828491
Training round: 58		accuracy = 0.5950724482536316
Training round: 59		accuracy = 0.5965217351913452
Training round: 60		accuracy = 0.5869565010070801
Training round: 61		accuracy = 0.5820289850234985
Training round: 62		accuracy = 0.5884057879447937
Training round: 63		accuracy = 0.5782608985900879
Training round: 64		accuracy = 0.5924637913703918
Training round: 65		accuracy = 0.6002898812294006
Training round: 66		accuracy = 0.5904347896575928
Training round: 67		accuracy = 0.5892753601074219
Training round: 68		accuracy = 0.5895652174949646
Training round: 69		accuracy = 0.5875362157821655
Training round: 70		accuracy = 0.5924637913703918
Training round: 71		accuracy = 0.5918840765953064
Training round: 72		accuracy = 0.5889855027198792
Training round: 73		accuracy = 0.5947825908660889
Training round: 74		accuracy = 0.5944927334785461
Training round: 75		accuracy = 0.5863767862319946
Training round: 76		accuracy = 0.5965217351913452
Training round: 77		accuracy = 0.5976811647415161
Training round: 78		accuracy = 0.5953623056411743
Training round: 79		accuracy = 0.5976811647415161
Training round: 80		accuracy = 0.6002898812294006
Training round: 81		accuracy = 0.6020289659500122
Training round: 82		accuracy = 0.5997101664543152
Training round: 83		accuracy = 0.5976811647415161
Training round: 84		accuracy = 0.5994203090667725
Training round: 85		accuracy = 0.5939130187034607
Training round: 86		accuracy = 0.5959420204162598
Training round: 87		accuracy = 0.601159393787384
Training round: 88		accuracy = 0.5971014499664307
Training round: 89		accuracy = 0.6020289659500122
Training round: 90		accuracy = 0.6002898812294006
Training round: 91		accuracy = 0.5976811647415161
Training round: 92		accuracy = 0.5968115925788879
Training round: 93		accuracy = 0.6000000238418579
Training round: 94		accuracy = 0.6031883955001831
Training round: 95		accuracy = 0.601159393787384
Training round: 96		accuracy = 0.6008695363998413
Training round: 97		accuracy = 0.6014492511749268
Training round: 98		accuracy = 0.6000000238418579
Training round: 99		accuracy = 0.6014492511749268
Training round: 100		accuracy = 0.6014492511749268
Training duration 6060.223991394043
