2021-08-23 17:33:49.726394: I tensorflow/stream_executor/platform/default/dso_loader.cc:49] Successfully opened dynamic library libcudart.so.11.0
2021-08-23 17:34:12.600096: I tensorflow/compiler/jit/xla_cpu_device.cc:41] Not creating XLA devices, tf_xla_enable_xla_devices not set
2021-08-23 17:34:12.605350: I tensorflow/stream_executor/platform/default/dso_loader.cc:49] Successfully opened dynamic library libcuda.so.1
2021-08-23 17:34:12.656379: I tensorflow/core/common_runtime/gpu/gpu_device.cc:1720] Found device 0 with properties: 
pciBusID: 0000:03:00.0 name: Tesla P100-PCIE-12GB computeCapability: 6.0
coreClock: 1.3285GHz coreCount: 56 deviceMemorySize: 11.91GiB deviceMemoryBandwidth: 511.41GiB/s
2021-08-23 17:34:12.656890: I tensorflow/stream_executor/platform/default/dso_loader.cc:49] Successfully opened dynamic library libcudart.so.11.0
2021-08-23 17:34:12.667585: I tensorflow/stream_executor/platform/default/dso_loader.cc:49] Successfully opened dynamic library libcublas.so.11
2021-08-23 17:34:12.667748: I tensorflow/stream_executor/platform/default/dso_loader.cc:49] Successfully opened dynamic library libcublasLt.so.11
2021-08-23 17:34:12.677619: I tensorflow/stream_executor/platform/default/dso_loader.cc:49] Successfully opened dynamic library libcufft.so.10
2021-08-23 17:34:12.682151: I tensorflow/stream_executor/platform/default/dso_loader.cc:49] Successfully opened dynamic library libcurand.so.10
2021-08-23 17:34:12.690741: I tensorflow/stream_executor/platform/default/dso_loader.cc:49] Successfully opened dynamic library libcusolver.so.10
2021-08-23 17:34:12.693125: I tensorflow/stream_executor/platform/default/dso_loader.cc:49] Successfully opened dynamic library libcusparse.so.11
2021-08-23 17:34:12.694275: I tensorflow/stream_executor/platform/default/dso_loader.cc:49] Successfully opened dynamic library libcudnn.so.8
2021-08-23 17:34:12.697071: I tensorflow/core/common_runtime/gpu/gpu_device.cc:1862] Adding visible gpu devices: 0
2021-08-23 17:34:12.701138: I tensorflow/core/platform/cpu_feature_guard.cc:142] This TensorFlow binary is optimized with oneAPI Deep Neural Network Library (oneDNN) to use the following CPU instructions in performance-critical operations:  AVX2 FMA
To enable them in other operations, rebuild TensorFlow with the appropriate compiler flags.
2021-08-23 17:34:12.701494: I tensorflow/compiler/jit/xla_gpu_device.cc:99] Not creating XLA devices, tf_xla_enable_xla_devices not set
2021-08-23 17:34:12.703365: I tensorflow/core/common_runtime/gpu/gpu_device.cc:1720] Found device 0 with properties: 
pciBusID: 0000:03:00.0 name: Tesla P100-PCIE-12GB computeCapability: 6.0
coreClock: 1.3285GHz coreCount: 56 deviceMemorySize: 11.91GiB deviceMemoryBandwidth: 511.41GiB/s
2021-08-23 17:34:12.703545: I tensorflow/stream_executor/platform/default/dso_loader.cc:49] Successfully opened dynamic library libcudart.so.11.0
2021-08-23 17:34:12.703693: I tensorflow/stream_executor/platform/default/dso_loader.cc:49] Successfully opened dynamic library libcublas.so.11
2021-08-23 17:34:12.703829: I tensorflow/stream_executor/platform/default/dso_loader.cc:49] Successfully opened dynamic library libcublasLt.so.11
2021-08-23 17:34:12.703954: I tensorflow/stream_executor/platform/default/dso_loader.cc:49] Successfully opened dynamic library libcufft.so.10
2021-08-23 17:34:12.704076: I tensorflow/stream_executor/platform/default/dso_loader.cc:49] Successfully opened dynamic library libcurand.so.10
2021-08-23 17:34:12.704220: I tensorflow/stream_executor/platform/default/dso_loader.cc:49] Successfully opened dynamic library libcusolver.so.10
2021-08-23 17:34:12.704338: I tensorflow/stream_executor/platform/default/dso_loader.cc:49] Successfully opened dynamic library libcusparse.so.11
2021-08-23 17:34:12.704455: I tensorflow/stream_executor/platform/default/dso_loader.cc:49] Successfully opened dynamic library libcudnn.so.8
2021-08-23 17:34:12.708241: I tensorflow/core/common_runtime/gpu/gpu_device.cc:1862] Adding visible gpu devices: 0
2021-08-23 17:34:12.708417: I tensorflow/stream_executor/platform/default/dso_loader.cc:49] Successfully opened dynamic library libcudart.so.11.0
2021-08-23 17:34:14.017224: I tensorflow/core/common_runtime/gpu/gpu_device.cc:1261] Device interconnect StreamExecutor with strength 1 edge matrix:
2021-08-23 17:34:14.017437: I tensorflow/core/common_runtime/gpu/gpu_device.cc:1267]      0 
2021-08-23 17:34:14.017556: I tensorflow/core/common_runtime/gpu/gpu_device.cc:1280] 0:   N 
2021-08-23 17:34:14.024199: I tensorflow/core/common_runtime/gpu/gpu_device.cc:1406] Created TensorFlow device (/job:localhost/replica:0/task:0/device:GPU:0 with 11119 MB memory) -> physical GPU (device: 0, name: Tesla P100-PCIE-12GB, pci bus id: 0000:03:00.0, compute capability: 6.0)
2021-08-23 17:34:28.621294: I tensorflow/compiler/mlir/mlir_graph_optimization_pass.cc:116] None of the MLIR optimization passes are enabled (registered 2)
2021-08-23 17:34:28.625275: I tensorflow/core/platform/profile_utils/cpu_utils.cc:112] CPU Frequency: 2200035000 Hz
2021-08-23 17:34:28.706199: I tensorflow/stream_executor/platform/default/dso_loader.cc:49] Successfully opened dynamic library libcublas.so.11
2021-08-23 17:34:29.089081: I tensorflow/stream_executor/platform/default/dso_loader.cc:49] Successfully opened dynamic library libcublasLt.so.11
2021-08-23 17:34:29.097594: I tensorflow/stream_executor/platform/default/dso_loader.cc:49] Successfully opened dynamic library libcudnn.so.8
2021-08-23 17:34:30.950235: W tensorflow/stream_executor/gpu/asm_compiler.cc:63] Running ptxas --version returned 256
2021-08-23 17:34:31.221436: W tensorflow/stream_executor/gpu/redzone_allocator.cc:314] Internal: ptxas exited with non-zero error code 256, output: 
Relying on driver to perform ptx compilation. 
Modify $PATH to customize ptxas location.
This message will be only logged once.
Training round: 1		accuracy = 0.34637680649757385
Training round: 2		accuracy = 0.6550724506378174
Training round: 3		accuracy = 0.6550724506378174
Training round: 4		accuracy = 0.6550724506378174
Training round: 5		accuracy = 0.6550724506378174
Training round: 6		accuracy = 0.6550724506378174
Training round: 7		accuracy = 0.6544927358627319
Training round: 8		accuracy = 0.6550724506378174
Training round: 9		accuracy = 0.6542028784751892
Training round: 10		accuracy = 0.6521739363670349
Training round: 11		accuracy = 0.6452174186706543
Training round: 12		accuracy = 0.6495652198791504
Training round: 13		accuracy = 0.6600000262260437
Training round: 14		accuracy = 0.6768115758895874
Training round: 15		accuracy = 0.5144927501678467
Training round: 16		accuracy = 0.6756521463394165
Training round: 17		accuracy = 0.6197101473808289
Training round: 18		accuracy = 0.5869565010070801
Training round: 19		accuracy = 0.5892753601074219
Training round: 20		accuracy = 0.5968115925788879
Training round: 21		accuracy = 0.6147826313972473
Training round: 22		accuracy = 0.6072463989257812
Training round: 23		accuracy = 0.5982608795166016
Training round: 24		accuracy = 0.582608699798584
Training round: 25		accuracy = 0.577101469039917
Training round: 26		accuracy = 0.5721738934516907
Training round: 27		accuracy = 0.5846377015113831
Training round: 28		accuracy = 0.5820289850234985
Training round: 29		accuracy = 0.5773913264274597
Training round: 30		accuracy = 0.6052173972129822
Training round: 31		accuracy = 0.5982608795166016
Training round: 32		accuracy = 0.5750724673271179
Training round: 33		accuracy = 0.6573913097381592
Training round: 34		accuracy = 0.6759420037269592
Training round: 35		accuracy = 0.5886956453323364
Training round: 36		accuracy = 0.6136232018470764
Training round: 37		accuracy = 0.61507248878479
Training round: 38		accuracy = 0.6159420013427734
Training round: 39		accuracy = 0.6136232018470764
Training round: 40		accuracy = 0.6046376824378967
Training round: 41		accuracy = 0.6681159138679504
Training round: 42		accuracy = 0.6953623294830322
Training round: 43		accuracy = 0.6736232042312622
Training round: 44		accuracy = 0.6779710054397583
Training round: 45		accuracy = 0.6927536129951477
Training round: 46		accuracy = 0.7005797028541565
Training round: 47		accuracy = 0.6927536129951477
Training round: 48		accuracy = 0.6681159138679504
Training round: 49		accuracy = 0.6936231851577759
Training round: 50		accuracy = 0.7028985619544983
Training round: 51		accuracy = 0.7069565057754517
Training round: 52		accuracy = 0.6971014738082886
Training round: 53		accuracy = 0.681449294090271
Training round: 54		accuracy = 0.6521739363670349
Training round: 55		accuracy = 0.6704347729682922
Training round: 56		accuracy = 0.7084057927131653
Training round: 57		accuracy = 0.6704347729682922
Training round: 58		accuracy = 0.6831883788108826
Training round: 59		accuracy = 0.7075362205505371
Training round: 60		accuracy = 0.7040579915046692
Training round: 61		accuracy = 0.6939130425453186
Training round: 62		accuracy = 0.6889855265617371
Training round: 63		accuracy = 0.6234782338142395
Training round: 64		accuracy = 0.5924637913703918
Training round: 65		accuracy = 0.6982608437538147
Training round: 66		accuracy = 0.7052174210548401
Training round: 67		accuracy = 0.6933333277702332
Training round: 68		accuracy = 0.7014492750167847
Training round: 69		accuracy = 0.7049275636672974
Training round: 70		accuracy = 0.7005797028541565
Training round: 71		accuracy = 0.6826087236404419
Training round: 72		accuracy = 0.7026087045669556
Training round: 73		accuracy = 0.6918840408325195
Training round: 74		accuracy = 0.7046377062797546
Training round: 75		accuracy = 0.7005797028541565
Training round: 76		accuracy = 0.6953623294830322
Training round: 77		accuracy = 0.697681188583374
Training round: 78		accuracy = 0.6985507011413574
Training round: 79		accuracy = 0.697970986366272
Training round: 80		accuracy = 0.6982608437538147
Training round: 81		accuracy = 0.6988405585289001
Training round: 82		accuracy = 0.7040579915046692
Training round: 83		accuracy = 0.6997101306915283
Training round: 84		accuracy = 0.7049275636672974
Training round: 85		accuracy = 0.6982608437538147
Training round: 86		accuracy = 0.705507218837738
Training round: 87		accuracy = 0.6939130425453186
Training round: 88		accuracy = 0.640289843082428
Training round: 89		accuracy = 0.662028968334198
Training round: 90		accuracy = 0.672753632068634
Training round: 91		accuracy = 0.6910144686698914
Training round: 92		accuracy = 0.6962319016456604
Training round: 93		accuracy = 0.6878260970115662
Training round: 94		accuracy = 0.6878260970115662
Training round: 95		accuracy = 0.692463755607605
Training round: 96		accuracy = 0.6895652413368225
Training round: 97		accuracy = 0.6985507011413574
Training round: 98		accuracy = 0.6852173805236816
Training round: 99		accuracy = 0.697681188583374
Training round: 100		accuracy = 0.6846376657485962
Training duration 6252.4831829071045
